xacro: in-order processing became default in ROS Melodic. You can drop the option.
... logging to /home/eethanhe/.ros/log/40e01ccc-3023-11f1-a0c4-b3a95fcbe21c/roslaunch-eethanhe-Lenovo-Legion-R9000P2021H-46240.log
Checking log directory for disk usage. This may take a while.
Press Ctrl-C to interrupt
Done checking log file disk usage. Usage is <1GB.
]2;/home/eethanhe/catkin_ws/src/robot-multi-floor-navigation/multi_floor_nav/launch/nav.launch
[1mstarted roslaunch server http://eethanhe-Lenovo-Legion-R9000P2021H:46049/[0m

SUMMARY
========

PARAMETERS
 * /amcl/auto_update_noise: 0.0
 * /amcl/base_frame_id: base_link
 * /amcl/expected_laser_freq: 5.0
 * /amcl/first_map_only: False
 * /amcl/global_frame_id: map
 * /amcl/gui_publish_rate: 10.0
 * /amcl/initial_pose_a: 0.0
 * /amcl/initial_pose_x: 0.0
 * /amcl/initial_pose_y: 0.0
 * /amcl/kld_err: 0.05
 * /amcl/kld_z: 0.99
 * /amcl/laser_lambda_short: 0.1
 * /amcl/laser_likelihood_max_dist: 2.0
 * /amcl/laser_max_beams: 720
 * /amcl/laser_max_range: 30.0
 * /amcl/laser_min_range: 0.1
 * /amcl/laser_model_type: likelihood_field
 * /amcl/laser_sigma_hit: 0.2
 * /amcl/laser_z_hit: 0.5
 * /amcl/laser_z_max: 0.05
 * /amcl/laser_z_rand: 0.5
 * /amcl/laser_z_short: 0.05
 * /amcl/max_particles: 2000
 * /amcl/min_particles: 500
 * /amcl/odom_alpha1: 0.2
 * /amcl/odom_alpha2: 0.2
 * /amcl/odom_alpha3: 0.2
 * /amcl/odom_alpha4: 0.2
 * /amcl/odom_alpha5: 0.1
 * /amcl/odom_frame_id: odom
 * /amcl/odom_model_type: diff
 * /amcl/odom_update_interval: 0.1
 * /amcl/recovery_alpha_fast: 0.1
 * /amcl/recovery_alpha_slow: 0.001
 * /amcl/resample_interval: 1
 * /amcl/transform_tolerance: 1.0
 * /amcl/update_min_a: 0.3927
 * /amcl/update_min_d: 0.1
 * /amcl/use_map_topic: False
 * /ekf_localization/base_link_frame: base_link
 * /ekf_localization/frequency: 50
 * /ekf_localization/imu0: /imu/data
 * /ekf_localization/imu0_config: [False, False, Fa...
 * /ekf_localization/imu0_differential: False
 * /ekf_localization/odom0: /jackal_velocity_...
 * /ekf_localization/odom0_config: [False, False, Fa...
 * /ekf_localization/odom0_differential: False
 * /ekf_localization/odom_frame: odom
 * /ekf_localization/predict_to_current_time: True
 * /ekf_localization/world_frame: odom
 * /gazebo/enable_ros_network: True
 * /jackal_joint_publisher/publish_rate: 50
 * /jackal_joint_publisher/type: joint_state_contr...
 * /jackal_velocity_controller/angular/z/has_acceleration_limits: True
 * /jackal_velocity_controller/angular/z/has_velocity_limits: True
 * /jackal_velocity_controller/angular/z/max_acceleration: 25.0
 * /jackal_velocity_controller/angular/z/max_velocity: 4.0
 * /jackal_velocity_controller/cmd_vel_timeout: 0.25
 * /jackal_velocity_controller/enable_odom_tf: False
 * /jackal_velocity_controller/k_l: 0.1
 * /jackal_velocity_controller/k_r: 0.1
 * /jackal_velocity_controller/left_wheel: ['front_left_whee...
 * /jackal_velocity_controller/linear/x/has_acceleration_limits: True
 * /jackal_velocity_controller/linear/x/has_velocity_limits: True
 * /jackal_velocity_controller/linear/x/max_acceleration: 20.0
 * /jackal_velocity_controller/linear/x/max_velocity: 2.0
 * /jackal_velocity_controller/pose_covariance_diagonal: [0.001, 0.001, 10...
 * /jackal_velocity_controller/publish_cmd: True
 * /jackal_velocity_controller/publish_rate: 50
 * /jackal_velocity_controller/right_wheel: ['front_right_whe...
 * /jackal_velocity_controller/twist_covariance_diagonal: [0.001, 0.001, 0....
 * /jackal_velocity_controller/type: diff_drive_contro...
 * /jackal_velocity_controller/wheel_radius_multiplier: 1.0
 * /jackal_velocity_controller/wheel_separation_multiplier: 1.5
 * /move_base/NavfnROS/allow_unknown: True
 * /move_base/TrajectoryPlannerROS/acc_lim_theta: 20.0
 * /move_base/TrajectoryPlannerROS/acc_lim_x: 10.0
 * /move_base/TrajectoryPlannerROS/angular_sim_granularity: 0.02
 * /move_base/TrajectoryPlannerROS/controller_frequency: 20.0
 * /move_base/TrajectoryPlannerROS/dwa: True
 * /move_base/TrajectoryPlannerROS/escape_reset_dist: 0.1
 * /move_base/TrajectoryPlannerROS/escape_reset_theta: 0.1
 * /move_base/TrajectoryPlannerROS/escape_vel: -0.5
 * /move_base/TrajectoryPlannerROS/gdist_scale: 1.0
 * /move_base/TrajectoryPlannerROS/heading_lookahead: 0.325
 * /move_base/TrajectoryPlannerROS/heading_scoring: False
 * /move_base/TrajectoryPlannerROS/heading_scoring_timestep: 0.8
 * /move_base/TrajectoryPlannerROS/holonomic_robot: False
 * /move_base/TrajectoryPlannerROS/latch_xy_goal_tolerance: False
 * /move_base/TrajectoryPlannerROS/max_vel_theta: 1.57
 * /move_base/TrajectoryPlannerROS/max_vel_x: 0.5
 * /move_base/TrajectoryPlannerROS/meter_scoring: True
 * /move_base/TrajectoryPlannerROS/min_in_place_vel_theta: 0.314
 * /move_base/TrajectoryPlannerROS/min_vel_theta: -1.57
 * /move_base/TrajectoryPlannerROS/min_vel_x: 0.1
 * /move_base/TrajectoryPlannerROS/occdist_scale: 0.1
 * /move_base/TrajectoryPlannerROS/oscillation_reset_dist: 0.05
 * /move_base/TrajectoryPlannerROS/pdist_scale: 0.75
 * /move_base/TrajectoryPlannerROS/publish_cost_grid_pc: True
 * /move_base/TrajectoryPlannerROS/sim_granularity: 0.02
 * /move_base/TrajectoryPlannerROS/sim_time: 2.0
 * /move_base/TrajectoryPlannerROS/simple_attractor: False
 * /move_base/TrajectoryPlannerROS/vtheta_samples: 20
 * /move_base/TrajectoryPlannerROS/vx_samples: 6
 * /move_base/TrajectoryPlannerROS/xy_goal_tolerance: 0.25
 * /move_base/TrajectoryPlannerROS/yaw_goal_tolerance: 0.157
 * /move_base/base_global_planner: navfn/NavfnROS
 * /move_base/base_local_planner: base_local_planne...
 * /move_base/clearing_rotation_allowed: True
 * /move_base/controller_frequency: 20.0
 * /move_base/controller_patience: 15.0
 * /move_base/global_costmap/footprint: [[-0.21, -0.165],...
 * /move_base/global_costmap/footprint_padding: 0.1
 * /move_base/global_costmap/global_frame: map
 * /move_base/global_costmap/height: 40.0
 * /move_base/global_costmap/inflater_layer/inflation_radius: 0.3
 * /move_base/global_costmap/map_type: costmap
 * /move_base/global_costmap/meter_scoring: True
 * /move_base/global_costmap/obstacle_range: 2.5
 * /move_base/global_costmap/obstacles_layer/observation_sources: scan
 * /move_base/global_costmap/obstacles_layer/scan/clearing: True
 * /move_base/global_costmap/obstacles_layer/scan/data_type: LaserScan
 * /move_base/global_costmap/obstacles_layer/scan/marking: True
 * /move_base/global_costmap/obstacles_layer/scan/max_obstacle_height: 2.0
 * /move_base/global_costmap/obstacles_layer/scan/min_obstacle_height: -2.0
 * /move_base/global_costmap/obstacles_layer/scan/obstacle_range: 2.5
 * /move_base/global_costmap/obstacles_layer/scan/raytrace_range: 3.0
 * /move_base/global_costmap/obstacles_layer/scan/sensor_frame: front_laser
 * /move_base/global_costmap/obstacles_layer/scan/topic: front/scan
 * /move_base/global_costmap/origin_x: -20.0
 * /move_base/global_costmap/origin_y: -20.0
 * /move_base/global_costmap/origin_z: 0.0
 * /move_base/global_costmap/plugins: [{'name': 'static...
 * /move_base/global_costmap/publish_frequency: 5.0
 * /move_base/global_costmap/publish_voxel_map: False
 * /move_base/global_costmap/raytrace_range: 3.0
 * /move_base/global_costmap/resolution: 0.05
 * /move_base/global_costmap/robot_base_frame: base_link
 * /move_base/global_costmap/rolling_window: False
 * /move_base/global_costmap/static_map: True
 * /move_base/global_costmap/transform_tolerance: 0.5
 * /move_base/global_costmap/update_frequency: 20.0
 * /move_base/global_costmap/width: 40.0
 * /move_base/global_costmap/z_resolution: 1
 * /move_base/global_costmap/z_voxels: 2
 * /move_base/local_costmap/footprint: [[-0.21, -0.165],...
 * /move_base/local_costmap/footprint_padding: 0.1
 * /move_base/local_costmap/global_frame: map
 * /move_base/local_costmap/height: 10.0
 * /move_base/local_costmap/inflater_layer/inflation_radius: 0.3
 * /move_base/local_costmap/map_type: costmap
 * /move_base/local_costmap/meter_scoring: True
 * /move_base/local_costmap/obstacle_range: 2.5
 * /move_base/local_costmap/obstacles_layer/observation_sources: scan
 * /move_base/local_costmap/obstacles_layer/scan/clearing: True
 * /move_base/local_costmap/obstacles_layer/scan/data_type: LaserScan
 * /move_base/local_costmap/obstacles_layer/scan/marking: True
 * /move_base/local_costmap/obstacles_layer/scan/max_obstacle_height: 2.0
 * /move_base/local_costmap/obstacles_layer/scan/min_obstacle_height: -2.0
 * /move_base/local_costmap/obstacles_layer/scan/obstacle_range: 2.5
 * /move_base/local_costmap/obstacles_layer/scan/raytrace_range: 3.0
 * /move_base/local_costmap/obstacles_layer/scan/sensor_frame: front_laser
 * /move_base/local_costmap/obstacles_layer/scan/topic: front/scan
 * /move_base/local_costmap/origin_z: 0.0
 * /move_base/local_costmap/plugins: [{'name': 'obstac...
 * /move_base/local_costmap/publish_frequency: 5.0
 * /move_base/local_costmap/publish_voxel_map: False
 * /move_base/local_costmap/raytrace_range: 3.0
 * /move_base/local_costmap/resolution: 0.05
 * /move_base/local_costmap/robot_base_frame: base_link
 * /move_base/local_costmap/rolling_window: True
 * /move_base/local_costmap/static_map: False
 * /move_base/local_costmap/transform_tolerance: 0.5
 * /move_base/local_costmap/update_frequency: 20.0
 * /move_base/local_costmap/width: 10.0
 * /move_base/local_costmap/z_resolution: 1
 * /move_base/local_costmap/z_voxels: 2
 * /move_base/oscillation_distance: 0.5
 * /move_base/oscillation_timeout: 0.0
 * /move_base/planner_frequency: 20.0
 * /move_base/planner_patience: 5.0
 * /move_base/recovery_behavior_enabled: True
 * /move_base/shutdown_costmaps: False
 * /multi_floor_navigation_node/init_pose_offset_theta: 0.18
 * /multi_floor_navigation_node/init_pose_offset_x: 0.3
 * /multi_floor_navigation_node/init_pose_offset_y: 0.3
 * /multi_floor_navigation_node/region_init_sigma_x: 0
 * /multi_floor_navigation_node/region_init_sigma_y: 0
 * /multi_floor_navigation_node/region_init_sigma_yaw: 0
 * /multi_floor_navigation_node/reloc_check_timeout_L0: 25.0
 * /multi_floor_navigation_node/reloc_check_timeout_L1: 45.0
 * /multi_floor_navigation_node/reloc_check_timeout_sec: 45.0
 * /multi_floor_navigation_node/reloc_confidence_K: 3
 * /multi_floor_navigation_node/reloc_confidence_lambda: 20.0
 * /multi_floor_navigation_node/reloc_confidence_tau: 0.85
 * /multi_floor_navigation_node/reloc_min_check_delay_sec: 6.0
 * /multi_floor_navigation_node/use_covariance_reloc: True
 * /robot_description: <?xml version="1....
 * /rosdistro: noetic
 * /rosversion: 1.17.0
 * /twist_marker_server/link_name: base_link
 * /twist_mux/locks: [{'name': 'e_stop...
 * /twist_mux/topics: [{'name': 'joy', ...
 * /use_gui: True
 * /use_sim_time: True

NODES
  /
    amcl (amcl/amcl)
    change_map_node (multi_floor_nav/change_map_node)
    controller_spawner (controller_manager/spawner)
    ekf_localization (robot_localization/ekf_localization_node)
    gazebo (gazebo_ros/gzserver)
    map_server0 (map_server/map_server)
    map_server1 (map_server/map_server)
    move_base (move_base/move_base)
    multi_floor_navigation_node (multi_floor_nav/multi_floor_navigation_node)
    robot_state_publisher (robot_state_publisher/robot_state_publisher)
    rviz (rviz/rviz)
    twist_marker_server (interactive_marker_twist_server/marker_server)
    twist_mux (twist_mux/twist_mux)
    urdf_spawner (gazebo_ros/spawn_model)
[ INFO] [1775306340.872195276]: Finished loading Gazebo ROS API Plugin.
[ INFO] [1775306340.873321708]: waitForService: Service [/gazebo/set_physics_properties] has not been advertised, waiting...
[1;33mWarning [Model.cc:216][0m Non-unique name[door] detected 2 times in XML children of model with name[elevator].
[1;33mWarning [Model.cc:309][0m Joint with name [door] in model with name [elevator] has a name collision, changing joint name to [door_joint].
[ERROR] [1775306342.428804, 0.000000]: Spawn service failed. Exiting.
[ INFO] [1775306342.306970704]: waitForService: Service [/gazebo/set_physics_properties] is now available.
[ INFO] [1775306342.433291832, 1054.799000000]: Physics dynamic reconfigure ready.
[1;33mWarning [parser_urdf.cc:1161][0m multiple inconsistent <gravity> exists due to fixed joint reduction overwriting previous value [true] with [false].
[1;33mWarning [parser_urdf.cc:1161][0m multiple inconsistent <gravity> exists due to fixed joint reduction overwriting previous value [false] with [true].
[ERROR] [1775306342.878902252, 1054.799000000]: No p gain specified for pid.  Namespace: /gazebo_ros_control/pid_gains/front_left_wheel
[ERROR] [1775306342.879363078, 1054.799000000]: No p gain specified for pid.  Namespace: /gazebo_ros_control/pid_gains/front_right_wheel
[ERROR] [1775306342.879812030, 1054.799000000]: No p gain specified for pid.  Namespace: /gazebo_ros_control/pid_gains/rear_left_wheel
[ERROR] [1775306342.880234024, 1054.799000000]: No p gain specified for pid.  Namespace: /gazebo_ros_control/pid_gains/rear_right_wheel
[ WARN] [1775306342.922231971, 1054.800000000]: Failed to meet update rate! Took 1054.7999999999999545
[ WARN] [1775306342.922954081, 1054.801000000]: Timed out waiting for transform from base_link to map to become available before running costmap, tf error: canTransform: target_frame map does not exist. canTransform: source_frame base_link does not exist.. canTransform returned after 1054.8 timeout was 0.1.
[ WARN] [1775306342.923278852, 1054.801000000]: Failed to meet update rate! Took 1054.7809999999999491
[ WARN] [1775306343.224452263, 1055.095000000]: Interactive marker 'robot_twist_marker' contains unnormalized quaternions. This warning will only be output once but may be true for others; enable DEBUG messages for ros.rviz.quaternions to see more details.
[ WARN] [1775306343.624122498, 1055.490000000]: No laser scan received (and thus no pose updates have been published) for 1055.490000 seconds.  Verify that data is being published on the /front/scan topic.
[ WARN] [1775306343.624189198, 1055.490000000]: No laser scan received (and thus no pose updates have been published) for 1055.490000 seconds.  Verify that data is being published on the /front/scan topic.
[ WARN] [1775306344.241468089, 1056.102000000]: global_costmap: Pre-Hydro parameter "static_map" unused since "plugins" is provided
[ WARN] [1775306344.241753469, 1056.102000000]: global_costmap: Pre-Hydro parameter "map_type" unused since "plugins" is provided
[ WARN] [1775306375.618255211, 1087.204000000]: [Multi Floor Nav] Initial pose perturbation applied: offset_x=0.30, offset_y=0.30, offset_theta=0.18
[ WARN] [1775306375.662655054, 1087.249000000]: local_costmap: Pre-Hydro parameter "static_map" unused since "plugins" is provided
[ WARN] [1775306375.662861162, 1087.249000000]: local_costmap: Pre-Hydro parameter "map_type" unused since "plugins" is provided
[ WARN] [1775306375.706630321, 1087.293000000]: Parameter pdist_scale is deprecated. Please use the name path_distance_bias instead.
[ WARN] [1775306375.707300327, 1087.293000000]: Parameter gdist_scale is deprecated. Please use the name goal_distance_bias instead.
[ WARN] [1775306376.650403376, 1088.222000000]: The origin for the sensor at (0.20, 0.18) is out of map bounds. So, the costmap cannot raytrace for it.
[ INFO] [1775306340.519451608]: [Multi Floor Nav] Module C: covariance reloc criterion enabled (lambda=20.00, tau=0.85, K=3, post_monitor=2.0s, min_delay=6.0s)
[ INFO] [1775306340.589438760]: [Multi Floor Nav] Module A sigma: L0=(0.000,0.000,0.000) L1=(0.000,0.000,0.000)
[ INFO] [1775306340.589480107]: [Multi Floor Nav] Module A delay: L0=6.0s  L1=6.0s  backoff: factor=1.30 max=2.00
[ INFO] [1775306340.589492399]: [Multi Floor Nav] Module C timeout: L0=25.0s  L1=45.0s
[ INFO] [1775306375.462602402, 1087.051000000]: [Multi Floor Nav] Successfully loaded map for level: 0
[ INFO] [1775306375.618389589, 1087.204000000]: [Multi Floor Nav] Initializing Robot at x: 5.3, y: -0.2, yaw: 0.2 (level=0, sigma: x=0.000, y=0.000, yaw=0.000, retry=0)
[ INFO] [1775306375.618463064, 1087.204000000]: [Multi Floor Nav] Initializing Pose to x: 5.00, y: -0.50 at level: 0
[ INFO] [1775306376.633964440, 1088.206000000]: [Multi Floor Nav] Waiting for AMCL nomotion updates (1.0/6.0s, L0)...
[ INFO] [1775306377.652708349, 1089.208000000]: [Multi Floor Nav] Waiting for AMCL nomotion updates (2.0/6.0s, L0)...
[ INFO] [1775306378.861449912, 1090.408000000]: [Multi Floor Nav] Waiting for AMCL nomotion updates (3.2/6.0s, L0)...
[ INFO] [1775306380.076604677, 1091.607000000]: [Multi Floor Nav] Waiting for AMCL nomotion updates (4.4/6.0s, L0)...
[ INFO] [1775306381.090596209, 1092.608000000]: [Multi Floor Nav] Waiting for AMCL nomotion updates (5.4/6.0s, L0)...
[ INFO] [1775306381.698446249, 1093.207000000]: [Multi Floor Nav] Current Robot Pose, x: 5.30, y: -0.20, yaw: 0.15
[ INFO] [1775306381.698492485, 1093.207000000]: [Multi Floor Nav] Linear Error: 0.42, Angular Error: 0.15
[ INFO] [1775306381.698557299, 1093.207000000]: [Multi Floor Nav] Module C: tr(??)=0.0000, C_t=1.0000 (tau=0.85), frame_ok=1
[ INFO] [1775306381.901940416, 1093.407000000]: [Multi Floor Nav] Current Robot Pose, x: 5.30, y: -0.20, yaw: 0.15
[ INFO] [1775306381.901990004, 1093.407000000]: [Multi Floor Nav] Linear Error: 0.42, Angular Error: 0.15
[ INFO] [1775306381.902019618, 1093.407000000]: [Multi Floor Nav] Module C: tr(??)=0.0000, C_t=1.0000 (tau=0.85), frame_ok=1
[ INFO] [1775306382.103653090, 1093.606000000]: [Multi Floor Nav] Current Robot Pose, x: 5.30, y: -0.20, yaw: 0.15
[ INFO] [1775306382.103684100, 1093.606000000]: [Multi Floor Nav] Linear Error: 0.42, Angular Error: 0.15
[ INFO] [1775306382.103703587, 1093.606000000]: [Multi Floor Nav] Module C: tr(??)=0.0000, C_t=1.0000 (tau=0.85), frame_ok=1
[ INFO] [1775306382.103722724, 1093.606000000]: [Multi Floor Nav] Module C: reloc passed (consecutive 3 >= K=3)
[ INFO] [1775306382.103736972, 1093.606000000]: [Multi Floor Nav] Robot at correct pose
[ INFO] [1775306382.105389812, 1093.608000000]: [Multi Floor Nav] RELOC_PASS: linear_error=0.4248, angular_error=0.1477, linear_error_init=0.0007, angular_error_init=0.0323, tr_sigma=0.0000, C_t=1.0000
[ INFO] [1775306383.120554762, 1094.608000000]: [Multi Floor Nav] POST_PASS: dt=1.000s, linear_error=0.4248, angular_error=0.1466
[ INFO] [1775306383.120620344, 1094.608000000]: [Multi Floor Nav] Will send goal to x: 3, y: -0, at level: 0
[ INFO] [1775306383.120682295, 1094.608000000]: [Multi Floor Nav] Sending Robot to x: 3.0, y: -0.5, yaw: 3.1
[ INFO] [1775306383.322456499, 1094.808000000]: [Multi Floor Nav] POST_PASS: dt=1.200s, linear_error=0.4248, angular_error=0.1466
[ INFO] [1775306383.525293437, 1095.008000000]: [Multi Floor Nav] POST_PASS: dt=1.400s, linear_error=0.4248, angular_error=0.1466
[ INFO] [1775306383.726931237, 1095.208000000]: [Multi Floor Nav] POST_PASS: dt=1.600s, linear_error=0.4576, angular_error=0.2526
[ INFO] [1775306383.929572544, 1095.408000000]: [Multi Floor Nav] POST_PASS: dt=1.800s, linear_error=0.4781, angular_error=0.6615
[ INFO] [1775306384.131146855, 1095.608000000]: [Multi Floor Nav] POST_PASS: dt=2.000s, linear_error=0.4866, angular_error=1.0621
[ INFO] [1775306404.337730995, 1115.608000000]: [Multi Floor Nav] Requesting Lift to Level 0
[ INFO] [1775306404.540910685, 1115.809000000]: [Multi Floor Nav] Entering Lift at Level 0
[ INFO] [1775306421.86[ WARN] [1775306441.599588166, 1152.610000000]: [Multi Floor Nav] Initial pose perturbation applied: offset_x=0.30, offset_y=0.30, offset_theta=0.18
0376706, 1133.008000000]: [Multi Floor Nav] Requesting Lift to Level 1
[ INFO] [1775306428.887357179, 1140.008000000]: [Multi Floor Nav] Exiting Lift at Level 1
[ INFO] [1775306441.437813761, 1152.451000000]: [Multi Floor Nav] Successfully loaded map for level: 1
[ INFO] [1775306441.599625323, 1152.610000000]: [Multi Floor Nav] Initializing Robot at x: 3.3, y: -0.2, yaw: 3.3 (level=1, sigma: x=0.000, y=0.000, yaw=0.000, retry=0)
[ INFO] [1775306441.599675820, 1152.610000000]: [Multi Floor Nav] Initializing Pose to x: 3.00, y: -0.50 at level: 1
[ INFO] [1775306442.615974426, 1153.613000000]: [Multi Floor Nav] Waiting for AMCL nomotion updates (1.0/6.0s, L1)...
[ INFO] [1775306443.632411942, 1154.613000000]: [Multi Floor Nav] Waiting for AMCL nomotion updates (2.0/6.0s, L1)...
[ INFO] [1775306444.647293064, 1155.613000000]: [Multi Floor Nav] Waiting for AMCL nomotion updates (3.0/6.0s, L1)...
[ INFO] [1775306445.661020926, 1156.613000000]: [Multi Floor Nav] Waiting for AMCL nomotion updates (4.0/6.0s, L1)...
[ INFO] [1775306446.672830675, 1157.613000000]: [Multi Floor Nav] Waiting for AMCL nomotion updates (5.0/6.0s, L1)...
[ INFO] [1775306447.687812486, 1158.614000000]: [Multi Floor Nav] Current Robot Pose, x: 3.30, y: -0.20, yaw: -3.00
[ INFO] [1775306447.687864239, 1158.614000000]: [Multi Floor Nav] Linear Error: 0.42, Angular Error: 0.15
[ INFO] [1775306447.687908101, 1158.614000000]: [Multi Floor Nav] Module C: tr(??)=0.0000, C_t=1.0000 (tau=0.85), frame_ok=1
[ INFO] [1775306447.888697683, 1158.813000000]: [Multi Floor Nav] Current Robot Pose, x: 3.30, y: -0.20, yaw: -3.00
[ INFO] [1775306447.888742871, 1158.813000000]: [Multi Floor Nav] Linear Error: 0.42, Angular Error: 0.14
[ INFO] [1775306447.888772415, 1158.813000000]: [Multi Floor Nav] Module C: tr(??)=0.0000, C_t=1.0000 (tau=0.85), frame_ok=1
[ INFO] [1775306448.092563717, 1159.014000000]: [Multi Floor Nav] Current Robot Pose, x: 3.30, y: -0.20, yaw: -3.00
[ INFO] [1775306448.092616588, 1159.014000000]: [Multi Floor Nav] Linear Error: 0.42, Angular Error: 0.14
[ INFO] [1775306448.092646691, 1159.014000000]: [Multi Floor Nav] Module C: tr(??)=0.0000, C_t=1.0000 (tau=0.85), frame_ok=1
[ INFO] [1775306448.092672952, 1159.014000000]: [Multi Floor Nav] Module C: reloc passed (consecutive 3 >= K=3)
[ INFO] [1775306448.092694463, 1159.014000000]: [Multi Floor Nav] Robot at correct pose
[ INFO] [1775306448.096513839, 1159.017000000]: [Multi Floor Nav] RELOC_PASS: linear_error=0.4238, angular_error=0.1438, linear_error_init=0.0005, angular_error_init=0.0362, tr_sigma=0.0000, C_t=1.0000
[ INFO] [1775306449.110779046, 1160.017000000]: [Multi Floor Nav] POST_PASS: dt=1.000s, linear_error=0.4238, angular_error=0.1432
[ INFO] [1775306449.110828775, 1160.017000000]: [Multi Floor Nav] Will send goal to x: 4, y: 5, at level: 1
[ INFO] [1775306449.110861182, 1160.017000000]: [Multi Floor Nav] Sending Robot to x: 4.0, y: 5.0, yaw: 0.0
[ INFO] [1775306449.313708481, 1160.217000000]: [Multi Floor Nav] POST_PASS: dt=1.200s, linear_error=0.4238, angular_error=0.1432
[ INFO] [1775306449.516592377, 1160.418000000]: [Multi Floor Nav] POST_PASS: dt=1.400s, linear_error=0.4238, angular_error=0.1432
[ INFO] [1775306449.717905780, 1160.617000000]: [Multi Floor Nav] POST_PASS: dt=1.600s, linear_error=0.3393, angular_error=0.0630
[ INFO] [1775306449.919425848, 1160.817000000]: [Multi Floor Nav] POST_PASS: dt=1.800s, linear_error=0.3222, angular_error=0.3215
[ INFO] [1775306450.121093494, 1161.017000000]: [Multi Floor Nav] POST_PASS: dt=2.000s, linear_error=0.3710, angular_error=0.6285
[ INFO] [1775306473.983036544, 1184.417000000]: [Multi Floor Nav] Robot arrived at Goal
[ INFO] [1775306344.242174903, 1056.103000000]: global_costmap: Using plugin "static_layer"
[ INFO] [1775306344.247186018, 1056.108000000]: Requesting the map...
[ INFO] [1775306375.522589024, 1087.111000000]: Resizing costmap to 992 X 992 at 0.020000 m/pix
[ INFO] [1775306375.622913337, 1087.209000000]: Received a 992 X 992 map at 0.020000 m/pix
[ INFO] [1775306375.624505064, 1087.211000000]: global_costmap: Using plugin "obstacles_layer"
[ INFO] [1775306375.627285385, 1087.214000000]:     Subscribed to Topics: scan
[ INFO] [1775306375.638779488, 1087.225000000]: global_costmap: Using plugin "inflater_layer"
[ INFO] [1775306375.663257592, 1087.250000000]: local_costmap: Using plugin "obstacles_layer"
[ INFO] [1775306375.665647349, 1087.252000000]:     Subscribed to Topics: scan
[ INFO] [1775306375.672971392, 1087.259000000]: local_costmap: Using plugin "inflater_layer"
[ INFO] [1775306375.691989429, 1087.278000000]: Created local_planner base_local_planner/TrajectoryPlannerROS
[ INFO] [1775306375.699514202, 1087.285000000]: Sim period is set to 0.05
[ INFO] [1775306375.798746235, 1087.384000000]: Recovery behavior will clear layer 'obstacles'
[ INFO] [1775306375.805775470, 1087.391000000]: Recovery behavior will clear layer 'obstacles'
[ INFO] [1775306375.918186715, 1087.501000000]: odom received!
[WARN] [1775306594.542613, 1287.521000]: Controller Spawner error while taking down controllers: transport error completing service call: unable to receive data from sender, check sender's logs for details
[31m[urdf_spawner-8] process has died [pid 46364, exit code 1, cmd /opt/ros/noetic/lib/gazebo_ros/spawn_model -urdf -model jackal -param robot_description -x 5.0 -y -0.5 -z 0.5 __name:=urdf_spawner __log:=/home/eethanhe/.ros/log/40e01ccc-3023-11f1-a0c4-b3a95fcbe21c/urdf_spawner-8.log].
log file: /home/eethanhe/.ros/log/40e01ccc-3023-11f1-a0c4-b3a95fcbe21c/urdf_spawner-8*.log[0m
[31m[controller_spawner-4] escalating to SIGTERM[0m
[31m[gazebo-2] escalating to SIGTERM[0m

auto-starting new master
[1mprocess[master]: started with pid [46316][0m
[1mROS_MASTER_URI=http://localhost:11311[0m
]2;/home/eethanhe/catkin_ws/src/robot-multi-floor-navigation/multi_floor_nav/launch/nav.launch http://localhost:11311
[1msetting /run_id to 40e01ccc-3023-11f1-a0c4-b3a95fcbe21c[0m
[1mprocess[rosout-1]: started with pid [46341][0m
started core service [/rosout]
[1mprocess[gazebo-2]: started with pid [46348][0m
[1mprocess[robot_state_publisher-3]: started with pid [46351][0m
[1mprocess[controller_spawner-4]: started with pid [46354][0m
[1mprocess[ekf_localization-5]: started with pid [46355][0m
[1mprocess[twist_mux-6]: started with pid [46356][0m
[1mprocess[twist_marker_server-7]: started with pid [46361][0m
[1mprocess[urdf_spawner-8]: started with pid [46364][0m
[1mprocess[map_server0-9]: started with pid [46373][0m
[1mprocess[map_server1-10]: started with pid [46377][0m
[1mprocess[amcl-11]: started with pid [46382][0m
[1mprocess[move_base-12]: started with pid [46385][0m
[1mprocess[rviz-13]: started with pid [46391][0m
[1mprocess[change_map_node-14]: started with pid [46397][0m
[1mprocess[multi_floor_navigation_node-15]: started with pid [46408][0m
[multi_floor_navigation_node-15] killing on exit
[change_map_node-14] killing on exit
[rviz-13] killing on exit
[move_base-12] killing on exit
[amcl-11] killing on exit
[map_server1-10] killing on exit
[map_server0-9] killing on exit
[twist_marker_server-7] killing on exit
[twist_mux-6] killing on exit
[ekf_localization-5] killing on exit
[controller_spawner-4] killing on exit
[robot_state_publisher-3] killing on exit
[gazebo-2] killing on exit
[rosout-1] killing on exit
[master] killing on exit
shutting down processing monitor...
... shutting down processing monitor complete
[1mdone[0m
