[run_one_experiment] Cleaning up any residual ROS/Gazebo processes...
[run_one_experiment] method=sp_amcl_c pert=(0.25,0.25,0.15) sigma_L0=(0.15,0.1) sigma_L1=(0.2,0.12) run=2 duration=200s log=multi_floor_nav/experiment_logs_sp_amcl/sp_amcl_c_pert_0.25_0.25_0.15_run2.log
[run_one_experiment] Waiting for /map_level_0 (up to 90s)...
xacro: in-order processing became default in ROS Melodic. You can drop the option.
... logging to /home/eethanhe/.ros/log/aa3eb612-2c02-11f1-8d1e-01badb8e21cf/roslaunch-eethanhe-Lenovo-Legion-R9000P2021H-332953.log
Checking log directory for disk usage. This may take a while.
Press Ctrl-C to interrupt
Done checking log file disk usage. Usage is <1GB.
]2;/home/eethanhe/catkin_ws/src/robot-multi-floor-navigation/multi_floor_nav/launch/nav.launch
[1mstarted roslaunch server http://eethanhe-Lenovo-Legion-R9000P2021H:46697/[0m

SUMMARY
========

PARAMETERS
 * /amcl/auto_update_noise: 0.0
 * /amcl/base_frame_id: base_link
 * /amcl/expected_laser_freq: 5.0
 * /amcl/first_map_only: False
 * /amcl/global_frame_id: map
 * /amcl/gui_publish_rate: 10.0
 * /amcl/initial_pose_a: 0.0
 * /amcl/initial_pose_x: 0.0
 * /amcl/initial_pose_y: 0.0
 * /amcl/kld_err: 0.05
 * /amcl/kld_z: 0.99
 * /amcl/laser_lambda_short: 0.1
 * /amcl/laser_likelihood_max_dist: 2.0
 * /amcl/laser_max_beams: 720
 * /amcl/laser_max_range: 30.0
 * /amcl/laser_min_range: 0.1
 * /amcl/laser_model_type: likelihood_field
 * /amcl/laser_sigma_hit: 0.2
 * /amcl/laser_z_hit: 0.5
 * /amcl/laser_z_max: 0.05
 * /amcl/laser_z_rand: 0.5
 * /amcl/laser_z_short: 0.05
 * /amcl/max_particles: 2000
 * /amcl/min_particles: 500
 * /amcl/odom_alpha1: 0.2
 * /amcl/odom_alpha2: 0.2
 * /amcl/odom_alpha3: 0.2
 * /amcl/odom_alpha4: 0.2
 * /amcl/odom_alpha5: 0.1
 * /amcl/odom_frame_id: odom
 * /amcl/odom_model_type: diff
 * /amcl/odom_update_interval: 0.1
 * /amcl/recovery_alpha_fast: 0.1
 * /amcl/recovery_alpha_slow: 0.001
 * /amcl/resample_interval: 1
 * /amcl/transform_tolerance: 1.0
 * /amcl/update_min_a: 0.3927
 * /amcl/update_min_d: 0.1
 * /amcl/use_map_topic: False
 * /ekf_localization/base_link_frame: base_link
 * /ekf_localization/frequency: 50
 * /ekf_localization/imu0: /imu/data
 * /ekf_localization/imu0_config: [False, False, Fa...
 * /ekf_localization/imu0_differential: False
 * /ekf_localization/odom0: /jackal_velocity_...
 * /ekf_localization/odom0_config: [False, False, Fa...
 * /ekf_localization/odom0_differential: False
 * /ekf_localization/odom_frame: odom
 * /ekf_localization/predict_to_current_time: True
 * /ekf_localization/world_frame: odom
 * /gazebo/enable_ros_network: True
 * /jackal_joint_publisher/publish_rate: 50
 * /jackal_joint_publisher/type: joint_state_contr...
 * /jackal_velocity_controller/angular/z/has_acceleration_limits: True
 * /jackal_velocity_controller/angular/z/has_velocity_limits: True
 * /jackal_velocity_controller/angular/z/max_acceleration: 25.0
 * /jackal_velocity_controller/angular/z/max_velocity: 4.0
 * /jackal_velocity_controller/cmd_vel_timeout: 0.25
 * /jackal_velocity_controller/enable_odom_tf: False
 * /jackal_velocity_controller/k_l: 0.1
 * /jackal_velocity_controller/k_r: 0.1
 * /jackal_velocity_controller/left_wheel: ['front_left_whee...
 * /jackal_velocity_controller/linear/x/has_acceleration_limits: True
 * /jackal_velocity_controller/linear/x/has_velocity_limits: True
 * /jackal_velocity_controller/linear/x/max_acceleration: 20.0
 * /jackal_velocity_controller/linear/x/max_velocity: 2.0
 * /jackal_velocity_controller/pose_covariance_diagonal: [0.001, 0.001, 10...
 * /jackal_velocity_controller/publish_cmd: True
 * /jackal_velocity_controller/publish_rate: 50
 * /jackal_velocity_controller/right_wheel: ['front_right_whe...
 * /jackal_velocity_controller/twist_covariance_diagonal: [0.001, 0.001, 0....
 * /jackal_velocity_controller/type: diff_drive_contro...
 * /jackal_velocity_controller/wheel_radius_multiplier: 1.0
 * /jackal_velocity_controller/wheel_separation_multiplier: 1.5
 * /move_base/NavfnROS/allow_unknown: True
 * /move_base/TrajectoryPlannerROS/acc_lim_theta: 20.0
 * /move_base/TrajectoryPlannerROS/acc_lim_x: 10.0
 * /move_base/TrajectoryPlannerROS/angular_sim_granularity: 0.02
 * /move_base/TrajectoryPlannerROS/controller_frequency: 20.0
 * /move_base/TrajectoryPlannerROS/dwa: True
 * /move_base/TrajectoryPlannerROS/escape_reset_dist: 0.1
 * /move_base/TrajectoryPlannerROS/escape_reset_theta: 0.1
 * /move_base/TrajectoryPlannerROS/escape_vel: -0.5
 * /move_base/TrajectoryPlannerROS/gdist_scale: 1.0
 * /move_base/TrajectoryPlannerROS/heading_lookahead: 0.325
 * /move_base/TrajectoryPlannerROS/heading_scoring: False
 * /move_base/TrajectoryPlannerROS/heading_scoring_timestep: 0.8
 * /move_base/TrajectoryPlannerROS/holonomic_robot: False
 * /move_base/TrajectoryPlannerROS/latch_xy_goal_tolerance: False
 * /move_base/TrajectoryPlannerROS/max_vel_theta: 1.57
 * /move_base/TrajectoryPlannerROS/max_vel_x: 0.5
 * /move_base/TrajectoryPlannerROS/meter_scoring: True
 * /move_base/TrajectoryPlannerROS/min_in_place_vel_theta: 0.314
 * /move_base/TrajectoryPlannerROS/min_vel_theta: -1.57
 * /move_base/TrajectoryPlannerROS/min_vel_x: 0.1
 * /move_base/TrajectoryPlannerROS/occdist_scale: 0.1
 * /move_base/TrajectoryPlannerROS/oscillation_reset_dist: 0.05
 * /move_base/TrajectoryPlannerROS/pdist_scale: 0.75
 * /move_base/TrajectoryPlannerROS/publish_cost_grid_pc: True
 * /move_base/TrajectoryPlannerROS/sim_granularity: 0.02
 * /move_base/TrajectoryPlannerROS/sim_time: 2.0
 * /move_base/TrajectoryPlannerROS/simple_attractor: False
 * /move_base/TrajectoryPlannerROS/vtheta_samples: 20
 * /move_base/TrajectoryPlannerROS/vx_samples: 6
 * /move_base/TrajectoryPlannerROS/xy_goal_tolerance: 0.25
 * /move_base/TrajectoryPlannerROS/yaw_goal_tolerance: 0.157
 * /move_base/base_global_planner: navfn/NavfnROS
 * /move_base/base_local_planner: base_local_planne...
 * /move_base/clearing_rotation_allowed: True
 * /move_base/controller_frequency: 20.0
 * /move_base/controller_patience: 15.0
 * /move_base/global_costmap/footprint: [[-0.21, -0.165],...
 * /move_base/global_costmap/footprint_padding: 0.1
 * /move_base/global_costmap/global_frame: map
 * /move_base/global_costmap/height: 40.0
 * /move_base/global_costmap/inflater_layer/inflation_radius: 0.3
 * /move_base/global_costmap/map_type: costmap
 * /move_base/global_costmap/meter_scoring: True
 * /move_base/global_costmap/obstacle_range: 2.5
 * /move_base/global_costmap/obstacles_layer/observation_sources: scan
 * /move_base/global_costmap/obstacles_layer/scan/clearing: True
 * /move_base/global_costmap/obstacles_layer/scan/data_type: LaserScan
 * /move_base/global_costmap/obstacles_layer/scan/marking: True
 * /move_base/global_costmap/obstacles_layer/scan/max_obstacle_height: 2.0
 * /move_base/global_costmap/obstacles_layer/scan/min_obstacle_height: -2.0
 * /move_base/global_costmap/obstacles_layer/scan/obstacle_range: 2.5
 * /move_base/global_costmap/obstacles_layer/scan/raytrace_range: 3.0
 * /move_base/global_costmap/obstacles_layer/scan/sensor_frame: front_laser
 * /move_base/global_costmap/obstacles_layer/scan/topic: front/scan
 * /move_base/global_costmap/origin_x: -20.0
 * /move_base/global_costmap/origin_y: -20.0
 * /move_base/global_costmap/origin_z: 0.0
 * /move_base/global_costmap/plugins: [{'name': 'static...
 * /move_base/global_costmap/publish_frequency: 5.0
 * /move_base/global_costmap/publish_voxel_map: False
 * /move_base/global_costmap/raytrace_range: 3.0
 * /move_base/global_costmap/resolution: 0.05
 * /move_base/global_costmap/robot_base_frame: base_link
 * /move_base/global_costmap/rolling_window: False
 * /move_base/global_costmap/static_map: True
 * /move_base/global_costmap/transform_tolerance: 0.5
 * /move_base/global_costmap/update_frequency: 20.0
 * /move_base/global_costmap/width: 40.0
 * /move_base/global_costmap/z_resolution: 1
 * /move_base/global_costmap/z_voxels: 2
 * /move_base/local_costmap/footprint: [[-0.21, -0.165],...
 * /move_base/local_costmap/footprint_padding: 0.1
 * /move_base/local_costmap/global_frame: map
 * /move_base/local_costmap/height: 10.0
 * /move_base/local_costmap/inflater_layer/inflation_radius: 0.3
 * /move_base/local_costmap/map_type: costmap
 * /move_base/local_costmap/meter_scoring: True
 * /move_base/local_costmap/obstacle_range: 2.5
 * /move_base/local_costmap/obstacles_layer/observation_sources: scan
 * /move_base/local_costmap/obstacles_layer/scan/clearing: True
 * /move_base/local_costmap/obstacles_layer/scan/data_type: LaserScan
 * /move_base/local_costmap/obstacles_layer/scan/marking: True
 * /move_base/local_costmap/obstacles_layer/scan/max_obstacle_height: 2.0
 * /move_base/local_costmap/obstacles_layer/scan/min_obstacle_height: -2.0
 * /move_base/local_costmap/obstacles_layer/scan/obstacle_range: 2.5
 * /move_base/local_costmap/obstacles_layer/scan/raytrace_range: 3.0
 * /move_base/local_costmap/obstacles_layer/scan/sensor_frame: front_laser
 * /move_base/local_costmap/obstacles_layer/scan/topic: front/scan
 * /move_base/local_costmap/origin_z: 0.0
 * /move_base/local_costmap/plugins: [{'name': 'obstac...
 * /move_base/local_costmap/publish_frequency: 5.0
 * /move_base/local_costmap/publish_voxel_map: False
 * /move_base/local_costmap/raytrace_range: 3.0
 * /move_base/local_costmap/resolution: 0.05
 * /move_base/local_costmap/robot_base_frame: base_link
 * /move_base/local_costmap/rolling_window: True
 * /move_base/local_costmap/static_map: False
 * /move_base/local_costmap/transform_tolerance: 0.5
 * /move_base/local_costmap/update_frequency: 20.0
 * /move_base/local_costmap/width: 10.0
 * /move_base/local_costmap/z_resolution: 1
 * /move_base/local_costmap/z_voxels: 2
 * /move_base/oscillation_distance: 0.5
 * /move_base/oscillation_timeout: 0.0
 * /move_base/planner_frequency: 20.0
 * /move_base/planner_patience: 5.0
 * /move_base/recovery_behavior_enabled: True
 * /move_base/shutdown_costmaps: False
 * /multi_floor_navigation_node/init_pose_offset_theta: 0.15
 * /multi_floor_navigation_node/init_pose_offset_x: 0.25
 * /multi_floor_navigation_node/init_pose_offset_y: 0.25
 * /multi_floor_navigation_node/region_init_backoff_factor: 1.3
 * /multi_floor_navigation_node/region_init_max_backoff: 2.0
 * /multi_floor_navigation_node/region_init_sigma_adaptive_alpha: 0.35
 * /multi_floor_navigation_node/region_init_sigma_min_scale: 0.03
 * /multi_floor_navigation_node/region_init_sigma_min_yaw: 0.02
 * /multi_floor_navigation_node/region_init_sigma_x: 0.15
 * /multi_floor_navigation_node/region_init_sigma_x_L0: 0.15
 * /multi_floor_navigation_node/region_init_sigma_x_L1: 0.2
 * /multi_floor_navigation_node/region_init_sigma_y: 0.15
 * /multi_floor_navigation_node/region_init_sigma_y_L0: 0.15
 * /multi_floor_navigation_node/region_init_sigma_y_L1: 0.2
 * /multi_floor_navigation_node/region_init_sigma_yaw: 0.1
 * /multi_floor_navigation_node/region_init_sigma_yaw_L0: 0.1
 * /multi_floor_navigation_node/region_init_sigma_yaw_L1: 0.12
 * /multi_floor_navigation_node/reloc_confidence_K: 3
 * /multi_floor_navigation_node/reloc_confidence_lambda: 20.0
 * /multi_floor_navigation_node/reloc_confidence_tau: 0.85
 * /multi_floor_navigation_node/reloc_min_check_delay_L0: 6.0
 * /multi_floor_navigation_node/reloc_min_check_delay_L1: 12.0
 * /multi_floor_navigation_node/reloc_min_check_delay_sec: 6.0
 * /multi_floor_navigation_node/use_covariance_reloc: True
 * /robot_description: <?xml version="1....
 * /rosdistro: noetic
 * /rosversion: 1.17.0
 * /twist_marker_server/link_name: base_link
 * /twist_mux/locks: [{'name': 'e_stop...
 * /twist_mux/topics: [{'name': 'joy', ...
 * /use_gui: True
 * /use_sim_time: True

NODES
  /
    amcl (amcl/amcl)
    change_map_node (multi_floor_nav/change_map_node)
    controller_spawner (controller_manager/spawner)
    ekf_localization (robot_localization/ekf_localization_node)
    gazebo (gazebo_ros/gzserver)
    map_server0 (map_server/map_server)
    map_server1 (map_server/map_server)
    move_base (move_base/move_base)
    multi_floor_navigation_node (multi_floor_nav/multi_floor_navigation_node)
    robot_state_publisher (robot_state_publisher/robot_state_publisher)
    rviz (rviz/rviz)
    twist_marker_server (interactive_marker_twist_server/marker_server)
    twist_mux (twist_mux/twist_mux)
    urdf_spawner (gazebo_ros/spawn_model)
[run_one_experiment] /map_level_0 ready at 2s
[run_one_experiment] Waiting 30s for Gazebo/sim to stabilize...
[ INFO] [1774852539.604459018]: Finished loading Gazebo ROS API Plugin.
[ INFO] [1774852539.612490656]: waitForService: Service [/gazebo/set_physics_properties] has not been advertised, waiting...
[1;33mWarning [Model.cc:216][0m Non-unique name[door] detected 2 times in XML children of model with name[elevator].
[1;33mWarning [Model.cc:309][0m Joint with name [door] in model with name [elevator] has a name collision, changing joint name to [door_joint].
[ERROR] [1774852541.018181, 0.000000]: Spawn service failed. Exiting.
[ INFO] [1774852540.988228538]: waitForService: Service [/gazebo/set_physics_properties] is now available.
[ INFO] [1774852541.008252912]: Physics dynamic reconfigure ready.
[1;33mWarning [parser_urdf.cc:1161][0m multiple inconsistent <gravity> exists due to fixed joint reduction overwriting previous value [true] with [false].
[1;33mWarning [parser_urdf.cc:1161][0m multiple inconsistent <gravity> exists due to fixed joint reduction overwriting previous value [false] with [true].
[ERROR] [1774852541.585325317, 1054.889000000]: No p gain specified for pid.  Namespace: /gazebo_ros_control/pid_gains/front_left_wheel
[ERROR] [1774852541.585766502, 1054.889000000]: No p gain specified for pid.  Namespace: /gazebo_ros_control/pid_gains/front_right_wheel
[ERROR] [1774852541.586209573, 1054.889000000]: No p gain specified for pid.  Namespace: /gazebo_ros_control/pid_gains/rear_left_wheel
[ERROR] [1774852541.586623870, 1054.889000000]: No p gain specified for pid.  Namespace: /gazebo_ros_control/pid_gains/rear_right_wheel
[ WARN] [1774852541.630846662, 1054.891000000]: Failed to meet update rate! Took 1054.8910000000000764
[ WARN] [1774852541.630978452, 1054.891000000]: Timed out waiting for transform from base_link to map to become available before running costmap, tf error: canTransform: target_frame map does not exist. canTransform: source_frame base_link does not exist.. canTransform returned after 1054.89 timeout was 0.1.
[ WARN] [1774852541.632325823, 1054.892000000]: Failed to meet update rate! Took 1054.8720000000000709
[ WARN] [1774852541.842505069]: Interactive marker 'robot_twist_marker' contains unnormalized quaternions. This warning will only be output once but may be true for others; enable DEBUG messages for ros.rviz.quaternions to see more details.
[ WARN] [1774852542.852101140, 1056.094000000]: global_costmap: Pre-Hydro parameter "static_map" unused since "plugins" is provided
[ WARN] [1774852542.852355640, 1056.095000000]: global_costmap: Pre-Hydro parameter "map_type" unused since "plugins" is provided
[run_one_experiment] Waiting for /change_map service (up to 30s)...
[run_one_experiment] /change_map ready at 1s
[run_one_experiment] Publishing /start
[ WARN] [1774852574.399832122, 1087.322000000]: [Multi Floor Nav] Initial pose perturbation applied: offset_x=0.25, offset_y=0.25, offset_theta=0.15
[ WARN] [1774852574.523144886, 1087.444000000]: local_costmap: Pre-Hydro parameter "static_map" unused since "plugins" is provided
[ WARN] [1774852574.523381577, 1087.444000000]: local_costmap: Pre-Hydro parameter "map_type" unused since "plugins" is provided
[ WARN] [1774852574.562895764, 1087.484000000]: Parameter pdist_scale is deprecated. Please use the name path_distance_bias instead.
[ WARN] [1774852574.563403856, 1087.484000000]: Parameter gdist_scale is deprecated. Please use the name goal_distance_bias instead.
[ WARN] [1774852575.461663556, 1088.371000000]: The origin for the sensor at (0.21, 0.20) is out of map bounds. So, the costmap cannot raytrace for it.
publishing and latching message for 3.0 seconds
[run_one_experiment] Running for 200s...
[ INFO] [1774852539.332934846]: [Multi Floor Nav] Module C: covariance reloc criterion enabled (lambda=20.00, tau=0.85, K=3, post_monitor=2.0s, min_delay=6.0s)
[ INFO] [1774852539.344031104]: [Multi Floor Nav] Module A sigma: L0=(0.150,0.150,0.100) L1=(0.200,0.200,0.120)
[ INFO] [1774852539.344057225]: [Multi Floor Nav] Module A delay: L0=6.0s  L1=12.0s  backoff: factor=1.30 max=2.00
[ INFO] [1774852574.355753341, 1087.277000000]: [Multi Floor Nav] Successfully loaded map for level: 0
[ INFO] [1774852574.399897004, 1087.322000000]: [Multi Floor Nav] Adaptive sigma: offset_planar=0.354, adaptive_scale=0.124, adaptive_yaw=0.072 ??? sigma(0.124, 0.124, 0.072)
[ INFO] [1774852574.399909785, 1087.322000000]: [Multi Floor Nav] Initializing Robot at x: 5.2, y: -0.2, yaw: 0.1 (level=0, sigma: x=0.124, y=0.124, yaw=0.072, retry=0)
[ INFO] [1774852574.399947429, 1087.322000000]: [Multi Floor Nav] Initializing Pose to x: 5.00, y: -0.50 at level: 0
[ INFO] [1774852575.416345868, 1088.326000000]: [Multi Floor Nav] Waiting for AMCL nomotion updates (1.0/6.0s, L0)...
[ INFO] [1774852576.631317804, 1089.525000000]: [Multi Floor Nav] Waiting for AMCL nomotion updates (2.2/6.0s, L0)...
[ INFO] [1774852577.842753205, 1090.726000000]: [Multi Floor Nav] Waiting for AMCL nomotion updates (3.4/6.0s, L0)...
[ INFO] [1774852579.050235399, 1091.925000000]: [Multi Floor Nav] Waiting for AMCL nomotion updates (4.6/6.0s, L0)...
[ INFO] [1774852580.265807549, 1093.125000000]: [Multi Floor Nav] Waiting for AMCL nomotion updates (5.8/6.0s, L0)...
[ INFO] [1774852580.467399712, 1093.325000000]: [Multi Floor Nav] Current Robot Pose, x: 5.16, y: -0.05, yaw: 0.11
[ INFO] [1774852580.467424086, 1093.325000000]: [Multi Floor Nav] Linear Error: 0.48, Angular Error: 0.11
[ INFO] [1774852580.467440219, 1093.326000000]: [Multi Floor Nav] Module C: tr(??)=0.0092, C_t=0.8313 (tau=0.85), frame_ok=0
[ INFO] [1774852580.668266786, 1093.524000000]: [Multi Floor Nav] Current Robot Pose, x: 5.17, y: -0.05, yaw: 0.11
[ INFO] [1774852580.668285992, 1093.524000000]: [Multi Floor Nav] Linear Error: 0.48, Angular Error: 0.11
[ INFO] [1774852580.668296888, 1093.524000000]: [Multi Floor Nav] Module C: tr(??)=0.0085, C_t=0.8439 (tau=0.85), frame_ok=0
[ INFO] [1774852580.873178070, 1093.725000000]: [Multi Floor Nav] Current Robot Pose, x: 5.16, y: -0.05, yaw: 0.11
[ INFO] [1774852580.873245327, 1093.726000000]: [Multi Floor Nav] Linear Error: 0.48, Angular Error: 0.11
[ INFO] [1774852580.873294215, 1093.726000000]: [Multi Floor Nav] Module C: tr(??)=0.0089, C_t=0.8369 (tau=0.85), frame_ok=0
[ INFO] [1774852581.076874401, 1093.926000000]: [Multi Floor Nav] Current Robot Pose, x: 5.17, y: -0.05, yaw: 0.11
[ INFO] [1774852581.076928807, 1093.926000000]: [Multi Floor Nav] Linear Error: 0.48, Angular Error: 0.11
[ INFO] [1774852581.076970222, 1093.926000000]: [Multi Floor Nav] Module C: tr(??)=0.0079, C_t=0.8543 (tau=0.85), frame_ok=1
[ INFO] [1774852581.276711042, 1094.125000000]: [Multi Floor Nav] Current Robot Pose, x: 5.17, y: -0.04, yaw: 0.12
[ INFO] [1774852581.276729200, 1094.125000000]: [Multi Floor Nav] Linear Error: 0.49, Angular Error: 0.12
[ INFO] [1774852581.276741073, 1094.125000000]: [Multi Floor Nav] Module C: tr(??)=0.0062, C_t=0.8828 (tau=0.85), frame_ok=1
[ INFO] [1774852581.480108384, 1094.325000000]: [Multi Floor Nav] Current Robot Pose, x: 5.16, y: -0.05, yaw: 0.11
[ INFO] [1774852581.480128428, 1094.325000000]: [Multi Floor Nav] Linear Error: 0.48, Angular Error: 0.11
[ INFO] [1774852581.480139393, 1094.325000000]: [Multi Floor Nav] Module C: tr(??)=0.0060, C_t=0.8872 (tau=0.85), frame_ok=1
[ INFO] [1774852581.480151475, 1094.325000000]: [Multi Floor Nav] Module C: reloc passed (consecutive 3 >= K=3)
[ INFO] [1774852581.480158948, 1094.325000000]: [Multi Floor Nav] Robot at correct pose
[ INFO] [1774852581.481248327, 1094.326000000]: [Multi Floor Nav] RELOC_PASS: linear_error=0.4823, angular_error=0.1144, linear_error_init=0.2215, angular_error_init=0.0356, tr_sigma=0.0060, C_t=0.8872
[ INFO] [1774852582.494170363, 1095.326000000]: [Multi Floor Nav] POST_PASS: [ WARN] [1774852634.093948830, 1146.329000000]: [Multi Floor Nav] Initial pose perturbation applied: offset_x=0.25, offset_y=0.25, offset_theta=0.15
dt=1.000s, linear_error=0.4822, angular_error=0.1136
[ INFO] [1774852582.494198579, 1095.326000000]: [Multi Floor Nav] Will send goal to x: 3, y: -0, at level: 0
[ INFO] [1774852582.494210312, 1095.326000000]: [Multi Floor Nav] Sending Robot to x: 3.0, y: -0.5, yaw: 3.1
[ INFO] [1774852582.696110963, 1095.526000000]: [Multi Floor Nav] POST_PASS: dt=1.200s, linear_error=0.4822, angular_error=0.1136
[ INFO] [1774852582.898982542, 1095.726000000]: [Multi Floor Nav] POST_PASS: dt=1.400s, linear_error=0.4822, angular_error=0.1136
[ INFO] [1774852583.100919719, 1095.926000000]: [Multi Floor Nav] POST_PASS: dt=1.600s, linear_error=0.5067, angular_error=0.2956
[ INFO] [1774852583.302592409, 1096.126000000]: [Multi Floor Nav] POST_PASS: dt=1.800s, linear_error=0.5155, angular_error=0.7063
[ INFO] [1774852583.505680076, 1096.326000000]: [Multi Floor Nav] POST_PASS: dt=2.000s, linear_error=0.5027, angular_error=1.1311
[ INFO] [1774852596.659585702, 1109.326000000]: [Multi Floor Nav] Requesting Lift to Level 0
[ INFO] [1774852596.862541998, 1109.526000000]: [Multi Floor Nav] Entering Lift at Level 0
[ INFO] [1774852614.226017214, 1126.726000000]: [Multi Floor Nav] Requesting Lift to Level 1
[ INFO] [1774852621.302537989, 1133.726000000]: [Multi Floor Nav] Exiting Lift at Level 1
[ INFO] [1774852634.041439131, 1146.277000000]: [Multi Floor Nav] Successfully loaded map for level: 1
[ INFO] [1774852634.093996461, 1146.329000000]: [Multi Floor Nav] Adaptive sigma: offset_planar=0.354, adaptive_scale=0.124, adaptive_yaw=0.072 ??? sigma(0.124, 0.124, 0.072)
[ INFO] [1774852634.094014620, 1146.329000000]: [Multi Floor Nav] Initializing Robot at x: 3.2, y: -0.2, yaw: 3.3 (level=1, sigma: x=0.124, y=0.124, yaw=0.072, retry=0)
[ INFO] [1774852634.094046118, 1146.329000000]: [Multi Floor Nav] Initializing Pose to x: 3.00, y: -0.50 at level: 1
[ INFO] [1774852635.120376427, 1147.332000000]: [Multi Floor Nav] Waiting for AMCL nomotion updates (1.0/12.0s, L1)...
[ INFO] [1774852636.344124157, 1148.531000000]: [Multi Floor Nav] Waiting for AMCL nomotion updates (2.2/12.0s, L1)...
[ INFO] [1774852637.354053229, 1149.531000000]: [Multi Floor Nav] Waiting for AMCL nomotion updates (3.2/12.0s, L1)...
[ INFO] [1774852638.357119661, 1150.531000000]: [Multi Floor Nav] Waiting for AMCL nomotion updates (4.2/12.0s, L1)...
[ INFO] [1774852639.361915914, 1151.532000000]: [Multi Floor Nav] Waiting for AMCL nomotion updates (5.2/12.0s, L1)...
[ INFO] [1774852640.365456077, 1152.532000000]: [Multi Floor Nav] Waiting for AMCL nomotion updates (6.2/12.0s, L1)...
[ INFO] [1774852641.571262159, 1153.732000000]: [Multi Floor Nav] Waiting for AMCL nomotion updates (7.4/12.0s, L1)...
[ INFO] [1774852642.582582882, 1154.733000000]: [Multi Floor Nav] Waiting for AMCL nomotion updates (8.4/12.0s, L1)...
[ INFO] [1774852643.807069110, 1155.933000000]: [Multi Floor Nav] Waiting for AMCL nomotion updates (9.6/12.0s, L1)...
[ INFO] [1774852645.027591376, 1157.133000000]: [Multi Floor Nav] Waiting for AMCL nomotion updates (10.8/12.0s, L1)...
[ INFO] [1774852646.246533001, 1158.331000000]: [Multi Floor Nav] Current Robot Pose, x: 3.24, y: -0.24, yaw: 3.12
[ INFO] [1774852646.246555909, 1158.331000000]: [Multi Floor Nav] Linear Error: 0.35, Angular Error: 0.02
[ INFO] [1774852646.246568830, 1158.331000000]: [Multi Floor Nav] Module C: tr(??)=0.0142, C_t=0.7521 (tau=0.85), frame_ok=0
[ INFO] [1774852646.451643402, 1158.533000000]: [Multi Floor Nav] Current Robot Pose, x: 3.24, y: -0.24, yaw: 3.12
[ INFO] [1774852646.451707795, 1158.533000000]: [Multi Floor Nav] Linear Error: 0.35, Angular Error: 0.02
[ INFO] [1774852646.451755007, 1158.533000000]: [Multi Floor Nav] Module C: tr(??)=0.0143, C_t=0.7513 (tau=0.85), frame_ok=0
[ INFO] [1774852646.651296641, 1158.731000000]: [Multi Floor Nav] Current Robot Pose, x: 3.24, y: -0.24, yaw: 3.12
[ INFO] [1774852646.651316545, 1158.731000000]: [Multi Floor Nav] Linear Error: 0.35, Angular Error: 0.02
[ INFO] [1774852646.651327650, 1158.731000000]: [Multi Floor Nav] Module C: tr(??)=0.0144, C_t=0.7495 (tau=0.85), frame_ok=0
[ INFO] [1774852646.857036866, 1158.934000000]: [Multi Floor Nav] Current Robot Pose, x: 3.24, y: -0.24, yaw: 3.12
[ INFO] [1774852646.857105031, 1158.934000000]: [Multi Floor Nav] Linear Error: 0.36, Angular Error: 0.02
[ INFO] [1774852646.857156015, 1158.934000000]: [Multi Floor Nav] Module C: tr(??)=0.0149, C_t=0.7419 (tau=0.85), frame_ok=0
[ INFO] [1774852647.058007236, 1159.131000000]: [Multi Floor Nav] Current Robot Pose, x: 3.24, y: -0.24, yaw: 3.12
[ INFO] [1774852647.058033775, 1159.131000000]: [Multi Floor Nav] Linear Error: 0.35, Angular Error: 0.02
[ INFO] [1774852647.058048581, 1159.131000000]: [Multi Floor Nav] Module C: tr(??)=0.0148, C_t=0.7435 (tau=0.85), frame_ok=0
[ INFO] [1774852647.262081965, 1159.333000000]: [Multi Floor Nav] Current Robot Pose, x: 3.24, y: -0.24, yaw: 3.12
[ INFO] [1774852647.262168777, 1159.333000000]: [Multi Floor Nav] Linear Error: 0.35, Angular Error: 0.02
[ INFO] [1774852647.262204116, 1159.333000000]: [Multi Floor Nav] Module C: tr(??)=0.0148, C_t=0.7442 (tau=0.85), frame_ok=0
[ INFO] [1774852647.467000302, 1159.533000000]: [Multi Floor Nav] Current Robot Pose, x: 3.24, y: -0.24, yaw: 3.12
[ INFO] [1774852647.467055616, 1159.533000000]: [Multi Floor Nav] Linear Error: 0.35, Angular Error: 0.02
[ INFO] [1774852647.467098638, 1159.533000000]: [Multi Floor Nav] Module C: tr(??)=0.0150, C_t=0.7404 (tau=0.85), frame_ok=0
[ INFO] [1774852647.666539281, 1159.731000000]: [Multi Floor Nav] Current Robot Pose, x: 3.24, y: -0.24, yaw: 3.12
[ INFO] [1774852647.666611008, 1159.731000000]: [Multi Floor Nav] Linear Error: 0.35, Angular Error: 0.02
[ INFO] [1774852647.666665414, 1159.731000000]: [Multi Floor Nav] Module C: tr(??)=0.0149, C_t=0.7419 (tau=0.85), frame_ok=0
[ INFO] [1774852647.869653069, 1159.932000000]: [Multi Floor Nav] Current Robot Pose, x: 3.24, y: -0.24, yaw: 3.12
[ INFO] [1774852647.869713621, 1159.932000000]: [Multi Floor Nav] Linear Error: 0.35, Angular Error: 0.02
[ INFO] [1774852647.869745119, 1159.932000000]: [Multi Floor Nav] Module C: tr(??)=0.0145, C_t=0.7483 (tau=0.85), frame_ok=0
[ INFO] [1774852648.073021706, 1160.132000000]: [Multi Floor Nav] Current Robot Pose, x: 3.24, y: -0.24, yaw: 3.12
[ INFO] [1774852648.073042589, 1160.132000000]: [Multi Floor Nav] Linear Error: 0.35, Angular Error: 0.02
[ INFO] [1774852648.073054112, 1160.132000000]: [Multi Floor Nav] Module C: tr(??)=0.0148, C_t=0.7439 (tau=0.85), frame_ok=0
[ INFO] [1774852648.275038293, 1160.331000000]: [Multi Floor Nav] Current Robot Pose, x: 3.24, y: -0.24, yaw: 3.12
[ INFO] [1774852648.275056591, 1160.331000000]: [Multi Floor Nav] Linear Error: 0.35, Angular Error: 0.02
[ INFO] [1774852648.275067626, 1160.331000000]: [Multi Floor Nav] Module C: tr(??)=0.0157, C_t=0.7301 (tau=0.85), frame_ok=0
[ INFO] [1774852648.479802142, 1160.532000000]: [Multi Floor Nav] Current Robot Pose, x: 3.24, y: -0.24, yaw: 3.12
[ INFO] [1774852648.479847818, 1160.532000000]: [Multi Floor Nav] Linear Error: 0.35, Angular Error: 0.02
[ INFO] [1774852648.479877780, 1160.532000000]: [Multi Floor Nav] Module C: tr(??)=0.0155, C_t=0.7336 (tau=0.85), frame_ok=0
[ INFO] [1774852648.684219511, 1160.733000000]: [Multi Floor Nav] Current Robot Pose, x: 3.24, y: -0.24, yaw: 3.12
[ INFO] [1774852648.684267491, 1160.733000000]: [Multi Floor Nav] Linear Error: 0.35, Angular Error: 0.02
[ INFO] [1774852648.684296825, 1160.733000000]: [Multi Floor Nav] Module C: tr(??)=0.0159, C_t=0.7272 (tau=0.85), frame_ok=0
[ INFO] [1774852648.884382379, 1160.932000000]: [Multi Floor Nav] Current Robot Pose, x: 3.24, y: -0.23, yaw: 3.12
[ INFO] [1774852648.884433223, 1160.932000000]: [Multi Floor Nav] Linear Error: 0.36, Angular Error: 0.03
[ INFO] [1774852648.884461788, 1160.932000000]: [Multi Floor Nav] Module C: tr(??)=0.0164, C_t=0.7200 (tau=0.85), frame_ok=0
[ INFO] [1774852649.085539852, 1161.131000000]: [Multi Floor Nav] Current Robot Pose, x: 3.24, y: -0.24, yaw: 3.12
[ INFO] [1774852649.085560804, 1161.131000000]: [Multi Floor Nav] Linear Error: 0.35, Angular Error: 0.03
[ INFO] [1774852649.085572957, 1161.131000000]: [Multi Floor Nav] Module C: tr(??)=0.0162, C_t=0.7239 (tau=0.85), frame_ok=0
[ INFO] [1774852649.290772404, 1161.333000000]: [Multi Floor Nav] Current Robot Pose, x: 3.24, y: -0.24, yaw: 3.12
[ INFO] [1774852649.290793287, 1161.333000000]: [Multi Floor Nav] Linear Error: 0.36, Angular Error: 0.03
[ INFO] [1774852649.290805299, 1161.333000000]: [Multi Floor Nav] Module C: tr(??)=0.0162, C_t=0.7231 (tau=0.85), frame_ok=0
[ INFO] [1774852649.495423949, 1161.533000000]: [Multi Floor Nav] Current Robot Pose, x: 3.24, y: -0.24, yaw: 3.12
[ INFO] [1774852649.495447416, 1161.533000000]: [Multi Floor Nav] Linear Error: 0.35, Angular Error: 0.03
[ INFO] [1774852649.495460686, 1161.534000000]: [Multi Floor Nav] Module C: tr(??)=0.0157, C_t=0.7303 (tau=0.85), frame_ok=0
[ INFO] [1774852649.696250097, 1161.731000000]: [Multi Floor Nav] Current Robot Pose, x: 3.24, y: -0.24, yaw: 3.12
[ INFO] [1774852649.696267208, 1161.731000000]: [Multi Floor Nav] Linear Error: 0.35, Angular Error: 0.03
[ INFO] [1774852649.696277754, 1161.731000000]: [Multi Floor Nav] Module C: tr(??)=0.0156, C_t=0.7319 (tau=0.85), frame_ok=0
[ INFO] [1774852649.898396727, 1161.932000000]: [Multi Floor Nav] Current Robot Pose, x: 3.24, y: -0.24, yaw: 3.12
[ INFO] [1774852649.898428645, 1161.932000000]: [Multi Floor Nav] Linear Error: 0.35, Angular Error: 0.03
[ INFO] [1774852649.898447711, 1161.932000000]: [Multi Floor Nav] Module C: tr(??)=0.0155, C_t=0.7333 (tau=0.85), frame_ok=0
[ INFO] [1774852650.103795710, 1162.133000000]: [Multi Floor Nav] Current Robot Pose, x: 3.24, y: -0.24, yaw: 3.12
[ INFO] [1774852650.103854586, 1162.133000000]: [Multi Floor Nav] Linear Error: 0.35, Angular Error: 0.03
[ INFO] [1774852650.103885596, 1162.133000000]: [Multi Floor Nav] Module C: tr(??)=0.0153, C_t=0.7357 (tau=0.85), frame_ok=0
[ INFO] [1774852650.307130684, 1162.332000000]: [Multi Floor Nav] Current Robot Pose, x: 3.24, y: -0.25, yaw: 3.12
[ INFO] [1774852650.307194589, 1162.332000000]: [Multi Floor Nav] Linear Error: 0.35, Angular Error: 0.03
[ INFO] [1774852650.307245153, 1162.333000000]: [Multi Floor Nav] Module C: tr(??)=0.0151, C_t=0.7398 (tau=0.85), frame_ok=0
[ INFO] [1774852650.509348971, 1162.532000000]: [Multi Floor Nav] Current Robot Pose, x: 3.24, y: -0.25, yaw: 3.12
[ INFO] [1774852650.509410501, 1162.532000000]: [Multi Floor Nav] Linear Error: 0.35, Angular Error: 0.03
[ INFO] [1774852650.509458761, 1162.532000000]: [Multi Floor Nav] Module C: tr(??)=0.0152, C_t=0.7376 (tau=0.85), frame_ok=0
[ INFO] [1774852650.711420453, 1162.731000000]: [Multi Floor Nav] Current Robot Pose, x: 3.24, y: -0.24, yaw: 3.11
[ INFO] [1774852650.711440497, 1162.731000000]: [Multi Floor Nav] Linear Error: 0.35, Angular Error: 0.03
[ INFO] [1774852650.711452300, 1162.731000000]: [Multi Floor Nav] Module C: tr(??)=0.0154, C_t=0.7350 (tau=0.85), frame_ok=0
[ INFO] [1774852650.915388465, 1162.933000000]: [Multi Floor Nav] Current Robot Pose, x: 3.24, y: -0.25, yaw: 3.12
[ INFO] [1774852650.915438191, 1162.933000000]: [Multi Floor Nav] Linear Error: 0.35, Angular Error: 0.03
[ INFO] [1774852650.915468223, 1162.933000000]: [Multi Floor Nav] Module C: tr(??)=0.0149, C_t=0.7421 (tau=0.85), frame_ok=0
[ INFO] [1774852651.117633571, 1163.132000000]: [Multi Floor Nav] Current Robot Pose, x: 3.24, y: -0.25, yaw: 3.12
[ INFO] [1774852651.117656478, 1163.132000000]: [Multi Floor Nav] Linear Error: 0.35, Angular Error: 0.03
[ INFO] [1774852651.117674218, 1163.132000000]: [Multi Floor Nav] Module C: tr(??)=0.0150, C_t=0.7415 (tau=0.85), frame_ok=0
[ INFO] [1774852651.319872181, 1163.332000000]: [Multi Floor Nav] Current Robot Pose, x: 3.24, y: -0.24, yaw: 3.12
[ INFO] [1774852651.319890829, 1163.332000000]: [Multi Floor Nav] Linear Error: 0.35, Angular Error: 0.03
[ INFO] [1774852651.319903191, 1163.332000000]: [Multi Floor Nav] Module C: tr(??)=0.0153, C_t=0.7357 (tau=0.85), frame_ok=0
[ INFO] [1774852651.525218015, 1163.533000000]: [Multi Floor Nav] Current Robot Pose, x: 3.24, y: -0.24, yaw: 3.12
[ INFO] [1774852651.525283387, 1163.533000000]: [Multi Floor Nav] Linear Error: 0.35, Angular Error: 0.03
[ INFO] [1774852651.525319285, 1163.533000000]: [Multi Floor Nav] Module C: tr(??)=0.0155, C_t=0.7335 (tau=0.85), frame_ok=0
[ INFO] [1774852651.725188053, 1163.732000000]: [Multi Floor Nav] Current Robot Pose, x: 3.24, y: -0.25, yaw: 3.11
[ INFO] [1774852651.725251468, 1163.732000000]: [Multi Floor Nav] Linear Error: 0.35, Angular Error: 0.03
[ INFO] [1774852651.725326198, 1163.732000000]: [Multi Floor Nav] Module C: tr(??)=0.0149, C_t=0.7430 (tau=0.85), frame_ok=0
[ INFO] [1774852651.929481943, 1163.932000000]: [Multi Floor Nav] Current Robot Pose, x: 3.24, y: -0.25, yaw: 3.12
[ INFO] [1774852651.929530971, 1163.932000000]: [Multi Floor Nav] Linear Error: 0.34, Angular Error: 0.03
[ INFO] [1774852651.929564355, 1163.932000000]: [Multi Floor Nav] Module C: tr(??)=0.0144, C_t=0.7500 (tau=0.85), frame_ok=0
[ INFO] [1774852652.133900569, 1164.132000000]: [Multi Floor Nav] Current Robot Pose, x: 3.24, y: -0.25, yaw: 3.12
[ INFO] [1774852652.133955184, 1164.132000000]: [Multi Floor Nav] Linear Error: 0.34, Angular Error: 0.03
[ INFO] [1774852652.133997228, 1164.132000000]: [Multi Floor Nav] Module C: tr(??)=0.0146, C_t=0.7462 (tau=0.85), frame_ok=0
[ INFO] [1774852652.337080146, 1164.333000000]: [Multi Floor Nav] Current Robot Pose, x: 3.24, y: -0.25, yaw: 3.12
[ INFO] [1774852652.337130851, 1164.333000000]: [Multi Floor Nav] Linear Error: 0.34, Angular Error: 0.03
[ INFO] [1774852652.337159486, 1164.333000000]: [Multi Floor Nav] Module C: tr(??)=0.0146, C_t=0.7467 (tau=0.85), frame_ok=0
[ INFO] [1774852652.541356297, 1164.533000000]: [Multi Floor Nav] Current Robot Pose, x: 3.24, y: -0.25, yaw: 3.12
[ INFO] [1774852652.541405325, 1164.533000000]: [Multi Floor Nav] Linear Error: 0.34, Angular Error: 0.03
[ INFO] [1774852652.541432493, 1164.533000000]: [Multi Floor Nav] Module C: tr(??)=0.0143, C_t=0.7507 (tau=0.85), frame_ok=0
[ INFO] [1774852652.742700105, 1164.731000000]: [Multi Floor Nav] Current Robot Pose, x: 3.24, y: -0.26, yaw: 3.12
[ INFO] [1774852652.742720918, 1164.731000000]: [Multi Floor Nav] Linear Error: 0.34, Angular Error: 0.03
[ INFO] [1774852652.742733210, 1164.731000000]: [Multi Floor Nav] Module C: tr(??)=0.0137, C_t=0.7602 (tau=0.85), frame_ok=0
[ INFO] [1774852652.947072287, 1164.932000000]: [Multi Floor Nav] Current Robot Pose, x: 3.24, y: -0.26, yaw: 3.12
[ INFO] [1774852652.947091842, 1164.932000000]: [Multi Floor Nav] Linear Error: 0.34, Angular Error: 0.03
[ INFO] [1774852652.947103785, 1164.932000000]: [Multi Floor Nav] Module C: tr(??)=0.0127, C_t=0.7761 (tau=0.85), frame_ok=0
[ INFO] [1774852653.148808392, 1165.132000000]: [Multi Floor Nav] Current Robot Pose, x: 3.24, y: -0.26, yaw: 3.12
[ INFO] [1774852653.148827878, 1165.132000000]: [Multi Floor Nav] Linear Error: 0.34, Angular Error: 0.03
[ INFO] [1774852653.148839820, 1165.132000000]: [Multi Floor Nav] Module C: tr(??)=0.0133, C_t=0.7671 (tau=0.85), frame_ok=0
[ INFO] [1774852653.350486110, 1165.331000000]: [Multi Floor Nav] Current Robot Pose, x: 3.24, y: -0.26, yaw: 3.12
[ INFO] [1774852653.350508180, 1165.331000000]: [Multi Floor Nav] Linear Error: 0.34, Angular Error: 0.03
[ INFO] [1774852653.350519494, 1165.331000000]: [Multi Floor Nav] Module C: tr(??)=0.0134, C_t=0.7654 (tau=0.85), frame_ok=0
[ INFO] [1774852653.554734324, 1165.531000000]: [Multi Floor Nav] Current Robot Pose, x: 3.24, y: -0.26, yaw: 3.12
[ INFO] [1774852653.554759257, 1165.531000000]: [Multi Floor Nav] Linear Error: 0.34, Angular Error: 0.03
[ INFO] [1774852653.554773365, 1165.531000000]: [Multi Floor Nav] Module C: tr(??)=0.0130, C_t=0.7712 (tau=0.85), frame_ok=0
[ INFO] [1774852653.760026939, 1165.732000000]: [Multi Floor Nav] Current Robot Pose, x: 3.24, y: -0.26, yaw: 3.12
[ INFO] [1774852653.760047822, 1165.732000000]: [Multi Floor Nav] Linear Error: 0.34, Angular Error: 0.03
[ INFO] [1774852653.760057879, 1165.732000000]: [Multi Floor Nav] Module C: tr(??)=0.0130, C_t=0.7712 (tau=0.85), frame_ok=0
[ INFO] [1774852653.964173255, 1165.932000000]: [Multi Floor Nav] Current Robot Pose, x: 3.24, y: -0.27, yaw: 3.12
[ INFO] [1774852653.964220607, 1165.932000000]: [Multi Floor Nav] Linear Error: 0.33, Angular Error: 0.03
[ INFO] [1774852653.964262722, 1165.932000000]: [Multi Floor Nav] Module C: tr(??)=0.0126, C_t=0.7770 (tau=0.85), frame_ok=0
[ INFO] [1774852654.167307925, 1166.133000000]: [Multi Floor Nav] Current Robot Pose, x: 3.24, y: -0.27, yaw: 3.12
[ INFO] [1774852654.167334185, 1166.133000000]: [Multi Floor Nav] Linear Error: 0.33, Angular Error: 0.03
[ INFO] [1774852654.167351366, 1166.133000000]: [Multi Floor Nav] Module C: tr(??)=0.0123, C_t=0.7812 (tau=0.85), frame_ok=0
[ INFO] [1774852654.368087768, 1166.332000000]: [Multi Floor Nav] Current Robot Pose, x: 3.24, y: -0.27, yaw: 3.12
[ INFO] [1774852654.368138613, 1166.332000000]: [Multi Floor Nav] Linear Error: 0.33, Angular Error: 0.03
[ INFO] [1774852654.368169343, 1166.332000000]: [Multi Floor Nav] Module C: tr(??)=0.0120, C_t=0.7868 (tau=0.85), frame_ok=0
[ INFO] [1774852654.569988349, 1166.532000000]: [Multi Floor Nav] Current Robot Pose, x: 3.24, y: -0.27, yaw: 3.12
[ INFO] [1774852654.570055047, 1166.532000000]: [Multi Floor Nav] Linear Error: 0.33, Angular Error: 0.03
[ INFO] [1774852654.570130266, 1166.532000000]: [Multi Floor Nav] Module C: tr(??)=0.0124, C_t=0.7800 (tau=0.85), frame_ok=0
[ INFO] [1774852654.774364372, 1166.733000000]: [Multi Floor Nav] Current Robot Pose, x: 3.24, y: -0.27, yaw: 3.12
[ INFO] [1774852654.774389584, 1166.733000000]: [Multi Floor Nav] Linear Error: 0.33, Angular Error: 0.03
[ INFO] [1774852654.774401946, 1166.733000000]: [Multi Floor Nav] Module C: tr(??)=0.0117, C_t=0.7921 (tau=0.85), frame_ok=0
[ INFO] [1774852654.978177477, 1166.932000000]: [Multi Floor Nav] Current Robot Pose, x: 3.24, y: -0.27, yaw: 3.12
[ INFO] [1774852654.978197102, 1166.932000000]: [Multi Floor Nav] Linear Error: 0.33, Angular Error: 0.03
[ INFO] [1774852654.978209953, 1166.932000000]: [Multi Floor Nav] Module C: tr(??)=0.0117, C_t=0.7912 (tau=0.85), frame_ok=0
[ INFO] [1774852655.182094295, 1167.133000000]: [Multi Floor Nav] Current Robot Pose, x: 3.24, y: -0.27, yaw: 3.12
[ INFO] [1774852655.182189209, 1167.133000000]: [Multi Floor Nav] Linear Error: 0.33, Angular Error: 0.03
[ INFO] [1774852655.182246479, 1167.133000000]: [Multi Floor Nav] Module C: tr(??)=0.0119, C_t=0.7878 (tau=0.85), frame_ok=0
[ INFO] [1774852655.384079384, 1167.332000000]: [Multi Floor Nav] Current Robot Pose, x: 3.24, y: -0.27, yaw: 3.12
[ INFO] [1774852655.384099917, 1167.332000000]: [Multi Floor Nav] Linear Error: 0.33, Angular Error: 0.03
[ INFO] [1774852655.384111790, 1167.332000000]: [Multi Floor Nav] Module C: tr(??)=0.0112, C_t=0.7985 (tau=0.85), frame_ok=0
[ INFO] [1774852655.585704581, 1167.532000000]: [Multi Floor Nav] Current Robot Pose, x: 3.24, y: -0.28, yaw: 3.12
[ INFO] [1774852655.585724137, 1167.532000000]: [Multi Floor Nav] Linear Error: 0.33, Angular Error: 0.03
[ INFO] [1774852655.585735800, 1167.532000000]: [Multi Floor Nav] Module C: tr(??)=0.0111, C_t=0.8010 (tau=0.85), frame_ok=0
[ INFO] [1774852655.790195772, 1167.733000000]: [Multi Floor Nav] Current Robot Pose, x: 3.24, y: -0.28, yaw: 3.12
[ INFO] [1774852655.790243753, 1167.733000000]: [Multi Floor Nav] Linear Error: 0.33, Angular Error: 0.03
[ INFO] [1774852655.790272876, 1167.733000000]: [Multi Floor Nav] Module C: tr(??)=0.0112, C_t=0.7995 (tau=0.85), frame_ok=0
[ INFO] [1774852655.991289899, 1167.931000000]: [Multi Floor Nav] Current Robot Pose, x: 3.24, y: -0.28, yaw: 3.12
[ INFO] [1774852655.991315670, 1167.931000000]: [Multi Floor Nav] Linear Error: 0.33, Angular Error: 0.03
[ INFO] [1774852655.991328521, 1167.932000000]: [Multi Floor Nav] Module C: tr(??)=0.0107, C_t=0.8070 (tau=0.85), frame_ok=0
[ INFO] [1774852656.196213545, 1168.133000000]: [Multi Floor Nav] Current Robot Pose, x: 3.24, y: -0.28, yaw: 3.12
[ INFO] [1774852656.196267811, 1168.133000000]: [Multi Floor Nav] Linear Error: 0.33, Angular Error: 0.03
[ INFO] [1774852656.196324522, 1168.133000000]: [Multi Floor Nav] Module C: tr(??)=0.0113, C_t=0.7983 (tau=0.85), frame_ok=0
[ INFO] [1774852656.397282110, 1168.332000000]: [Multi Floor Nav] Current Robot Pose, x: 3.24, y: -0.27, yaw: 3.12
[ INFO] [1774852656.397350275, 1168.332000000]: [Multi Floor Nav] Linear Error: 0.33, Angular Error: 0.03
[ INFO] [1774852656.397417043, 1168.332000000]: [Multi Floor Nav] Module C: tr(??)=0.0114, C_t=0.7957 (tau=0.85), frame_ok=0
[ INFO] [1774852656.598265121, 1168.531000000]: [Multi Floor Nav] Current Robot Pose, x: 3.24, y: -0.27, yaw: 3.12
[ INFO] [1774852656.598311844, 1168.531000000]: [Multi Floor Nav] Linear Error: 0.33, Angular Error: 0.03
[ INFO] [1774852656.598340409, 1168.531000000]: [Multi Floor Nav] Module C: tr(??)=0.0115, C_t=0.7951 (tau=0.85), frame_ok=0
[ INFO] [1774852656.800123378, 1168.731000000]: [Multi Floor Nav] Current Robot Pose, x: 3.24, y: -0.27, yaw: 3.12
[ INFO] [1774852656.800152990, 1168.731000000]: [Multi Floor Nav] Linear Error: 0.33, Angular Error: 0.03
[ INFO] [1774852656.800165771, 1168.731000000]: [Multi Floor Nav] Module C: tr(??)=0.0119, C_t=0.7880 (tau=0.85), frame_ok=0
[ INFO] [1774852657.010459905, 1168.932000000]: [Multi Floor Nav] Current Robot Pose, x: 3.24, y: -0.28, yaw: 3.12
[ INFO] [1774852657.010482953, 1168.932000000]: [Multi Floor Nav] Linear Error: 0.33, Angular Error: 0.03
[ INFO] [1774852657.010495175, 1168.932000000]: [Multi Floor Nav] Module C: tr(??)=0.0114, C_t=0.7966 (tau=0.85), frame_ok=0
[ INFO] [1774852657.207076600, 1169.132000000]: [Multi Floor Nav] Current Robot Pose, x: 3.24, y: -0.28, yaw: 3.12
[ INFO] [1774852657.207151609, 1169.132000000]: [Multi Floor Nav] Linear Error: 0.32, Angular Error: 0.02
[ INFO] [1774852657.207182619, 1169.132000000]: [Multi Floor Nav] Module C: tr(??)=0.0109, C_t=0.8047 (tau=0.85), frame_ok=0
[ INFO] [1774852657.408661081, 1169.331000000]: [Multi Floor Nav] Current Robot Pose, x: 3.24, y: -0.28, yaw: 3.12
[ INFO] [1774852657.408681544, 1169.331000000]: [Multi Floor Nav] Linear Error: 0.32, Angular Error: 0.02
[ INFO] [1774852657.408693976, 1169.331000000]: [Multi Floor Nav] Module C: tr(??)=0.0106, C_t=0.8091 (tau=0.85), frame_ok=0
[ INFO] [1774852657.614018508, 1169.532000000]: [Multi Floor Nav] Current Robot Pose, x: 3.24, y: -0.28, yaw: 3.12
[ INFO] [1774852657.614073194, 1169.532000000]: [Multi Floor Nav] Linear Error: 0.32, Angular Error: 0.02
[ INFO] [1774852657.614133257, 1169.532000000]: [Multi Floor Nav] Module C: tr(??)=0.0099, C_t=0.8202 (tau=0.85), frame_ok=0
[ INFO] [1774852657.818658949, 1169.732000000]: [Multi Floor Nav] Current Robot Pose, x: 3.24, y: -0.29, yaw: 3.12
[ INFO] [1774852657.818725787, 1169.732000000]: [Multi Floor Nav] Linear Error: 0.32, Angular Error: 0.02
[ INFO] [1774852657.818773907, 1169.732000000]: [Multi Floor Nav] Module C: tr(??)=0.0096, C_t=0.8256 (tau=0.85), frame_ok=0
[ INFO] [1774852658.017884901, 1169.932000000]: [Multi Floor Nav] Current Robot Pose, x: 3.24, y: -0.28, yaw: 3.12
[ INFO] [1774852658.017907739, 1169.932000000]: [Multi Floor Nav] Linear Error: 0.32, Angular Error: 0.02
[ INFO] [1774852658.017920171, 1169.932000000]: [Multi Floor Nav] Module C: tr(??)=0.0108, C_t=0.8061 (tau=0.85), frame_ok=0
[ INFO] [1774852658.218509697, 1170.132000000]: [Multi Floor Nav] Current Robot Pose, x: 3.24, y: -0.28, yaw: 3.12
[ INFO] [1774852658.218533583, 1170.132000000]: [Multi Floor Nav] Linear Error: 0.32, Angular Error: 0.02
[ INFO] [1774852658.218551532, 1170.132000000]: [Multi Floor Nav] Module C: tr(??)=0.0103, C_t=0.8140 (tau=0.85), frame_ok=0
[ INFO] [1774852658.419317826, 1170.332000000]: [Multi Floor Nav] Current Robot Pose, x: 3.24, y: -0.28, yaw: 3.12
[ INFO] [1774852658.419343108, 1170.332000000]: [Multi Floor Nav] Linear Error: 0.32, Angular Error: 0.02
[ INFO] [1774852658.419356448, 1170.332000000]: [Multi Floor Nav] Module C: tr(??)=0.0103, C_t=0.8144 (tau=0.85), frame_ok=0
[ INFO] [1774852658.622783961, 1170.531000000]: [Multi Floor Nav] Current Robot Pose, x: 3.24, y: -0.28, yaw: 3.12
[ INFO] [1774852658.622804075, 1170.531000000]: [Multi Floor Nav] Linear Error: 0.32, Angular Error: 0.02
[ INFO] [1774852658.622817415, 1170.531000000]: [Multi Floor Nav] Module C: tr(??)=0.0113, C_t=0.7983 (tau=0.85), frame_ok=0
[ INFO] [1774852658.823925022, 1170.731000000]: [Multi Floor Nav] Current Robot Pose, x: 3.24, y: -0.28, yaw: 3.12
[ INFO] [1774852658.823991929, 1170.731000000]: [Multi Floor Nav] Linear Error: 0.32, Angular Error: 0.02
[ INFO] [1774852658.824043053, 1170.731000000]: [Multi Floor Nav] Module C: tr(??)=0.0113, C_t=0.7980 (tau=0.85), frame_ok=0
[ INFO] [1774852659.025255072, 1170.931000000]: [Multi Floor Nav] Current Robot Pose, x: 3.24, y: -0.28, yaw: 3.12
[ INFO] [1774852659.025276862, 1170.931000000]: [Multi Floor Nav] Linear Error: 0.32, Angular Error: 0.02
[ INFO] [1774852659.025289364, 1170.931000000]: [Multi Floor Nav] Module C: tr(??)=0.0106, C_t=0.8092 (tau=0.85), frame_ok=0
[ INFO] [1774852659.228288263, 1171.131000000]: [Multi Floor Nav] Current Robot Pose, x: 3.24, y: -0.29, yaw: 3.12
[ INFO] [1774852659.228307678, 1171.131000000]: [Multi Floor Nav] Linear Error: 0.32, Angular Error: 0.03
[ INFO] [1774852659.228319202, 1171.131000000]: [Multi Floor Nav] Module C: tr(??)=0.0097, C_t=0.8237 (tau=0.85), frame_ok=0
[ INFO] [1774852659.432661911, 1171.331000000]: [Multi Floor Nav] Current Robot Pose, x: 3.24, y: -0.29, yaw: 3.12
[ INFO] [1774852659.432720787, 1171.332000000]: [Multi Floor Nav] Linear Error: 0.32, Angular Error: 0.03
[ INFO] [1774852659.432751726, 1171.332000000]: [Multi Floor Nav] Module C: tr(??)=0.0097, C_t=0.8242 (tau=0.85), frame_ok=0
[ INFO] [1774852659.638159370, 1171.532000000]: [Multi Floor Nav] Current Robot Pose, x: 3.24, y: -0.29, yaw: 3.12
[ INFO] [1774852659.638207490, 1171.532000000]: [Multi Floor Nav] Linear Error: 0.32, Angular Error: 0.03
[ INFO] [1774852659.638251769, 1171.532000000]: [Multi Floor Nav] Module C: tr(??)=0.0097, C_t=0.8229 (tau=0.85), frame_ok=0
[ INFO] [1774852659.841965909, 1171.731000000]: [Multi Floor Nav] Current Robot Pose, x: 3.24, y: -0.29, yaw: 3.12
[ INFO] [1774852659.841986443, 1171.731000000]: [Multi Floor Nav] Linear Error: 0.32, Angular Error: 0.03
[ INFO] [1774852659.841998805, 1171.732000000]: [Multi Floor Nav] Module C: tr(??)=0.0098, C_t=0.8220 (tau=0.85), frame_ok=0
[ INFO] [1774852660.044749838, 1171.931000000]: [Multi Floor Nav] Current Robot Pose, x: 3.24, y: -0.29, yaw: 3.12
[ INFO] [1774852660.044783222, 1171.931000000]: [Multi Floor Nav] Linear Error: 0.32, Angular Error: 0.03
[ INFO] [1774852660.044803267, 1171.931000000]: [Multi Floor Nav] Module C: tr(??)=0.0098, C_t=0.8225 (tau=0.85), frame_ok=0
[ INFO] [1774852660.247791829, 1172.132000000]: [Multi Floor Nav] Current Robot Pose, x: 3.24, y: -0.29, yaw: 3.12
[ INFO] [1774852660.247817531, 1172.132000000]: [Multi Floor Nav] Linear Error: 0.32, Angular Error: 0.03
[ INFO] [1774852660.247833315, 1172.132000000]: [Multi Floor Nav] Module C: tr(??)=0.0094, C_t=0.8292 (tau=0.85), frame_ok=0
[ INFO] [1774852660.447881784, 1172.331000000]: [Multi Floor Nav] Current Robot Pose, x: 3.24, y: -0.29, yaw: 3.12
[ INFO] [1774852660.447901898, 1172.331000000]: [Multi Floor Nav] Linear Error: 0.32, Angular Error: 0.03
[ INFO] [1774852660.447914260, 1172.331000000]: [Multi Floor Nav] Module C: tr(??)=0.0088, C_t=0.8389 (tau=0.85), frame_ok=0
[ INFO] [1774852660.650529523, 1172.531000000]: [Multi Floor Nav] Current Robot Pose, x: 3.24, y: -0.29, yaw: 3.12
[ INFO] [1774852660.650549777, 1172.531000000]: [Multi Floor Nav] Linear Error: 0.32, Angular Error: 0.03
[ INFO] [1774852660.650561789, 1172.531000000]: [Multi Floor Nav] Module C: tr(??)=0.0093, C_t=0.8311 (tau=0.85), frame_ok=0
[ INFO] [1774852660.852091514, 1172.731000000]: [Multi Floor Nav] Current Robot Pose, x: 3.24, y: -0.29, yaw: 3.12
[ INFO] [1774852660.852111908, 1172.731000000]: [Multi Floor Nav] Linear Error: 0.32, Angular Error: 0.02
[ INFO] [1774852660.852123502, 1172.731000000]: [Multi Floor Nav] Module C: tr(??)=0.0089, C_t=0.8375 (tau=0.85), frame_ok=0
[ INFO] [1774852661.055224438, 1172.932000000]: [Multi Floor Nav] Current Robot Pose, x: 3.24, y: -0.29, yaw: 3.12
[ INFO] [1774852661.055247556, 1172.932000000]: [Multi Floor Nav] Linear Error: 0.32, Angular Error: 0.03
[ INFO] [1774852661.055259499, 1172.932000000]: [Multi Floor Nav] Module C: tr(??)=0.0088, C_t=0.8389 (tau=0.85), frame_ok=0
[ INFO] [1774852661.25861[run_one_experiment] Stopping launch (SIGINT)...
3260, 1173.133000000]: [Multi Floor Nav] Current Robot Pose, x: 3.24, y: -0.29, yaw: 3.12
[ INFO] [1774852661.258692389, 1173.133000000]: [Multi Floor Nav] Linear Error: 0.32, Angular Error: 0.03
[ INFO] [1774852661.258740161, 1173.133000000]: [Multi Floor Nav] Module C: tr(??)=0.0084, C_t=0.8447 (tau=0.85), frame_ok=0
[ INFO] [1774852661.459983887, 1173.331000000]: [Multi Floor Nav] Current Robot Pose, x: 3.24, y: -0.29, yaw: 3.12
[ INFO] [1774852661.460007773, 1173.331000000]: [Multi Floor Nav] Linear Error: 0.31, Angular Error: 0.03
[ INFO] [1774852661.460021601, 1173.331000000]: [Multi Floor Nav] Module C: tr(??)=0.0080, C_t=0.8521 (tau=0.85), frame_ok=1
[ INFO] [1774852661.661606780, 1173.531000000]: [Multi Floor Nav] Current Robot Pose, x: 3.24, y: -0.30, yaw: 3.12
[ INFO] [1774852661.661626475, 1173.531000000]: [Multi Floor Nav] Linear Error: 0.31, Angular Error: 0.03
[ INFO] [1774852661.661639186, 1173.531000000]: [Multi Floor Nav] Module C: tr(??)=0.0075, C_t=0.8601 (tau=0.85), frame_ok=1
[ INFO] [1774852661.867719119, 1173.732000000]: [Multi Floor Nav] Current Robot Pose, x: 3.24, y: -0.30, yaw: 3.12
[ INFO] [1774852661.867794477, 1173.732000000]: [Multi Floor Nav] Linear Error: 0.31, Angular Error: 0.03
[ INFO] [1774852661.867843715, 1173.732000000]: [Multi Floor Nav] Module C: tr(??)=0.0071, C_t=0.8679 (tau=0.85), frame_ok=1
[ INFO] [1774852661.867878496, 1173.732000000]: [Multi Floor Nav] Module C: reloc passed (consecutive 3 >= K=3)
[ INFO] [1774852661.867909505, 1173.732000000]: [Multi Floor Nav] Robot at correct pose
[ INFO] [1774852661.871383603, 1173.736000000]: [Multi Floor Nav] RELOC_PASS: linear_error=0.3115, angular_error=0.0253, linear_error_init=0.0501, angular_error_init=0.1753, tr_sigma=0.0071, C_t=0.8679
[ INFO] [1774852662.894378029, 1174.736000000]: [Multi Floor Nav] POST_PASS: dt=1.000s, linear_error=0.3105, angular_error=0.0255
[ INFO] [1774852662.894420632, 1174.736000000]: [Multi Floor Nav] Will send goal to x: 4, y: 5, at level: 1
[ INFO] [1774852662.894447311, 1174.736000000]: [Multi Floor Nav] Sending Robot to x: 4.0, y: 5.0, yaw: 0.0
[ INFO] [1774852663.096046947, 1174.936000000]: [Multi Floor Nav] POST_PASS: dt=1.200s, linear_error=0.3105, angular_error=0.0255
[ INFO] [1774852663.300817641, 1175.136000000]: [Multi Floor Nav] POST_PASS: dt=1.400s, linear_error=0.3105, angular_error=0.0255
[ INFO] [1774852663.503176239, 1175.336000000]: [Multi Floor Nav] POST_PASS: dt=1.600s, linear_error=0.2485, angular_error=0.1804
[ INFO] [1774852663.704843131, 1175.536000000]: [Multi Floor Nav] POST_PASS: dt=1.800s, linear_error=0.2567, angular_error=0.5065
[ INFO] [1774852697.532351181, 1208.736000000]: [Multi Floor Nav] Robot arrived at Goal
[ INFO] [1774852542.852785162, 1056.095000000]: global_costmap: Using plugin "static_layer"
[ INFO] [1774852542.860849066, 1056.103000000]: Requesting the map...
[ INFO] [1774852574.382685264, 1087.305000000]: Resizing costmap to 992 X 992 at 0.020000 m/pix
[ INFO] [1774852574.483221293, 1087.404000000]: Received a 992 X 992 map at 0.020000 m/pix
[ INFO] [1774852574.485275594, 1087.406000000]: global_costmap: Using plugin "obstacles_layer"
[ INFO] [1774852574.488908370, 1087.410000000]:     Subscribed to Topics: scan
[ INFO] [1774852574.497736195, 1087.419000000]: global_costmap: Using plugin "inflater_layer"
[ INFO] [1774852574.523839734, 1087.445000000]: local_costmap: Using plugin "obstacles_layer"
[ INFO] [1774852574.526475880, 1087.447000000]:     Subscribed to Topics: scan
[ INFO] [1774852574.535733157, 1087.456000000]: local_costmap: Using plugin "inflater_layer"
[ INFO] [1774852574.556215757, 1087.477000000]: Created local_planner base_local_planner/TrajectoryPlannerROS
[ INFO] [1774852574.560921291, 1087.482000000]: Sim period is set to 0.05
[ INFO] [1774852574.611711994, 1087.532000000]: Recovery behavior will clear layer 'obstacles'
[ INFO] [1774852574.614874811, 1087.535000000]: Recovery behavior will clear layer 'obstacles'
[ INFO] [1774852574.775308174, 1087.694000000]: odom received!
[run_one_experiment] Cleaning up residual processes after run...
[31m[urdf_spawner-8] process has died [pid 333114, exit code 1, cmd /opt/ros/noetic/lib/gazebo_ros/spawn_model -urdf -model jackal -param robot_description -x 5.0 -y -0.5 -z 0.5 __name:=urdf_spawner __log:=/home/eethanhe/.ros/log/aa3eb612-2c02-11f1-8d1e-01badb8e21cf/urdf_spawner-8.log].
log file: /home/eethanhe/.ros/log/aa3eb612-2c02-11f1-8d1e-01badb8e21cf/urdf_spawner-8*.log[0m

auto-starting new master
[1mprocess[master]: started with pid [333030][0m
[1mROS_MASTER_URI=http://localhost:11311[0m
]2;/home/eethanhe/catkin_ws/src/robot-multi-floor-navigation/multi_floor_nav/launch/nav.launch http://localhost:11311
[1msetting /run_id to aa3eb612-2c02-11f1-8d1e-01badb8e21cf[0m
[1mprocess[rosout-1]: started with pid [333055][0m
started core service [/rosout]
[1mprocess[gazebo-2]: started with pid [333062][0m
[1mprocess[robot_state_publisher-3]: started with pid [333066][0m
[1mprocess[controller_spawner-4]: started with pid [333068][0m
[1mprocess[ekf_localization-5]: started with pid [333072][0m
[1mprocess[twist_mux-6]: started with pid [333092][0m
[1mprocess[twist_marker_server-7]: started with pid [333107][0m
[1mprocess[urdf_spawner-8]: started with pid [333114][0m
[1mprocess[map_server0-9]: started with pid [333120][0m
[1mprocess[map_server1-10]: started with pid [333126][0m
[1mprocess[amcl-11]: started with pid [333128][0m
[1mprocess[move_base-12]: started with pid [333131][0m
[1mprocess[rviz-13]: started with pid [333139][0m
[1mprocess[change_map_node-14]: started with pid [333146][0m
[1mprocess[multi_floor_navigation_node-15]: started with pid [333152][0m
[multi_floor_navigation_node-15] killing on exit
[change_map_node-14] killing on exit
[rviz-13] killing on exit
[move_base-12] killing on exit
[amcl-11] killing on exit
[map_server1-10] killing on exit
[map_server0-9] killing on exit
[twist_marker_server-7] killing on exit
[twist_mux-6] killing on exit
[ekf_localization-5] killing on exit
[controller_spawner-4] killing on exit
[robot_state_publisher-3] killing on exit
[gazebo-2] killing on exit
[rosout-1] killing on exit
[master] killing on exit
shutting down processing monitor...
... shutting down processing monitor complete
[1mdone[0m
[run_one_experiment] Done. Log: multi_floor_nav/experiment_logs_sp_amcl/sp_amcl_c_pert_0.25_0.25_0.15_run2.log
