xacro: in-order processing became default in ROS Melodic. You can drop the option.
... logging to /home/eethanhe/.ros/log/af9b4728-2d02-11f1-8422-679edff71d44/roslaunch-eethanhe-Lenovo-Legion-R9000P2021H-9180.log
Checking log directory for disk usage. This may take a while.
Press Ctrl-C to interrupt
Done checking log file disk usage. Usage is <1GB.
]2;/home/eethanhe/catkin_ws/src/robot-multi-floor-navigation/multi_floor_nav/launch/nav.launch
[1mstarted roslaunch server http://eethanhe-Lenovo-Legion-R9000P2021H:41507/[0m

SUMMARY
========

PARAMETERS
 * /amcl/auto_update_noise: 0.0
 * /amcl/base_frame_id: base_link
 * /amcl/expected_laser_freq: 5.0
 * /amcl/first_map_only: False
 * /amcl/global_frame_id: map
 * /amcl/gui_publish_rate: 10.0
 * /amcl/initial_pose_a: 0.0
 * /amcl/initial_pose_x: 0.0
 * /amcl/initial_pose_y: 0.0
 * /amcl/kld_err: 0.05
 * /amcl/kld_z: 0.99
 * /amcl/laser_lambda_short: 0.1
 * /amcl/laser_likelihood_max_dist: 2.0
 * /amcl/laser_max_beams: 720
 * /amcl/laser_max_range: 30.0
 * /amcl/laser_min_range: 0.1
 * /amcl/laser_model_type: likelihood_field
 * /amcl/laser_sigma_hit: 0.2
 * /amcl/laser_z_hit: 0.5
 * /amcl/laser_z_max: 0.05
 * /amcl/laser_z_rand: 0.5
 * /amcl/laser_z_short: 0.05
 * /amcl/max_particles: 2000
 * /amcl/min_particles: 500
 * /amcl/odom_alpha1: 0.2
 * /amcl/odom_alpha2: 0.2
 * /amcl/odom_alpha3: 0.2
 * /amcl/odom_alpha4: 0.2
 * /amcl/odom_alpha5: 0.1
 * /amcl/odom_frame_id: odom
 * /amcl/odom_model_type: diff
 * /amcl/odom_update_interval: 0.1
 * /amcl/recovery_alpha_fast: 0.1
 * /amcl/recovery_alpha_slow: 0.001
 * /amcl/resample_interval: 1
 * /amcl/transform_tolerance: 1.0
 * /amcl/update_min_a: 0.3927
 * /amcl/update_min_d: 0.1
 * /amcl/use_map_topic: False
 * /ekf_localization/base_link_frame: base_link
 * /ekf_localization/frequency: 50
 * /ekf_localization/imu0: /imu/data
 * /ekf_localization/imu0_config: [False, False, Fa...
 * /ekf_localization/imu0_differential: False
 * /ekf_localization/odom0: /jackal_velocity_...
 * /ekf_localization/odom0_config: [False, False, Fa...
 * /ekf_localization/odom0_differential: False
 * /ekf_localization/odom_frame: odom
 * /ekf_localization/predict_to_current_time: True
 * /ekf_localization/world_frame: odom
 * /gazebo/enable_ros_network: True
 * /jackal_joint_publisher/publish_rate: 50
 * /jackal_joint_publisher/type: joint_state_contr...
 * /jackal_velocity_controller/angular/z/has_acceleration_limits: True
 * /jackal_velocity_controller/angular/z/has_velocity_limits: True
 * /jackal_velocity_controller/angular/z/max_acceleration: 25.0
 * /jackal_velocity_controller/angular/z/max_velocity: 4.0
 * /jackal_velocity_controller/cmd_vel_timeout: 0.25
 * /jackal_velocity_controller/enable_odom_tf: False
 * /jackal_velocity_controller/k_l: 0.1
 * /jackal_velocity_controller/k_r: 0.1
 * /jackal_velocity_controller/left_wheel: ['front_left_whee...
 * /jackal_velocity_controller/linear/x/has_acceleration_limits: True
 * /jackal_velocity_controller/linear/x/has_velocity_limits: True
 * /jackal_velocity_controller/linear/x/max_acceleration: 20.0
 * /jackal_velocity_controller/linear/x/max_velocity: 2.0
 * /jackal_velocity_controller/pose_covariance_diagonal: [0.001, 0.001, 10...
 * /jackal_velocity_controller/publish_cmd: True
 * /jackal_velocity_controller/publish_rate: 50
 * /jackal_velocity_controller/right_wheel: ['front_right_whe...
 * /jackal_velocity_controller/twist_covariance_diagonal: [0.001, 0.001, 0....
 * /jackal_velocity_controller/type: diff_drive_contro...
 * /jackal_velocity_controller/wheel_radius_multiplier: 1.0
 * /jackal_velocity_controller/wheel_separation_multiplier: 1.5
 * /move_base/NavfnROS/allow_unknown: True
 * /move_base/TrajectoryPlannerROS/acc_lim_theta: 20.0
 * /move_base/TrajectoryPlannerROS/acc_lim_x: 10.0
 * /move_base/TrajectoryPlannerROS/angular_sim_granularity: 0.02
 * /move_base/TrajectoryPlannerROS/controller_frequency: 20.0
 * /move_base/TrajectoryPlannerROS/dwa: True
 * /move_base/TrajectoryPlannerROS/escape_reset_dist: 0.1
 * /move_base/TrajectoryPlannerROS/escape_reset_theta: 0.1
 * /move_base/TrajectoryPlannerROS/escape_vel: -0.5
 * /move_base/TrajectoryPlannerROS/gdist_scale: 1.0
 * /move_base/TrajectoryPlannerROS/heading_lookahead: 0.325
 * /move_base/TrajectoryPlannerROS/heading_scoring: False
 * /move_base/TrajectoryPlannerROS/heading_scoring_timestep: 0.8
 * /move_base/TrajectoryPlannerROS/holonomic_robot: False
 * /move_base/TrajectoryPlannerROS/latch_xy_goal_tolerance: False
 * /move_base/TrajectoryPlannerROS/max_vel_theta: 1.57
 * /move_base/TrajectoryPlannerROS/max_vel_x: 0.5
 * /move_base/TrajectoryPlannerROS/meter_scoring: True
 * /move_base/TrajectoryPlannerROS/min_in_place_vel_theta: 0.314
 * /move_base/TrajectoryPlannerROS/min_vel_theta: -1.57
 * /move_base/TrajectoryPlannerROS/min_vel_x: 0.1
 * /move_base/TrajectoryPlannerROS/occdist_scale: 0.1
 * /move_base/TrajectoryPlannerROS/oscillation_reset_dist: 0.05
 * /move_base/TrajectoryPlannerROS/pdist_scale: 0.75
 * /move_base/TrajectoryPlannerROS/publish_cost_grid_pc: True
 * /move_base/TrajectoryPlannerROS/sim_granularity: 0.02
 * /move_base/TrajectoryPlannerROS/sim_time: 2.0
 * /move_base/TrajectoryPlannerROS/simple_attractor: False
 * /move_base/TrajectoryPlannerROS/vtheta_samples: 20
 * /move_base/TrajectoryPlannerROS/vx_samples: 6
 * /move_base/TrajectoryPlannerROS/xy_goal_tolerance: 0.25
 * /move_base/TrajectoryPlannerROS/yaw_goal_tolerance: 0.157
 * /move_base/base_global_planner: navfn/NavfnROS
 * /move_base/base_local_planner: base_local_planne...
 * /move_base/clearing_rotation_allowed: True
 * /move_base/controller_frequency: 20.0
 * /move_base/controller_patience: 15.0
 * /move_base/global_costmap/footprint: [[-0.21, -0.165],...
 * /move_base/global_costmap/footprint_padding: 0.1
 * /move_base/global_costmap/global_frame: map
 * /move_base/global_costmap/height: 40.0
 * /move_base/global_costmap/inflater_layer/inflation_radius: 0.3
 * /move_base/global_costmap/map_type: costmap
 * /move_base/global_costmap/meter_scoring: True
 * /move_base/global_costmap/obstacle_range: 2.5
 * /move_base/global_costmap/obstacles_layer/observation_sources: scan
 * /move_base/global_costmap/obstacles_layer/scan/clearing: True
 * /move_base/global_costmap/obstacles_layer/scan/data_type: LaserScan
 * /move_base/global_costmap/obstacles_layer/scan/marking: True
 * /move_base/global_costmap/obstacles_layer/scan/max_obstacle_height: 2.0
 * /move_base/global_costmap/obstacles_layer/scan/min_obstacle_height: -2.0
 * /move_base/global_costmap/obstacles_layer/scan/obstacle_range: 2.5
 * /move_base/global_costmap/obstacles_layer/scan/raytrace_range: 3.0
 * /move_base/global_costmap/obstacles_layer/scan/sensor_frame: front_laser
 * /move_base/global_costmap/obstacles_layer/scan/topic: front/scan
 * /move_base/global_costmap/origin_x: -20.0
 * /move_base/global_costmap/origin_y: -20.0
 * /move_base/global_costmap/origin_z: 0.0
 * /move_base/global_costmap/plugins: [{'name': 'static...
 * /move_base/global_costmap/publish_frequency: 5.0
 * /move_base/global_costmap/publish_voxel_map: False
 * /move_base/global_costmap/raytrace_range: 3.0
 * /move_base/global_costmap/resolution: 0.05
 * /move_base/global_costmap/robot_base_frame: base_link
 * /move_base/global_costmap/rolling_window: False
 * /move_base/global_costmap/static_map: True
 * /move_base/global_costmap/transform_tolerance: 0.5
 * /move_base/global_costmap/update_frequency: 20.0
 * /move_base/global_costmap/width: 40.0
 * /move_base/global_costmap/z_resolution: 1
 * /move_base/global_costmap/z_voxels: 2
 * /move_base/local_costmap/footprint: [[-0.21, -0.165],...
 * /move_base/local_costmap/footprint_padding: 0.1
 * /move_base/local_costmap/global_frame: map
 * /move_base/local_costmap/height: 10.0
 * /move_base/local_costmap/inflater_layer/inflation_radius: 0.3
 * /move_base/local_costmap/map_type: costmap
 * /move_base/local_costmap/meter_scoring: True
 * /move_base/local_costmap/obstacle_range: 2.5
 * /move_base/local_costmap/obstacles_layer/observation_sources: scan
 * /move_base/local_costmap/obstacles_layer/scan/clearing: True
 * /move_base/local_costmap/obstacles_layer/scan/data_type: LaserScan
 * /move_base/local_costmap/obstacles_layer/scan/marking: True
 * /move_base/local_costmap/obstacles_layer/scan/max_obstacle_height: 2.0
 * /move_base/local_costmap/obstacles_layer/scan/min_obstacle_height: -2.0
 * /move_base/local_costmap/obstacles_layer/scan/obstacle_range: 2.5
 * /move_base/local_costmap/obstacles_layer/scan/raytrace_range: 3.0
 * /move_base/local_costmap/obstacles_layer/scan/sensor_frame: front_laser
 * /move_base/local_costmap/obstacles_layer/scan/topic: front/scan
 * /move_base/local_costmap/origin_z: 0.0
 * /move_base/local_costmap/plugins: [{'name': 'obstac...
 * /move_base/local_costmap/publish_frequency: 5.0
 * /move_base/local_costmap/publish_voxel_map: False
 * /move_base/local_costmap/raytrace_range: 3.0
 * /move_base/local_costmap/resolution: 0.05
 * /move_base/local_costmap/robot_base_frame: base_link
 * /move_base/local_costmap/rolling_window: True
 * /move_base/local_costmap/static_map: False
 * /move_base/local_costmap/transform_tolerance: 0.5
 * /move_base/local_costmap/update_frequency: 20.0
 * /move_base/local_costmap/width: 10.0
 * /move_base/local_costmap/z_resolution: 1
 * /move_base/local_costmap/z_voxels: 2
 * /move_base/oscillation_distance: 0.5
 * /move_base/oscillation_timeout: 0.0
 * /move_base/planner_frequency: 20.0
 * /move_base/planner_patience: 5.0
 * /move_base/recovery_behavior_enabled: True
 * /move_base/shutdown_costmaps: False
 * /multi_floor_navigation_node/init_pose_offset_theta: 0
 * /multi_floor_navigation_node/init_pose_offset_x: 0
 * /multi_floor_navigation_node/init_pose_offset_y: 0
 * /multi_floor_navigation_node/region_init_sigma_x: 0
 * /multi_floor_navigation_node/region_init_sigma_y: 0
 * /multi_floor_navigation_node/region_init_sigma_yaw: 0
 * /robot_description: <?xml version="1....
 * /rosdistro: noetic
 * /rosversion: 1.17.0
 * /twist_marker_server/link_name: base_link
 * /twist_mux/locks: [{'name': 'e_stop...
 * /twist_mux/topics: [{'name': 'joy', ...
 * /use_gui: True
 * /use_sim_time: True

NODES
  /
    amcl (amcl/amcl)
    change_map_node (multi_floor_nav/change_map_node)
    controller_spawner (controller_manager/spawner)
    ekf_localization (robot_localization/ekf_localization_node)
    gazebo (gazebo_ros/gzserver)
    map_server0 (map_server/map_server)
    map_server1 (map_server/map_server)
    move_base (move_base/move_base)
    multi_floor_navigation_node (multi_floor_nav/multi_floor_navigation_node)
    robot_state_publisher (robot_state_publisher/robot_state_publisher)
    rviz (rviz/rviz)
    twist_marker_server (interactive_marker_twist_server/marker_server)
    twist_mux (twist_mux/twist_mux)
    urdf_spawner (gazebo_ros/spawn_model)
[ INFO] [1774962500.138758055]: Finished loading Gazebo ROS API Plugin.
[ INFO] [1774962500.140078820]: waitForService: Service [/gazebo/set_physics_properties] has not been advertised, waiting...
[1;33mWarning [Model.cc:216][0m Non-unique name[door] detected 2 times in XML children of model with name[elevator].
[1;33mWarning [Model.cc:309][0m Joint with name [door] in model with name [elevator] has a name collision, changing joint name to [door_joint].
[ INFO] [1774962501.717858039]: waitForService: Service [/gazebo/set_physics_properties] is now available.
[ INFO] [1774962501.735868746]: Physics dynamic reconfigure ready.
[1;33mWarning [parser_urdf.cc:1161][0m multiple inconsistent <gravity> exists due to fixed joint reduction overwriting previous value [true] with [false].
[1;33mWarning [parser_urdf.cc:1161][0m multiple inconsistent <gravity> exists due to fixed joint reduction overwriting previous value [false] with [true].
[ERROR] [1774962502.495628346, 1055.079000000]: No p gain specified for pid.  Namespace: /gazebo_ros_control/pid_gains/front_left_wheel
[ERROR] [1774962502.496022559, 1055.079000000]: No p gain specified for pid.  Namespace: /gazebo_ros_control/pid_gains/front_right_wheel
[ERROR] [1774962502.496413000, 1055.079000000]: No p gain specified for pid.  Namespace: /gazebo_ros_control/pid_gains/rear_left_wheel
[ERROR] [1774962502.496776975, 1055.079000000]: No p gain specified for pid.  Namespace: /gazebo_ros_control/pid_gains/rear_right_wheel
[ WARN] [1774962502.545834516, 1055.081000000]: Failed to meet update rate! Took 1055.0809999999999036
[ WARN] [1774962502.546033194, 1055.081000000]: Timed out waiting for transform from base_link to map to become available before running costmap, tf error: canTransform: target_frame map does not exist. canTransform: source_frame base_link does not exist.. canTransform returned after 1055.08 timeout was 0.1.
[ WARN] [1774962502.546923787, 1055.082000000]: Failed to meet update rate! Took 1055.0619999999998981
[ WARN] [1774962502.786699076]: Interactive marker 'robot_twist_marker' contains unnormalized quaternions. This warning will only be output once but may be true for others; enable DEBUG messages for ros.rviz.quaternions to see more details.
[ WARN] [1774962503.801940574, 1056.325000000]: global_costmap: Pre-Hydro parameter "static_map" unused since "plugins" is provided
[ WARN] [1774962503.802172842, 1056.325000000]: global_costmap: Pre-Hydro parameter "map_type" unused since "plugins" is provided
[ WARN] [1774962534.491271010, 1086.691000000]: local_costmap: Pre-Hydro parameter "static_map" unused since "plugins" is provided
[ WARN] [1774962534.491620194, 1086.691000000]: local_costmap: Pre-Hydro parameter "map_type" unused since "plugins" is provided
[ WARN] [1774962534.543672927, 1086.743000000]: Parameter pdist_scale is deprecated. Please use the name path_distance_bias instead.
[ WARN] [1774962534.544317312, 1086.744000000]: Parameter gdist_scale is deprecated. Please use the name goal_distance_bias instead.
[ INFO] [1774962499.525506401]: [Multi Floor Nav] Module A sigma: L0=(0.000,0.000,0.000) L1=(0.000,0.000,0.000)
[ INFO] [1774962499.526442869]: [Multi Floor Nav] Module A delay: L0=6.0s  L1=6.0s  backoff: factor=1.30 max=2.00
[ INFO] [1774962534.331685218, 1086.532000000]: [Multi Floor Nav] Successfully loaded map for level: 0
[ INFO] [1774962534.342248819, 1086.542000000]: [Multi Floor Nav] Initializing Robot at x: 5.0, y: -0.5, yaw: 0.0 (level=0, sigma: x=0.000, y=0.000, yaw=0.000, retry=0)
[ INFO] [1774962534.342351898, 1086.542000000]: [Multi Floor Nav] Initializing Pose to x: 5.00, y: -0.50 at level: 0
[ INFO] [1774962535.354032418, 1087.545000000]: [Multi Floor Nav] Waiting for AMCL nomotion updates (1.0/6.0s, L0)...
[ INFO] [1774962536.567680654, 1088.745000000]: [Multi Floor Nav] Waiting for AMCL nomotion updates (2.2/6.0s, L0)...
[ INFO] [1774962537.579485495, 1089.746000000]: [Multi Floor Nav] Waiting for AMCL nomotion updates (3.2/6.0s, L0)...
[ INFO] [1774962538.795438733, 1090.945000000]: [Multi Floor Nav] Waiting for AMCL nomotion updates (4.4/6.0s, L0)...
[ INFO] [1774962540.012422738, 1092.145000000]: [Multi Floor Nav] Waiting for AMCL nomotion updates (5.6/6.0s, L0)...
[ INFO] [1774962540.413952688, 1092.544000000]: [Multi Floor Nav] Current Robot Pose, x: 4.10, y: 3.70, yaw: 1.57
[ INFO] [1774962540.413973081, 1092.544000000]: [Multi Floor Nav] Linear Error: 4.30, Angular Error: 1.57
[ INFO] [1774962540.413982928, 1092.544000000]: [Multi Floor Nav] Setting initial pose failed. Will Retry (retry #1)
[ INFO] [1774962540.615620030, 1092.744000000]: [Multi Floor Nav] Initializing Robot at x: 5.0, y: -0.5, yaw: 0.0 (level=0, sigma: x=0.000, y=0.000, yaw=0.000, retry=1)
[ INFO] [1774962540.615650758, 1092.745000000]: [Multi Floor Nav] Initializing Pose to x: 5.00, y: -0.50 at level: 0
[ INFO] [1774962541.629887068, 1093.749000000]: [Multi Floor Nav] Waiting for AMCL nomotion updates (1.0/6.0s, L0)...
[ INFO] [1774962542.637007227, 1094.749000000]: [Multi Floor Nav] Waiting for AMCL nomotion updates (2.0/6.0s, L0)...
[ INFO] [1774962543.849372326, 1095.948000000]: [Multi Floor Nav] Waiting for AMCL nomotion updates (3.2/6.0s, L0)...
[ INFO] [1774962545.061710391, 1097.149000000]: [Multi Floor Nav] Waiting for AMCL nomotion updates (4.4/6.0s, L0)...
[ INFO] [1774962546.075311658, 1098.149000000]: [Multi Floor Nav] Waiting for AMCL nomotion updates (5.4/6.0s, L0)...
[ INFO] [1774962546.682492574, 1098.748000000]: [Multi Floor Nav] Current Robot Pose, x: 5.00, y: -0.50, yaw: -0.03
[ INFO] [1774962546.682510732, 1098.748000000]: [Multi Floor Nav] Linear Error: 0.00, Angular Error: 0.03
[ INFO] [1774962546.682520579, 1098.748000000]: [Multi Floor Nav] Robot at correct pose
[ INFO] [1774962546.683832266, 1098.749000000]: [Multi Floor Nav] RELOC_PASS: linear_error=0.0007, angular_error=0.0294, linear_error_init=0.0007, angular_error_init=0.0294, tr_sigma=0.1615, C_t=0.8508
[ INFO] [1774962547.698730630, 1099.749000000]: [Multi Floor Nav] POST_PASS: dt=1.000s, linear_error=0.0007, angular_error=0.0306
[ INFO] [1774962547.698778329, 1099.749000000]: [Multi Floor Nav] Will send goal to x: 3, y: -0, at level: 0
[ INFO] [1774962547.698799420, 1099.749000000]: [Multi Floor Nav] Sending Robot to x: 3.0, y: -0.5, yaw: 3.1
[ INFO] [1774962547.900447646, 1099.949000000]: [Multi Floor Nav] POST_PASS: dt=1.200s, linear_error=0.0007, angular_error=0.0306
[ INFO] [1774962548.103216323, 1100.149000000]: [Multi Floor Nav] POST_PASS: dt=1.400s, linear_error=0.0013, angular_error=0.4315
[ INFO] [1774962548.305630905, 1100.350000000]: [Multi Floor Nav] POST_PASS: dt=1.601s, linear_error=0.0013, angular_error=0.4315
[ INFO] [1774962548.506168535, 1100.549000000]: [Multi Floor Nav] POST_PASS: dt=1.800s, linear_error=0.0019, angular_error=0.8425
[ INFO] [1774962548.707927552, 1100.749000000]: [Multi Floor Nav] POST_PASS: dt=2.000s, linear_error=0.0638, angular_error=1.2610
[ INFO] [1774962567.277807771, 1119.149000000]: [Multi Floor Nav] Requesting Lift to Level 0
[ INFO] [1774962567.479462374, 1119.350000000]: [Multi Floor Nav] Entering Lift at Level 0
[ INFO] [1774962584.830927000, 1136.549000000]: [Multi Floor Nav] Requesting Lift to Level 1
[ INFO] [1774962591.884070928, 1143.550000000]: [Multi Floor Nav] Exiting Lift at Level 1
[ INFO] [1774962604.650630259, 1156.132000000]: [Multi Floor Nav] Successfully loaded map for level: 1
[ INFO] [1774962604.670550855, 1156.152000000]: [Multi Floor Nav] Initializing Robot at x: 3.0, y: -0.5, yaw: 3.1 (level=1, sigma: x=0.000, y=0.000, yaw=0.000, retry=0)
[ INFO] [1774962604.670579910, 1156.152000000]: [Multi Floor Nav] Initializing Pose to x: 3.00, y: -0.50 at level: 1
[ INFO] [1774962605.686706365, 1157.155000000]: [Multi Floor Nav] Waiting for AMCL nomotion updates (1.0/6.0s, L1)...
[ INFO] [1774962606.701286881, 1158.156000000]: [Multi Floor Nav] Waiting for AMCL nomotion updates (2.0/6.0s, L1)...
[ INFO] [1774962607.921940553, 1159.355000000]: [Multi Floor Nav] Waiting for AMCL nomotion updates (3.2/6.0s, L1)...
[ INFO] [1774962609.140292659, 1160.554000000]: [Multi Floor Nav] Waiting for AMCL nomotion updates (4.4/6.0s, L1)...
[ INFO] [1774962610.158418422, 1161.554000000]: [Multi Floor Nav] Waiting for AMCL nomotion updates (5.4/6.0s, L1)...
[ INFO] [1774962610.769291001, 1162.155000000]: [Multi Floor Nav] Current Robot Pose, x: 3.00, y: -0.50, yaw: 3.11
[ INFO] [1774962610.769309091, 1162.155000000]: [Multi Floor Nav] Linear Error: 0.00, Angular Error: 0.03
[ INFO] [1774962610.769315795, 1162.155000000]: [Multi Floor Nav] Robot at correct pose
[ INFO] [1774962610.770547252, 1162.157000000]: [Multi Floor Nav] RELOC_PASS: linear_error=0.0011, angular_error=0.0285, linear_error_init=0.0011, angular_error_init=0.0285, tr_sigma=0.0000, C_t=1.0000
[ INFO] [1774962611.785543473, 1163.157000000]: [Multi Floor Nav] POST_PASS: dt=1.000s, linear_error=0.0011, angular_error=0.0298
[ INFO] [1774962611.785569384, 1163.157000000]: [Multi Floor Nav] Will send goal to x: 4, y: 5, at level: 1
[ INFO] [1774962611.785584400, 1163.157000000]: [Multi Floor Nav] Sending Robot to x: 4.0, y: 5.0, yaw: 0.0
[ INFO] [1774962611.988206829, 1163.357000000]: [Multi Floor Nav] POST_PASS: dt=1.200s, linear_error=0.0011, angular_error=0.0298
[ INFO] [1774962612.194234424, 1163.557000000]: [Multi Floor Nav] POST_PASS: dt=1.400s, linear_error=0.0011, angular_error=0.0298
[ INFO] [1774962612.395778639, 1163.757000000]: [Multi Floor Nav] POST_PASS: dt=1.600s, linear_error=0.1503, angular_error=0.2479
[ INFO] [1774962612.597257202, 1163.957000000]: [Multi Floor Nav] POST_PASS: dt=1.800s, linear_error=0.1503, angular_error=0.2479
[ INFO] [1774962612.801066044, 1164.157000000]: [Multi Floor Nav] POST_PASS: dt=2.000s, linear_error=0.3696, angular_error=0.8184
[ INFO] [1774962632.491280177, 1183.558000000]: [Multi Floor Nav] Robot arrived at Goal
[ INFO] [1774962503.803821696, 1056.327000000]: global_costmap: Using plugin "static_layer"
[ INFO] [1774962503.815039711, 1056.338000000]: Requesting the map...
[ INFO] [1774962534.341691031, 1086.542000000]: Resizing costmap to 992 X 992 at 0.020000 m/pix
[ INFO] [1774962534.440450201, 1086.640000000]: Received a 992 X 992 map at 0.020000 m/pix
[ INFO] [1774962534.446258607, 1086.646000000]: global_costmap: Using plugin "obstacles_layer"
[ INFO] [1774962534.452217790, 1086.652000000]:     Subscribed to Topics: scan
[ INFO] [1774962534.465219468, 1086.665000000]: global_costmap: Using plugin "inflater_layer"
[ INFO] [1774962534.492251031, 1086.692000000]: local_costmap: Using plugin "obstacles_layer"
[ INFO] [1774962534.495325950, 1086.695000000]:     Subscribed to Topics: scan
[ INFO] [1774962534.510419104, 1086.710000000]: local_costmap: Using plugin "inflater_layer"
[ INFO] [1774962534.533435324, 1086.733000000]: Created local_planner base_local_planner/TrajectoryPlannerROS
[ INFO] [1774962534.538896920, 1086.738000000]: Sim period is set to 0.05
[ INFO] [1774962534.635426267, 1086.834000000]: Recovery behavior will clear layer 'obstacles'
[ INFO] [1774962534.639848689, 1086.839000000]: Recovery behavior will clear layer 'obstacles'
[ INFO] [1774962534.662794444, 1086.862000000]: odom received!

auto-starting new master
[1mprocess[master]: started with pid [9270][0m
[1mROS_MASTER_URI=http://localhost:11311[0m
]2;/home/eethanhe/catkin_ws/src/robot-multi-floor-navigation/multi_floor_nav/launch/nav.launch http://localhost:11311
[1msetting /run_id to af9b4728-2d02-11f1-8422-679edff71d44[0m
[1mprocess[rosout-1]: started with pid [9295][0m
started core service [/rosout]
[1mprocess[gazebo-2]: started with pid [9299][0m
[1mprocess[robot_state_publisher-3]: started with pid [9306][0m
[1mprocess[controller_spawner-4]: started with pid [9308][0m
[1mprocess[ekf_localization-5]: started with pid [9309][0m
[1mprocess[twist_mux-6]: started with pid [9310][0m
[1mprocess[twist_marker_server-7]: started with pid [9311][0m
[1mprocess[urdf_spawner-8]: started with pid [9312][0m
[1mprocess[map_server0-9]: started with pid [9318][0m
[1mprocess[map_server1-10]: started with pid [9324][0m
[1mprocess[amcl-11]: started with pid [9333][0m
[1mprocess[move_base-12]: started with pid [9336][0m
[1mprocess[rviz-13]: started with pid [9343][0m
[1mprocess[change_map_node-14]: started with pid [9353][0m
[1mprocess[multi_floor_navigation_node-15]: started with pid [9376][0m
[1m[urdf_spawner-8] process has finished cleanly
log file: /home/eethanhe/.ros/log/af9b4728-2d02-11f1-8422-679edff71d44/urdf_spawner-8*.log[0m
[multi_floor_navigation_node-15] killing on exit
[change_map_node-14] killing on exit
[rviz-13] killing on exit
[move_base-12] killing on exit
[amcl-11] killing on exit
[map_server1-10] killing on exit
[map_server0-9] killing on exit
[twist_marker_server-7] killing on exit
[twist_mux-6] killing on exit
[ekf_localization-5] killing on exit
[controller_spawner-4] killing on exit
[robot_state_publisher-3] killing on exit
[gazebo-2] killing on exit
[rosout-1] killing on exit
[master] killing on exit
shutting down processing monitor...
... shutting down processing monitor complete
[1mdone[0m
