xacro: in-order processing became default in ROS Melodic. You can drop the option.
... logging to /home/eethanhe/.ros/log/fd6ac73a-2bf4-11f1-8d1e-01badb8e21cf/roslaunch-eethanhe-Lenovo-Legion-R9000P2021H-219118.log
Checking log directory for disk usage. This may take a while.
Press Ctrl-C to interrupt
Done checking log file disk usage. Usage is <1GB.
]2;/home/eethanhe/catkin_ws/src/robot-multi-floor-navigation/multi_floor_nav/launch/nav.launch
[1mstarted roslaunch server http://eethanhe-Lenovo-Legion-R9000P2021H:38905/[0m

SUMMARY
========

PARAMETERS
 * /amcl/auto_update_noise: 0.0
 * /amcl/base_frame_id: base_link
 * /amcl/expected_laser_freq: 5.0
 * /amcl/first_map_only: False
 * /amcl/global_frame_id: map
 * /amcl/gui_publish_rate: 10.0
 * /amcl/initial_pose_a: 0.0
 * /amcl/initial_pose_x: 0.0
 * /amcl/initial_pose_y: 0.0
 * /amcl/kld_err: 0.05
 * /amcl/kld_z: 0.99
 * /amcl/laser_lambda_short: 0.1
 * /amcl/laser_likelihood_max_dist: 2.0
 * /amcl/laser_max_beams: 720
 * /amcl/laser_max_range: 30.0
 * /amcl/laser_min_range: 0.1
 * /amcl/laser_model_type: likelihood_field
 * /amcl/laser_sigma_hit: 0.2
 * /amcl/laser_z_hit: 0.5
 * /amcl/laser_z_max: 0.05
 * /amcl/laser_z_rand: 0.5
 * /amcl/laser_z_short: 0.05
 * /amcl/max_particles: 2000
 * /amcl/min_particles: 500
 * /amcl/odom_alpha1: 0.2
 * /amcl/odom_alpha2: 0.2
 * /amcl/odom_alpha3: 0.2
 * /amcl/odom_alpha4: 0.2
 * /amcl/odom_alpha5: 0.1
 * /amcl/odom_frame_id: odom
 * /amcl/odom_model_type: diff
 * /amcl/odom_update_interval: 0.1
 * /amcl/recovery_alpha_fast: 0.1
 * /amcl/recovery_alpha_slow: 0.001
 * /amcl/resample_interval: 1
 * /amcl/transform_tolerance: 1.0
 * /amcl/update_min_a: 0.3927
 * /amcl/update_min_d: 0.1
 * /amcl/use_map_topic: False
 * /ekf_localization/base_link_frame: base_link
 * /ekf_localization/frequency: 50
 * /ekf_localization/imu0: /imu/data
 * /ekf_localization/imu0_config: [False, False, Fa...
 * /ekf_localization/imu0_differential: False
 * /ekf_localization/odom0: /jackal_velocity_...
 * /ekf_localization/odom0_config: [False, False, Fa...
 * /ekf_localization/odom0_differential: False
 * /ekf_localization/odom_frame: odom
 * /ekf_localization/predict_to_current_time: True
 * /ekf_localization/world_frame: odom
 * /gazebo/enable_ros_network: True
 * /jackal_joint_publisher/publish_rate: 50
 * /jackal_joint_publisher/type: joint_state_contr...
 * /jackal_velocity_controller/angular/z/has_acceleration_limits: True
 * /jackal_velocity_controller/angular/z/has_velocity_limits: True
 * /jackal_velocity_controller/angular/z/max_acceleration: 25.0
 * /jackal_velocity_controller/angular/z/max_velocity: 4.0
 * /jackal_velocity_controller/cmd_vel_timeout: 0.25
 * /jackal_velocity_controller/enable_odom_tf: False
 * /jackal_velocity_controller/k_l: 0.1
 * /jackal_velocity_controller/k_r: 0.1
 * /jackal_velocity_controller/left_wheel: ['front_left_whee...
 * /jackal_velocity_controller/linear/x/has_acceleration_limits: True
 * /jackal_velocity_controller/linear/x/has_velocity_limits: True
 * /jackal_velocity_controller/linear/x/max_acceleration: 20.0
 * /jackal_velocity_controller/linear/x/max_velocity: 2.0
 * /jackal_velocity_controller/pose_covariance_diagonal: [0.001, 0.001, 10...
 * /jackal_velocity_controller/publish_cmd: True
 * /jackal_velocity_controller/publish_rate: 50
 * /jackal_velocity_controller/right_wheel: ['front_right_whe...
 * /jackal_velocity_controller/twist_covariance_diagonal: [0.001, 0.001, 0....
 * /jackal_velocity_controller/type: diff_drive_contro...
 * /jackal_velocity_controller/wheel_radius_multiplier: 1.0
 * /jackal_velocity_controller/wheel_separation_multiplier: 1.5
 * /move_base/NavfnROS/allow_unknown: True
 * /move_base/TrajectoryPlannerROS/acc_lim_theta: 20.0
 * /move_base/TrajectoryPlannerROS/acc_lim_x: 10.0
 * /move_base/TrajectoryPlannerROS/angular_sim_granularity: 0.02
 * /move_base/TrajectoryPlannerROS/controller_frequency: 20.0
 * /move_base/TrajectoryPlannerROS/dwa: True
 * /move_base/TrajectoryPlannerROS/escape_reset_dist: 0.1
 * /move_base/TrajectoryPlannerROS/escape_reset_theta: 0.1
 * /move_base/TrajectoryPlannerROS/escape_vel: -0.5
 * /move_base/TrajectoryPlannerROS/gdist_scale: 1.0
 * /move_base/TrajectoryPlannerROS/heading_lookahead: 0.325
 * /move_base/TrajectoryPlannerROS/heading_scoring: False
 * /move_base/TrajectoryPlannerROS/heading_scoring_timestep: 0.8
 * /move_base/TrajectoryPlannerROS/holonomic_robot: False
 * /move_base/TrajectoryPlannerROS/latch_xy_goal_tolerance: False
 * /move_base/TrajectoryPlannerROS/max_vel_theta: 1.57
 * /move_base/TrajectoryPlannerROS/max_vel_x: 0.5
 * /move_base/TrajectoryPlannerROS/meter_scoring: True
 * /move_base/TrajectoryPlannerROS/min_in_place_vel_theta: 0.314
 * /move_base/TrajectoryPlannerROS/min_vel_theta: -1.57
 * /move_base/TrajectoryPlannerROS/min_vel_x: 0.1
 * /move_base/TrajectoryPlannerROS/occdist_scale: 0.1
 * /move_base/TrajectoryPlannerROS/oscillation_reset_dist: 0.05
 * /move_base/TrajectoryPlannerROS/pdist_scale: 0.75
 * /move_base/TrajectoryPlannerROS/publish_cost_grid_pc: True
 * /move_base/TrajectoryPlannerROS/sim_granularity: 0.02
 * /move_base/TrajectoryPlannerROS/sim_time: 2.0
 * /move_base/TrajectoryPlannerROS/simple_attractor: False
 * /move_base/TrajectoryPlannerROS/vtheta_samples: 20
 * /move_base/TrajectoryPlannerROS/vx_samples: 6
 * /move_base/TrajectoryPlannerROS/xy_goal_tolerance: 0.25
 * /move_base/TrajectoryPlannerROS/yaw_goal_tolerance: 0.157
 * /move_base/base_global_planner: navfn/NavfnROS
 * /move_base/base_local_planner: base_local_planne...
 * /move_base/clearing_rotation_allowed: True
 * /move_base/controller_frequency: 20.0
 * /move_base/controller_patience: 15.0
 * /move_base/global_costmap/footprint: [[-0.21, -0.165],...
 * /move_base/global_costmap/footprint_padding: 0.1
 * /move_base/global_costmap/global_frame: map
 * /move_base/global_costmap/height: 40.0
 * /move_base/global_costmap/inflater_layer/inflation_radius: 0.3
 * /move_base/global_costmap/map_type: costmap
 * /move_base/global_costmap/meter_scoring: True
 * /move_base/global_costmap/obstacle_range: 2.5
 * /move_base/global_costmap/obstacles_layer/observation_sources: scan
 * /move_base/global_costmap/obstacles_layer/scan/clearing: True
 * /move_base/global_costmap/obstacles_layer/scan/data_type: LaserScan
 * /move_base/global_costmap/obstacles_layer/scan/marking: True
 * /move_base/global_costmap/obstacles_layer/scan/max_obstacle_height: 2.0
 * /move_base/global_costmap/obstacles_layer/scan/min_obstacle_height: -2.0
 * /move_base/global_costmap/obstacles_layer/scan/obstacle_range: 2.5
 * /move_base/global_costmap/obstacles_layer/scan/raytrace_range: 3.0
 * /move_base/global_costmap/obstacles_layer/scan/sensor_frame: front_laser
 * /move_base/global_costmap/obstacles_layer/scan/topic: front/scan
 * /move_base/global_costmap/origin_x: -20.0
 * /move_base/global_costmap/origin_y: -20.0
 * /move_base/global_costmap/origin_z: 0.0
 * /move_base/global_costmap/plugins: [{'name': 'static...
 * /move_base/global_costmap/publish_frequency: 5.0
 * /move_base/global_costmap/publish_voxel_map: False
 * /move_base/global_costmap/raytrace_range: 3.0
 * /move_base/global_costmap/resolution: 0.05
 * /move_base/global_costmap/robot_base_frame: base_link
 * /move_base/global_costmap/rolling_window: False
 * /move_base/global_costmap/static_map: True
 * /move_base/global_costmap/transform_tolerance: 0.5
 * /move_base/global_costmap/update_frequency: 20.0
 * /move_base/global_costmap/width: 40.0
 * /move_base/global_costmap/z_resolution: 1
 * /move_base/global_costmap/z_voxels: 2
 * /move_base/local_costmap/footprint: [[-0.21, -0.165],...
 * /move_base/local_costmap/footprint_padding: 0.1
 * /move_base/local_costmap/global_frame: map
 * /move_base/local_costmap/height: 10.0
 * /move_base/local_costmap/inflater_layer/inflation_radius: 0.3
 * /move_base/local_costmap/map_type: costmap
 * /move_base/local_costmap/meter_scoring: True
 * /move_base/local_costmap/obstacle_range: 2.5
 * /move_base/local_costmap/obstacles_layer/observation_sources: scan
 * /move_base/local_costmap/obstacles_layer/scan/clearing: True
 * /move_base/local_costmap/obstacles_layer/scan/data_type: LaserScan
 * /move_base/local_costmap/obstacles_layer/scan/marking: True
 * /move_base/local_costmap/obstacles_layer/scan/max_obstacle_height: 2.0
 * /move_base/local_costmap/obstacles_layer/scan/min_obstacle_height: -2.0
 * /move_base/local_costmap/obstacles_layer/scan/obstacle_range: 2.5
 * /move_base/local_costmap/obstacles_layer/scan/raytrace_range: 3.0
 * /move_base/local_costmap/obstacles_layer/scan/sensor_frame: front_laser
 * /move_base/local_costmap/obstacles_layer/scan/topic: front/scan
 * /move_base/local_costmap/origin_z: 0.0
 * /move_base/local_costmap/plugins: [{'name': 'obstac...
 * /move_base/local_costmap/publish_frequency: 5.0
 * /move_base/local_costmap/publish_voxel_map: False
 * /move_base/local_costmap/raytrace_range: 3.0
 * /move_base/local_costmap/resolution: 0.05
 * /move_base/local_costmap/robot_base_frame: base_link
 * /move_base/local_costmap/rolling_window: True
 * /move_base/local_costmap/static_map: False
 * /move_base/local_costmap/transform_tolerance: 0.5
 * /move_base/local_costmap/update_frequency: 20.0
 * /move_base/local_costmap/width: 10.0
 * /move_base/local_costmap/z_resolution: 1
 * /move_base/local_costmap/z_voxels: 2
 * /move_base/oscillation_distance: 0.5
 * /move_base/oscillation_timeout: 0.0
 * /move_base/planner_frequency: 20.0
 * /move_base/planner_patience: 5.0
 * /move_base/recovery_behavior_enabled: True
 * /move_base/shutdown_costmaps: False
 * /multi_floor_navigation_node/init_pose_offset_theta: 0.15
 * /multi_floor_navigation_node/init_pose_offset_x: 0.25
 * /multi_floor_navigation_node/init_pose_offset_y: 0.25
 * /multi_floor_navigation_node/region_init_sigma_x: 0
 * /multi_floor_navigation_node/region_init_sigma_y: 0
 * /multi_floor_navigation_node/region_init_sigma_yaw: 0
 * /robot_description: <?xml version="1....
 * /rosdistro: noetic
 * /rosversion: 1.17.0
 * /twist_marker_server/link_name: base_link
 * /twist_mux/locks: [{'name': 'e_stop...
 * /twist_mux/topics: [{'name': 'joy', ...
 * /use_gui: True
 * /use_sim_time: True

NODES
  /
    amcl (amcl/amcl)
    change_map_node (multi_floor_nav/change_map_node)
    controller_spawner (controller_manager/spawner)
    ekf_localization (robot_localization/ekf_localization_node)
    gazebo (gazebo_ros/gzserver)
    map_server0 (map_server/map_server)
    map_server1 (map_server/map_server)
    move_base (move_base/move_base)
    multi_floor_navigation_node (multi_floor_nav/multi_floor_navigation_node)
    robot_state_publisher (robot_state_publisher/robot_state_publisher)
    rviz (rviz/rviz)
    twist_marker_server (interactive_marker_twist_server/marker_server)
    twist_mux (twist_mux/twist_mux)
    urdf_spawner (gazebo_ros/spawn_model)
[ INFO] [1774846666.192475070]: Finished loading Gazebo ROS API Plugin.
[ INFO] [1774846666.197040575]: waitForService: Service [/gazebo/set_physics_properties] has not been advertised, waiting...
[1;33mWarning [Model.cc:216][0m Non-unique name[door] detected 2 times in XML children of model with name[elevator].
[1;33mWarning [Model.cc:309][0m Joint with name [door] in model with name [elevator] has a name collision, changing joint name to [door_joint].
[ INFO] [1774846667.202355385]: waitForService: Service [/gazebo/set_physics_properties] is now available.
[ INFO] [1774846667.218220046, 1054.799000000]: Physics dynamic reconfigure ready.
[1;33mWarning [parser_urdf.cc:1161][0m multiple inconsistent <gravity> exists due to fixed joint reduction overwriting previous value [true] with [false].
[1;33mWarning [parser_urdf.cc:1161][0m multiple inconsistent <gravity> exists due to fixed joint reduction overwriting previous value [false] with [true].
[ERROR] [1774846667.987642497, 1055.093000000]: No p gain specified for pid.  Namespace: /gazebo_ros_control/pid_gains/front_left_wheel
[ERROR] [1774846667.988180342, 1055.093000000]: No p gain specified for pid.  Namespace: /gazebo_ros_control/pid_gains/front_right_wheel
[ERROR] [1774846667.988611750, 1055.093000000]: No p gain specified for pid.  Namespace: /gazebo_ros_control/pid_gains/rear_left_wheel
[ERROR] [1774846667.989028282, 1055.093000000]: No p gain specified for pid.  Namespace: /gazebo_ros_control/pid_gains/rear_right_wheel
[ WARN] [1774846668.030884967, 1055.094000000]: Failed to meet update rate! Took 1055.0940000000000509
[ WARN] [1774846668.031235010, 1055.095000000]: Timed out waiting for transform from base_link to map to become available before running costmap, tf error: canTransform: target_frame map does not exist.. canTransform returned after 1055.1 timeout was 0.1.
[ WARN] [1774846668.031558374, 1055.095000000]: Failed to meet update rate! Took 1055.0750000000000455
[ WARN] [1774846668.300798760]: Interactive marker 'robot_twist_marker' contains unnormalized quaternions. This warning will only be output once but may be true for others; enable DEBUG messages for ros.rviz.quaternions to see more details.
[ WARN] [1774846669.327450832, 1056.379000000]: global_costmap: Pre-Hydro parameter "static_map" unused since "plugins" is provided
[ WARN] [1774846669.327669783, 1056.379000000]: global_costmap: Pre-Hydro parameter "map_type" unused since "plugins" is provided
[ WARN] [1774846700.880815110, 1087.555000000]: [Multi Floor Nav] Initial pose perturbation applied: offset_x=0.25, offset_y=0.25, offset_theta=0.15
[ WARN] [1774846701.053555357, 1087.726000000]: local_costmap: Pre-Hydro parameter "static_map" unused since "plugins" is provided
[ WARN] [1774846701.053819286, 1087.726000000]: local_costmap: Pre-Hydro parameter "map_type" unused since "plugins" is provided
[ WARN] [1774846701.098448241, 1087.770000000]: Parameter pdist_scale is deprecated. Please use the name path_distance_bias instead.
[ WARN] [1774846701.098968766, 1087.771000000]: Parameter gdist_scale is deprecated. Please use the name goal_distance_bias instead.
[ WARN] [1774846701.898690062, 1088.559000000]: The origin for the sensor at (0.21, 0.23) is out of map bounds. So, the costmap cannot raytrace for it.
[ WARN] [1774846764.820463227, 1150.763000000]: [Multi Floor Nav] Initial pose perturbation applied: offset_x=0.25, offset_y=0.25, offset_theta=0.15
[ INFO] [1774846665.897078463]: [Multi Floor Nav] Module A sigma: L0=(0.000,0.000,0.000) L1=(0.000,0.000,0.000)
[ INFO] [1774846665.897695229]: [Multi Floor Nav] Module A delay: L0=6.0s  L1=6.0s  backoff: factor=1.30 max=2.00
[ INFO] [1774846700.822851624, 1087.497000000]: [Multi Floor Nav] Successfully loaded map for level: 0
[ INFO] [1774846700.880865536, 1087.555000000]: [Multi Floor Nav] Initializing Robot at x: 5.2, y: -0.2, yaw: 0.1 (level=0, sigma: x=0.000, y=0.000, yaw=0.000, retry=0)
[ INFO] [1774846700.880889351, 1087.555000000]: [Multi Floor Nav] Initializing Pose to x: 5.00, y: -0.50 at level: 0
[ INFO] [1774846701.898645294, 1088.559000000]: [Multi Floor Nav] Waiting for AMCL nomotion updates (1.0/6.0s, L0)...
[ INFO] [1774846702.913326486, 1089.559000000]: [Multi Floor Nav] Waiting for AMCL nomotion updates (2.0/6.0s, L0)...
[ INFO] [1774846703.921368384, 1090.559000000]: [Multi Floor Nav] Waiting for AMCL nomotion updates (3.0/6.0s, L0)...
[ INFO] [1774846705.138911407, 1091.758000000]: [Multi Floor Nav] Waiting for AMCL nomotion updates (4.2/6.0s, L0)...
[ INFO] [1774846706.149960450, 1092.759000000]: [Multi Floor Nav] Waiting for AMCL nomotion updates (5.2/6.0s, L0)...
[ INFO] [1774846706.964027436, 1093.559000000]: [Multi Floor Nav] Current Robot Pose, x: 5.25, y: -0.25, yaw: 0.19
[ INFO] [1774846706.964073112, 1093.559000000]: [Multi Floor Nav] Linear Error: 0.35, Angular Error: 0.19
[ INFO] [1774846706.964100769, 1093.559000000]: [Multi Floor Nav] Robot at correct pose
[ INFO] [1774846706.966837838, 1093.562000000]: [Multi Floor Nav] RELOC_PASS: linear_error=0.3541, angular_error=0.1900, linear_error_init=0.0007, angular_error_init=0.0400, tr_sigma=0.0829, C_t=0.9204
[ INFO] [1774846707.984463388, 1094.562000000]: [Multi Floor Nav] POST_PASS: dt=1.000s, linear_error=0.3541, angular_error=0.1915
[ INFO] [1774846707.984526803, 1094.562000000]: [Multi Floor Nav] Will send goal to x: 3, y: -0, at level: 0
[ INFO] [1774846707.984573806, 1094.562000000]: [Multi Floor Nav] Sending Robot to x: 3.0, y: -0.5, yaw: 3.1
[ INFO] [1774846708.189584644, 1094.762000000]: [Multi Floor Nav] POST_PASS: dt=1.200s, linear_error=0.3541, angular_error=0.1915
[ INFO] [1774846708.390327708, 1094.962000000]: [Multi Floor Nav] POST_PASS: dt=1.400s, linear_error=0.3541, angular_error=0.1915
[ INFO] [1774846708.592917787, 1095.162000000]: [Multi Floor Nav] POST_PASS: dt=1.600s, linear_error=0.3818, angular_error=0.2136
[ INFO] [1774846708.794533514, 1095.362000000]: [Multi Floor Nav] POST_PASS: dt=1.800s, linear_error=0.4041, angular_error=0.6368
[ INFO] [1774846708.997164799, 1095.562000000]: [Multi Floor Nav] POST_PASS: dt=2.000s, linear_error=0.4106, angular_error=1.0634
[ INFO] [1774846727.399018949, 1113.763000000]: [Multi Floor Nav] Requesting Lift to Level 0
[ INFO] [1774846727.601072021, 1113.962000000]: [Multi Floor Nav] Entering Lift at Level 0
[ INFO] [1774846744.971143980, 1131.162000000]: [Multi Floor Nav] Requesting Lift to Level 1
[ INFO] [1774846752.048294574, 1138.162000000]: [Multi Floor Nav] Exiting Lift at Level 1
[ INFO] [1774846764.756193797, 1150.697000000]: [Multi Floor Nav] Successfully loaded map for level: 1
[ INFO] [1774846764.820489418, 1150.763000000]: [Multi Floor Nav] Initializing Robot at x: 3.2, y: -0.2, yaw: 3.3 (level=1, sigma: x=0.000, y=0.000, yaw=0.000, retry=0)
[ INFO] [1774846764.820513303, 1150.763000000]: [Multi Floor Nav] Initializing Pose to x: 3.00, y: -0.50 at level: 1
[ INFO] [1774846765.835775934, 1151.767000000]: [Multi Floor Nav] Waiting for AMCL nomotion updates (1.0/6.0s, L1)...
[ INFO] [1774846767.049995448, 1152.964000000]: [Multi Floor Nav] Waiting for AMCL nomotion updates (2.2/6.0s, L1)...
[ INFO] [1774846768.058610963, 1153.965000000]: [Multi Floor Nav] Waiting for AMCL nomotion updates (3.2/6.0s, L1)...
[ INFO] [1774846769.070607598, 1154.965000000]: [Multi Floor Nav] Waiting for AMCL nomotion updates (4.2/6.0s, L1)...
[ INFO] [1774846770.083479314, 1155.965000000]: [Multi Floor Nav] Waiting for AMCL nomotion updates (5.2/6.0s, L1)...
[ INFO] [1774846770.893437644, 1156.[ WARN] [1774846876.427871321, 1261.618000000]: Clearing both costmaps outside a square (3.00m) large centered on the robot.
[ WARN] [1774846881.532405008, 1266.668000000]: Rotate recovery behavior started.
[ WARN] [1774846889.962072419, 1275.019000000]: Clearing both costmaps outside a square (1.84m) large centered on the robot.
[ WARN] [1774846895.060715468, 1280.069000000]: Rotate recovery behavior started.
[ERROR] [1774846903.474568397, 1288.419000000]: Aborting because a valid plan could not be found. Even after executing all recovery behaviors
765000000]: [Multi Floor Nav] Current Robot Pose, x: 3.25, y: -0.25, yaw: -2.95
[ INFO] [1774846770.893461530, 1156.765000000]: [Multi Floor Nav] Linear Error: 0.35, Angular Error: 0.19
[ INFO] [1774846770.893470539, 1156.765000000]: [Multi Floor Nav] Robot at correct pose
[ INFO] [1774846770.894848984, 1156.767000000]: [Multi Floor Nav] RELOC_PASS: linear_error=0.3533, angular_error=0.1918, linear_error_init=0.0003, angular_error_init=0.0418, tr_sigma=0.0000, C_t=1.0000
[ INFO] [1774846771.912334319, 1157.767000000]: [Multi Floor Nav] POST_PASS: dt=1.000s, linear_error=0.3533, angular_error=0.1939
[ INFO] [1774846771.912380065, 1157.767000000]: [Multi Floor Nav] Will send goal to x: 4, y: 5, at level: 1
[ INFO] [1774846771.912408210, 1157.767000000]: [Multi Floor Nav] Sending Robot to x: 4.0, y: 5.0, yaw: 0.0
[ INFO] [1774846772.114428275, 1157.967000000]: [Multi Floor Nav] POST_PASS: dt=1.200s, linear_error=0.3533, angular_error=0.1939
[ INFO] [1774846772.318507731, 1158.167000000]: [Multi Floor Nav] POST_PASS: dt=1.400s, linear_error=0.3533, angular_error=0.1939
[ INFO] [1774846772.520995239, 1158.367000000]: [Multi Floor Nav] POST_PASS: dt=1.600s, linear_error=0.2789, angular_error=0.0536
[ INFO] [1774846772.723654696, 1158.567000000]: [Multi Floor Nav] POST_PASS: dt=1.800s, linear_error=0.2628, angular_error=0.2963
[ INFO] [1774846772.924990183, 1158.767000000]: [Multi Floor Nav] POST_PASS: dt=2.000s, linear_error=0.3181, angular_error=0.5957
[ INFO] [1774846669.328102099, 1056.379000000]: global_costmap: Using plugin "static_layer"
[ INFO] [1774846669.332366171, 1056.384000000]: Requesting the map...
[ INFO] [1774846700.911766125, 1087.586000000]: Resizing costmap to 992 X 992 at 0.020000 m/pix
[ INFO] [1774846701.012717791, 1087.685000000]: Received a 992 X 992 map at 0.020000 m/pix
[ INFO] [1774846701.014827338, 1087.687000000]: global_costmap: Using plugin "obstacles_layer"
[ INFO] [1774846701.017290491, 1087.690000000]:     Subscribed to Topics: scan
[ INFO] [1774846701.031405076, 1087.704000000]: global_costmap: Using plugin "inflater_layer"
[ INFO] [1774846701.054498769, 1087.727000000]: local_costmap: Using plugin "obstacles_layer"
[ INFO] [1774846701.057059909, 1087.729000000]:     Subscribed to Topics: scan
[ INFO] [1774846701.066960428, 1087.739000000]: local_costmap: Using plugin "inflater_layer"
[ INFO] [1774846701.092466499, 1087.764000000]: Created local_planner base_local_planner/TrajectoryPlannerROS
[ INFO] [1774846701.096437588, 1087.768000000]: Sim period is set to 0.05
[ INFO] [1774846701.145092108, 1087.817000000]: Recovery behavior will clear layer 'obstacles'
[ INFO] [1774846701.148595472, 1087.820000000]: Recovery behavior will clear layer 'obstacles'
[ INFO] [1774846701.266100501, 1087.936000000]: odom received!

auto-starting new master
[1mprocess[master]: started with pid [219215][0m
[1mROS_MASTER_URI=http://localhost:11311[0m
]2;/home/eethanhe/catkin_ws/src/robot-multi-floor-navigation/multi_floor_nav/launch/nav.launch http://localhost:11311
[1msetting /run_id to fd6ac73a-2bf4-11f1-8d1e-01badb8e21cf[0m
[1mprocess[rosout-1]: started with pid [219240][0m
started core service [/rosout]
[1mprocess[gazebo-2]: started with pid [219247][0m
[1mprocess[robot_state_publisher-3]: started with pid [219250][0m
[1mprocess[controller_spawner-4]: started with pid [219253][0m
[1mprocess[ekf_localization-5]: started with pid [219254][0m
[1mprocess[twist_mux-6]: started with pid [219255][0m
[1mprocess[twist_marker_server-7]: started with pid [219260][0m
[1mprocess[urdf_spawner-8]: started with pid [219262][0m
[1mprocess[map_server0-9]: started with pid [219272][0m
[1mprocess[map_server1-10]: started with pid [219279][0m
[1mprocess[amcl-11]: started with pid [219281][0m
[1mprocess[move_base-12]: started with pid [219283][0m
[1mprocess[rviz-13]: started with pid [219289][0m
[1mprocess[change_map_node-14]: started with pid [219300][0m
[1mprocess[multi_floor_navigation_node-15]: started with pid [219304][0m
[1m[urdf_spawner-8] process has finished cleanly
log file: /home/eethanhe/.ros/log/fd6ac73a-2bf4-11f1-8d1e-01badb8e21cf/urdf_spawner-8*.log[0m
[multi_floor_navigation_node-15] killing on exit
[change_map_node-14] killing on exit
[rviz-13] killing on exit
[move_base-12] killing on exit
[amcl-11] killing on exit
[map_server1-10] killing on exit
[map_server0-9] killing on exit
[twist_marker_server-7] killing on exit
[twist_mux-6] killing on exit
[ekf_localization-5] killing on exit
[controller_spawner-4] killing on exit
[robot_state_publisher-3] killing on exit
[gazebo-2] killing on exit
[rosout-1] killing on exit
[master] killing on exit
shutting down processing monitor...
... shutting down processing monitor complete
[1mdone[0m
