xacro: in-order processing became default in ROS Melodic. You can drop the option.
... logging to /home/eethanhe/.ros/log/cbf6112a-2d0f-11f1-8422-679edff71d44/roslaunch-eethanhe-Lenovo-Legion-R9000P2021H-88359.log
Checking log directory for disk usage. This may take a while.
Press Ctrl-C to interrupt
Done checking log file disk usage. Usage is <1GB.
]2;/home/eethanhe/catkin_ws/src/robot-multi-floor-navigation/multi_floor_nav/launch/nav.launch
[1mstarted roslaunch server http://eethanhe-Lenovo-Legion-R9000P2021H:34813/[0m

SUMMARY
========

PARAMETERS
 * /amcl/auto_update_noise: 0.0
 * /amcl/base_frame_id: base_link
 * /amcl/expected_laser_freq: 5.0
 * /amcl/first_map_only: False
 * /amcl/global_frame_id: map
 * /amcl/gui_publish_rate: 10.0
 * /amcl/initial_pose_a: 0.0
 * /amcl/initial_pose_x: 0.0
 * /amcl/initial_pose_y: 0.0
 * /amcl/kld_err: 0.05
 * /amcl/kld_z: 0.99
 * /amcl/laser_lambda_short: 0.1
 * /amcl/laser_likelihood_max_dist: 2.0
 * /amcl/laser_max_beams: 720
 * /amcl/laser_max_range: 30.0
 * /amcl/laser_min_range: 0.1
 * /amcl/laser_model_type: likelihood_field
 * /amcl/laser_sigma_hit: 0.2
 * /amcl/laser_z_hit: 0.5
 * /amcl/laser_z_max: 0.05
 * /amcl/laser_z_rand: 0.5
 * /amcl/laser_z_short: 0.05
 * /amcl/max_particles: 2000
 * /amcl/min_particles: 500
 * /amcl/odom_alpha1: 0.2
 * /amcl/odom_alpha2: 0.2
 * /amcl/odom_alpha3: 0.2
 * /amcl/odom_alpha4: 0.2
 * /amcl/odom_alpha5: 0.1
 * /amcl/odom_frame_id: odom
 * /amcl/odom_model_type: diff
 * /amcl/odom_update_interval: 0.1
 * /amcl/recovery_alpha_fast: 0.1
 * /amcl/recovery_alpha_slow: 0.001
 * /amcl/resample_interval: 1
 * /amcl/transform_tolerance: 1.0
 * /amcl/update_min_a: 0.3927
 * /amcl/update_min_d: 0.1
 * /amcl/use_map_topic: False
 * /ekf_localization/base_link_frame: base_link
 * /ekf_localization/frequency: 50
 * /ekf_localization/imu0: /imu/data
 * /ekf_localization/imu0_config: [False, False, Fa...
 * /ekf_localization/imu0_differential: False
 * /ekf_localization/odom0: /jackal_velocity_...
 * /ekf_localization/odom0_config: [False, False, Fa...
 * /ekf_localization/odom0_differential: False
 * /ekf_localization/odom_frame: odom
 * /ekf_localization/predict_to_current_time: True
 * /ekf_localization/world_frame: odom
 * /gazebo/enable_ros_network: True
 * /jackal_joint_publisher/publish_rate: 50
 * /jackal_joint_publisher/type: joint_state_contr...
 * /jackal_velocity_controller/angular/z/has_acceleration_limits: True
 * /jackal_velocity_controller/angular/z/has_velocity_limits: True
 * /jackal_velocity_controller/angular/z/max_acceleration: 25.0
 * /jackal_velocity_controller/angular/z/max_velocity: 4.0
 * /jackal_velocity_controller/cmd_vel_timeout: 0.25
 * /jackal_velocity_controller/enable_odom_tf: False
 * /jackal_velocity_controller/k_l: 0.1
 * /jackal_velocity_controller/k_r: 0.1
 * /jackal_velocity_controller/left_wheel: ['front_left_whee...
 * /jackal_velocity_controller/linear/x/has_acceleration_limits: True
 * /jackal_velocity_controller/linear/x/has_velocity_limits: True
 * /jackal_velocity_controller/linear/x/max_acceleration: 20.0
 * /jackal_velocity_controller/linear/x/max_velocity: 2.0
 * /jackal_velocity_controller/pose_covariance_diagonal: [0.001, 0.001, 10...
 * /jackal_velocity_controller/publish_cmd: True
 * /jackal_velocity_controller/publish_rate: 50
 * /jackal_velocity_controller/right_wheel: ['front_right_whe...
 * /jackal_velocity_controller/twist_covariance_diagonal: [0.001, 0.001, 0....
 * /jackal_velocity_controller/type: diff_drive_contro...
 * /jackal_velocity_controller/wheel_radius_multiplier: 1.0
 * /jackal_velocity_controller/wheel_separation_multiplier: 1.5
 * /move_base/NavfnROS/allow_unknown: True
 * /move_base/TrajectoryPlannerROS/acc_lim_theta: 20.0
 * /move_base/TrajectoryPlannerROS/acc_lim_x: 10.0
 * /move_base/TrajectoryPlannerROS/angular_sim_granularity: 0.02
 * /move_base/TrajectoryPlannerROS/controller_frequency: 20.0
 * /move_base/TrajectoryPlannerROS/dwa: True
 * /move_base/TrajectoryPlannerROS/escape_reset_dist: 0.1
 * /move_base/TrajectoryPlannerROS/escape_reset_theta: 0.1
 * /move_base/TrajectoryPlannerROS/escape_vel: -0.5
 * /move_base/TrajectoryPlannerROS/gdist_scale: 1.0
 * /move_base/TrajectoryPlannerROS/heading_lookahead: 0.325
 * /move_base/TrajectoryPlannerROS/heading_scoring: False
 * /move_base/TrajectoryPlannerROS/heading_scoring_timestep: 0.8
 * /move_base/TrajectoryPlannerROS/holonomic_robot: False
 * /move_base/TrajectoryPlannerROS/latch_xy_goal_tolerance: False
 * /move_base/TrajectoryPlannerROS/max_vel_theta: 1.57
 * /move_base/TrajectoryPlannerROS/max_vel_x: 0.5
 * /move_base/TrajectoryPlannerROS/meter_scoring: True
 * /move_base/TrajectoryPlannerROS/min_in_place_vel_theta: 0.314
 * /move_base/TrajectoryPlannerROS/min_vel_theta: -1.57
 * /move_base/TrajectoryPlannerROS/min_vel_x: 0.1
 * /move_base/TrajectoryPlannerROS/occdist_scale: 0.1
 * /move_base/TrajectoryPlannerROS/oscillation_reset_dist: 0.05
 * /move_base/TrajectoryPlannerROS/pdist_scale: 0.75
 * /move_base/TrajectoryPlannerROS/publish_cost_grid_pc: True
 * /move_base/TrajectoryPlannerROS/sim_granularity: 0.02
 * /move_base/TrajectoryPlannerROS/sim_time: 2.0
 * /move_base/TrajectoryPlannerROS/simple_attractor: False
 * /move_base/TrajectoryPlannerROS/vtheta_samples: 20
 * /move_base/TrajectoryPlannerROS/vx_samples: 6
 * /move_base/TrajectoryPlannerROS/xy_goal_tolerance: 0.25
 * /move_base/TrajectoryPlannerROS/yaw_goal_tolerance: 0.157
 * /move_base/base_global_planner: navfn/NavfnROS
 * /move_base/base_local_planner: base_local_planne...
 * /move_base/clearing_rotation_allowed: True
 * /move_base/controller_frequency: 20.0
 * /move_base/controller_patience: 15.0
 * /move_base/global_costmap/footprint: [[-0.21, -0.165],...
 * /move_base/global_costmap/footprint_padding: 0.1
 * /move_base/global_costmap/global_frame: map
 * /move_base/global_costmap/height: 40.0
 * /move_base/global_costmap/inflater_layer/inflation_radius: 0.3
 * /move_base/global_costmap/map_type: costmap
 * /move_base/global_costmap/meter_scoring: True
 * /move_base/global_costmap/obstacle_range: 2.5
 * /move_base/global_costmap/obstacles_layer/observation_sources: scan
 * /move_base/global_costmap/obstacles_layer/scan/clearing: True
 * /move_base/global_costmap/obstacles_layer/scan/data_type: LaserScan
 * /move_base/global_costmap/obstacles_layer/scan/marking: True
 * /move_base/global_costmap/obstacles_layer/scan/max_obstacle_height: 2.0
 * /move_base/global_costmap/obstacles_layer/scan/min_obstacle_height: -2.0
 * /move_base/global_costmap/obstacles_layer/scan/obstacle_range: 2.5
 * /move_base/global_costmap/obstacles_layer/scan/raytrace_range: 3.0
 * /move_base/global_costmap/obstacles_layer/scan/sensor_frame: front_laser
 * /move_base/global_costmap/obstacles_layer/scan/topic: front/scan
 * /move_base/global_costmap/origin_x: -20.0
 * /move_base/global_costmap/origin_y: -20.0
 * /move_base/global_costmap/origin_z: 0.0
 * /move_base/global_costmap/plugins: [{'name': 'static...
 * /move_base/global_costmap/publish_frequency: 5.0
 * /move_base/global_costmap/publish_voxel_map: False
 * /move_base/global_costmap/raytrace_range: 3.0
 * /move_base/global_costmap/resolution: 0.05
 * /move_base/global_costmap/robot_base_frame: base_link
 * /move_base/global_costmap/rolling_window: False
 * /move_base/global_costmap/static_map: True
 * /move_base/global_costmap/transform_tolerance: 0.5
 * /move_base/global_costmap/update_frequency: 20.0
 * /move_base/global_costmap/width: 40.0
 * /move_base/global_costmap/z_resolution: 1
 * /move_base/global_costmap/z_voxels: 2
 * /move_base/local_costmap/footprint: [[-0.21, -0.165],...
 * /move_base/local_costmap/footprint_padding: 0.1
 * /move_base/local_costmap/global_frame: map
 * /move_base/local_costmap/height: 10.0
 * /move_base/local_costmap/inflater_layer/inflation_radius: 0.3
 * /move_base/local_costmap/map_type: costmap
 * /move_base/local_costmap/meter_scoring: True
 * /move_base/local_costmap/obstacle_range: 2.5
 * /move_base/local_costmap/obstacles_layer/observation_sources: scan
 * /move_base/local_costmap/obstacles_layer/scan/clearing: True
 * /move_base/local_costmap/obstacles_layer/scan/data_type: LaserScan
 * /move_base/local_costmap/obstacles_layer/scan/marking: True
 * /move_base/local_costmap/obstacles_layer/scan/max_obstacle_height: 2.0
 * /move_base/local_costmap/obstacles_layer/scan/min_obstacle_height: -2.0
 * /move_base/local_costmap/obstacles_layer/scan/obstacle_range: 2.5
 * /move_base/local_costmap/obstacles_layer/scan/raytrace_range: 3.0
 * /move_base/local_costmap/obstacles_layer/scan/sensor_frame: front_laser
 * /move_base/local_costmap/obstacles_layer/scan/topic: front/scan
 * /move_base/local_costmap/origin_z: 0.0
 * /move_base/local_costmap/plugins: [{'name': 'obstac...
 * /move_base/local_costmap/publish_frequency: 5.0
 * /move_base/local_costmap/publish_voxel_map: False
 * /move_base/local_costmap/raytrace_range: 3.0
 * /move_base/local_costmap/resolution: 0.05
 * /move_base/local_costmap/robot_base_frame: base_link
 * /move_base/local_costmap/rolling_window: True
 * /move_base/local_costmap/static_map: False
 * /move_base/local_costmap/transform_tolerance: 0.5
 * /move_base/local_costmap/update_frequency: 20.0
 * /move_base/local_costmap/width: 10.0
 * /move_base/local_costmap/z_resolution: 1
 * /move_base/local_costmap/z_voxels: 2
 * /move_base/oscillation_distance: 0.5
 * /move_base/oscillation_timeout: 0.0
 * /move_base/planner_frequency: 20.0
 * /move_base/planner_patience: 5.0
 * /move_base/recovery_behavior_enabled: True
 * /move_base/shutdown_costmaps: False
 * /multi_floor_navigation_node/init_pose_offset_theta: 0.15
 * /multi_floor_navigation_node/init_pose_offset_x: 0.25
 * /multi_floor_navigation_node/init_pose_offset_y: 0.25
 * /multi_floor_navigation_node/region_init_sigma_x: 0
 * /multi_floor_navigation_node/region_init_sigma_y: 0
 * /multi_floor_navigation_node/region_init_sigma_yaw: 0
 * /robot_description: <?xml version="1....
 * /rosdistro: noetic
 * /rosversion: 1.17.0
 * /twist_marker_server/link_name: base_link
 * /twist_mux/locks: [{'name': 'e_stop...
 * /twist_mux/topics: [{'name': 'joy', ...
 * /use_gui: True
 * /use_sim_time: True

NODES
  /
    amcl (amcl/amcl)
    change_map_node (multi_floor_nav/change_map_node)
    controller_spawner (controller_manager/spawner)
    ekf_localization (robot_localization/ekf_localization_node)
    gazebo (gazebo_ros/gzserver)
    map_server0 (map_server/map_server)
    map_server1 (map_server/map_server)
    move_base (move_base/move_base)
    multi_floor_navigation_node (multi_floor_nav/multi_floor_navigation_node)
    robot_state_publisher (robot_state_publisher/robot_state_publisher)
    rviz (rviz/rviz)
    twist_marker_server (interactive_marker_twist_server/marker_server)
    twist_mux (twist_mux/twist_mux)
    urdf_spawner (gazebo_ros/spawn_model)
[ INFO] [1774968130.769893165]: Finished loading Gazebo ROS API Plugin.
[ INFO] [1774968130.775553783]: waitForService: Service [/gazebo/set_physics_properties] has not been advertised, waiting...
[1;33mWarning [Model.cc:216][0m Non-unique name[door] detected 2 times in XML children of model with name[elevator].
[1;33mWarning [Model.cc:309][0m Joint with name [door] in model with name [elevator] has a name collision, changing joint name to [door_joint].
[ INFO] [1774968131.574211211]: waitForService: Service [/gazebo/set_physics_properties] is now available.
[ INFO] [1774968131.589177243]: Physics dynamic reconfigure ready.
[1;33mWarning [parser_urdf.cc:1161][0m multiple inconsistent <gravity> exists due to fixed joint reduction overwriting previous value [true] with [false].
[1;33mWarning [parser_urdf.cc:1161][0m multiple inconsistent <gravity> exists due to fixed joint reduction overwriting previous value [false] with [true].
[ERROR] [1774968132.348936268, 1055.093000000]: No p gain specified for pid.  Namespace: /gazebo_ros_control/pid_gains/front_left_wheel
[ERROR] [1774968132.349392889, 1055.093000000]: No p gain specified for pid.  Namespace: /gazebo_ros_control/pid_gains/front_right_wheel
[ERROR] [1774968132.349782672, 1055.093000000]: No p gain specified for pid.  Namespace: /gazebo_ros_control/pid_gains/rear_left_wheel
[ERROR] [1774968132.350143960, 1055.093000000]: No p gain specified for pid.  Namespace: /gazebo_ros_control/pid_gains/rear_right_wheel
[ WARN] [1774968132.391199051, 1055.094000000]: Failed to meet update rate! Took 1055.0940000000000509
[ WARN] [1774968132.391894668, 1055.095000000]: Timed out waiting for transform from base_link to map to become available before running costmap, tf error: canTransform: target_frame map does not exist. canTransform: source_frame base_link does not exist.. canTransform returned after 1055.1 timeout was 0.1.
[ WARN] [1774968132.392234515, 1055.095000000]: Failed to meet update rate! Took 1055.0750000000000455
[ WARN] [1774968133.068385683, 1055.766000000]: No laser scan received (and thus no pose updates have been published) for 1055.766000 seconds.  Verify that data is being published on the /front/scan topic.
[ WARN] [1774968133.068540730, 1055.766000000]: No laser scan received (and thus no pose updates have been published) for 1055.766000 seconds.  Verify that data is being published on the /front/scan topic.
[ WARN] [1774968133.728919478, 1056.419000000]: global_costmap: Pre-Hydro parameter "static_map" unused since "plugins" is provided
[ WARN] [1774968133.729258137, 1056.420000000]: global_costmap: Pre-Hydro parameter "map_type" unused since "plugins" is provided
[ WARN] [1774968134.241472002, 1056.925000000]: Interactive marker 'robot_twist_marker' contains unnormalized quaternions. This warning will only be output once but may be true for others; enable DEBUG messages for ros.rviz.quaternions to see more details.
[ WARN] [1774968165.410267631, 1087.696000000]: [Multi Floor Nav] Initial pose perturbation applied: offset_x=0.25, offset_y=0.25, offset_theta=0.15
[ WARN] [1774968165.477378805, 1087.763000000]: local_costmap: Pre-Hydro parameter "static_map" unused since "plugins" is provided
[ WARN] [1774968165.477569401, 1087.763000000]: local_costmap: Pre-Hydro parameter "map_type" unused since "plugins" is provided
[ WARN] [1774968165.521851701, 1087.807000000]: Parameter pdist_scale is deprecated. Please use the name path_distance_bias instead.
[ WARN] [1774968165.522465394, 1087.808000000]: Parameter gdist_scale is deprecated. Please use the name goal_distance_bias instead.
[ WARN] [1774968166.463181394, 1088.740000000]: The origin for the sensor at (0.20, 0.17) is out of map bounds. So, the costmap cannot raytrace for it.
[ WARN] [1774968224.629716849, 1146.304000000]: [Multi Floor Nav] Initial pose perturbation applied: offset_x=0.25, offset_y=0.25, offset_theta=0.15
[ INFO] [1774968130.533809137]: [Multi Floor Nav] Module A sigma: L0=(0.000,0.000,0.000) L1=(0.000,0.000,0.000)
[ INFO] [1774968130.534433236]: [Multi Floor Nav] Module A delay: L0=6.0s  L1=6.0s  backoff: factor=1.30 max=2.00
[ INFO] [1774968165.284796996, 1087.572000000]: [Multi Floor Nav] Successfully loaded map for level: 0
[ INFO] [1774968165.410324133, 1087.696000000]: [Multi Floor Nav] Initializing Robot at x: 5.2, y: -0.2, yaw: 0.1 (level=0, sigma: x=0.000, y=0.000, yaw=0.000, retry=0)
[ INFO] [1774968165.410355072, 1087.696000000]: [Multi Floor Nav] Initializing Pose to x: 5.00, y: -0.50 at level: 0
[ INFO] [1774968166.421567512, 1088.698000000]: [Multi Floor Nav] Waiting for AMCL nomotion updates (1.0/6.0s, L0)...
[ INFO] [1774968167.430575553, 1089.699000000]: [Multi Floor Nav] Waiting for AMCL nomotion updates (2.0/6.0s, L0)...
[ INFO] [1774968168.638015351, 1090.899000000]: [Multi Floor Nav] Waiting for AMCL nomotion updates (3.2/6.0s, L0)...
[ INFO] [1774968169.649753607, 1091.900000000]: [Multi Floor Nav] Waiting for AMCL nomotion updates (4.2/6.0s, L0)...
[ INFO] [1774968170.861968702, 1093.100000000]: [Multi Floor Nav] Waiting for AMCL nomotion updates (5.4/6.0s, L0)...
[ INFO] [1774968171.470560877, 1093.700000000]: [Multi Floor Nav] Current Robot Pose, x: 5.25, y: -0.25, yaw: 0.12
[ INFO] [1774968171.470609068, 1093.700000000]: [Multi Floor Nav] Linear Error: 0.35, Angular Error: 0.12
[ INFO] [1774968171.470629671, 1093.700000000]: [Multi Floor Nav] Robot at correct pose
[ INFO] [1774968171.473505166, 1093.703000000]: [Multi Floor Nav] RELOC_PASS: linear_error=0.3541, angular_error=0.1172, linear_error_init=0.0007, angular_error_init=0.0328, tr_sigma=0.0000, C_t=1.0000
[ INFO] [1774968172.484599822, 1094.703000000]: [Multi Floor Nav] POST_PASS: dt=1.000s, linear_error=0.3541, angular_error=0.1161
[ INFO] [1774968172.484659396, 1094.703000000]: [Multi Floor Nav] Will send goal to x: 3, y: -0, at level: 0
[ INFO] [1774968172.484703676, 1094.703000000]: [Multi Floor Nav] Sending Robot to x: 3.0, y: -0.5, yaw: 3.1
[ INFO] [1774968172.687856479, 1094.903000000]: [Multi Floor Nav] POST_PASS: dt=1.200s, linear_error=0.3541, angular_error=0.1161
[ INFO] [1774968172.890902146, 1095.103000000]: [Multi Floor Nav] POST_PASS: dt=1.400s, linear_error=0.3541, angular_error=0.1161
[ INFO] [1774968173.093468214, 1095.304000000]: [Multi Floor Nav] POST_PASS: dt=1.601s, linear_error=0.3824, angular_error=0.2878
[ INFO] [1774968173.294456223, 1095.503000000]: [Multi Floor Nav] POST_PASS: dt=1.800s, linear_error=0.4011, angular_error=0.7038
[ INFO] [1774968173.498224534, 1095.704000000]: [Multi Floor Nav] POST_PASS: dt=2.000s, linear_error=0.4063, angular_error=1.1053
[ INFO] [1774968187.251505775, 1109.304000000]: [Multi Floor Nav] Requesting Lift to Level 0
[ INFO] [1774968187.453392903, 1109.503000000]: [Multi Floor Nav] Entering Lift at Level 0
[ INFO] [1774968204.789661168, 1126.703000000]: [Multi Floor Nav] Requesting Lift to Level 1
[ INFO] [1774968211.857874310, 1133.703000000]: [Multi Floor Nav] Exiting Lift at Level 1
[ INFO] [1774968224.494951457, 1146.172000000]: [Multi Floor Nav] Successfully loaded map for level: 1
[ INFO] [1774968224.629741503, 1146.304000000]: [Multi Floor Nav] Initializing Robot at x: 3.2, y: -0.2, yaw: 3.3 (level=1, sigma: x=0.000, y=0.000, yaw=0.000, retry=0)
[ INFO] [1774968224.629770138, 1146.304000000]: [Multi Floor Nav] Initializing Pose to x: 3.00, y: -0.50 at level: 1
[ INFO] [1774968225.659219311, 1147.305000000]: [Multi Floor Nav] Waiting for AMCL nomotion updates (1.0/6.0s, L1)...
[ INFO] [1774968226.675494157, 1148.307000000]: [Multi Floor Nav] Waiting for AMCL nomotion updates (2.0/6.0s, L1)...
[ INFO] [1774968227.689477793, 1149.307000000]: [Multi Floor Nav] Waiting for AMCL nomotion updates (3.0/6.0s, L1)...
[ INFO] [1774968228.707764050, 1150.308000000]: [Multi Floor Nav] Waiting for AMCL nomotion updates (4.0/6.0s, L1)...
[ INFO] [1774968229.929680483, 1151.507000000]: [Multi Floor Nav] Waiting for AMCL nomotion updates (5.2/6.0s, L1)...
[ INFO] [1774968230.746373116, 1152.308000000]: [Multi Floor Nav] Current Robot Pose, x: 3.25, y: -0.25, yaw: -3.02
[ INFO] [1774968230.746429407, 1152.308000000]: [Multi Floor Nav] Linear Error: 0.35, Angular Error: 0.12
[ INFO] [1774968230.746450360, 1152.308000000]: [Multi Floor Nav] Robot at correct pose
[ INFO] [1774968230.749147481, 1152.311000000]: [Multi Floor Nav] RELOC_PASS: linear_error=0.3535, angular_error=0.1191, linear_error_init=0.0000, angular_error_init=0.0309, tr_sigma=0.0000, C_t=1.0000
[ INFO] [1774968231.768754488, 1153.311000000]: [Multi Floor Nav] POST_PASS: dt=1.000s, linear_error=0.3535, angular_error=0.1177
[ INFO] [1774968231.768780748, 1153.311000000]: [Multi Floor Nav] Will send goal to x: 4, y: 5, at level: 1
[ INFO] [1774968231.768793668, 1153.311000000]: [Multi Floor Nav] Sending Robot to x: 4.0, y: 5.0, yaw: 0.0
[ INFO] [1774968231.971799677, 1153.511000000]: [Multi Floor Nav] POST_PASS: dt=1.200s, linear_error=0.3535, angular_error=0.1177
[ INFO] [1774968232.175517365, 1153.711000000]: [Multi Floor Nav] POST_PASS: dt=1.400s, linear_error=0.3535, angular_error=0.1177
[ INFO] [1774968232.379163396, 1153.911000000]: [Multi Floor Nav] POST_PASS: dt=1.600s, linear_error=0.2843, angular_error=0.1450
[ INFO] [1774968232.582192242, 1154.111000000]: [Multi Floor Nav] POST_PASS: dt=1.800s, linear_error=0.2877, angular_error=0.4158
[ INFO] [1774968232.785847422, 1154.311000000]: [Multi Floor Nav] POST_PASS: dt=2.000s, linear_error=0.3551, angular_error=0.6959
[ INFO] [1774968250.926835465, 1172.111000000]: [Multi Floor Nav] Robot arrived at Goal
[ INFO] [1774968133.729718250, 1056.420000000]: global_costmap: Using plugin "static_layer"
[ INFO] [1774968133.735014996, 1056.425000000]: Requesting the map...
[ INFO] [1774968165.341641466, 1087.628000000]: Resizing costmap to 992 X 992 at 0.020000 m/pix
[ INFO] [1774968165.441277756, 1087.727000000]: Received a 992 X 992 map at 0.020000 m/pix
[ INFO] [1774968165.443203065, 1087.729000000]: global_costmap: Using plugin "obstacles_layer"
[ INFO] [1774968165.446183252, 1087.732000000]:     Subscribed to Topics: scan
[ INFO] [1774968165.455602854, 1087.741000000]: global_costmap: Using plugin "inflater_layer"
[ INFO] [1774968165.477966518, 1087.763000000]: local_costmap: Using plugin "obstacles_layer"
[ INFO] [1774968165.480724052, 1087.766000000]:     Subscribed to Topics: scan
[ INFO] [1774968165.488921645, 1087.774000000]: local_costmap: Using plugin "inflater_layer"
[ INFO] [1774968165.510801659, 1087.796000000]: Created local_planner base_local_planner/TrajectoryPlannerROS
[ INFO] [1774968165.516693101, 1087.802000000]: Sim period is set to 0.05
[ INFO] [1774968165.569674871, 1087.854000000]: Recovery behavior will clear layer 'obstacles'
[ INFO] [1774968165.574118648, 1087.859000000]: Recovery behavior will clear layer 'obstacles'
[ INFO] [1774968165.691221138, 1087.975000000]: odom received!

auto-starting new master
[1mprocess[master]: started with pid [88438][0m
[1mROS_MASTER_URI=http://localhost:11311[0m
]2;/home/eethanhe/catkin_ws/src/robot-multi-floor-navigation/multi_floor_nav/launch/nav.launch http://localhost:11311
[1msetting /run_id to cbf6112a-2d0f-11f1-8422-679edff71d44[0m
[1mprocess[rosout-1]: started with pid [88463][0m
started core service [/rosout]
[1mprocess[gazebo-2]: started with pid [88470][0m
[1mprocess[robot_state_publisher-3]: started with pid [88474][0m
[1mprocess[controller_spawner-4]: started with pid [88476][0m
[1mprocess[ekf_localization-5]: started with pid [88477][0m
[1mprocess[twist_mux-6]: started with pid [88478][0m
[1mprocess[twist_marker_server-7]: started with pid [88483][0m
[1mprocess[urdf_spawner-8]: started with pid [88485][0m
[1mprocess[map_server0-9]: started with pid [88495][0m
[1mprocess[map_server1-10]: started with pid [88502][0m
[1mprocess[amcl-11]: started with pid [88504][0m
[1mprocess[move_base-12]: started with pid [88506][0m
[1mprocess[rviz-13]: started with pid [88512][0m
[1mprocess[change_map_node-14]: started with pid [88520][0m
[1mprocess[multi_floor_navigation_node-15]: started with pid [88527][0m
[1m[urdf_spawner-8] process has finished cleanly
log file: /home/eethanhe/.ros/log/cbf6112a-2d0f-11f1-8422-679edff71d44/urdf_spawner-8*.log[0m
[multi_floor_navigation_node-15] killing on exit
[change_map_node-14] killing on exit
[rviz-13] killing on exit
[move_base-12] killing on exit
[amcl-11] killing on exit
[map_server1-10] killing on exit
[map_server0-9] killing on exit
[twist_marker_server-7] killing on exit
[twist_mux-6] killing on exit
[ekf_localization-5] killing on exit
[controller_spawner-4] killing on exit
[robot_state_publisher-3] killing on exit
[gazebo-2] killing on exit
[rosout-1] killing on exit
[master] killing on exit
shutting down processing monitor...
... shutting down processing monitor complete
[1mdone[0m
