xacro: in-order processing became default in ROS Melodic. You can drop the option.
... logging to /home/eethanhe/.ros/log/f24c8a7a-2cf6-11f1-ab93-1f235c29b2e7/roslaunch-eethanhe-Lenovo-Legion-R9000P2021H-53785.log
Checking log directory for disk usage. This may take a while.
Press Ctrl-C to interrupt
Done checking log file disk usage. Usage is <1GB.
]2;/home/eethanhe/catkin_ws/src/robot-multi-floor-navigation/multi_floor_nav/launch/nav.launch
[1mstarted roslaunch server http://eethanhe-Lenovo-Legion-R9000P2021H:32787/[0m

SUMMARY
========

PARAMETERS
 * /amcl/auto_update_noise: 0.0
 * /amcl/base_frame_id: base_link
 * /amcl/expected_laser_freq: 5.0
 * /amcl/first_map_only: False
 * /amcl/global_frame_id: map
 * /amcl/gui_publish_rate: 10.0
 * /amcl/initial_pose_a: 0.0
 * /amcl/initial_pose_x: 0.0
 * /amcl/initial_pose_y: 0.0
 * /amcl/kld_err: 0.05
 * /amcl/kld_z: 0.99
 * /amcl/laser_lambda_short: 0.1
 * /amcl/laser_likelihood_max_dist: 2.0
 * /amcl/laser_max_beams: 720
 * /amcl/laser_max_range: 30.0
 * /amcl/laser_min_range: 0.1
 * /amcl/laser_model_type: likelihood_field
 * /amcl/laser_sigma_hit: 0.2
 * /amcl/laser_z_hit: 0.5
 * /amcl/laser_z_max: 0.05
 * /amcl/laser_z_rand: 0.5
 * /amcl/laser_z_short: 0.05
 * /amcl/max_particles: 2000
 * /amcl/min_particles: 500
 * /amcl/odom_alpha1: 0.2
 * /amcl/odom_alpha2: 0.2
 * /amcl/odom_alpha3: 0.2
 * /amcl/odom_alpha4: 0.2
 * /amcl/odom_alpha5: 0.1
 * /amcl/odom_frame_id: odom
 * /amcl/odom_model_type: diff
 * /amcl/odom_update_interval: 0.1
 * /amcl/recovery_alpha_fast: 0.1
 * /amcl/recovery_alpha_slow: 0.001
 * /amcl/resample_interval: 1
 * /amcl/transform_tolerance: 1.0
 * /amcl/update_min_a: 0.3927
 * /amcl/update_min_d: 0.1
 * /amcl/use_map_topic: False
 * /ekf_localization/base_link_frame: base_link
 * /ekf_localization/frequency: 50
 * /ekf_localization/imu0: /imu/data
 * /ekf_localization/imu0_config: [False, False, Fa...
 * /ekf_localization/imu0_differential: False
 * /ekf_localization/odom0: /jackal_velocity_...
 * /ekf_localization/odom0_config: [False, False, Fa...
 * /ekf_localization/odom0_differential: False
 * /ekf_localization/odom_frame: odom
 * /ekf_localization/predict_to_current_time: True
 * /ekf_localization/world_frame: odom
 * /gazebo/enable_ros_network: True
 * /jackal_joint_publisher/publish_rate: 50
 * /jackal_joint_publisher/type: joint_state_contr...
 * /jackal_velocity_controller/angular/z/has_acceleration_limits: True
 * /jackal_velocity_controller/angular/z/has_velocity_limits: True
 * /jackal_velocity_controller/angular/z/max_acceleration: 25.0
 * /jackal_velocity_controller/angular/z/max_velocity: 4.0
 * /jackal_velocity_controller/cmd_vel_timeout: 0.25
 * /jackal_velocity_controller/enable_odom_tf: False
 * /jackal_velocity_controller/k_l: 0.1
 * /jackal_velocity_controller/k_r: 0.1
 * /jackal_velocity_controller/left_wheel: ['front_left_whee...
 * /jackal_velocity_controller/linear/x/has_acceleration_limits: True
 * /jackal_velocity_controller/linear/x/has_velocity_limits: True
 * /jackal_velocity_controller/linear/x/max_acceleration: 20.0
 * /jackal_velocity_controller/linear/x/max_velocity: 2.0
 * /jackal_velocity_controller/pose_covariance_diagonal: [0.001, 0.001, 10...
 * /jackal_velocity_controller/publish_cmd: True
 * /jackal_velocity_controller/publish_rate: 50
 * /jackal_velocity_controller/right_wheel: ['front_right_whe...
 * /jackal_velocity_controller/twist_covariance_diagonal: [0.001, 0.001, 0....
 * /jackal_velocity_controller/type: diff_drive_contro...
 * /jackal_velocity_controller/wheel_radius_multiplier: 1.0
 * /jackal_velocity_controller/wheel_separation_multiplier: 1.5
 * /move_base/NavfnROS/allow_unknown: True
 * /move_base/TrajectoryPlannerROS/acc_lim_theta: 20.0
 * /move_base/TrajectoryPlannerROS/acc_lim_x: 10.0
 * /move_base/TrajectoryPlannerROS/angular_sim_granularity: 0.02
 * /move_base/TrajectoryPlannerROS/controller_frequency: 20.0
 * /move_base/TrajectoryPlannerROS/dwa: True
 * /move_base/TrajectoryPlannerROS/escape_reset_dist: 0.1
 * /move_base/TrajectoryPlannerROS/escape_reset_theta: 0.1
 * /move_base/TrajectoryPlannerROS/escape_vel: -0.5
 * /move_base/TrajectoryPlannerROS/gdist_scale: 1.0
 * /move_base/TrajectoryPlannerROS/heading_lookahead: 0.325
 * /move_base/TrajectoryPlannerROS/heading_scoring: False
 * /move_base/TrajectoryPlannerROS/heading_scoring_timestep: 0.8
 * /move_base/TrajectoryPlannerROS/holonomic_robot: False
 * /move_base/TrajectoryPlannerROS/latch_xy_goal_tolerance: False
 * /move_base/TrajectoryPlannerROS/max_vel_theta: 1.57
 * /move_base/TrajectoryPlannerROS/max_vel_x: 0.5
 * /move_base/TrajectoryPlannerROS/meter_scoring: True
 * /move_base/TrajectoryPlannerROS/min_in_place_vel_theta: 0.314
 * /move_base/TrajectoryPlannerROS/min_vel_theta: -1.57
 * /move_base/TrajectoryPlannerROS/min_vel_x: 0.1
 * /move_base/TrajectoryPlannerROS/occdist_scale: 0.1
 * /move_base/TrajectoryPlannerROS/oscillation_reset_dist: 0.05
 * /move_base/TrajectoryPlannerROS/pdist_scale: 0.75
 * /move_base/TrajectoryPlannerROS/publish_cost_grid_pc: True
 * /move_base/TrajectoryPlannerROS/sim_granularity: 0.02
 * /move_base/TrajectoryPlannerROS/sim_time: 2.0
 * /move_base/TrajectoryPlannerROS/simple_attractor: False
 * /move_base/TrajectoryPlannerROS/vtheta_samples: 20
 * /move_base/TrajectoryPlannerROS/vx_samples: 6
 * /move_base/TrajectoryPlannerROS/xy_goal_tolerance: 0.25
 * /move_base/TrajectoryPlannerROS/yaw_goal_tolerance: 0.157
 * /move_base/base_global_planner: navfn/NavfnROS
 * /move_base/base_local_planner: base_local_planne...
 * /move_base/clearing_rotation_allowed: True
 * /move_base/controller_frequency: 20.0
 * /move_base/controller_patience: 15.0
 * /move_base/global_costmap/footprint: [[-0.21, -0.165],...
 * /move_base/global_costmap/footprint_padding: 0.1
 * /move_base/global_costmap/global_frame: map
 * /move_base/global_costmap/height: 40.0
 * /move_base/global_costmap/inflater_layer/inflation_radius: 0.3
 * /move_base/global_costmap/map_type: costmap
 * /move_base/global_costmap/meter_scoring: True
 * /move_base/global_costmap/obstacle_range: 2.5
 * /move_base/global_costmap/obstacles_layer/observation_sources: scan
 * /move_base/global_costmap/obstacles_layer/scan/clearing: True
 * /move_base/global_costmap/obstacles_layer/scan/data_type: LaserScan
 * /move_base/global_costmap/obstacles_layer/scan/marking: True
 * /move_base/global_costmap/obstacles_layer/scan/max_obstacle_height: 2.0
 * /move_base/global_costmap/obstacles_layer/scan/min_obstacle_height: -2.0
 * /move_base/global_costmap/obstacles_layer/scan/obstacle_range: 2.5
 * /move_base/global_costmap/obstacles_layer/scan/raytrace_range: 3.0
 * /move_base/global_costmap/obstacles_layer/scan/sensor_frame: front_laser
 * /move_base/global_costmap/obstacles_layer/scan/topic: front/scan
 * /move_base/global_costmap/origin_x: -20.0
 * /move_base/global_costmap/origin_y: -20.0
 * /move_base/global_costmap/origin_z: 0.0
 * /move_base/global_costmap/plugins: [{'name': 'static...
 * /move_base/global_costmap/publish_frequency: 5.0
 * /move_base/global_costmap/publish_voxel_map: False
 * /move_base/global_costmap/raytrace_range: 3.0
 * /move_base/global_costmap/resolution: 0.05
 * /move_base/global_costmap/robot_base_frame: base_link
 * /move_base/global_costmap/rolling_window: False
 * /move_base/global_costmap/static_map: True
 * /move_base/global_costmap/transform_tolerance: 0.5
 * /move_base/global_costmap/update_frequency: 20.0
 * /move_base/global_costmap/width: 40.0
 * /move_base/global_costmap/z_resolution: 1
 * /move_base/global_costmap/z_voxels: 2
 * /move_base/local_costmap/footprint: [[-0.21, -0.165],...
 * /move_base/local_costmap/footprint_padding: 0.1
 * /move_base/local_costmap/global_frame: map
 * /move_base/local_costmap/height: 10.0
 * /move_base/local_costmap/inflater_layer/inflation_radius: 0.3
 * /move_base/local_costmap/map_type: costmap
 * /move_base/local_costmap/meter_scoring: True
 * /move_base/local_costmap/obstacle_range: 2.5
 * /move_base/local_costmap/obstacles_layer/observation_sources: scan
 * /move_base/local_costmap/obstacles_layer/scan/clearing: True
 * /move_base/local_costmap/obstacles_layer/scan/data_type: LaserScan
 * /move_base/local_costmap/obstacles_layer/scan/marking: True
 * /move_base/local_costmap/obstacles_layer/scan/max_obstacle_height: 2.0
 * /move_base/local_costmap/obstacles_layer/scan/min_obstacle_height: -2.0
 * /move_base/local_costmap/obstacles_layer/scan/obstacle_range: 2.5
 * /move_base/local_costmap/obstacles_layer/scan/raytrace_range: 3.0
 * /move_base/local_costmap/obstacles_layer/scan/sensor_frame: front_laser
 * /move_base/local_costmap/obstacles_layer/scan/topic: front/scan
 * /move_base/local_costmap/origin_z: 0.0
 * /move_base/local_costmap/plugins: [{'name': 'obstac...
 * /move_base/local_costmap/publish_frequency: 5.0
 * /move_base/local_costmap/publish_voxel_map: False
 * /move_base/local_costmap/raytrace_range: 3.0
 * /move_base/local_costmap/resolution: 0.05
 * /move_base/local_costmap/robot_base_frame: base_link
 * /move_base/local_costmap/rolling_window: True
 * /move_base/local_costmap/static_map: False
 * /move_base/local_costmap/transform_tolerance: 0.5
 * /move_base/local_costmap/update_frequency: 20.0
 * /move_base/local_costmap/width: 10.0
 * /move_base/local_costmap/z_resolution: 1
 * /move_base/local_costmap/z_voxels: 2
 * /move_base/oscillation_distance: 0.5
 * /move_base/oscillation_timeout: 0.0
 * /move_base/planner_frequency: 20.0
 * /move_base/planner_patience: 5.0
 * /move_base/recovery_behavior_enabled: True
 * /move_base/shutdown_costmaps: False
 * /multi_floor_navigation_node/init_pose_offset_theta: 0.2
 * /multi_floor_navigation_node/init_pose_offset_x: 0.32
 * /multi_floor_navigation_node/init_pose_offset_y: 0.32
 * /multi_floor_navigation_node/region_init_sigma_x: 0
 * /multi_floor_navigation_node/region_init_sigma_y: 0
 * /multi_floor_navigation_node/region_init_sigma_yaw: 0
 * /robot_description: <?xml version="1....
 * /rosdistro: noetic
 * /rosversion: 1.17.0
 * /twist_marker_server/link_name: base_link
 * /twist_mux/locks: [{'name': 'e_stop...
 * /twist_mux/topics: [{'name': 'joy', ...
 * /use_gui: True
 * /use_sim_time: True

NODES
  /
    amcl (amcl/amcl)
    change_map_node (multi_floor_nav/change_map_node)
    controller_spawner (controller_manager/spawner)
    ekf_localization (robot_localization/ekf_localization_node)
    gazebo (gazebo_ros/gzserver)
    map_server0 (map_server/map_server)
    map_server1 (map_server/map_server)
    move_base (move_base/move_base)
    multi_floor_navigation_node (multi_floor_nav/multi_floor_navigation_node)
    robot_state_publisher (robot_state_publisher/robot_state_publisher)
    rviz (rviz/rviz)
    twist_marker_server (interactive_marker_twist_server/marker_server)
    twist_mux (twist_mux/twist_mux)
    urdf_spawner (gazebo_ros/spawn_model)
[ INFO] [1774957457.647072145]: Finished loading Gazebo ROS API Plugin.
[ INFO] [1774957457.647929434]: waitForService: Service [/gazebo/set_physics_properties] has not been advertised, waiting...
[1;33mWarning [Model.cc:216][0m Non-unique name[door] detected 2 times in XML children of model with name[elevator].
[1;33mWarning [Model.cc:309][0m Joint with name [door] in model with name [elevator] has a name collision, changing joint name to [door_joint].
[ WARN] [1774957459.034849066, 1055.069000000]: Failed to meet update rate! Took 1055.06899999999996
[ WARN] [1774957459.035830252, 1055.070000000]: Failed to meet update rate! Took 1055.0499999999999545
[ INFO] [1774957458.734606196]: waitForService: Service [/gazebo/set_physics_properties] is now available.
[ INFO] [1774957458.752363711]: Physics dynamic reconfigure ready.
[1;33mWarning [parser_urdf.cc:1161][0m multiple inconsistent <gravity> exists due to fixed joint reduction overwriting previous value [true] with [false].
[1;33mWarning [parser_urdf.cc:1161][0m multiple inconsistent <gravity> exists due to fixed joint reduction overwriting previous value [false] with [true].
[ERROR] [1774957459.498574594, 1055.076000000]: No p gain specified for pid.  Namespace: /gazebo_ros_control/pid_gains/front_left_wheel
[ERROR] [1774957459.499046714, 1055.076000000]: No p gain specified for pid.  Namespace: /gazebo_ros_control/pid_gains/front_right_wheel
[ERROR] [1774957459.499463381, 1055.076000000]: No p gain specified for pid.  Namespace: /gazebo_ros_control/pid_gains/rear_left_wheel
[ERROR] [1774957459.499855046, 1055.076000000]: No p gain specified for pid.  Namespace: /gazebo_ros_control/pid_gains/rear_right_wheel
[ WARN] [1774957459.860287940]: Interactive marker 'robot_twist_marker' contains unnormalized quaternions. This warning will only be output once but may be true for others; enable DEBUG messages for ros.rviz.quaternions to see more details.
[ WARN] [1774957460.115790938, 1055.648000000]: Timed out waiting for transform from base_link to map to become available before running costmap, tf error: Lookup would require extrapolation 0.766000000s into the past.  Requested time 1055.630000000 but the earliest data is at time 1056.396000000, when looking up transform from frame [base_link] to frame [map]. canTransform returned after 1055.65 timeout was 0.1.
[ WARN] [1774957460.890912505, 1056.414000000]: global_costmap: Pre-Hydro parameter "static_map" unused since "plugins" is provided
[ WARN] [1774957460.891155270, 1056.414000000]: global_costmap: Pre-Hydro parameter "map_type" unused since "plugins" is provided
[ WARN] [1774957492.345853307, 1087.464000000]: local_costmap: Pre-Hydro parameter "static_map" unused since "plugins" is provided
[ WARN] [1774957492.346052980, 1087.464000000]: local_costmap: Pre-Hydro parameter "map_type" unused since "plugins" is provided
[ WARN] [1774957492.360303131, 1087.478000000]: [Multi Floor Nav] Initial pose perturbation applied: offset_x=0.32, offset_y=0.32, offset_theta=0.20
[ WARN] [1774957492.385115582, 1087.502000000]: Parameter pdist_scale is deprecated. Please use the name path_distance_bias instead.
[ WARN] [1774957492.386451768, 1087.504000000]: Parameter gdist_scale is deprecated. Please use the name goal_distance_bias instead.
[ WARN] [1774957493.429535340, 1088.536000000]: The origin for the sensor at (0.21, 0.22) is out of map bounds. So, the costmap cannot raytrace for it.
[ WARN] [1774957550.669425522, 1145.237000000]: The origin for the sensor at (6.64, 4.16) is out of map bounds. So, the costmap cannot raytrace for it.
[ WARN] [1774957554.340095623, 1148.885000000]: [Multi Floor Nav] Initial pose perturbation applied: offset_x=0.32, offset_y=0.32, offset_theta=0.20
[ INFO] [1774957457.368937008]: [Multi Floor Nav] Module A sigma: L0=(0.000,0.000,0.000) L1=(0.000,0.000,0.000)
[ INFO] [1774957457.369559704]: [Multi Floor Nav] Module A delay: L0=6.0s  L1=6.0s  backoff: factor=1.30 max=2.00
[ INFO] [1774957492.160026708, 1087.280000000]: [Multi Floor Nav] Successfully loaded map for level: 0
[ INFO] [1774957492.360371295, 1087.478000000]: [Multi Floor Nav] Initializing Robot at x: 5.3, y: -0.2, yaw: 0.2 (level=0, sigma: x=0.000, y=0.000, yaw=0.000, retry=0)
[ INFO] [1774957492.360403282, 1087.478000000]: [Multi Floor Nav] Initializing Pose to x: 5.00, y: -0.50 at level: 0
[ INFO] [1774957493.373744652, 1088.480000000]: [Multi Floor Nav] Waiting for AMCL nomotion updates (1.0/6.0s, L0)...
[ INFO] [1774957494.380786241, 1089.480000000]: [Multi Floor Nav] Waiting for AMCL nomotion updates (2.0/6.0s, L0)...
[ INFO] [1774957495.387352103, 1090.481000000]: [Multi Floor Nav] Waiting for AMCL nomotion updates (3.0/6.0s, L0)...
[ INFO] [1774957496.396682272, 1091.481000000]: [Multi Floor Nav] Waiting for AMCL nomotion updates (4.0/6.0s, L0)...
[ INFO] [1774957497.611065994, 1092.680000000]: [Multi Floor Nav] Waiting for AMCL nomotion updates (5.2/6.0s, L0)...
[ INFO] [1774957498.421471666, 1093.481000000]: [Multi Floor Nav] Current Robot Pose, x: 5.32, y: -0.18, yaw: 0.23
[ INFO] [1774957498.421492269, 1093.481000000]: [Multi Floor Nav] Linear Error: 0.45, Angular Error: 0.23
[ INFO] [1774957498.421500859, 1093.481000000]: [Multi Floor Nav] Robot at correct pose
[ INFO] [1774957498.422667123, 1093.482000000]: [Multi Floor Nav] RELOC_PASS: linear_error=0.4531, angular_error=0.2271, linear_error_init=0.0007, angular_error_init=0.0271, tr_sigma=0.0062, C_t=0.9938
[ INFO] [1774957499.436349121, 1094.482000000]: [Multi Floor Nav] POST_PASS: dt=1.000s, linear_error=0.4531, angular_error=0.2281
[ INFO] [1774957499.436368607, 1094.482000000]: [Multi Floor Nav] Will send goal to x: 3, y: -0, at level: 0
[ INFO] [1774957499.436379153, 1094.482000000]: [Multi Floor Nav] Sending Robot to x: 3.0, y: -0.5, yaw: 3.1
[ INFO] [1774957499.640151469, 1094.682000000]: [Multi Floor Nav] POST_PASS: dt=1.200s, linear_error=0.4531, angular_error=0.2281
[ INFO] [1774957499.842936662, 1094.882000000]: [Multi Floor Nav] POST_PASS: dt=1.400s, linear_error=0.4531, angular_error=0.2281
[ INFO] [1774957500.045864261, 1095.082000000]: [Multi Floor Nav] POST_PASS: dt=1.600s, linear_error=0.4726, angular_error=0.1937
[ INFO] [1774957500.250767088, 1095.282000000]: [Multi Floor Nav] POST_PASS: dt=1.800s, linear_error=0.4975, angular_error=0.5998
[ INFO] [1774957516.875396767, 1111.682000000]: [Multi Floor Nav] Requesting Lift to Level 0
[ INFO] [1774957517.076923036, 1111.883000000]: [Multi Floor Nav] Entering Lift at Level 0
[ INFO] [1774957534.627192000, 1129.282000000]: [Multi Floor Nav] Requesting Lift to Level 1
[ INFO] [1774957541.662870784, 1136.282000000]: [Multi Floor Nav] Exiting Lift at Level 1
[ INFO] [1774957554.335099308, 1148.880000000]: [Multi Floor Nav] Successfully loaded map for level: 1
[ INFO] [1774957554.340155895, 1148.885000000]: [Multi Floor Nav] Initializing Robot at x: 3.3, y: -0.2, yaw: 3.3 (level=1, sigma: x=0.000, y=0.000, yaw=0.000, retry=0)
[ INFO] [1774957554.340231392, 1148.885000000]: [Multi Floor Nav] Initializing Pose to x: 3.00, y: -0.50 at level: 1
[ INFO] [1774957555.348839588, 1149.889000000]: [Multi Floor Nav] Waiting for AMCL nomotion updates (1.0/6.0s, L1)...
[ INFO] [1774957556.354507944, 1150.889000000]: [Multi Floor Nav] Waiting for AMCL nomotion updates (2.0/6.0s, L1)...
[ INFO] [1774957557.561073662, 1152.088000000]: [Multi Floor Nav] Waiting for AMCL nomotion updates (3.2/6.0s, L1)...
[ INFO] [1774957558.567510522, 1153.088000000]: [Multi Floor Nav] Waiting for AMCL nomotion updates (4.2/6.0s, L1)...
[ INFO] [1774957559.574099169, 1154.089000000]: [Multi Floor Nav] Waiting for AMCL nomotion updates (5.2/6.0s, L1)...
[ INFO] [1774957560.377895296, 1154.888000000]: [Multi Floor Nav] Current Robot Pose, x: 3.32, y: -0.18, yaw: -2.91
[ INFO] [1774957560.377943905, 1154.888000000]: [M[ WARN] [1774957579.579683978, 1173.592000000]: Clearing both costmaps outside a square (3.00m) large centered on the robot.
[ WARN] [1774957584.847189147, 1178.641000000]: Rotate recovery behavior started.
[ERROR] [1774957584.847387634, 1178.641000000]: Rotate recovery can't rotate in place because there is a potential collision. Cost: -1.00
[ WARN] [1774957590.103291707, 1183.691000000]: Clearing both costmaps outside a square (1.84m) large centered on the robot.
[ WARN] [1774957595.452307923, 1188.741000000]: Rotate recovery behavior started.
[ERROR] [1774957595.452358767, 1188.741000000]: Rotate recovery can't rotate in place because there is a potential collision. Cost: -1.00
[ERROR] [1774957600.746025728, 1193.791000000]: Aborting because a valid plan could not be found. Even after executing all recovery behaviors
ulti Floor Nav] Linear Error: 0.45, Angular Error: 0.23
[ INFO] [1774957560.377999358, 1154.888000000]: [Multi Floor Nav] Robot at correct pose
[ INFO] [1774957560.379684189, 1154.891000000]: [Multi Floor Nav] RELOC_PASS: linear_error=0.4510, angular_error=0.2286, linear_error_init=0.0018, angular_error_init=0.0286, tr_sigma=0.0000, C_t=1.0000
[ INFO] [1774957561.385542974, 1155.891000000]: [Multi Floor Nav] POST_PASS: dt=1.000s, linear_error=0.4510, angular_error=0.2299
[ INFO] [1774957561.385590815, 1155.891000000]: [Multi Floor Nav] Will send goal to x: 4, y: 5, at level: 1
[ INFO] [1774957561.385615608, 1155.891000000]: [Multi Floor Nav] Sending Robot to x: 4.0, y: 5.0, yaw: 0.0
[ INFO] [1774957561.586463518, 1156.091000000]: [Multi Floor Nav] POST_PASS: dt=1.200s, linear_error=0.4510, angular_error=0.2299
[ INFO] [1774957561.788145322, 1156.291000000]: [Multi Floor Nav] POST_PASS: dt=1.400s, linear_error=0.4510, angular_error=0.2299
[ INFO] [1774957561.988137407, 1156.491000000]: [Multi Floor Nav] POST_PASS: dt=1.600s, linear_error=0.4510, angular_error=0.2299
[ INFO] [1774957562.189657605, 1156.691000000]: [Multi Floor Nav] POST_PASS: dt=1.800s, linear_error=0.3335, angular_error=0.2268
[ INFO] [1774957562.391414493, 1156.891000000]: [Multi Floor Nav] POST_PASS: dt=2.000s, linear_error=0.3335, angular_error=0.2268
[ INFO] [1774957460.891642546, 1056.415000000]: global_costmap: Using plugin "static_layer"
[ INFO] [1774957460.895709065, 1056.419000000]: Requesting the map...
[ INFO] [1774957492.202109974, 1087.321000000]: Resizing costmap to 992 X 992 at 0.020000 m/pix
[ INFO] [1774957492.301898460, 1087.420000000]: Received a 992 X 992 map at 0.020000 m/pix
[ INFO] [1774957492.305176695, 1087.423000000]: global_costmap: Using plugin "obstacles_layer"
[ INFO] [1774957492.312770713, 1087.430000000]:     Subscribed to Topics: scan
[ INFO] [1774957492.323474721, 1087.441000000]: global_costmap: Using plugin "inflater_layer"
[ INFO] [1774957492.346481241, 1087.464000000]: local_costmap: Using plugin "obstacles_layer"
[ INFO] [1774957492.348654183, 1087.467000000]:     Subscribed to Topics: scan
[ INFO] [1774957492.355928402, 1087.474000000]: local_costmap: Using plugin "inflater_layer"
[ INFO] [1774957492.372919576, 1087.491000000]: Created local_planner base_local_planner/TrajectoryPlannerROS
[ INFO] [1774957492.378704939, 1087.497000000]: Sim period is set to 0.05
[ INFO] [1774957492.431223467, 1087.549000000]: Recovery behavior will clear layer 'obstacles'
[ INFO] [1774957492.434242734, 1087.552000000]: Recovery behavior will clear layer 'obstacles'
[ INFO] [1774957492.514259424, 1087.630000000]: odom received!

auto-starting new master
[1mprocess[master]: started with pid [53897][0m
[1mROS_MASTER_URI=http://localhost:11311[0m
]2;/home/eethanhe/catkin_ws/src/robot-multi-floor-navigation/multi_floor_nav/launch/nav.launch http://localhost:11311
[1msetting /run_id to f24c8a7a-2cf6-11f1-ab93-1f235c29b2e7[0m
[1mprocess[rosout-1]: started with pid [53922][0m
started core service [/rosout]
[1mprocess[gazebo-2]: started with pid [53929][0m
[1mprocess[robot_state_publisher-3]: started with pid [53932][0m
[1mprocess[controller_spawner-4]: started with pid [53935][0m
[1mprocess[ekf_localization-5]: started with pid [53936][0m
[1mprocess[twist_mux-6]: started with pid [53937][0m
[1mprocess[twist_marker_server-7]: started with pid [53939][0m
[1mprocess[urdf_spawner-8]: started with pid [53945][0m
[1mprocess[map_server0-9]: started with pid [53951][0m
[1mprocess[map_server1-10]: started with pid [53957][0m
[1mprocess[amcl-11]: started with pid [53963][0m
[1mprocess[move_base-12]: started with pid [53965][0m
[1mprocess[rviz-13]: started with pid [53971][0m
[1mprocess[change_map_node-14]: started with pid [53977][0m
[1mprocess[multi_floor_navigation_node-15]: started with pid [53985][0m
[1m[urdf_spawner-8] process has finished cleanly
log file: /home/eethanhe/.ros/log/f24c8a7a-2cf6-11f1-ab93-1f235c29b2e7/urdf_spawner-8*.log[0m
[multi_floor_navigation_node-15] killing on exit
[change_map_node-14] killing on exit
[rviz-13] killing on exit
[move_base-12] killing on exit
[map_server1-10] killing on exit
[amcl-11] killing on exit
[map_server0-9] killing on exit
[twist_marker_server-7] killing on exit
[twist_mux-6] killing on exit
[ekf_localization-5] killing on exit
[controller_spawner-4] killing on exit
[robot_state_publisher-3] killing on exit
[gazebo-2] killing on exit
[rosout-1] killing on exit
[master] killing on exit
shutting down processing monitor...
... shutting down processing monitor complete
[1mdone[0m
