xacro: in-order processing became default in ROS Melodic. You can drop the option.
... logging to /home/eethanhe/.ros/log/8033406a-2bec-11f1-8d1e-01badb8e21cf/roslaunch-eethanhe-Lenovo-Legion-R9000P2021H-147867.log
Checking log directory for disk usage. This may take a while.
Press Ctrl-C to interrupt
Done checking log file disk usage. Usage is <1GB.
]2;/home/eethanhe/catkin_ws/src/robot-multi-floor-navigation/multi_floor_nav/launch/nav.launch
[1mstarted roslaunch server http://eethanhe-Lenovo-Legion-R9000P2021H:43045/[0m

SUMMARY
========

PARAMETERS
 * /amcl/auto_update_noise: 0.0
 * /amcl/base_frame_id: base_link
 * /amcl/expected_laser_freq: 5.0
 * /amcl/first_map_only: False
 * /amcl/global_frame_id: map
 * /amcl/gui_publish_rate: 10.0
 * /amcl/initial_pose_a: 0.0
 * /amcl/initial_pose_x: 0.0
 * /amcl/initial_pose_y: 0.0
 * /amcl/kld_err: 0.05
 * /amcl/kld_z: 0.99
 * /amcl/laser_lambda_short: 0.1
 * /amcl/laser_likelihood_max_dist: 2.0
 * /amcl/laser_max_beams: 720
 * /amcl/laser_max_range: 30.0
 * /amcl/laser_min_range: 0.1
 * /amcl/laser_model_type: likelihood_field
 * /amcl/laser_sigma_hit: 0.2
 * /amcl/laser_z_hit: 0.5
 * /amcl/laser_z_max: 0.05
 * /amcl/laser_z_rand: 0.5
 * /amcl/laser_z_short: 0.05
 * /amcl/max_particles: 2000
 * /amcl/min_particles: 500
 * /amcl/odom_alpha1: 0.2
 * /amcl/odom_alpha2: 0.2
 * /amcl/odom_alpha3: 0.2
 * /amcl/odom_alpha4: 0.2
 * /amcl/odom_alpha5: 0.1
 * /amcl/odom_frame_id: odom
 * /amcl/odom_model_type: diff
 * /amcl/odom_update_interval: 0.1
 * /amcl/recovery_alpha_fast: 0.1
 * /amcl/recovery_alpha_slow: 0.001
 * /amcl/resample_interval: 1
 * /amcl/transform_tolerance: 1.0
 * /amcl/update_min_a: 0.3927
 * /amcl/update_min_d: 0.1
 * /amcl/use_map_topic: False
 * /ekf_localization/base_link_frame: base_link
 * /ekf_localization/frequency: 50
 * /ekf_localization/imu0: /imu/data
 * /ekf_localization/imu0_config: [False, False, Fa...
 * /ekf_localization/imu0_differential: False
 * /ekf_localization/odom0: /jackal_velocity_...
 * /ekf_localization/odom0_config: [False, False, Fa...
 * /ekf_localization/odom0_differential: False
 * /ekf_localization/odom_frame: odom
 * /ekf_localization/predict_to_current_time: True
 * /ekf_localization/world_frame: odom
 * /gazebo/enable_ros_network: True
 * /jackal_joint_publisher/publish_rate: 50
 * /jackal_joint_publisher/type: joint_state_contr...
 * /jackal_velocity_controller/angular/z/has_acceleration_limits: True
 * /jackal_velocity_controller/angular/z/has_velocity_limits: True
 * /jackal_velocity_controller/angular/z/max_acceleration: 25.0
 * /jackal_velocity_controller/angular/z/max_velocity: 4.0
 * /jackal_velocity_controller/cmd_vel_timeout: 0.25
 * /jackal_velocity_controller/enable_odom_tf: False
 * /jackal_velocity_controller/k_l: 0.1
 * /jackal_velocity_controller/k_r: 0.1
 * /jackal_velocity_controller/left_wheel: ['front_left_whee...
 * /jackal_velocity_controller/linear/x/has_acceleration_limits: True
 * /jackal_velocity_controller/linear/x/has_velocity_limits: True
 * /jackal_velocity_controller/linear/x/max_acceleration: 20.0
 * /jackal_velocity_controller/linear/x/max_velocity: 2.0
 * /jackal_velocity_controller/pose_covariance_diagonal: [0.001, 0.001, 10...
 * /jackal_velocity_controller/publish_cmd: True
 * /jackal_velocity_controller/publish_rate: 50
 * /jackal_velocity_controller/right_wheel: ['front_right_whe...
 * /jackal_velocity_controller/twist_covariance_diagonal: [0.001, 0.001, 0....
 * /jackal_velocity_controller/type: diff_drive_contro...
 * /jackal_velocity_controller/wheel_radius_multiplier: 1.0
 * /jackal_velocity_controller/wheel_separation_multiplier: 1.5
 * /move_base/NavfnROS/allow_unknown: True
 * /move_base/TrajectoryPlannerROS/acc_lim_theta: 20.0
 * /move_base/TrajectoryPlannerROS/acc_lim_x: 10.0
 * /move_base/TrajectoryPlannerROS/angular_sim_granularity: 0.02
 * /move_base/TrajectoryPlannerROS/controller_frequency: 20.0
 * /move_base/TrajectoryPlannerROS/dwa: True
 * /move_base/TrajectoryPlannerROS/escape_reset_dist: 0.1
 * /move_base/TrajectoryPlannerROS/escape_reset_theta: 0.1
 * /move_base/TrajectoryPlannerROS/escape_vel: -0.5
 * /move_base/TrajectoryPlannerROS/gdist_scale: 1.0
 * /move_base/TrajectoryPlannerROS/heading_lookahead: 0.325
 * /move_base/TrajectoryPlannerROS/heading_scoring: False
 * /move_base/TrajectoryPlannerROS/heading_scoring_timestep: 0.8
 * /move_base/TrajectoryPlannerROS/holonomic_robot: False
 * /move_base/TrajectoryPlannerROS/latch_xy_goal_tolerance: False
 * /move_base/TrajectoryPlannerROS/max_vel_theta: 1.57
 * /move_base/TrajectoryPlannerROS/max_vel_x: 0.5
 * /move_base/TrajectoryPlannerROS/meter_scoring: True
 * /move_base/TrajectoryPlannerROS/min_in_place_vel_theta: 0.314
 * /move_base/TrajectoryPlannerROS/min_vel_theta: -1.57
 * /move_base/TrajectoryPlannerROS/min_vel_x: 0.1
 * /move_base/TrajectoryPlannerROS/occdist_scale: 0.1
 * /move_base/TrajectoryPlannerROS/oscillation_reset_dist: 0.05
 * /move_base/TrajectoryPlannerROS/pdist_scale: 0.75
 * /move_base/TrajectoryPlannerROS/publish_cost_grid_pc: True
 * /move_base/TrajectoryPlannerROS/sim_granularity: 0.02
 * /move_base/TrajectoryPlannerROS/sim_time: 2.0
 * /move_base/TrajectoryPlannerROS/simple_attractor: False
 * /move_base/TrajectoryPlannerROS/vtheta_samples: 20
 * /move_base/TrajectoryPlannerROS/vx_samples: 6
 * /move_base/TrajectoryPlannerROS/xy_goal_tolerance: 0.25
 * /move_base/TrajectoryPlannerROS/yaw_goal_tolerance: 0.157
 * /move_base/base_global_planner: navfn/NavfnROS
 * /move_base/base_local_planner: base_local_planne...
 * /move_base/clearing_rotation_allowed: True
 * /move_base/controller_frequency: 20.0
 * /move_base/controller_patience: 15.0
 * /move_base/global_costmap/footprint: [[-0.21, -0.165],...
 * /move_base/global_costmap/footprint_padding: 0.1
 * /move_base/global_costmap/global_frame: map
 * /move_base/global_costmap/height: 40.0
 * /move_base/global_costmap/inflater_layer/inflation_radius: 0.3
 * /move_base/global_costmap/map_type: costmap
 * /move_base/global_costmap/meter_scoring: True
 * /move_base/global_costmap/obstacle_range: 2.5
 * /move_base/global_costmap/obstacles_layer/observation_sources: scan
 * /move_base/global_costmap/obstacles_layer/scan/clearing: True
 * /move_base/global_costmap/obstacles_layer/scan/data_type: LaserScan
 * /move_base/global_costmap/obstacles_layer/scan/marking: True
 * /move_base/global_costmap/obstacles_layer/scan/max_obstacle_height: 2.0
 * /move_base/global_costmap/obstacles_layer/scan/min_obstacle_height: -2.0
 * /move_base/global_costmap/obstacles_layer/scan/obstacle_range: 2.5
 * /move_base/global_costmap/obstacles_layer/scan/raytrace_range: 3.0
 * /move_base/global_costmap/obstacles_layer/scan/sensor_frame: front_laser
 * /move_base/global_costmap/obstacles_layer/scan/topic: front/scan
 * /move_base/global_costmap/origin_x: -20.0
 * /move_base/global_costmap/origin_y: -20.0
 * /move_base/global_costmap/origin_z: 0.0
 * /move_base/global_costmap/plugins: [{'name': 'static...
 * /move_base/global_costmap/publish_frequency: 5.0
 * /move_base/global_costmap/publish_voxel_map: False
 * /move_base/global_costmap/raytrace_range: 3.0
 * /move_base/global_costmap/resolution: 0.05
 * /move_base/global_costmap/robot_base_frame: base_link
 * /move_base/global_costmap/rolling_window: False
 * /move_base/global_costmap/static_map: True
 * /move_base/global_costmap/transform_tolerance: 0.5
 * /move_base/global_costmap/update_frequency: 20.0
 * /move_base/global_costmap/width: 40.0
 * /move_base/global_costmap/z_resolution: 1
 * /move_base/global_costmap/z_voxels: 2
 * /move_base/local_costmap/footprint: [[-0.21, -0.165],...
 * /move_base/local_costmap/footprint_padding: 0.1
 * /move_base/local_costmap/global_frame: map
 * /move_base/local_costmap/height: 10.0
 * /move_base/local_costmap/inflater_layer/inflation_radius: 0.3
 * /move_base/local_costmap/map_type: costmap
 * /move_base/local_costmap/meter_scoring: True
 * /move_base/local_costmap/obstacle_range: 2.5
 * /move_base/local_costmap/obstacles_layer/observation_sources: scan
 * /move_base/local_costmap/obstacles_layer/scan/clearing: True
 * /move_base/local_costmap/obstacles_layer/scan/data_type: LaserScan
 * /move_base/local_costmap/obstacles_layer/scan/marking: True
 * /move_base/local_costmap/obstacles_layer/scan/max_obstacle_height: 2.0
 * /move_base/local_costmap/obstacles_layer/scan/min_obstacle_height: -2.0
 * /move_base/local_costmap/obstacles_layer/scan/obstacle_range: 2.5
 * /move_base/local_costmap/obstacles_layer/scan/raytrace_range: 3.0
 * /move_base/local_costmap/obstacles_layer/scan/sensor_frame: front_laser
 * /move_base/local_costmap/obstacles_layer/scan/topic: front/scan
 * /move_base/local_costmap/origin_z: 0.0
 * /move_base/local_costmap/plugins: [{'name': 'obstac...
 * /move_base/local_costmap/publish_frequency: 5.0
 * /move_base/local_costmap/publish_voxel_map: False
 * /move_base/local_costmap/raytrace_range: 3.0
 * /move_base/local_costmap/resolution: 0.05
 * /move_base/local_costmap/robot_base_frame: base_link
 * /move_base/local_costmap/rolling_window: True
 * /move_base/local_costmap/static_map: False
 * /move_base/local_costmap/transform_tolerance: 0.5
 * /move_base/local_costmap/update_frequency: 20.0
 * /move_base/local_costmap/width: 10.0
 * /move_base/local_costmap/z_resolution: 1
 * /move_base/local_costmap/z_voxels: 2
 * /move_base/oscillation_distance: 0.5
 * /move_base/oscillation_timeout: 0.0
 * /move_base/planner_frequency: 20.0
 * /move_base/planner_patience: 5.0
 * /move_base/recovery_behavior_enabled: True
 * /move_base/shutdown_costmaps: False
 * /multi_floor_navigation_node/init_pose_offset_theta: 0.2
 * /multi_floor_navigation_node/init_pose_offset_x: 0.4
 * /multi_floor_navigation_node/init_pose_offset_y: 0.4
 * /multi_floor_navigation_node/region_init_sigma_x: 0
 * /multi_floor_navigation_node/region_init_sigma_y: 0
 * /multi_floor_navigation_node/region_init_sigma_yaw: 0
 * /robot_description: <?xml version="1....
 * /rosdistro: noetic
 * /rosversion: 1.17.0
 * /twist_marker_server/link_name: base_link
 * /twist_mux/locks: [{'name': 'e_stop...
 * /twist_mux/topics: [{'name': 'joy', ...
 * /use_gui: True
 * /use_sim_time: True

NODES
  /
    amcl (amcl/amcl)
    change_map_node (multi_floor_nav/change_map_node)
    controller_spawner (controller_manager/spawner)
    ekf_localization (robot_localization/ekf_localization_node)
    gazebo (gazebo_ros/gzserver)
    map_server0 (map_server/map_server)
    map_server1 (map_server/map_server)
    move_base (move_base/move_base)
    multi_floor_navigation_node (multi_floor_nav/multi_floor_navigation_node)
    robot_state_publisher (robot_state_publisher/robot_state_publisher)
    rviz (rviz/rviz)
    twist_marker_server (interactive_marker_twist_server/marker_server)
    twist_mux (twist_mux/twist_mux)
    urdf_spawner (gazebo_ros/spawn_model)
[ INFO] [1774843020.143230118]: Finished loading Gazebo ROS API Plugin.
[ INFO] [1774843020.149840778]: waitForService: Service [/gazebo/set_physics_properties] has not been advertised, waiting...
[1;33mWarning [Model.cc:216][0m Non-unique name[door] detected 2 times in XML children of model with name[elevator].
[1;33mWarning [Model.cc:309][0m Joint with name [door] in model with name [elevator] has a name collision, changing joint name to [door_joint].
[ INFO] [1774843021.441781939]: waitForService: Service [/gazebo/set_physics_properties] is now available.
[ INFO] [1774843021.456352864, 1054.800000000]: Physics dynamic reconfigure ready.
[1;33mWarning [parser_urdf.cc:1161][0m multiple inconsistent <gravity> exists due to fixed joint reduction overwriting previous value [true] with [false].
[1;33mWarning [parser_urdf.cc:1161][0m multiple inconsistent <gravity> exists due to fixed joint reduction overwriting previous value [false] with [true].
[ERROR] [1774843022.014465962, 1054.899000000]: No p gain specified for pid.  Namespace: /gazebo_ros_control/pid_gains/front_left_wheel
[ERROR] [1774843022.014917274, 1054.899000000]: No p gain specified for pid.  Namespace: /gazebo_ros_control/pid_gains/front_right_wheel
[ERROR] [1774843022.015316415, 1054.899000000]: No p gain specified for pid.  Namespace: /gazebo_ros_control/pid_gains/rear_left_wheel
[ERROR] [1774843022.015704801, 1054.899000000]: No p gain specified for pid.  Namespace: /gazebo_ros_control/pid_gains/rear_right_wheel
[ WARN] [1774843022.063718036, 1054.900000000]: Failed to meet update rate! Took 1054.9000000000000909
[ WARN] [1774843022.064445919, 1054.901000000]: Failed to meet update rate! Took 1054.8810000000000855
[ WARN] [1774843022.454146902]: Interactive marker 'robot_twist_marker' contains unnormalized quaternions. This warning will only be output once but may be true for others; enable DEBUG messages for ros.rviz.quaternions to see more details.
[ WARN] [1774843022.758694329, 1055.591000000]: Timed out waiting for transform from base_link to map to become available before running costmap, tf error: Lookup would require extrapolation 0.698000000s into the past.  Requested time 1055.581000000 but the earliest data is at time 1056.279000000, when looking up transform from frame [base_link] to frame [map]. canTransform returned after 1055.59 timeout was 0.1.
[ WARN] [1774843023.455601587, 1056.283000000]: global_costmap: Pre-Hydro parameter "static_map" unused since "plugins" is provided
[ WARN] [1774843023.455831084, 1056.283000000]: global_costmap: Pre-Hydro parameter "map_type" unused since "plugins" is provided
[ WARN] [1774843054.779546132, 1087.246000000]: local_costmap: Pre-Hydro parameter "static_map" unused since "plugins" is provided
[ WARN] [1774843054.779771927, 1087.246000000]: local_costmap: Pre-Hydro parameter "map_type" unused since "plugins" is provided
[ WARN] [1774843054.801582431, 1087.268000000]: [Multi Floor Nav] Initial pose perturbation applied: offset_x=0.40, offset_y=0.40, offset_theta=0.20
[ WARN] [1774843054.819059162, 1087.286000000]: Parameter pdist_scale is deprecated. Please use the name path_distance_bias instead.
[ WARN] [1774843054.819737737, 1087.286000000]: Parameter gdist_scale is deprecated. Please use the name goal_distance_bias instead.
[ WARN] [1774843061.042632315, 1093.469000000]: [Multi Floor Nav] Initial pose perturbation applied: offset_x=0.40, offset_y=0.40, offset_theta=0.20
[ WARN] [1774843067.308721299, 1099.671000000]: [Multi Floor Nav] Initial pose perturbation applied: offset_x=0.40, offset_y=0.40, offset_theta=0.20
[ WARN] [1774843073.573752251, 1105.872000000]: [Multi Floor Nav] Initial pose perturbation applied: offset_x=0.40, offset_y=0.40, offset_theta=0.20
[ INFO] [1774843019.785608081]: [Multi Floor Nav] Module A sigma: L0=(0.000,0.000,0.000) L1=(0.000,0.000,0.000)
[ INFO] [1774843019.789845962]: [Multi Floor Nav] Module A delay: L0=6.0s  L1=6.0s  backoff: factor=1.30 max=2.00
[ INFO] [1774843054.609890349, 1087.077000000]: [Multi Floor Nav] Successfully loaded map for level: 0
[ INFO] [1774843054.801633834, 1087.268000000]: [Multi Floor Nav] Initializing Robot at x: 5.4, y: -0.1, yaw: 0.2 (level=0, sigma: x=0.000, y=0.000, yaw=0.000, retry=0)
[ INFO] [1774843054.801677834, 1087.268000000]: [Multi Floor Nav] Initializing Pose to x: 5.00, y: -0.50 at level: 0
[ INFO] [1774843055.809919018, 1088.270000000]: [Multi Floor Nav] Waiting for AMCL nomotion updates (1.0/6.0s, L0)...
[ INFO] [1774843056.817189763, 1089.271000000]: [Multi Floor Nav] Waiting for AMCL nomotion updates (2.0/6.0s, L0)...
[ INFO] [1774843057.821108211, 1090.271000000]: [Multi Floor Nav] Waiting for AMCL nomotion updates (3.0/6.0s, L0)...
[ INFO] [1774843059.030966447, 1091.470000000]: [Multi Floor Nav] Waiting for AMCL nomotion updates (4.2/6.0s, L0)...
[ INFO] [1774843060.034428977, 1092.471000000]: [Multi Floor Nav] Waiting for AMCL nomotion updates (5.2/6.0s, L0)...
[ INFO] [1774843060.840887737, 1093.270000000]: [Multi Floor Nav] Current Robot Pose, x: 5.40, y: -0.10, yaw: 0.17
[ INFO] [1774843060.840910995, 1093.270000000]: [Multi Floor Nav] Linear Error: 0.57, Angular Error: 0.17
[ INFO] [1774843060.840925382, 1093.270000000]: [Multi Floor Nav] Setting initial pose failed. Will Retry (retry #1)
[ INFO] [1774843061.042657248, 1093.469000000]: [Multi Floor Nav] Initializing Robot at x: 5.4, y: -0.1, yaw: 0.2 (level=0, sigma: x=0.000, y=0.000, yaw=0.000, retry=1)
[ INFO] [1774843061.042699502, 1093.469000000]: [Multi Floor Nav] Initializing Pose to x: 5.00, y: -0.50 at level: 0
[ INFO] [1774843062.054746610, 1094.471000000]: [Multi Floor Nav] Waiting for AMCL nomotion updates (1.0/6.0s, L0)...
[ INFO] [1774843063.062980751, 1095.471000000]: [Multi Floor Nav] Waiting for AMCL nomotion updates (2.0/6.0s, L0)...
[ INFO] [1774843064.076346251, 1096.471000000]: [Multi Floor Nav] Waiting for AMCL nomotion updates (3.0/6.0s, L0)...
[ INFO] [1774843065.092166593, 1097.472000000]: [Multi Floor Nav] Waiting for AMCL nomotion updates (4.0/6.0s, L0)...
[ INFO] [1774843066.304988125, 1098.672000000]: [Multi Floor Nav] Waiting for AMCL nomotion updates (5.2/6.0s, L0)...
[ INFO] [1774843067.108573774, 1099.471000000]: [Multi Floor Nav] Current Robot Pose, x: 5.40, y: -0.10, yaw: 0.17
[ INFO] [1774843067.108598498, 1099.471000000]: [Multi Floor Nav] Linear Error: 0.57, Angular Error: 0.17
[ INFO] [1774843067.108609114, 1099.471000000]: [Multi Floor Nav] Setting initial pose failed. Will Retry (retry #2)
[ INFO] [1774843067.308750912, 1099.671000000]: [Multi Floor Nav] Initializing Robot at x: 5.4, y: -0.1, yaw: 0.2 (level=0, sigma: x=0.000, y=0.000, yaw=0.000, retry=2)
[ INFO] [1774843067.308769560, 1099.671000000]: [Multi Floor Nav] Initializing Pose to x: 5.00, y: -0.50 at level: 0
[ INFO] [1774843068.314132894, 1100.673000000]: [Multi Floor Nav] Waiting for AMCL nomotion updates (1.0/6.0s, L0)...
[ INFO] [1774843069.332649245, 1101.674000000]: [Multi Floor Nav] Waiting for AMCL nomotion updates (2.0/6.0s, L0)...
[ INFO] [1774843070.536653429, 1102.874000000]: [Multi Floor Nav] Waiting for AMCL nomotion updates (3.2/6.0s, L0)...
[ INFO] [1774843071.549439259, 1103.875000000]: [Multi Floor Nav] Waiting for AMCL nomotion updates (4.2/6.0s, L0)...
[ INFO] [1774843072.766172597, 1105.074000000]: [Multi Floor Nav] Waiting for AMCL nomotion updates (5.4/6.0s, L0)...
[ INFO] [1774843073.372647553, 1105.673000000]: [Multi Floor Nav] Current Robot Pose, x: 5.40, y: -0.10, yaw: 0.17
[ INFO] [1774843073.372694975, 1105.673000000]: [Multi Floor Nav] Linear Error: 0.57, Angular Error: 0.17
[ INFO] [1774843073.372716346, 1105.673000000]: [Multi Floor Nav] Setting initial pose failed. Will Retry (retry #3)
[ INFO] [1774843073.573780885, 1105.872000000]: [Multi Floor Nav] Initializing Robot at x: 5.4, y: -0.1, yaw: 0.2 (level=0, s[ WARN] [1774843079.844011834, 1112.073000000]: [Multi Floor Nav] Initial pose perturbation applied: offset_x=0.40, offset_y=0.40, offset_theta=0.20
[ WARN] [1774843086.108495903, 1118.275000000]: [Multi Floor Nav] Initial pose perturbation applied: offset_x=0.40, offset_y=0.40, offset_theta=0.20
[ WARN] [1774843092.403012284, 1124.480000000]: [Multi Floor Nav] Initial pose perturbation applied: offset_x=0.40, offset_y=0.40, offset_theta=0.20
igma: x=0.000, y=0.000, yaw=0.000, retry=3)
[ INFO] [1774843073.573802396, 1105.872000000]: [Multi Floor Nav] Initializing Pose to x: 5.00, y: -0.50 at level: 0
[ INFO] [1774843074.590433537, 1106.875000000]: [Multi Floor Nav] Waiting for AMCL nomotion updates (1.0/6.0s, L0)...
[ INFO] [1774843075.605524964, 1107.876000000]: [Multi Floor Nav] Waiting for AMCL nomotion updates (2.0/6.0s, L0)...
[ INFO] [1774843076.816147292, 1109.074000000]: [Multi Floor Nav] Waiting for AMCL nomotion updates (3.2/6.0s, L0)...
[ INFO] [1774843077.826721057, 1110.074000000]: [Multi Floor Nav] Waiting for AMCL nomotion updates (4.2/6.0s, L0)...
[ INFO] [1774843078.839227046, 1111.074000000]: [Multi Floor Nav] Waiting for AMCL nomotion updates (5.2/6.0s, L0)...
[ INFO] [1774843079.645459265, 1111.875000000]: [Multi Floor Nav] Current Robot Pose, x: 5.40, y: -0.10, yaw: 0.17
[ INFO] [1774843079.645479309, 1111.875000000]: [Multi Floor Nav] Linear Error: 0.57, Angular Error: 0.17
[ INFO] [1774843079.645486991, 1111.875000000]: [Multi Floor Nav] Setting initial pose failed. Will Retry (retry #4)
[ INFO] [1774843079.844042355, 1112.073000000]: [Multi Floor Nav] Initializing Robot at x: 5.4, y: -0.1, yaw: 0.2 (level=0, sigma: x=0.000, y=0.000, yaw=0.000, retry=4)
[ INFO] [1774843079.844067079, 1112.073000000]: [Multi Floor Nav] Initializing Pose to x: 5.00, y: -0.50 at level: 0
[ INFO] [1774843080.861211909, 1113.076000000]: [Multi Floor Nav] Waiting for AMCL nomotion updates (1.0/6.0s, L0)...
[ INFO] [1774843082.071465066, 1114.277000000]: [Multi Floor Nav] Waiting for AMCL nomotion updates (2.2/6.0s, L0)...
[ INFO] [1774843083.280949485, 1115.475000000]: [Multi Floor Nav] Waiting for AMCL nomotion updates (3.4/6.0s, L0)...
[ INFO] [1774843084.290523137, 1116.475000000]: [Multi Floor Nav] Waiting for AMCL nomotion updates (4.4/6.0s, L0)...
[ INFO] [1774843085.301103898, 1117.476000000]: [Multi Floor Nav] Waiting for AMCL nomotion updates (5.4/6.0s, L0)...
[ INFO] [1774843085.908422055, 1118.076000000]: [Multi Floor Nav] Current Robot Pose, x: 5.40, y: -0.10, yaw: 0.17
[ INFO] [1774843085.908442030, 1118.076000000]: [Multi Floor Nav] Linear Error: 0.57, Angular Error: 0.17
[ INFO] [1774843085.908451388, 1118.076000000]: [Multi Floor Nav] Setting initial pose failed. Will Retry (retry #5)
[ INFO] [1774843086.108527611, 1118.275000000]: [Multi Floor Nav] Initializing Robot at x: 5.4, y: -0.1, yaw: 0.2 (level=0, sigma: x=0.000, y=0.000, yaw=0.000, retry=5)
[ INFO] [1774843086.108556455, 1118.275000000]: [Multi Floor Nav] Initializing Pose to x: 5.00, y: -0.50 at level: 0
[ INFO] [1774843087.122561313, 1119.278000000]: [Multi Floor Nav] Waiting for AMCL nomotion updates (1.0/6.0s, L0)...
[ INFO] [1774843088.136935143, 1120.280000000]: [Multi Floor Nav] Waiting for AMCL nomotion updates (2.0/6.0s, L0)...
[ INFO] [1774843089.148092935, 1121.280000000]: [Multi Floor Nav] Waiting for AMCL nomotion updates (3.0/6.0s, L0)...
[ INFO] [1774843090.163945301, 1122.280000000]: [Multi Floor Nav] Waiting for AMCL nomotion updates (4.0/6.0s, L0)...
[ INFO] [1774843091.383553745, 1123.480000000]: [Multi Floor Nav] Waiting for AMCL nomotion updates (5.2/6.0s, L0)...
[ INFO] [1774843092.198622959, 1124.280000000]: [Multi Floor Nav] Current Robot Pose, x: 5.40, y: -0.10, yaw: 0.17
[ INFO] [1774843092.198689727, 1124.280000000]: [Multi Floor Nav] Linear Error: 0.57, Angular Error: 0.17
[ INFO] [1774843092.198739524, 1124.280000000]: [Multi Floor Nav] Setting initial pose failed. Will Retry (retry #6)
[ INFO] [1774843092.403077865, 1124.480000000]: [Multi Floor Nav] Initializing Robot at x: 5.4, y: -0.1, yaw: 0.2 (level=0, sigma: x=0.000, y=0.000, yaw=0.000, retry=6)
[ INFO] [1774843092.403128779, 1124.480000000]: [Multi Floor Nav] Initializing Pose to x: 5.00, y: -0.50 at level: 0
[ INFO] [1774843093.419004477, 1125.484000000]: [Multi Floor Nav] Waiting for AMCL nomotion updates (1.0/6.0s, L0)...
[ INFO] [1774843094.635021213, 1126.683000000]: [Multi Floor Nav] Waiting for AMCL nomotion updates (2.2/6.0s, L0)...
[ INFO] [1774843095.649786093, 1127.684000000]: [Multi Fl[ WARN] [1774843098.691451436, 1130.681000000]: [Multi Floor Nav] Initial pose perturbation applied: offset_x=0.40, offset_y=0.40, offset_theta=0.20
[ WARN] [1774843104.947800101, 1136.883000000]: [Multi Floor Nav] Initial pose perturbation applied: offset_x=0.40, offset_y=0.40, offset_theta=0.20
[ WARN] [1774843111.201611845, 1143.085000000]: [Multi Floor Nav] Initial pose perturbation applied: offset_x=0.40, offset_y=0.40, offset_theta=0.20
oor Nav] Waiting for AMCL nomotion updates (3.2/6.0s, L0)...
[ INFO] [1774843096.866414431, 1128.883000000]: [Multi Floor Nav] Waiting for AMCL nomotion updates (4.4/6.0s, L0)...
[ INFO] [1774843098.085915470, 1130.084000000]: [Multi Floor Nav] Waiting for AMCL nomotion updates (5.6/6.0s, L0)...
[ INFO] [1774843098.490660667, 1130.484000000]: [Multi Floor Nav] Current Robot Pose, x: 5.40, y: -0.10, yaw: 0.17
[ INFO] [1774843098.490719752, 1130.484000000]: [Multi Floor Nav] Linear Error: 0.57, Angular Error: 0.17
[ INFO] [1774843098.490750762, 1130.484000000]: [Multi Floor Nav] Setting initial pose failed. Will Retry (retry #7)
[ INFO] [1774843098.691480560, 1130.681000000]: [Multi Floor Nav] Initializing Robot at x: 5.4, y: -0.1, yaw: 0.2 (level=0, sigma: x=0.000, y=0.000, yaw=0.000, retry=7)
[ INFO] [1774843098.691498230, 1130.681000000]: [Multi Floor Nav] Initializing Pose to x: 5.00, y: -0.50 at level: 0
[ INFO] [1774843099.704505078, 1131.683000000]: [Multi Floor Nav] Waiting for AMCL nomotion updates (1.0/6.0s, L0)...
[ INFO] [1774843100.715371510, 1132.683000000]: [Multi Floor Nav] Waiting for AMCL nomotion updates (2.0/6.0s, L0)...
[ INFO] [1774843101.722656706, 1133.684000000]: [Multi Floor Nav] Waiting for AMCL nomotion updates (3.0/6.0s, L0)...
[ INFO] [1774843102.731795275, 1134.685000000]: [Multi Floor Nav] Waiting for AMCL nomotion updates (4.0/6.0s, L0)...
[ INFO] [1774843103.940854188, 1135.885000000]: [Multi Floor Nav] Waiting for AMCL nomotion updates (5.2/6.0s, L0)...
[ INFO] [1774843104.749175658, 1136.685000000]: [Multi Floor Nav] Current Robot Pose, x: 5.40, y: -0.10, yaw: 0.17
[ INFO] [1774843104.749247594, 1136.685000000]: [Multi Floor Nav] Linear Error: 0.57, Angular Error: 0.17
[ INFO] [1774843104.749270991, 1136.685000000]: [Multi Floor Nav] Setting initial pose failed. Will Retry (retry #8)
[ INFO] [1774843104.947834393, 1136.883000000]: [Multi Floor Nav] Initializing Robot at x: 5.4, y: -0.1, yaw: 0.2 (level=0, sigma: x=0.000, y=0.000, yaw=0.000, retry=8)
[ INFO] [1774843104.947861142, 1136.883000000]: [Multi Floor Nav] Initializing Pose to x: 5.00, y: -0.50 at level: 0
[ INFO] [1774843105.961535609, 1137.887000000]: [Multi Floor Nav] Waiting for AMCL nomotion updates (1.0/6.0s, L0)...
[ INFO] [1774843106.971488459, 1138.887000000]: [Multi Floor Nav] Waiting for AMCL nomotion updates (2.0/6.0s, L0)...
[ INFO] [1774843107.979909139, 1139.887000000]: [Multi Floor Nav] Waiting for AMCL nomotion updates (3.0/6.0s, L0)...
[ INFO] [1774843109.187191096, 1141.085000000]: [Multi Floor Nav] Waiting for AMCL nomotion updates (4.2/6.0s, L0)...
[ INFO] [1774843110.195109902, 1142.086000000]: [Multi Floor Nav] Waiting for AMCL nomotion updates (5.2/6.0s, L0)...
[ INFO] [1774843111.002953876, 1142.887000000]: [Multi Floor Nav] Current Robot Pose, x: 5.40, y: -0.10, yaw: 0.17
[ INFO] [1774843111.003000670, 1142.887000000]: [Multi Floor Nav] Linear Error: 0.57, Angular Error: 0.17
[ INFO] [1774843111.003023648, 1142.887000000]: [Multi Floor Nav] Setting initial pose failed. Will Retry (retry #9)
[ INFO] [1774843111.201646975, 1143.085000000]: [Multi Floor Nav] Initializing Robot at x: 5.4, y: -0.1, yaw: 0.2 (level=0, sigma: x=0.000, y=0.000, yaw=0.000, retry=9)
[ INFO] [1774843111.201671000, 1143.085000000]: [Multi Floor Nav] Initializing Pose to x: 5.00, y: -0.50 at level: 0
[ INFO] [1774843112.213637514, 1144.089000000]: [Multi Floor Nav] Waiting for AMCL nomotion updates (1.0/6.0s, L0)...
[ INFO] [1774843113.220494740, 1145.089000000]: [Multi Floor Nav] Waiting for AMCL nomotion updates (2.0/6.0s, L0)...
[ INFO] [1774843114.427696319, 1146.287000000]: [Multi Floor Nav] Waiting for AMCL nomotion updates (3.2/6.0s, L0)...
[ INFO] [1774843115.436374233, 1147.289000000]: [Multi Floor Nav] Waiting for AMCL nomotion updates (4.2/6.0s, L0)...
[ INFO] [1774843116.646077939, 1148.489000000]: [Multi Floor Nav] Waiting for AMCL nomotion updates (5.4/6.0s, L0)...
[ INFO] [1774843117.249125764, 1149.087000000]: [Multi Floor Nav] Current Robot Pose, x: 5.40, y: -0.10, yaw: 0.17
[ INFO] [1774843117.249149580, 1149.087000[ WARN] [1774843117.449708133, 1149.286000000]: [Multi Floor Nav] Initial pose perturbation applied: offset_x=0.40, offset_y=0.40, offset_theta=0.20
[ WARN] [1774843123.706725264, 1155.488000000]: [Multi Floor Nav] Initial pose perturbation applied: offset_x=0.40, offset_y=0.40, offset_theta=0.20
[ WARN] [1774843129.973891111, 1161.690000000]: [Multi Floor Nav] Initial pose perturbation applied: offset_x=0.40, offset_y=0.40, offset_theta=0.20
[ WARN] [1774843136.265773320, 1167.894000000]: [Multi Floor Nav] Initial pose perturbation applied: offset_x=0.40, offset_y=0.40, offset_theta=0.20
000]: [Multi Floor Nav] Linear Error: 0.57, Angular Error: 0.17
[ INFO] [1774843117.249171440, 1149.087000000]: [Multi Floor Nav] Setting initial pose failed. Will Retry (retry #10)
[ INFO] [1774843117.449737257, 1149.286000000]: [Multi Floor Nav] Initializing Robot at x: 5.4, y: -0.1, yaw: 0.2 (level=0, sigma: x=0.000, y=0.000, yaw=0.000, retry=10)
[ INFO] [1774843117.449765892, 1149.286000000]: [Multi Floor Nav] Initializing Pose to x: 5.00, y: -0.50 at level: 0
[ INFO] [1774843118.462185612, 1150.288000000]: [Multi Floor Nav] Waiting for AMCL nomotion updates (1.0/6.0s, L0)...
[ INFO] [1774843119.470634034, 1151.288000000]: [Multi Floor Nav] Waiting for AMCL nomotion updates (2.0/6.0s, L0)...
[ INFO] [1774843120.479223188, 1152.290000000]: [Multi Floor Nav] Waiting for AMCL nomotion updates (3.0/6.0s, L0)...
[ INFO] [1774843121.689951399, 1153.490000000]: [Multi Floor Nav] Waiting for AMCL nomotion updates (4.2/6.0s, L0)...
[ INFO] [1774843122.901601513, 1154.690000000]: [Multi Floor Nav] Waiting for AMCL nomotion updates (5.4/6.0s, L0)...
[ INFO] [1774843123.505566007, 1155.289000000]: [Multi Floor Nav] Current Robot Pose, x: 5.40, y: -0.10, yaw: 0.17
[ INFO] [1774843123.505591010, 1155.289000000]: [Multi Floor Nav] Linear Error: 0.57, Angular Error: 0.17
[ INFO] [1774843123.505601556, 1155.289000000]: [Multi Floor Nav] Setting initial pose failed. Will Retry (retry #11)
[ INFO] [1774843123.706749848, 1155.488000000]: [Multi Floor Nav] Initializing Robot at x: 5.4, y: -0.1, yaw: 0.2 (level=0, sigma: x=0.000, y=0.000, yaw=0.000, retry=11)
[ INFO] [1774843123.706772407, 1155.488000000]: [Multi Floor Nav] Initializing Pose to x: 5.00, y: -0.50 at level: 0
[ INFO] [1774843124.722891473, 1156.490000000]: [Multi Floor Nav] Waiting for AMCL nomotion updates (1.0/6.0s, L0)...
[ INFO] [1774843125.737384223, 1157.490000000]: [Multi Floor Nav] Waiting for AMCL nomotion updates (2.0/6.0s, L0)...
[ INFO] [1774843126.747450313, 1158.490000000]: [Multi Floor Nav] Waiting for AMCL nomotion updates (3.0/6.0s, L0)...
[ INFO] [1774843127.756574039, 1159.490000000]: [Multi Floor Nav] Waiting for AMCL nomotion updates (4.0/6.0s, L0)...
[ INFO] [1774843128.765050131, 1160.490000000]: [Multi Floor Nav] Waiting for AMCL nomotion updates (5.0/6.0s, L0)...
[ INFO] [1774843129.774019930, 1161.491000000]: [Multi Floor Nav] Current Robot Pose, x: 5.40, y: -0.10, yaw: 0.17
[ INFO] [1774843129.774087257, 1161.491000000]: [Multi Floor Nav] Linear Error: 0.57, Angular Error: 0.17
[ INFO] [1774843129.774159263, 1161.491000000]: [Multi Floor Nav] Setting initial pose failed. Will Retry (retry #12)
[ INFO] [1774843129.973934064, 1161.690000000]: [Multi Floor Nav] Initializing Robot at x: 5.4, y: -0.1, yaw: 0.2 (level=0, sigma: x=0.000, y=0.000, yaw=0.000, retry=12)
[ INFO] [1774843129.973976946, 1161.690000000]: [Multi Floor Nav] Initializing Pose to x: 5.00, y: -0.50 at level: 0
[ INFO] [1774843130.991612758, 1162.693000000]: [Multi Floor Nav] Waiting for AMCL nomotion updates (1.0/6.0s, L0)...
[ INFO] [1774843132.205521963, 1163.893000000]: [Multi Floor Nav] Waiting for AMCL nomotion updates (2.2/6.0s, L0)...
[ INFO] [1774843133.421879517, 1165.093000000]: [Multi Floor Nav] Waiting for AMCL nomotion updates (3.4/6.0s, L0)...
[ INFO] [1774843134.639807238, 1166.293000000]: [Multi Floor Nav] Waiting for AMCL nomotion updates (4.6/6.0s, L0)...
[ INFO] [1774843135.654657937, 1167.294000000]: [Multi Floor Nav] Waiting for AMCL nomotion updates (5.6/6.0s, L0)...
[ INFO] [1774843136.060191378, 1167.692000000]: [Multi Floor Nav] Current Robot Pose, x: 5.40, y: -0.10, yaw: 0.17
[ INFO] [1774843136.060216661, 1167.692000000]: [Multi Floor Nav] Linear Error: 0.57, Angular Error: 0.17
[ INFO] [1774843136.060226648, 1167.692000000]: [Multi Floor Nav] Setting initial pose failed. Will Retry (retry #13)
[ INFO] [1774843136.265847701, 1167.894000000]: [Multi Floor Nav] Initializing Robot at x: 5.4, y: -0.1, yaw: 0.2 (level=0, sigma: x=0.000, y=0.000, yaw=0.000, retry=13)
[ INFO] [1774843136.265902177, 1167.894000000]: [Multi Floor Nav] Initializing Pose to x: 5.00, [ WARN] [1774843142.561208182, 1174.098000000]: [Multi Floor Nav] Initial pose perturbation applied: offset_x=0.40, offset_y=0.40, offset_theta=0.20
[ WARN] [1774843148.833666033, 1180.302000000]: [Multi Floor Nav] Initial pose perturbation applied: offset_x=0.40, offset_y=0.40, offset_theta=0.20
[ WARN] [1774843155.086545475, 1186.505000000]: [Multi Floor Nav] Initial pose perturbation applied: offset_x=0.40, offset_y=0.40, offset_theta=0.20
y: -0.50 at level: 0
[ INFO] [1774843137.287409982, 1168.898000000]: [Multi Floor Nav] Waiting for AMCL nomotion updates (1.0/6.0s, L0)...
[ INFO] [1774843138.501281833, 1170.096000000]: [Multi Floor Nav] Waiting for AMCL nomotion updates (2.2/6.0s, L0)...
[ INFO] [1774843139.522235243, 1171.096000000]: [Multi Floor Nav] Waiting for AMCL nomotion updates (3.2/6.0s, L0)...
[ INFO] [1774843140.532885290, 1172.096000000]: [Multi Floor Nav] Waiting for AMCL nomotion updates (4.2/6.0s, L0)...
[ INFO] [1774843141.548207842, 1173.097000000]: [Multi Floor Nav] Waiting for AMCL nomotion updates (5.2/6.0s, L0)...
[ INFO] [1774843142.357678726, 1173.897000000]: [Multi Floor Nav] Current Robot Pose, x: 5.40, y: -0.10, yaw: 0.17
[ INFO] [1774843142.357699189, 1173.897000000]: [Multi Floor Nav] Linear Error: 0.57, Angular Error: 0.17
[ INFO] [1774843142.357707780, 1173.897000000]: [Multi Floor Nav] Setting initial pose failed. Will Retry (retry #14)
[ INFO] [1774843142.561288080, 1174.098000000]: [Multi Floor Nav] Initializing Robot at x: 5.4, y: -0.1, yaw: 0.2 (level=0, sigma: x=0.000, y=0.000, yaw=0.000, retry=14)
[ INFO] [1774843142.561378175, 1174.098000000]: [Multi Floor Nav] Initializing Pose to x: 5.00, y: -0.50 at level: 0
[ INFO] [1774843143.581691218, 1175.102000000]: [Multi Floor Nav] Waiting for AMCL nomotion updates (1.0/6.0s, L0)...
[ INFO] [1774843144.792671312, 1176.302000000]: [Multi Floor Nav] Waiting for AMCL nomotion updates (2.2/6.0s, L0)...
[ INFO] [1774843146.005612123, 1177.501000000]: [Multi Floor Nav] Waiting for AMCL nomotion updates (3.4/6.0s, L0)...
[ INFO] [1774843147.216733928, 1178.701000000]: [Multi Floor Nav] Waiting for AMCL nomotion updates (4.6/6.0s, L0)...
[ INFO] [1774843148.228993821, 1179.701000000]: [Multi Floor Nav] Waiting for AMCL nomotion updates (5.6/6.0s, L0)...
[ INFO] [1774843148.631859064, 1180.102000000]: [Multi Floor Nav] Current Robot Pose, x: 5.40, y: -0.10, yaw: 0.17
[ INFO] [1774843148.631905019, 1180.102000000]: [Multi Floor Nav] Linear Error: 0.57, Angular Error: 0.17
[ INFO] [1774843148.631926670, 1180.102000000]: [Multi Floor Nav] Setting initial pose failed. Will Retry (retry #15)
[ INFO] [1774843148.833771423, 1180.302000000]: [Multi Floor Nav] Initializing Robot at x: 5.4, y: -0.1, yaw: 0.2 (level=0, sigma: x=0.000, y=0.000, yaw=0.000, retry=15)
[ INFO] [1774843148.833854045, 1180.302000000]: [Multi Floor Nav] Initializing Pose to x: 5.00, y: -0.50 at level: 0
[ INFO] [1774843149.848105875, 1181.306000000]: [Multi Floor Nav] Waiting for AMCL nomotion updates (1.0/6.0s, L0)...
[ INFO] [1774843150.853588749, 1182.306000000]: [Multi Floor Nav] Waiting for AMCL nomotion updates (2.0/6.0s, L0)...
[ INFO] [1774843152.062370189, 1183.505000000]: [Multi Floor Nav] Waiting for AMCL nomotion updates (3.2/6.0s, L0)...
[ INFO] [1774843153.070369368, 1184.505000000]: [Multi Floor Nav] Waiting for AMCL nomotion updates (4.2/6.0s, L0)...
[ INFO] [1774843154.080493880, 1185.507000000]: [Multi Floor Nav] Waiting for AMCL nomotion updates (5.2/6.0s, L0)...
[ INFO] [1774843154.884743183, 1186.305000000]: [Multi Floor Nav] Current Robot Pose, x: 5.40, y: -0.10, yaw: 0.17
[ INFO] [1774843154.884787392, 1186.305000000]: [Multi Floor Nav] Linear Error: 0.57, Angular Error: 0.17
[ INFO] [1774843154.884809323, 1186.305000000]: [Multi Floor Nav] Setting initial pose failed. Will Retry (retry #16)
[ INFO] [1774843155.086574109, 1186.505000000]: [Multi Floor Nav] Initializing Robot at x: 5.4, y: -0.1, yaw: 0.2 (level=0, sigma: x=0.000, y=0.000, yaw=0.000, retry=16)
[ INFO] [1774843155.086591220, 1186.505000000]: [Multi Floor Nav] Initializing Pose to x: 5.00, y: -0.50 at level: 0
[ INFO] [1774843156.100751078, 1187.508000000]: [Multi Floor Nav] Waiting for AMCL nomotion updates (1.0/6.0s, L0)...
[ INFO] [1774843157.109682639, 1188.509000000]: [Multi Floor Nav] Waiting for AMCL nomotion updates (2.0/6.0s, L0)...
[ INFO] [1774843158.322432454, 1189.708000000]: [Multi Floor Nav] Waiting for AMCL nomotion updates (3.2/6.0s, L0)...
[ INFO] [1774843159.334084115, 1190.709000000]: [Multi Floor Nav] Waiting[ WARN] [1774843161.350954876, 1192.706000000]: [Multi Floor Nav] Initial pose perturbation applied: offset_x=0.40, offset_y=0.40, offset_theta=0.20
[ WARN] [1774843167.619097885, 1198.910000000]: [Multi Floor Nav] Initial pose perturbation applied: offset_x=0.40, offset_y=0.40, offset_theta=0.20
[ WARN] [1774843173.914277162, 1205.113000000]: [Multi Floor Nav] Initial pose perturbation applied: offset_x=0.40, offset_y=0.40, offset_theta=0.20
 for AMCL nomotion updates (4.2/6.0s, L0)...
[ INFO] [1774843160.345460744, 1191.709000000]: [Multi Floor Nav] Waiting for AMCL nomotion updates (5.2/6.0s, L0)...
[ INFO] [1774843161.151027883, 1192.508000000]: [Multi Floor Nav] Current Robot Pose, x: 5.40, y: -0.10, yaw: 0.17
[ INFO] [1774843161.151047648, 1192.508000000]: [Multi Floor Nav] Linear Error: 0.57, Angular Error: 0.17
[ INFO] [1774843161.151057287, 1192.508000000]: [Multi Floor Nav] Setting initial pose failed. Will Retry (retry #17)
[ INFO] [1774843161.351054120, 1192.706000000]: [Multi Floor Nav] Initializing Robot at x: 5.4, y: -0.1, yaw: 0.2 (level=0, sigma: x=0.000, y=0.000, yaw=0.000, retry=17)
[ INFO] [1774843161.351122355, 1192.706000000]: [Multi Floor Nav] Initializing Pose to x: 5.00, y: -0.50 at level: 0
[ INFO] [1774843162.365030093, 1193.708000000]: [Multi Floor Nav] Waiting for AMCL nomotion updates (1.0/6.0s, L0)...
[ INFO] [1774843163.374203452, 1194.710000000]: [Multi Floor Nav] Waiting for AMCL nomotion updates (2.0/6.0s, L0)...
[ INFO] [1774843164.586401043, 1195.909000000]: [Multi Floor Nav] Waiting for AMCL nomotion updates (3.2/6.0s, L0)...
[ INFO] [1774843165.594833182, 1196.909000000]: [Multi Floor Nav] Waiting for AMCL nomotion updates (4.2/6.0s, L0)...
[ INFO] [1774843166.611235647, 1197.910000000]: [Multi Floor Nav] Waiting for AMCL nomotion updates (5.2/6.0s, L0)...
[ INFO] [1774843167.416984519, 1198.709000000]: [Multi Floor Nav] Current Robot Pose, x: 5.40, y: -0.10, yaw: 0.17
[ INFO] [1774843167.417039064, 1198.709000000]: [Multi Floor Nav] Linear Error: 0.57, Angular Error: 0.17
[ INFO] [1774843167.417064626, 1198.709000000]: [Multi Floor Nav] Setting initial pose failed. Will Retry (retry #18)
[ INFO] [1774843167.619165561, 1198.910000000]: [Multi Floor Nav] Initializing Robot at x: 5.4, y: -0.1, yaw: 0.2 (level=0, sigma: x=0.000, y=0.000, yaw=0.000, retry=18)
[ INFO] [1774843167.619228557, 1198.910000000]: [Multi Floor Nav] Initializing Pose to x: 5.00, y: -0.50 at level: 0
[ INFO] [1774843168.633289256, 1199.913000000]: [Multi Floor Nav] Waiting for AMCL nomotion updates (1.0/6.0s, L0)...
[ INFO] [1774843169.654912689, 1200.914000000]: [Multi Floor Nav] Waiting for AMCL nomotion updates (2.0/6.0s, L0)...
[ INFO] [1774843170.669850592, 1201.914000000]: [Multi Floor Nav] Waiting for AMCL nomotion updates (3.0/6.0s, L0)...
[ INFO] [1774843171.682857045, 1202.914000000]: [Multi Floor Nav] Waiting for AMCL nomotion updates (4.0/6.0s, L0)...
[ INFO] [1774843172.898001100, 1204.114000000]: [Multi Floor Nav] Waiting for AMCL nomotion updates (5.2/6.0s, L0)...
[ INFO] [1774843173.713464233, 1204.915000000]: [Multi Floor Nav] Current Robot Pose, x: 5.40, y: -0.10, yaw: 0.17
[ INFO] [1774843173.713516754, 1204.915000000]: [Multi Floor Nav] Linear Error: 0.57, Angular Error: 0.17
[ INFO] [1774843173.713538265, 1204.915000000]: [Multi Floor Nav] Setting initial pose failed. Will Retry (retry #19)
[ INFO] [1774843173.914301536, 1205.113000000]: [Multi Floor Nav] Initializing Robot at x: 5.4, y: -0.1, yaw: 0.2 (level=0, sigma: x=0.000, y=0.000, yaw=0.000, retry=19)
[ INFO] [1774843173.914325562, 1205.113000000]: [Multi Floor Nav] Initializing Pose to x: 5.00, y: -0.50 at level: 0
[ INFO] [1774843174.936832908, 1206.117000000]: [Multi Floor Nav] Waiting for AMCL nomotion updates (1.0/6.0s, L0)...
[ INFO] [1774843175.950476804, 1207.117000000]: [Multi Floor Nav] Waiting for AMCL nomotion updates (2.0/6.0s, L0)...
[ INFO] [1774843176.963285334, 1208.117000000]: [Multi Floor Nav] Waiting for AMCL nomotion updates (3.0/6.0s, L0)...
[ INFO] [1774843177.982012121, 1209.117000000]: [Multi Floor Nav] Waiting for AMCL nomotion updates (4.0/6.0s, L0)...
[ INFO] [1774843178.996505566, 1210.117000000]: [Multi Floor Nav] Waiting for AMCL nomotion updates (5.0/6.0s, L0)...
[ INFO] [1774843180.016137495, 1211.117000000]: [Multi Floor Nav] Current Robot Pose, x: 5.40, y: -0.10, yaw: 0.17
[ INFO] [1774843180.016172067, 1211.117000000]: [Multi Floor Nav] Linear Error: 0.57, Angular Error: 0.17
[ INFO] [1774843180.016187292, 1211.117000000]: [Multi Floor Nav[ WARN] [1774843180.222218672, 1211.318000000]: [Multi Floor Nav] Initial pose perturbation applied: offset_x=0.40, offset_y=0.40, offset_theta=0.20
[ WARN] [1774843186.506453119, 1217.521000000]: [Multi Floor Nav] Initial pose perturbation applied: offset_x=0.40, offset_y=0.40, offset_theta=0.20
[ WARN] [1774843192.776328022, 1223.726000000]: [Multi Floor Nav] Initial pose perturbation applied: offset_x=0.40, offset_y=0.40, offset_theta=0.20
[ WARN] [1774843199.031861677, 1229.929000000]: [Multi Floor Nav] Initial pose perturbation applied: offset_x=0.40, offset_y=0.40, offset_theta=0.20
] Setting initial pose failed. Will Retry (retry #20)
[ INFO] [1774843180.222304437, 1211.318000000]: [Multi Floor Nav] Initializing Robot at x: 5.4, y: -0.1, yaw: 0.2 (level=0, sigma: x=0.000, y=0.000, yaw=0.000, retry=20)
[ INFO] [1774843180.222373440, 1211.318000000]: [Multi Floor Nav] Initializing Pose to x: 5.00, y: -0.50 at level: 0
[ INFO] [1774843181.243212781, 1212.322000000]: [Multi Floor Nav] Waiting for AMCL nomotion updates (1.0/6.0s, L0)...
[ INFO] [1774843182.456676057, 1213.521000000]: [Multi Floor Nav] Waiting for AMCL nomotion updates (2.2/6.0s, L0)...
[ INFO] [1774843183.470787338, 1214.521000000]: [Multi Floor Nav] Waiting for AMCL nomotion updates (3.2/6.0s, L0)...
[ INFO] [1774843184.481091797, 1215.521000000]: [Multi Floor Nav] Waiting for AMCL nomotion updates (4.2/6.0s, L0)...
[ INFO] [1774843185.494403890, 1216.521000000]: [Multi Floor Nav] Waiting for AMCL nomotion updates (5.2/6.0s, L0)...
[ INFO] [1774843186.303750430, 1217.322000000]: [Multi Floor Nav] Current Robot Pose, x: 5.40, y: -0.10, yaw: 0.17
[ INFO] [1774843186.303813706, 1217.322000000]: [Multi Floor Nav] Linear Error: 0.57, Angular Error: 0.17
[ INFO] [1774843186.303857705, 1217.322000000]: [Multi Floor Nav] Setting initial pose failed. Will Retry (retry #21)
[ INFO] [1774843186.506546636, 1217.521000000]: [Multi Floor Nav] Initializing Robot at x: 5.4, y: -0.1, yaw: 0.2 (level=0, sigma: x=0.000, y=0.000, yaw=0.000, retry=21)
[ INFO] [1774843186.506622204, 1217.521000000]: [Multi Floor Nav] Initializing Pose to x: 5.00, y: -0.50 at level: 0
[ INFO] [1774843187.523080497, 1218.525000000]: [Multi Floor Nav] Waiting for AMCL nomotion updates (1.0/6.0s, L0)...
[ INFO] [1774843188.533532953, 1219.525000000]: [Multi Floor Nav] Waiting for AMCL nomotion updates (2.0/6.0s, L0)...
[ INFO] [1774843189.747231324, 1220.725000000]: [Multi Floor Nav] Waiting for AMCL nomotion updates (3.2/6.0s, L0)...
[ INFO] [1774843190.957651919, 1221.925000000]: [Multi Floor Nav] Waiting for AMCL nomotion updates (4.4/6.0s, L0)...
[ INFO] [1774843192.169041978, 1223.124000000]: [Multi Floor Nav] Waiting for AMCL nomotion updates (5.6/6.0s, L0)...
[ INFO] [1774843192.573096565, 1223.524000000]: [Multi Floor Nav] Current Robot Pose, x: 5.40, y: -0.10, yaw: 0.17
[ INFO] [1774843192.573155231, 1223.524000000]: [Multi Floor Nav] Linear Error: 0.57, Angular Error: 0.17
[ INFO] [1774843192.573184355, 1223.524000000]: [Multi Floor Nav] Setting initial pose failed. Will Retry (retry #22)
[ INFO] [1774843192.776399050, 1223.726000000]: [Multi Floor Nav] Initializing Robot at x: 5.4, y: -0.1, yaw: 0.2 (level=0, sigma: x=0.000, y=0.000, yaw=0.000, retry=22)
[ INFO] [1774843192.776464351, 1223.726000000]: [Multi Floor Nav] Initializing Pose to x: 5.00, y: -0.50 at level: 0
[ INFO] [1774843193.789165485, 1224.728000000]: [Multi Floor Nav] Waiting for AMCL nomotion updates (1.0/6.0s, L0)...
[ INFO] [1774843194.798609025, 1225.730000000]: [Multi Floor Nav] Waiting for AMCL nomotion updates (2.0/6.0s, L0)...
[ INFO] [1774843196.010710071, 1226.930000000]: [Multi Floor Nav] Waiting for AMCL nomotion updates (3.2/6.0s, L0)...
[ INFO] [1774843197.217774116, 1228.128000000]: [Multi Floor Nav] Waiting for AMCL nomotion updates (4.4/6.0s, L0)...
[ INFO] [1774843198.224132225, 1229.128000000]: [Multi Floor Nav] Waiting for AMCL nomotion updates (5.4/6.0s, L0)...
[ INFO] [1774843198.830762744, 1229.730000000]: [Multi Floor Nav] Current Robot Pose, x: 5.40, y: -0.10, yaw: 0.17
[ INFO] [1774843198.830807443, 1229.730000000]: [Multi Floor Nav] Linear Error: 0.57, Angular Error: 0.17
[ INFO] [1774843198.830832027, 1229.730000000]: [Multi Floor Nav] Setting initial pose failed. Will Retry (retry #23)
[ INFO] [1774843199.031934801, 1229.929000000]: [Multi Floor Nav] Initializing Robot at x: 5.4, y: -0.1, yaw: 0.2 (level=0, sigma: x=0.000, y=0.000, yaw=0.000, retry=23)
[ INFO] [1774843199.032006947, 1229.929000000]: [Multi Floor Nav] Initializing Pose to x: 5.00, y: -0.50 at level: 0
[ INFO] [1774843200.040367399, 1230.931000000]: [Multi Floor Nav] Waiting for AMCL nomotion updates (1.0/6.[ WARN] [1774843205.287367651, 1236.131000000]: [Multi Floor Nav] Initial pose perturbation applied: offset_x=0.40, offset_y=0.40, offset_theta=0.20
[ WARN] [1774843211.558960845, 1242.334000000]: [Multi Floor Nav] Initial pose perturbation applied: offset_x=0.40, offset_y=0.40, offset_theta=0.20
[ WARN] [1774843217.844762746, 1248.537000000]: [Multi Floor Nav] Initial pose perturbation applied: offset_x=0.40, offset_y=0.40, offset_theta=0.20
0s, L0)...
[ INFO] [1774843201.050096666, 1231.931000000]: [Multi Floor Nav] Waiting for AMCL nomotion updates (2.0/6.0s, L0)...
[ INFO] [1774843202.059867909, 1232.932000000]: [Multi Floor Nav] Waiting for AMCL nomotion updates (3.0/6.0s, L0)...
[ INFO] [1774843203.071922395, 1233.933000000]: [Multi Floor Nav] Waiting for AMCL nomotion updates (4.0/6.0s, L0)...
[ INFO] [1774843204.081092379, 1234.933000000]: [Multi Floor Nav] Waiting for AMCL nomotion updates (5.0/6.0s, L0)...
[ INFO] [1774843205.086464969, 1235.931000000]: [Multi Floor Nav] Current Robot Pose, x: 5.40, y: -0.10, yaw: 0.17
[ INFO] [1774843205.086500309, 1235.931000000]: [Multi Floor Nav] Linear Error: 0.57, Angular Error: 0.17
[ INFO] [1774843205.086515464, 1235.931000000]: [Multi Floor Nav] Setting initial pose failed. Will Retry (retry #24)
[ INFO] [1774843205.287396774, 1236.131000000]: [Multi Floor Nav] Initializing Robot at x: 5.4, y: -0.1, yaw: 0.2 (level=0, sigma: x=0.000, y=0.000, yaw=0.000, retry=24)
[ INFO] [1774843205.287414654, 1236.131000000]: [Multi Floor Nav] Initializing Pose to x: 5.00, y: -0.50 at level: 0
[ INFO] [1774843206.299469493, 1237.134000000]: [Multi Floor Nav] Waiting for AMCL nomotion updates (1.0/6.0s, L0)...
[ INFO] [1774843207.309771463, 1238.134000000]: [Multi Floor Nav] Waiting for AMCL nomotion updates (2.0/6.0s, L0)...
[ INFO] [1774843208.322146596, 1239.135000000]: [Multi Floor Nav] Waiting for AMCL nomotion updates (3.0/6.0s, L0)...
[ INFO] [1774843209.534416536, 1240.334000000]: [Multi Floor Nav] Waiting for AMCL nomotion updates (4.2/6.0s, L0)...
[ INFO] [1774843210.543969325, 1241.334000000]: [Multi Floor Nav] Waiting for AMCL nomotion updates (5.2/6.0s, L0)...
[ INFO] [1774843211.355608489, 1242.134000000]: [Multi Floor Nav] Current Robot Pose, x: 5.40, y: -0.10, yaw: 0.17
[ INFO] [1774843211.355670508, 1242.134000000]: [Multi Floor Nav] Linear Error: 0.57, Angular Error: 0.17
[ INFO] [1774843211.355702006, 1242.134000000]: [Multi Floor Nav] Setting initial pose failed. Will Retry (retry #25)
[ INFO] [1774843211.559023632, 1242.334000000]: [Multi Floor Nav] Initializing Robot at x: 5.4, y: -0.1, yaw: 0.2 (level=0, sigma: x=0.000, y=0.000, yaw=0.000, retry=25)
[ INFO] [1774843211.559082717, 1242.335000000]: [Multi Floor Nav] Initializing Pose to x: 5.00, y: -0.50 at level: 0
[ INFO] [1774843212.578843122, 1243.337000000]: [Multi Floor Nav] Waiting for AMCL nomotion updates (1.0/6.0s, L0)...
[ INFO] [1774843213.590702414, 1244.338000000]: [Multi Floor Nav] Waiting for AMCL nomotion updates (2.0/6.0s, L0)...
[ INFO] [1774843214.602361753, 1245.338000000]: [Multi Floor Nav] Waiting for AMCL nomotion updates (3.0/6.0s, L0)...
[ INFO] [1774843215.617696196, 1246.338000000]: [Multi Floor Nav] Waiting for AMCL nomotion updates (4.0/6.0s, L0)...
[ INFO] [1774843216.633156494, 1247.338000000]: [Multi Floor Nav] Waiting for AMCL nomotion updates (5.0/6.0s, L0)...
[ INFO] [1774843217.642620943, 1248.338000000]: [Multi Floor Nav] Current Robot Pose, x: 5.40, y: -0.10, yaw: 0.17
[ INFO] [1774843217.642666200, 1248.338000000]: [Multi Floor Nav] Linear Error: 0.57, Angular Error: 0.17
[ INFO] [1774843217.642703355, 1248.338000000]: [Multi Floor Nav] Setting initial pose failed. Will Retry (retry #26)
[ INFO] [1774843217.844789914, 1248.537000000]: [Multi Floor Nav] Initializing Robot at x: 5.4, y: -0.1, yaw: 0.2 (level=0, sigma: x=0.000, y=0.000, yaw=0.000, retry=26)
[ INFO] [1774843217.844808771, 1248.537000000]: [Multi Floor Nav] Initializing Pose to x: 5.00, y: -0.50 at level: 0
[ INFO] [1774843218.866854660, 1249.541000000]: [Multi Floor Nav] Waiting for AMCL nomotion updates (1.0/6.0s, L0)...
[ INFO] [1774843220.083799352, 1250.741000000]: [Multi Floor Nav] Waiting for AMCL nomotion updates (2.2/6.0s, L0)...
[ INFO] [1774843221.099354220, 1251.741000000]: [Multi Floor Nav] Waiting for AMCL nomotion updates (3.2/6.0s, L0)...
[ INFO] [1774843222.316235359, 1252.940000000]: [Multi Floor Nav] Waiting for AMCL nomotion updates (4.4/6.0s, L0)...
[ INFO] [1774843223.327500665, 1253.940000000]: [Multi Floor Nav] Waiting for AMCL [ WARN] [1774843224.136617881, 1254.741000000]: [Multi Floor Nav] Initial pose perturbation applied: offset_x=0.40, offset_y=0.40, offset_theta=0.20
[ WARN] [1774843230.399947476, 1260.946000000]: [Multi Floor Nav] Initial pose perturbation applied: offset_x=0.40, offset_y=0.40, offset_theta=0.20
[ WARN] [1774843236.656019864, 1267.147000000]: [Multi Floor Nav] Initial pose perturbation applied: offset_x=0.40, offset_y=0.40, offset_theta=0.20
[ WARN] [1774843242.926504124, 1273.350000000]: [Multi Floor Nav] Initial pose perturbation applied: offset_x=0.40, offset_y=0.40, offset_theta=0.20
nomotion updates (5.4/6.0s, L0)...
[ INFO] [1774843223.935381285, 1254.540000000]: [Multi Floor Nav] Current Robot Pose, x: 5.40, y: -0.10, yaw: 0.17
[ INFO] [1774843223.935402796, 1254.540000000]: [Multi Floor Nav] Linear Error: 0.57, Angular Error: 0.17
[ INFO] [1774843223.935413272, 1254.540000000]: [Multi Floor Nav] Setting initial pose failed. Will Retry (retry #27)
[ INFO] [1774843224.136695404, 1254.741000000]: [Multi Floor Nav] Initializing Robot at x: 5.4, y: -0.1, yaw: 0.2 (level=0, sigma: x=0.000, y=0.000, yaw=0.000, retry=27)
[ INFO] [1774843224.136754839, 1254.741000000]: [Multi Floor Nav] Initializing Pose to x: 5.00, y: -0.50 at level: 0
[ INFO] [1774843225.152544796, 1255.745000000]: [Multi Floor Nav] Waiting for AMCL nomotion updates (1.0/6.0s, L0)...
[ INFO] [1774843226.362803966, 1256.943000000]: [Multi Floor Nav] Waiting for AMCL nomotion updates (2.2/6.0s, L0)...
[ INFO] [1774843227.372048007, 1257.944000000]: [Multi Floor Nav] Waiting for AMCL nomotion updates (3.2/6.0s, L0)...
[ INFO] [1774843228.384070464, 1258.945000000]: [Multi Floor Nav] Waiting for AMCL nomotion updates (4.2/6.0s, L0)...
[ INFO] [1774843229.594221105, 1260.145000000]: [Multi Floor Nav] Waiting for AMCL nomotion updates (5.4/6.0s, L0)...
[ INFO] [1774843230.195680198, 1260.744000000]: [Multi Floor Nav] Current Robot Pose, x: 5.40, y: -0.10, yaw: 0.17
[ INFO] [1774843230.195702128, 1260.744000000]: [Multi Floor Nav] Linear Error: 0.57, Angular Error: 0.17
[ INFO] [1774843230.195710719, 1260.744000000]: [Multi Floor Nav] Setting initial pose failed. Will Retry (retry #28)
[ INFO] [1774843230.400010472, 1260.946000000]: [Multi Floor Nav] Initializing Robot at x: 5.4, y: -0.1, yaw: 0.2 (level=0, sigma: x=0.000, y=0.000, yaw=0.000, retry=28)
[ INFO] [1774843230.400068580, 1260.946000000]: [Multi Floor Nav] Initializing Pose to x: 5.00, y: -0.50 at level: 0
[ INFO] [1774843231.410928816, 1261.949000000]: [Multi Floor Nav] Waiting for AMCL nomotion updates (1.0/6.0s, L0)...
[ INFO] [1774843232.620745691, 1263.149000000]: [Multi Floor Nav] Waiting for AMCL nomotion updates (2.2/6.0s, L0)...
[ INFO] [1774843233.829903548, 1264.349000000]: [Multi Floor Nav] Waiting for AMCL nomotion updates (3.4/6.0s, L0)...
[ INFO] [1774843234.839025096, 1265.349000000]: [Multi Floor Nav] Waiting for AMCL nomotion updates (4.4/6.0s, L0)...
[ INFO] [1774843235.849030832, 1266.350000000]: [Multi Floor Nav] Waiting for AMCL nomotion updates (5.4/6.0s, L0)...
[ INFO] [1774843236.455666824, 1266.949000000]: [Multi Floor Nav] Current Robot Pose, x: 5.40, y: -0.10, yaw: 0.17
[ INFO] [1774843236.455714526, 1266.949000000]: [Multi Floor Nav] Linear Error: 0.57, Angular Error: 0.17
[ INFO] [1774843236.455735059, 1266.949000000]: [Multi Floor Nav] Setting initial pose failed. Will Retry (retry #29)
[ INFO] [1774843236.656050873, 1267.147000000]: [Multi Floor Nav] Initializing Robot at x: 5.4, y: -0.1, yaw: 0.2 (level=0, sigma: x=0.000, y=0.000, yaw=0.000, retry=29)
[ INFO] [1774843236.656086352, 1267.147000000]: [Multi Floor Nav] Initializing Pose to x: 5.00, y: -0.50 at level: 0
[ INFO] [1774843237.670125269, 1268.150000000]: [Multi Floor Nav] Waiting for AMCL nomotion updates (1.0/6.0s, L0)...
[ INFO] [1774843238.881423759, 1269.350000000]: [Multi Floor Nav] Waiting for AMCL nomotion updates (2.2/6.0s, L0)...
[ INFO] [1774843240.094976927, 1270.549000000]: [Multi Floor Nav] Waiting for AMCL nomotion updates (3.4/6.0s, L0)...
[ INFO] [1774843241.105694978, 1271.550000000]: [Multi Floor Nav] Waiting for AMCL nomotion updates (4.4/6.0s, L0)...
[ INFO] [1774843242.117819347, 1272.551000000]: [Multi Floor Nav] Waiting for AMCL nomotion updates (5.4/6.0s, L0)...
[ INFO] [1774843242.722119511, 1273.149000000]: [Multi Floor Nav] Current Robot Pose, x: 5.40, y: -0.10, yaw: 0.17
[ INFO] [1774843242.722143886, 1273.149000000]: [Multi Floor Nav] Linear Error: 0.57, Angular Error: 0.17
[ INFO] [1774843242.722155759, 1273.149000000]: [Multi Floor Nav] Setting initial pose failed. Will Retry (retry #30)
[ INFO] [1774843242.926568517, 1273.350000000]: [Multi Floor Nav] Initiali[ WARN] [1774843249.196388910, 1279.551000000]: [Multi Floor Nav] Initial pose perturbation applied: offset_x=0.40, offset_y=0.40, offset_theta=0.20
[ WARN] [1774843255.477709643, 1285.757000000]: [Multi Floor Nav] Initial pose perturbation applied: offset_x=0.40, offset_y=0.40, offset_theta=0.20
zing Robot at x: 5.4, y: -0.1, yaw: 0.2 (level=0, sigma: x=0.000, y=0.000, yaw=0.000, retry=30)
[ INFO] [1774843242.926619781, 1273.350000000]: [Multi Floor Nav] Initializing Pose to x: 5.00, y: -0.50 at level: 0
[ INFO] [1774843243.942931121, 1274.352000000]: [Multi Floor Nav] Waiting for AMCL nomotion updates (1.0/6.0s, L0)...
[ INFO] [1774843244.953765880, 1275.353000000]: [Multi Floor Nav] Waiting for AMCL nomotion updates (2.0/6.0s, L0)...
[ INFO] [1774843245.964633884, 1276.353000000]: [Multi Floor Nav] Waiting for AMCL nomotion updates (3.0/6.0s, L0)...
[ INFO] [1774843247.178152420, 1277.553000000]: [Multi Floor Nav] Waiting for AMCL nomotion updates (4.2/6.0s, L0)...
[ INFO] [1774843248.186349986, 1278.553000000]: [Multi Floor Nav] Waiting for AMCL nomotion updates (5.2/6.0s, L0)...
[ INFO] [1774843248.995247782, 1279.352000000]: [Multi Floor Nav] Current Robot Pose, x: 5.40, y: -0.10, yaw: 0.17
[ INFO] [1774843248.995276277, 1279.352000000]: [Multi Floor Nav] Linear Error: 0.57, Angular Error: 0.17
[ INFO] [1774843248.995292061, 1279.352000000]: [Multi Floor Nav] Setting initial pose failed. Will Retry (retry #31)
[ INFO] [1774843249.196456586, 1279.552000000]: [Multi Floor Nav] Initializing Robot at x: 5.4, y: -0.1, yaw: 0.2 (level=0, sigma: x=0.000, y=0.000, yaw=0.000, retry=31)
[ INFO] [1774843249.196512459, 1279.552000000]: [Multi Floor Nav] Initializing Pose to x: 5.00, y: -0.50 at level: 0
[ INFO] [1774843250.215553402, 1280.555000000]: [Multi Floor Nav] Waiting for AMCL nomotion updates (1.0/6.0s, L0)...
[ INFO] [1774843251.225437072, 1281.555000000]: [Multi Floor Nav] Waiting for AMCL nomotion updates (2.0/6.0s, L0)...
[ INFO] [1774843252.442545024, 1282.755000000]: [Multi Floor Nav] Waiting for AMCL nomotion updates (3.2/6.0s, L0)...
[ INFO] [1774843253.655619729, 1283.954000000]: [Multi Floor Nav] Waiting for AMCL nomotion updates (4.4/6.0s, L0)...
[ INFO] [1774843254.669217547, 1284.956000000]: [Multi Floor Nav] Waiting for AMCL nomotion updates (5.4/6.0s, L0)...
[ INFO] [1774843255.273197777, 1285.554000000]: [Multi Floor Nav] Current Robot Pose, x: 5.40, y: -0.10, yaw: 0.17
[ INFO] [1774843255.273217193, 1285.554000000]: [Multi Floor Nav] Linear Error: 0.57, Angular Error: 0.17
[ INFO] [1774843255.273225923, 1285.554000000]: [Multi Floor Nav] Setting initial pose failed. Will Retry (retry #32)
[ INFO] [1774843255.477794011, 1285.757000000]: [Multi Floor Nav] Initializing Robot at x: 5.4, y: -0.1, yaw: 0.2 (level=0, sigma: x=0.000, y=0.000, yaw=0.000, retry=32)
[ INFO] [1774843255.477891579, 1285.757000000]: [Multi Floor Nav] Initializing Pose to x: 5.00, y: -0.50 at level: 0
[ INFO] [1774843256.491647310, 1286.760000000]: [Multi Floor Nav] Waiting for AMCL nomotion updates (1.0/6.0s, L0)...
[ INFO] [1774843257.707466632, 1287.960000000]: [Multi Floor Nav] Waiting for AMCL nomotion updates (2.2/6.0s, L0)...
[ INFO] [1774843023.456307819, 1056.284000000]: global_costmap: Using plugin "static_layer"
[ INFO] [1774843023.467352822, 1056.294000000]: Requesting the map...
[ INFO] [1774843054.634248792, 1087.101000000]: Resizing costmap to 992 X 992 at 0.020000 m/pix
[ INFO] [1774843054.732806165, 1087.199000000]: Received a 992 X 992 map at 0.020000 m/pix
[ INFO] [1774843054.740278802, 1087.206000000]: global_costmap: Using plugin "obstacles_layer"
[ INFO] [1774843054.744055733, 1087.210000000]:     Subscribed to Topics: scan
[ INFO] [1774843054.754730649, 1087.221000000]: global_costmap: Using plugin "inflater_layer"
[ INFO] [1774843054.780235392, 1087.247000000]: local_costmap: Using plugin "obstacles_layer"
[ INFO] [1774843054.782786404, 1087.249000000]:     Subscribed to Topics: scan
[ INFO] [1774843054.792888625, 1087.259000000]: local_costmap: Using plugin "inflater_layer"
[ INFO] [1774843054.811965133, 1087.278000000]: Created local_planner base_local_planner/TrajectoryPlannerROS
[ INFO] [1774843054.816647482, 1087.283000000]: Sim period is set to 0.05
[ INFO] [1774843054.862353593, 1087.329000000]: Recovery behavior will clear layer 'obstacles'
[ INFO] [1774843054.865593656, 1087.332000000]: Recovery behavior will clear layer 'obstacles'
[ INFO] [1774843054.935755428, 1087.402000000]: odom received!

auto-starting new master
[1mprocess[master]: started with pid [147944][0m
[1mROS_MASTER_URI=http://localhost:11311[0m
]2;/home/eethanhe/catkin_ws/src/robot-multi-floor-navigation/multi_floor_nav/launch/nav.launch http://localhost:11311
[1msetting /run_id to 8033406a-2bec-11f1-8d1e-01badb8e21cf[0m
[1mprocess[rosout-1]: started with pid [147969][0m
started core service [/rosout]
[1mprocess[gazebo-2]: started with pid [147976][0m
[1mprocess[robot_state_publisher-3]: started with pid [147979][0m
[1mprocess[controller_spawner-4]: started with pid [147982][0m
[1mprocess[ekf_localization-5]: started with pid [147983][0m
[1mprocess[twist_mux-6]: started with pid [147984][0m
[1mprocess[twist_marker_server-7]: started with pid [147989][0m
[1mprocess[urdf_spawner-8]: started with pid [147992][0m
[1mprocess[map_server0-9]: started with pid [148002][0m
[1mprocess[map_server1-10]: started with pid [148009][0m
[1mprocess[amcl-11]: started with pid [148010][0m
[1mprocess[move_base-12]: started with pid [148012][0m
[1mprocess[rviz-13]: started with pid [148018][0m
[1mprocess[change_map_node-14]: started with pid [148026][0m
[1mprocess[multi_floor_navigation_node-15]: started with pid [148033][0m
[1m[urdf_spawner-8] process has finished cleanly
log file: /home/eethanhe/.ros/log/8033406a-2bec-11f1-8d1e-01badb8e21cf/urdf_spawner-8*.log[0m
[multi_floor_navigation_node-15] killing on exit
[change_map_node-14] killing on exit
[rviz-13] killing on exit
[move_base-12] killing on exit
[amcl-11] killing on exit
[map_server1-10] killing on exit
[map_server0-9] killing on exit
[twist_marker_server-7] killing on exit
[twist_mux-6] killing on exit
[ekf_localization-5] killing on exit
[controller_spawner-4] killing on exit
[robot_state_publisher-3] killing on exit
[gazebo-2] killing on exit
[rosout-1] killing on exit
[master] killing on exit
shutting down processing monitor...
... shutting down processing monitor complete
[1mdone[0m
