xacro: in-order processing became default in ROS Melodic. You can drop the option.
... logging to /home/eethanhe/.ros/log/5a088304-2c24-11f1-8d1e-01badb8e21cf/roslaunch-eethanhe-Lenovo-Legion-R9000P2021H-612475.log
Checking log directory for disk usage. This may take a while.
Press Ctrl-C to interrupt
Done checking log file disk usage. Usage is <1GB.
]2;/home/eethanhe/catkin_ws/src/robot-multi-floor-navigation/multi_floor_nav/launch/nav.launch
[1mstarted roslaunch server http://eethanhe-Lenovo-Legion-R9000P2021H:38699/[0m

SUMMARY
========

PARAMETERS
 * /amcl/auto_update_noise: 0.0
 * /amcl/base_frame_id: base_link
 * /amcl/expected_laser_freq: 5.0
 * /amcl/first_map_only: False
 * /amcl/global_frame_id: map
 * /amcl/gui_publish_rate: 10.0
 * /amcl/initial_pose_a: 0.0
 * /amcl/initial_pose_x: 0.0
 * /amcl/initial_pose_y: 0.0
 * /amcl/kld_err: 0.05
 * /amcl/kld_z: 0.99
 * /amcl/laser_lambda_short: 0.1
 * /amcl/laser_likelihood_max_dist: 2.0
 * /amcl/laser_max_beams: 720
 * /amcl/laser_max_range: 30.0
 * /amcl/laser_min_range: 0.1
 * /amcl/laser_model_type: likelihood_field
 * /amcl/laser_sigma_hit: 0.2
 * /amcl/laser_z_hit: 0.5
 * /amcl/laser_z_max: 0.05
 * /amcl/laser_z_rand: 0.5
 * /amcl/laser_z_short: 0.05
 * /amcl/max_particles: 2000
 * /amcl/min_particles: 500
 * /amcl/odom_alpha1: 0.2
 * /amcl/odom_alpha2: 0.2
 * /amcl/odom_alpha3: 0.2
 * /amcl/odom_alpha4: 0.2
 * /amcl/odom_alpha5: 0.1
 * /amcl/odom_frame_id: odom
 * /amcl/odom_model_type: diff
 * /amcl/odom_update_interval: 0.1
 * /amcl/recovery_alpha_fast: 0.1
 * /amcl/recovery_alpha_slow: 0.001
 * /amcl/resample_interval: 1
 * /amcl/transform_tolerance: 1.0
 * /amcl/update_min_a: 0.3927
 * /amcl/update_min_d: 0.1
 * /amcl/use_map_topic: False
 * /ekf_localization/base_link_frame: base_link
 * /ekf_localization/frequency: 50
 * /ekf_localization/imu0: /imu/data
 * /ekf_localization/imu0_config: [False, False, Fa...
 * /ekf_localization/imu0_differential: False
 * /ekf_localization/odom0: /jackal_velocity_...
 * /ekf_localization/odom0_config: [False, False, Fa...
 * /ekf_localization/odom0_differential: False
 * /ekf_localization/odom_frame: odom
 * /ekf_localization/predict_to_current_time: True
 * /ekf_localization/world_frame: odom
 * /gazebo/enable_ros_network: True
 * /jackal_joint_publisher/publish_rate: 50
 * /jackal_joint_publisher/type: joint_state_contr...
 * /jackal_velocity_controller/angular/z/has_acceleration_limits: True
 * /jackal_velocity_controller/angular/z/has_velocity_limits: True
 * /jackal_velocity_controller/angular/z/max_acceleration: 25.0
 * /jackal_velocity_controller/angular/z/max_velocity: 4.0
 * /jackal_velocity_controller/cmd_vel_timeout: 0.25
 * /jackal_velocity_controller/enable_odom_tf: False
 * /jackal_velocity_controller/k_l: 0.1
 * /jackal_velocity_controller/k_r: 0.1
 * /jackal_velocity_controller/left_wheel: ['front_left_whee...
 * /jackal_velocity_controller/linear/x/has_acceleration_limits: True
 * /jackal_velocity_controller/linear/x/has_velocity_limits: True
 * /jackal_velocity_controller/linear/x/max_acceleration: 20.0
 * /jackal_velocity_controller/linear/x/max_velocity: 2.0
 * /jackal_velocity_controller/pose_covariance_diagonal: [0.001, 0.001, 10...
 * /jackal_velocity_controller/publish_cmd: True
 * /jackal_velocity_controller/publish_rate: 50
 * /jackal_velocity_controller/right_wheel: ['front_right_whe...
 * /jackal_velocity_controller/twist_covariance_diagonal: [0.001, 0.001, 0....
 * /jackal_velocity_controller/type: diff_drive_contro...
 * /jackal_velocity_controller/wheel_radius_multiplier: 1.0
 * /jackal_velocity_controller/wheel_separation_multiplier: 1.5
 * /move_base/NavfnROS/allow_unknown: True
 * /move_base/TrajectoryPlannerROS/acc_lim_theta: 20.0
 * /move_base/TrajectoryPlannerROS/acc_lim_x: 10.0
 * /move_base/TrajectoryPlannerROS/angular_sim_granularity: 0.02
 * /move_base/TrajectoryPlannerROS/controller_frequency: 20.0
 * /move_base/TrajectoryPlannerROS/dwa: True
 * /move_base/TrajectoryPlannerROS/escape_reset_dist: 0.1
 * /move_base/TrajectoryPlannerROS/escape_reset_theta: 0.1
 * /move_base/TrajectoryPlannerROS/escape_vel: -0.5
 * /move_base/TrajectoryPlannerROS/gdist_scale: 1.0
 * /move_base/TrajectoryPlannerROS/heading_lookahead: 0.325
 * /move_base/TrajectoryPlannerROS/heading_scoring: False
 * /move_base/TrajectoryPlannerROS/heading_scoring_timestep: 0.8
 * /move_base/TrajectoryPlannerROS/holonomic_robot: False
 * /move_base/TrajectoryPlannerROS/latch_xy_goal_tolerance: False
 * /move_base/TrajectoryPlannerROS/max_vel_theta: 1.57
 * /move_base/TrajectoryPlannerROS/max_vel_x: 0.5
 * /move_base/TrajectoryPlannerROS/meter_scoring: True
 * /move_base/TrajectoryPlannerROS/min_in_place_vel_theta: 0.314
 * /move_base/TrajectoryPlannerROS/min_vel_theta: -1.57
 * /move_base/TrajectoryPlannerROS/min_vel_x: 0.1
 * /move_base/TrajectoryPlannerROS/occdist_scale: 0.1
 * /move_base/TrajectoryPlannerROS/oscillation_reset_dist: 0.05
 * /move_base/TrajectoryPlannerROS/pdist_scale: 0.75
 * /move_base/TrajectoryPlannerROS/publish_cost_grid_pc: True
 * /move_base/TrajectoryPlannerROS/sim_granularity: 0.02
 * /move_base/TrajectoryPlannerROS/sim_time: 2.0
 * /move_base/TrajectoryPlannerROS/simple_attractor: False
 * /move_base/TrajectoryPlannerROS/vtheta_samples: 20
 * /move_base/TrajectoryPlannerROS/vx_samples: 6
 * /move_base/TrajectoryPlannerROS/xy_goal_tolerance: 0.25
 * /move_base/TrajectoryPlannerROS/yaw_goal_tolerance: 0.157
 * /move_base/base_global_planner: navfn/NavfnROS
 * /move_base/base_local_planner: base_local_planne...
 * /move_base/clearing_rotation_allowed: True
 * /move_base/controller_frequency: 20.0
 * /move_base/controller_patience: 15.0
 * /move_base/global_costmap/footprint: [[-0.21, -0.165],...
 * /move_base/global_costmap/footprint_padding: 0.1
 * /move_base/global_costmap/global_frame: map
 * /move_base/global_costmap/height: 40.0
 * /move_base/global_costmap/inflater_layer/inflation_radius: 0.3
 * /move_base/global_costmap/map_type: costmap
 * /move_base/global_costmap/meter_scoring: True
 * /move_base/global_costmap/obstacle_range: 2.5
 * /move_base/global_costmap/obstacles_layer/observation_sources: scan
 * /move_base/global_costmap/obstacles_layer/scan/clearing: True
 * /move_base/global_costmap/obstacles_layer/scan/data_type: LaserScan
 * /move_base/global_costmap/obstacles_layer/scan/marking: True
 * /move_base/global_costmap/obstacles_layer/scan/max_obstacle_height: 2.0
 * /move_base/global_costmap/obstacles_layer/scan/min_obstacle_height: -2.0
 * /move_base/global_costmap/obstacles_layer/scan/obstacle_range: 2.5
 * /move_base/global_costmap/obstacles_layer/scan/raytrace_range: 3.0
 * /move_base/global_costmap/obstacles_layer/scan/sensor_frame: front_laser
 * /move_base/global_costmap/obstacles_layer/scan/topic: front/scan
 * /move_base/global_costmap/origin_x: -20.0
 * /move_base/global_costmap/origin_y: -20.0
 * /move_base/global_costmap/origin_z: 0.0
 * /move_base/global_costmap/plugins: [{'name': 'static...
 * /move_base/global_costmap/publish_frequency: 5.0
 * /move_base/global_costmap/publish_voxel_map: False
 * /move_base/global_costmap/raytrace_range: 3.0
 * /move_base/global_costmap/resolution: 0.05
 * /move_base/global_costmap/robot_base_frame: base_link
 * /move_base/global_costmap/rolling_window: False
 * /move_base/global_costmap/static_map: True
 * /move_base/global_costmap/transform_tolerance: 0.5
 * /move_base/global_costmap/update_frequency: 20.0
 * /move_base/global_costmap/width: 40.0
 * /move_base/global_costmap/z_resolution: 1
 * /move_base/global_costmap/z_voxels: 2
 * /move_base/local_costmap/footprint: [[-0.21, -0.165],...
 * /move_base/local_costmap/footprint_padding: 0.1
 * /move_base/local_costmap/global_frame: map
 * /move_base/local_costmap/height: 10.0
 * /move_base/local_costmap/inflater_layer/inflation_radius: 0.3
 * /move_base/local_costmap/map_type: costmap
 * /move_base/local_costmap/meter_scoring: True
 * /move_base/local_costmap/obstacle_range: 2.5
 * /move_base/local_costmap/obstacles_layer/observation_sources: scan
 * /move_base/local_costmap/obstacles_layer/scan/clearing: True
 * /move_base/local_costmap/obstacles_layer/scan/data_type: LaserScan
 * /move_base/local_costmap/obstacles_layer/scan/marking: True
 * /move_base/local_costmap/obstacles_layer/scan/max_obstacle_height: 2.0
 * /move_base/local_costmap/obstacles_layer/scan/min_obstacle_height: -2.0
 * /move_base/local_costmap/obstacles_layer/scan/obstacle_range: 2.5
 * /move_base/local_costmap/obstacles_layer/scan/raytrace_range: 3.0
 * /move_base/local_costmap/obstacles_layer/scan/sensor_frame: front_laser
 * /move_base/local_costmap/obstacles_layer/scan/topic: front/scan
 * /move_base/local_costmap/origin_z: 0.0
 * /move_base/local_costmap/plugins: [{'name': 'obstac...
 * /move_base/local_costmap/publish_frequency: 5.0
 * /move_base/local_costmap/publish_voxel_map: False
 * /move_base/local_costmap/raytrace_range: 3.0
 * /move_base/local_costmap/resolution: 0.05
 * /move_base/local_costmap/robot_base_frame: base_link
 * /move_base/local_costmap/rolling_window: True
 * /move_base/local_costmap/static_map: False
 * /move_base/local_costmap/transform_tolerance: 0.5
 * /move_base/local_costmap/update_frequency: 20.0
 * /move_base/local_costmap/width: 10.0
 * /move_base/local_costmap/z_resolution: 1
 * /move_base/local_costmap/z_voxels: 2
 * /move_base/oscillation_distance: 0.5
 * /move_base/oscillation_timeout: 0.0
 * /move_base/planner_frequency: 20.0
 * /move_base/planner_patience: 5.0
 * /move_base/recovery_behavior_enabled: True
 * /move_base/shutdown_costmaps: False
 * /multi_floor_navigation_node/init_pose_offset_theta: 0.15
 * /multi_floor_navigation_node/init_pose_offset_x: 0.25
 * /multi_floor_navigation_node/init_pose_offset_y: 0.25
 * /multi_floor_navigation_node/region_init_backoff_factor: 1.3
 * /multi_floor_navigation_node/region_init_max_backoff: 2.0
 * /multi_floor_navigation_node/region_init_sigma_adaptive_alpha: 0.35
 * /multi_floor_navigation_node/region_init_sigma_min_scale: 0.03
 * /multi_floor_navigation_node/region_init_sigma_min_yaw: 0.02
 * /multi_floor_navigation_node/region_init_sigma_x: 0.15
 * /multi_floor_navigation_node/region_init_sigma_x_L0: 0.15
 * /multi_floor_navigation_node/region_init_sigma_x_L1: 0.2
 * /multi_floor_navigation_node/region_init_sigma_y: 0.15
 * /multi_floor_navigation_node/region_init_sigma_y_L0: 0.15
 * /multi_floor_navigation_node/region_init_sigma_y_L1: 0.2
 * /multi_floor_navigation_node/region_init_sigma_yaw: 0.1
 * /multi_floor_navigation_node/region_init_sigma_yaw_L0: 0.1
 * /multi_floor_navigation_node/region_init_sigma_yaw_L1: 0.12
 * /multi_floor_navigation_node/reloc_confidence_K: 3
 * /multi_floor_navigation_node/reloc_confidence_lambda: 20.0
 * /multi_floor_navigation_node/reloc_confidence_tau: 0.85
 * /multi_floor_navigation_node/reloc_min_check_delay_L0: 6.0
 * /multi_floor_navigation_node/reloc_min_check_delay_L1: 12.0
 * /multi_floor_navigation_node/reloc_min_check_delay_sec: 6.0
 * /multi_floor_navigation_node/use_covariance_reloc: True
 * /robot_description: <?xml version="1....
 * /rosdistro: noetic
 * /rosversion: 1.17.0
 * /twist_marker_server/link_name: base_link
 * /twist_mux/locks: [{'name': 'e_stop...
 * /twist_mux/topics: [{'name': 'joy', ...
 * /use_gui: True
 * /use_sim_time: True

NODES
  /
    amcl (amcl/amcl)
    change_map_node (multi_floor_nav/change_map_node)
    controller_spawner (controller_manager/spawner)
    ekf_localization (robot_localization/ekf_localization_node)
    gazebo (gazebo_ros/gzserver)
    map_server0 (map_server/map_server)
    map_server1 (map_server/map_server)
    move_base (move_base/move_base)
    multi_floor_navigation_node (multi_floor_nav/multi_floor_navigation_node)
    robot_state_publisher (robot_state_publisher/robot_state_publisher)
    rviz (rviz/rviz)
    twist_marker_server (interactive_marker_twist_server/marker_server)
    twist_mux (twist_mux/twist_mux)
    urdf_spawner (gazebo_ros/spawn_model)
[ INFO] [1774867007.916844913]: Finished loading Gazebo ROS API Plugin.
[ INFO] [1774867007.924996542]: waitForService: Service [/gazebo/set_physics_properties] has not been advertised, waiting...
[1;33mWarning [Model.cc:216][0m Non-unique name[door] detected 2 times in XML children of model with name[elevator].
[1;33mWarning [Model.cc:309][0m Joint with name [door] in model with name [elevator] has a name collision, changing joint name to [door_joint].
[ INFO] [1774867008.929887084]: waitForService: Service [/gazebo/set_physics_properties] is now available.
[ INFO] [1774867008.946397142, 1054.799000000]: Physics dynamic reconfigure ready.
[1;33mWarning [parser_urdf.cc:1161][0m multiple inconsistent <gravity> exists due to fixed joint reduction overwriting previous value [true] with [false].
[1;33mWarning [parser_urdf.cc:1161][0m multiple inconsistent <gravity> exists due to fixed joint reduction overwriting previous value [false] with [true].
[ERROR] [1774867009.704313858, 1055.093000000]: No p gain specified for pid.  Namespace: /gazebo_ros_control/pid_gains/front_left_wheel
[ERROR] [1774867009.704767895, 1055.093000000]: No p gain specified for pid.  Namespace: /gazebo_ros_control/pid_gains/front_right_wheel
[ERROR] [1774867009.705164033, 1055.093000000]: No p gain specified for pid.  Namespace: /gazebo_ros_control/pid_gains/rear_left_wheel
[ERROR] [1774867009.705543968, 1055.093000000]: No p gain specified for pid.  Namespace: /gazebo_ros_control/pid_gains/rear_right_wheel
[ WARN] [1774867009.746398285, 1055.094000000]: Failed to meet update rate! Took 1055.0940000000000509
[ WARN] [1774867009.747093761, 1055.095000000]: Timed out waiting for transform from base_link to map to become available before running costmap, tf error: canTransform: target_frame map does not exist. canTransform: source_frame base_link does not exist.. canTransform returned after 1055.1 timeout was 0.1.
[ WARN] [1774867009.747421385, 1055.095000000]: Failed to meet update rate! Took 1055.0750000000000455
[ WARN] [1774867010.036784701]: Interactive marker 'robot_twist_marker' contains unnormalized quaternions. This warning will only be output once but may be true for others; enable DEBUG messages for ros.rviz.quaternions to see more details.
[ WARN] [1774867011.065831351, 1056.400000000]: global_costmap: Pre-Hydro parameter "static_map" unused since "plugins" is provided
[ WARN] [1774867011.066611055, 1056.400000000]: global_costmap: Pre-Hydro parameter "map_type" unused since "plugins" is provided
[ WARN] [1774867042.631052917, 1087.533000000]: [Multi Floor Nav] Initial pose perturbation applied: offset_x=0.25, offset_y=0.25, offset_theta=0.15
[ WARN] [1774867042.758085620, 1087.659000000]: local_costmap: Pre-Hydro parameter "static_map" unused since "plugins" is provided
[ WARN] [1774867042.758280546, 1087.659000000]: local_costmap: Pre-Hydro parameter "map_type" unused since "plugins" is provided
[ WARN] [1774867042.805397014, 1087.705000000]: Parameter pdist_scale is deprecated. Please use the name path_distance_bias instead.
[ WARN] [1774867042.806007424, 1087.706000000]: Parameter gdist_scale is deprecated. Please use the name goal_distance_bias instead.
[ WARN] [1774867043.652214933, 1088.540000000]: The origin for the sensor at (0.20, 0.18) is out of map bounds. So, the costmap cannot raytrace for it.
[ INFO] [1774867007.590737212]: [Multi Floor Nav] Module C: covariance reloc criterion enabled (lambda=20.00, tau=0.85, K=3, post_monitor=2.0s, min_delay=6.0s)
[ INFO] [1774867007.603404339]: [Multi Floor Nav] Module A sigma: L0=(0.150,0.150,0.100) L1=(0.200,0.200,0.120)
[ INFO] [1774867007.603441355]: [Multi Floor Nav] Module A delay: L0=6.0s  L1=12.0s  backoff: factor=1.30 max=2.00
[ INFO] [1774867042.546525571, 1087.450000000]: [Multi Floor Nav] Successfully loaded map for level: 0
[ INFO] [1774867042.631233735, 1087.533000000]: [Multi Floor Nav] Adaptive sigma: offset_planar=0.354, adaptive_scale=0.124, adaptive_yaw=0.072 ??? sigma(0.124, 0.124, 0.072)
[ INFO] [1774867042.631274103, 1087.533000000]: [Multi Floor Nav] Initializing Robot at x: 5.2, y: -0.2, yaw: 0.1 (level=0, sigma: x=0.124, y=0.124, yaw=0.072, retry=0)
[ INFO] [1774867042.631345062, 1087.533000000]: [Multi Floor Nav] Initializing Pose to x: 5.00, y: -0.50 at level: 0
[ INFO] [1774867043.647877249, 1088.536000000]: [Multi Floor Nav] Waiting for AMCL nomotion updates (1.0/6.0s, L0)...
[ INFO] [1774867044.658426929, 1089.536000000]: [Multi Floor Nav] Waiting for AMCL nomotion updates (2.0/6.0s, L0)...
[ INFO] [1774867045.665118313, 1090.537000000]: [Multi Floor Nav] Waiting for AMCL nomotion updates (3.0/6.0s, L0)...
[ INFO] [1774867046.679679099, 1091.537000000]: [Multi Floor Nav] Waiting for AMCL nomotion updates (4.0/6.0s, L0)...
[ INFO] [1774867047.693455012, 1092.537000000]: [Multi Floor Nav] Waiting for AMCL nomotion updates (5.0/6.0s, L0)...
[ INFO] [1774867048.703215138, 1093.537000000]: [Multi Floor Nav] Current Robot Pose, x: 5.09, y: -0.05, yaw: 0.07
[ INFO] [1774867048.703234833, 1093.537000000]: [Multi Floor Nav] Linear Error: 0.46, Angular Error: 0.07
[ INFO] [1774867048.703247125, 1093.538000000]: [Multi Floor Nav] Module C: tr(??)=0.0083, C_t=0.8478 (tau=0.85), frame_ok=0
[ INFO] [1774867048.904015416, 1093.736000000]: [Multi Floor Nav] Current Robot Pose, x: 5.09, y: -0.05, yaw: 0.08
[ INFO] [1774867048.904039372, 1093.736000000]: [Multi Floor Nav] Linear Error: 0.46, Angular Error: 0.08
[ INFO] [1774867048.904053060, 1093.736000000]: [Multi Floor Nav] Module C: tr(??)=0.0078, C_t=0.8560 (tau=0.85), frame_ok=1
[ INFO] [1774867049.106796104, 1093.937000000]: [Multi Floor Nav] Current Robot Pose, x: 5.09, y: -0.05, yaw: 0.07
[ INFO] [1774867049.106850092, 1093.937000000]: [Multi Floor Nav] Linear Error: 0.46, Angular Error: 0.07
[ INFO] [1774867049.106885850, 1093.937000000]: [Multi Floor Nav] Module C: tr(??)=0.0077, C_t=0.8569 (tau=0.85), frame_ok=1
[ INFO] [1774867049.308897589, 1094.137000000]: [Multi Floor Nav] Current Robot Pose, x: 5.09, y: -0.04, yaw: 0.08
[ INFO] [1774867049.308944103, 1094.137000000]: [Multi Floor Nav] Linear Error: 0.46, Angular Error: 0.08
[ INFO] [1774867049.308973646, 1094.137000000]: [Multi Floor Nav] Module C: tr(??)=0.0079, C_t=0.8531 (tau=0.85), frame_ok=1
[ INFO] [1774867049.309001303, 1094.137000000]: [Multi Floor Nav] Module C: reloc passed (consecutive 3 >= K=3)
[ INFO] [1774867049.309019811, 1094.137000000]: [Multi Floor Nav] Robot at correct pose
[ INFO] [1774867049.312804075, 1094.141000000]: [Multi Floor Nav] RELOC_PASS: linear_error=0.4647, angular_error=0.0758, linear_error_init=0.2616, angular_error_init=0.0742, tr_sigma=0.0079, C_t=0.8531
[ INFO] [1774867050.327675652, 1095.141000000]: [Multi Floor Nav] POST_PASS: dt=1.000s, linear_error=0.4630, angular_error=0.0704
[ INFO] [1774867050.327725449, 1095.141000000]: [Multi Floor Nav] Will send goal to x: 3, y: -0, at level: 0
[ INFO] [1774867050.327752198, 1095.141000000]: [Multi Floor Nav] Sending Robot to x: 3.0, y: -0.5, yaw: 3.1
[ INFO] [1774867050.529643880, 1095.341000000]: [Multi Floor Nav] POST_PASS: dt=1.200s, linear_error=0.4630, angular_error=0.0704
[ INFO] [1774867050.732389439, 1095.542000000]: [Multi Floor Nav] POST_PASS: dt=1.401s, linear_error=0.4630, angular_error=0.0704
[ INFO] [1774867050.933186364, 1095.741000000]: [Multi Floor Nav] POST_PASS: dt=1.600s, linear_error=0.4727, angular_error=0.3443
[ INFO] [1774867051.135150472, [ WARN] [1774867109.461793840, 1153.543000000]: [Multi Floor Nav] Initial pose perturbation applied: offset_x=0.25, offset_y=0.25, offset_theta=0.15
1095.941000000]: [Multi Floor Nav] POST_PASS: dt=1.800s, linear_error=0.4690, angular_error=0.7643
[ INFO] [1774867051.338089420, 1096.141000000]: [Multi Floor Nav] POST_PASS: dt=2.000s, linear_error=0.4337, angular_error=1.1679
[ INFO] [1774867071.974668776, 1116.541000000]: [Multi Floor Nav] Requesting Lift to Level 0
[ INFO] [1774867072.177784281, 1116.742000000]: [Multi Floor Nav] Entering Lift at Level 0
[ INFO] [1774867089.538662036, 1133.941000000]: [Multi Floor Nav] Requesting Lift to Level 1
[ INFO] [1774867096.627525402, 1140.941000000]: [Multi Floor Nav] Exiting Lift at Level 1
[ INFO] [1774867109.365546551, 1153.450000000]: [Multi Floor Nav] Successfully loaded map for level: 1
[ INFO] [1774867109.461823662, 1153.543000000]: [Multi Floor Nav] Adaptive sigma: offset_planar=0.354, adaptive_scale=0.124, adaptive_yaw=0.072 ??? sigma(0.124, 0.124, 0.072)
[ INFO] [1774867109.461834627, 1153.543000000]: [Multi Floor Nav] Initializing Robot at x: 3.2, y: -0.2, yaw: 3.3 (level=1, sigma: x=0.124, y=0.124, yaw=0.072, retry=0)
[ INFO] [1774867109.461864449, 1153.543000000]: [Multi Floor Nav] Initializing Pose to x: 3.00, y: -0.50 at level: 1
[ INFO] [1774867110.487446409, 1154.546000000]: [Multi Floor Nav] Waiting for AMCL nomotion updates (1.0/12.0s, L1)...
[ INFO] [1774867111.512596752, 1155.546000000]: [Multi Floor Nav] Waiting for AMCL nomotion updates (2.0/12.0s, L1)...
[ INFO] [1774867112.532500990, 1156.546000000]: [Multi Floor Nav] Waiting for AMCL nomotion updates (3.0/12.0s, L1)...
[ INFO] [1774867113.552284612, 1157.546000000]: [Multi Floor Nav] Waiting for AMCL nomotion updates (4.0/12.0s, L1)...
[ INFO] [1774867114.570524748, 1158.546000000]: [Multi Floor Nav] Waiting for AMCL nomotion updates (5.0/12.0s, L1)...
[ INFO] [1774867115.590831758, 1159.546000000]: [Multi Floor Nav] Waiting for AMCL nomotion updates (6.0/12.0s, L1)...
[ INFO] [1774867116.816086201, 1160.746000000]: [Multi Floor Nav] Waiting for AMCL nomotion updates (7.2/12.0s, L1)...
[ INFO] [1774867118.032408611, 1161.946000000]: [Multi Floor Nav] Waiting for AMCL nomotion updates (8.4/12.0s, L1)...
[ INFO] [1774867119.051735612, 1162.947000000]: [Multi Floor Nav] Waiting for AMCL nomotion updates (9.4/12.0s, L1)...
[ INFO] [1774867120.272163763, 1164.146000000]: [Multi Floor Nav] Waiting for AMCL nomotion updates (10.6/12.0s, L1)...
[ INFO] [1774867121.493731090, 1165.347000000]: [Multi Floor Nav] Waiting for AMCL nomotion updates (11.8/12.0s, L1)...
[ INFO] [1774867121.696601242, 1165.546000000]: [Multi Floor Nav] Current Robot Pose, x: 3.25, y: -0.54, yaw: 3.07
[ INFO] [1774867121.696621147, 1165.546000000]: [Multi Floor Nav] Linear Error: 0.25, Angular Error: 0.07
[ INFO] [1774867121.696633578, 1165.546000000]: [Multi Floor Nav] Module C: tr(??)=0.0000, C_t=0.9990 (tau=0.85), frame_ok=1
[ INFO] [1774867121.901401170, 1165.748000000]: [Multi Floor Nav] Current Robot Pose, x: 3.25, y: -0.54, yaw: 3.07
[ INFO] [1774867121.901450618, 1165.748000000]: [Multi Floor Nav] Linear Error: 0.25, Angular Error: 0.07
[ INFO] [1774867121.901496224, 1165.748000000]: [Multi Floor Nav] Module C: tr(??)=0.0001, C_t=0.9986 (tau=0.85), frame_ok=1
[ INFO] [1774867122.101611010, 1165.945000000]: [Multi Floor Nav] Current Robot Pose, x: 3.25, y: -0.54, yaw: 3.07
[ INFO] [1774867122.101630565, 1165.945000000]: [Multi Floor Nav] Linear Error: 0.25, Angular Error: 0.07
[ INFO] [1774867122.101643975, 1165.945000000]: [Multi Floor Nav] Module C: tr(??)=0.0001, C_t=0.9986 (tau=0.85), frame_ok=1
[ INFO] [1774867122.101656337, 1165.945000000]: [Multi Floor Nav] Module C: reloc passed (consecutive 3 >= K=3)
[ INFO] [1774867122.101669118, 1165.945000000]: [Multi Floor Nav] Robot at correct pose
[ INFO] [1774867122.102899646, 1165.947000000]: [Multi Floor Nav] RELOC_PASS: linear_error=0.2529, angular_error=0.0721, linear_error_init=0.2892, angular_error_init=0.2221, tr_sigma=0.0001, C_t=0.9986
[ INFO] [1774867123.120729744, 1166.947000000]: [Multi Floor Nav] POST_PASS: dt=1.000s, linear_error=0.2527, angular_error=0.0730
[ INFO] [1774867123.120806989, 1166.947000000]: [Multi [ INFO] [1774867011.067223980, 1056.401000000]: global_costmap: Using plugin "static_layer"
[ INFO] [1774867011.071430013, 1056.405000000]: Requesting the map...
[ INFO] [1774867042.605365406, 1087.508000000]: Resizing costmap to 992 X 992 at 0.020000 m/pix
[ INFO] [1774867042.705637841, 1087.607000000]: Received a 992 X 992 map at 0.020000 m/pix
[ INFO] [1774867042.712810718, 1087.614000000]: global_costmap: Using plugin "obstacles_layer"
[ INFO] [1774867042.717944310, 1087.619000000]:     Subscribed to Topics: scan
[ INFO] [1774867042.726372369, 1087.628000000]: global_costmap: Using plugin "inflater_layer"
[ INFO] [1774867042.758626608, 1087.659000000]: local_costmap: Using plugin "obstacles_layer"
[ INFO] [1774867042.760813888, 1087.661000000]:     Subscribed to Topics: scan
[ INFO] [1774867042.769652822, 1087.670000000]: local_costmap: Using plugin "inflater_layer"
[ INFO] [1774867042.796761666, 1087.696000000]: Created local_planner base_local_planner/TrajectoryPlannerROS
[ INFO] [1774867042.802351598, 1087.702000000]: Sim period is set to 0.05
[ INFO] [1774867042.852832446, 1087.752000000]: Recovery behavior will clear layer 'obstacles'
[ INFO] [1774867042.856298374, 1087.756000000]: Recovery behavior will clear layer 'obstacles'
[ INFO] [1774867043.017312553, 1087.915000000]: odom received!
Floor Nav] Will send goal to x: 4, y: 5, at level: 1
[ INFO] [1774867123.120864957, 1166.947000000]: [Multi Floor Nav] Sending Robot to x: 4.0, y: 5.0, yaw: 0.0
[ INFO] [1774867123.324888323, 1167.147000000]: [Multi Floor Nav] POST_PASS: dt=1.200s, linear_error=0.2527, angular_error=0.0730
[ INFO] [1774867123.528856794, 1167.347000000]: [Multi Floor Nav] POST_PASS: dt=1.400s, linear_error=0.2527, angular_error=0.0730
[ INFO] [1774867123.733770144, 1167.547000000]: [Multi Floor Nav] POST_PASS: dt=1.600s, linear_error=0.1228, angular_error=0.1641
[ INFO] [1774867123.938685589, 1167.747000000]: [Multi Floor Nav] POST_PASS: dt=1.800s, linear_error=0.0232, angular_error=0.5105
[ INFO] [1774867124.141326174, 1167.947000000]: [Multi Floor Nav] POST_PASS: dt=2.000s, linear_error=0.1308, angular_error=0.8645
[ INFO] [1774867144.713262502, 1188.147000000]: [Multi Floor Nav] Robot arrived at Goal
[ INFO] [1774867009.496801931, 1055.093000000]: Laser Plugin: Using the 'robotNamespace' param: '/'
[ INFO] [1774867009.496833150, 1055.093000000]: Starting Laser Plugin (ns = /)
[ INFO] [1774867009.497639744, 1055.093000000]: Laser Plugin (ns = /)  <tf_prefix_>, set to ""
[ INFO] [1774867009.594025878, 1055.093000000]: Loading gazebo_ros_control plugin
[ INFO] [1774867009.594094113, 1055.093000000]: Starting gazebo_ros_control plugin in namespace: /
[ INFO] [1774867009.594704942, 1055.093000000]: gazebo_ros_control plugin is waiting for model URDF in parameter [robot_description] on the ROS param server.
[ INFO] [1774867009.707678238, 1055.093000000]: Loaded gazebo_ros_control.
[ INFO] [1774867009.872853054, 1055.220000000]: Controller state will be published at 50Hz.
[ INFO] [1774867009.873905209, 1055.221000000]: Wheel separation will be multiplied by 1.5.
[ INFO] [1774867009.874698393, 1055.222000000]: Left wheel radius will be multiplied by 1.
[ INFO] [1774867009.874720742, 1055.222000000]: Right wheel radius will be multiplied by 1.
[ INFO] [1774867009.875063661, 1055.222000000]: Velocity rolling window size of 10.
[ INFO] [1774867009.875805791, 1055.223000000]: Velocity commands will be considered old if they are older than 0.25s.
[ INFO] [1774867009.876013847, 1055.223000000]: Allow mutiple cmd_vel publishers is enabled
[ INFO] [1774867009.876414525, 1055.224000000]: Base frame_id set to base_link
[ INFO] [1774867009.876759749, 1055.224000000]: Odometry frame_id set to odom
[ INFO] [1774867009.877446286, 1055.225000000]: Publishing to tf is disabled
[ INFO] [1774867009.887380327, 1055.235000000]: left wheel to origin: 0.131,0.187795, 0.0345
[ INFO] [1774867009.887400441, 1055.235000000]: right wheel to origin: 0.131,-0.187795, 0.0345
[ INFO] [1774867009.887443183, 1055.235000000]: Odometry params : wheel separation 0.563385, left wheel radius 0.098, right wheel radius 0.098
[ INFO] [1774867009.888751654, 1055.236000000]: Adding left wheel with joint name: front_left_wheel and right wheel with joint name: front_right_wheel
[ INFO] [1774867009.888797330, 1055.236000000]: Adding left wheel with joint name: rear_left_wheel and right wheel with joint name: rear_right_wheel
[ INFO] [1774867009.894137581, 1055.241000000]: Dynamic Reconfigure:
DynamicParams:
	Odometry parameters:
		left wheel radius multiplier: 1
		right wheel radius multiplier: 1
		wheel separation multiplier: 1.5
	Publication parameters:
		Publish executed velocity command: disabled
		Publication rate: 50
		Publish frame odom on tf: disabled

auto-starting new master
[1mprocess[master]: started with pid [612574][0m
[1mROS_MASTER_URI=http://localhost:11311[0m
]2;/home/eethanhe/catkin_ws/src/robot-multi-floor-navigation/multi_floor_nav/launch/nav.launch http://localhost:11311
[1msetting /run_id to 5a088304-2c24-11f1-8d1e-01badb8e21cf[0m
[1mprocess[rosout-1]: started with pid [612599][0m
started core service [/rosout]
[1mprocess[gazebo-2]: started with pid [612606][0m
[1mprocess[robot_state_publisher-3]: started with pid [612609][0m
[1mprocess[controller_spawner-4]: started with pid [612612][0m
[1mprocess[ekf_localization-5]: started with pid [612613][0m
[1mprocess[twist_mux-6]: started with pid [612614][0m
[1mprocess[twist_marker_server-7]: started with pid [612616][0m
[1mprocess[urdf_spawner-8]: started with pid [612625][0m
[1mprocess[map_server0-9]: started with pid [612632][0m
[1mprocess[map_server1-10]: started with pid [612635][0m
[1mprocess[amcl-11]: started with pid [612640][0m
[1mprocess[move_base-12]: started with pid [612647][0m
[1mprocess[rviz-13]: started with pid [612649][0m
[1mprocess[change_map_node-14]: started with pid [612660][0m
[1mprocess[multi_floor_navigation_node-15]: started with pid [612663][0m
[1m[urdf_spawner-8] process has finished cleanly
log file: /home/eethanhe/.ros/log/5a088304-2c24-11f1-8d1e-01badb8e21cf/urdf_spawner-8*.log[0m
[multi_floor_navigation_node-15] killing on exit
[change_map_node-14] killing on exit
[rviz-13] killing on exit
[move_base-12] killing on exit
[amcl-11] killing on exit
[map_server1-10] killing on exit
[map_server0-9] killing on exit
[twist_marker_server-7] killing on exit
[twist_mux-6] killing on exit
[ekf_localization-5] killing on exit
[controller_spawner-4] killing on exit
[robot_state_publisher-3] killing on exit
[gazebo-2] killing on exit
[rosout-1] killing on exit
[master] killing on exit
shutting down processing monitor...
... shutting down processing monitor complete
[1mdone[0m
