xacro: in-order processing became default in ROS Melodic. You can drop the option.
... logging to /home/eethanhe/.ros/log/1d7c9bc8-2be3-11f1-8d1e-01badb8e21cf/roslaunch-eethanhe-Lenovo-Legion-R9000P2021H-71855.log
Checking log directory for disk usage. This may take a while.
Press Ctrl-C to interrupt
Done checking log file disk usage. Usage is <1GB.
]2;/home/eethanhe/catkin_ws/src/robot-multi-floor-navigation/multi_floor_nav/launch/nav.launch
[1mstarted roslaunch server http://eethanhe-Lenovo-Legion-R9000P2021H:35573/[0m

SUMMARY
========

PARAMETERS
 * /amcl/auto_update_noise: 0.0
 * /amcl/base_frame_id: base_link
 * /amcl/expected_laser_freq: 5.0
 * /amcl/first_map_only: False
 * /amcl/global_frame_id: map
 * /amcl/gui_publish_rate: 10.0
 * /amcl/initial_pose_a: 0.0
 * /amcl/initial_pose_x: 0.0
 * /amcl/initial_pose_y: 0.0
 * /amcl/kld_err: 0.05
 * /amcl/kld_z: 0.99
 * /amcl/laser_lambda_short: 0.1
 * /amcl/laser_likelihood_max_dist: 2.0
 * /amcl/laser_max_beams: 720
 * /amcl/laser_max_range: 30.0
 * /amcl/laser_min_range: 0.1
 * /amcl/laser_model_type: likelihood_field
 * /amcl/laser_sigma_hit: 0.2
 * /amcl/laser_z_hit: 0.5
 * /amcl/laser_z_max: 0.05
 * /amcl/laser_z_rand: 0.5
 * /amcl/laser_z_short: 0.05
 * /amcl/max_particles: 2000
 * /amcl/min_particles: 500
 * /amcl/odom_alpha1: 0.2
 * /amcl/odom_alpha2: 0.2
 * /amcl/odom_alpha3: 0.2
 * /amcl/odom_alpha4: 0.2
 * /amcl/odom_alpha5: 0.1
 * /amcl/odom_frame_id: odom
 * /amcl/odom_model_type: diff
 * /amcl/odom_update_interval: 0.1
 * /amcl/recovery_alpha_fast: 0.1
 * /amcl/recovery_alpha_slow: 0.001
 * /amcl/resample_interval: 1
 * /amcl/transform_tolerance: 1.0
 * /amcl/update_min_a: 0.3927
 * /amcl/update_min_d: 0.1
 * /amcl/use_map_topic: False
 * /ekf_localization/base_link_frame: base_link
 * /ekf_localization/frequency: 50
 * /ekf_localization/imu0: /imu/data
 * /ekf_localization/imu0_config: [False, False, Fa...
 * /ekf_localization/imu0_differential: False
 * /ekf_localization/odom0: /jackal_velocity_...
 * /ekf_localization/odom0_config: [False, False, Fa...
 * /ekf_localization/odom0_differential: False
 * /ekf_localization/odom_frame: odom
 * /ekf_localization/predict_to_current_time: True
 * /ekf_localization/world_frame: odom
 * /gazebo/enable_ros_network: True
 * /jackal_joint_publisher/publish_rate: 50
 * /jackal_joint_publisher/type: joint_state_contr...
 * /jackal_velocity_controller/angular/z/has_acceleration_limits: True
 * /jackal_velocity_controller/angular/z/has_velocity_limits: True
 * /jackal_velocity_controller/angular/z/max_acceleration: 25.0
 * /jackal_velocity_controller/angular/z/max_velocity: 4.0
 * /jackal_velocity_controller/cmd_vel_timeout: 0.25
 * /jackal_velocity_controller/enable_odom_tf: False
 * /jackal_velocity_controller/k_l: 0.1
 * /jackal_velocity_controller/k_r: 0.1
 * /jackal_velocity_controller/left_wheel: ['front_left_whee...
 * /jackal_velocity_controller/linear/x/has_acceleration_limits: True
 * /jackal_velocity_controller/linear/x/has_velocity_limits: True
 * /jackal_velocity_controller/linear/x/max_acceleration: 20.0
 * /jackal_velocity_controller/linear/x/max_velocity: 2.0
 * /jackal_velocity_controller/pose_covariance_diagonal: [0.001, 0.001, 10...
 * /jackal_velocity_controller/publish_cmd: True
 * /jackal_velocity_controller/publish_rate: 50
 * /jackal_velocity_controller/right_wheel: ['front_right_whe...
 * /jackal_velocity_controller/twist_covariance_diagonal: [0.001, 0.001, 0....
 * /jackal_velocity_controller/type: diff_drive_contro...
 * /jackal_velocity_controller/wheel_radius_multiplier: 1.0
 * /jackal_velocity_controller/wheel_separation_multiplier: 1.5
 * /move_base/NavfnROS/allow_unknown: True
 * /move_base/TrajectoryPlannerROS/acc_lim_theta: 20.0
 * /move_base/TrajectoryPlannerROS/acc_lim_x: 10.0
 * /move_base/TrajectoryPlannerROS/angular_sim_granularity: 0.02
 * /move_base/TrajectoryPlannerROS/controller_frequency: 20.0
 * /move_base/TrajectoryPlannerROS/dwa: True
 * /move_base/TrajectoryPlannerROS/escape_reset_dist: 0.1
 * /move_base/TrajectoryPlannerROS/escape_reset_theta: 0.1
 * /move_base/TrajectoryPlannerROS/escape_vel: -0.5
 * /move_base/TrajectoryPlannerROS/gdist_scale: 1.0
 * /move_base/TrajectoryPlannerROS/heading_lookahead: 0.325
 * /move_base/TrajectoryPlannerROS/heading_scoring: False
 * /move_base/TrajectoryPlannerROS/heading_scoring_timestep: 0.8
 * /move_base/TrajectoryPlannerROS/holonomic_robot: False
 * /move_base/TrajectoryPlannerROS/latch_xy_goal_tolerance: False
 * /move_base/TrajectoryPlannerROS/max_vel_theta: 1.57
 * /move_base/TrajectoryPlannerROS/max_vel_x: 0.5
 * /move_base/TrajectoryPlannerROS/meter_scoring: True
 * /move_base/TrajectoryPlannerROS/min_in_place_vel_theta: 0.314
 * /move_base/TrajectoryPlannerROS/min_vel_theta: -1.57
 * /move_base/TrajectoryPlannerROS/min_vel_x: 0.1
 * /move_base/TrajectoryPlannerROS/occdist_scale: 0.1
 * /move_base/TrajectoryPlannerROS/oscillation_reset_dist: 0.05
 * /move_base/TrajectoryPlannerROS/pdist_scale: 0.75
 * /move_base/TrajectoryPlannerROS/publish_cost_grid_pc: True
 * /move_base/TrajectoryPlannerROS/sim_granularity: 0.02
 * /move_base/TrajectoryPlannerROS/sim_time: 2.0
 * /move_base/TrajectoryPlannerROS/simple_attractor: False
 * /move_base/TrajectoryPlannerROS/vtheta_samples: 20
 * /move_base/TrajectoryPlannerROS/vx_samples: 6
 * /move_base/TrajectoryPlannerROS/xy_goal_tolerance: 0.25
 * /move_base/TrajectoryPlannerROS/yaw_goal_tolerance: 0.157
 * /move_base/base_global_planner: navfn/NavfnROS
 * /move_base/base_local_planner: base_local_planne...
 * /move_base/clearing_rotation_allowed: True
 * /move_base/controller_frequency: 20.0
 * /move_base/controller_patience: 15.0
 * /move_base/global_costmap/footprint: [[-0.21, -0.165],...
 * /move_base/global_costmap/footprint_padding: 0.1
 * /move_base/global_costmap/global_frame: map
 * /move_base/global_costmap/height: 40.0
 * /move_base/global_costmap/inflater_layer/inflation_radius: 0.3
 * /move_base/global_costmap/map_type: costmap
 * /move_base/global_costmap/meter_scoring: True
 * /move_base/global_costmap/obstacle_range: 2.5
 * /move_base/global_costmap/obstacles_layer/observation_sources: scan
 * /move_base/global_costmap/obstacles_layer/scan/clearing: True
 * /move_base/global_costmap/obstacles_layer/scan/data_type: LaserScan
 * /move_base/global_costmap/obstacles_layer/scan/marking: True
 * /move_base/global_costmap/obstacles_layer/scan/max_obstacle_height: 2.0
 * /move_base/global_costmap/obstacles_layer/scan/min_obstacle_height: -2.0
 * /move_base/global_costmap/obstacles_layer/scan/obstacle_range: 2.5
 * /move_base/global_costmap/obstacles_layer/scan/raytrace_range: 3.0
 * /move_base/global_costmap/obstacles_layer/scan/sensor_frame: front_laser
 * /move_base/global_costmap/obstacles_layer/scan/topic: front/scan
 * /move_base/global_costmap/origin_x: -20.0
 * /move_base/global_costmap/origin_y: -20.0
 * /move_base/global_costmap/origin_z: 0.0
 * /move_base/global_costmap/plugins: [{'name': 'static...
 * /move_base/global_costmap/publish_frequency: 5.0
 * /move_base/global_costmap/publish_voxel_map: False
 * /move_base/global_costmap/raytrace_range: 3.0
 * /move_base/global_costmap/resolution: 0.05
 * /move_base/global_costmap/robot_base_frame: base_link
 * /move_base/global_costmap/rolling_window: False
 * /move_base/global_costmap/static_map: True
 * /move_base/global_costmap/transform_tolerance: 0.5
 * /move_base/global_costmap/update_frequency: 20.0
 * /move_base/global_costmap/width: 40.0
 * /move_base/global_costmap/z_resolution: 1
 * /move_base/global_costmap/z_voxels: 2
 * /move_base/local_costmap/footprint: [[-0.21, -0.165],...
 * /move_base/local_costmap/footprint_padding: 0.1
 * /move_base/local_costmap/global_frame: map
 * /move_base/local_costmap/height: 10.0
 * /move_base/local_costmap/inflater_layer/inflation_radius: 0.3
 * /move_base/local_costmap/map_type: costmap
 * /move_base/local_costmap/meter_scoring: True
 * /move_base/local_costmap/obstacle_range: 2.5
 * /move_base/local_costmap/obstacles_layer/observation_sources: scan
 * /move_base/local_costmap/obstacles_layer/scan/clearing: True
 * /move_base/local_costmap/obstacles_layer/scan/data_type: LaserScan
 * /move_base/local_costmap/obstacles_layer/scan/marking: True
 * /move_base/local_costmap/obstacles_layer/scan/max_obstacle_height: 2.0
 * /move_base/local_costmap/obstacles_layer/scan/min_obstacle_height: -2.0
 * /move_base/local_costmap/obstacles_layer/scan/obstacle_range: 2.5
 * /move_base/local_costmap/obstacles_layer/scan/raytrace_range: 3.0
 * /move_base/local_costmap/obstacles_layer/scan/sensor_frame: front_laser
 * /move_base/local_costmap/obstacles_layer/scan/topic: front/scan
 * /move_base/local_costmap/origin_z: 0.0
 * /move_base/local_costmap/plugins: [{'name': 'obstac...
 * /move_base/local_costmap/publish_frequency: 5.0
 * /move_base/local_costmap/publish_voxel_map: False
 * /move_base/local_costmap/raytrace_range: 3.0
 * /move_base/local_costmap/resolution: 0.05
 * /move_base/local_costmap/robot_base_frame: base_link
 * /move_base/local_costmap/rolling_window: True
 * /move_base/local_costmap/static_map: False
 * /move_base/local_costmap/transform_tolerance: 0.5
 * /move_base/local_costmap/update_frequency: 20.0
 * /move_base/local_costmap/width: 10.0
 * /move_base/local_costmap/z_resolution: 1
 * /move_base/local_costmap/z_voxels: 2
 * /move_base/oscillation_distance: 0.5
 * /move_base/oscillation_timeout: 0.0
 * /move_base/planner_frequency: 20.0
 * /move_base/planner_patience: 5.0
 * /move_base/recovery_behavior_enabled: True
 * /move_base/shutdown_costmaps: False
 * /multi_floor_navigation_node/init_pose_offset_theta: 0.15
 * /multi_floor_navigation_node/init_pose_offset_x: 0.25
 * /multi_floor_navigation_node/init_pose_offset_y: 0.25
 * /multi_floor_navigation_node/region_init_backoff_factor: 1.3
 * /multi_floor_navigation_node/region_init_max_backoff: 2.0
 * /multi_floor_navigation_node/region_init_sigma_adaptive_alpha: 0.5
 * /multi_floor_navigation_node/region_init_sigma_min_scale: 0.03
 * /multi_floor_navigation_node/region_init_sigma_min_yaw: 0.02
 * /multi_floor_navigation_node/region_init_sigma_x: 0.15
 * /multi_floor_navigation_node/region_init_sigma_x_L0: 0.15
 * /multi_floor_navigation_node/region_init_sigma_x_L1: 0.2
 * /multi_floor_navigation_node/region_init_sigma_y: 0.15
 * /multi_floor_navigation_node/region_init_sigma_y_L0: 0.15
 * /multi_floor_navigation_node/region_init_sigma_y_L1: 0.2
 * /multi_floor_navigation_node/region_init_sigma_yaw: 0.1
 * /multi_floor_navigation_node/region_init_sigma_yaw_L0: 0.1
 * /multi_floor_navigation_node/region_init_sigma_yaw_L1: 0.12
 * /multi_floor_navigation_node/reloc_min_check_delay_L0: 6.0
 * /multi_floor_navigation_node/reloc_min_check_delay_L1: 12.0
 * /multi_floor_navigation_node/reloc_min_check_delay_sec: 6.0
 * /robot_description: <?xml version="1....
 * /rosdistro: noetic
 * /rosversion: 1.17.0
 * /twist_marker_server/link_name: base_link
 * /twist_mux/locks: [{'name': 'e_stop...
 * /twist_mux/topics: [{'name': 'joy', ...
 * /use_gui: True
 * /use_sim_time: True

NODES
  /
    amcl (amcl/amcl)
    change_map_node (multi_floor_nav/change_map_node)
    controller_spawner (controller_manager/spawner)
    ekf_localization (robot_localization/ekf_localization_node)
    gazebo (gazebo_ros/gzserver)
    map_server0 (map_server/map_server)
    map_server1 (map_server/map_server)
    move_base (move_base/move_base)
    multi_floor_navigation_node (multi_floor_nav/multi_floor_navigation_node)
    robot_state_publisher (robot_state_publisher/robot_state_publisher)
    rviz (rviz/rviz)
    twist_marker_server (interactive_marker_twist_server/marker_server)
    twist_mux (twist_mux/twist_mux)
    urdf_spawner (gazebo_ros/spawn_model)
[ INFO] [1774838989.045909142]: Finished loading Gazebo ROS API Plugin.
[ INFO] [1774838989.053474097]: waitForService: Service [/gazebo/set_physics_properties] has not been advertised, waiting...
[1;33mWarning [Model.cc:216][0m Non-unique name[door] detected 2 times in XML children of model with name[elevator].
[1;33mWarning [Model.cc:309][0m Joint with name [door] in model with name [elevator] has a name collision, changing joint name to [door_joint].
[ INFO] [1774838990.409156136]: waitForService: Service [/gazebo/set_physics_properties] is now available.
[ INFO] [1774838990.426840406, 1054.799000000]: Physics dynamic reconfigure ready.
[1;33mWarning [parser_urdf.cc:1161][0m multiple inconsistent <gravity> exists due to fixed joint reduction overwriting previous value [true] with [false].
[1;33mWarning [parser_urdf.cc:1161][0m multiple inconsistent <gravity> exists due to fixed joint reduction overwriting previous value [false] with [true].
[ERROR] [1774838991.181581474, 1055.093000000]: No p gain specified for pid.  Namespace: /gazebo_ros_control/pid_gains/front_left_wheel
[ERROR] [1774838991.182004640, 1055.093000000]: No p gain specified for pid.  Namespace: /gazebo_ros_control/pid_gains/front_right_wheel
[ERROR] [1774838991.182425431, 1055.093000000]: No p gain specified for pid.  Namespace: /gazebo_ros_control/pid_gains/rear_left_wheel
[ERROR] [1774838991.182843010, 1055.093000000]: No p gain specified for pid.  Namespace: /gazebo_ros_control/pid_gains/rear_right_wheel
[ WARN] [1774838991.226228863, 1055.094000000]: Failed to meet update rate! Took 1055.0940000000000509
[ WARN] [1774838991.227042370, 1055.095000000]: Timed out waiting for transform from base_link to map to become available before running costmap, tf error: canTransform: target_frame map does not exist. canTransform: source_frame base_link does not exist.. canTransform returned after 1055.1 timeout was 0.1.
[ WARN] [1774838991.227224375, 1055.095000000]: Failed to meet update rate! Took 1055.0750000000000455
[ WARN] [1774838991.529413785]: Interactive marker 'robot_twist_marker' contains unnormalized quaternions. This warning will only be output once but may be true for others; enable DEBUG messages for ros.rviz.quaternions to see more details.
[ WARN] [1774838992.546514357, 1056.398000000]: global_costmap: Pre-Hydro parameter "static_map" unused since "plugins" is provided
[ WARN] [1774838992.546772209, 1056.398000000]: global_costmap: Pre-Hydro parameter "map_type" unused since "plugins" is provided
[ WARN] [1774839023.633289021, 1087.133000000]: [Multi Floor Nav] Initial pose perturbation applied: offset_x=0.25, offset_y=0.25, offset_theta=0.15
[ WARN] [1774839023.746819983, 1087.246000000]: local_costmap: Pre-Hydro parameter "static_map" unused since "plugins" is provided
[ WARN] [1774839023.747042565, 1087.246000000]: local_costmap: Pre-Hydro parameter "map_type" unused since "plugins" is provided
[ WARN] [1774839023.790701287, 1087.290000000]: Parameter pdist_scale is deprecated. Please use the name path_distance_bias instead.
[ WARN] [1774839023.791333697, 1087.291000000]: Parameter gdist_scale is deprecated. Please use the name goal_distance_bias instead.
[ WARN] [1774839085.724815682, 1148.542000000]: [Multi Floor Nav] Initial pose perturbation applied: offset_x=0.25, offset_y=0.25, offset_theta=0.15
[ INFO] [1774838988.748860580]: [Multi Floor Nav] Module A sigma: L0=(0.150,0.150,0.100) L1=(0.200,0.200,0.120)
[ INFO] [1774838988.750732386]: [Multi Floor Nav] Module A delay: L0=6.0s  L1=12.0s  backoff: factor=1.30 max=2.00
[ INFO] [1774839023.597735682, 1087.098000000]: [Multi Floor Nav] Successfully loaded map for level: 0
[ INFO] [1774839023.633349503, 1087.133000000]: [Multi Floor Nav] Adaptive sigma: offset_planar=0.354, adaptive_scale=0.177, adaptive_yaw=0.095 ??? sigma(0.150, 0.150, 0.095)
[ INFO] [1774839023.633362075, 1087.133000000]: [Multi Floor Nav] Initializing Robot at x: 5.2, y: -0.2, yaw: 0.1 (level=0, sigma: x=0.150, y=0.150, yaw=0.095, retry=0)
[ INFO] [1774839023.633383795, 1087.133000000]: [Multi Floor Nav] Initializing Pose to x: 5.00, y: -0.50 at level: 0
[ INFO] [1774839024.646148645, 1088.135000000]: [Multi Floor Nav] Waiting for AMCL nomotion updates (1.0/6.0s, L0)...
[ INFO] [1774839025.655575381, 1089.136000000]: [Multi Floor Nav] Waiting for AMCL nomotion updates (2.0/6.0s, L0)...
[ INFO] [1774839026.864107014, 1090.337000000]: [Multi Floor Nav] Waiting for AMCL nomotion updates (3.2/6.0s, L0)...
[ INFO] [1774839028.073832926, 1091.535000000]: [Multi Floor Nav] Waiting for AMCL nomotion updates (4.4/6.0s, L0)...
[ INFO] [1774839029.088975928, 1092.535000000]: [Multi Floor Nav] Waiting for AMCL nomotion updates (5.4/6.0s, L0)...
[ INFO] [1774839029.698009851, 1093.137000000]: [Multi Floor Nav] Current Robot Pose, x: 5.12, y: -0.03, yaw: 0.09
[ INFO] [1774839029.698056924, 1093.137000000]: [Multi Floor Nav] Linear Error: 0.49, Angular Error: 0.09
[ INFO] [1774839029.698092752, 1093.137000000]: [Multi Floor Nav] Robot at correct pose
[ INFO] [1774839029.700247763, 1093.140000000]: [Multi Floor Nav] RELOC_PASS: linear_error=0.4899, angular_error=0.0896, linear_error_init=0.2563, angular_error_init=0.0604, tr_sigma=0.0051, C_t=0.9949
[ INFO] [1774839030.714901320, 1094.140000000]: [Multi Floor Nav] POST_PASS: dt=1.000s, linear_error=0.4900, angular_error=0.0884
[ INFO] [1774839030.714953072, 1094.140000000]: [Multi Floor Nav] Will send goal to x: 3, y: -0, at level: 0
[ INFO] [1774839030.714986945, 1094.140000000]: [Multi Floor Nav] Sending Robot to x: 3.0, y: -0.5, yaw: 3.1
[ INFO] [1774839030.916772405, 1094.340000000]: [Multi Floor Nav] POST_PASS: dt=1.200s, linear_error=0.4900, angular_error=0.0884
[ INFO] [1774839031.118325785, 1094.540000000]: [Multi Floor Nav] POST_PASS: dt=1.400s, linear_error=0.4900, angular_error=0.0884
[ INFO] [1774839031.319998592, 1094.740000000]: [Multi Floor Nav] POST_PASS: dt=1.600s, linear_error=0.5074, angular_error=0.3182
[ INFO] [1774839031.522417859, 1094.940000000]: [Multi Floor Nav] POST_PASS: dt=1.800s, linear_error=0.5102, angular_error=0.7263
[ INFO] [1774839031.724147935, 1095.140000000]: [Multi Floor Nav] POST_PASS: dt=2.000s, linear_error=0.4842, angular_error=1.1213
[ INFO] [1774839048.295369335, 1111.540000000]: [Multi Floor Nav] Requesting Lift to Level 0
[ INFO] [1774839048.498238447, 1111.740000000]: [Multi Floor Nav] Entering Lift at Level 0
[ INFO] [1774839065.874455130, 1128.940000000]: [Multi Floor Nav] Requesting Lift to Level 1
[ INFO] [1774839072.952446109, 1135.940000000]: [Multi Floor Nav] Exiting Lift at Level 1
[ INFO] [1774839085.679572969, 1148.498000000]: [Multi Floor Nav] Successfully loaded map for level: 1
[ INFO] [1774839085.724842920, 1148.542000000]: [Multi Floor Nav] Adaptive sigma: offset_planar=0.354, adaptive_scale=0.177, adaptive_yaw=0.095 ??? sigma(0.177, 0.177, 0.095)
[ INFO] [1774839085.724852419, 1148.542000000]: [Multi Floor Nav] Initializing Robot at x: 3.2, y: -0.2, yaw: 3.3 (level=1, sigma: x=0.177, y=0.177, yaw=0.095, retry=0)
[ INFO] [1774839085.724868691, 1148.542000000]: [Multi Floor Nav] Initializing Pose to x: 3.00, y: -0.50 at level: 1
[ INFO] [1774839086.741972057, 1149.544000000]: [Multi Floor Nav] Waiting for AMCL nomotion updates (1.0/12.0s, L1)...
[ INFO] [1774839087.757861518, 1150.545000000]: [Multi Floor Nav] Waiting for AMCL nomotion updates (2.0/12.0s, L1)...
[ INFO] [1774839088.978399847, 1151.7[ WARN] [1774839098.114553887, 1160.743000000]: [Multi Floor Nav] Initial pose perturbation applied: offset_x=0.25, offset_y=0.25, offset_theta=0.15
[ WARN] [1774839098.114597677, 1160.743000000]: [Multi Floor Nav] Retry #1: sigma scaled by 1.300 ??? (0.230, 0.230, 0.124)
46000000]: [Multi Floor Nav] Waiting for AMCL nomotion updates (3.2/12.0s, L1)...
[ INFO] [1774839090.196191542, 1152.945000000]: [Multi Floor Nav] Waiting for AMCL nomotion updates (4.4/12.0s, L1)...
[ INFO] [1774839091.210840141, 1153.946000000]: [Multi Floor Nav] Waiting for AMCL nomotion updates (5.4/12.0s, L1)...
[ INFO] [1774839092.430171828, 1155.144000000]: [Multi Floor Nav] Waiting for AMCL nomotion updates (6.6/12.0s, L1)...
[ INFO] [1774839093.449569118, 1156.145000000]: [Multi Floor Nav] Waiting for AMCL nomotion updates (7.6/12.0s, L1)...
[ INFO] [1774839094.462301771, 1157.145000000]: [Multi Floor Nav] Waiting for AMCL nomotion updates (8.6/12.0s, L1)...
[ INFO] [1774839095.679683291, 1158.345000000]: [Multi Floor Nav] Waiting for AMCL nomotion updates (9.8/12.0s, L1)...
[ INFO] [1774839096.899739578, 1159.546000000]: [Multi Floor Nav] Waiting for AMCL nomotion updates (11.0/12.0s, L1)...
[ INFO] [1774839097.914815812, 1160.545000000]: [Multi Floor Nav] Current Robot Pose, x: 3.01, y: 0.12, yaw: 2.98
[ INFO] [1774839097.914842631, 1160.545000000]: [Multi Floor Nav] Linear Error: 0.62, Angular Error: 0.16
[ INFO] [1774839097.914858694, 1160.545000000]: [Multi Floor Nav] Setting initial pose failed. Will Retry (retry #1)
[ INFO] [1774839098.114582941, 1160.743000000]: [Multi Floor Nav] Adaptive sigma: offset_planar=0.354, adaptive_scale=0.177, adaptive_yaw=0.095 ??? sigma(0.177, 0.177, 0.095)
[ INFO] [1774839098.114609620, 1160.743000000]: [Multi Floor Nav] Initializing Robot at x: 3.2, y: -0.2, yaw: 3.3 (level=1, sigma: x=0.230, y=0.230, yaw=0.124, retry=1)
[ INFO] [1774839098.114626801, 1160.743000000]: [Multi Floor Nav] Initializing Pose to x: 3.00, y: -0.50 at level: 1
[ INFO] [1774839099.133999367, 1161.746000000]: [Multi Floor Nav] Waiting for AMCL nomotion updates (1.0/12.0s, L1)...
[ INFO] [1774839100.350058799, 1162.945000000]: [Multi Floor Nav] Waiting for AMCL nomotion updates (2.2/12.0s, L1)...
[ INFO] [1774839101.365954476, 1163.946000000]: [Multi Floor Nav] Waiting for AMCL nomotion updates (3.2/12.0s, L1)...
[ INFO] [1774839102.382274507, 1164.946000000]: [Multi Floor Nav] Waiting for AMCL nomotion updates (4.2/12.0s, L1)...
[ INFO] [1774839103.606273800, 1166.146000000]: [Multi Floor Nav] Waiting for AMCL nomotion updates (5.4/12.0s, L1)...
[ INFO] [1774839104.829189791, 1167.346000000]: [Multi Floor Nav] Waiting for AMCL nomotion updates (6.6/12.0s, L1)...
[ INFO] [1774839105.841943467, 1168.346000000]: [Multi Floor Nav] Waiting for AMCL nomotion updates (7.6/12.0s, L1)...
[ INFO] [1774839106.857911778, 1169.347000000]: [Multi Floor Nav] Waiting for AMCL nomotion updates (8.6/12.0s, L1)...
[ INFO] [1774839108.071555345, 1170.546000000]: [Multi Floor Nav] Waiting for AMCL nomotion updates (9.8/12.0s, L1)...
[ INFO] [1774839109.288397694, 1171.746000000]: [Multi Floor Nav] Waiting for AMCL nomotion updates (11.0/12.0s, L1)...
[ INFO] [1774839110.303933550, 1172.746000000]: [Multi Floor Nav] Current Robot Pose, x: 3.18, y: -0.67, yaw: 2.92
[ INFO] [1774839110.303966446, 1172.746000000]: [Multi Floor Nav] Linear Error: 0.25, Angular Error: 0.22
[ INFO] [1774839110.303979715, 1172.746000000]: [Multi Floor Nav] Robot at correct pose
[ INFO] [1774839110.305972765, 1172.748000000]: [Multi Floor Nav] RELOC_PASS: linear_error=0.2485, angular_error=0.2168, linear_error_init=0.4307, angular_error_init=0.3668, tr_sigma=0.0000, C_t=1.0000
[ INFO] [1774839111.318544016, 1173.748000000]: [Multi Floor Nav] POST_PASS: dt=1.000s, linear_error=0.2485, angular_error=0.2177
[ INFO] [1774839111.318592555, 1173.748000000]: [Multi Floor Nav] Will send goal to x: 4, y: 5, at level: 1
[ INFO] [1774839111.318616860, 1173.748000000]: [Multi Floor Nav] Sending Robot to x: 4.0, y: 5.0, yaw: 0.0
[ INFO] [1774839111.522501598, 1173.948000000]: [Multi Floor Nav] POST_PASS: dt=1.200s, linear_error=0.2485, angular_error=0.2177
[ INFO] [1774839111.724004203, 1174.148000000]: [Multi Floor Nav] POST_PASS: dt=1.400s, linear_error=0.1562, angular_error=0.2898
[ INFO] [1774839111.925492211, 1174.348000000]: [Multi Floor Nav] POST_PASS: dt=1.600s, linear_error=0.1118, angular_error=0.5269
[ INFO] [1774839112.129533113, 1174.549000000]: [Multi Floor Nav] POST_PASS: dt=1.801s, linear_error=0.1360, angular_error=0.8300
[ INFO] [1774839132.460670957, 1194.548000000]: [Multi Floor Nav] Robot arrived at Goal
[ INFO] [1774838992.547198937, 1056.399000000]: global_costmap: Using plugin "static_layer"
[ INFO] [1774838992.556210925, 1056.408000000]: Requesting the map...
[ INFO] [1774839023.609709832, 1087.110000000]: Resizing costmap to 992 X 992 at 0.020000 m/pix
[ INFO] [1774839023.710274554, 1087.209000000]: Received a 992 X 992 map at 0.020000 m/pix
[ INFO] [1774839023.714839703, 1087.214000000]: global_costmap: Using plugin "obstacles_layer"
[ INFO] [1774839023.717698500, 1087.217000000]:     Subscribed to Topics: scan
[ INFO] [1774839023.726247513, 1087.226000000]: global_costmap: Using plugin "inflater_layer"
[ INFO] [1774839023.747417052, 1087.247000000]: local_costmap: Using plugin "obstacles_layer"
[ INFO] [1774839023.751041515, 1087.250000000]:     Subscribed to Topics: scan
[ INFO] [1774839023.759718266, 1087.259000000]: local_costmap: Using plugin "inflater_layer"
[ INFO] [1774839023.782730418, 1087.282000000]: Created local_planner base_local_planner/TrajectoryPlannerROS
[ INFO] [1774839023.788555915, 1087.288000000]: Sim period is set to 0.05
[ INFO] [1774839023.886093385, 1087.385000000]: Recovery behavior will clear layer 'obstacles'
[ INFO] [1774839023.889139285, 1087.388000000]: Recovery behavior will clear layer 'obstacles'
[ INFO] [1774839024.037991853, 1087.535000000]: odom received!

auto-starting new master
[1mprocess[master]: started with pid [71950][0m
[1mROS_MASTER_URI=http://localhost:11311[0m
]2;/home/eethanhe/catkin_ws/src/robot-multi-floor-navigation/multi_floor_nav/launch/nav.launch http://localhost:11311
[1msetting /run_id to 1d7c9bc8-2be3-11f1-8d1e-01badb8e21cf[0m
[1mprocess[rosout-1]: started with pid [71975][0m
started core service [/rosout]
[1mprocess[gazebo-2]: started with pid [71982][0m
[1mprocess[robot_state_publisher-3]: started with pid [71986][0m
[1mprocess[controller_spawner-4]: started with pid [71988][0m
[1mprocess[ekf_localization-5]: started with pid [71989][0m
[1mprocess[twist_mux-6]: started with pid [71990][0m
[1mprocess[twist_marker_server-7]: started with pid [71992][0m
[1mprocess[urdf_spawner-8]: started with pid [71997][0m
[1mprocess[map_server0-9]: started with pid [72007][0m
[1mprocess[map_server1-10]: started with pid [72014][0m
[1mprocess[amcl-11]: started with pid [72015][0m
[1mprocess[move_base-12]: started with pid [72018][0m
[1mprocess[rviz-13]: started with pid [72025][0m
[1mprocess[change_map_node-14]: started with pid [72030][0m
[1mprocess[multi_floor_navigation_node-15]: started with pid [72040][0m
[1m[urdf_spawner-8] process has finished cleanly
log file: /home/eethanhe/.ros/log/1d7c9bc8-2be3-11f1-8d1e-01badb8e21cf/urdf_spawner-8*.log[0m
[multi_floor_navigation_node-15] killing on exit
[change_map_node-14] killing on exit
[rviz-13] killing on exit
[move_base-12] killing on exit
[amcl-11] killing on exit
[map_server1-10] killing on exit
[map_server0-9] killing on exit
[twist_marker_server-7] killing on exit
[twist_mux-6] killing on exit
[ekf_localization-5] killing on exit
[controller_spawner-4] killing on exit
[robot_state_publisher-3] killing on exit
[gazebo-2] killing on exit
[rosout-1] killing on exit
[master] killing on exit
shutting down processing monitor...
... shutting down processing monitor complete
[1mdone[0m
