xacro: in-order processing became default in ROS Melodic. You can drop the option.
... logging to /home/eethanhe/.ros/log/beb8c612-2bf0-11f1-8d1e-01badb8e21cf/roslaunch-eethanhe-Lenovo-Legion-R9000P2021H-183565.log
Checking log directory for disk usage. This may take a while.
Press Ctrl-C to interrupt
Done checking log file disk usage. Usage is <1GB.
]2;/home/eethanhe/catkin_ws/src/robot-multi-floor-navigation/multi_floor_nav/launch/nav.launch
[1mstarted roslaunch server http://eethanhe-Lenovo-Legion-R9000P2021H:41173/[0m

SUMMARY
========

PARAMETERS
 * /amcl/auto_update_noise: 0.0
 * /amcl/base_frame_id: base_link
 * /amcl/expected_laser_freq: 5.0
 * /amcl/first_map_only: False
 * /amcl/global_frame_id: map
 * /amcl/gui_publish_rate: 10.0
 * /amcl/initial_pose_a: 0.0
 * /amcl/initial_pose_x: 0.0
 * /amcl/initial_pose_y: 0.0
 * /amcl/kld_err: 0.05
 * /amcl/kld_z: 0.99
 * /amcl/laser_lambda_short: 0.1
 * /amcl/laser_likelihood_max_dist: 2.0
 * /amcl/laser_max_beams: 720
 * /amcl/laser_max_range: 30.0
 * /amcl/laser_min_range: 0.1
 * /amcl/laser_model_type: likelihood_field
 * /amcl/laser_sigma_hit: 0.2
 * /amcl/laser_z_hit: 0.5
 * /amcl/laser_z_max: 0.05
 * /amcl/laser_z_rand: 0.5
 * /amcl/laser_z_short: 0.05
 * /amcl/max_particles: 2000
 * /amcl/min_particles: 500
 * /amcl/odom_alpha1: 0.2
 * /amcl/odom_alpha2: 0.2
 * /amcl/odom_alpha3: 0.2
 * /amcl/odom_alpha4: 0.2
 * /amcl/odom_alpha5: 0.1
 * /amcl/odom_frame_id: odom
 * /amcl/odom_model_type: diff
 * /amcl/odom_update_interval: 0.1
 * /amcl/recovery_alpha_fast: 0.1
 * /amcl/recovery_alpha_slow: 0.001
 * /amcl/resample_interval: 1
 * /amcl/transform_tolerance: 1.0
 * /amcl/update_min_a: 0.3927
 * /amcl/update_min_d: 0.1
 * /amcl/use_map_topic: False
 * /ekf_localization/base_link_frame: base_link
 * /ekf_localization/frequency: 50
 * /ekf_localization/imu0: /imu/data
 * /ekf_localization/imu0_config: [False, False, Fa...
 * /ekf_localization/imu0_differential: False
 * /ekf_localization/odom0: /jackal_velocity_...
 * /ekf_localization/odom0_config: [False, False, Fa...
 * /ekf_localization/odom0_differential: False
 * /ekf_localization/odom_frame: odom
 * /ekf_localization/predict_to_current_time: True
 * /ekf_localization/world_frame: odom
 * /gazebo/enable_ros_network: True
 * /jackal_joint_publisher/publish_rate: 50
 * /jackal_joint_publisher/type: joint_state_contr...
 * /jackal_velocity_controller/angular/z/has_acceleration_limits: True
 * /jackal_velocity_controller/angular/z/has_velocity_limits: True
 * /jackal_velocity_controller/angular/z/max_acceleration: 25.0
 * /jackal_velocity_controller/angular/z/max_velocity: 4.0
 * /jackal_velocity_controller/cmd_vel_timeout: 0.25
 * /jackal_velocity_controller/enable_odom_tf: False
 * /jackal_velocity_controller/k_l: 0.1
 * /jackal_velocity_controller/k_r: 0.1
 * /jackal_velocity_controller/left_wheel: ['front_left_whee...
 * /jackal_velocity_controller/linear/x/has_acceleration_limits: True
 * /jackal_velocity_controller/linear/x/has_velocity_limits: True
 * /jackal_velocity_controller/linear/x/max_acceleration: 20.0
 * /jackal_velocity_controller/linear/x/max_velocity: 2.0
 * /jackal_velocity_controller/pose_covariance_diagonal: [0.001, 0.001, 10...
 * /jackal_velocity_controller/publish_cmd: True
 * /jackal_velocity_controller/publish_rate: 50
 * /jackal_velocity_controller/right_wheel: ['front_right_whe...
 * /jackal_velocity_controller/twist_covariance_diagonal: [0.001, 0.001, 0....
 * /jackal_velocity_controller/type: diff_drive_contro...
 * /jackal_velocity_controller/wheel_radius_multiplier: 1.0
 * /jackal_velocity_controller/wheel_separation_multiplier: 1.5
 * /move_base/NavfnROS/allow_unknown: True
 * /move_base/TrajectoryPlannerROS/acc_lim_theta: 20.0
 * /move_base/TrajectoryPlannerROS/acc_lim_x: 10.0
 * /move_base/TrajectoryPlannerROS/angular_sim_granularity: 0.02
 * /move_base/TrajectoryPlannerROS/controller_frequency: 20.0
 * /move_base/TrajectoryPlannerROS/dwa: True
 * /move_base/TrajectoryPlannerROS/escape_reset_dist: 0.1
 * /move_base/TrajectoryPlannerROS/escape_reset_theta: 0.1
 * /move_base/TrajectoryPlannerROS/escape_vel: -0.5
 * /move_base/TrajectoryPlannerROS/gdist_scale: 1.0
 * /move_base/TrajectoryPlannerROS/heading_lookahead: 0.325
 * /move_base/TrajectoryPlannerROS/heading_scoring: False
 * /move_base/TrajectoryPlannerROS/heading_scoring_timestep: 0.8
 * /move_base/TrajectoryPlannerROS/holonomic_robot: False
 * /move_base/TrajectoryPlannerROS/latch_xy_goal_tolerance: False
 * /move_base/TrajectoryPlannerROS/max_vel_theta: 1.57
 * /move_base/TrajectoryPlannerROS/max_vel_x: 0.5
 * /move_base/TrajectoryPlannerROS/meter_scoring: True
 * /move_base/TrajectoryPlannerROS/min_in_place_vel_theta: 0.314
 * /move_base/TrajectoryPlannerROS/min_vel_theta: -1.57
 * /move_base/TrajectoryPlannerROS/min_vel_x: 0.1
 * /move_base/TrajectoryPlannerROS/occdist_scale: 0.1
 * /move_base/TrajectoryPlannerROS/oscillation_reset_dist: 0.05
 * /move_base/TrajectoryPlannerROS/pdist_scale: 0.75
 * /move_base/TrajectoryPlannerROS/publish_cost_grid_pc: True
 * /move_base/TrajectoryPlannerROS/sim_granularity: 0.02
 * /move_base/TrajectoryPlannerROS/sim_time: 2.0
 * /move_base/TrajectoryPlannerROS/simple_attractor: False
 * /move_base/TrajectoryPlannerROS/vtheta_samples: 20
 * /move_base/TrajectoryPlannerROS/vx_samples: 6
 * /move_base/TrajectoryPlannerROS/xy_goal_tolerance: 0.25
 * /move_base/TrajectoryPlannerROS/yaw_goal_tolerance: 0.157
 * /move_base/base_global_planner: navfn/NavfnROS
 * /move_base/base_local_planner: base_local_planne...
 * /move_base/clearing_rotation_allowed: True
 * /move_base/controller_frequency: 20.0
 * /move_base/controller_patience: 15.0
 * /move_base/global_costmap/footprint: [[-0.21, -0.165],...
 * /move_base/global_costmap/footprint_padding: 0.1
 * /move_base/global_costmap/global_frame: map
 * /move_base/global_costmap/height: 40.0
 * /move_base/global_costmap/inflater_layer/inflation_radius: 0.3
 * /move_base/global_costmap/map_type: costmap
 * /move_base/global_costmap/meter_scoring: True
 * /move_base/global_costmap/obstacle_range: 2.5
 * /move_base/global_costmap/obstacles_layer/observation_sources: scan
 * /move_base/global_costmap/obstacles_layer/scan/clearing: True
 * /move_base/global_costmap/obstacles_layer/scan/data_type: LaserScan
 * /move_base/global_costmap/obstacles_layer/scan/marking: True
 * /move_base/global_costmap/obstacles_layer/scan/max_obstacle_height: 2.0
 * /move_base/global_costmap/obstacles_layer/scan/min_obstacle_height: -2.0
 * /move_base/global_costmap/obstacles_layer/scan/obstacle_range: 2.5
 * /move_base/global_costmap/obstacles_layer/scan/raytrace_range: 3.0
 * /move_base/global_costmap/obstacles_layer/scan/sensor_frame: front_laser
 * /move_base/global_costmap/obstacles_layer/scan/topic: front/scan
 * /move_base/global_costmap/origin_x: -20.0
 * /move_base/global_costmap/origin_y: -20.0
 * /move_base/global_costmap/origin_z: 0.0
 * /move_base/global_costmap/plugins: [{'name': 'static...
 * /move_base/global_costmap/publish_frequency: 5.0
 * /move_base/global_costmap/publish_voxel_map: False
 * /move_base/global_costmap/raytrace_range: 3.0
 * /move_base/global_costmap/resolution: 0.05
 * /move_base/global_costmap/robot_base_frame: base_link
 * /move_base/global_costmap/rolling_window: False
 * /move_base/global_costmap/static_map: True
 * /move_base/global_costmap/transform_tolerance: 0.5
 * /move_base/global_costmap/update_frequency: 20.0
 * /move_base/global_costmap/width: 40.0
 * /move_base/global_costmap/z_resolution: 1
 * /move_base/global_costmap/z_voxels: 2
 * /move_base/local_costmap/footprint: [[-0.21, -0.165],...
 * /move_base/local_costmap/footprint_padding: 0.1
 * /move_base/local_costmap/global_frame: map
 * /move_base/local_costmap/height: 10.0
 * /move_base/local_costmap/inflater_layer/inflation_radius: 0.3
 * /move_base/local_costmap/map_type: costmap
 * /move_base/local_costmap/meter_scoring: True
 * /move_base/local_costmap/obstacle_range: 2.5
 * /move_base/local_costmap/obstacles_layer/observation_sources: scan
 * /move_base/local_costmap/obstacles_layer/scan/clearing: True
 * /move_base/local_costmap/obstacles_layer/scan/data_type: LaserScan
 * /move_base/local_costmap/obstacles_layer/scan/marking: True
 * /move_base/local_costmap/obstacles_layer/scan/max_obstacle_height: 2.0
 * /move_base/local_costmap/obstacles_layer/scan/min_obstacle_height: -2.0
 * /move_base/local_costmap/obstacles_layer/scan/obstacle_range: 2.5
 * /move_base/local_costmap/obstacles_layer/scan/raytrace_range: 3.0
 * /move_base/local_costmap/obstacles_layer/scan/sensor_frame: front_laser
 * /move_base/local_costmap/obstacles_layer/scan/topic: front/scan
 * /move_base/local_costmap/origin_z: 0.0
 * /move_base/local_costmap/plugins: [{'name': 'obstac...
 * /move_base/local_costmap/publish_frequency: 5.0
 * /move_base/local_costmap/publish_voxel_map: False
 * /move_base/local_costmap/raytrace_range: 3.0
 * /move_base/local_costmap/resolution: 0.05
 * /move_base/local_costmap/robot_base_frame: base_link
 * /move_base/local_costmap/rolling_window: True
 * /move_base/local_costmap/static_map: False
 * /move_base/local_costmap/transform_tolerance: 0.5
 * /move_base/local_costmap/update_frequency: 20.0
 * /move_base/local_costmap/width: 10.0
 * /move_base/local_costmap/z_resolution: 1
 * /move_base/local_costmap/z_voxels: 2
 * /move_base/oscillation_distance: 0.5
 * /move_base/oscillation_timeout: 0.0
 * /move_base/planner_frequency: 20.0
 * /move_base/planner_patience: 5.0
 * /move_base/recovery_behavior_enabled: True
 * /move_base/shutdown_costmaps: False
 * /multi_floor_navigation_node/init_pose_offset_theta: 0.2
 * /multi_floor_navigation_node/init_pose_offset_x: 0.4
 * /multi_floor_navigation_node/init_pose_offset_y: 0.4
 * /multi_floor_navigation_node/region_init_backoff_factor: 1.3
 * /multi_floor_navigation_node/region_init_max_backoff: 2.0
 * /multi_floor_navigation_node/region_init_sigma_adaptive_alpha: 0.35
 * /multi_floor_navigation_node/region_init_sigma_min_scale: 0.03
 * /multi_floor_navigation_node/region_init_sigma_min_yaw: 0.02
 * /multi_floor_navigation_node/region_init_sigma_x: 0.15
 * /multi_floor_navigation_node/region_init_sigma_x_L0: 0.15
 * /multi_floor_navigation_node/region_init_sigma_x_L1: 0.2
 * /multi_floor_navigation_node/region_init_sigma_y: 0.15
 * /multi_floor_navigation_node/region_init_sigma_y_L0: 0.15
 * /multi_floor_navigation_node/region_init_sigma_y_L1: 0.2
 * /multi_floor_navigation_node/region_init_sigma_yaw: 0.1
 * /multi_floor_navigation_node/region_init_sigma_yaw_L0: 0.1
 * /multi_floor_navigation_node/region_init_sigma_yaw_L1: 0.12
 * /multi_floor_navigation_node/reloc_min_check_delay_L0: 6.0
 * /multi_floor_navigation_node/reloc_min_check_delay_L1: 12.0
 * /multi_floor_navigation_node/reloc_min_check_delay_sec: 6.0
 * /robot_description: <?xml version="1....
 * /rosdistro: noetic
 * /rosversion: 1.17.0
 * /twist_marker_server/link_name: base_link
 * /twist_mux/locks: [{'name': 'e_stop...
 * /twist_mux/topics: [{'name': 'joy', ...
 * /use_gui: True
 * /use_sim_time: True

NODES
  /
    amcl (amcl/amcl)
    change_map_node (multi_floor_nav/change_map_node)
    controller_spawner (controller_manager/spawner)
    ekf_localization (robot_localization/ekf_localization_node)
    gazebo (gazebo_ros/gzserver)
    map_server0 (map_server/map_server)
    map_server1 (map_server/map_server)
    move_base (move_base/move_base)
    multi_floor_navigation_node (multi_floor_nav/multi_floor_navigation_node)
    robot_state_publisher (robot_state_publisher/robot_state_publisher)
    rviz (rviz/rviz)
    twist_marker_server (interactive_marker_twist_server/marker_server)
    twist_mux (twist_mux/twist_mux)
    urdf_spawner (gazebo_ros/spawn_model)
[ INFO] [1774844843.020515951]: Finished loading Gazebo ROS API Plugin.
[ INFO] [1774844843.021685853]: waitForService: Service [/gazebo/set_physics_properties] has not been advertised, waiting...
[1;33mWarning [Model.cc:216][0m Non-unique name[door] detected 2 times in XML children of model with name[elevator].
[1;33mWarning [Model.cc:309][0m Joint with name [door] in model with name [elevator] has a name collision, changing joint name to [door_joint].
[ WARN] [1774844844.173102386, 1055.001000000]: Failed to meet update rate! Took 1055.0009999999999764
[ WARN] [1774844844.175244890, 1055.003000000]: Failed to meet update rate! Took 1054.9829999999999472
[ INFO] [1774844843.945045517]: waitForService: Service [/gazebo/set_physics_properties] is now available.
[ INFO] [1774844843.964843478, 1054.800000000]: Physics dynamic reconfigure ready.
[1;33mWarning [parser_urdf.cc:1161][0m multiple inconsistent <gravity> exists due to fixed joint reduction overwriting previous value [true] with [false].
[1;33mWarning [parser_urdf.cc:1161][0m multiple inconsistent <gravity> exists due to fixed joint reduction overwriting previous value [false] with [true].
[ERROR] [1774844844.723514867, 1055.089000000]: No p gain specified for pid.  Namespace: /gazebo_ros_control/pid_gains/front_left_wheel
[ERROR] [1774844844.723982940, 1055.089000000]: No p gain specified for pid.  Namespace: /gazebo_ros_control/pid_gains/front_right_wheel
[ERROR] [1774844844.724402753, 1055.089000000]: No p gain specified for pid.  Namespace: /gazebo_ros_control/pid_gains/rear_left_wheel
[ERROR] [1774844844.724812229, 1055.089000000]: No p gain specified for pid.  Namespace: /gazebo_ros_control/pid_gains/rear_right_wheel
[ WARN] [1774844844.772347156, 1055.091000000]: Timed out waiting for transform from base_link to map to become available before running costmap, tf error: canTransform: target_frame map does not exist.. canTransform returned after 1055.09 timeout was 0.1.
[ WARN] [1774844846.141608883, 1056.447000000]: global_costmap: Pre-Hydro parameter "static_map" unused since "plugins" is provided
[ WARN] [1774844846.142080168, 1056.448000000]: global_costmap: Pre-Hydro parameter "map_type" unused since "plugins" is provided
[ WARN] [1774844846.599864644, 1056.902000000]: Interactive marker 'robot_twist_marker' contains unnormalized quaternions. This warning will only be output once but may be true for others; enable DEBUG messages for ros.rviz.quaternions to see more details.
[ WARN] [1774844877.838413381, 1087.692000000]: [Multi Floor Nav] Initial pose perturbation applied: offset_x=0.40, offset_y=0.40, offset_theta=0.20
[ WARN] [1774844877.845669416, 1087.700000000]: local_costmap: Pre-Hydro parameter "static_map" unused since "plugins" is provided
[ WARN] [1774844877.845900519, 1087.700000000]: local_costmap: Pre-Hydro parameter "map_type" unused since "plugins" is provided
[ WARN] [1774844877.880258814, 1087.734000000]: Parameter pdist_scale is deprecated. Please use the name path_distance_bias instead.
[ WARN] [1774844877.880897786, 1087.735000000]: Parameter gdist_scale is deprecated. Please use the name goal_distance_bias instead.
[ WARN] [1774844878.886713210, 1088.723000000]: The origin for the sensor at (0.20, 0.18) is out of map bounds. So, the costmap cannot raytrace for it.
[ WARN] [1774844884.138001564, 1093.896000000]: [Multi Floor Nav] Initial pose perturbation applied: offset_x=0.40, offset_y=0.40, offset_theta=0.20
[ WARN] [1774844884.138102344, 1093.896000000]: [Multi Floor Nav] Retry #1: sigma scaled by 1.300 ??? (0.195, 0.195, 0.117)
[ INFO] [1774844842.718584007]: [Multi Floor Nav] Module A sigma: L0=(0.150,0.150,0.100) L1=(0.200,0.200,0.120)
[ INFO] [1774844842.719267259]: [Multi Floor Nav] Module A delay: L0=6.0s  L1=12.0s  backoff: factor=1.30 max=2.00
[ INFO] [1774844877.668227476, 1087.524000000]: [Multi Floor Nav] Successfully loaded map for level: 0
[ INFO] [1774844877.838484060, 1087.692000000]: [Multi Floor Nav] Adaptive sigma: offset_planar=0.566, adaptive_scale=0.198, adaptive_yaw=0.090 ??? sigma(0.150, 0.150, 0.090)
[ INFO] [1774844877.838499146, 1087.692000000]: [Multi Floor Nav] Initializing Robot at x: 5.4, y: -0.1, yaw: 0.2 (level=0, sigma: x=0.150, y=0.150, yaw=0.090, retry=0)
[ INFO] [1774844877.838529876, 1087.692000000]: [Multi Floor Nav] Initializing Pose to x: 5.00, y: -0.50 at level: 0
[ INFO] [1774844878.858869311, 1088.695000000]: [Multi Floor Nav] Waiting for AMCL nomotion updates (1.0/6.0s, L0)...
[ INFO] [1774844879.876136879, 1089.695000000]: [Multi Floor Nav] Waiting for AMCL nomotion updates (2.0/6.0s, L0)...
[ INFO] [1774844880.887361762, 1090.696000000]: [Multi Floor Nav] Waiting for AMCL nomotion updates (3.0/6.0s, L0)...
[ INFO] [1774844882.106884241, 1091.894000000]: [Multi Floor Nav] Waiting for AMCL nomotion updates (4.2/6.0s, L0)...
[ INFO] [1774844883.127037512, 1092.896000000]: [Multi Floor Nav] Waiting for AMCL nomotion updates (5.2/6.0s, L0)...
[ INFO] [1774844883.933317254, 1093.694000000]: [Multi Floor Nav] Current Robot Pose, x: 5.33, y: -0.04, yaw: 0.07
[ INFO] [1774844883.933337228, 1093.694000000]: [Multi Floor Nav] Linear Error: 0.57, Angular Error: 0.07
[ INFO] [1774844883.933346796, 1093.694000000]: [Multi Floor Nav] Setting initial pose failed. Will Retry (retry #1)
[ INFO] [1774844884.138067563, 1093.896000000]: [Multi Floor Nav] Adaptive sigma: offset_planar=0.566, adaptive_scale=0.198, adaptive_yaw=0.090 ??? sigma(0.150, 0.150, 0.090)
[ INFO] [1774844884.138167715, 1093.896000000]: [Multi Floor Nav] Initializing Robot at x: 5.4, y: -0.1, yaw: 0.2 (level=0, sigma: x=0.195, y=0.195, yaw=0.117, retry=1)
[ INFO] [1774844884.138208781, 1093.896000000]: [Multi Floor Nav] Initializing Pose to x: 5.00, y: -0.50 at level: 0
[ INFO] [1774844885.154120359, 1094.898000000]: [Multi Floor Nav] Waiting for AMCL nomotion updates (1.0/6.0s, L0)...
[ INFO] [1774844886.168876848, 1095.899000000]: [Multi Floor Nav] Waiting for AMCL nomotion updates (2.0/6.0s, L0)...
[ INFO] [1774844887.182184987, 1096.900000000]: [Multi Floor Nav] Waiting for AMCL nomotion updates (3.0/6.0s, L0)...
[ INFO] [1774844888.399639605, 1098.100000000]: [Multi Floor Nav] Waiting for AMCL nomotion updates (4.2/6.0s, L0)...
[ INFO] [1774844889.409756456, 1099.100000000]: [Multi Floor Nav] Waiting for AMCL nomotion updates (5.2/6.0s, L0)...
[ INFO] [1774844890.217090899, 1099.899000000]: [Multi Floor Nav] Current Robot Pose, x: 5.01, y: -0.05, yaw: 0.05
[ INFO] [1774844890.217108848, 1099.899000000]: [Multi Floor Nav] Linear Error: 0.45, Angular Error: 0.05
[ INFO] [1774844890.217118835, 1099.899000000]: [Multi Floor Nav] Robot at correct pose
[ INFO] [1774844890.218363607, 1099.900000000]: [Multi Floor Nav] RELOC_PASS: linear_error=0.4533, angular_error=0.0486, linear_error_init=0.3946, angular_error_init=0.1514, tr_sigma=0.0598, C_t=0.9420
[ INFO] [1774844891.228920886, 1100.900000000]: [Multi Floor Nav] POST_PASS: dt=1.000s, linear_error=0.4539, angular_error=0.0492
[ INFO] [1774844891.228956994, 1100.900000000]: [Multi Floor Nav] Will send goal to x: 3, y: -0, at level: 0
[ INFO] [1774844891.228975781, 1100.900000000]: [Multi Floor Nav] Sending Robot to x: 3.0, y: -0.5, yaw: 3.1
[ INFO] [1774844891.432028971, 1101.100000000]: [Multi Floor Nav] POST_PASS: dt=1.200s, linear_error=0.4539, angular_error=0.0492
[ INFO] [1774844891.634053965, 1101.300000000]: [Multi Floor Nav] POST_PASS: dt=1.400s, linear_error=0.4539, angular_error=0.0492
[ INFO] [1774844891.836763050, 1101.500000000]: [Multi Floor Nav] POST_PASS: dt=1.600s, linear_error=0.4431, angular_error=0.3415
[ INFO] [1774844892.038191394, 1101.701000000]: [Multi Floor Nav] POST_PASS: [ WARN] [1774844945.058841027, 1154.103000000]: [Multi Floor Nav] Initial pose perturbation applied: offset_x=0.40, offset_y=0.40, offset_theta=0.20
[ WARN] [1774844957.518601107, 1166.308000000]: [Multi Floor Nav] Initial pose perturbation applied: offset_x=0.40, offset_y=0.40, offset_theta=0.20
[ WARN] [1774844957.518706148, 1166.308000000]: [Multi Floor Nav] Retry #1: sigma scaled by 1.300 ??? (0.257, 0.257, 0.117)
dt=1.800s, linear_error=0.4129, angular_error=0.7569
[ INFO] [1774844892.240895242, 1101.900000000]: [Multi Floor Nav] POST_PASS: dt=2.000s, linear_error=0.4129, angular_error=0.7569
[ INFO] [1774844907.619105375, 1117.101000000]: [Multi Floor Nav] Requesting Lift to Level 0
[ INFO] [1774844907.822386059, 1117.301000000]: [Multi Floor Nav] Entering Lift at Level 0
[ INFO] [1774844925.182266900, 1134.500000000]: [Multi Floor Nav] Requesting Lift to Level 1
[ INFO] [1774844932.256709745, 1141.500000000]: [Multi Floor Nav] Exiting Lift at Level 1
[ INFO] [1774844944.874719575, 1153.923000000]: [Multi Floor Nav] Successfully loaded map for level: 1
[ INFO] [1774844945.058930213, 1154.103000000]: [Multi Floor Nav] Adaptive sigma: offset_planar=0.566, adaptive_scale=0.198, adaptive_yaw=0.090 ??? sigma(0.198, 0.198, 0.090)
[ INFO] [1774844945.058987902, 1154.103000000]: [Multi Floor Nav] Initializing Robot at x: 3.4, y: -0.1, yaw: 3.3 (level=1, sigma: x=0.198, y=0.198, yaw=0.090, retry=0)
[ INFO] [1774844945.059047057, 1154.103000000]: [Multi Floor Nav] Initializing Pose to x: 3.00, y: -0.50 at level: 1
[ INFO] [1774844946.080647997, 1155.107000000]: [Multi Floor Nav] Waiting for AMCL nomotion updates (1.0/12.0s, L1)...
[ INFO] [1774844947.304860606, 1156.305000000]: [Multi Floor Nav] Waiting for AMCL nomotion updates (2.2/12.0s, L1)...
[ INFO] [1774844948.328129149, 1157.305000000]: [Multi Floor Nav] Waiting for AMCL nomotion updates (3.2/12.0s, L1)...
[ INFO] [1774844949.354849579, 1158.307000000]: [Multi Floor Nav] Waiting for AMCL nomotion updates (4.2/12.0s, L1)...
[ INFO] [1774844950.575689740, 1159.507000000]: [Multi Floor Nav] Waiting for AMCL nomotion updates (5.4/12.0s, L1)...
[ INFO] [1774844951.595746606, 1160.507000000]: [Multi Floor Nav] Waiting for AMCL nomotion updates (6.4/12.0s, L1)...
[ INFO] [1774844952.814942313, 1161.706000000]: [Multi Floor Nav] Waiting for AMCL nomotion updates (7.6/12.0s, L1)...
[ INFO] [1774844953.837055445, 1162.706000000]: [Multi Floor Nav] Waiting for AMCL nomotion updates (8.6/12.0s, L1)...
[ INFO] [1774844955.059908800, 1163.907000000]: [Multi Floor Nav] Waiting for AMCL nomotion updates (9.8/12.0s, L1)...
[ INFO] [1774844956.290567781, 1165.106000000]: [Multi Floor Nav] Waiting for AMCL nomotion updates (11.0/12.0s, L1)...
[ INFO] [1774844957.313205509, 1166.106000000]: [Multi Floor Nav] Current Robot Pose, x: 3.77, y: -0.70, yaw: 2.93
[ INFO] [1774844957.313249300, 1166.106000000]: [Multi Floor Nav] Linear Error: 0.80, Angular Error: 0.21
[ INFO] [1774844957.313270880, 1166.106000000]: [Multi Floor Nav] Setting initial pose failed. Will Retry (retry #1)
[ INFO] [1774844957.518669132, 1166.308000000]: [Multi Floor Nav] Adaptive sigma: offset_planar=0.566, adaptive_scale=0.198, adaptive_yaw=0.090 ??? sigma(0.198, 0.198, 0.090)
[ INFO] [1774844957.518737646, 1166.308000000]: [Multi Floor Nav] Initializing Robot at x: 3.4, y: -0.1, yaw: 3.3 (level=1, sigma: x=0.257, y=0.257, yaw=0.117, retry=1)
[ INFO] [1774844957.518779131, 1166.308000000]: [Multi Floor Nav] Initializing Pose to x: 3.00, y: -0.50 at level: 1
[ INFO] [1774844958.543756393, 1167.312000000]: [Multi Floor Nav] Waiting for AMCL nomotion updates (1.0/12.0s, L1)...
[ INFO] [1774844959.770647979, 1168.511000000]: [Multi Floor Nav] Waiting for AMCL nomotion updates (2.2/12.0s, L1)...
[ INFO] [1774844960.997595864, 1169.711000000]: [Multi Floor Nav] Waiting for AMCL nomotion updates (3.4/12.0s, L1)...
[ INFO] [1774844962.222250538, 1170.910000000]: [Multi Floor Nav] Waiting for AMCL nomotion updates (4.6/12.0s, L1)...
[ INFO] [1774844963.235443035, 1171.912000000]: [Multi Floor Nav] Waiting for AMCL nomotion updates (5.6/12.0s, L1)...
[ INFO] [1774844964.454883901, 1173.110000000]: [Multi Floor Nav] Waiting for AMCL nomotion updates (6.8/12.0s, L1)...
[ INFO] [1774844965.462773889, 1174.111000000]: [Multi Floor Nav] Waiting for AMCL nomotion updates (7.8/12.0s, L1)...
[ INFO] [1774844966.481658989, 1175.111000000]: [Multi Floor Nav] Waiting for AMCL nomotion updates (8.8/12.0s, L1)...
[ INFO] [1774844967.498150791, 1176.1110[ WARN] [1774844969.940257492, 1178.511000000]: [Multi Floor Nav] Initial pose perturbation applied: offset_x=0.40, offset_y=0.40, offset_theta=0.20
[ WARN] [1774844969.940406253, 1178.512000000]: [Multi Floor Nav] Retry #2: sigma scaled by 1.690 ??? (0.335, 0.335, 0.152)
00000]: [Multi Floor Nav] Waiting for AMCL nomotion updates (9.8/12.0s, L1)...
[ INFO] [1774844968.514838084, 1177.111000000]: [Multi Floor Nav] Waiting for AMCL nomotion updates (10.8/12.0s, L1)...
[ INFO] [1774844969.533558518, 1178.111000000]: [Multi Floor Nav] Waiting for AMCL nomotion updates (11.8/12.0s, L1)...
[ INFO] [1774844969.735444212, 1178.311000000]: [Multi Floor Nav] Current Robot Pose, x: 3.38, y: -0.94, yaw: -3.13
[ INFO] [1774844969.735465164, 1178.311000000]: [Multi Floor Nav] Linear Error: 0.58, Angular Error: 0.01
[ INFO] [1774844969.735474034, 1178.311000000]: [Multi Floor Nav] Setting initial pose failed. Will Retry (retry #2)
[ INFO] [1774844969.940354780, 1178.512000000]: [Multi Floor Nav] Adaptive sigma: offset_planar=0.566, adaptive_scale=0.198, adaptive_yaw=0.090 ??? sigma(0.198, 0.198, 0.090)
[ INFO] [1774844969.940463522, 1178.512000000]: [Multi Floor Nav] Initializing Robot at x: 3.4, y: -0.1, yaw: 3.3 (level=1, sigma: x=0.335, y=0.335, yaw=0.152, retry=2)
[ INFO] [1774844969.940535039, 1178.512000000]: [Multi Floor Nav] Initializing Pose to x: 3.00, y: -0.50 at level: 1
[ INFO] [1774844970.967609627, 1179.515000000]: [Multi Floor Nav] Waiting for AMCL nomotion updates (1.0/12.0s, L1)...
[ INFO] [1774844972.193843265, 1180.715000000]: [Multi Floor Nav] Waiting for AMCL nomotion updates (2.2/12.0s, L1)...
[ INFO] [1774844973.212742235, 1181.715000000]: [Multi Floor Nav] Waiting for AMCL nomotion updates (3.2/12.0s, L1)...
[ INFO] [1774844974.231878948, 1182.715000000]: [Multi Floor Nav] Waiting for AMCL nomotion updates (4.2/12.0s, L1)...
[ INFO] [1774844975.256681921, 1183.715000000]: [Multi Floor Nav] Waiting for AMCL nomotion updates (5.2/12.0s, L1)...
[ INFO] [1774844976.479616381, 1184.915000000]: [Multi Floor Nav] Waiting for AMCL nomotion updates (6.4/12.0s, L1)...
[ INFO] [1774844977.498492189, 1185.915000000]: [Multi Floor Nav] Waiting for AMCL nomotion updates (7.4/12.0s, L1)...
[ INFO] [1774844978.513569712, 1186.915000000]: [Multi Floor Nav] Waiting for AMCL nomotion updates (8.4/12.0s, L1)...
[ INFO] [1774844979.531506034, 1187.915000000]: [Multi Floor Nav] Waiting for AMCL nomotion updates (9.4/12.0s, L1)...
[ INFO] [1774844980.551398742, 1188.916000000]: [Multi Floor Nav] Waiting for AMCL nomotion updates (10.4/12.0s, L1)...
[ INFO] [1774844981.569989135, 1189.916000000]: [Multi Floor Nav] Waiting for AMCL nomotion updates (11.4/12.0s, L1)...
[ INFO] [1774844982.180725083, 1190.515000000]: [Multi Floor Nav] Current Robot Pose, x: 3.22, y: -0.86, yaw: 3.11
[ INFO] [1774844982.180774251, 1190.515000000]: [Multi Floor Nav] Linear Error: 0.42, Angular Error: 0.03
[ INFO] [1774844982.180807216, 1190.515000000]: [Multi Floor Nav] Robot at correct pose
[ INFO] [1774844982.184278234, 1190.519000000]: [Multi Floor Nav] RELOC_PASS: linear_error=0.4224, angular_error=0.0308, linear_error_init=0.7831, angular_error_init=0.2308, tr_sigma=0.0037, C_t=0.9963
[ INFO] [1774844983.205924311, 1191.519000000]: [Multi Floor Nav] POST_PASS: dt=1.000s, linear_error=0.4250, angular_error=0.0312
[ INFO] [1774844983.206006793, 1191.519000000]: [Multi Floor Nav] Will send goal to x: 4, y: 5, at level: 1
[ INFO] [1774844983.206053656, 1191.519000000]: [Multi Floor Nav] Sending Robot to x: 4.0, y: 5.0, yaw: 0.0
[ INFO] [1774844983.409236450, 1191.719000000]: [Multi Floor Nav] POST_PASS: dt=1.200s, linear_error=0.4250, angular_error=0.0312
[ INFO] [1774844983.613517839, 1191.919000000]: [Multi Floor Nav] POST_PASS: dt=1.400s, linear_error=0.4250, angular_error=0.0312
[ INFO] [1774844983.816286268, 1192.119000000]: [Multi Floor Nav] POST_PASS: dt=1.600s, linear_error=0.3504, angular_error=0.2841
[ INFO] [1774844984.018479068, 1192.319000000]: [Multi Floor Nav] POST_PASS: dt=1.800s, linear_error=0.2864, angular_error=0.6728
[ INFO] [1774844984.222570911, 1192.520000000]: [Multi Floor Nav] POST_PASS: dt=2.000s, linear_error=0.2325, angular_error=0.9550
[ INFO] [1774845000.760836821, 1208.719000000]: [Multi Floor Nav] Robot arrived at Goal
[ INFO] [1774844846.142508641, 1056.448000000]: global_costmap: Using plugin "static_layer"
[ INFO] [1774844846.146844144, 1056.453000000]: Requesting the map...
[ INFO] [1774844877.700260703, 1087.555000000]: Resizing costmap to 992 X 992 at 0.020000 m/pix
[ INFO] [1774844877.800047275, 1087.654000000]: Received a 992 X 992 map at 0.020000 m/pix
[ INFO] [1774844877.805180780, 1087.659000000]: global_costmap: Using plugin "obstacles_layer"
[ INFO] [1774844877.809935957, 1087.664000000]:     Subscribed to Topics: scan
[ INFO] [1774844877.819140548, 1087.673000000]: global_costmap: Using plugin "inflater_layer"
[ INFO] [1774844877.846326827, 1087.700000000]: local_costmap: Using plugin "obstacles_layer"
[ INFO] [1774844877.848531629, 1087.702000000]:     Subscribed to Topics: scan
[ INFO] [1774844877.856079249, 1087.710000000]: local_costmap: Using plugin "inflater_layer"
[ INFO] [1774844877.873996264, 1087.728000000]: Created local_planner base_local_planner/TrajectoryPlannerROS
[ INFO] [1774844877.877971808, 1087.732000000]: Sim period is set to 0.05
[ INFO] [1774844877.933389672, 1087.786000000]: Recovery behavior will clear layer 'obstacles'
[ INFO] [1774844877.936732949, 1087.790000000]: Recovery behavior will clear layer 'obstacles'
[ INFO] [1774844878.091512614, 1087.943000000]: odom received!

auto-starting new master
[1mprocess[master]: started with pid [183663][0m
[1mROS_MASTER_URI=http://localhost:11311[0m
]2;/home/eethanhe/catkin_ws/src/robot-multi-floor-navigation/multi_floor_nav/launch/nav.launch http://localhost:11311
[1msetting /run_id to beb8c612-2bf0-11f1-8d1e-01badb8e21cf[0m
[1mprocess[rosout-1]: started with pid [183688][0m
started core service [/rosout]
[1mprocess[gazebo-2]: started with pid [183695][0m
[1mprocess[robot_state_publisher-3]: started with pid [183699][0m
[1mprocess[controller_spawner-4]: started with pid [183701][0m
[1mprocess[ekf_localization-5]: started with pid [183702][0m
[1mprocess[twist_mux-6]: started with pid [183703][0m
[1mprocess[twist_marker_server-7]: started with pid [183708][0m
[1mprocess[urdf_spawner-8]: started with pid [183711][0m
[1mprocess[map_server0-9]: started with pid [183721][0m
[1mprocess[map_server1-10]: started with pid [183727][0m
[1mprocess[amcl-11]: started with pid [183730][0m
[1mprocess[move_base-12]: started with pid [183732][0m
[1mprocess[rviz-13]: started with pid [183738][0m
[1mprocess[change_map_node-14]: started with pid [183745][0m
[1mprocess[multi_floor_navigation_node-15]: started with pid [183755][0m
[1m[urdf_spawner-8] process has finished cleanly
log file: /home/eethanhe/.ros/log/beb8c612-2bf0-11f1-8d1e-01badb8e21cf/urdf_spawner-8*.log[0m
[multi_floor_navigation_node-15] killing on exit
[change_map_node-14] killing on exit
[rviz-13] killing on exit
[move_base-12] killing on exit
[amcl-11] killing on exit
[map_server1-10] killing on exit
[map_server0-9] killing on exit
[twist_marker_server-7] killing on exit
[twist_mux-6] killing on exit
[ekf_localization-5] killing on exit
[controller_spawner-4] killing on exit
[robot_state_publisher-3] killing on exit
[gazebo-2] killing on exit
[rosout-1] killing on exit
[master] killing on exit
shutting down processing monitor...
... shutting down processing monitor complete
[1mdone[0m
