xacro: in-order processing became default in ROS Melodic. You can drop the option.
... logging to /home/eethanhe/.ros/log/53159fe0-2d06-11f1-8422-679edff71d44/roslaunch-eethanhe-Lenovo-Legion-R9000P2021H-31696.log
Checking log directory for disk usage. This may take a while.
Press Ctrl-C to interrupt
Done checking log file disk usage. Usage is <1GB.
]2;/home/eethanhe/catkin_ws/src/robot-multi-floor-navigation/multi_floor_nav/launch/nav.launch
[1mstarted roslaunch server http://eethanhe-Lenovo-Legion-R9000P2021H:45279/[0m

SUMMARY
========

PARAMETERS
 * /amcl/auto_update_noise: 0.0
 * /amcl/base_frame_id: base_link
 * /amcl/expected_laser_freq: 5.0
 * /amcl/first_map_only: False
 * /amcl/global_frame_id: map
 * /amcl/gui_publish_rate: 10.0
 * /amcl/initial_pose_a: 0.0
 * /amcl/initial_pose_x: 0.0
 * /amcl/initial_pose_y: 0.0
 * /amcl/kld_err: 0.05
 * /amcl/kld_z: 0.99
 * /amcl/laser_lambda_short: 0.1
 * /amcl/laser_likelihood_max_dist: 2.0
 * /amcl/laser_max_beams: 720
 * /amcl/laser_max_range: 30.0
 * /amcl/laser_min_range: 0.1
 * /amcl/laser_model_type: likelihood_field
 * /amcl/laser_sigma_hit: 0.2
 * /amcl/laser_z_hit: 0.5
 * /amcl/laser_z_max: 0.05
 * /amcl/laser_z_rand: 0.5
 * /amcl/laser_z_short: 0.05
 * /amcl/max_particles: 2000
 * /amcl/min_particles: 500
 * /amcl/odom_alpha1: 0.2
 * /amcl/odom_alpha2: 0.2
 * /amcl/odom_alpha3: 0.2
 * /amcl/odom_alpha4: 0.2
 * /amcl/odom_alpha5: 0.1
 * /amcl/odom_frame_id: odom
 * /amcl/odom_model_type: diff
 * /amcl/odom_update_interval: 0.1
 * /amcl/recovery_alpha_fast: 0.1
 * /amcl/recovery_alpha_slow: 0.001
 * /amcl/resample_interval: 1
 * /amcl/transform_tolerance: 1.0
 * /amcl/update_min_a: 0.3927
 * /amcl/update_min_d: 0.1
 * /amcl/use_map_topic: False
 * /ekf_localization/base_link_frame: base_link
 * /ekf_localization/frequency: 50
 * /ekf_localization/imu0: /imu/data
 * /ekf_localization/imu0_config: [False, False, Fa...
 * /ekf_localization/imu0_differential: False
 * /ekf_localization/odom0: /jackal_velocity_...
 * /ekf_localization/odom0_config: [False, False, Fa...
 * /ekf_localization/odom0_differential: False
 * /ekf_localization/odom_frame: odom
 * /ekf_localization/predict_to_current_time: True
 * /ekf_localization/world_frame: odom
 * /gazebo/enable_ros_network: True
 * /jackal_joint_publisher/publish_rate: 50
 * /jackal_joint_publisher/type: joint_state_contr...
 * /jackal_velocity_controller/angular/z/has_acceleration_limits: True
 * /jackal_velocity_controller/angular/z/has_velocity_limits: True
 * /jackal_velocity_controller/angular/z/max_acceleration: 25.0
 * /jackal_velocity_controller/angular/z/max_velocity: 4.0
 * /jackal_velocity_controller/cmd_vel_timeout: 0.25
 * /jackal_velocity_controller/enable_odom_tf: False
 * /jackal_velocity_controller/k_l: 0.1
 * /jackal_velocity_controller/k_r: 0.1
 * /jackal_velocity_controller/left_wheel: ['front_left_whee...
 * /jackal_velocity_controller/linear/x/has_acceleration_limits: True
 * /jackal_velocity_controller/linear/x/has_velocity_limits: True
 * /jackal_velocity_controller/linear/x/max_acceleration: 20.0
 * /jackal_velocity_controller/linear/x/max_velocity: 2.0
 * /jackal_velocity_controller/pose_covariance_diagonal: [0.001, 0.001, 10...
 * /jackal_velocity_controller/publish_cmd: True
 * /jackal_velocity_controller/publish_rate: 50
 * /jackal_velocity_controller/right_wheel: ['front_right_whe...
 * /jackal_velocity_controller/twist_covariance_diagonal: [0.001, 0.001, 0....
 * /jackal_velocity_controller/type: diff_drive_contro...
 * /jackal_velocity_controller/wheel_radius_multiplier: 1.0
 * /jackal_velocity_controller/wheel_separation_multiplier: 1.5
 * /move_base/NavfnROS/allow_unknown: True
 * /move_base/TrajectoryPlannerROS/acc_lim_theta: 20.0
 * /move_base/TrajectoryPlannerROS/acc_lim_x: 10.0
 * /move_base/TrajectoryPlannerROS/angular_sim_granularity: 0.02
 * /move_base/TrajectoryPlannerROS/controller_frequency: 20.0
 * /move_base/TrajectoryPlannerROS/dwa: True
 * /move_base/TrajectoryPlannerROS/escape_reset_dist: 0.1
 * /move_base/TrajectoryPlannerROS/escape_reset_theta: 0.1
 * /move_base/TrajectoryPlannerROS/escape_vel: -0.5
 * /move_base/TrajectoryPlannerROS/gdist_scale: 1.0
 * /move_base/TrajectoryPlannerROS/heading_lookahead: 0.325
 * /move_base/TrajectoryPlannerROS/heading_scoring: False
 * /move_base/TrajectoryPlannerROS/heading_scoring_timestep: 0.8
 * /move_base/TrajectoryPlannerROS/holonomic_robot: False
 * /move_base/TrajectoryPlannerROS/latch_xy_goal_tolerance: False
 * /move_base/TrajectoryPlannerROS/max_vel_theta: 1.57
 * /move_base/TrajectoryPlannerROS/max_vel_x: 0.5
 * /move_base/TrajectoryPlannerROS/meter_scoring: True
 * /move_base/TrajectoryPlannerROS/min_in_place_vel_theta: 0.314
 * /move_base/TrajectoryPlannerROS/min_vel_theta: -1.57
 * /move_base/TrajectoryPlannerROS/min_vel_x: 0.1
 * /move_base/TrajectoryPlannerROS/occdist_scale: 0.1
 * /move_base/TrajectoryPlannerROS/oscillation_reset_dist: 0.05
 * /move_base/TrajectoryPlannerROS/pdist_scale: 0.75
 * /move_base/TrajectoryPlannerROS/publish_cost_grid_pc: True
 * /move_base/TrajectoryPlannerROS/sim_granularity: 0.02
 * /move_base/TrajectoryPlannerROS/sim_time: 2.0
 * /move_base/TrajectoryPlannerROS/simple_attractor: False
 * /move_base/TrajectoryPlannerROS/vtheta_samples: 20
 * /move_base/TrajectoryPlannerROS/vx_samples: 6
 * /move_base/TrajectoryPlannerROS/xy_goal_tolerance: 0.25
 * /move_base/TrajectoryPlannerROS/yaw_goal_tolerance: 0.157
 * /move_base/base_global_planner: navfn/NavfnROS
 * /move_base/base_local_planner: base_local_planne...
 * /move_base/clearing_rotation_allowed: True
 * /move_base/controller_frequency: 20.0
 * /move_base/controller_patience: 15.0
 * /move_base/global_costmap/footprint: [[-0.21, -0.165],...
 * /move_base/global_costmap/footprint_padding: 0.1
 * /move_base/global_costmap/global_frame: map
 * /move_base/global_costmap/height: 40.0
 * /move_base/global_costmap/inflater_layer/inflation_radius: 0.3
 * /move_base/global_costmap/map_type: costmap
 * /move_base/global_costmap/meter_scoring: True
 * /move_base/global_costmap/obstacle_range: 2.5
 * /move_base/global_costmap/obstacles_layer/observation_sources: scan
 * /move_base/global_costmap/obstacles_layer/scan/clearing: True
 * /move_base/global_costmap/obstacles_layer/scan/data_type: LaserScan
 * /move_base/global_costmap/obstacles_layer/scan/marking: True
 * /move_base/global_costmap/obstacles_layer/scan/max_obstacle_height: 2.0
 * /move_base/global_costmap/obstacles_layer/scan/min_obstacle_height: -2.0
 * /move_base/global_costmap/obstacles_layer/scan/obstacle_range: 2.5
 * /move_base/global_costmap/obstacles_layer/scan/raytrace_range: 3.0
 * /move_base/global_costmap/obstacles_layer/scan/sensor_frame: front_laser
 * /move_base/global_costmap/obstacles_layer/scan/topic: front/scan
 * /move_base/global_costmap/origin_x: -20.0
 * /move_base/global_costmap/origin_y: -20.0
 * /move_base/global_costmap/origin_z: 0.0
 * /move_base/global_costmap/plugins: [{'name': 'static...
 * /move_base/global_costmap/publish_frequency: 5.0
 * /move_base/global_costmap/publish_voxel_map: False
 * /move_base/global_costmap/raytrace_range: 3.0
 * /move_base/global_costmap/resolution: 0.05
 * /move_base/global_costmap/robot_base_frame: base_link
 * /move_base/global_costmap/rolling_window: False
 * /move_base/global_costmap/static_map: True
 * /move_base/global_costmap/transform_tolerance: 0.5
 * /move_base/global_costmap/update_frequency: 20.0
 * /move_base/global_costmap/width: 40.0
 * /move_base/global_costmap/z_resolution: 1
 * /move_base/global_costmap/z_voxels: 2
 * /move_base/local_costmap/footprint: [[-0.21, -0.165],...
 * /move_base/local_costmap/footprint_padding: 0.1
 * /move_base/local_costmap/global_frame: map
 * /move_base/local_costmap/height: 10.0
 * /move_base/local_costmap/inflater_layer/inflation_radius: 0.3
 * /move_base/local_costmap/map_type: costmap
 * /move_base/local_costmap/meter_scoring: True
 * /move_base/local_costmap/obstacle_range: 2.5
 * /move_base/local_costmap/obstacles_layer/observation_sources: scan
 * /move_base/local_costmap/obstacles_layer/scan/clearing: True
 * /move_base/local_costmap/obstacles_layer/scan/data_type: LaserScan
 * /move_base/local_costmap/obstacles_layer/scan/marking: True
 * /move_base/local_costmap/obstacles_layer/scan/max_obstacle_height: 2.0
 * /move_base/local_costmap/obstacles_layer/scan/min_obstacle_height: -2.0
 * /move_base/local_costmap/obstacles_layer/scan/obstacle_range: 2.5
 * /move_base/local_costmap/obstacles_layer/scan/raytrace_range: 3.0
 * /move_base/local_costmap/obstacles_layer/scan/sensor_frame: front_laser
 * /move_base/local_costmap/obstacles_layer/scan/topic: front/scan
 * /move_base/local_costmap/origin_z: 0.0
 * /move_base/local_costmap/plugins: [{'name': 'obstac...
 * /move_base/local_costmap/publish_frequency: 5.0
 * /move_base/local_costmap/publish_voxel_map: False
 * /move_base/local_costmap/raytrace_range: 3.0
 * /move_base/local_costmap/resolution: 0.05
 * /move_base/local_costmap/robot_base_frame: base_link
 * /move_base/local_costmap/rolling_window: True
 * /move_base/local_costmap/static_map: False
 * /move_base/local_costmap/transform_tolerance: 0.5
 * /move_base/local_costmap/update_frequency: 20.0
 * /move_base/local_costmap/width: 10.0
 * /move_base/local_costmap/z_resolution: 1
 * /move_base/local_costmap/z_voxels: 2
 * /move_base/oscillation_distance: 0.5
 * /move_base/oscillation_timeout: 0.0
 * /move_base/planner_frequency: 20.0
 * /move_base/planner_patience: 5.0
 * /move_base/recovery_behavior_enabled: True
 * /move_base/shutdown_costmaps: False
 * /multi_floor_navigation_node/init_pose_offset_theta: 0
 * /multi_floor_navigation_node/init_pose_offset_x: 0
 * /multi_floor_navigation_node/init_pose_offset_y: 0
 * /multi_floor_navigation_node/region_init_backoff_factor: 1.3
 * /multi_floor_navigation_node/region_init_max_backoff: 2.0
 * /multi_floor_navigation_node/region_init_sigma_adaptive_alpha: 0.35
 * /multi_floor_navigation_node/region_init_sigma_min_scale: 0.03
 * /multi_floor_navigation_node/region_init_sigma_min_yaw: 0.02
 * /multi_floor_navigation_node/region_init_sigma_x: 0.15
 * /multi_floor_navigation_node/region_init_sigma_x_L0: 0.15
 * /multi_floor_navigation_node/region_init_sigma_x_L1: 0.2
 * /multi_floor_navigation_node/region_init_sigma_y: 0.15
 * /multi_floor_navigation_node/region_init_sigma_y_L0: 0.15
 * /multi_floor_navigation_node/region_init_sigma_y_L1: 0.2
 * /multi_floor_navigation_node/region_init_sigma_yaw: 0.1
 * /multi_floor_navigation_node/region_init_sigma_yaw_L0: 0.1
 * /multi_floor_navigation_node/region_init_sigma_yaw_L1: 0.12
 * /multi_floor_navigation_node/reloc_min_check_delay_L0: 6.0
 * /multi_floor_navigation_node/reloc_min_check_delay_L1: 12.0
 * /multi_floor_navigation_node/reloc_min_check_delay_sec: 6.0
 * /robot_description: <?xml version="1....
 * /rosdistro: noetic
 * /rosversion: 1.17.0
 * /twist_marker_server/link_name: base_link
 * /twist_mux/locks: [{'name': 'e_stop...
 * /twist_mux/topics: [{'name': 'joy', ...
 * /use_gui: True
 * /use_sim_time: True

NODES
  /
    amcl (amcl/amcl)
    change_map_node (multi_floor_nav/change_map_node)
    controller_spawner (controller_manager/spawner)
    ekf_localization (robot_localization/ekf_localization_node)
    gazebo (gazebo_ros/gzserver)
    map_server0 (map_server/map_server)
    map_server1 (map_server/map_server)
    move_base (move_base/move_base)
    multi_floor_navigation_node (multi_floor_nav/multi_floor_navigation_node)
    robot_state_publisher (robot_state_publisher/robot_state_publisher)
    rviz (rviz/rviz)
    twist_marker_server (interactive_marker_twist_server/marker_server)
    twist_mux (twist_mux/twist_mux)
    urdf_spawner (gazebo_ros/spawn_model)
[ INFO] [1774964062.598660166]: Finished loading Gazebo ROS API Plugin.
[ INFO] [1774964062.603900348]: waitForService: Service [/gazebo/set_physics_properties] has not been advertised, waiting...
[1;33mWarning [Model.cc:216][0m Non-unique name[door] detected 2 times in XML children of model with name[elevator].
[1;33mWarning [Model.cc:309][0m Joint with name [door] in model with name [elevator] has a name collision, changing joint name to [door_joint].
[ INFO] [1774964064.140038125]: waitForService: Service [/gazebo/set_physics_properties] is now available.
[ INFO] [1774964064.155327546]: Physics dynamic reconfigure ready.
[1;33mWarning [parser_urdf.cc:1161][0m multiple inconsistent <gravity> exists due to fixed joint reduction overwriting previous value [true] with [false].
[1;33mWarning [parser_urdf.cc:1161][0m multiple inconsistent <gravity> exists due to fixed joint reduction overwriting previous value [false] with [true].
[ERROR] [1774964064.922609387, 1055.096000000]: No p gain specified for pid.  Namespace: /gazebo_ros_control/pid_gains/front_left_wheel
[ERROR] [1774964064.923108046, 1055.096000000]: No p gain specified for pid.  Namespace: /gazebo_ros_control/pid_gains/front_right_wheel
[ERROR] [1774964064.923547341, 1055.096000000]: No p gain specified for pid.  Namespace: /gazebo_ros_control/pid_gains/rear_left_wheel
[ERROR] [1774964064.923975741, 1055.096000000]: No p gain specified for pid.  Namespace: /gazebo_ros_control/pid_gains/rear_right_wheel
[ WARN] [1774964064.977711575, 1055.097000000]: Failed to meet update rate! Took 1055.09699999999998
[ WARN] [1774964064.978699325, 1055.098000000]: Timed out waiting for transform from base_link to map to become available before running costmap, tf error: canTransform: target_frame map does not exist. canTransform: source_frame base_link does not exist.. canTransform returned after 1055.1 timeout was 0.1.
[ WARN] [1774964064.978838028, 1055.098000000]: Failed to meet update rate! Took 1055.0779999999999745
[ WARN] [1774964065.351255269]: Interactive marker 'robot_twist_marker' contains unnormalized quaternions. This warning will only be output once but may be true for others; enable DEBUG messages for ros.rviz.quaternions to see more details.
[ WARN] [1774964066.376898756, 1056.484000000]: global_costmap: Pre-Hydro parameter "static_map" unused since "plugins" is provided
[ WARN] [1774964066.377570689, 1056.484000000]: global_costmap: Pre-Hydro parameter "map_type" unused since "plugins" is provided
[ WARN] [1774964097.373790452, 1087.135000000]: local_costmap: Pre-Hydro parameter "static_map" unused since "plugins" is provided
[ WARN] [1774964097.374074562, 1087.136000000]: local_costmap: Pre-Hydro parameter "map_type" unused since "plugins" is provided
[ WARN] [1774964097.420792123, 1087.182000000]: Parameter pdist_scale is deprecated. Please use the name path_distance_bias instead.
[ WARN] [1774964097.421389676, 1087.182000000]: Parameter gdist_scale is deprecated. Please use the name goal_distance_bias instead.
[ INFO] [1774964062.258382187]: [Multi Floor Nav] Module A sigma: L0=(0.150,0.150,0.100) L1=(0.200,0.200,0.120)
[ INFO] [1774964062.259006419]: [Multi Floor Nav] Module A delay: L0=6.0s  L1=12.0s  backoff: factor=1.30 max=2.00
[ INFO] [1774964097.137479435, 1086.900000000]: [Multi Floor Nav] Successfully loaded map for level: 0
[ INFO] [1774964097.327487671, 1087.089000000]: [Multi Floor Nav] Adaptive sigma: no offset detected, sigma set to 0 (single-point init)
[ INFO] [1774964097.327518680, 1087.089000000]: [Multi Floor Nav] Initializing Robot at x: 5.0, y: -0.5, yaw: 0.0 (level=0, sigma: x=0.000, y=0.000, yaw=0.000, retry=0)
[ INFO] [1774964097.327555975, 1087.089000000]: [Multi Floor Nav] Initializing Pose to x: 5.00, y: -0.50 at level: 0
[ INFO] [1774964098.342020173, 1088.093000000]: [Multi Floor Nav] Waiting for AMCL nomotion updates (1.0/6.0s, L0)...
[ INFO] [1774964099.556100497, 1089.292000000]: [Multi Floor Nav] Waiting for AMCL nomotion updates (2.2/6.0s, L0)...
[ INFO] [1774964100.561999388, 1090.292000000]: [Multi Floor Nav] Waiting for AMCL nomotion updates (3.2/6.0s, L0)...
[ INFO] [1774964101.773312669, 1091.491000000]: [Multi Floor Nav] Waiting for AMCL nomotion updates (4.4/6.0s, L0)...
[ INFO] [1774964102.787288329, 1092.492000000]: [Multi Floor Nav] Waiting for AMCL nomotion updates (5.4/6.0s, L0)...
[ INFO] [1774964103.395141422, 1093.092000000]: [Multi Floor Nav] Current Robot Pose, x: 5.00, y: -0.50, yaw: -0.00
[ INFO] [1774964103.395168031, 1093.092000000]: [Multi Floor Nav] Linear Error: 0.00, Angular Error: 0.00
[ INFO] [1774964103.395181022, 1093.092000000]: [Multi Floor Nav] Robot at correct pose
[ INFO] [1774964103.396462170, 1093.093000000]: [Multi Floor Nav] RELOC_PASS: linear_error=0.0006, angular_error=0.0010, linear_error_init=0.0006, angular_error_init=0.0010, tr_sigma=0.3952, C_t=0.6736
[ INFO] [1774964104.414895910, 1094.093000000]: [Multi Floor Nav] POST_PASS: dt=1.000s, linear_error=0.0007, angular_error=0.0005
[ INFO] [1774964104.414951293, 1094.093000000]: [Multi Floor Nav] Will send goal to x: 3, y: -0, at level: 0
[ INFO] [1774964104.414979369, 1094.093000000]: [Multi Floor Nav] Sending Robot to x: 3.0, y: -0.5, yaw: 3.1
[ INFO] [1774964104.618749448, 1094.293000000]: [Multi Floor Nav] POST_PASS: dt=1.200s, linear_error=0.0007, angular_error=0.0005
[ INFO] [1774964104.821403411, 1094.493000000]: [Multi Floor Nav] POST_PASS: dt=1.400s, linear_error=0.0007, angular_error=0.0005
[ INFO] [1774964105.025157217, 1094.693000000]: [Multi Floor Nav] POST_PASS: dt=1.600s, linear_error=0.0016, angular_error=0.4264
[ INFO] [1774964105.226880417, 1094.893000000]: [Multi Floor Nav] POST_PASS: dt=1.800s, linear_error=0.0059, angular_error=0.8529
[ INFO] [1774964105.428446966, 1095.093000000]: [Multi Floor Nav] POST_PASS: dt=2.000s, linear_error=0.0284, angular_error=1.2909
[ INFO] [1774964121.655665676, 1111.093000000]: [Multi Floor Nav] Requesting Lift to Level 0
[ INFO] [1774964121.856603681, 1111.293000000]: [Multi Floor Nav] Entering Lift at Level 0
[ INFO] [1774964139.181904568, 1128.493000000]: [Multi Floor Nav] Requesting Lift to Level 1
[ INFO] [1774964146.245655340, 1135.493000000]: [Multi Floor Nav] Exiting Lift at Level 1
[ INFO] [1774964158.799144012, 1147.900000000]: [Multi Floor Nav] Successfully loaded map for level: 1
[ INFO] [1774964158.999293693, 1148.097000000]: [Multi Floor Nav] Adaptive sigma: no offset detected, sigma set to 0 (single-point init)
[ INFO] [1774964158.999349426, 1148.097000000]: [Multi Floor Nav] Initializing Robot at x: 3.0, y: -0.5, yaw: 3.1 (level=1, sigma: x=0.000, y=0.000, yaw=0.000, retry=0)
[ INFO] [1774964158.999454465, 1148.097000000]: [Multi Floor Nav] Initializing Pose to x: 3.00, y: -0.50 at level: 1
[ INFO] [1774964160.023247092, 1149.100000000]: [Multi Floor Nav] Waiting for AMCL nomotion updates (1.0/12.0s, L1)...
[ INFO] [1774964161.237873056, 1150.300000000]: [Multi Floor Nav] Waiting for AMCL nomotion updates (2.2/12.0s, L1)...
[ INFO] [1774964162.252114178, 1151.301000000]: [Multi Floor Nav] Waiting for AMCL nomotion updates (3.2/12.0s, [ WARN] [1774964167.769116307, 1156.761000000]: The origin for the sensor at (2.91, 0.06) is out of map bounds. So, the costmap cannot raytrace for it.
[ WARN] [1774964172.409335508, 1161.362000000]: The origin for the sensor at (5.90, 5.13) is out of map bounds. So, the costmap cannot raytrace for it.
L1)...
[ INFO] [1774964163.264001047, 1152.301000000]: [Multi Floor Nav] Waiting for AMCL nomotion updates (4.2/12.0s, L1)...
[ INFO] [1774964164.471805815, 1153.499000000]: [Multi Floor Nav] Waiting for AMCL nomotion updates (5.4/12.0s, L1)...
[ INFO] [1774964165.480863501, 1154.500000000]: [Multi Floor Nav] Waiting for AMCL nomotion updates (6.4/12.0s, L1)...
[ INFO] [1774964166.699062887, 1155.699000000]: [Multi Floor Nav] Waiting for AMCL nomotion updates (7.6/12.0s, L1)...
[ INFO] [1774964167.705817426, 1156.699000000]: [Multi Floor Nav] Waiting for AMCL nomotion updates (8.6/12.0s, L1)...
[ INFO] [1774964168.715452717, 1157.699000000]: [Multi Floor Nav] Waiting for AMCL nomotion updates (9.6/12.0s, L1)...
[ INFO] [1774964169.727229991, 1158.701000000]: [Multi Floor Nav] Waiting for AMCL nomotion updates (10.6/12.0s, L1)...
[ INFO] [1774964170.933440767, 1159.900000000]: [Multi Floor Nav] Waiting for AMCL nomotion updates (11.8/12.0s, L1)...
[ INFO] [1774964171.136396311, 1160.101000000]: [Multi Floor Nav] Current Robot Pose, x: 5.78, y: 5.10, yaw: 0.25
[ INFO] [1774964171.136446526, 1160.101000000]: [Multi Floor Nav] Linear Error: 6.25, Angular Error: 2.90
[ INFO] [1774964171.136487871, 1160.101000000]: [Multi Floor Nav] Setting initial pose failed. Will Retry (retry #1)
[ INFO] [1774964171.338745991, 1160.301000000]: [Multi Floor Nav] Adaptive sigma: no offset detected, sigma set to 0 (single-point init)
[ INFO] [1774964171.338774625, 1160.301000000]: [Multi Floor Nav] Initializing Robot at x: 3.0, y: -0.5, yaw: 3.1 (level=1, sigma: x=0.000, y=0.000, yaw=0.000, retry=1)
[ INFO] [1774964171.338798162, 1160.301000000]: [Multi Floor Nav] Initializing Pose to x: 3.00, y: -0.50 at level: 1
[ INFO] [1774964172.351391901, 1161.303000000]: [Multi Floor Nav] Waiting for AMCL nomotion updates (1.0/12.0s, L1)...
[ INFO] [1774964173.356755851, 1162.303000000]: [Multi Floor Nav] Waiting for AMCL nomotion updates (2.0/12.0s, L1)...
[ INFO] [1774964174.372772358, 1163.303000000]: [Multi Floor Nav] Waiting for AMCL nomotion updates (3.0/12.0s, L1)...
[ INFO] [1774964175.389982209, 1164.303000000]: [Multi Floor Nav] Waiting for AMCL nomotion updates (4.0/12.0s, L1)...
[ INFO] [1774964176.401230287, 1165.303000000]: [Multi Floor Nav] Waiting for AMCL nomotion updates (5.0/12.0s, L1)...
[ INFO] [1774964177.418782748, 1166.303000000]: [Multi Floor Nav] Waiting for AMCL nomotion updates (6.0/12.0s, L1)...
[ INFO] [1774964178.438267183, 1167.303000000]: [Multi Floor Nav] Waiting for AMCL nomotion updates (7.0/12.0s, L1)...
[ INFO] [1774964179.458427517, 1168.303000000]: [Multi Floor Nav] Waiting for AMCL nomotion updates (8.0/12.0s, L1)...
[ INFO] [1774964180.475886982, 1169.305000000]: [Multi Floor Nav] Waiting for AMCL nomotion updates (9.0/12.0s, L1)...
[ INFO] [1774964181.699697995, 1170.503000000]: [Multi Floor Nav] Waiting for AMCL nomotion updates (10.2/12.0s, L1)...
[ INFO] [1774964182.719151785, 1171.504000000]: [Multi Floor Nav] Waiting for AMCL nomotion updates (11.2/12.0s, L1)...
[ INFO] [1774964183.535713186, 1172.303000000]: [Multi Floor Nav] Current Robot Pose, x: 3.00, y: -0.50, yaw: 3.13
[ INFO] [1774964183.535734278, 1172.303000000]: [Multi Floor Nav] Linear Error: 0.00, Angular Error: 0.01
[ INFO] [1774964183.535742240, 1172.303000000]: [Multi Floor Nav] Robot at correct pose
[ INFO] [1774964183.536987698, 1172.305000000]: [Multi Floor Nav] RELOC_PASS: linear_error=0.0030, angular_error=0.0079, linear_error_init=0.0030, angular_error_init=0.0079, tr_sigma=0.2148, C_t=0.8067
[ INFO] [1774964184.558829158, 1173.306000000]: [Multi Floor Nav] POST_PASS: dt=1.000s, linear_error=0.0030, angular_error=0.0079
[ INFO] [1774964184.558852974, 1173.306000000]: [Multi Floor Nav] Will send goal to x: 4, y: 5, at level: 1
[ INFO] [1774964184.558864008, 1173.306000000]: [Multi Floor Nav] Sending Robot to x: 4.0, y: 5.0, yaw: 0.0
[ INFO] [1774964184.762653339, 1173.505000000]: [Multi Floor Nav] POST_PASS: dt=1.200s, linear_error=0.0030, angular_error=0.0079
[ INFO] [1774964184.966384493, 1173.705000000]: [Multi Floor Nav] POST_PASS: dt=1.400s, linear_error=0.1121, angular_error=0.1877
[ INFO] [1774964185.170601173, 1173.905000000]: [Multi Floor Nav] POST_PASS: dt=1.600s, linear_error=0.1121, angular_error=0.1877
[ INFO] [1774964185.374374437, 1174.105000000]: [Multi Floor Nav] POST_PASS: dt=1.800s, linear_error=0.2220, angular_error=0.4335
[ INFO] [1774964185.580039181, 1174.305000000]: [Multi Floor Nav] POST_PASS: dt=2.000s, linear_error=0.3367, angular_error=0.7816
[ INFO] [1774964207.803021786, 1196.105000000]: [Multi Floor Nav] Robot arrived at Goal
[ INFO] [1774964066.379259146, 1056.486000000]: global_costmap: Using plugin "static_layer"
[ INFO] [1774964066.383661315, 1056.491000000]: Requesting the map...
[ INFO] [1774964097.230623395, 1086.993000000]: Resizing costmap to 992 X 992 at 0.020000 m/pix
[ INFO] [1774964097.330355169, 1087.092000000]: Received a 992 X 992 map at 0.020000 m/pix
[ INFO] [1774964097.335754373, 1087.097000000]: global_costmap: Using plugin "obstacles_layer"
[ INFO] [1774964097.339982987, 1087.102000000]:     Subscribed to Topics: scan
[ INFO] [1774964097.350634522, 1087.112000000]: global_costmap: Using plugin "inflater_layer"
[ INFO] [1774964097.374509177, 1087.136000000]: local_costmap: Using plugin "obstacles_layer"
[ INFO] [1774964097.377126647, 1087.139000000]:     Subscribed to Topics: scan
[ INFO] [1774964097.385667263, 1087.147000000]: local_costmap: Using plugin "inflater_layer"
[ INFO] [1774964097.407124470, 1087.168000000]: Created local_planner base_local_planner/TrajectoryPlannerROS
[ INFO] [1774964097.418316149, 1087.179000000]: Sim period is set to 0.05
[ INFO] [1774964097.515702271, 1087.276000000]: Recovery behavior will clear layer 'obstacles'
[ INFO] [1774964097.519435299, 1087.280000000]: Recovery behavior will clear layer 'obstacles'
[ INFO] [1774964097.640363637, 1087.399000000]: odom received!

auto-starting new master
[1mprocess[master]: started with pid [31785][0m
[1mROS_MASTER_URI=http://localhost:11311[0m
]2;/home/eethanhe/catkin_ws/src/robot-multi-floor-navigation/multi_floor_nav/launch/nav.launch http://localhost:11311
[1msetting /run_id to 53159fe0-2d06-11f1-8422-679edff71d44[0m
[1mprocess[rosout-1]: started with pid [31810][0m
started core service [/rosout]
[1mprocess[gazebo-2]: started with pid [31817][0m
[1mprocess[robot_state_publisher-3]: started with pid [31821][0m
[1mprocess[controller_spawner-4]: started with pid [31823][0m
[1mprocess[ekf_localization-5]: started with pid [31824][0m
[1mprocess[twist_mux-6]: started with pid [31825][0m
[1mprocess[twist_marker_server-7]: started with pid [31830][0m
[1mprocess[urdf_spawner-8]: started with pid [31836][0m
[1mprocess[map_server0-9]: started with pid [31843][0m
[1mprocess[map_server1-10]: started with pid [31849][0m
[1mprocess[amcl-11]: started with pid [31851][0m
[1mprocess[move_base-12]: started with pid [31853][0m
[1mprocess[rviz-13]: started with pid [31860][0m
[1mprocess[change_map_node-14]: started with pid [31864][0m
[1mprocess[multi_floor_navigation_node-15]: started with pid [31872][0m
[1m[urdf_spawner-8] process has finished cleanly
log file: /home/eethanhe/.ros/log/53159fe0-2d06-11f1-8422-679edff71d44/urdf_spawner-8*.log[0m
[multi_floor_navigation_node-15] killing on exit
[change_map_node-14] killing on exit
[rviz-13] killing on exit
[move_base-12] killing on exit
[amcl-11] killing on exit
[map_server1-10] killing on exit
[map_server0-9] killing on exit
[twist_marker_server-7] killing on exit
[twist_mux-6] killing on exit
[ekf_localization-5] killing on exit
[controller_spawner-4] killing on exit
[robot_state_publisher-3] killing on exit
[gazebo-2] killing on exit
[rosout-1] killing on exit
[master] killing on exit
shutting down processing monitor...
... shutting down processing monitor complete
[1mdone[0m
