xacro: in-order processing became default in ROS Melodic. You can drop the option.
... logging to /home/eethanhe/.ros/log/bf0cb538-2be1-11f1-8d1e-01badb8e21cf/roslaunch-eethanhe-Lenovo-Legion-R9000P2021H-60379.log
Checking log directory for disk usage. This may take a while.
Press Ctrl-C to interrupt
Done checking log file disk usage. Usage is <1GB.
]2;/home/eethanhe/catkin_ws/src/robot-multi-floor-navigation/multi_floor_nav/launch/nav.launch
[1mstarted roslaunch server http://eethanhe-Lenovo-Legion-R9000P2021H:36997/[0m

SUMMARY
========

PARAMETERS
 * /amcl/auto_update_noise: 0.0
 * /amcl/base_frame_id: base_link
 * /amcl/expected_laser_freq: 5.0
 * /amcl/first_map_only: False
 * /amcl/global_frame_id: map
 * /amcl/gui_publish_rate: 10.0
 * /amcl/initial_pose_a: 0.0
 * /amcl/initial_pose_x: 0.0
 * /amcl/initial_pose_y: 0.0
 * /amcl/kld_err: 0.05
 * /amcl/kld_z: 0.99
 * /amcl/laser_lambda_short: 0.1
 * /amcl/laser_likelihood_max_dist: 2.0
 * /amcl/laser_max_beams: 720
 * /amcl/laser_max_range: 30.0
 * /amcl/laser_min_range: 0.1
 * /amcl/laser_model_type: likelihood_field
 * /amcl/laser_sigma_hit: 0.2
 * /amcl/laser_z_hit: 0.5
 * /amcl/laser_z_max: 0.05
 * /amcl/laser_z_rand: 0.5
 * /amcl/laser_z_short: 0.05
 * /amcl/max_particles: 2000
 * /amcl/min_particles: 500
 * /amcl/odom_alpha1: 0.2
 * /amcl/odom_alpha2: 0.2
 * /amcl/odom_alpha3: 0.2
 * /amcl/odom_alpha4: 0.2
 * /amcl/odom_alpha5: 0.1
 * /amcl/odom_frame_id: odom
 * /amcl/odom_model_type: diff
 * /amcl/odom_update_interval: 0.1
 * /amcl/recovery_alpha_fast: 0.1
 * /amcl/recovery_alpha_slow: 0.001
 * /amcl/resample_interval: 1
 * /amcl/transform_tolerance: 1.0
 * /amcl/update_min_a: 0.3927
 * /amcl/update_min_d: 0.1
 * /amcl/use_map_topic: False
 * /ekf_localization/base_link_frame: base_link
 * /ekf_localization/frequency: 50
 * /ekf_localization/imu0: /imu/data
 * /ekf_localization/imu0_config: [False, False, Fa...
 * /ekf_localization/imu0_differential: False
 * /ekf_localization/odom0: /jackal_velocity_...
 * /ekf_localization/odom0_config: [False, False, Fa...
 * /ekf_localization/odom0_differential: False
 * /ekf_localization/odom_frame: odom
 * /ekf_localization/predict_to_current_time: True
 * /ekf_localization/world_frame: odom
 * /gazebo/enable_ros_network: True
 * /jackal_joint_publisher/publish_rate: 50
 * /jackal_joint_publisher/type: joint_state_contr...
 * /jackal_velocity_controller/angular/z/has_acceleration_limits: True
 * /jackal_velocity_controller/angular/z/has_velocity_limits: True
 * /jackal_velocity_controller/angular/z/max_acceleration: 25.0
 * /jackal_velocity_controller/angular/z/max_velocity: 4.0
 * /jackal_velocity_controller/cmd_vel_timeout: 0.25
 * /jackal_velocity_controller/enable_odom_tf: False
 * /jackal_velocity_controller/k_l: 0.1
 * /jackal_velocity_controller/k_r: 0.1
 * /jackal_velocity_controller/left_wheel: ['front_left_whee...
 * /jackal_velocity_controller/linear/x/has_acceleration_limits: True
 * /jackal_velocity_controller/linear/x/has_velocity_limits: True
 * /jackal_velocity_controller/linear/x/max_acceleration: 20.0
 * /jackal_velocity_controller/linear/x/max_velocity: 2.0
 * /jackal_velocity_controller/pose_covariance_diagonal: [0.001, 0.001, 10...
 * /jackal_velocity_controller/publish_cmd: True
 * /jackal_velocity_controller/publish_rate: 50
 * /jackal_velocity_controller/right_wheel: ['front_right_whe...
 * /jackal_velocity_controller/twist_covariance_diagonal: [0.001, 0.001, 0....
 * /jackal_velocity_controller/type: diff_drive_contro...
 * /jackal_velocity_controller/wheel_radius_multiplier: 1.0
 * /jackal_velocity_controller/wheel_separation_multiplier: 1.5
 * /move_base/NavfnROS/allow_unknown: True
 * /move_base/TrajectoryPlannerROS/acc_lim_theta: 20.0
 * /move_base/TrajectoryPlannerROS/acc_lim_x: 10.0
 * /move_base/TrajectoryPlannerROS/angular_sim_granularity: 0.02
 * /move_base/TrajectoryPlannerROS/controller_frequency: 20.0
 * /move_base/TrajectoryPlannerROS/dwa: True
 * /move_base/TrajectoryPlannerROS/escape_reset_dist: 0.1
 * /move_base/TrajectoryPlannerROS/escape_reset_theta: 0.1
 * /move_base/TrajectoryPlannerROS/escape_vel: -0.5
 * /move_base/TrajectoryPlannerROS/gdist_scale: 1.0
 * /move_base/TrajectoryPlannerROS/heading_lookahead: 0.325
 * /move_base/TrajectoryPlannerROS/heading_scoring: False
 * /move_base/TrajectoryPlannerROS/heading_scoring_timestep: 0.8
 * /move_base/TrajectoryPlannerROS/holonomic_robot: False
 * /move_base/TrajectoryPlannerROS/latch_xy_goal_tolerance: False
 * /move_base/TrajectoryPlannerROS/max_vel_theta: 1.57
 * /move_base/TrajectoryPlannerROS/max_vel_x: 0.5
 * /move_base/TrajectoryPlannerROS/meter_scoring: True
 * /move_base/TrajectoryPlannerROS/min_in_place_vel_theta: 0.314
 * /move_base/TrajectoryPlannerROS/min_vel_theta: -1.57
 * /move_base/TrajectoryPlannerROS/min_vel_x: 0.1
 * /move_base/TrajectoryPlannerROS/occdist_scale: 0.1
 * /move_base/TrajectoryPlannerROS/oscillation_reset_dist: 0.05
 * /move_base/TrajectoryPlannerROS/pdist_scale: 0.75
 * /move_base/TrajectoryPlannerROS/publish_cost_grid_pc: True
 * /move_base/TrajectoryPlannerROS/sim_granularity: 0.02
 * /move_base/TrajectoryPlannerROS/sim_time: 2.0
 * /move_base/TrajectoryPlannerROS/simple_attractor: False
 * /move_base/TrajectoryPlannerROS/vtheta_samples: 20
 * /move_base/TrajectoryPlannerROS/vx_samples: 6
 * /move_base/TrajectoryPlannerROS/xy_goal_tolerance: 0.25
 * /move_base/TrajectoryPlannerROS/yaw_goal_tolerance: 0.157
 * /move_base/base_global_planner: navfn/NavfnROS
 * /move_base/base_local_planner: base_local_planne...
 * /move_base/clearing_rotation_allowed: True
 * /move_base/controller_frequency: 20.0
 * /move_base/controller_patience: 15.0
 * /move_base/global_costmap/footprint: [[-0.21, -0.165],...
 * /move_base/global_costmap/footprint_padding: 0.1
 * /move_base/global_costmap/global_frame: map
 * /move_base/global_costmap/height: 40.0
 * /move_base/global_costmap/inflater_layer/inflation_radius: 0.3
 * /move_base/global_costmap/map_type: costmap
 * /move_base/global_costmap/meter_scoring: True
 * /move_base/global_costmap/obstacle_range: 2.5
 * /move_base/global_costmap/obstacles_layer/observation_sources: scan
 * /move_base/global_costmap/obstacles_layer/scan/clearing: True
 * /move_base/global_costmap/obstacles_layer/scan/data_type: LaserScan
 * /move_base/global_costmap/obstacles_layer/scan/marking: True
 * /move_base/global_costmap/obstacles_layer/scan/max_obstacle_height: 2.0
 * /move_base/global_costmap/obstacles_layer/scan/min_obstacle_height: -2.0
 * /move_base/global_costmap/obstacles_layer/scan/obstacle_range: 2.5
 * /move_base/global_costmap/obstacles_layer/scan/raytrace_range: 3.0
 * /move_base/global_costmap/obstacles_layer/scan/sensor_frame: front_laser
 * /move_base/global_costmap/obstacles_layer/scan/topic: front/scan
 * /move_base/global_costmap/origin_x: -20.0
 * /move_base/global_costmap/origin_y: -20.0
 * /move_base/global_costmap/origin_z: 0.0
 * /move_base/global_costmap/plugins: [{'name': 'static...
 * /move_base/global_costmap/publish_frequency: 5.0
 * /move_base/global_costmap/publish_voxel_map: False
 * /move_base/global_costmap/raytrace_range: 3.0
 * /move_base/global_costmap/resolution: 0.05
 * /move_base/global_costmap/robot_base_frame: base_link
 * /move_base/global_costmap/rolling_window: False
 * /move_base/global_costmap/static_map: True
 * /move_base/global_costmap/transform_tolerance: 0.5
 * /move_base/global_costmap/update_frequency: 20.0
 * /move_base/global_costmap/width: 40.0
 * /move_base/global_costmap/z_resolution: 1
 * /move_base/global_costmap/z_voxels: 2
 * /move_base/local_costmap/footprint: [[-0.21, -0.165],...
 * /move_base/local_costmap/footprint_padding: 0.1
 * /move_base/local_costmap/global_frame: map
 * /move_base/local_costmap/height: 10.0
 * /move_base/local_costmap/inflater_layer/inflation_radius: 0.3
 * /move_base/local_costmap/map_type: costmap
 * /move_base/local_costmap/meter_scoring: True
 * /move_base/local_costmap/obstacle_range: 2.5
 * /move_base/local_costmap/obstacles_layer/observation_sources: scan
 * /move_base/local_costmap/obstacles_layer/scan/clearing: True
 * /move_base/local_costmap/obstacles_layer/scan/data_type: LaserScan
 * /move_base/local_costmap/obstacles_layer/scan/marking: True
 * /move_base/local_costmap/obstacles_layer/scan/max_obstacle_height: 2.0
 * /move_base/local_costmap/obstacles_layer/scan/min_obstacle_height: -2.0
 * /move_base/local_costmap/obstacles_layer/scan/obstacle_range: 2.5
 * /move_base/local_costmap/obstacles_layer/scan/raytrace_range: 3.0
 * /move_base/local_costmap/obstacles_layer/scan/sensor_frame: front_laser
 * /move_base/local_costmap/obstacles_layer/scan/topic: front/scan
 * /move_base/local_costmap/origin_z: 0.0
 * /move_base/local_costmap/plugins: [{'name': 'obstac...
 * /move_base/local_costmap/publish_frequency: 5.0
 * /move_base/local_costmap/publish_voxel_map: False
 * /move_base/local_costmap/raytrace_range: 3.0
 * /move_base/local_costmap/resolution: 0.05
 * /move_base/local_costmap/robot_base_frame: base_link
 * /move_base/local_costmap/rolling_window: True
 * /move_base/local_costmap/static_map: False
 * /move_base/local_costmap/transform_tolerance: 0.5
 * /move_base/local_costmap/update_frequency: 20.0
 * /move_base/local_costmap/width: 10.0
 * /move_base/local_costmap/z_resolution: 1
 * /move_base/local_costmap/z_voxels: 2
 * /move_base/oscillation_distance: 0.5
 * /move_base/oscillation_timeout: 0.0
 * /move_base/planner_frequency: 20.0
 * /move_base/planner_patience: 5.0
 * /move_base/recovery_behavior_enabled: True
 * /move_base/shutdown_costmaps: False
 * /multi_floor_navigation_node/init_pose_offset_theta: 0.2
 * /multi_floor_navigation_node/init_pose_offset_x: 0.4
 * /multi_floor_navigation_node/init_pose_offset_y: 0.4
 * /multi_floor_navigation_node/region_init_backoff_factor: 1.3
 * /multi_floor_navigation_node/region_init_max_backoff: 2.0
 * /multi_floor_navigation_node/region_init_sigma_adaptive_alpha: 0.5
 * /multi_floor_navigation_node/region_init_sigma_min_scale: 0.03
 * /multi_floor_navigation_node/region_init_sigma_min_yaw: 0.02
 * /multi_floor_navigation_node/region_init_sigma_x: 0.15
 * /multi_floor_navigation_node/region_init_sigma_x_L0: 0.15
 * /multi_floor_navigation_node/region_init_sigma_x_L1: 0.2
 * /multi_floor_navigation_node/region_init_sigma_y: 0.15
 * /multi_floor_navigation_node/region_init_sigma_y_L0: 0.15
 * /multi_floor_navigation_node/region_init_sigma_y_L1: 0.2
 * /multi_floor_navigation_node/region_init_sigma_yaw: 0.1
 * /multi_floor_navigation_node/region_init_sigma_yaw_L0: 0.1
 * /multi_floor_navigation_node/region_init_sigma_yaw_L1: 0.12
 * /multi_floor_navigation_node/reloc_min_check_delay_L0: 6.0
 * /multi_floor_navigation_node/reloc_min_check_delay_L1: 12.0
 * /multi_floor_navigation_node/reloc_min_check_delay_sec: 6.0
 * /robot_description: <?xml version="1....
 * /rosdistro: noetic
 * /rosversion: 1.17.0
 * /twist_marker_server/link_name: base_link
 * /twist_mux/locks: [{'name': 'e_stop...
 * /twist_mux/topics: [{'name': 'joy', ...
 * /use_gui: True
 * /use_sim_time: True

NODES
  /
    amcl (amcl/amcl)
    change_map_node (multi_floor_nav/change_map_node)
    controller_spawner (controller_manager/spawner)
    ekf_localization (robot_localization/ekf_localization_node)
    gazebo (gazebo_ros/gzserver)
    map_server0 (map_server/map_server)
    map_server1 (map_server/map_server)
    move_base (move_base/move_base)
    multi_floor_navigation_node (multi_floor_nav/multi_floor_navigation_node)
    robot_state_publisher (robot_state_publisher/robot_state_publisher)
    rviz (rviz/rviz)
    twist_marker_server (interactive_marker_twist_server/marker_server)
    twist_mux (twist_mux/twist_mux)
    urdf_spawner (gazebo_ros/spawn_model)
[ INFO] [1774838401.125173364]: Finished loading Gazebo ROS API Plugin.
[ INFO] [1774838401.130509627]: waitForService: Service [/gazebo/set_physics_properties] has not been advertised, waiting...
[1;33mWarning [Model.cc:216][0m Non-unique name[door] detected 2 times in XML children of model with name[elevator].
[1;33mWarning [Model.cc:309][0m Joint with name [door] in model with name [elevator] has a name collision, changing joint name to [door_joint].
[ INFO] [1774838402.523468887]: waitForService: Service [/gazebo/set_physics_properties] is now available.
[ INFO] [1774838402.542887795]: Physics dynamic reconfigure ready.
[1;33mWarning [parser_urdf.cc:1161][0m multiple inconsistent <gravity> exists due to fixed joint reduction overwriting previous value [true] with [false].
[1;33mWarning [parser_urdf.cc:1161][0m multiple inconsistent <gravity> exists due to fixed joint reduction overwriting previous value [false] with [true].
[ERROR] [1774838403.144933161, 1054.896000000]: No p gain specified for pid.  Namespace: /gazebo_ros_control/pid_gains/front_left_wheel
[ERROR] [1774838403.145336492, 1054.896000000]: No p gain specified for pid.  Namespace: /gazebo_ros_control/pid_gains/front_right_wheel
[ERROR] [1774838403.145789968, 1054.896000000]: No p gain specified for pid.  Namespace: /gazebo_ros_control/pid_gains/rear_left_wheel
[ERROR] [1774838403.146177725, 1054.896000000]: No p gain specified for pid.  Namespace: /gazebo_ros_control/pid_gains/rear_right_wheel
[ WARN] [1774838403.188361128, 1054.897000000]: Failed to meet update rate! Took 1054.8969999999999345
[ WARN] [1774838403.189441497, 1054.898000000]: Timed out waiting for transform from base_link to map to become available before running costmap, tf error: canTransform: target_frame map does not exist. canTransform: source_frame base_link does not exist.. canTransform returned after 1054.9 timeout was 0.1.
[ WARN] [1774838403.189678607, 1054.898000000]: Failed to meet update rate! Took 1054.8779999999999291
[ WARN] [1774838403.449560995]: Interactive marker 'robot_twist_marker' contains unnormalized quaternions. This warning will only be output once but may be true for others; enable DEBUG messages for ros.rviz.quaternions to see more details.
[ WARN] [1774838404.464840536, 1056.161000000]: global_costmap: Pre-Hydro parameter "static_map" unused since "plugins" is provided
[ WARN] [1774838404.465078134, 1056.161000000]: global_costmap: Pre-Hydro parameter "map_type" unused since "plugins" is provided
[ WARN] [1774838435.894095328, 1087.191000000]: [Multi Floor Nav] Initial pose perturbation applied: offset_x=0.40, offset_y=0.40, offset_theta=0.20
[ WARN] [1774838435.916180621, 1087.213000000]: local_costmap: Pre-Hydro parameter "static_map" unused since "plugins" is provided
[ WARN] [1774838435.916388607, 1087.213000000]: local_costmap: Pre-Hydro parameter "map_type" unused since "plugins" is provided
[ WARN] [1774838435.951843819, 1087.249000000]: Parameter pdist_scale is deprecated. Please use the name path_distance_bias instead.
[ WARN] [1774838435.952687846, 1087.250000000]: Parameter gdist_scale is deprecated. Please use the name goal_distance_bias instead.
[ WARN] [1774838436.951054370, 1088.239000000]: The origin for the sensor at (0.21, 0.19) is out of map bounds. So, the costmap cannot raytrace for it.
[ WARN] [1774838442.163875481, 1093.393000000]: [Multi Floor Nav] Initial pose perturbation applied: offset_x=0.40, offset_y=0.40, offset_theta=0.20
[ WARN] [1774838442.163918852, 1093.393000000]: [Multi Floor Nav] Retry #1: sigma scaled by 1.300 ??? (0.195, 0.195, 0.130)
[ INFO] [1774838400.802551726]: [Multi Floor Nav] Module A sigma: L0=(0.150,0.150,0.100) L1=(0.200,0.200,0.120)
[ INFO] [1774838400.803436051]: [Multi Floor Nav] Module A delay: L0=6.0s  L1=12.0s  backoff: factor=1.30 max=2.00
[ INFO] [1774838435.727171083, 1087.027000000]: [Multi Floor Nav] Successfully loaded map for level: 0
[ INFO] [1774838435.894176972, 1087.191000000]: [Multi Floor Nav] Adaptive sigma: offset_planar=0.566, adaptive_scale=0.283, adaptive_yaw=0.120 ??? sigma(0.150, 0.150, 0.100)
[ INFO] [1774838435.894191219, 1087.191000000]: [Multi Floor Nav] Initializing Robot at x: 5.4, y: -0.1, yaw: 0.2 (level=0, sigma: x=0.150, y=0.150, yaw=0.100, retry=0)
[ INFO] [1774838435.894214616, 1087.191000000]: [Multi Floor Nav] Initializing Pose to x: 5.00, y: -0.50 at level: 0
[ INFO] [1774838436.906970527, 1088.194000000]: [Multi Floor Nav] Waiting for AMCL nomotion updates (1.0/6.0s, L0)...
[ INFO] [1774838437.917702518, 1089.194000000]: [Multi Floor Nav] Waiting for AMCL nomotion updates (2.0/6.0s, L0)...
[ INFO] [1774838438.926295005, 1090.196000000]: [Multi Floor Nav] Waiting for AMCL nomotion updates (3.0/6.0s, L0)...
[ INFO] [1774838440.138934329, 1091.394000000]: [Multi Floor Nav] Waiting for AMCL nomotion updates (4.2/6.0s, L0)...
[ INFO] [1774838441.153467551, 1092.394000000]: [Multi Floor Nav] Waiting for AMCL nomotion updates (5.2/6.0s, L0)...
[ INFO] [1774838441.961786561, 1093.195000000]: [Multi Floor Nav] Current Robot Pose, x: 5.42, y: -0.01, yaw: 0.12
[ INFO] [1774838441.961806536, 1093.195000000]: [Multi Floor Nav] Linear Error: 0.64, Angular Error: 0.12
[ INFO] [1774838441.961816663, 1093.195000000]: [Multi Floor Nav] Setting initial pose failed. Will Retry (retry #1)
[ INFO] [1774838442.163905093, 1093.393000000]: [Multi Floor Nav] Adaptive sigma: offset_planar=0.566, adaptive_scale=0.283, adaptive_yaw=0.120 ??? sigma(0.150, 0.150, 0.100)
[ INFO] [1774838442.163931353, 1093.393000000]: [Multi Floor Nav] Initializing Robot at x: 5.4, y: -0.1, yaw: 0.2 (level=0, sigma: x=0.195, y=0.195, yaw=0.130, retry=1)
[ INFO] [1774838442.163957334, 1093.393000000]: [Multi Floor Nav] Initializing Pose to x: 5.00, y: -0.50 at level: 0
[ INFO] [1774838443.180717152, 1094.396000000]: [Multi Floor Nav] Waiting for AMCL nomotion updates (1.0/6.0s, L0)...
[ INFO] [1774838444.390698054, 1095.596000000]: [Multi Floor Nav] Waiting for AMCL nomotion updates (2.2/6.0s, L0)...
[ INFO] [1774838445.402826584, 1096.596000000]: [Multi Floor Nav] Waiting for AMCL nomotion updates (3.2/6.0s, L0)...
[ INFO] [1774838446.413640988, 1097.596000000]: [Multi Floor Nav] Waiting for AMCL nomotion updates (4.2/6.0s, L0)...
[ INFO] [1774838447.425061960, 1098.596000000]: [Multi Floor Nav] Waiting for AMCL nomotion updates (5.2/6.0s, L0)...
[ INFO] [1774838448.233567236, 1099.396000000]: [Multi Floor Nav] Current Robot Pose, x: 4.92, y: -0.04, yaw: 0.07
[ INFO] [1774838448.233585604, 1099.396000000]: [Multi Floor Nav] Linear Error: 0.47, Angular Error: 0.07
[ INFO] [1774838448.233595731, 1099.396000000]: [Multi Floor Nav] Robot at correct pose
[ INFO] [1774838448.234940308, 1099.397000000]: [Multi Floor Nav] RELOC_PASS: linear_error=0.4701, angular_error=0.0658, linear_error_init=0.4875, angular_error_init=0.1342, tr_sigma=0.0152, C_t=0.9849
[ INFO] [1774838449.246003974, 1100.397000000]: [Multi Floor Nav] POST_PASS: dt=1.000s, linear_error=0.4704, angular_error=0.0644
[ INFO] [1774838449.246031142, 1100.397000000]: [Multi Floor Nav] Will send goal to x: 3, y: -0, at level: 0
[ INFO] [1774838449.246043574, 1100.397000000]: [Multi Floor Nav] Sending Robot to x: 3.0, y: -0.5, yaw: 3.1
[ INFO] [1774838449.448533310, 1100.597000000]: [Multi Floor Nav] POST_PASS: dt=1.200s, linear_error=0.4704, angular_error=0.0644
[ INFO] [1774838449.651379095, 1100.797000000]: [Multi Floor Nav] POST_PASS: dt=1.400s, linear_error=0.4704, angular_error=0.0644
[ INFO] [1774838449.853094854, 1100.997000000]: [Multi Floor Nav] POST_PASS: dt=1.600s, linear_error=0.4457, angular_error=0.3315
[ INFO] [1774838450.055700805, 1101.198000000]: [Multi Floor Nav] POST_PASS: [ WARN] [1774838511.553173787, 1161.999000000]: [Multi Floor Nav] Initial pose perturbation applied: offset_x=0.40, offset_y=0.40, offset_theta=0.20
dt=1.800s, linear_error=0.4086, angular_error=0.7368
[ INFO] [1774838450.257591167, 1101.397000000]: [Multi Floor Nav] POST_PASS: dt=2.000s, linear_error=0.3450, angular_error=1.1619
[ INFO] [1774838474.149725497, 1124.997000000]: [Multi Floor Nav] Requesting Lift to Level 0
[ INFO] [1774838474.351346482, 1125.197000000]: [Multi Floor Nav] Entering Lift at Level 0
[ INFO] [1774838491.712673160, 1142.397000000]: [Multi Floor Nav] Requesting Lift to Level 1
[ INFO] [1774838498.780563752, 1149.398000000]: [Multi Floor Nav] Exiting Lift at Level 1
[ INFO] [1774838511.377504975, 1161.827000000]: [Multi Floor Nav] Successfully loaded map for level: 1
[ INFO] [1774838511.553204797, 1161.999000000]: [Multi Floor Nav] Adaptive sigma: offset_planar=0.566, adaptive_scale=0.283, adaptive_yaw=0.120 ??? sigma(0.200, 0.200, 0.120)
[ INFO] [1774838511.553216670, 1161.999000000]: [Multi Floor Nav] Initializing Robot at x: 3.4, y: -0.1, yaw: 3.3 (level=1, sigma: x=0.200, y=0.200, yaw=0.120, retry=0)
[ INFO] [1774838511.553236784, 1161.999000000]: [Multi Floor Nav] Initializing Pose to x: 3.00, y: -0.50 at level: 1
[ INFO] [1774838512.572971614, 1163.003000000]: [Multi Floor Nav] Waiting for AMCL nomotion updates (1.0/12.0s, L1)...
[ INFO] [1774838513.784750849, 1164.201000000]: [Multi Floor Nav] Waiting for AMCL nomotion updates (2.2/12.0s, L1)...
[ INFO] [1774838514.799496735, 1165.202000000]: [Multi Floor Nav] Waiting for AMCL nomotion updates (3.2/12.0s, L1)...
[ INFO] [1774838516.018436965, 1166.403000000]: [Multi Floor Nav] Waiting for AMCL nomotion updates (4.4/12.0s, L1)...
[ INFO] [1774838517.240097985, 1167.602000000]: [Multi Floor Nav] Waiting for AMCL nomotion updates (5.6/12.0s, L1)...
[ INFO] [1774838518.257560263, 1168.603000000]: [Multi Floor Nav] Waiting for AMCL nomotion updates (6.6/12.0s, L1)...
[ INFO] [1774838519.274015785, 1169.603000000]: [Multi Floor Nav] Waiting for AMCL nomotion updates (7.6/12.0s, L1)...
[ INFO] [1774838520.492769888, 1170.802000000]: [Multi Floor Nav] Waiting for AMCL nomotion updates (8.8/12.0s, L1)...
[ INFO] [1774838521.509334850, 1171.802000000]: [Multi Floor Nav] Waiting for AMCL nomotion updates (9.8/12.0s, L1)...
[ INFO] [1774838522.524723622, 1172.803000000]: [Multi Floor Nav] Waiting for AMCL nomotion updates (10.8/12.0s, L1)...
[ INFO] [1774838523.539237987, 1173.803000000]: [Multi Floor Nav] Waiting for AMCL nomotion updates (11.8/12.0s, L1)...
[ INFO] [1774838523.742346862, 1174.002000000]: [Multi Floor Nav] Current Robot Pose, x: 3.42, y: -0.40, yaw: 3.05
[ INFO] [1774838523.742368722, 1174.002000000]: [Multi Floor Nav] Linear Error: 0.43, Angular Error: 0.09
[ INFO] [1774838523.742381713, 1174.002000000]: [Multi Floor Nav] Robot at correct pose
[ INFO] [1774838523.743622296, 1174.003000000]: [Multi Floor Nav] RELOC_PASS: linear_error=0.4326, angular_error=0.0931, linear_error_init=0.3028, angular_error_init=0.2931, tr_sigma=0.0065, C_t=0.9935
[ INFO] [1774838524.759844899, 1175.003000000]: [Multi Floor Nav] POST_PASS: dt=1.000s, linear_error=0.4284, angular_error=0.0920
[ INFO] [1774838524.759868086, 1175.003000000]: [Multi Floor Nav] Will send goal to x: 4, y: 5, at level: 1
[ INFO] [1774838524.759878003, 1175.003000000]: [Multi Floor Nav] Sending Robot to x: 4.0, y: 5.0, yaw: 0.0
[ INFO] [1774838524.962271499, 1175.203000000]: [Multi Floor Nav] POST_PASS: dt=1.200s, linear_error=0.4284, angular_error=0.0920
[ INFO] [1774838525.164990871, 1175.403000000]: [Multi Floor Nav] POST_PASS: dt=1.400s, linear_error=0.3344, angular_error=0.2617
[ INFO] [1774838525.367829044, 1175.603000000]: [Multi Floor Nav] POST_PASS: dt=1.600s, linear_error=0.3344, angular_error=0.2617
[ INFO] [1774838525.570319548, 1175.803000000]: [Multi Floor Nav] POST_PASS: dt=1.800s, linear_error=0.2626, angular_error=0.5353
[ INFO] [1774838525.773084946, 1176.003000000]: [Multi Floor Nav] POST_PASS: dt=2.000s, linear_error=0.2808, angular_error=0.8910
[ INFO] [1774838546.897723731, 1196.803000000]: [Multi Floor Nav] Robot arrived at Goal
[ INFO] [1774838404.465550259, 1056.162000000]: global_costmap: Using plugin "static_layer"
[ INFO] [1774838404.471883290, 1056.168000000]: Requesting the map...
[ INFO] [1774838435.774956982, 1087.074000000]: Resizing costmap to 992 X 992 at 0.020000 m/pix
[ INFO] [1774838435.874486593, 1087.172000000]: Received a 992 X 992 map at 0.020000 m/pix
[ INFO] [1774838435.879065081, 1087.176000000]: global_costmap: Using plugin "obstacles_layer"
[ INFO] [1774838435.882750515, 1087.180000000]:     Subscribed to Topics: scan
[ INFO] [1774838435.894342495, 1087.191000000]: global_costmap: Using plugin "inflater_layer"
[ INFO] [1774838435.916810376, 1087.214000000]: local_costmap: Using plugin "obstacles_layer"
[ INFO] [1774838435.919359638, 1087.216000000]:     Subscribed to Topics: scan
[ INFO] [1774838435.928256039, 1087.225000000]: local_costmap: Using plugin "inflater_layer"
[ INFO] [1774838435.946030404, 1087.243000000]: Created local_planner base_local_planner/TrajectoryPlannerROS
[ INFO] [1774838435.949545705, 1087.247000000]: Sim period is set to 0.05
[ INFO] [1774838435.998598308, 1087.296000000]: Recovery behavior will clear layer 'obstacles'
[ INFO] [1774838436.007723508, 1087.305000000]: Recovery behavior will clear layer 'obstacles'
[ INFO] [1774838436.101686102, 1087.398000000]: odom received!

auto-starting new master
[1mprocess[master]: started with pid [60456][0m
[1mROS_MASTER_URI=http://localhost:11311[0m
]2;/home/eethanhe/catkin_ws/src/robot-multi-floor-navigation/multi_floor_nav/launch/nav.launch http://localhost:11311
[1msetting /run_id to bf0cb538-2be1-11f1-8d1e-01badb8e21cf[0m
[1mprocess[rosout-1]: started with pid [60481][0m
started core service [/rosout]
[1mprocess[gazebo-2]: started with pid [60488][0m
[1mprocess[robot_state_publisher-3]: started with pid [60492][0m
[1mprocess[controller_spawner-4]: started with pid [60494][0m
[1mprocess[ekf_localization-5]: started with pid [60495][0m
[1mprocess[twist_mux-6]: started with pid [60496][0m
[1mprocess[twist_marker_server-7]: started with pid [60498][0m
[1mprocess[urdf_spawner-8]: started with pid [60507][0m
[1mprocess[map_server0-9]: started with pid [60514][0m
[1mprocess[map_server1-10]: started with pid [60521][0m
[1mprocess[amcl-11]: started with pid [60523][0m
[1mprocess[move_base-12]: started with pid [60525][0m
[1mprocess[rviz-13]: started with pid [60530][0m
[1mprocess[change_map_node-14]: started with pid [60537][0m
[1mprocess[multi_floor_navigation_node-15]: started with pid [60547][0m
[1m[urdf_spawner-8] process has finished cleanly
log file: /home/eethanhe/.ros/log/bf0cb538-2be1-11f1-8d1e-01badb8e21cf/urdf_spawner-8*.log[0m
[multi_floor_navigation_node-15] killing on exit
[change_map_node-14] killing on exit
[rviz-13] killing on exit
[amcl-11] killing on exit
[move_base-12] killing on exit
[map_server1-10] killing on exit
[map_server0-9] killing on exit
[twist_marker_server-7] killing on exit
[twist_mux-6] killing on exit
[ekf_localization-5] killing on exit
[controller_spawner-4] killing on exit
[robot_state_publisher-3] killing on exit
[gazebo-2] killing on exit
[rosout-1] killing on exit
[master] killing on exit
shutting down processing monitor...
... shutting down processing monitor complete
[1mdone[0m
