xacro: in-order processing became default in ROS Melodic. You can drop the option.
... logging to /home/eethanhe/.ros/log/8849945e-2bef-11f1-8d1e-01badb8e21cf/roslaunch-eethanhe-Lenovo-Legion-R9000P2021H-173436.log
Checking log directory for disk usage. This may take a while.
Press Ctrl-C to interrupt
Done checking log file disk usage. Usage is <1GB.
]2;/home/eethanhe/catkin_ws/src/robot-multi-floor-navigation/multi_floor_nav/launch/nav.launch
[1mstarted roslaunch server http://eethanhe-Lenovo-Legion-R9000P2021H:40791/[0m

SUMMARY
========

PARAMETERS
 * /amcl/auto_update_noise: 0.0
 * /amcl/base_frame_id: base_link
 * /amcl/expected_laser_freq: 5.0
 * /amcl/first_map_only: False
 * /amcl/global_frame_id: map
 * /amcl/gui_publish_rate: 10.0
 * /amcl/initial_pose_a: 0.0
 * /amcl/initial_pose_x: 0.0
 * /amcl/initial_pose_y: 0.0
 * /amcl/kld_err: 0.05
 * /amcl/kld_z: 0.99
 * /amcl/laser_lambda_short: 0.1
 * /amcl/laser_likelihood_max_dist: 2.0
 * /amcl/laser_max_beams: 720
 * /amcl/laser_max_range: 30.0
 * /amcl/laser_min_range: 0.1
 * /amcl/laser_model_type: likelihood_field
 * /amcl/laser_sigma_hit: 0.2
 * /amcl/laser_z_hit: 0.5
 * /amcl/laser_z_max: 0.05
 * /amcl/laser_z_rand: 0.5
 * /amcl/laser_z_short: 0.05
 * /amcl/max_particles: 2000
 * /amcl/min_particles: 500
 * /amcl/odom_alpha1: 0.2
 * /amcl/odom_alpha2: 0.2
 * /amcl/odom_alpha3: 0.2
 * /amcl/odom_alpha4: 0.2
 * /amcl/odom_alpha5: 0.1
 * /amcl/odom_frame_id: odom
 * /amcl/odom_model_type: diff
 * /amcl/odom_update_interval: 0.1
 * /amcl/recovery_alpha_fast: 0.1
 * /amcl/recovery_alpha_slow: 0.001
 * /amcl/resample_interval: 1
 * /amcl/transform_tolerance: 1.0
 * /amcl/update_min_a: 0.3927
 * /amcl/update_min_d: 0.1
 * /amcl/use_map_topic: False
 * /ekf_localization/base_link_frame: base_link
 * /ekf_localization/frequency: 50
 * /ekf_localization/imu0: /imu/data
 * /ekf_localization/imu0_config: [False, False, Fa...
 * /ekf_localization/imu0_differential: False
 * /ekf_localization/odom0: /jackal_velocity_...
 * /ekf_localization/odom0_config: [False, False, Fa...
 * /ekf_localization/odom0_differential: False
 * /ekf_localization/odom_frame: odom
 * /ekf_localization/predict_to_current_time: True
 * /ekf_localization/world_frame: odom
 * /gazebo/enable_ros_network: True
 * /jackal_joint_publisher/publish_rate: 50
 * /jackal_joint_publisher/type: joint_state_contr...
 * /jackal_velocity_controller/angular/z/has_acceleration_limits: True
 * /jackal_velocity_controller/angular/z/has_velocity_limits: True
 * /jackal_velocity_controller/angular/z/max_acceleration: 25.0
 * /jackal_velocity_controller/angular/z/max_velocity: 4.0
 * /jackal_velocity_controller/cmd_vel_timeout: 0.25
 * /jackal_velocity_controller/enable_odom_tf: False
 * /jackal_velocity_controller/k_l: 0.1
 * /jackal_velocity_controller/k_r: 0.1
 * /jackal_velocity_controller/left_wheel: ['front_left_whee...
 * /jackal_velocity_controller/linear/x/has_acceleration_limits: True
 * /jackal_velocity_controller/linear/x/has_velocity_limits: True
 * /jackal_velocity_controller/linear/x/max_acceleration: 20.0
 * /jackal_velocity_controller/linear/x/max_velocity: 2.0
 * /jackal_velocity_controller/pose_covariance_diagonal: [0.001, 0.001, 10...
 * /jackal_velocity_controller/publish_cmd: True
 * /jackal_velocity_controller/publish_rate: 50
 * /jackal_velocity_controller/right_wheel: ['front_right_whe...
 * /jackal_velocity_controller/twist_covariance_diagonal: [0.001, 0.001, 0....
 * /jackal_velocity_controller/type: diff_drive_contro...
 * /jackal_velocity_controller/wheel_radius_multiplier: 1.0
 * /jackal_velocity_controller/wheel_separation_multiplier: 1.5
 * /move_base/NavfnROS/allow_unknown: True
 * /move_base/TrajectoryPlannerROS/acc_lim_theta: 20.0
 * /move_base/TrajectoryPlannerROS/acc_lim_x: 10.0
 * /move_base/TrajectoryPlannerROS/angular_sim_granularity: 0.02
 * /move_base/TrajectoryPlannerROS/controller_frequency: 20.0
 * /move_base/TrajectoryPlannerROS/dwa: True
 * /move_base/TrajectoryPlannerROS/escape_reset_dist: 0.1
 * /move_base/TrajectoryPlannerROS/escape_reset_theta: 0.1
 * /move_base/TrajectoryPlannerROS/escape_vel: -0.5
 * /move_base/TrajectoryPlannerROS/gdist_scale: 1.0
 * /move_base/TrajectoryPlannerROS/heading_lookahead: 0.325
 * /move_base/TrajectoryPlannerROS/heading_scoring: False
 * /move_base/TrajectoryPlannerROS/heading_scoring_timestep: 0.8
 * /move_base/TrajectoryPlannerROS/holonomic_robot: False
 * /move_base/TrajectoryPlannerROS/latch_xy_goal_tolerance: False
 * /move_base/TrajectoryPlannerROS/max_vel_theta: 1.57
 * /move_base/TrajectoryPlannerROS/max_vel_x: 0.5
 * /move_base/TrajectoryPlannerROS/meter_scoring: True
 * /move_base/TrajectoryPlannerROS/min_in_place_vel_theta: 0.314
 * /move_base/TrajectoryPlannerROS/min_vel_theta: -1.57
 * /move_base/TrajectoryPlannerROS/min_vel_x: 0.1
 * /move_base/TrajectoryPlannerROS/occdist_scale: 0.1
 * /move_base/TrajectoryPlannerROS/oscillation_reset_dist: 0.05
 * /move_base/TrajectoryPlannerROS/pdist_scale: 0.75
 * /move_base/TrajectoryPlannerROS/publish_cost_grid_pc: True
 * /move_base/TrajectoryPlannerROS/sim_granularity: 0.02
 * /move_base/TrajectoryPlannerROS/sim_time: 2.0
 * /move_base/TrajectoryPlannerROS/simple_attractor: False
 * /move_base/TrajectoryPlannerROS/vtheta_samples: 20
 * /move_base/TrajectoryPlannerROS/vx_samples: 6
 * /move_base/TrajectoryPlannerROS/xy_goal_tolerance: 0.25
 * /move_base/TrajectoryPlannerROS/yaw_goal_tolerance: 0.157
 * /move_base/base_global_planner: navfn/NavfnROS
 * /move_base/base_local_planner: base_local_planne...
 * /move_base/clearing_rotation_allowed: True
 * /move_base/controller_frequency: 20.0
 * /move_base/controller_patience: 15.0
 * /move_base/global_costmap/footprint: [[-0.21, -0.165],...
 * /move_base/global_costmap/footprint_padding: 0.1
 * /move_base/global_costmap/global_frame: map
 * /move_base/global_costmap/height: 40.0
 * /move_base/global_costmap/inflater_layer/inflation_radius: 0.3
 * /move_base/global_costmap/map_type: costmap
 * /move_base/global_costmap/meter_scoring: True
 * /move_base/global_costmap/obstacle_range: 2.5
 * /move_base/global_costmap/obstacles_layer/observation_sources: scan
 * /move_base/global_costmap/obstacles_layer/scan/clearing: True
 * /move_base/global_costmap/obstacles_layer/scan/data_type: LaserScan
 * /move_base/global_costmap/obstacles_layer/scan/marking: True
 * /move_base/global_costmap/obstacles_layer/scan/max_obstacle_height: 2.0
 * /move_base/global_costmap/obstacles_layer/scan/min_obstacle_height: -2.0
 * /move_base/global_costmap/obstacles_layer/scan/obstacle_range: 2.5
 * /move_base/global_costmap/obstacles_layer/scan/raytrace_range: 3.0
 * /move_base/global_costmap/obstacles_layer/scan/sensor_frame: front_laser
 * /move_base/global_costmap/obstacles_layer/scan/topic: front/scan
 * /move_base/global_costmap/origin_x: -20.0
 * /move_base/global_costmap/origin_y: -20.0
 * /move_base/global_costmap/origin_z: 0.0
 * /move_base/global_costmap/plugins: [{'name': 'static...
 * /move_base/global_costmap/publish_frequency: 5.0
 * /move_base/global_costmap/publish_voxel_map: False
 * /move_base/global_costmap/raytrace_range: 3.0
 * /move_base/global_costmap/resolution: 0.05
 * /move_base/global_costmap/robot_base_frame: base_link
 * /move_base/global_costmap/rolling_window: False
 * /move_base/global_costmap/static_map: True
 * /move_base/global_costmap/transform_tolerance: 0.5
 * /move_base/global_costmap/update_frequency: 20.0
 * /move_base/global_costmap/width: 40.0
 * /move_base/global_costmap/z_resolution: 1
 * /move_base/global_costmap/z_voxels: 2
 * /move_base/local_costmap/footprint: [[-0.21, -0.165],...
 * /move_base/local_costmap/footprint_padding: 0.1
 * /move_base/local_costmap/global_frame: map
 * /move_base/local_costmap/height: 10.0
 * /move_base/local_costmap/inflater_layer/inflation_radius: 0.3
 * /move_base/local_costmap/map_type: costmap
 * /move_base/local_costmap/meter_scoring: True
 * /move_base/local_costmap/obstacle_range: 2.5
 * /move_base/local_costmap/obstacles_layer/observation_sources: scan
 * /move_base/local_costmap/obstacles_layer/scan/clearing: True
 * /move_base/local_costmap/obstacles_layer/scan/data_type: LaserScan
 * /move_base/local_costmap/obstacles_layer/scan/marking: True
 * /move_base/local_costmap/obstacles_layer/scan/max_obstacle_height: 2.0
 * /move_base/local_costmap/obstacles_layer/scan/min_obstacle_height: -2.0
 * /move_base/local_costmap/obstacles_layer/scan/obstacle_range: 2.5
 * /move_base/local_costmap/obstacles_layer/scan/raytrace_range: 3.0
 * /move_base/local_costmap/obstacles_layer/scan/sensor_frame: front_laser
 * /move_base/local_costmap/obstacles_layer/scan/topic: front/scan
 * /move_base/local_costmap/origin_z: 0.0
 * /move_base/local_costmap/plugins: [{'name': 'obstac...
 * /move_base/local_costmap/publish_frequency: 5.0
 * /move_base/local_costmap/publish_voxel_map: False
 * /move_base/local_costmap/raytrace_range: 3.0
 * /move_base/local_costmap/resolution: 0.05
 * /move_base/local_costmap/robot_base_frame: base_link
 * /move_base/local_costmap/rolling_window: True
 * /move_base/local_costmap/static_map: False
 * /move_base/local_costmap/transform_tolerance: 0.5
 * /move_base/local_costmap/update_frequency: 20.0
 * /move_base/local_costmap/width: 10.0
 * /move_base/local_costmap/z_resolution: 1
 * /move_base/local_costmap/z_voxels: 2
 * /move_base/oscillation_distance: 0.5
 * /move_base/oscillation_timeout: 0.0
 * /move_base/planner_frequency: 20.0
 * /move_base/planner_patience: 5.0
 * /move_base/recovery_behavior_enabled: True
 * /move_base/shutdown_costmaps: False
 * /multi_floor_navigation_node/init_pose_offset_theta: 0.2
 * /multi_floor_navigation_node/init_pose_offset_x: 0.4
 * /multi_floor_navigation_node/init_pose_offset_y: 0.4
 * /multi_floor_navigation_node/region_init_backoff_factor: 1.3
 * /multi_floor_navigation_node/region_init_max_backoff: 2.0
 * /multi_floor_navigation_node/region_init_sigma_adaptive_alpha: 0.35
 * /multi_floor_navigation_node/region_init_sigma_min_scale: 0.03
 * /multi_floor_navigation_node/region_init_sigma_min_yaw: 0.02
 * /multi_floor_navigation_node/region_init_sigma_x: 0.15
 * /multi_floor_navigation_node/region_init_sigma_x_L0: 0.15
 * /multi_floor_navigation_node/region_init_sigma_x_L1: 0.2
 * /multi_floor_navigation_node/region_init_sigma_y: 0.15
 * /multi_floor_navigation_node/region_init_sigma_y_L0: 0.15
 * /multi_floor_navigation_node/region_init_sigma_y_L1: 0.2
 * /multi_floor_navigation_node/region_init_sigma_yaw: 0.1
 * /multi_floor_navigation_node/region_init_sigma_yaw_L0: 0.1
 * /multi_floor_navigation_node/region_init_sigma_yaw_L1: 0.12
 * /multi_floor_navigation_node/reloc_min_check_delay_L0: 6.0
 * /multi_floor_navigation_node/reloc_min_check_delay_L1: 12.0
 * /multi_floor_navigation_node/reloc_min_check_delay_sec: 6.0
 * /robot_description: <?xml version="1....
 * /rosdistro: noetic
 * /rosversion: 1.17.0
 * /twist_marker_server/link_name: base_link
 * /twist_mux/locks: [{'name': 'e_stop...
 * /twist_mux/topics: [{'name': 'joy', ...
 * /use_gui: True
 * /use_sim_time: True

NODES
  /
    amcl (amcl/amcl)
    change_map_node (multi_floor_nav/change_map_node)
    controller_spawner (controller_manager/spawner)
    ekf_localization (robot_localization/ekf_localization_node)
    gazebo (gazebo_ros/gzserver)
    map_server0 (map_server/map_server)
    map_server1 (map_server/map_server)
    move_base (move_base/move_base)
    multi_floor_navigation_node (multi_floor_nav/multi_floor_navigation_node)
    robot_state_publisher (robot_state_publisher/robot_state_publisher)
    rviz (rviz/rviz)
    twist_marker_server (interactive_marker_twist_server/marker_server)
    twist_mux (twist_mux/twist_mux)
    urdf_spawner (gazebo_ros/spawn_model)
[ INFO] [1774844322.172133257]: Finished loading Gazebo ROS API Plugin.
[ INFO] [1774844322.179314313]: waitForService: Service [/gazebo/set_physics_properties] has not been advertised, waiting...
[1;33mWarning [Model.cc:216][0m Non-unique name[door] detected 2 times in XML children of model with name[elevator].
[1;33mWarning [Model.cc:309][0m Joint with name [door] in model with name [elevator] has a name collision, changing joint name to [door_joint].
[ INFO] [1774844322.958437499]: waitForService: Service [/gazebo/set_physics_properties] is now available.
[ INFO] [1774844322.970909154]: Physics dynamic reconfigure ready.
[1;33mWarning [parser_urdf.cc:1161][0m multiple inconsistent <gravity> exists due to fixed joint reduction overwriting previous value [true] with [false].
[1;33mWarning [parser_urdf.cc:1161][0m multiple inconsistent <gravity> exists due to fixed joint reduction overwriting previous value [false] with [true].
[ERROR] [1774844323.625895617, 1054.903000000]: No p gain specified for pid.  Namespace: /gazebo_ros_control/pid_gains/front_left_wheel
[ERROR] [1774844323.626371165, 1054.903000000]: No p gain specified for pid.  Namespace: /gazebo_ros_control/pid_gains/front_right_wheel
[ERROR] [1774844323.626809906, 1054.903000000]: No p gain specified for pid.  Namespace: /gazebo_ros_control/pid_gains/rear_left_wheel
[ERROR] [1774844323.627198921, 1054.903000000]: No p gain specified for pid.  Namespace: /gazebo_ros_control/pid_gains/rear_right_wheel
[ WARN] [1774844323.672772505, 1054.904000000]: Failed to meet update rate! Took 1054.9039999999999964
[ WARN] [1774844323.673310491, 1054.905000000]: Timed out waiting for transform from base_link to map to become available before running costmap, tf error: canTransform: target_frame map does not exist. canTransform: source_frame base_link does not exist.. canTransform returned after 1054.9 timeout was 0.1.
[ WARN] [1774844323.673418744, 1054.905000000]: Failed to meet update rate! Took 1054.8849999999999909
[ WARN] [1774844324.955368303, 1056.170000000]: global_costmap: Pre-Hydro parameter "static_map" unused since "plugins" is provided
[ WARN] [1774844324.956076351, 1056.171000000]: global_costmap: Pre-Hydro parameter "map_type" unused since "plugins" is provided
[ WARN] [1774844325.584056193, 1056.790000000]: Interactive marker 'robot_twist_marker' contains unnormalized quaternions. This warning will only be output once but may be true for others; enable DEBUG messages for ros.rviz.quaternions to see more details.
[ WARN] [1774844356.789618236, 1087.638000000]: [Multi Floor Nav] Initial pose perturbation applied: offset_x=0.40, offset_y=0.40, offset_theta=0.20
[ WARN] [1774844356.791057311, 1087.640000000]: local_costmap: Pre-Hydro parameter "static_map" unused since "plugins" is provided
[ WARN] [1774844356.791263691, 1087.640000000]: local_costmap: Pre-Hydro parameter "map_type" unused since "plugins" is provided
[ WARN] [1774844356.828927149, 1087.678000000]: Parameter pdist_scale is deprecated. Please use the name path_distance_bias instead.
[ WARN] [1774844356.829726969, 1087.679000000]: Parameter gdist_scale is deprecated. Please use the name goal_distance_bias instead.
[ WARN] [1774844357.832306221, 1088.668000000]: The origin for the sensor at (0.21, 0.22) is out of map bounds. So, the costmap cannot raytrace for it.
[ WARN] [1774844363.055985403, 1093.841000000]: [Multi Floor Nav] Initial pose perturbation applied: offset_x=0.40, offset_y=0.40, offset_theta=0.20
[ WARN] [1774844363.056092609, 1093.841000000]: [Multi Floor Nav] Retry #1: sigma scaled by 1.300 ??? (0.195, 0.195, 0.117)
[ INFO] [1774844321.868218989]: [Multi Floor Nav] Module A sigma: L0=(0.150,0.150,0.100) L1=(0.200,0.200,0.120)
[ INFO] [1774844321.870017396]: [Multi Floor Nav] Module A delay: L0=6.0s  L1=12.0s  backoff: factor=1.30 max=2.00
[ INFO] [1774844356.595459373, 1087.447000000]: [Multi Floor Nav] Successfully loaded map for level: 0
[ INFO] [1774844356.789712452, 1087.638000000]: [Multi Floor Nav] Adaptive sigma: offset_planar=0.566, adaptive_scale=0.198, adaptive_yaw=0.090 ??? sigma(0.150, 0.150, 0.090)
[ INFO] [1774844356.789736966, 1087.638000000]: [Multi Floor Nav] Initializing Robot at x: 5.4, y: -0.1, yaw: 0.2 (level=0, sigma: x=0.150, y=0.150, yaw=0.090, retry=0)
[ INFO] [1774844356.789788090, 1087.638000000]: [Multi Floor Nav] Initializing Pose to x: 5.00, y: -0.50 at level: 0
[ INFO] [1774844357.804846470, 1088.640000000]: [Multi Floor Nav] Waiting for AMCL nomotion updates (1.0/6.0s, L0)...
[ INFO] [1774844358.817180142, 1089.642000000]: [Multi Floor Nav] Waiting for AMCL nomotion updates (2.0/6.0s, L0)...
[ INFO] [1774844360.024987364, 1090.841000000]: [Multi Floor Nav] Waiting for AMCL nomotion updates (3.2/6.0s, L0)...
[ INFO] [1774844361.035894323, 1091.842000000]: [Multi Floor Nav] Waiting for AMCL nomotion updates (4.2/6.0s, L0)...
[ INFO] [1774844362.248004243, 1093.041000000]: [Multi Floor Nav] Waiting for AMCL nomotion updates (5.4/6.0s, L0)...
[ INFO] [1774844362.851858128, 1093.640000000]: [Multi Floor Nav] Current Robot Pose, x: 5.44, y: -0.02, yaw: 0.13
[ INFO] [1774844362.851881455, 1093.640000000]: [Multi Floor Nav] Linear Error: 0.65, Angular Error: 0.13
[ INFO] [1774844362.851892001, 1093.640000000]: [Multi Floor Nav] Setting initial pose failed. Will Retry (retry #1)
[ INFO] [1774844363.056058177, 1093.841000000]: [Multi Floor Nav] Adaptive sigma: offset_planar=0.566, adaptive_scale=0.198, adaptive_yaw=0.090 ??? sigma(0.150, 0.150, 0.090)
[ INFO] [1774844363.056127390, 1093.841000000]: [Multi Floor Nav] Initializing Robot at x: 5.4, y: -0.1, yaw: 0.2 (level=0, sigma: x=0.195, y=0.195, yaw=0.117, retry=1)
[ INFO] [1774844363.056187034, 1093.841000000]: [Multi Floor Nav] Initializing Pose to x: 5.00, y: -0.50 at level: 0
[ INFO] [1774844364.066857721, 1094.842000000]: [Multi Floor Nav] Waiting for AMCL nomotion updates (1.0/6.0s, L0)...
[ INFO] [1774844365.080724195, 1095.844000000]: [Multi Floor Nav] Waiting for AMCL nomotion updates (2.0/6.0s, L0)...
[ INFO] [1774844366.091763015, 1096.844000000]: [Multi Floor Nav] Waiting for AMCL nomotion updates (3.0/6.0s, L0)...
[ INFO] [1774844367.103112348, 1097.845000000]: [Multi Floor Nav] Waiting for AMCL nomotion updates (4.0/6.0s, L0)...
[ INFO] [1774844368.316417668, 1099.043000000]: [Multi Floor Nav] Waiting for AMCL nomotion updates (5.2/6.0s, L0)...
[ INFO] [1774844369.128246790, 1099.844000000]: [Multi Floor Nav] Current Robot Pose, x: 5.03, y: -0.05, yaw: 0.10
[ INFO] [1774844369.128311603, 1099.844000000]: [Multi Floor Nav] Linear Error: 0.45, Angular Error: 0.10
[ INFO] [1774844369.128351692, 1099.844000000]: [Multi Floor Nav] Robot at correct pose
[ INFO] [1774844369.130520465, 1099.847000000]: [Multi Floor Nav] RELOC_PASS: linear_error=0.4467, angular_error=0.0962, linear_error_init=0.3710, angular_error_init=0.1038, tr_sigma=0.0537, C_t=0.9477
[ INFO] [1774844370.145748491, 1100.847000000]: [Multi Floor Nav] POST_PASS: dt=1.000s, linear_error=0.4443, angular_error=0.0937
[ INFO] [1774844370.145797170, 1100.847000000]: [Multi Floor Nav] Will send goal to x: 3, y: -0, at level: 0
[ INFO] [1774844370.145822872, 1100.847000000]: [Multi Floor Nav] Sending Robot to x: 3.0, y: -0.5, yaw: 3.1
[ INFO] [1774844370.348623795, 1101.047000000]: [Multi Floor Nav] POST_PASS: dt=1.200s, linear_error=0.4443, angular_error=0.0937
[ INFO] [1774844370.550517135, 1101.248000000]: [Multi Floor Nav] POST_PASS: dt=1.401s, linear_error=0.4443, angular_error=0.0937
[ INFO] [1774844370.750859305, 1101.447000000]: [Multi Floor Nav] POST_PASS: dt=1.600s, linear_error=0.4396, angular_error=0.2643
[ INFO] [1774844370.953555328, 1101.648000000]: [Multi Floor Nav] POST_PASS: [ WARN] [1774844429.003692610, 1159.051000000]: [Multi Floor Nav] Initial pose perturbation applied: offset_x=0.40, offset_y=0.40, offset_theta=0.20
[ WARN] [1774844441.402630467, 1171.253000000]: [Multi Floor Nav] Initial pose perturbation applied: offset_x=0.40, offset_y=0.40, offset_theta=0.20
[ WARN] [1774844441.402672441, 1171.253000000]: [Multi Floor Nav] Retry #1: sigma scaled by 1.300 ??? (0.257, 0.257, 0.117)
dt=1.801s, linear_error=0.4249, angular_error=0.6943
[ INFO] [1774844371.155430020, 1101.847000000]: [Multi Floor Nav] POST_PASS: dt=2.000s, linear_error=0.4249, angular_error=0.6943
[ INFO] [1774844390.783945127, 1121.247000000]: [Multi Floor Nav] Requesting Lift to Level 0
[ INFO] [1774844390.986029552, 1121.447000000]: [Multi Floor Nav] Entering Lift at Level 0
[ INFO] [1774844408.328568486, 1138.647000000]: [Multi Floor Nav] Requesting Lift to Level 1
[ INFO] [1774844415.411150343, 1145.647000000]: [Multi Floor Nav] Exiting Lift at Level 1
[ INFO] [1774844429.000468818, 1159.047000000]: [Multi Floor Nav] Successfully loaded map for level: 1
[ INFO] [1774844429.003725994, 1159.051000000]: [Multi Floor Nav] Adaptive sigma: offset_planar=0.566, adaptive_scale=0.198, adaptive_yaw=0.090 ??? sigma(0.198, 0.198, 0.090)
[ INFO] [1774844429.003738845, 1159.051000000]: [Multi Floor Nav] Initializing Robot at x: 3.4, y: -0.1, yaw: 3.3 (level=1, sigma: x=0.198, y=0.198, yaw=0.090, retry=0)
[ INFO] [1774844429.003756096, 1159.051000000]: [Multi Floor Nav] Initializing Pose to x: 3.00, y: -0.50 at level: 1
[ INFO] [1774844430.020676027, 1160.053000000]: [Multi Floor Nav] Waiting for AMCL nomotion updates (1.0/12.0s, L1)...
[ INFO] [1774844431.035369496, 1161.054000000]: [Multi Floor Nav] Waiting for AMCL nomotion updates (2.0/12.0s, L1)...
[ INFO] [1774844432.051603518, 1162.055000000]: [Multi Floor Nav] Waiting for AMCL nomotion updates (3.0/12.0s, L1)...
[ INFO] [1774844433.068831868, 1163.055000000]: [Multi Floor Nav] Waiting for AMCL nomotion updates (4.0/12.0s, L1)...
[ INFO] [1774844434.087016481, 1164.055000000]: [Multi Floor Nav] Waiting for AMCL nomotion updates (5.0/12.0s, L1)...
[ INFO] [1774844435.303003497, 1165.253000000]: [Multi Floor Nav] Waiting for AMCL nomotion updates (6.2/12.0s, L1)...
[ INFO] [1774844436.520539866, 1166.454000000]: [Multi Floor Nav] Waiting for AMCL nomotion updates (7.4/12.0s, L1)...
[ INFO] [1774844437.538344893, 1167.454000000]: [Multi Floor Nav] Waiting for AMCL nomotion updates (8.4/12.0s, L1)...
[ INFO] [1774844438.558213584, 1168.454000000]: [Multi Floor Nav] Waiting for AMCL nomotion updates (9.4/12.0s, L1)...
[ INFO] [1774844439.573409350, 1169.455000000]: [Multi Floor Nav] Waiting for AMCL nomotion updates (10.4/12.0s, L1)...
[ INFO] [1774844440.792037894, 1170.653000000]: [Multi Floor Nav] Waiting for AMCL nomotion updates (11.6/12.0s, L1)...
[ INFO] [1774844441.199111715, 1171.053000000]: [Multi Floor Nav] Current Robot Pose, x: 2.83, y: 0.13, yaw: -2.79
[ INFO] [1774844441.199144191, 1171.053000000]: [Multi Floor Nav] Linear Error: 0.65, Angular Error: 0.35
[ INFO] [1774844441.199160045, 1171.053000000]: [Multi Floor Nav] Setting initial pose failed. Will Retry (retry #1)
[ INFO] [1774844441.402660080, 1171.253000000]: [Multi Floor Nav] Adaptive sigma: offset_planar=0.566, adaptive_scale=0.198, adaptive_yaw=0.090 ??? sigma(0.198, 0.198, 0.090)
[ INFO] [1774844441.402683546, 1171.253000000]: [Multi Floor Nav] Initializing Robot at x: 3.4, y: -0.1, yaw: 3.3 (level=1, sigma: x=0.257, y=0.257, yaw=0.117, retry=1)
[ INFO] [1774844441.402705825, 1171.253000000]: [Multi Floor Nav] Initializing Pose to x: 3.00, y: -0.50 at level: 1
[ INFO] [1774844442.422962693, 1172.257000000]: [Multi Floor Nav] Waiting for AMCL nomotion updates (1.0/12.0s, L1)...
[ INFO] [1774844443.441516976, 1173.257000000]: [Multi Floor Nav] Waiting for AMCL nomotion updates (2.0/12.0s, L1)...
[ INFO] [1774844444.664542852, 1174.457000000]: [Multi Floor Nav] Waiting for AMCL nomotion updates (3.2/12.0s, L1)...
[ INFO] [1774844445.681007212, 1175.457000000]: [Multi Floor Nav] Waiting for AMCL nomotion updates (4.2/12.0s, L1)...
[ INFO] [1774844446.697821545, 1176.457000000]: [Multi Floor Nav] Waiting for AMCL nomotion updates (5.2/12.0s, L1)...
[ INFO] [1774844447.716100934, 1177.457000000]: [Multi Floor Nav] Waiting for AMCL nomotion updates (6.2/12.0s, L1)...
[ INFO] [1774844448.731826865, 1178.457000000]: [Multi Floor Nav] Waiting for AMCL nomotion updates (7.2/12.0s, L1)...
[ INFO] [1774844449.950884932, 1179.656[ WARN] [1774844453.818461211, 1183.457000000]: [Multi Floor Nav] Initial pose perturbation applied: offset_x=0.40, offset_y=0.40, offset_theta=0.20
[ WARN] [1774844453.818552353, 1183.457000000]: [Multi Floor Nav] Retry #2: sigma scaled by 1.690 ??? (0.335, 0.335, 0.152)
[ WARN] [1774844466.207821237, 1195.658000000]: [Multi Floor Nav] Initial pose perturbation applied: offset_x=0.40, offset_y=0.40, offset_theta=0.20
[ WARN] [1774844466.207875573, 1195.658000000]: [Multi Floor Nav] Retry #3: sigma scaled by 2.000 ??? (0.396, 0.396, 0.180)
000000]: [Multi Floor Nav] Waiting for AMCL nomotion updates (8.4/12.0s, L1)...
[ INFO] [1774844450.968979103, 1180.657000000]: [Multi Floor Nav] Waiting for AMCL nomotion updates (9.4/12.0s, L1)...
[ INFO] [1774844452.187290081, 1181.856000000]: [Multi Floor Nav] Waiting for AMCL nomotion updates (10.6/12.0s, L1)...
[ INFO] [1774844453.207224633, 1182.857000000]: [Multi Floor Nav] Waiting for AMCL nomotion updates (11.6/12.0s, L1)...
[ INFO] [1774844453.614680206, 1183.256000000]: [Multi Floor Nav] Current Robot Pose, x: 2.90, y: 0.06, yaw: -2.78
[ INFO] [1774844453.614744110, 1183.256000000]: [Multi Floor Nav] Linear Error: 0.57, Angular Error: 0.36
[ INFO] [1774844453.614766459, 1183.256000000]: [Multi Floor Nav] Setting initial pose failed. Will Retry (retry #2)
[ INFO] [1774844453.818525604, 1183.457000000]: [Multi Floor Nav] Adaptive sigma: offset_planar=0.566, adaptive_scale=0.198, adaptive_yaw=0.090 ??? sigma(0.198, 0.198, 0.090)
[ INFO] [1774844453.818598518, 1183.457000000]: [Multi Floor Nav] Initializing Robot at x: 3.4, y: -0.1, yaw: 3.3 (level=1, sigma: x=0.335, y=0.335, yaw=0.152, retry=2)
[ INFO] [1774844453.818656416, 1183.457000000]: [Multi Floor Nav] Initializing Pose to x: 3.00, y: -0.50 at level: 1
[ INFO] [1774844454.839720019, 1184.461000000]: [Multi Floor Nav] Waiting for AMCL nomotion updates (1.0/12.0s, L1)...
[ INFO] [1774844455.853312656, 1185.461000000]: [Multi Floor Nav] Waiting for AMCL nomotion updates (2.0/12.0s, L1)...
[ INFO] [1774844457.070829263, 1186.660000000]: [Multi Floor Nav] Waiting for AMCL nomotion updates (3.2/12.0s, L1)...
[ INFO] [1774844458.087228881, 1187.661000000]: [Multi Floor Nav] Waiting for AMCL nomotion updates (4.2/12.0s, L1)...
[ INFO] [1774844459.308671323, 1188.861000000]: [Multi Floor Nav] Waiting for AMCL nomotion updates (5.4/12.0s, L1)...
[ INFO] [1774844460.526365116, 1190.061000000]: [Multi Floor Nav] Waiting for AMCL nomotion updates (6.6/12.0s, L1)...
[ INFO] [1774844461.746130256, 1191.259000000]: [Multi Floor Nav] Waiting for AMCL nomotion updates (7.8/12.0s, L1)...
[ INFO] [1774844462.764313824, 1192.259000000]: [Multi Floor Nav] Waiting for AMCL nomotion updates (8.8/12.0s, L1)...
[ INFO] [1774844463.775875694, 1193.261000000]: [Multi Floor Nav] Waiting for AMCL nomotion updates (9.8/12.0s, L1)...
[ INFO] [1774844464.790054298, 1194.261000000]: [Multi Floor Nav] Waiting for AMCL nomotion updates (10.8/12.0s, L1)...
[ INFO] [1774844466.007497223, 1195.459000000]: [Multi Floor Nav] Current Robot Pose, x: 3.14, y: 0.76, yaw: -2.60
[ INFO] [1774844466.007532144, 1195.459000000]: [Multi Floor Nav] Linear Error: 1.27, Angular Error: 0.54
[ INFO] [1774844466.007548207, 1195.459000000]: [Multi Floor Nav] Setting initial pose failed. Will Retry (retry #3)
[ INFO] [1774844466.207857205, 1195.658000000]: [Multi Floor Nav] Adaptive sigma: offset_planar=0.566, adaptive_scale=0.198, adaptive_yaw=0.090 ??? sigma(0.198, 0.198, 0.090)
[ INFO] [1774844466.207892894, 1195.658000000]: [Multi Floor Nav] Initializing Robot at x: 3.4, y: -0.1, yaw: 3.3 (level=1, sigma: x=0.396, y=0.396, yaw=0.180, retry=3)
[ INFO] [1774844466.207916221, 1195.658000000]: [Multi Floor Nav] Initializing Pose to x: 3.00, y: -0.50 at level: 1
[ INFO] [1774844467.229873720, 1196.661000000]: [Multi Floor Nav] Waiting for AMCL nomotion updates (1.0/12.0s, L1)...
[ INFO] [1774844468.248156324, 1197.661000000]: [Multi Floor Nav] Waiting for AMCL nomotion updates (2.0/12.0s, L1)...
[ INFO] [1774844469.464732173, 1198.861000000]: [Multi Floor Nav] Waiting for AMCL nomotion updates (3.2/12.0s, L1)...
[ INFO] [1774844470.679726891, 1200.060000000]: [Multi Floor Nav] Waiting for AMCL nomotion updates (4.4/12.0s, L1)...
[ INFO] [1774844471.696951473, 1201.062000000]: [Multi Floor Nav] Waiting for AMCL nomotion updates (5.4/12.0s, L1)...
[ INFO] [1774844472.711660032, 1202.062000000]: [Multi Floor Nav] Waiting for AMCL nomotion updates (6.4/12.0s, L1)...
[ INFO] [1774844473.930866025, 1203.262000000]: [Multi Floor Nav] Waiting for AMCL nomotion updates (7.6/12.0s, L1)...
[ INFO] [1774844474.944861297, 1204[ WARN] [1774844478.572027328, 1207.860000000]: [Multi Floor Nav] Initial pose perturbation applied: offset_x=0.40, offset_y=0.40, offset_theta=0.20
[ WARN] [1774844478.572069442, 1207.860000000]: [Multi Floor Nav] Retry #4: sigma scaled by 2.000 ??? (0.396, 0.396, 0.180)
[ WARN] [1774844490.959463820, 1220.062000000]: [Multi Floor Nav] Initial pose perturbation applied: offset_x=0.40, offset_y=0.40, offset_theta=0.20
[ WARN] [1774844490.959508170, 1220.062000000]: [Multi Floor Nav] Retry #5: sigma scaled by 2.000 ??? (0.396, 0.396, 0.180)
.262000000]: [Multi Floor Nav] Waiting for AMCL nomotion updates (8.6/12.0s, L1)...
[ INFO] [1774844476.151339110, 1205.460000000]: [Multi Floor Nav] Waiting for AMCL nomotion updates (9.8/12.0s, L1)...
[ INFO] [1774844477.157131832, 1206.460000000]: [Multi Floor Nav] Waiting for AMCL nomotion updates (10.8/12.0s, L1)...
[ INFO] [1774844478.168413151, 1207.461000000]: [Multi Floor Nav] Waiting for AMCL nomotion updates (11.8/12.0s, L1)...
[ INFO] [1774844478.370610162, 1207.661000000]: [Multi Floor Nav] Current Robot Pose, x: 3.29, y: 0.28, yaw: -2.34
[ INFO] [1774844478.370643057, 1207.661000000]: [Multi Floor Nav] Linear Error: 0.83, Angular Error: 0.80
[ INFO] [1774844478.370658911, 1207.661000000]: [Multi Floor Nav] Setting initial pose failed. Will Retry (retry #4)
[ INFO] [1774844478.572057848, 1207.860000000]: [Multi Floor Nav] Adaptive sigma: offset_planar=0.566, adaptive_scale=0.198, adaptive_yaw=0.090 ??? sigma(0.198, 0.198, 0.090)
[ INFO] [1774844478.572081245, 1207.860000000]: [Multi Floor Nav] Initializing Robot at x: 3.4, y: -0.1, yaw: 3.3 (level=1, sigma: x=0.396, y=0.396, yaw=0.180, retry=4)
[ INFO] [1774844478.572103245, 1207.860000000]: [Multi Floor Nav] Initializing Pose to x: 3.00, y: -0.50 at level: 1
[ INFO] [1774844479.590233456, 1208.862000000]: [Multi Floor Nav] Waiting for AMCL nomotion updates (1.0/12.0s, L1)...
[ INFO] [1774844480.608177612, 1209.863000000]: [Multi Floor Nav] Waiting for AMCL nomotion updates (2.0/12.0s, L1)...
[ INFO] [1774844481.623727336, 1210.864000000]: [Multi Floor Nav] Waiting for AMCL nomotion updates (3.0/12.0s, L1)...
[ INFO] [1774844482.842990810, 1212.063000000]: [Multi Floor Nav] Waiting for AMCL nomotion updates (4.2/12.0s, L1)...
[ INFO] [1774844483.857757547, 1213.063000000]: [Multi Floor Nav] Waiting for AMCL nomotion updates (5.2/12.0s, L1)...
[ INFO] [1774844484.872429720, 1214.063000000]: [Multi Floor Nav] Waiting for AMCL nomotion updates (6.2/12.0s, L1)...
[ INFO] [1774844485.887995858, 1215.063000000]: [Multi Floor Nav] Waiting for AMCL nomotion updates (7.2/12.0s, L1)...
[ INFO] [1774844486.902820982, 1216.064000000]: [Multi Floor Nav] Waiting for AMCL nomotion updates (8.2/12.0s, L1)...
[ INFO] [1774844488.121103050, 1217.262000000]: [Multi Floor Nav] Waiting for AMCL nomotion updates (9.4/12.0s, L1)...
[ INFO] [1774844489.135548868, 1218.263000000]: [Multi Floor Nav] Waiting for AMCL nomotion updates (10.4/12.0s, L1)...
[ INFO] [1774844490.148819541, 1219.263000000]: [Multi Floor Nav] Waiting for AMCL nomotion updates (11.4/12.0s, L1)...
[ INFO] [1774844490.756733084, 1219.862000000]: [Multi Floor Nav] Current Robot Pose, x: 3.16, y: 0.61, yaw: -2.53
[ INFO] [1774844490.756752500, 1219.862000000]: [Multi Floor Nav] Linear Error: 1.12, Angular Error: 0.61
[ INFO] [1774844490.756761719, 1219.862000000]: [Multi Floor Nav] Setting initial pose failed. Will Retry (retry #5)
[ INFO] [1774844490.959494341, 1220.062000000]: [Multi Floor Nav] Adaptive sigma: offset_planar=0.566, adaptive_scale=0.198, adaptive_yaw=0.090 ??? sigma(0.198, 0.198, 0.090)
[ INFO] [1774844490.959526747, 1220.062000000]: [Multi Floor Nav] Initializing Robot at x: 3.4, y: -0.1, yaw: 3.3 (level=1, sigma: x=0.396, y=0.396, yaw=0.180, retry=5)
[ INFO] [1774844490.959547350, 1220.062000000]: [Multi Floor Nav] Initializing Pose to x: 3.00, y: -0.50 at level: 1
[ INFO] [1774844491.977718909, 1221.064000000]: [Multi Floor Nav] Waiting for AMCL nomotion updates (1.0/12.0s, L1)...
[ INFO] [1774844492.992494796, 1222.065000000]: [Multi Floor Nav] Waiting for AMCL nomotion updates (2.0/12.0s, L1)...
[ INFO] [1774844494.005720981, 1223.065000000]: [Multi Floor Nav] Waiting for AMCL nomotion updates (3.0/12.0s, L1)...
[ INFO] [1774844495.021843543, 1224.065000000]: [Multi Floor Nav] Waiting for AMCL nomotion updates (4.0/12.0s, L1)...
[ INFO] [1774844496.032934827, 1225.066000000]: [Multi Floor Nav] Waiting for AMCL nomotion updates (5.0/12.0s, L1)...
[ INFO] [1774844497.045492563, 1226.066000000]: [Multi Floor Nav] Waiting for AMCL nomotion updates (6.0/12.0s, L1)...
[ INFO] [1774844498.265103777,[ WARN] [1774844503.331457984, 1232.264000000]: [Multi Floor Nav] Initial pose perturbation applied: offset_x=0.40, offset_y=0.40, offset_theta=0.20
[ WARN] [1774844503.331499469, 1232.264000000]: [Multi Floor Nav] Retry #6: sigma scaled by 2.000 ??? (0.396, 0.396, 0.180)
[ WARN] [1774844515.694504266, 1244.466000000]: [Multi Floor Nav] Initial pose perturbation applied: offset_x=0.40, offset_y=0.40, offset_theta=0.20
[ WARN] [1774844515.694570126, 1244.466000000]: [Multi Floor Nav] Retry #7: sigma scaled by 2.000 ??? (0.396, 0.396, 0.180)
 1227.266000000]: [Multi Floor Nav] Waiting for AMCL nomotion updates (7.2/12.0s, L1)...
[ INFO] [1774844499.480225189, 1228.465000000]: [Multi Floor Nav] Waiting for AMCL nomotion updates (8.4/12.0s, L1)...
[ INFO] [1774844500.497667329, 1229.466000000]: [Multi Floor Nav] Waiting for AMCL nomotion updates (9.4/12.0s, L1)...
[ INFO] [1774844501.510591661, 1230.466000000]: [Multi Floor Nav] Waiting for AMCL nomotion updates (10.4/12.0s, L1)...
[ INFO] [1774844502.725645608, 1231.665000000]: [Multi Floor Nav] Waiting for AMCL nomotion updates (11.6/12.0s, L1)...
[ INFO] [1774844503.130287217, 1232.065000000]: [Multi Floor Nav] Current Robot Pose, x: 3.14, y: 0.56, yaw: -2.42
[ INFO] [1774844503.130350144, 1232.066000000]: [Multi Floor Nav] Linear Error: 1.07, Angular Error: 0.72
[ INFO] [1774844503.130385064, 1232.066000000]: [Multi Floor Nav] Setting initial pose failed. Will Retry (retry #6)
[ INFO] [1774844503.331487107, 1232.264000000]: [Multi Floor Nav] Adaptive sigma: offset_planar=0.566, adaptive_scale=0.198, adaptive_yaw=0.090 ??? sigma(0.198, 0.198, 0.090)
[ INFO] [1774844503.331518606, 1232.264000000]: [Multi Floor Nav] Initializing Robot at x: 3.4, y: -0.1, yaw: 3.3 (level=1, sigma: x=0.396, y=0.396, yaw=0.180, retry=6)
[ INFO] [1774844503.331543399, 1232.264000000]: [Multi Floor Nav] Initializing Pose to x: 3.00, y: -0.50 at level: 1
[ INFO] [1774844504.349958355, 1233.267000000]: [Multi Floor Nav] Waiting for AMCL nomotion updates (1.0/12.0s, L1)...
[ INFO] [1774844505.564630272, 1234.466000000]: [Multi Floor Nav] Waiting for AMCL nomotion updates (2.2/12.0s, L1)...
[ INFO] [1774844506.578153212, 1235.467000000]: [Multi Floor Nav] Waiting for AMCL nomotion updates (3.2/12.0s, L1)...
[ INFO] [1774844507.592358569, 1236.468000000]: [Multi Floor Nav] Waiting for AMCL nomotion updates (4.2/12.0s, L1)...
[ INFO] [1774844508.806159568, 1237.667000000]: [Multi Floor Nav] Waiting for AMCL nomotion updates (5.4/12.0s, L1)...
[ INFO] [1774844510.023197071, 1238.866000000]: [Multi Floor Nav] Waiting for AMCL nomotion updates (6.6/12.0s, L1)...
[ INFO] [1774844511.032460127, 1239.868000000]: [Multi Floor Nav] Waiting for AMCL nomotion updates (7.6/12.0s, L1)...
[ INFO] [1774844512.247164870, 1241.068000000]: [Multi Floor Nav] Waiting for AMCL nomotion updates (8.8/12.0s, L1)...
[ INFO] [1774844513.263743705, 1242.068000000]: [Multi Floor Nav] Waiting for AMCL nomotion updates (9.8/12.0s, L1)...
[ INFO] [1774844514.277713210, 1243.068000000]: [Multi Floor Nav] Waiting for AMCL nomotion updates (10.8/12.0s, L1)...
[ INFO] [1774844515.492961944, 1244.267000000]: [Multi Floor Nav] Current Robot Pose, x: 3.10, y: 0.50, yaw: -2.57
[ INFO] [1774844515.492982408, 1244.267000000]: [Multi Floor Nav] Linear Error: 1.00, Angular Error: 0.57
[ INFO] [1774844515.492991976, 1244.267000000]: [Multi Floor Nav] Setting initial pose failed. Will Retry (retry #7)
[ INFO] [1774844515.694552386, 1244.466000000]: [Multi Floor Nav] Adaptive sigma: offset_planar=0.566, adaptive_scale=0.198, adaptive_yaw=0.090 ??? sigma(0.198, 0.198, 0.090)
[ INFO] [1774844515.694590939, 1244.466000000]: [Multi Floor Nav] Initializing Robot at x: 3.4, y: -0.1, yaw: 3.3 (level=1, sigma: x=0.396, y=0.396, yaw=0.180, retry=7)
[ INFO] [1774844515.694622926, 1244.466000000]: [Multi Floor Nav] Initializing Pose to x: 3.00, y: -0.50 at level: 1
[ INFO] [1774844516.713409926, 1245.470000000]: [Multi Floor Nav] Waiting for AMCL nomotion updates (1.0/12.0s, L1)...
[ INFO] [1774844517.724015746, 1246.470000000]: [Multi Floor Nav] Waiting for AMCL nomotion updates (2.0/12.0s, L1)...
[ INFO] [1774844518.940511982, 1247.669000000]: [Multi Floor Nav] Waiting for AMCL nomotion updates (3.2/12.0s, L1)...
[ INFO] [1774844519.951922791, 1248.669000000]: [Multi Floor Nav] Waiting for AMCL nomotion updates (4.2/12.0s, L1)...
[ INFO] [1774844521.169127634, 1249.868000000]: [Multi Floor Nav] Waiting for AMCL nomotion updates (5.4/12.0s, L1)...
[ INFO] [1774844522.184187567, 1250.869000000]: [Multi Floor Nav] Waiting for AMCL nomotion updates (6.4/12.0s, L1)...
[ INFO] [1774844523.197732[ WARN] [1774844528.055658078, 1256.670000000]: [Multi Floor Nav] Initial pose perturbation applied: offset_x=0.40, offset_y=0.40, offset_theta=0.20
[ WARN] [1774844528.055752224, 1256.670000000]: [Multi Floor Nav] Retry #8: sigma scaled by 2.000 ??? (0.396, 0.396, 0.180)
[ WARN] [1774844540.430662221, 1268.874000000]: [Multi Floor Nav] Initial pose perturbation applied: offset_x=0.40, offset_y=0.40, offset_theta=0.20
[ WARN] [1774844540.430758322, 1268.874000000]: [Multi Floor Nav] Retry #9: sigma scaled by 2.000 ??? (0.396, 0.396, 0.180)
299, 1251.869000000]: [Multi Floor Nav] Waiting for AMCL nomotion updates (7.4/12.0s, L1)...
[ INFO] [1774844524.210827884, 1252.869000000]: [Multi Floor Nav] Waiting for AMCL nomotion updates (8.4/12.0s, L1)...
[ INFO] [1774844525.222940944, 1253.869000000]: [Multi Floor Nav] Waiting for AMCL nomotion updates (9.4/12.0s, L1)...
[ INFO] [1774844526.232686044, 1254.869000000]: [Multi Floor Nav] Waiting for AMCL nomotion updates (10.4/12.0s, L1)...
[ INFO] [1774844527.448250392, 1256.069000000]: [Multi Floor Nav] Waiting for AMCL nomotion updates (11.6/12.0s, L1)...
[ INFO] [1774844527.851492597, 1256.468000000]: [Multi Floor Nav] Current Robot Pose, x: 3.19, y: 0.60, yaw: -2.55
[ INFO] [1774844527.851516832, 1256.469000000]: [Multi Floor Nav] Linear Error: 1.12, Angular Error: 0.59
[ INFO] [1774844527.851527378, 1256.469000000]: [Multi Floor Nav] Setting initial pose failed. Will Retry (retry #8)
[ INFO] [1774844528.055724986, 1256.670000000]: [Multi Floor Nav] Adaptive sigma: offset_planar=0.566, adaptive_scale=0.198, adaptive_yaw=0.090 ??? sigma(0.198, 0.198, 0.090)
[ INFO] [1774844528.055785119, 1256.670000000]: [Multi Floor Nav] Initializing Robot at x: 3.4, y: -0.1, yaw: 3.3 (level=1, sigma: x=0.396, y=0.396, yaw=0.180, retry=8)
[ INFO] [1774844528.055834637, 1256.670000000]: [Multi Floor Nav] Initializing Pose to x: 3.00, y: -0.50 at level: 1
[ INFO] [1774844529.073356258, 1257.673000000]: [Multi Floor Nav] Waiting for AMCL nomotion updates (1.0/12.0s, L1)...
[ INFO] [1774844530.087699832, 1258.674000000]: [Multi Floor Nav] Waiting for AMCL nomotion updates (2.0/12.0s, L1)...
[ INFO] [1774844531.305148980, 1259.872000000]: [Multi Floor Nav] Waiting for AMCL nomotion updates (3.2/12.0s, L1)...
[ INFO] [1774844532.321479672, 1260.873000000]: [Multi Floor Nav] Waiting for AMCL nomotion updates (4.2/12.0s, L1)...
[ INFO] [1774844533.338756361, 1261.873000000]: [Multi Floor Nav] Waiting for AMCL nomotion updates (5.2/12.0s, L1)...
[ INFO] [1774844534.351768137, 1262.873000000]: [Multi Floor Nav] Waiting for AMCL nomotion updates (6.2/12.0s, L1)...
[ INFO] [1774844535.365559130, 1263.874000000]: [Multi Floor Nav] Waiting for AMCL nomotion updates (7.2/12.0s, L1)...
[ INFO] [1774844536.378041511, 1264.874000000]: [Multi Floor Nav] Waiting for AMCL nomotion updates (8.2/12.0s, L1)...
[ INFO] [1774844537.594014500, 1266.073000000]: [Multi Floor Nav] Waiting for AMCL nomotion updates (9.4/12.0s, L1)...
[ INFO] [1774844538.811756073, 1267.274000000]: [Multi Floor Nav] Waiting for AMCL nomotion updates (10.6/12.0s, L1)...
[ INFO] [1774844540.024242038, 1268.474000000]: [Multi Floor Nav] Waiting for AMCL nomotion updates (11.8/12.0s, L1)...
[ INFO] [1774844540.224997671, 1268.672000000]: [Multi Floor Nav] Current Robot Pose, x: 3.23, y: 0.61, yaw: -2.60
[ INFO] [1774844540.225034128, 1268.672000000]: [Multi Floor Nav] Linear Error: 1.13, Angular Error: 0.54
[ INFO] [1774844540.225046071, 1268.672000000]: [Multi Floor Nav] Setting initial pose failed. Will Retry (retry #9)
[ INFO] [1774844540.430730595, 1268.874000000]: [Multi Floor Nav] Adaptive sigma: offset_planar=0.566, adaptive_scale=0.198, adaptive_yaw=0.090 ??? sigma(0.198, 0.198, 0.090)
[ INFO] [1774844540.430797363, 1268.874000000]: [Multi Floor Nav] Initializing Robot at x: 3.4, y: -0.1, yaw: 3.3 (level=1, sigma: x=0.396, y=0.396, yaw=0.180, retry=9)
[ INFO] [1774844540.430872861, 1268.874000000]: [Multi Floor Nav] Initializing Pose to x: 3.00, y: -0.50 at level: 1
[ INFO] [1774844541.449201497, 1269.878000000]: [Multi Floor Nav] Waiting for AMCL nomotion updates (1.0/12.0s, L1)...
[ INFO] [1774844542.662387758, 1271.075000000]: [Multi Floor Nav] Waiting for AMCL nomotion updates (2.2/12.0s, L1)...
[ INFO] [1774844543.679211250, 1272.078000000]: [Multi Floor Nav] Waiting for AMCL nomotion updates (3.2/12.0s, L1)...
[ INFO] [1774844544.897231629, 1273.277000000]: [Multi Floor Nav] Waiting for AMCL nomotion updates (4.4/12.0s, L1)...
[ INFO] [1774844546.115894407, 1274.477000000]: [Multi Floor Nav] Waiting for AMCL nomotion updates (5.6/12.0s, L1)...
[ INFO] [1774844547.3[ WARN] [1774844552.807626953, 1281.076000000]: [Multi Floor Nav] Initial pose perturbation applied: offset_x=0.40, offset_y=0.40, offset_theta=0.20
[ WARN] [1774844552.807670883, 1281.076000000]: [Multi Floor Nav] Retry #10: sigma scaled by 2.000 ??? (0.396, 0.396, 0.180)
30941863, 1275.678000000]: [Multi Floor Nav] Waiting for AMCL nomotion updates (6.8/12.0s, L1)...
[ INFO] [1774844548.343536200, 1276.678000000]: [Multi Floor Nav] Waiting for AMCL nomotion updates (7.8/12.0s, L1)...
[ INFO] [1774844549.561971995, 1277.877000000]: [Multi Floor Nav] Waiting for AMCL nomotion updates (9.0/12.0s, L1)...
[ INFO] [1774844550.575871312, 1278.877000000]: [Multi Floor Nav] Waiting for AMCL nomotion updates (10.0/12.0s, L1)...
[ INFO] [1774844551.591713677, 1279.877000000]: [Multi Floor Nav] Waiting for AMCL nomotion updates (11.0/12.0s, L1)...
[ INFO] [1774844552.606496903, 1280.877000000]: [Multi Floor Nav] Current Robot Pose, x: 3.11, y: 0.55, yaw: -2.49
[ INFO] [1774844552.606527842, 1280.877000000]: [Multi Floor Nav] Linear Error: 1.05, Angular Error: 0.65
[ INFO] [1774844552.606542299, 1280.877000000]: [Multi Floor Nav] Setting initial pose failed. Will Retry (retry #10)
[ INFO] [1774844552.807658940, 1281.076000000]: [Multi Floor Nav] Adaptive sigma: offset_planar=0.566, adaptive_scale=0.198, adaptive_yaw=0.090 ??? sigma(0.198, 0.198, 0.090)
[ INFO] [1774844552.807685550, 1281.076000000]: [Multi Floor Nav] Initializing Robot at x: 3.4, y: -0.1, yaw: 3.3 (level=1, sigma: x=0.396, y=0.396, yaw=0.180, retry=10)
[ INFO] [1774844552.807708388, 1281.076000000]: [Multi Floor Nav] Initializing Pose to x: 3.00, y: -0.50 at level: 1
[ INFO] [1774844553.827268042, 1282.081000000]: [Multi Floor Nav] Waiting for AMCL nomotion updates (1.0/12.0s, L1)...
[ INFO] [1774844554.841462089, 1283.081000000]: [Multi Floor Nav] Waiting for AMCL nomotion updates (2.0/12.0s, L1)...
[ INFO] [1774844556.059938253, 1284.280000000]: [Multi Floor Nav] Waiting for AMCL nomotion updates (3.2/12.0s, L1)...
[ INFO] [1774844557.069808999, 1285.280000000]: [Multi Floor Nav] Waiting for AMCL nomotion updates (4.2/12.0s, L1)...
[ INFO] [1774844558.084951767, 1286.281000000]: [Multi Floor Nav] Waiting for AMCL nomotion updates (5.2/12.0s, L1)...
[ INFO] [1774844559.098177538, 1287.281000000]: [Multi Floor Nav] Waiting for AMCL nomotion updates (6.2/12.0s, L1)...
[ INFO] [1774844560.314334281, 1288.480000000]: [Multi Floor Nav] Waiting for AMCL nomotion updates (7.4/12.0s, L1)...
[ INFO] [1774844324.956692838, 1056.172000000]: global_costmap: Using plugin "static_layer"
[ INFO] [1774844324.960818768, 1056.176000000]: Requesting the map...
[ INFO] [1774844356.628355482, 1087.479000000]: Resizing costmap to 992 X 992 at 0.020000 m/pix
[ INFO] [1774844356.728974911, 1087.578000000]: Received a 992 X 992 map at 0.020000 m/pix
[ INFO] [1774844356.733191145, 1087.582000000]: global_costmap: Using plugin "obstacles_layer"
[ INFO] [1774844356.739863828, 1087.589000000]:     Subscribed to Topics: scan
[ INFO] [1774844356.754410110, 1087.603000000]: global_costmap: Using plugin "inflater_layer"
[ INFO] [1774844356.791621347, 1087.640000000]: local_costmap: Using plugin "obstacles_layer"
[ INFO] [1774844356.793704286, 1087.643000000]:     Subscribed to Topics: scan
[ INFO] [1774844356.802785787, 1087.651000000]: local_costmap: Using plugin "inflater_layer"
[ INFO] [1774844356.823353275, 1087.672000000]: Created local_planner base_local_planner/TrajectoryPlannerROS
[ INFO] [1774844356.826850845, 1087.676000000]: Sim period is set to 0.05
[ INFO] [1774844356.886911067, 1087.735000000]: Recovery behavior will clear layer 'obstacles'
[ INFO] [1774844356.890328180, 1087.739000000]: Recovery behavior will clear layer 'obstacles'
[ INFO] [1774844356.998427794, 1087.846000000]: odom received!

auto-starting new master
[1mprocess[master]: started with pid [173513][0m
[1mROS_MASTER_URI=http://localhost:11311[0m
]2;/home/eethanhe/catkin_ws/src/robot-multi-floor-navigation/multi_floor_nav/launch/nav.launch http://localhost:11311
[1msetting /run_id to 8849945e-2bef-11f1-8d1e-01badb8e21cf[0m
[1mprocess[rosout-1]: started with pid [173538][0m
started core service [/rosout]
[1mprocess[gazebo-2]: started with pid [173545][0m
[1mprocess[robot_state_publisher-3]: started with pid [173549][0m
[1mprocess[controller_spawner-4]: started with pid [173551][0m
[1mprocess[ekf_localization-5]: started with pid [173552][0m
[1mprocess[twist_mux-6]: started with pid [173553][0m
[1mprocess[twist_marker_server-7]: started with pid [173558][0m
[1mprocess[urdf_spawner-8]: started with pid [173561][0m
[1mprocess[map_server0-9]: started with pid [173571][0m
[1mprocess[map_server1-10]: started with pid [173578][0m
[1mprocess[amcl-11]: started with pid [173579][0m
[1mprocess[move_base-12]: started with pid [173581][0m
[1mprocess[rviz-13]: started with pid [173587][0m
[1mprocess[change_map_node-14]: started with pid [173594][0m
[1mprocess[multi_floor_navigation_node-15]: started with pid [173603][0m
[1m[urdf_spawner-8] process has finished cleanly
log file: /home/eethanhe/.ros/log/8849945e-2bef-11f1-8d1e-01badb8e21cf/urdf_spawner-8*.log[0m
[multi_floor_navigation_node-15] killing on exit
[change_map_node-14] killing on exit
[rviz-13] killing on exit
[move_base-12] killing on exit
[amcl-11] killing on exit
[map_server1-10] killing on exit
[map_server0-9] killing on exit
[twist_marker_server-7] killing on exit
[twist_mux-6] killing on exit
[ekf_localization-5] killing on exit
[controller_spawner-4] killing on exit
[robot_state_publisher-3] killing on exit
[gazebo-2] killing on exit
[rosout-1] killing on exit
[master] killing on exit
shutting down processing monitor...
... shutting down processing monitor complete
[1mdone[0m
