xacro: in-order processing became default in ROS Melodic. You can drop the option.
... logging to /home/eethanhe/.ros/log/df775e34-2bfc-11f1-8d1e-01badb8e21cf/roslaunch-eethanhe-Lenovo-Legion-R9000P2021H-285392.log
Checking log directory for disk usage. This may take a while.
Press Ctrl-C to interrupt
Done checking log file disk usage. Usage is <1GB.
]2;/home/eethanhe/catkin_ws/src/robot-multi-floor-navigation/multi_floor_nav/launch/nav.launch
[1mstarted roslaunch server http://eethanhe-Lenovo-Legion-R9000P2021H:32985/[0m

SUMMARY
========

PARAMETERS
 * /amcl/auto_update_noise: 0.0
 * /amcl/base_frame_id: base_link
 * /amcl/expected_laser_freq: 5.0
 * /amcl/first_map_only: False
 * /amcl/global_frame_id: map
 * /amcl/gui_publish_rate: 10.0
 * /amcl/initial_pose_a: 0.0
 * /amcl/initial_pose_x: 0.0
 * /amcl/initial_pose_y: 0.0
 * /amcl/kld_err: 0.05
 * /amcl/kld_z: 0.99
 * /amcl/laser_lambda_short: 0.1
 * /amcl/laser_likelihood_max_dist: 2.0
 * /amcl/laser_max_beams: 720
 * /amcl/laser_max_range: 30.0
 * /amcl/laser_min_range: 0.1
 * /amcl/laser_model_type: likelihood_field
 * /amcl/laser_sigma_hit: 0.2
 * /amcl/laser_z_hit: 0.5
 * /amcl/laser_z_max: 0.05
 * /amcl/laser_z_rand: 0.5
 * /amcl/laser_z_short: 0.05
 * /amcl/max_particles: 2000
 * /amcl/min_particles: 500
 * /amcl/odom_alpha1: 0.2
 * /amcl/odom_alpha2: 0.2
 * /amcl/odom_alpha3: 0.2
 * /amcl/odom_alpha4: 0.2
 * /amcl/odom_alpha5: 0.1
 * /amcl/odom_frame_id: odom
 * /amcl/odom_model_type: diff
 * /amcl/odom_update_interval: 0.1
 * /amcl/recovery_alpha_fast: 0.1
 * /amcl/recovery_alpha_slow: 0.001
 * /amcl/resample_interval: 1
 * /amcl/transform_tolerance: 1.0
 * /amcl/update_min_a: 0.3927
 * /amcl/update_min_d: 0.1
 * /amcl/use_map_topic: False
 * /ekf_localization/base_link_frame: base_link
 * /ekf_localization/frequency: 50
 * /ekf_localization/imu0: /imu/data
 * /ekf_localization/imu0_config: [False, False, Fa...
 * /ekf_localization/imu0_differential: False
 * /ekf_localization/odom0: /jackal_velocity_...
 * /ekf_localization/odom0_config: [False, False, Fa...
 * /ekf_localization/odom0_differential: False
 * /ekf_localization/odom_frame: odom
 * /ekf_localization/predict_to_current_time: True
 * /ekf_localization/world_frame: odom
 * /gazebo/enable_ros_network: True
 * /jackal_joint_publisher/publish_rate: 50
 * /jackal_joint_publisher/type: joint_state_contr...
 * /jackal_velocity_controller/angular/z/has_acceleration_limits: True
 * /jackal_velocity_controller/angular/z/has_velocity_limits: True
 * /jackal_velocity_controller/angular/z/max_acceleration: 25.0
 * /jackal_velocity_controller/angular/z/max_velocity: 4.0
 * /jackal_velocity_controller/cmd_vel_timeout: 0.25
 * /jackal_velocity_controller/enable_odom_tf: False
 * /jackal_velocity_controller/k_l: 0.1
 * /jackal_velocity_controller/k_r: 0.1
 * /jackal_velocity_controller/left_wheel: ['front_left_whee...
 * /jackal_velocity_controller/linear/x/has_acceleration_limits: True
 * /jackal_velocity_controller/linear/x/has_velocity_limits: True
 * /jackal_velocity_controller/linear/x/max_acceleration: 20.0
 * /jackal_velocity_controller/linear/x/max_velocity: 2.0
 * /jackal_velocity_controller/pose_covariance_diagonal: [0.001, 0.001, 10...
 * /jackal_velocity_controller/publish_cmd: True
 * /jackal_velocity_controller/publish_rate: 50
 * /jackal_velocity_controller/right_wheel: ['front_right_whe...
 * /jackal_velocity_controller/twist_covariance_diagonal: [0.001, 0.001, 0....
 * /jackal_velocity_controller/type: diff_drive_contro...
 * /jackal_velocity_controller/wheel_radius_multiplier: 1.0
 * /jackal_velocity_controller/wheel_separation_multiplier: 1.5
 * /move_base/NavfnROS/allow_unknown: True
 * /move_base/TrajectoryPlannerROS/acc_lim_theta: 20.0
 * /move_base/TrajectoryPlannerROS/acc_lim_x: 10.0
 * /move_base/TrajectoryPlannerROS/angular_sim_granularity: 0.02
 * /move_base/TrajectoryPlannerROS/controller_frequency: 20.0
 * /move_base/TrajectoryPlannerROS/dwa: True
 * /move_base/TrajectoryPlannerROS/escape_reset_dist: 0.1
 * /move_base/TrajectoryPlannerROS/escape_reset_theta: 0.1
 * /move_base/TrajectoryPlannerROS/escape_vel: -0.5
 * /move_base/TrajectoryPlannerROS/gdist_scale: 1.0
 * /move_base/TrajectoryPlannerROS/heading_lookahead: 0.325
 * /move_base/TrajectoryPlannerROS/heading_scoring: False
 * /move_base/TrajectoryPlannerROS/heading_scoring_timestep: 0.8
 * /move_base/TrajectoryPlannerROS/holonomic_robot: False
 * /move_base/TrajectoryPlannerROS/latch_xy_goal_tolerance: False
 * /move_base/TrajectoryPlannerROS/max_vel_theta: 1.57
 * /move_base/TrajectoryPlannerROS/max_vel_x: 0.5
 * /move_base/TrajectoryPlannerROS/meter_scoring: True
 * /move_base/TrajectoryPlannerROS/min_in_place_vel_theta: 0.314
 * /move_base/TrajectoryPlannerROS/min_vel_theta: -1.57
 * /move_base/TrajectoryPlannerROS/min_vel_x: 0.1
 * /move_base/TrajectoryPlannerROS/occdist_scale: 0.1
 * /move_base/TrajectoryPlannerROS/oscillation_reset_dist: 0.05
 * /move_base/TrajectoryPlannerROS/pdist_scale: 0.75
 * /move_base/TrajectoryPlannerROS/publish_cost_grid_pc: True
 * /move_base/TrajectoryPlannerROS/sim_granularity: 0.02
 * /move_base/TrajectoryPlannerROS/sim_time: 2.0
 * /move_base/TrajectoryPlannerROS/simple_attractor: False
 * /move_base/TrajectoryPlannerROS/vtheta_samples: 20
 * /move_base/TrajectoryPlannerROS/vx_samples: 6
 * /move_base/TrajectoryPlannerROS/xy_goal_tolerance: 0.25
 * /move_base/TrajectoryPlannerROS/yaw_goal_tolerance: 0.157
 * /move_base/base_global_planner: navfn/NavfnROS
 * /move_base/base_local_planner: base_local_planne...
 * /move_base/clearing_rotation_allowed: True
 * /move_base/controller_frequency: 20.0
 * /move_base/controller_patience: 15.0
 * /move_base/global_costmap/footprint: [[-0.21, -0.165],...
 * /move_base/global_costmap/footprint_padding: 0.1
 * /move_base/global_costmap/global_frame: map
 * /move_base/global_costmap/height: 40.0
 * /move_base/global_costmap/inflater_layer/inflation_radius: 0.3
 * /move_base/global_costmap/map_type: costmap
 * /move_base/global_costmap/meter_scoring: True
 * /move_base/global_costmap/obstacle_range: 2.5
 * /move_base/global_costmap/obstacles_layer/observation_sources: scan
 * /move_base/global_costmap/obstacles_layer/scan/clearing: True
 * /move_base/global_costmap/obstacles_layer/scan/data_type: LaserScan
 * /move_base/global_costmap/obstacles_layer/scan/marking: True
 * /move_base/global_costmap/obstacles_layer/scan/max_obstacle_height: 2.0
 * /move_base/global_costmap/obstacles_layer/scan/min_obstacle_height: -2.0
 * /move_base/global_costmap/obstacles_layer/scan/obstacle_range: 2.5
 * /move_base/global_costmap/obstacles_layer/scan/raytrace_range: 3.0
 * /move_base/global_costmap/obstacles_layer/scan/sensor_frame: front_laser
 * /move_base/global_costmap/obstacles_layer/scan/topic: front/scan
 * /move_base/global_costmap/origin_x: -20.0
 * /move_base/global_costmap/origin_y: -20.0
 * /move_base/global_costmap/origin_z: 0.0
 * /move_base/global_costmap/plugins: [{'name': 'static...
 * /move_base/global_costmap/publish_frequency: 5.0
 * /move_base/global_costmap/publish_voxel_map: False
 * /move_base/global_costmap/raytrace_range: 3.0
 * /move_base/global_costmap/resolution: 0.05
 * /move_base/global_costmap/robot_base_frame: base_link
 * /move_base/global_costmap/rolling_window: False
 * /move_base/global_costmap/static_map: True
 * /move_base/global_costmap/transform_tolerance: 0.5
 * /move_base/global_costmap/update_frequency: 20.0
 * /move_base/global_costmap/width: 40.0
 * /move_base/global_costmap/z_resolution: 1
 * /move_base/global_costmap/z_voxels: 2
 * /move_base/local_costmap/footprint: [[-0.21, -0.165],...
 * /move_base/local_costmap/footprint_padding: 0.1
 * /move_base/local_costmap/global_frame: map
 * /move_base/local_costmap/height: 10.0
 * /move_base/local_costmap/inflater_layer/inflation_radius: 0.3
 * /move_base/local_costmap/map_type: costmap
 * /move_base/local_costmap/meter_scoring: True
 * /move_base/local_costmap/obstacle_range: 2.5
 * /move_base/local_costmap/obstacles_layer/observation_sources: scan
 * /move_base/local_costmap/obstacles_layer/scan/clearing: True
 * /move_base/local_costmap/obstacles_layer/scan/data_type: LaserScan
 * /move_base/local_costmap/obstacles_layer/scan/marking: True
 * /move_base/local_costmap/obstacles_layer/scan/max_obstacle_height: 2.0
 * /move_base/local_costmap/obstacles_layer/scan/min_obstacle_height: -2.0
 * /move_base/local_costmap/obstacles_layer/scan/obstacle_range: 2.5
 * /move_base/local_costmap/obstacles_layer/scan/raytrace_range: 3.0
 * /move_base/local_costmap/obstacles_layer/scan/sensor_frame: front_laser
 * /move_base/local_costmap/obstacles_layer/scan/topic: front/scan
 * /move_base/local_costmap/origin_z: 0.0
 * /move_base/local_costmap/plugins: [{'name': 'obstac...
 * /move_base/local_costmap/publish_frequency: 5.0
 * /move_base/local_costmap/publish_voxel_map: False
 * /move_base/local_costmap/raytrace_range: 3.0
 * /move_base/local_costmap/resolution: 0.05
 * /move_base/local_costmap/robot_base_frame: base_link
 * /move_base/local_costmap/rolling_window: True
 * /move_base/local_costmap/static_map: False
 * /move_base/local_costmap/transform_tolerance: 0.5
 * /move_base/local_costmap/update_frequency: 20.0
 * /move_base/local_costmap/width: 10.0
 * /move_base/local_costmap/z_resolution: 1
 * /move_base/local_costmap/z_voxels: 2
 * /move_base/oscillation_distance: 0.5
 * /move_base/oscillation_timeout: 0.0
 * /move_base/planner_frequency: 20.0
 * /move_base/planner_patience: 5.0
 * /move_base/recovery_behavior_enabled: True
 * /move_base/shutdown_costmaps: False
 * /multi_floor_navigation_node/init_pose_offset_theta: 0.05
 * /multi_floor_navigation_node/init_pose_offset_x: 0.1
 * /multi_floor_navigation_node/init_pose_offset_y: 0.1
 * /multi_floor_navigation_node/region_init_backoff_factor: 1.3
 * /multi_floor_navigation_node/region_init_max_backoff: 2.0
 * /multi_floor_navigation_node/region_init_sigma_adaptive_alpha: 0.35
 * /multi_floor_navigation_node/region_init_sigma_min_scale: 0.03
 * /multi_floor_navigation_node/region_init_sigma_min_yaw: 0.02
 * /multi_floor_navigation_node/region_init_sigma_x: 0.15
 * /multi_floor_navigation_node/region_init_sigma_x_L0: 0.15
 * /multi_floor_navigation_node/region_init_sigma_x_L1: 0.2
 * /multi_floor_navigation_node/region_init_sigma_y: 0.15
 * /multi_floor_navigation_node/region_init_sigma_y_L0: 0.15
 * /multi_floor_navigation_node/region_init_sigma_y_L1: 0.2
 * /multi_floor_navigation_node/region_init_sigma_yaw: 0.1
 * /multi_floor_navigation_node/region_init_sigma_yaw_L0: 0.1
 * /multi_floor_navigation_node/region_init_sigma_yaw_L1: 0.12
 * /multi_floor_navigation_node/reloc_min_check_delay_L0: 6.0
 * /multi_floor_navigation_node/reloc_min_check_delay_L1: 12.0
 * /multi_floor_navigation_node/reloc_min_check_delay_sec: 6.0
 * /robot_description: <?xml version="1....
 * /rosdistro: noetic
 * /rosversion: 1.17.0
 * /twist_marker_server/link_name: base_link
 * /twist_mux/locks: [{'name': 'e_stop...
 * /twist_mux/topics: [{'name': 'joy', ...
 * /use_gui: True
 * /use_sim_time: True

NODES
  /
    amcl (amcl/amcl)
    change_map_node (multi_floor_nav/change_map_node)
    controller_spawner (controller_manager/spawner)
    ekf_localization (robot_localization/ekf_localization_node)
    gazebo (gazebo_ros/gzserver)
    map_server0 (map_server/map_server)
    map_server1 (map_server/map_server)
    move_base (move_base/move_base)
    multi_floor_navigation_node (multi_floor_nav/multi_floor_navigation_node)
    robot_state_publisher (robot_state_publisher/robot_state_publisher)
    rviz (rviz/rviz)
    twist_marker_server (interactive_marker_twist_server/marker_server)
    twist_mux (twist_mux/twist_mux)
    urdf_spawner (gazebo_ros/spawn_model)
[ INFO] [1774850051.859042174]: Finished loading Gazebo ROS API Plugin.
[ INFO] [1774850051.859776621]: waitForService: Service [/gazebo/set_physics_properties] has not been advertised, waiting...
[1;33mWarning [Model.cc:216][0m Non-unique name[door] detected 2 times in XML children of model with name[elevator].
[1;33mWarning [Model.cc:309][0m Joint with name [door] in model with name [elevator] has a name collision, changing joint name to [door_joint].
[ INFO] [1774850052.905232344]: waitForService: Service [/gazebo/set_physics_properties] is now available.
[ INFO] [1774850052.920628846]: Physics dynamic reconfigure ready.
[1;33mWarning [parser_urdf.cc:1161][0m multiple inconsistent <gravity> exists due to fixed joint reduction overwriting previous value [true] with [false].
[1;33mWarning [parser_urdf.cc:1161][0m multiple inconsistent <gravity> exists due to fixed joint reduction overwriting previous value [false] with [true].
[ERROR] [1774850053.682816202, 1055.094000000]: No p gain specified for pid.  Namespace: /gazebo_ros_control/pid_gains/front_left_wheel
[ERROR] [1774850053.683252499, 1055.094000000]: No p gain specified for pid.  Namespace: /gazebo_ros_control/pid_gains/front_right_wheel
[ERROR] [1774850053.683646821, 1055.094000000]: No p gain specified for pid.  Namespace: /gazebo_ros_control/pid_gains/rear_left_wheel
[ERROR] [1774850053.684023054, 1055.094000000]: No p gain specified for pid.  Namespace: /gazebo_ros_control/pid_gains/rear_right_wheel
[ WARN] [1774850053.725923209, 1055.095000000]: Failed to meet update rate! Took 1055.0950000000000273
[ WARN] [1774850053.726842245, 1055.096000000]: Timed out waiting for transform from base_link to map to become available before running costmap, tf error: canTransform: target_frame map does not exist. canTransform: source_frame base_link does not exist.. canTransform returned after 1055.1 timeout was 0.1.
[ WARN] [1774850053.726886385, 1055.096000000]: Failed to meet update rate! Took 1055.0760000000000218
[ WARN] [1774850054.093147003]: Interactive marker 'robot_twist_marker' contains unnormalized quaternions. This warning will only be output once but may be true for others; enable DEBUG messages for ros.rviz.quaternions to see more details.
[ WARN] [1774850055.109857529, 1056.461000000]: global_costmap: Pre-Hydro parameter "static_map" unused since "plugins" is provided
[ WARN] [1774850055.110540015, 1056.461000000]: global_costmap: Pre-Hydro parameter "map_type" unused since "plugins" is provided
[ WARN] [1774850086.585512840, 1087.502000000]: [Multi Floor Nav] Initial pose perturbation applied: offset_x=0.10, offset_y=0.10, offset_theta=0.05
[ WARN] [1774850086.798205208, 1087.713000000]: local_costmap: Pre-Hydro parameter "static_map" unused since "plugins" is provided
[ WARN] [1774850086.798444623, 1087.713000000]: local_costmap: Pre-Hydro parameter "map_type" unused since "plugins" is provided
[ WARN] [1774850086.834522699, 1087.749000000]: Parameter pdist_scale is deprecated. Please use the name path_distance_bias instead.
[ WARN] [1774850086.835178296, 1087.750000000]: Parameter gdist_scale is deprecated. Please use the name goal_distance_bias instead.
[ WARN] [1774850147.727470832, 1147.909000000]: [Multi Floor Nav] Initial pose perturbation applied: offset_x=0.10, offset_y=0.10, offset_theta=0.05
[ INFO] [1774850051.587217662]: [Multi Floor Nav] Module A sigma: L0=(0.150,0.150,0.100) L1=(0.200,0.200,0.120)
[ INFO] [1774850051.587834636]: [Multi Floor Nav] Module A delay: L0=6.0s  L1=12.0s  backoff: factor=1.30 max=2.00
[ INFO] [1774850086.581648471, 1087.498000000]: [Multi Floor Nav] Successfully loaded map for level: 0
[ INFO] [1774850086.585589874, 1087.503000000]: [Multi Floor Nav] Adaptive sigma: offset_planar=0.141, adaptive_scale=0.049, adaptive_yaw=0.037 ??? sigma(0.049, 0.049, 0.037)
[ INFO] [1774850086.585610757, 1087.503000000]: [Multi Floor Nav] Initializing Robot at x: 5.1, y: -0.4, yaw: 0.1 (level=0, sigma: x=0.049, y=0.049, yaw=0.037, retry=0)
[ INFO] [1774850086.585634712, 1087.503000000]: [Multi Floor Nav] Initializing Pose to x: 5.00, y: -0.50 at level: 0
[ INFO] [1774850087.602959639, 1088.506000000]: [Multi Floor Nav] Waiting for AMCL nomotion updates (1.0/6.0s, L0)...
[ INFO] [1774850088.820236135, 1089.706000000]: [Multi Floor Nav] Waiting for AMCL nomotion updates (2.2/6.0s, L0)...
[ INFO] [1774850090.033380423, 1090.905000000]: [Multi Floor Nav] Waiting for AMCL nomotion updates (3.4/6.0s, L0)...
[ INFO] [1774850091.048299680, 1091.905000000]: [Multi Floor Nav] Waiting for AMCL nomotion updates (4.4/6.0s, L0)...
[ INFO] [1774850092.064936466, 1092.907000000]: [Multi Floor Nav] Waiting for AMCL nomotion updates (5.4/6.0s, L0)...
[ INFO] [1774850092.670363150, 1093.505000000]: [Multi Floor Nav] Current Robot Pose, x: 5.09, y: -0.37, yaw: 0.04
[ INFO] [1774850092.670383473, 1093.505000000]: [Multi Floor Nav] Linear Error: 0.16, Angular Error: 0.04
[ INFO] [1774850092.670391226, 1093.506000000]: [Multi Floor Nav] Robot at correct pose
[ INFO] [1774850092.671748375, 1093.507000000]: [Multi Floor Nav] RELOC_PASS: linear_error=0.1607, angular_error=0.0396, linear_error_init=0.0308, angular_error_init=0.0104, tr_sigma=0.0050, C_t=0.9950
[ INFO] [1774850093.686648776, 1094.507000000]: [Multi Floor Nav] POST_PASS: dt=1.000s, linear_error=0.1605, angular_error=0.0382
[ INFO] [1774850093.686672522, 1094.507000000]: [Multi Floor Nav] Will send goal to x: 3, y: -0, at level: 0
[ INFO] [1774850093.686683976, 1094.507000000]: [Multi Floor Nav] Sending Robot to x: 3.0, y: -0.5, yaw: 3.1
[ INFO] [1774850093.888595630, 1094.707000000]: [Multi Floor Nav] POST_PASS: dt=1.200s, linear_error=0.1605, angular_error=0.0382
[ INFO] [1774850094.092602651, 1094.907000000]: [Multi Floor Nav] POST_PASS: dt=1.400s, linear_error=0.1605, angular_error=0.0382
[ INFO] [1774850094.294285366, 1095.107000000]: [Multi Floor Nav] POST_PASS: dt=1.600s, linear_error=0.1687, angular_error=0.3773
[ INFO] [1774850094.495970806, 1095.307000000]: [Multi Floor Nav] POST_PASS: dt=1.800s, linear_error=0.1705, angular_error=0.7910
[ INFO] [1774850094.698955845, 1095.507000000]: [Multi Floor Nav] POST_PASS: dt=2.000s, linear_error=0.1645, angular_error=1.1961
[ INFO] [1774850110.279331512, 1110.907000000]: [Multi Floor Nav] Requesting Lift to Level 0
[ INFO] [1774850110.483446998, 1111.107000000]: [Multi Floor Nav] Entering Lift at Level 0
[ INFO] [1774850127.832781389, 1128.307000000]: [Multi Floor Nav] Requesting Lift to Level 1
[ INFO] [1774850134.907163658, 1135.307000000]: [Multi Floor Nav] Exiting Lift at Level 1
[ INFO] [1774850147.717208057, 1147.899000000]: [Multi Floor Nav] Successfully loaded map for level: 1
[ INFO] [1774850147.727516997, 1147.909000000]: [Multi Floor Nav] Adaptive sigma: offset_planar=0.141, adaptive_scale=0.049, adaptive_yaw=0.037 ??? sigma(0.049, 0.049, 0.037)
[ INFO] [1774850147.727530058, 1147.909000000]: [Multi Floor Nav] Initializing Robot at x: 3.1, y: -0.4, yaw: 3.2 (level=1, sigma: x=0.049, y=0.049, yaw=0.037, retry=0)
[ INFO] [1774850147.727549892, 1147.909000000]: [Multi Floor Nav] Initializing Pose to x: 3.00, y: -0.50 at level: 1
[ INFO] [1774850148.753029814, 1148.912000000]: [Multi Floor Nav] Waiting for AMCL nomotion updates (1.0/12.0s, L1)...
[ INFO] [1774850149.773655721, 1149.912000000]: [Multi Floor Nav] Waiting for AMCL nomotion updates (2.0/12.0s, L1)...
[ INFO] [1774850150.999672970, 1151.112000000]: [Multi Floor Nav] Waiting for AMCL nomotion updates (3.2/12.0s, L1)...
[ INFO] [1774850152.017242430, 1152.112000000]: [Multi Floor Nav] Waiting for AMCL nomotion updates (4.2/12.0s, L1)...
[ INFO] [1774850153.036924578, 1153.112000000]: [Multi Floor Nav] Waiting for AMCL nomotion updates (5.2/12.0s, L1)...
[ INFO] [1774850154.061239554, 1154.112000000]: [Multi Floor Nav] Waiting for AMCL nomotion updates (6.2/12.0s, L1)...
[ INFO] [1774850155.291946763, 1155.312000000]: [Multi Floor Nav] Waiting for AMCL nomotion updates (7.4/12.0s, L1)...
[ INFO] [1774850156.521103573, 1156.513000000]: [Multi Floor Nav] Waiting for AMCL nomotion updates (8.6/12.0s, L1)...
[ INFO] [1774850157.749494997, 1157.712000000]: [Multi Floor Nav] Waiting for AMCL nomotion updates (9.8/12.0s, L1)...
[ INFO] [1774850158.975435704, 1158.911000000]: [Multi Floor Nav] Waiting for AMCL nomotion updates (11.0/12.0s, L1)...
[ INFO] [1774850160.002235203, 1159.911000000]: [Multi Floor Nav] Current Robot Pose, x: 3.14, y: -0.49, yaw: 3.09
[ INFO] [1774850160.002259019, 1159.911000000]: [Multi Floor Nav] Linear Error: 0.14, Angular Error: 0.05
[ INFO] [1774850160.002268307, 1159.911000000]: [Multi Floor Nav] Robot at correct pose
[ INFO] [1774850160.003582364, 1159.912000000]: [Multi Floor Nav] RELOC_PASS: linear_error=0.1388, angular_error=0.0518, linear_error_init=0.0992, angular_error_init=0.1018, tr_sigma=0.0029, C_t=0.9971
[ INFO] [1774850161.029511297, 1160.912000000]: [Multi Floor Nav] POST_PASS: dt=1.000s, linear_error=0.1383, angular_error=0.0519
[ INFO] [1774850161.029559906, 1160.912000000]: [Multi Floor Nav] Will send goal to x: 4, y: 5, at level: 1
[ INFO] [1774850161.029584699, 1160.912000000]: [Multi Floor Nav] Sending Robot to x: 4.0, y: 5.0, yaw: 0.0
[ INFO] [1774850161.234707224, 1161.112000000]: [Multi Floor Nav] POST_PASS: dt=1.200s, linear_error=0.1383, angular_error=0.0519
[ INFO] [1774850161.438527076, 1161.313000000]: [Multi Floor Nav] POST_PASS: dt=1.401s, linear_error=0.1383, angular_error=0.0519
[ INFO] [1774850161.643493226, 1161.512000000]: [Multi Floor Nav] POST_PASS: dt=1.600s, linear_error=0.0343, angular_error=0.2428
[ INFO] [1774850161.849246554, 1161.712000000]: [Multi Floor Nav] POST_PASS: dt=1.800s, linear_error=0.1106, angular_error=0.4581
[ INFO] [1774850162.050869420, 1161.912000000]: [Multi Floor Nav] POST_PASS: dt=2.000s, linear_error=0.2483, angular_error=0.7957
[ INFO] [1774850178.932087838, 1178.512000000]: [Multi Floor Nav] Robot arrived at Goal
[ INFO] [1774850055.111871392, 1056.463000000]: global_costmap: Using plugin "static_layer"
[ INFO] [1774850055.119170886, 1056.470000000]: Requesting the map...
[ INFO] [1774850086.655499454, 1087.572000000]: Resizing costmap to 992 X 992 at 0.020000 m/pix
[ INFO] [1774850086.756706848, 1087.671000000]: Received a 992 X 992 map at 0.020000 m/pix
[ INFO] [1774850086.762693053, 1087.677000000]: global_costmap: Using plugin "obstacles_layer"
[ INFO] [1774850086.765408328, 1087.680000000]:     Subscribed to Topics: scan
[ INFO] [1774850086.774679292, 1087.689000000]: global_costmap: Using plugin "inflater_layer"
[ INFO] [1774850086.798828539, 1087.713000000]: local_costmap: Using plugin "obstacles_layer"
[ INFO] [1774850086.801078185, 1087.716000000]:     Subscribed to Topics: scan
[ INFO] [1774850086.809505121, 1087.724000000]: local_costmap: Using plugin "inflater_layer"
[ INFO] [1774850086.827305687, 1087.742000000]: Created local_planner base_local_planner/TrajectoryPlannerROS
[ INFO] [1774850086.831719564, 1087.746000000]: Sim period is set to 0.05
[ INFO] [1774850086.881922129, 1087.796000000]: Recovery behavior will clear layer 'obstacles'
[ INFO] [1774850086.885839367, 1087.800000000]: Recovery behavior will clear layer 'obstacles'
[ INFO] [1774850087.065009069, 1087.976000000]: odom received!

auto-starting new master
[1mprocess[master]: started with pid [285504][0m
[1mROS_MASTER_URI=http://localhost:11311[0m
]2;/home/eethanhe/catkin_ws/src/robot-multi-floor-navigation/multi_floor_nav/launch/nav.launch http://localhost:11311
[1msetting /run_id to df775e34-2bfc-11f1-8d1e-01badb8e21cf[0m
[1mprocess[rosout-1]: started with pid [285529][0m
started core service [/rosout]
[1mprocess[gazebo-2]: started with pid [285536][0m
[1mprocess[robot_state_publisher-3]: started with pid [285540][0m
[1mprocess[controller_spawner-4]: started with pid [285542][0m
[1mprocess[ekf_localization-5]: started with pid [285543][0m
[1mprocess[twist_mux-6]: started with pid [285544][0m
[1mprocess[twist_marker_server-7]: started with pid [285546][0m
[1mprocess[urdf_spawner-8]: started with pid [285551][0m
[1mprocess[map_server0-9]: started with pid [285557][0m
[1mprocess[map_server1-10]: started with pid [285567][0m
[1mprocess[amcl-11]: started with pid [285571][0m
[1mprocess[move_base-12]: started with pid [285572][0m
[1mprocess[rviz-13]: started with pid [285579][0m
[1mprocess[change_map_node-14]: started with pid [285587][0m
[1mprocess[multi_floor_navigation_node-15]: started with pid [285593][0m
[1m[urdf_spawner-8] process has finished cleanly
log file: /home/eethanhe/.ros/log/df775e34-2bfc-11f1-8d1e-01badb8e21cf/urdf_spawner-8*.log[0m
[multi_floor_navigation_node-15] killing on exit
[change_map_node-14] killing on exit
[rviz-13] killing on exit
[move_base-12] killing on exit
[amcl-11] killing on exit
[map_server1-10] killing on exit
[map_server0-9] killing on exit
[twist_marker_server-7] killing on exit
[twist_mux-6] killing on exit
[ekf_localization-5] killing on exit
[controller_spawner-4] killing on exit
[robot_state_publisher-3] killing on exit
[gazebo-2] killing on exit
[rosout-1] killing on exit
[master] killing on exit
shutting down processing monitor...
... shutting down processing monitor complete
[1mdone[0m
