xacro: in-order processing became default in ROS Melodic. You can drop the option.
... logging to /home/eethanhe/.ros/log/05a4b570-2bf8-11f1-8d1e-01badb8e21cf/roslaunch-eethanhe-Lenovo-Legion-R9000P2021H-244467.log
Checking log directory for disk usage. This may take a while.
Press Ctrl-C to interrupt
Done checking log file disk usage. Usage is <1GB.
]2;/home/eethanhe/catkin_ws/src/robot-multi-floor-navigation/multi_floor_nav/launch/nav.launch
[1mstarted roslaunch server http://eethanhe-Lenovo-Legion-R9000P2021H:33435/[0m

SUMMARY
========

PARAMETERS
 * /amcl/auto_update_noise: 0.0
 * /amcl/base_frame_id: base_link
 * /amcl/expected_laser_freq: 5.0
 * /amcl/first_map_only: False
 * /amcl/global_frame_id: map
 * /amcl/gui_publish_rate: 10.0
 * /amcl/initial_pose_a: 0.0
 * /amcl/initial_pose_x: 0.0
 * /amcl/initial_pose_y: 0.0
 * /amcl/kld_err: 0.05
 * /amcl/kld_z: 0.99
 * /amcl/laser_lambda_short: 0.1
 * /amcl/laser_likelihood_max_dist: 2.0
 * /amcl/laser_max_beams: 720
 * /amcl/laser_max_range: 30.0
 * /amcl/laser_min_range: 0.1
 * /amcl/laser_model_type: likelihood_field
 * /amcl/laser_sigma_hit: 0.2
 * /amcl/laser_z_hit: 0.5
 * /amcl/laser_z_max: 0.05
 * /amcl/laser_z_rand: 0.5
 * /amcl/laser_z_short: 0.05
 * /amcl/max_particles: 2000
 * /amcl/min_particles: 500
 * /amcl/odom_alpha1: 0.2
 * /amcl/odom_alpha2: 0.2
 * /amcl/odom_alpha3: 0.2
 * /amcl/odom_alpha4: 0.2
 * /amcl/odom_alpha5: 0.1
 * /amcl/odom_frame_id: odom
 * /amcl/odom_model_type: diff
 * /amcl/odom_update_interval: 0.1
 * /amcl/recovery_alpha_fast: 0.1
 * /amcl/recovery_alpha_slow: 0.001
 * /amcl/resample_interval: 1
 * /amcl/transform_tolerance: 1.0
 * /amcl/update_min_a: 0.3927
 * /amcl/update_min_d: 0.1
 * /amcl/use_map_topic: False
 * /ekf_localization/base_link_frame: base_link
 * /ekf_localization/frequency: 50
 * /ekf_localization/imu0: /imu/data
 * /ekf_localization/imu0_config: [False, False, Fa...
 * /ekf_localization/imu0_differential: False
 * /ekf_localization/odom0: /jackal_velocity_...
 * /ekf_localization/odom0_config: [False, False, Fa...
 * /ekf_localization/odom0_differential: False
 * /ekf_localization/odom_frame: odom
 * /ekf_localization/predict_to_current_time: True
 * /ekf_localization/world_frame: odom
 * /gazebo/enable_ros_network: True
 * /jackal_joint_publisher/publish_rate: 50
 * /jackal_joint_publisher/type: joint_state_contr...
 * /jackal_velocity_controller/angular/z/has_acceleration_limits: True
 * /jackal_velocity_controller/angular/z/has_velocity_limits: True
 * /jackal_velocity_controller/angular/z/max_acceleration: 25.0
 * /jackal_velocity_controller/angular/z/max_velocity: 4.0
 * /jackal_velocity_controller/cmd_vel_timeout: 0.25
 * /jackal_velocity_controller/enable_odom_tf: False
 * /jackal_velocity_controller/k_l: 0.1
 * /jackal_velocity_controller/k_r: 0.1
 * /jackal_velocity_controller/left_wheel: ['front_left_whee...
 * /jackal_velocity_controller/linear/x/has_acceleration_limits: True
 * /jackal_velocity_controller/linear/x/has_velocity_limits: True
 * /jackal_velocity_controller/linear/x/max_acceleration: 20.0
 * /jackal_velocity_controller/linear/x/max_velocity: 2.0
 * /jackal_velocity_controller/pose_covariance_diagonal: [0.001, 0.001, 10...
 * /jackal_velocity_controller/publish_cmd: True
 * /jackal_velocity_controller/publish_rate: 50
 * /jackal_velocity_controller/right_wheel: ['front_right_whe...
 * /jackal_velocity_controller/twist_covariance_diagonal: [0.001, 0.001, 0....
 * /jackal_velocity_controller/type: diff_drive_contro...
 * /jackal_velocity_controller/wheel_radius_multiplier: 1.0
 * /jackal_velocity_controller/wheel_separation_multiplier: 1.5
 * /move_base/NavfnROS/allow_unknown: True
 * /move_base/TrajectoryPlannerROS/acc_lim_theta: 20.0
 * /move_base/TrajectoryPlannerROS/acc_lim_x: 10.0
 * /move_base/TrajectoryPlannerROS/angular_sim_granularity: 0.02
 * /move_base/TrajectoryPlannerROS/controller_frequency: 20.0
 * /move_base/TrajectoryPlannerROS/dwa: True
 * /move_base/TrajectoryPlannerROS/escape_reset_dist: 0.1
 * /move_base/TrajectoryPlannerROS/escape_reset_theta: 0.1
 * /move_base/TrajectoryPlannerROS/escape_vel: -0.5
 * /move_base/TrajectoryPlannerROS/gdist_scale: 1.0
 * /move_base/TrajectoryPlannerROS/heading_lookahead: 0.325
 * /move_base/TrajectoryPlannerROS/heading_scoring: False
 * /move_base/TrajectoryPlannerROS/heading_scoring_timestep: 0.8
 * /move_base/TrajectoryPlannerROS/holonomic_robot: False
 * /move_base/TrajectoryPlannerROS/latch_xy_goal_tolerance: False
 * /move_base/TrajectoryPlannerROS/max_vel_theta: 1.57
 * /move_base/TrajectoryPlannerROS/max_vel_x: 0.5
 * /move_base/TrajectoryPlannerROS/meter_scoring: True
 * /move_base/TrajectoryPlannerROS/min_in_place_vel_theta: 0.314
 * /move_base/TrajectoryPlannerROS/min_vel_theta: -1.57
 * /move_base/TrajectoryPlannerROS/min_vel_x: 0.1
 * /move_base/TrajectoryPlannerROS/occdist_scale: 0.1
 * /move_base/TrajectoryPlannerROS/oscillation_reset_dist: 0.05
 * /move_base/TrajectoryPlannerROS/pdist_scale: 0.75
 * /move_base/TrajectoryPlannerROS/publish_cost_grid_pc: True
 * /move_base/TrajectoryPlannerROS/sim_granularity: 0.02
 * /move_base/TrajectoryPlannerROS/sim_time: 2.0
 * /move_base/TrajectoryPlannerROS/simple_attractor: False
 * /move_base/TrajectoryPlannerROS/vtheta_samples: 20
 * /move_base/TrajectoryPlannerROS/vx_samples: 6
 * /move_base/TrajectoryPlannerROS/xy_goal_tolerance: 0.25
 * /move_base/TrajectoryPlannerROS/yaw_goal_tolerance: 0.157
 * /move_base/base_global_planner: navfn/NavfnROS
 * /move_base/base_local_planner: base_local_planne...
 * /move_base/clearing_rotation_allowed: True
 * /move_base/controller_frequency: 20.0
 * /move_base/controller_patience: 15.0
 * /move_base/global_costmap/footprint: [[-0.21, -0.165],...
 * /move_base/global_costmap/footprint_padding: 0.1
 * /move_base/global_costmap/global_frame: map
 * /move_base/global_costmap/height: 40.0
 * /move_base/global_costmap/inflater_layer/inflation_radius: 0.3
 * /move_base/global_costmap/map_type: costmap
 * /move_base/global_costmap/meter_scoring: True
 * /move_base/global_costmap/obstacle_range: 2.5
 * /move_base/global_costmap/obstacles_layer/observation_sources: scan
 * /move_base/global_costmap/obstacles_layer/scan/clearing: True
 * /move_base/global_costmap/obstacles_layer/scan/data_type: LaserScan
 * /move_base/global_costmap/obstacles_layer/scan/marking: True
 * /move_base/global_costmap/obstacles_layer/scan/max_obstacle_height: 2.0
 * /move_base/global_costmap/obstacles_layer/scan/min_obstacle_height: -2.0
 * /move_base/global_costmap/obstacles_layer/scan/obstacle_range: 2.5
 * /move_base/global_costmap/obstacles_layer/scan/raytrace_range: 3.0
 * /move_base/global_costmap/obstacles_layer/scan/sensor_frame: front_laser
 * /move_base/global_costmap/obstacles_layer/scan/topic: front/scan
 * /move_base/global_costmap/origin_x: -20.0
 * /move_base/global_costmap/origin_y: -20.0
 * /move_base/global_costmap/origin_z: 0.0
 * /move_base/global_costmap/plugins: [{'name': 'static...
 * /move_base/global_costmap/publish_frequency: 5.0
 * /move_base/global_costmap/publish_voxel_map: False
 * /move_base/global_costmap/raytrace_range: 3.0
 * /move_base/global_costmap/resolution: 0.05
 * /move_base/global_costmap/robot_base_frame: base_link
 * /move_base/global_costmap/rolling_window: False
 * /move_base/global_costmap/static_map: True
 * /move_base/global_costmap/transform_tolerance: 0.5
 * /move_base/global_costmap/update_frequency: 20.0
 * /move_base/global_costmap/width: 40.0
 * /move_base/global_costmap/z_resolution: 1
 * /move_base/global_costmap/z_voxels: 2
 * /move_base/local_costmap/footprint: [[-0.21, -0.165],...
 * /move_base/local_costmap/footprint_padding: 0.1
 * /move_base/local_costmap/global_frame: map
 * /move_base/local_costmap/height: 10.0
 * /move_base/local_costmap/inflater_layer/inflation_radius: 0.3
 * /move_base/local_costmap/map_type: costmap
 * /move_base/local_costmap/meter_scoring: True
 * /move_base/local_costmap/obstacle_range: 2.5
 * /move_base/local_costmap/obstacles_layer/observation_sources: scan
 * /move_base/local_costmap/obstacles_layer/scan/clearing: True
 * /move_base/local_costmap/obstacles_layer/scan/data_type: LaserScan
 * /move_base/local_costmap/obstacles_layer/scan/marking: True
 * /move_base/local_costmap/obstacles_layer/scan/max_obstacle_height: 2.0
 * /move_base/local_costmap/obstacles_layer/scan/min_obstacle_height: -2.0
 * /move_base/local_costmap/obstacles_layer/scan/obstacle_range: 2.5
 * /move_base/local_costmap/obstacles_layer/scan/raytrace_range: 3.0
 * /move_base/local_costmap/obstacles_layer/scan/sensor_frame: front_laser
 * /move_base/local_costmap/obstacles_layer/scan/topic: front/scan
 * /move_base/local_costmap/origin_z: 0.0
 * /move_base/local_costmap/plugins: [{'name': 'obstac...
 * /move_base/local_costmap/publish_frequency: 5.0
 * /move_base/local_costmap/publish_voxel_map: False
 * /move_base/local_costmap/raytrace_range: 3.0
 * /move_base/local_costmap/resolution: 0.05
 * /move_base/local_costmap/robot_base_frame: base_link
 * /move_base/local_costmap/rolling_window: True
 * /move_base/local_costmap/static_map: False
 * /move_base/local_costmap/transform_tolerance: 0.5
 * /move_base/local_costmap/update_frequency: 20.0
 * /move_base/local_costmap/width: 10.0
 * /move_base/local_costmap/z_resolution: 1
 * /move_base/local_costmap/z_voxels: 2
 * /move_base/oscillation_distance: 0.5
 * /move_base/oscillation_timeout: 0.0
 * /move_base/planner_frequency: 20.0
 * /move_base/planner_patience: 5.0
 * /move_base/recovery_behavior_enabled: True
 * /move_base/shutdown_costmaps: False
 * /multi_floor_navigation_node/init_pose_offset_theta: 0.15
 * /multi_floor_navigation_node/init_pose_offset_x: 0.25
 * /multi_floor_navigation_node/init_pose_offset_y: 0.25
 * /multi_floor_navigation_node/region_init_backoff_factor: 1.3
 * /multi_floor_navigation_node/region_init_max_backoff: 2.0
 * /multi_floor_navigation_node/region_init_sigma_adaptive_alpha: 0.35
 * /multi_floor_navigation_node/region_init_sigma_min_scale: 0.03
 * /multi_floor_navigation_node/region_init_sigma_min_yaw: 0.02
 * /multi_floor_navigation_node/region_init_sigma_x: 0.15
 * /multi_floor_navigation_node/region_init_sigma_x_L0: 0.15
 * /multi_floor_navigation_node/region_init_sigma_x_L1: 0.2
 * /multi_floor_navigation_node/region_init_sigma_y: 0.15
 * /multi_floor_navigation_node/region_init_sigma_y_L0: 0.15
 * /multi_floor_navigation_node/region_init_sigma_y_L1: 0.2
 * /multi_floor_navigation_node/region_init_sigma_yaw: 0.1
 * /multi_floor_navigation_node/region_init_sigma_yaw_L0: 0.1
 * /multi_floor_navigation_node/region_init_sigma_yaw_L1: 0.12
 * /multi_floor_navigation_node/reloc_min_check_delay_L0: 6.0
 * /multi_floor_navigation_node/reloc_min_check_delay_L1: 12.0
 * /multi_floor_navigation_node/reloc_min_check_delay_sec: 6.0
 * /robot_description: <?xml version="1....
 * /rosdistro: noetic
 * /rosversion: 1.17.0
 * /twist_marker_server/link_name: base_link
 * /twist_mux/locks: [{'name': 'e_stop...
 * /twist_mux/topics: [{'name': 'joy', ...
 * /use_gui: True
 * /use_sim_time: True

NODES
  /
    amcl (amcl/amcl)
    change_map_node (multi_floor_nav/change_map_node)
    controller_spawner (controller_manager/spawner)
    ekf_localization (robot_localization/ekf_localization_node)
    gazebo (gazebo_ros/gzserver)
    map_server0 (map_server/map_server)
    map_server1 (map_server/map_server)
    move_base (move_base/move_base)
    multi_floor_navigation_node (multi_floor_nav/multi_floor_navigation_node)
    robot_state_publisher (robot_state_publisher/robot_state_publisher)
    rviz (rviz/rviz)
    twist_marker_server (interactive_marker_twist_server/marker_server)
    twist_mux (twist_mux/twist_mux)
    urdf_spawner (gazebo_ros/spawn_model)
[ INFO] [1774847968.602574762]: Finished loading Gazebo ROS API Plugin.
[ INFO] [1774847968.603497640]: waitForService: Service [/gazebo/set_physics_properties] has not been advertised, waiting...
[1;33mWarning [Model.cc:216][0m Non-unique name[door] detected 2 times in XML children of model with name[elevator].
[1;33mWarning [Model.cc:309][0m Joint with name [door] in model with name [elevator] has a name collision, changing joint name to [door_joint].
[ WARN] [1774847969.774163995, 1054.997000000]: Failed to meet update rate! Took 1054.9970000000000709
[ WARN] [1774847969.775115648, 1054.998000000]: Failed to meet update rate! Took 1054.9780000000000655
[ INFO] [1774847969.488793671]: waitForService: Service [/gazebo/set_physics_properties] is now available.
[ INFO] [1774847969.572864203, 1054.802000000]: Physics dynamic reconfigure ready.
[1;33mWarning [parser_urdf.cc:1161][0m multiple inconsistent <gravity> exists due to fixed joint reduction overwriting previous value [true] with [false].
[1;33mWarning [parser_urdf.cc:1161][0m multiple inconsistent <gravity> exists due to fixed joint reduction overwriting previous value [false] with [true].
[ERROR] [1774847970.290323327, 1055.024000000]: No p gain specified for pid.  Namespace: /gazebo_ros_control/pid_gains/front_left_wheel
[ERROR] [1774847970.290865293, 1055.024000000]: No p gain specified for pid.  Namespace: /gazebo_ros_control/pid_gains/front_right_wheel
[ERROR] [1774847970.291375062, 1055.024000000]: No p gain specified for pid.  Namespace: /gazebo_ros_control/pid_gains/rear_left_wheel
[ERROR] [1774847970.291862342, 1055.024000000]: No p gain specified for pid.  Namespace: /gazebo_ros_control/pid_gains/rear_right_wheel
[ WARN] [1774847970.771679876, 1055.444000000]: Timed out waiting for transform from base_link to map to become available before running costmap, tf error: Lookup would require extrapolation 0.826000000s into the past.  Requested time 1055.438000000 but the earliest data is at time 1056.264000000, when looking up transform from frame [base_link] to frame [map]. canTransform returned after 1055.44 timeout was 0.1.
[ WARN] [1774847971.080387339, 1055.757000000]: Interactive marker 'robot_twist_marker' contains unnormalized quaternions. This warning will only be output once but may be true for others; enable DEBUG messages for ros.rviz.quaternions to see more details.
[ WARN] [1774847971.609946073, 1056.280000000]: global_costmap: Pre-Hydro parameter "static_map" unused since "plugins" is provided
[ WARN] [1774847971.610202739, 1056.280000000]: global_costmap: Pre-Hydro parameter "map_type" unused since "plugins" is provided
[ WARN] [1774848003.152562495, 1087.413000000]: [Multi Floor Nav] Initial pose perturbation applied: offset_x=0.25, offset_y=0.25, offset_theta=0.15
[ WARN] [1774848003.172525967, 1087.433000000]: local_costmap: Pre-Hydro parameter "static_map" unused since "plugins" is provided
[ WARN] [1774848003.172777324, 1087.433000000]: local_costmap: Pre-Hydro parameter "map_type" unused since "plugins" is provided
[ WARN] [1774848003.205801540, 1087.467000000]: Parameter pdist_scale is deprecated. Please use the name path_distance_bias instead.
[ WARN] [1774848003.206370324, 1087.467000000]: Parameter gdist_scale is deprecated. Please use the name goal_distance_bias instead.
[ WARN] [1774848004.208239349, 1088.456000000]: The origin for the sensor at (0.20, 0.23) is out of map bounds. So, the costmap cannot raytrace for it.
[ WARN] [1774848068.424335554, 1151.825000000]: [Multi Floor Nav] Initial pose perturbation applied: offset_x=0.25, offset_y=0.25, offset_theta=0.15
[ INFO] [1774847968.246963877]: [Multi Floor Nav] Module A sigma: L0=(0.150,0.150,0.100) L1=(0.200,0.200,0.120)
[ INFO] [1774847968.248992896]: [Multi Floor Nav] Module A delay: L0=6.0s  L1=12.0s  backoff: factor=1.30 max=2.00
[ INFO] [1774848002.966946177, 1087.228000000]: [Multi Floor Nav] Successfully loaded map for level: 0
[ INFO] [1774848003.152632825, 1087.413000000]: [Multi Floor Nav] Adaptive sigma: offset_planar=0.354, adaptive_scale=0.124, adaptive_yaw=0.072 ??? sigma(0.124, 0.124, 0.072)
[ INFO] [1774848003.152654755, 1087.413000000]: [Multi Floor Nav] Initializing Robot at x: 5.2, y: -0.2, yaw: 0.1 (level=0, sigma: x=0.124, y=0.124, yaw=0.072, retry=0)
[ INFO] [1774848003.152686253, 1087.413000000]: [Multi Floor Nav] Initializing Pose to x: 5.00, y: -0.50 at level: 0
[ INFO] [1774848004.165762512, 1088.415000000]: [Multi Floor Nav] Waiting for AMCL nomotion updates (1.0/6.0s, L0)...
[ INFO] [1774848005.178892341, 1089.416000000]: [Multi Floor Nav] Waiting for AMCL nomotion updates (2.0/6.0s, L0)...
[ INFO] [1774848006.392110158, 1090.616000000]: [Multi Floor Nav] Waiting for AMCL nomotion updates (3.2/6.0s, L0)...
[ INFO] [1774848007.405966194, 1091.617000000]: [Multi Floor Nav] Waiting for AMCL nomotion updates (4.2/6.0s, L0)...
[ INFO] [1774848008.622312958, 1092.815000000]: [Multi Floor Nav] Waiting for AMCL nomotion updates (5.4/6.0s, L0)...
[ INFO] [1774848009.230253001, 1093.415000000]: [Multi Floor Nav] Current Robot Pose, x: 5.01, y: -0.04, yaw: 0.06
[ INFO] [1774848009.230300703, 1093.415000000]: [Multi Floor Nav] Linear Error: 0.46, Angular Error: 0.06
[ INFO] [1774848009.230325496, 1093.415000000]: [Multi Floor Nav] Robot at correct pose
[ INFO] [1774848009.235153530, 1093.420000000]: [Multi Floor Nav] RELOC_PASS: linear_error=0.4600, angular_error=0.0593, linear_error_init=0.3168, angular_error_init=0.0907, tr_sigma=0.0185, C_t=0.9816
[ INFO] [1774848010.253014736, 1094.420000000]: [Multi Floor Nav] POST_PASS: dt=1.000s, linear_error=0.4591, angular_error=0.0581
[ INFO] [1774848010.253065650, 1094.420000000]: [Multi Floor Nav] Will send goal to x: 3, y: -0, at level: 0
[ INFO] [1774848010.253092749, 1094.420000000]: [Multi Floor Nav] Sending Robot to x: 3.0, y: -0.5, yaw: 3.1
[ INFO] [1774848010.455091167, 1094.620000000]: [Multi Floor Nav] POST_PASS: dt=1.200s, linear_error=0.4591, angular_error=0.0581
[ INFO] [1774848010.659316602, 1094.821000000]: [Multi Floor Nav] POST_PASS: dt=1.401s, linear_error=0.4591, angular_error=0.0581
[ INFO] [1774848010.861092437, 1095.020000000]: [Multi Floor Nav] POST_PASS: dt=1.600s, linear_error=0.4577, angular_error=0.3166
[ INFO] [1774848011.065314800, 1095.220000000]: [Multi Floor Nav] POST_PASS: dt=1.800s, linear_error=0.4369, angular_error=0.7232
[ INFO] [1774848011.270175439, 1095.420000000]: [Multi Floor Nav] POST_PASS: dt=2.000s, linear_error=0.4369, angular_error=0.7232
[ INFO] [1774848030.934272758, 1114.820000000]: [Multi Floor Nav] Requesting Lift to Level 0
[ INFO] [1774848031.135194232, 1115.020000000]: [Multi Floor Nav] Entering Lift at Level 0
[ INFO] [1774848048.475178551, 1132.220000000]: [Multi Floor Nav] Requesting Lift to Level 1
[ INFO] [1774848055.558272912, 1139.221000000]: [Multi Floor Nav] Exiting Lift at Level 1
[ INFO] [1774848068.221896082, 1151.628000000]: [Multi Floor Nav] Successfully loaded map for level: 1
[ INFO] [1774848068.424402182, 1151.825000000]: [Multi Floor Nav] Adaptive sigma: offset_planar=0.354, adaptive_scale=0.124, adaptive_yaw=0.072 ??? sigma(0.124, 0.124, 0.072)
[ INFO] [1774848068.424433471, 1151.825000000]: [Multi Floor Nav] Initializing Robot at x: 3.2, y: -0.2, yaw: 3.3 (level=1, sigma: x=0.124, y=0.124, yaw=0.072, retry=0)
[ INFO] [1774848068.424472931, 1151.825000000]: [Multi Floor Nav] Initializing Pose to x: 3.00, y: -0.50 at level: 1
[ INFO] [1774848069.449936159, 1152.828000000]: [Multi Floor Nav] Waiting for AMCL nomotion updates (1.0/12.0s, L1)...
[ INFO] [1774848070.471027904, 1153.828000000]: [Multi Floor Nav] Waiting for AMCL nomotion updates (2.0/12.0s, L1)...
[ INFO] [1774848071.491208715, 1154.829000000]: [Multi Floor Nav] Waiting for AMCL nomotion updates (3.0/12.0s, L1)...
[ INFO] [1774848072.511527392, 1155.829000000]: [Multi Floor Nav] Waiting for AMCL nomotion updates (4.0/12.0s, L1)...
[ INFO] [1774848073.736550763, 1157.028000000]: [Multi Floor Nav] Waiting for AMCL nomotion updates (5.2/12.0s, L1)...
[ INFO] [1774848074.757372995, 1158.028000000]: [Multi Floor Nav] Waiting for AMCL nomotion updates (6.2/12.0s, L1)...
[ INFO] [1774848075.776938440, 1159.028000000]: [Multi Floor Nav] Waiting for AMCL nomotion updates (7.2/12.0s, L1)...
[ INFO] [1774848077.004019748, 1160.229000000]: [Multi Floor Nav] Waiting for AMCL nomotion updates (8.4/12.0s, L1)...
[ INFO] [1774848078.229827368, 1161.428000000]: [Multi Floor Nav] Waiting for AMCL nomotion updates (9.6/12.0s, L1)...
[ INFO] [1774848079.248586851, 1162.428000000]: [Multi Floor Nav] Waiting for AMCL nomotion updates (10.6/12.0s, L1)...
[ INFO] [1774848080.262397475, 1163.428000000]: [Multi Floor Nav] Waiting for AMCL nomotion updates (11.6/12.0s, L1)...
[ INFO] [1774848080.669597796, 1163.828000000]: [Multi Floor Nav] Current Robot Pose, x: 3.33, y: -0.39, yaw: -3.10
[ INFO] [1774848080.669658767, 1163.828000000]: [Multi Floor Nav] Linear Error: 0.35, Angular Error: 0.04
[ INFO] [1774848080.669679929, 1163.828000000]: [Multi Floor Nav] Robot at correct pose
[ INFO] [1774848080.673451200, 1163.832000000]: [Multi Floor Nav] RELOC_PASS: linear_error=0.3493, angular_error=0.0375, linear_error_init=0.1620, angular_error_init=0.1125, tr_sigma=0.0100, C_t=0.9901
[ INFO] [1774848081.693974867, 1164.832000000]: [Multi Floor Nav] POST_PASS: dt=1.000s, linear_error=0.3506, angular_error=0.0387
[ INFO] [1774848081.694021311, 1164.832000000]: [Multi Floor Nav] Will send goal to x: 4, y: 5, at level: 1
[ INFO] [1774848081.694046314, 1164.832000000]: [Multi Floor Nav] Sending Robot to x: 4.0, y: 5.0, yaw: 0.0
[ INFO] [1774848081.897819122, 1165.032000000]: [Multi Floor Nav] POST_PASS: dt=1.200s, linear_error=0.3506, angular_error=0.0387
[ INFO] [1774848082.100795882, 1165.233000000]: [Multi Floor Nav] POST_PASS: dt=1.401s, linear_error=0.3506, angular_error=0.0387
[ INFO] [1774848082.302232790, 1165.432000000]: [Multi Floor Nav] POST_PASS: dt=1.600s, linear_error=0.2392, angular_error=0.1482
[ INFO] [1774848082.505166598, 1165.632000000]: [Multi Floor Nav] POST_PASS: dt=1.800s, linear_error=0.1697, angular_error=0.3847
[ INFO] [1774848082.709606526, 1165.832000000]: [Multi Floor Nav] POST_PASS: dt=2.000s, linear_error=0.2096, angular_error=0.6733
[ INFO] [1774848101.489884345, 1184.233000000]: [Multi Floor Nav] Robot arrived at Goal
[ INFO] [1774847971.610650489, 1056.281000000]: global_costmap: Using plugin "static_layer"
[ INFO] [1774847971.620934636, 1056.290000000]: Requesting the map...
[ INFO] [1774848003.032231875, 1087.293000000]: Resizing costmap to 992 X 992 at 0.020000 m/pix
[ INFO] [1774848003.131666507, 1087.392000000]: Received a 992 X 992 map at 0.020000 m/pix
[ INFO] [1774848003.133730446, 1087.394000000]: global_costmap: Using plugin "obstacles_layer"
[ INFO] [1774848003.136733536, 1087.397000000]:     Subscribed to Topics: scan
[ INFO] [1774848003.145118778, 1087.406000000]: global_costmap: Using plugin "inflater_layer"
[ INFO] [1774848003.173228008, 1087.434000000]: local_costmap: Using plugin "obstacles_layer"
[ INFO] [1774848003.175949150, 1087.437000000]:     Subscribed to Topics: scan
[ INFO] [1774848003.183639964, 1087.444000000]: local_costmap: Using plugin "inflater_layer"
[ INFO] [1774848003.200098958, 1087.461000000]: Created local_planner base_local_planner/TrajectoryPlannerROS
[ INFO] [1774848003.203670902, 1087.464000000]: Sim period is set to 0.05
[ INFO] [1774848003.253029655, 1087.514000000]: Recovery behavior will clear layer 'obstacles'
[ INFO] [1774848003.259751286, 1087.520000000]: Recovery behavior will clear layer 'obstacles'
[ INFO] [1774848003.357898679, 1087.618000000]: odom received!

auto-starting new master
[1mprocess[master]: started with pid [244555][0m
[1mROS_MASTER_URI=http://localhost:11311[0m
]2;/home/eethanhe/catkin_ws/src/robot-multi-floor-navigation/multi_floor_nav/launch/nav.launch http://localhost:11311
[1msetting /run_id to 05a4b570-2bf8-11f1-8d1e-01badb8e21cf[0m
[1mprocess[rosout-1]: started with pid [244580][0m
started core service [/rosout]
[1mprocess[gazebo-2]: started with pid [244587][0m
[1mprocess[robot_state_publisher-3]: started with pid [244592][0m
[1mprocess[controller_spawner-4]: started with pid [244593][0m
[1mprocess[ekf_localization-5]: started with pid [244594][0m
[1mprocess[twist_mux-6]: started with pid [244596][0m
[1mprocess[twist_marker_server-7]: started with pid [244600][0m
[1mprocess[urdf_spawner-8]: started with pid [244604][0m
[1mprocess[map_server0-9]: started with pid [244613][0m
[1mprocess[map_server1-10]: started with pid [244620][0m
[1mprocess[amcl-11]: started with pid [244621][0m
[1mprocess[move_base-12]: started with pid [244631][0m
[1mprocess[rviz-13]: started with pid [244635][0m
[1mprocess[change_map_node-14]: started with pid [244653][0m
[1mprocess[multi_floor_navigation_node-15]: started with pid [244659][0m
[1m[urdf_spawner-8] process has finished cleanly
log file: /home/eethanhe/.ros/log/05a4b570-2bf8-11f1-8d1e-01badb8e21cf/urdf_spawner-8*.log[0m
[multi_floor_navigation_node-15] killing on exit
[change_map_node-14] killing on exit
[rviz-13] killing on exit
[move_base-12] killing on exit
[amcl-11] killing on exit
[map_server1-10] killing on exit
[map_server0-9] killing on exit
[twist_marker_server-7] killing on exit
[twist_mux-6] killing on exit
[ekf_localization-5] killing on exit
[controller_spawner-4] killing on exit
[robot_state_publisher-3] killing on exit
[gazebo-2] killing on exit
[rosout-1] killing on exit
[master] killing on exit
shutting down processing monitor...
... shutting down processing monitor complete
[1mdone[0m
