xacro: in-order processing became default in ROS Melodic. You can drop the option.
... logging to /home/eethanhe/.ros/log/ad9a6e58-2d17-11f1-8422-679edff71d44/roslaunch-eethanhe-Lenovo-Legion-R9000P2021H-133946.log
Checking log directory for disk usage. This may take a while.
Press Ctrl-C to interrupt
Done checking log file disk usage. Usage is <1GB.
]2;/home/eethanhe/catkin_ws/src/robot-multi-floor-navigation/multi_floor_nav/launch/nav.launch
[1mstarted roslaunch server http://eethanhe-Lenovo-Legion-R9000P2021H:41921/[0m

SUMMARY
========

PARAMETERS
 * /amcl/auto_update_noise: 0.0
 * /amcl/base_frame_id: base_link
 * /amcl/expected_laser_freq: 5.0
 * /amcl/first_map_only: False
 * /amcl/global_frame_id: map
 * /amcl/gui_publish_rate: 10.0
 * /amcl/initial_pose_a: 0.0
 * /amcl/initial_pose_x: 0.0
 * /amcl/initial_pose_y: 0.0
 * /amcl/kld_err: 0.05
 * /amcl/kld_z: 0.99
 * /amcl/laser_lambda_short: 0.1
 * /amcl/laser_likelihood_max_dist: 2.0
 * /amcl/laser_max_beams: 720
 * /amcl/laser_max_range: 30.0
 * /amcl/laser_min_range: 0.1
 * /amcl/laser_model_type: likelihood_field
 * /amcl/laser_sigma_hit: 0.2
 * /amcl/laser_z_hit: 0.5
 * /amcl/laser_z_max: 0.05
 * /amcl/laser_z_rand: 0.5
 * /amcl/laser_z_short: 0.05
 * /amcl/max_particles: 2000
 * /amcl/min_particles: 500
 * /amcl/odom_alpha1: 0.2
 * /amcl/odom_alpha2: 0.2
 * /amcl/odom_alpha3: 0.2
 * /amcl/odom_alpha4: 0.2
 * /amcl/odom_alpha5: 0.1
 * /amcl/odom_frame_id: odom
 * /amcl/odom_model_type: diff
 * /amcl/odom_update_interval: 0.1
 * /amcl/recovery_alpha_fast: 0.1
 * /amcl/recovery_alpha_slow: 0.001
 * /amcl/resample_interval: 1
 * /amcl/transform_tolerance: 1.0
 * /amcl/update_min_a: 0.3927
 * /amcl/update_min_d: 0.1
 * /amcl/use_map_topic: False
 * /ekf_localization/base_link_frame: base_link
 * /ekf_localization/frequency: 50
 * /ekf_localization/imu0: /imu/data
 * /ekf_localization/imu0_config: [False, False, Fa...
 * /ekf_localization/imu0_differential: False
 * /ekf_localization/odom0: /jackal_velocity_...
 * /ekf_localization/odom0_config: [False, False, Fa...
 * /ekf_localization/odom0_differential: False
 * /ekf_localization/odom_frame: odom
 * /ekf_localization/predict_to_current_time: True
 * /ekf_localization/world_frame: odom
 * /gazebo/enable_ros_network: True
 * /jackal_joint_publisher/publish_rate: 50
 * /jackal_joint_publisher/type: joint_state_contr...
 * /jackal_velocity_controller/angular/z/has_acceleration_limits: True
 * /jackal_velocity_controller/angular/z/has_velocity_limits: True
 * /jackal_velocity_controller/angular/z/max_acceleration: 25.0
 * /jackal_velocity_controller/angular/z/max_velocity: 4.0
 * /jackal_velocity_controller/cmd_vel_timeout: 0.25
 * /jackal_velocity_controller/enable_odom_tf: False
 * /jackal_velocity_controller/k_l: 0.1
 * /jackal_velocity_controller/k_r: 0.1
 * /jackal_velocity_controller/left_wheel: ['front_left_whee...
 * /jackal_velocity_controller/linear/x/has_acceleration_limits: True
 * /jackal_velocity_controller/linear/x/has_velocity_limits: True
 * /jackal_velocity_controller/linear/x/max_acceleration: 20.0
 * /jackal_velocity_controller/linear/x/max_velocity: 2.0
 * /jackal_velocity_controller/pose_covariance_diagonal: [0.001, 0.001, 10...
 * /jackal_velocity_controller/publish_cmd: True
 * /jackal_velocity_controller/publish_rate: 50
 * /jackal_velocity_controller/right_wheel: ['front_right_whe...
 * /jackal_velocity_controller/twist_covariance_diagonal: [0.001, 0.001, 0....
 * /jackal_velocity_controller/type: diff_drive_contro...
 * /jackal_velocity_controller/wheel_radius_multiplier: 1.0
 * /jackal_velocity_controller/wheel_separation_multiplier: 1.5
 * /move_base/NavfnROS/allow_unknown: True
 * /move_base/TrajectoryPlannerROS/acc_lim_theta: 20.0
 * /move_base/TrajectoryPlannerROS/acc_lim_x: 10.0
 * /move_base/TrajectoryPlannerROS/angular_sim_granularity: 0.02
 * /move_base/TrajectoryPlannerROS/controller_frequency: 20.0
 * /move_base/TrajectoryPlannerROS/dwa: True
 * /move_base/TrajectoryPlannerROS/escape_reset_dist: 0.1
 * /move_base/TrajectoryPlannerROS/escape_reset_theta: 0.1
 * /move_base/TrajectoryPlannerROS/escape_vel: -0.5
 * /move_base/TrajectoryPlannerROS/gdist_scale: 1.0
 * /move_base/TrajectoryPlannerROS/heading_lookahead: 0.325
 * /move_base/TrajectoryPlannerROS/heading_scoring: False
 * /move_base/TrajectoryPlannerROS/heading_scoring_timestep: 0.8
 * /move_base/TrajectoryPlannerROS/holonomic_robot: False
 * /move_base/TrajectoryPlannerROS/latch_xy_goal_tolerance: False
 * /move_base/TrajectoryPlannerROS/max_vel_theta: 1.57
 * /move_base/TrajectoryPlannerROS/max_vel_x: 0.5
 * /move_base/TrajectoryPlannerROS/meter_scoring: True
 * /move_base/TrajectoryPlannerROS/min_in_place_vel_theta: 0.314
 * /move_base/TrajectoryPlannerROS/min_vel_theta: -1.57
 * /move_base/TrajectoryPlannerROS/min_vel_x: 0.1
 * /move_base/TrajectoryPlannerROS/occdist_scale: 0.1
 * /move_base/TrajectoryPlannerROS/oscillation_reset_dist: 0.05
 * /move_base/TrajectoryPlannerROS/pdist_scale: 0.75
 * /move_base/TrajectoryPlannerROS/publish_cost_grid_pc: True
 * /move_base/TrajectoryPlannerROS/sim_granularity: 0.02
 * /move_base/TrajectoryPlannerROS/sim_time: 2.0
 * /move_base/TrajectoryPlannerROS/simple_attractor: False
 * /move_base/TrajectoryPlannerROS/vtheta_samples: 20
 * /move_base/TrajectoryPlannerROS/vx_samples: 6
 * /move_base/TrajectoryPlannerROS/xy_goal_tolerance: 0.25
 * /move_base/TrajectoryPlannerROS/yaw_goal_tolerance: 0.157
 * /move_base/base_global_planner: navfn/NavfnROS
 * /move_base/base_local_planner: base_local_planne...
 * /move_base/clearing_rotation_allowed: True
 * /move_base/controller_frequency: 20.0
 * /move_base/controller_patience: 15.0
 * /move_base/global_costmap/footprint: [[-0.21, -0.165],...
 * /move_base/global_costmap/footprint_padding: 0.1
 * /move_base/global_costmap/global_frame: map
 * /move_base/global_costmap/height: 40.0
 * /move_base/global_costmap/inflater_layer/inflation_radius: 0.3
 * /move_base/global_costmap/map_type: costmap
 * /move_base/global_costmap/meter_scoring: True
 * /move_base/global_costmap/obstacle_range: 2.5
 * /move_base/global_costmap/obstacles_layer/observation_sources: scan
 * /move_base/global_costmap/obstacles_layer/scan/clearing: True
 * /move_base/global_costmap/obstacles_layer/scan/data_type: LaserScan
 * /move_base/global_costmap/obstacles_layer/scan/marking: True
 * /move_base/global_costmap/obstacles_layer/scan/max_obstacle_height: 2.0
 * /move_base/global_costmap/obstacles_layer/scan/min_obstacle_height: -2.0
 * /move_base/global_costmap/obstacles_layer/scan/obstacle_range: 2.5
 * /move_base/global_costmap/obstacles_layer/scan/raytrace_range: 3.0
 * /move_base/global_costmap/obstacles_layer/scan/sensor_frame: front_laser
 * /move_base/global_costmap/obstacles_layer/scan/topic: front/scan
 * /move_base/global_costmap/origin_x: -20.0
 * /move_base/global_costmap/origin_y: -20.0
 * /move_base/global_costmap/origin_z: 0.0
 * /move_base/global_costmap/plugins: [{'name': 'static...
 * /move_base/global_costmap/publish_frequency: 5.0
 * /move_base/global_costmap/publish_voxel_map: False
 * /move_base/global_costmap/raytrace_range: 3.0
 * /move_base/global_costmap/resolution: 0.05
 * /move_base/global_costmap/robot_base_frame: base_link
 * /move_base/global_costmap/rolling_window: False
 * /move_base/global_costmap/static_map: True
 * /move_base/global_costmap/transform_tolerance: 0.5
 * /move_base/global_costmap/update_frequency: 20.0
 * /move_base/global_costmap/width: 40.0
 * /move_base/global_costmap/z_resolution: 1
 * /move_base/global_costmap/z_voxels: 2
 * /move_base/local_costmap/footprint: [[-0.21, -0.165],...
 * /move_base/local_costmap/footprint_padding: 0.1
 * /move_base/local_costmap/global_frame: map
 * /move_base/local_costmap/height: 10.0
 * /move_base/local_costmap/inflater_layer/inflation_radius: 0.3
 * /move_base/local_costmap/map_type: costmap
 * /move_base/local_costmap/meter_scoring: True
 * /move_base/local_costmap/obstacle_range: 2.5
 * /move_base/local_costmap/obstacles_layer/observation_sources: scan
 * /move_base/local_costmap/obstacles_layer/scan/clearing: True
 * /move_base/local_costmap/obstacles_layer/scan/data_type: LaserScan
 * /move_base/local_costmap/obstacles_layer/scan/marking: True
 * /move_base/local_costmap/obstacles_layer/scan/max_obstacle_height: 2.0
 * /move_base/local_costmap/obstacles_layer/scan/min_obstacle_height: -2.0
 * /move_base/local_costmap/obstacles_layer/scan/obstacle_range: 2.5
 * /move_base/local_costmap/obstacles_layer/scan/raytrace_range: 3.0
 * /move_base/local_costmap/obstacles_layer/scan/sensor_frame: front_laser
 * /move_base/local_costmap/obstacles_layer/scan/topic: front/scan
 * /move_base/local_costmap/origin_z: 0.0
 * /move_base/local_costmap/plugins: [{'name': 'obstac...
 * /move_base/local_costmap/publish_frequency: 5.0
 * /move_base/local_costmap/publish_voxel_map: False
 * /move_base/local_costmap/raytrace_range: 3.0
 * /move_base/local_costmap/resolution: 0.05
 * /move_base/local_costmap/robot_base_frame: base_link
 * /move_base/local_costmap/rolling_window: True
 * /move_base/local_costmap/static_map: False
 * /move_base/local_costmap/transform_tolerance: 0.5
 * /move_base/local_costmap/update_frequency: 20.0
 * /move_base/local_costmap/width: 10.0
 * /move_base/local_costmap/z_resolution: 1
 * /move_base/local_costmap/z_voxels: 2
 * /move_base/oscillation_distance: 0.5
 * /move_base/oscillation_timeout: 0.0
 * /move_base/planner_frequency: 20.0
 * /move_base/planner_patience: 5.0
 * /move_base/recovery_behavior_enabled: True
 * /move_base/shutdown_costmaps: False
 * /multi_floor_navigation_node/init_pose_offset_theta: 0.2
 * /multi_floor_navigation_node/init_pose_offset_x: 0.32
 * /multi_floor_navigation_node/init_pose_offset_y: 0.32
 * /multi_floor_navigation_node/region_init_backoff_factor: 1.3
 * /multi_floor_navigation_node/region_init_max_backoff: 2.0
 * /multi_floor_navigation_node/region_init_sigma_adaptive_alpha: 0.35
 * /multi_floor_navigation_node/region_init_sigma_min_scale: 0.03
 * /multi_floor_navigation_node/region_init_sigma_min_yaw: 0.02
 * /multi_floor_navigation_node/region_init_sigma_x: 0.15
 * /multi_floor_navigation_node/region_init_sigma_x_L0: 0.15
 * /multi_floor_navigation_node/region_init_sigma_x_L1: 0.2
 * /multi_floor_navigation_node/region_init_sigma_y: 0.15
 * /multi_floor_navigation_node/region_init_sigma_y_L0: 0.15
 * /multi_floor_navigation_node/region_init_sigma_y_L1: 0.2
 * /multi_floor_navigation_node/region_init_sigma_yaw: 0.1
 * /multi_floor_navigation_node/region_init_sigma_yaw_L0: 0.1
 * /multi_floor_navigation_node/region_init_sigma_yaw_L1: 0.12
 * /multi_floor_navigation_node/reloc_min_check_delay_L0: 6.0
 * /multi_floor_navigation_node/reloc_min_check_delay_L1: 12.0
 * /multi_floor_navigation_node/reloc_min_check_delay_sec: 6.0
 * /robot_description: <?xml version="1....
 * /rosdistro: noetic
 * /rosversion: 1.17.0
 * /twist_marker_server/link_name: base_link
 * /twist_mux/locks: [{'name': 'e_stop...
 * /twist_mux/topics: [{'name': 'joy', ...
 * /use_gui: True
 * /use_sim_time: True

NODES
  /
    amcl (amcl/amcl)
    change_map_node (multi_floor_nav/change_map_node)
    controller_spawner (controller_manager/spawner)
    ekf_localization (robot_localization/ekf_localization_node)
    gazebo (gazebo_ros/gzserver)
    map_server0 (map_server/map_server)
    map_server1 (map_server/map_server)
    move_base (move_base/move_base)
    multi_floor_navigation_node (multi_floor_nav/multi_floor_navigation_node)
    robot_state_publisher (robot_state_publisher/robot_state_publisher)
    rviz (rviz/rviz)
    twist_marker_server (interactive_marker_twist_server/marker_server)
    twist_mux (twist_mux/twist_mux)
    urdf_spawner (gazebo_ros/spawn_model)
[ INFO] [1774971515.821276669]: Finished loading Gazebo ROS API Plugin.
[ INFO] [1774971515.822080814]: waitForService: Service [/gazebo/set_physics_properties] has not been advertised, waiting...
[1;33mWarning [Model.cc:216][0m Non-unique name[door] detected 2 times in XML children of model with name[elevator].
[1;33mWarning [Model.cc:309][0m Joint with name [door] in model with name [elevator] has a name collision, changing joint name to [door_joint].
[ INFO] [1774971516.661047410]: waitForService: Service [/gazebo/set_physics_properties] is now available.
[ INFO] [1774971516.676873299]: Physics dynamic reconfigure ready.
[1;33mWarning [parser_urdf.cc:1161][0m multiple inconsistent <gravity> exists due to fixed joint reduction overwriting previous value [true] with [false].
[1;33mWarning [parser_urdf.cc:1161][0m multiple inconsistent <gravity> exists due to fixed joint reduction overwriting previous value [false] with [true].
[ERROR] [1774971517.452815285, 1055.088000000]: No p gain specified for pid.  Namespace: /gazebo_ros_control/pid_gains/front_left_wheel
[ERROR] [1774971517.453342163, 1055.088000000]: No p gain specified for pid.  Namespace: /gazebo_ros_control/pid_gains/front_right_wheel
[ERROR] [1774971517.453737182, 1055.088000000]: No p gain specified for pid.  Namespace: /gazebo_ros_control/pid_gains/rear_left_wheel
[ERROR] [1774971517.454124308, 1055.088000000]: No p gain specified for pid.  Namespace: /gazebo_ros_control/pid_gains/rear_right_wheel
[ WARN] [1774971517.500495908, 1055.089000000]: Failed to meet update rate! Took 1055.0889999999999418
[ WARN] [1774971517.501014544, 1055.090000000]: Timed out waiting for transform from base_link to map to become available before running costmap, tf error: canTransform: target_frame map does not exist. canTransform: source_frame base_link does not exist.. canTransform returned after 1055.09 timeout was 0.1.
[ WARN] [1774971517.501284897, 1055.090000000]: Failed to meet update rate! Took 1055.0699999999999363
[ WARN] [1774971518.881148097, 1056.452000000]: global_costmap: Pre-Hydro parameter "static_map" unused since "plugins" is provided
[ WARN] [1774971518.881605972, 1056.452000000]: global_costmap: Pre-Hydro parameter "map_type" unused since "plugins" is provided
[ WARN] [1774971519.351825595, 1056.915000000]: Interactive marker 'robot_twist_marker' contains unnormalized quaternions. This warning will only be output once but may be true for others; enable DEBUG messages for ros.rviz.quaternions to see more details.
[ WARN] [1774971550.481426567, 1087.659000000]: [Multi Floor Nav] Initial pose perturbation applied: offset_x=0.32, offset_y=0.32, offset_theta=0.20
[ WARN] [1774971550.519249393, 1087.697000000]: local_costmap: Pre-Hydro parameter "static_map" unused since "plugins" is provided
[ WARN] [1774971550.519453118, 1087.697000000]: local_costmap: Pre-Hydro parameter "map_type" unused since "plugins" is provided
[ WARN] [1774971550.555663603, 1087.733000000]: Parameter pdist_scale is deprecated. Please use the name path_distance_bias instead.
[ WARN] [1774971550.556381286, 1087.734000000]: Parameter gdist_scale is deprecated. Please use the name goal_distance_bias instead.
[ WARN] [1774971551.507450142, 1088.671000000]: The origin for the sensor at (0.21, 0.20) is out of map bounds. So, the costmap cannot raytrace for it.
[ WARN] [1774971556.768599460, 1093.861000000]: [Multi Floor Nav] Initial pose perturbation applied: offset_x=0.32, offset_y=0.32, offset_theta=0.20
[ WARN] [1774971556.768682710, 1093.861000000]: [Multi Floor Nav] Retry #1: sigma scaled by 1.300 ??? (0.195, 0.195, 0.117)
[ INFO] [1774971515.492315881]: [Multi Floor Nav] Module A sigma: L0=(0.150,0.150,0.100) L1=(0.200,0.200,0.120)
[ INFO] [1774971515.494244111]: [Multi Floor Nav] Module A delay: L0=6.0s  L1=12.0s  backoff: factor=1.30 max=2.00
[ INFO] [1774971550.312868073, 1087.492000000]: [Multi Floor Nav] Successfully loaded map for level: 0
[ INFO] [1774971550.481479087, 1087.659000000]: [Multi Floor Nav] Adaptive sigma: offset_planar=0.453, adaptive_scale=0.158, adaptive_yaw=0.090 ??? sigma(0.150, 0.150, 0.090)
[ INFO] [1774971550.481491379, 1087.659000000]: [Multi Floor Nav] Initializing Robot at x: 5.3, y: -0.2, yaw: 0.2 (level=0, sigma: x=0.150, y=0.150, yaw=0.090, retry=0)
[ INFO] [1774971550.481538591, 1087.659000000]: [Multi Floor Nav] Initializing Pose to x: 5.00, y: -0.50 at level: 0
[ INFO] [1774971551.499399891, 1088.663000000]: [Multi Floor Nav] Waiting for AMCL nomotion updates (1.0/6.0s, L0)...
[ INFO] [1774971552.513902274, 1089.663000000]: [Multi Floor Nav] Waiting for AMCL nomotion updates (2.0/6.0s, L0)...
[ INFO] [1774971553.724508020, 1090.861000000]: [Multi Floor Nav] Waiting for AMCL nomotion updates (3.2/6.0s, L0)...
[ INFO] [1774971554.740240368, 1091.862000000]: [Multi Floor Nav] Waiting for AMCL nomotion updates (4.2/6.0s, L0)...
[ INFO] [1774971555.960539017, 1093.062000000]: [Multi Floor Nav] Waiting for AMCL nomotion updates (5.4/6.0s, L0)...
[ INFO] [1774971556.566620684, 1093.663000000]: [Multi Floor Nav] Current Robot Pose, x: 5.36, y: -0.03, yaw: 0.12
[ INFO] [1774971556.566670899, 1093.663000000]: [Multi Floor Nav] Linear Error: 0.60, Angular Error: 0.12
[ INFO] [1774971556.566694156, 1093.663000000]: [Multi Floor Nav] Setting initial pose failed. Will Retry (retry #1)
[ INFO] [1774971556.768645205, 1093.861000000]: [Multi Floor Nav] Adaptive sigma: offset_planar=0.453, adaptive_scale=0.158, adaptive_yaw=0.090 ??? sigma(0.150, 0.150, 0.090)
[ INFO] [1774971556.768714417, 1093.861000000]: [Multi Floor Nav] Initializing Robot at x: 5.3, y: -0.2, yaw: 0.2 (level=0, sigma: x=0.195, y=0.195, yaw=0.117, retry=1)
[ INFO] [1774971556.768752690, 1093.861000000]: [Multi Floor Nav] Initializing Pose to x: 5.00, y: -0.50 at level: 0
[ INFO] [1774971557.785985773, 1094.864000000]: [Multi Floor Nav] Waiting for AMCL nomotion updates (1.0/6.0s, L0)...
[ INFO] [1774971558.798326660, 1095.865000000]: [Multi Floor Nav] Waiting for AMCL nomotion updates (2.0/6.0s, L0)...
[ INFO] [1774971560.012763445, 1097.064000000]: [Multi Floor Nav] Waiting for AMCL nomotion updates (3.2/6.0s, L0)...
[ INFO] [1774971561.226422276, 1098.264000000]: [Multi Floor Nav] Waiting for AMCL nomotion updates (4.4/6.0s, L0)...
[ INFO] [1774971562.240292603, 1099.264000000]: [Multi Floor Nav] Waiting for AMCL nomotion updates (5.4/6.0s, L0)...
[ INFO] [1774971562.846010191, 1099.863000000]: [Multi Floor Nav] Current Robot Pose, x: 5.05, y: -0.05, yaw: 0.09
[ INFO] [1774971562.846031003, 1099.863000000]: [Multi Floor Nav] Linear Error: 0.45, Angular Error: 0.09
[ INFO] [1774971562.846043086, 1099.863000000]: [Multi Floor Nav] Robot at correct pose
[ INFO] [1774971562.847816759, 1099.865000000]: [Multi Floor Nav] RELOC_PASS: linear_error=0.4484, angular_error=0.0939, linear_error_init=0.2957, angular_error_init=0.1061, tr_sigma=0.0329, C_t=0.9677
[ INFO] [1774971563.862179113, 1100.865000000]: [Multi Floor Nav] POST_PASS: dt=1.000s, linear_error=0.4457, angular_error=0.0898
[ INFO] [1774971563.862233938, 1100.865000000]: [Multi Floor Nav] Will send goal to x: 3, y: -0, at level: 0
[ INFO] [1774971563.862264039, 1100.865000000]: [Multi Floor Nav] Sending Robot to x: 3.0, y: -0.5, yaw: 3.1
[ INFO] [1774971564.065215067, 1101.065000000]: [Multi Floor Nav] POST_PASS: dt=1.200s, linear_error=0.4457, angular_error=0.0898
[ INFO] [1774971564.267684264, 1101.266000000]: [Multi Floor Nav] POST_PASS: dt=1.401s, linear_error=0.4457, angular_error=0.0898
[ INFO] [1774971564.468832146, 1101.465000000]: [Multi Floor Nav] POST_PASS: dt=1.600s, linear_error=0.4437, angular_error=0.3173
[ INFO] [1774971564.672854040, 1101.665000000]: [Multi Floor Nav] POST_PASS: [ WARN] [1774971622.273614597, 1158.670000000]: [Multi Floor Nav] Initial pose perturbation applied: offset_x=0.32, offset_y=0.32, offset_theta=0.20
dt=1.800s, linear_error=0.4250, angular_error=0.7349
[ INFO] [1774971564.874891273, 1101.865000000]: [Multi Floor Nav] POST_PASS: dt=2.000s, linear_error=0.3837, angular_error=1.1646
[ INFO] [1774971584.890733621, 1121.665000000]: [Multi Floor Nav] Requesting Lift to Level 0
[ INFO] [1774971585.092228821, 1121.865000000]: [Multi Floor Nav] Entering Lift at Level 0
[ INFO] [1774971602.421509003, 1139.065000000]: [Multi Floor Nav] Requesting Lift to Level 1
[ INFO] [1774971609.492405152, 1146.065000000]: [Multi Floor Nav] Exiting Lift at Level 1
[ INFO] [1774971622.092912560, 1158.493000000]: [Multi Floor Nav] Successfully loaded map for level: 1
[ INFO] [1774971622.273683669, 1158.670000000]: [Multi Floor Nav] Adaptive sigma: offset_planar=0.453, adaptive_scale=0.158, adaptive_yaw=0.090 ??? sigma(0.158, 0.158, 0.090)
[ INFO] [1774971622.273716564, 1158.670000000]: [Multi Floor Nav] Initializing Robot at x: 3.3, y: -0.2, yaw: 3.3 (level=1, sigma: x=0.158, y=0.158, yaw=0.090, retry=0)
[ INFO] [1774971622.273756722, 1158.670000000]: [Multi Floor Nav] Initializing Pose to x: 3.00, y: -0.50 at level: 1
[ INFO] [1774971623.292027785, 1159.673000000]: [Multi Floor Nav] Waiting for AMCL nomotion updates (1.0/12.0s, L1)...
[ INFO] [1774971624.312674547, 1160.673000000]: [Multi Floor Nav] Waiting for AMCL nomotion updates (2.0/12.0s, L1)...
[ INFO] [1774971625.325239629, 1161.673000000]: [Multi Floor Nav] Waiting for AMCL nomotion updates (3.0/12.0s, L1)...
[ INFO] [1774971626.344869372, 1162.673000000]: [Multi Floor Nav] Waiting for AMCL nomotion updates (4.0/12.0s, L1)...
[ INFO] [1774971627.363207062, 1163.673000000]: [Multi Floor Nav] Waiting for AMCL nomotion updates (5.0/12.0s, L1)...
[ INFO] [1774971628.584738968, 1164.873000000]: [Multi Floor Nav] Waiting for AMCL nomotion updates (6.2/12.0s, L1)...
[ INFO] [1774971629.600589005, 1165.874000000]: [Multi Floor Nav] Waiting for AMCL nomotion updates (7.2/12.0s, L1)...
[ INFO] [1774971630.817774518, 1167.072000000]: [Multi Floor Nav] Waiting for AMCL nomotion updates (8.4/12.0s, L1)...
[ INFO] [1774971631.832958485, 1168.073000000]: [Multi Floor Nav] Waiting for AMCL nomotion updates (9.4/12.0s, L1)...
[ INFO] [1774971632.851369929, 1169.073000000]: [Multi Floor Nav] Waiting for AMCL nomotion updates (10.4/12.0s, L1)...
[ INFO] [1774971633.869615989, 1170.074000000]: [Multi Floor Nav] Waiting for AMCL nomotion updates (11.4/12.0s, L1)...
[ INFO] [1774971634.478808083, 1170.672000000]: [Multi Floor Nav] Current Robot Pose, x: 3.25, y: -0.23, yaw: 3.04
[ INFO] [1774971634.478830013, 1170.672000000]: [Multi Floor Nav] Linear Error: 0.37, Angular Error: 0.10
[ INFO] [1774971634.478838115, 1170.672000000]: [Multi Floor Nav] Robot at correct pose
[ INFO] [1774971634.480052993, 1170.674000000]: [Multi Floor Nav] RELOC_PASS: linear_error=0.3711, angular_error=0.1037, linear_error_init=0.0829, angular_error_init=0.3037, tr_sigma=0.0000, C_t=1.0000
[ INFO] [1774971635.499953229, 1171.674000000]: [Multi Floor Nav] POST_PASS: dt=1.000s, linear_error=0.3712, angular_error=0.1032
[ INFO] [1774971635.500015667, 1171.674000000]: [Multi Floor Nav] Will send goal to x: 4, y: 5, at level: 1
[ INFO] [1774971635.500058130, 1171.674000000]: [Multi Floor Nav] Sending Robot to x: 4.0, y: 5.0, yaw: 0.0
[ INFO] [1774971635.704057956, 1171.874000000]: [Multi Floor Nav] POST_PASS: dt=1.200s, linear_error=0.3712, angular_error=0.1032
[ INFO] [1774971635.906721591, 1172.075000000]: [Multi Floor Nav] POST_PASS: dt=1.401s, linear_error=0.3712, angular_error=0.1032
[ INFO] [1774971636.109673807, 1172.274000000]: [Multi Floor Nav] POST_PASS: dt=1.600s, linear_error=0.3211, angular_error=0.2495
[ INFO] [1774971636.312256986, 1172.475000000]: [Multi Floor Nav] POST_PASS: dt=1.801s, linear_error=0.3411, angular_error=0.5576
[ INFO] [1774971636.514806222, 1172.674000000]: [Multi Floor Nav] POST_PASS: dt=2.000s, linear_error=0.4357, angular_error=0.9278
[ INFO] [1774971653.654346733, 1189.475000000]: [Multi Floor Nav] Robot arrived at Goal
[ INFO] [1774971518.882130335, 1056.453000000]: global_costmap: Using plugin "static_layer"
[ INFO] [1774971518.890064441, 1056.461000000]: Requesting the map...
[ INFO] [1774971550.383645972, 1087.563000000]: Resizing costmap to 992 X 992 at 0.020000 m/pix
[ INFO] [1774971550.484307773, 1087.662000000]: Received a 992 X 992 map at 0.020000 m/pix
[ INFO] [1774971550.486490851, 1087.664000000]: global_costmap: Using plugin "obstacles_layer"
[ INFO] [1774971550.490755321, 1087.668000000]:     Subscribed to Topics: scan
[ INFO] [1774971550.499786064, 1087.677000000]: global_costmap: Using plugin "inflater_layer"
[ INFO] [1774971550.519826137, 1087.697000000]: local_costmap: Using plugin "obstacles_layer"
[ INFO] [1774971550.522098053, 1087.700000000]:     Subscribed to Topics: scan
[ INFO] [1774971550.529261049, 1087.707000000]: local_costmap: Using plugin "inflater_layer"
[ INFO] [1774971550.548591750, 1087.726000000]: Created local_planner base_local_planner/TrajectoryPlannerROS
[ INFO] [1774971550.553427725, 1087.731000000]: Sim period is set to 0.05
[ INFO] [1774971550.655180995, 1087.831000000]: Recovery behavior will clear layer 'obstacles'
[ INFO] [1774971550.660851985, 1087.836000000]: Recovery behavior will clear layer 'obstacles'
[ INFO] [1774971550.716768774, 1087.892000000]: odom received!

auto-starting new master
[1mprocess[master]: started with pid [134022][0m
[1mROS_MASTER_URI=http://localhost:11311[0m
]2;/home/eethanhe/catkin_ws/src/robot-multi-floor-navigation/multi_floor_nav/launch/nav.launch http://localhost:11311
[1msetting /run_id to ad9a6e58-2d17-11f1-8422-679edff71d44[0m
[1mprocess[rosout-1]: started with pid [134047][0m
started core service [/rosout]
[1mprocess[gazebo-2]: started with pid [134054][0m
[1mprocess[robot_state_publisher-3]: started with pid [134057][0m
[1mprocess[controller_spawner-4]: started with pid [134060][0m
[1mprocess[ekf_localization-5]: started with pid [134061][0m
[1mprocess[twist_mux-6]: started with pid [134062][0m
[1mprocess[twist_marker_server-7]: started with pid [134067][0m
[1mprocess[urdf_spawner-8]: started with pid [134069][0m
[1mprocess[map_server0-9]: started with pid [134079][0m
[1mprocess[map_server1-10]: started with pid [134086][0m
[1mprocess[amcl-11]: started with pid [134088][0m
[1mprocess[move_base-12]: started with pid [134090][0m
[1mprocess[rviz-13]: started with pid [134097][0m
[1mprocess[change_map_node-14]: started with pid [134108][0m
[1mprocess[multi_floor_navigation_node-15]: started with pid [134116][0m
[1m[urdf_spawner-8] process has finished cleanly
log file: /home/eethanhe/.ros/log/ad9a6e58-2d17-11f1-8422-679edff71d44/urdf_spawner-8*.log[0m
[multi_floor_navigation_node-15] killing on exit
[change_map_node-14] killing on exit
[rviz-13] killing on exit
[move_base-12] killing on exit
[amcl-11] killing on exit
[map_server1-10] killing on exit
[map_server0-9] killing on exit
[twist_marker_server-7] killing on exit
[ekf_localization-5] killing on exit
[twist_mux-6] killing on exit
[controller_spawner-4] killing on exit
[robot_state_publisher-3] killing on exit
[gazebo-2] killing on exit
[rosout-1] killing on exit
[master] killing on exit
shutting down processing monitor...
... shutting down processing monitor complete
[1mdone[0m
