xacro: in-order processing became default in ROS Melodic. You can drop the option.
... logging to /home/eethanhe/.ros/log/20cb5d2e-2d09-11f1-8422-679edff71d44/roslaunch-eethanhe-Lenovo-Legion-R9000P2021H-48057.log
Checking log directory for disk usage. This may take a while.
Press Ctrl-C to interrupt
Done checking log file disk usage. Usage is <1GB.
]2;/home/eethanhe/catkin_ws/src/robot-multi-floor-navigation/multi_floor_nav/launch/nav.launch
[1mstarted roslaunch server http://eethanhe-Lenovo-Legion-R9000P2021H:46861/[0m

SUMMARY
========

PARAMETERS
 * /amcl/auto_update_noise: 0.0
 * /amcl/base_frame_id: base_link
 * /amcl/expected_laser_freq: 5.0
 * /amcl/first_map_only: False
 * /amcl/global_frame_id: map
 * /amcl/gui_publish_rate: 10.0
 * /amcl/initial_pose_a: 0.0
 * /amcl/initial_pose_x: 0.0
 * /amcl/initial_pose_y: 0.0
 * /amcl/kld_err: 0.05
 * /amcl/kld_z: 0.99
 * /amcl/laser_lambda_short: 0.1
 * /amcl/laser_likelihood_max_dist: 2.0
 * /amcl/laser_max_beams: 720
 * /amcl/laser_max_range: 30.0
 * /amcl/laser_min_range: 0.1
 * /amcl/laser_model_type: likelihood_field
 * /amcl/laser_sigma_hit: 0.2
 * /amcl/laser_z_hit: 0.5
 * /amcl/laser_z_max: 0.05
 * /amcl/laser_z_rand: 0.5
 * /amcl/laser_z_short: 0.05
 * /amcl/max_particles: 2000
 * /amcl/min_particles: 500
 * /amcl/odom_alpha1: 0.2
 * /amcl/odom_alpha2: 0.2
 * /amcl/odom_alpha3: 0.2
 * /amcl/odom_alpha4: 0.2
 * /amcl/odom_alpha5: 0.1
 * /amcl/odom_frame_id: odom
 * /amcl/odom_model_type: diff
 * /amcl/odom_update_interval: 0.1
 * /amcl/recovery_alpha_fast: 0.1
 * /amcl/recovery_alpha_slow: 0.001
 * /amcl/resample_interval: 1
 * /amcl/transform_tolerance: 1.0
 * /amcl/update_min_a: 0.3927
 * /amcl/update_min_d: 0.1
 * /amcl/use_map_topic: False
 * /ekf_localization/base_link_frame: base_link
 * /ekf_localization/frequency: 50
 * /ekf_localization/imu0: /imu/data
 * /ekf_localization/imu0_config: [False, False, Fa...
 * /ekf_localization/imu0_differential: False
 * /ekf_localization/odom0: /jackal_velocity_...
 * /ekf_localization/odom0_config: [False, False, Fa...
 * /ekf_localization/odom0_differential: False
 * /ekf_localization/odom_frame: odom
 * /ekf_localization/predict_to_current_time: True
 * /ekf_localization/world_frame: odom
 * /gazebo/enable_ros_network: True
 * /jackal_joint_publisher/publish_rate: 50
 * /jackal_joint_publisher/type: joint_state_contr...
 * /jackal_velocity_controller/angular/z/has_acceleration_limits: True
 * /jackal_velocity_controller/angular/z/has_velocity_limits: True
 * /jackal_velocity_controller/angular/z/max_acceleration: 25.0
 * /jackal_velocity_controller/angular/z/max_velocity: 4.0
 * /jackal_velocity_controller/cmd_vel_timeout: 0.25
 * /jackal_velocity_controller/enable_odom_tf: False
 * /jackal_velocity_controller/k_l: 0.1
 * /jackal_velocity_controller/k_r: 0.1
 * /jackal_velocity_controller/left_wheel: ['front_left_whee...
 * /jackal_velocity_controller/linear/x/has_acceleration_limits: True
 * /jackal_velocity_controller/linear/x/has_velocity_limits: True
 * /jackal_velocity_controller/linear/x/max_acceleration: 20.0
 * /jackal_velocity_controller/linear/x/max_velocity: 2.0
 * /jackal_velocity_controller/pose_covariance_diagonal: [0.001, 0.001, 10...
 * /jackal_velocity_controller/publish_cmd: True
 * /jackal_velocity_controller/publish_rate: 50
 * /jackal_velocity_controller/right_wheel: ['front_right_whe...
 * /jackal_velocity_controller/twist_covariance_diagonal: [0.001, 0.001, 0....
 * /jackal_velocity_controller/type: diff_drive_contro...
 * /jackal_velocity_controller/wheel_radius_multiplier: 1.0
 * /jackal_velocity_controller/wheel_separation_multiplier: 1.5
 * /move_base/NavfnROS/allow_unknown: True
 * /move_base/TrajectoryPlannerROS/acc_lim_theta: 20.0
 * /move_base/TrajectoryPlannerROS/acc_lim_x: 10.0
 * /move_base/TrajectoryPlannerROS/angular_sim_granularity: 0.02
 * /move_base/TrajectoryPlannerROS/controller_frequency: 20.0
 * /move_base/TrajectoryPlannerROS/dwa: True
 * /move_base/TrajectoryPlannerROS/escape_reset_dist: 0.1
 * /move_base/TrajectoryPlannerROS/escape_reset_theta: 0.1
 * /move_base/TrajectoryPlannerROS/escape_vel: -0.5
 * /move_base/TrajectoryPlannerROS/gdist_scale: 1.0
 * /move_base/TrajectoryPlannerROS/heading_lookahead: 0.325
 * /move_base/TrajectoryPlannerROS/heading_scoring: False
 * /move_base/TrajectoryPlannerROS/heading_scoring_timestep: 0.8
 * /move_base/TrajectoryPlannerROS/holonomic_robot: False
 * /move_base/TrajectoryPlannerROS/latch_xy_goal_tolerance: False
 * /move_base/TrajectoryPlannerROS/max_vel_theta: 1.57
 * /move_base/TrajectoryPlannerROS/max_vel_x: 0.5
 * /move_base/TrajectoryPlannerROS/meter_scoring: True
 * /move_base/TrajectoryPlannerROS/min_in_place_vel_theta: 0.314
 * /move_base/TrajectoryPlannerROS/min_vel_theta: -1.57
 * /move_base/TrajectoryPlannerROS/min_vel_x: 0.1
 * /move_base/TrajectoryPlannerROS/occdist_scale: 0.1
 * /move_base/TrajectoryPlannerROS/oscillation_reset_dist: 0.05
 * /move_base/TrajectoryPlannerROS/pdist_scale: 0.75
 * /move_base/TrajectoryPlannerROS/publish_cost_grid_pc: True
 * /move_base/TrajectoryPlannerROS/sim_granularity: 0.02
 * /move_base/TrajectoryPlannerROS/sim_time: 2.0
 * /move_base/TrajectoryPlannerROS/simple_attractor: False
 * /move_base/TrajectoryPlannerROS/vtheta_samples: 20
 * /move_base/TrajectoryPlannerROS/vx_samples: 6
 * /move_base/TrajectoryPlannerROS/xy_goal_tolerance: 0.25
 * /move_base/TrajectoryPlannerROS/yaw_goal_tolerance: 0.157
 * /move_base/base_global_planner: navfn/NavfnROS
 * /move_base/base_local_planner: base_local_planne...
 * /move_base/clearing_rotation_allowed: True
 * /move_base/controller_frequency: 20.0
 * /move_base/controller_patience: 15.0
 * /move_base/global_costmap/footprint: [[-0.21, -0.165],...
 * /move_base/global_costmap/footprint_padding: 0.1
 * /move_base/global_costmap/global_frame: map
 * /move_base/global_costmap/height: 40.0
 * /move_base/global_costmap/inflater_layer/inflation_radius: 0.3
 * /move_base/global_costmap/map_type: costmap
 * /move_base/global_costmap/meter_scoring: True
 * /move_base/global_costmap/obstacle_range: 2.5
 * /move_base/global_costmap/obstacles_layer/observation_sources: scan
 * /move_base/global_costmap/obstacles_layer/scan/clearing: True
 * /move_base/global_costmap/obstacles_layer/scan/data_type: LaserScan
 * /move_base/global_costmap/obstacles_layer/scan/marking: True
 * /move_base/global_costmap/obstacles_layer/scan/max_obstacle_height: 2.0
 * /move_base/global_costmap/obstacles_layer/scan/min_obstacle_height: -2.0
 * /move_base/global_costmap/obstacles_layer/scan/obstacle_range: 2.5
 * /move_base/global_costmap/obstacles_layer/scan/raytrace_range: 3.0
 * /move_base/global_costmap/obstacles_layer/scan/sensor_frame: front_laser
 * /move_base/global_costmap/obstacles_layer/scan/topic: front/scan
 * /move_base/global_costmap/origin_x: -20.0
 * /move_base/global_costmap/origin_y: -20.0
 * /move_base/global_costmap/origin_z: 0.0
 * /move_base/global_costmap/plugins: [{'name': 'static...
 * /move_base/global_costmap/publish_frequency: 5.0
 * /move_base/global_costmap/publish_voxel_map: False
 * /move_base/global_costmap/raytrace_range: 3.0
 * /move_base/global_costmap/resolution: 0.05
 * /move_base/global_costmap/robot_base_frame: base_link
 * /move_base/global_costmap/rolling_window: False
 * /move_base/global_costmap/static_map: True
 * /move_base/global_costmap/transform_tolerance: 0.5
 * /move_base/global_costmap/update_frequency: 20.0
 * /move_base/global_costmap/width: 40.0
 * /move_base/global_costmap/z_resolution: 1
 * /move_base/global_costmap/z_voxels: 2
 * /move_base/local_costmap/footprint: [[-0.21, -0.165],...
 * /move_base/local_costmap/footprint_padding: 0.1
 * /move_base/local_costmap/global_frame: map
 * /move_base/local_costmap/height: 10.0
 * /move_base/local_costmap/inflater_layer/inflation_radius: 0.3
 * /move_base/local_costmap/map_type: costmap
 * /move_base/local_costmap/meter_scoring: True
 * /move_base/local_costmap/obstacle_range: 2.5
 * /move_base/local_costmap/obstacles_layer/observation_sources: scan
 * /move_base/local_costmap/obstacles_layer/scan/clearing: True
 * /move_base/local_costmap/obstacles_layer/scan/data_type: LaserScan
 * /move_base/local_costmap/obstacles_layer/scan/marking: True
 * /move_base/local_costmap/obstacles_layer/scan/max_obstacle_height: 2.0
 * /move_base/local_costmap/obstacles_layer/scan/min_obstacle_height: -2.0
 * /move_base/local_costmap/obstacles_layer/scan/obstacle_range: 2.5
 * /move_base/local_costmap/obstacles_layer/scan/raytrace_range: 3.0
 * /move_base/local_costmap/obstacles_layer/scan/sensor_frame: front_laser
 * /move_base/local_costmap/obstacles_layer/scan/topic: front/scan
 * /move_base/local_costmap/origin_z: 0.0
 * /move_base/local_costmap/plugins: [{'name': 'obstac...
 * /move_base/local_costmap/publish_frequency: 5.0
 * /move_base/local_costmap/publish_voxel_map: False
 * /move_base/local_costmap/raytrace_range: 3.0
 * /move_base/local_costmap/resolution: 0.05
 * /move_base/local_costmap/robot_base_frame: base_link
 * /move_base/local_costmap/rolling_window: True
 * /move_base/local_costmap/static_map: False
 * /move_base/local_costmap/transform_tolerance: 0.5
 * /move_base/local_costmap/update_frequency: 20.0
 * /move_base/local_costmap/width: 10.0
 * /move_base/local_costmap/z_resolution: 1
 * /move_base/local_costmap/z_voxels: 2
 * /move_base/oscillation_distance: 0.5
 * /move_base/oscillation_timeout: 0.0
 * /move_base/planner_frequency: 20.0
 * /move_base/planner_patience: 5.0
 * /move_base/recovery_behavior_enabled: True
 * /move_base/shutdown_costmaps: False
 * /multi_floor_navigation_node/init_pose_offset_theta: 0.05
 * /multi_floor_navigation_node/init_pose_offset_x: 0.1
 * /multi_floor_navigation_node/init_pose_offset_y: 0.1
 * /multi_floor_navigation_node/region_init_backoff_factor: 1.3
 * /multi_floor_navigation_node/region_init_max_backoff: 2.0
 * /multi_floor_navigation_node/region_init_sigma_adaptive_alpha: 0.35
 * /multi_floor_navigation_node/region_init_sigma_min_scale: 0.03
 * /multi_floor_navigation_node/region_init_sigma_min_yaw: 0.02
 * /multi_floor_navigation_node/region_init_sigma_x: 0.15
 * /multi_floor_navigation_node/region_init_sigma_x_L0: 0.15
 * /multi_floor_navigation_node/region_init_sigma_x_L1: 0.2
 * /multi_floor_navigation_node/region_init_sigma_y: 0.15
 * /multi_floor_navigation_node/region_init_sigma_y_L0: 0.15
 * /multi_floor_navigation_node/region_init_sigma_y_L1: 0.2
 * /multi_floor_navigation_node/region_init_sigma_yaw: 0.1
 * /multi_floor_navigation_node/region_init_sigma_yaw_L0: 0.1
 * /multi_floor_navigation_node/region_init_sigma_yaw_L1: 0.12
 * /multi_floor_navigation_node/reloc_min_check_delay_L0: 6.0
 * /multi_floor_navigation_node/reloc_min_check_delay_L1: 12.0
 * /multi_floor_navigation_node/reloc_min_check_delay_sec: 6.0
 * /robot_description: <?xml version="1....
 * /rosdistro: noetic
 * /rosversion: 1.17.0
 * /twist_marker_server/link_name: base_link
 * /twist_mux/locks: [{'name': 'e_stop...
 * /twist_mux/topics: [{'name': 'joy', ...
 * /use_gui: True
 * /use_sim_time: True

NODES
  /
    amcl (amcl/amcl)
    change_map_node (multi_floor_nav/change_map_node)
    controller_spawner (controller_manager/spawner)
    ekf_localization (robot_localization/ekf_localization_node)
    gazebo (gazebo_ros/gzserver)
    map_server0 (map_server/map_server)
    map_server1 (map_server/map_server)
    move_base (move_base/move_base)
    multi_floor_navigation_node (multi_floor_nav/multi_floor_navigation_node)
    robot_state_publisher (robot_state_publisher/robot_state_publisher)
    rviz (rviz/rviz)
    twist_marker_server (interactive_marker_twist_server/marker_server)
    twist_mux (twist_mux/twist_mux)
    urdf_spawner (gazebo_ros/spawn_model)
[ INFO] [1774965266.632422502]: Finished loading Gazebo ROS API Plugin.
[ INFO] [1774965266.640403952]: waitForService: Service [/gazebo/set_physics_properties] has not been advertised, waiting...
[1;33mWarning [Model.cc:216][0m Non-unique name[door] detected 2 times in XML children of model with name[elevator].
[1;33mWarning [Model.cc:309][0m Joint with name [door] in model with name [elevator] has a name collision, changing joint name to [door_joint].
[ WARN] [1774965267.894982135, 1055.049000000]: Failed to meet update rate! Took 1055.0489999999999782
[ WARN] [1774965267.896156854, 1055.050000000]: Failed to meet update rate! Took 1055.0299999999999727
[ INFO] [1774965267.614525423]: waitForService: Service [/gazebo/set_physics_properties] is now available.
[ INFO] [1774965267.630570943]: Physics dynamic reconfigure ready.
[1;33mWarning [parser_urdf.cc:1161][0m multiple inconsistent <gravity> exists due to fixed joint reduction overwriting previous value [true] with [false].
[1;33mWarning [parser_urdf.cc:1161][0m multiple inconsistent <gravity> exists due to fixed joint reduction overwriting previous value [false] with [true].
[ERROR] [1774965268.436487771, 1055.098000000]: No p gain specified for pid.  Namespace: /gazebo_ros_control/pid_gains/front_left_wheel
[ERROR] [1774965268.436993766, 1055.098000000]: No p gain specified for pid.  Namespace: /gazebo_ros_control/pid_gains/front_right_wheel
[ERROR] [1774965268.437433971, 1055.098000000]: No p gain specified for pid.  Namespace: /gazebo_ros_control/pid_gains/rear_left_wheel
[ERROR] [1774965268.437875573, 1055.098000000]: No p gain specified for pid.  Namespace: /gazebo_ros_control/pid_gains/rear_right_wheel
[ WARN] [1774965268.492212157, 1055.100000000]: Timed out waiting for transform from base_link to map to become available before running costmap, tf error: canTransform: target_frame map does not exist.. canTransform returned after 1055.1 timeout was 0.1.
[ WARN] [1774965268.695655192]: Interactive marker 'robot_twist_marker' contains unnormalized quaternions. This warning will only be output once but may be true for others; enable DEBUG messages for ros.rviz.quaternions to see more details.
[ WARN] [1774965269.723990794, 1056.314000000]: global_costmap: Pre-Hydro parameter "static_map" unused since "plugins" is provided
[ WARN] [1774965269.724744443, 1056.315000000]: global_costmap: Pre-Hydro parameter "map_type" unused since "plugins" is provided
[ WARN] [1774965301.212188716, 1087.353000000]: [Multi Floor Nav] Initial pose perturbation applied: offset_x=0.10, offset_y=0.10, offset_theta=0.05
[ WARN] [1774965301.329536807, 1087.470000000]: local_costmap: Pre-Hydro parameter "static_map" unused since "plugins" is provided
[ WARN] [1774965301.329725167, 1087.470000000]: local_costmap: Pre-Hydro parameter "map_type" unused since "plugins" is provided
[ WARN] [1774965301.374303332, 1087.515000000]: Parameter pdist_scale is deprecated. Please use the name path_distance_bias instead.
[ WARN] [1774965301.374839987, 1087.515000000]: Parameter gdist_scale is deprecated. Please use the name goal_distance_bias instead.
[ WARN] [1774965368.786142349, 1154.163000000]: [Multi Floor Nav] Initial pose perturbation applied: offset_x=0.10, offset_y=0.10, offset_theta=0.05
[ INFO] [1774965266.319529805]: [Multi Floor Nav] Module A sigma: L0=(0.150,0.150,0.100) L1=(0.200,0.200,0.120)
[ INFO] [1774965266.320304267]: [Multi Floor Nav] Module A delay: L0=6.0s  L1=12.0s  backoff: factor=1.30 max=2.00
[ INFO] [1774965301.133102622, 1087.276000000]: [Multi Floor Nav] Successfully loaded map for level: 0
[ INFO] [1774965301.212259255, 1087.353000000]: [Multi Floor Nav] Adaptive sigma: offset_planar=0.141, adaptive_scale=0.049, adaptive_yaw=0.037 ??? sigma(0.049, 0.049, 0.037)
[ INFO] [1774965301.212277902, 1087.353000000]: [Multi Floor Nav] Initializing Robot at x: 5.1, y: -0.4, yaw: 0.1 (level=0, sigma: x=0.049, y=0.049, yaw=0.037, retry=0)
[ INFO] [1774965301.212309819, 1087.353000000]: [Multi Floor Nav] Initializing Pose to x: 5.00, y: -0.50 at level: 0
[ INFO] [1774965302.229813699, 1088.357000000]: [Multi Floor Nav] Waiting for AMCL nomotion updates (1.0/6.0s, L0)...
[ INFO] [1774965303.243389876, 1089.357000000]: [Multi Floor Nav] Waiting for AMCL nomotion updates (2.0/6.0s, L0)...
[ INFO] [1774965304.453905169, 1090.556000000]: [Multi Floor Nav] Waiting for AMCL nomotion updates (3.2/6.0s, L0)...
[ INFO] [1774965305.472389645, 1091.556000000]: [Multi Floor Nav] Waiting for AMCL nomotion updates (4.2/6.0s, L0)...
[ INFO] [1774965306.487440959, 1092.556000000]: [Multi Floor Nav] Waiting for AMCL nomotion updates (5.2/6.0s, L0)...
[ INFO] [1774965307.302016209, 1093.357000000]: [Multi Floor Nav] Current Robot Pose, x: 5.05, y: -0.39, yaw: 0.10
[ INFO] [1774965307.302063561, 1093.357000000]: [Multi Floor Nav] Linear Error: 0.12, Angular Error: 0.10
[ INFO] [1774965307.302085421, 1093.357000000]: [Multi Floor Nav] Robot at correct pose
[ INFO] [1774965307.306306024, 1093.361000000]: [Multi Floor Nav] RELOC_PASS: linear_error=0.1227, angular_error=0.0993, linear_error_init=0.0504, angular_error_init=0.0493, tr_sigma=0.0053, C_t=0.9947
[ INFO] [1774965308.322508081, 1094.361000000]: [Multi Floor Nav] POST_PASS: dt=1.000s, linear_error=0.1212, angular_error=0.0992
[ INFO] [1774965308.322543351, 1094.361000000]: [Multi Floor Nav] Will send goal to x: 3, y: -0, at level: 0
[ INFO] [1774965308.322560951, 1094.361000000]: [Multi Floor Nav] Sending Robot to x: 3.0, y: -0.5, yaw: 3.1
[ INFO] [1774965308.526311616, 1094.561000000]: [Multi Floor Nav] POST_PASS: dt=1.200s, linear_error=0.1212, angular_error=0.0992
[ INFO] [1774965308.729483233, 1094.762000000]: [Multi Floor Nav] POST_PASS: dt=1.401s, linear_error=0.1212, angular_error=0.0992
[ INFO] [1774965308.931198605, 1094.961000000]: [Multi Floor Nav] POST_PASS: dt=1.600s, linear_error=0.1280, angular_error=0.3120
[ INFO] [1774965309.134938583, 1095.161000000]: [Multi Floor Nav] POST_PASS: dt=1.800s, linear_error=0.1298, angular_error=0.7211
[ INFO] [1774965309.336620918, 1095.361000000]: [Multi Floor Nav] POST_PASS: dt=2.000s, linear_error=0.1262, angular_error=1.1262
[ INFO] [1774965331.390986439, 1117.161000000]: [Multi Floor Nav] Requesting Lift to Level 0
[ INFO] [1774965331.593085608, 1117.361000000]: [Multi Floor Nav] Entering Lift at Level 0
[ INFO] [1774965348.959754726, 1134.561000000]: [Multi Floor Nav] Requesting Lift to Level 1
[ INFO] [1774965356.042677307, 1141.561000000]: [Multi Floor Nav] Exiting Lift at Level 1
[ INFO] [1774965368.698710718, 1154.075000000]: [Multi Floor Nav] Successfully loaded map for level: 1
[ INFO] [1774965368.786173848, 1154.163000000]: [Multi Floor Nav] Adaptive sigma: offset_planar=0.141, adaptive_scale=0.049, adaptive_yaw=0.037 ??? sigma(0.049, 0.049, 0.037)
[ INFO] [1774965368.786189631, 1154.163000000]: [Multi Floor Nav] Initializing Robot at x: 3.1, y: -0.4, yaw: 3.2 (level=1, sigma: x=0.049, y=0.049, yaw=0.037, retry=0)
[ INFO] [1774965368.786215263, 1154.163000000]: [Multi Floor Nav] Initializing Pose to x: 3.00, y: -0.50 at level: 1
[ INFO] [1774965369.804504660, 1155.166000000]: [Multi Floor Nav] Waiting for AMCL nomotion updates (1.0/12.0s, L1)...
[ INFO] [1774965370.817405855, 1156.168000000]: [Multi Floor Nav] Waiting for AMCL nomotion updates (2.0/12.0s, L1)...
[ INFO] [1774965372.021203228, 1157.3[ WARN] [1774965400.168678241, 1185.271000000]: Clearing both costmaps outside a square (3.00m) large centered on the robot.
[ WARN] [1774965405.249811906, 1190.321000000]: Rotate recovery behavior started.
[ERROR] [1774965405.249916457, 1190.321000000]: Rotate recovery can't rotate in place because there is a potential collision. Cost: -1.00
[ WARN] [1774965410.331716528, 1195.372000000]: Clearing both costmaps outside a square (1.84m) large centered on the robot.
[ WARN] [1774965415.406359898, 1200.421000000]: Rotate recovery behavior started.
[ERROR] [1774965415.406421148, 1200.421000000]: Rotate recovery can't rotate in place because there is a potential collision. Cost: -1.00
[ERROR] [1774965420.490120652, 1205.471000000]: Aborting because a valid plan could not be found. Even after executing all recovery behaviors
65000000]: [Multi Floor Nav] Waiting for AMCL nomotion updates (3.2/12.0s, L1)...
[ INFO] [1774965373.036110290, 1158.366000000]: [Multi Floor Nav] Waiting for AMCL nomotion updates (4.2/12.0s, L1)...
[ INFO] [1774965374.048159471, 1159.366000000]: [Multi Floor Nav] Waiting for AMCL nomotion updates (5.2/12.0s, L1)...
[ INFO] [1774965375.058767762, 1160.366000000]: [Multi Floor Nav] Waiting for AMCL nomotion updates (6.2/12.0s, L1)...
[ INFO] [1774965376.071462320, 1161.366000000]: [Multi Floor Nav] Waiting for AMCL nomotion updates (7.2/12.0s, L1)...
[ INFO] [1774965377.082539502, 1162.366000000]: [Multi Floor Nav] Waiting for AMCL nomotion updates (8.2/12.0s, L1)...
[ INFO] [1774965378.295268356, 1163.567000000]: [Multi Floor Nav] Waiting for AMCL nomotion updates (9.4/12.0s, L1)...
[ INFO] [1774965379.507865617, 1164.767000000]: [Multi Floor Nav] Waiting for AMCL nomotion updates (10.6/12.0s, L1)...
[ INFO] [1774965380.718679000, 1165.967000000]: [Multi Floor Nav] Waiting for AMCL nomotion updates (11.8/12.0s, L1)...
[ INFO] [1774965380.920656832, 1166.166000000]: [Multi Floor Nav] Current Robot Pose, x: 3.17, y: -0.48, yaw: -2.98
[ INFO] [1774965380.920714450, 1166.166000000]: [Multi Floor Nav] Linear Error: 0.17, Angular Error: 0.17
[ INFO] [1774965380.920748113, 1166.166000000]: [Multi Floor Nav] Robot at correct pose
[ INFO] [1774965380.924359215, 1166.170000000]: [Multi Floor Nav] RELOC_PASS: linear_error=0.1690, angular_error=0.1662, linear_error_init=0.1038, angular_error_init=0.1162, tr_sigma=0.0029, C_t=0.9971
[ INFO] [1774965381.936108777, 1167.171000000]: [Multi Floor Nav] POST_PASS: dt=1.001s, linear_error=0.1701, angular_error=0.1685
[ INFO] [1774965381.936140764, 1167.171000000]: [Multi Floor Nav] Will send goal to x: 4, y: 5, at level: 1
[ INFO] [1774965381.936152777, 1167.171000000]: [Multi Floor Nav] Sending Robot to x: 4.0, y: 5.0, yaw: 0.0
[ INFO] [1774965382.139847285, 1167.371000000]: [Multi Floor Nav] POST_PASS: dt=1.201s, linear_error=0.1701, angular_error=0.1685
[ INFO] [1774965382.340760046, 1167.571000000]: [Multi Floor Nav] POST_PASS: dt=1.401s, linear_error=0.1701, angular_error=0.1685
[ INFO] [1774965382.543185552, 1167.771000000]: [Multi Floor Nav] POST_PASS: dt=1.601s, linear_error=0.0277, angular_error=0.0337
[ INFO] [1774965382.743720615, 1167.971000000]: [Multi Floor Nav] POST_PASS: dt=1.801s, linear_error=0.1101, angular_error=0.3645
[ INFO] [1774965269.725771868, 1056.316000000]: global_costmap: Using plugin "static_layer"
[ INFO] [1774965269.731481543, 1056.322000000]: Requesting the map...
[ INFO] [1774965301.182436299, 1087.324000000]: Resizing costmap to 992 X 992 at 0.020000 m/pix
[ INFO] [1774965301.283205365, 1087.424000000]: Received a 992 X 992 map at 0.020000 m/pix
[ INFO] [1774965301.285275438, 1087.426000000]: global_costmap: Using plugin "obstacles_layer"
[ INFO] [1774965301.289378360, 1087.430000000]:     Subscribed to Topics: scan
[ INFO] [1774965301.303970981, 1087.445000000]: global_costmap: Using plugin "inflater_layer"
[ INFO] [1774965301.330514784, 1087.471000000]: local_costmap: Using plugin "obstacles_layer"
[ INFO] [1774965301.334193983, 1087.475000000]:     Subscribed to Topics: scan
[ INFO] [1774965301.345933898, 1087.486000000]: local_costmap: Using plugin "inflater_layer"
[ INFO] [1774965301.368622294, 1087.509000000]: Created local_planner base_local_planner/TrajectoryPlannerROS
[ INFO] [1774965301.372351639, 1087.513000000]: Sim period is set to 0.05
[ INFO] [1774965301.422923309, 1087.563000000]: Recovery behavior will clear layer 'obstacles'
[ INFO] [1774965301.426461920, 1087.567000000]: Recovery behavior will clear layer 'obstacles'
[ INFO] [1774965301.653739711, 1087.791000000]: odom received!

auto-starting new master
[1mprocess[master]: started with pid [48133][0m
[1mROS_MASTER_URI=http://localhost:11311[0m
]2;/home/eethanhe/catkin_ws/src/robot-multi-floor-navigation/multi_floor_nav/launch/nav.launch http://localhost:11311
[1msetting /run_id to 20cb5d2e-2d09-11f1-8422-679edff71d44[0m
[1mprocess[rosout-1]: started with pid [48158][0m
started core service [/rosout]
[1mprocess[gazebo-2]: started with pid [48165][0m
[1mprocess[robot_state_publisher-3]: started with pid [48168][0m
[1mprocess[controller_spawner-4]: started with pid [48171][0m
[1mprocess[ekf_localization-5]: started with pid [48172][0m
[1mprocess[twist_mux-6]: started with pid [48173][0m
[1mprocess[twist_marker_server-7]: started with pid [48178][0m
[1mprocess[urdf_spawner-8]: started with pid [48180][0m
[1mprocess[map_server0-9]: started with pid [48191][0m
[1mprocess[map_server1-10]: started with pid [48197][0m
[1mprocess[amcl-11]: started with pid [48199][0m
[1mprocess[move_base-12]: started with pid [48202][0m
[1mprocess[rviz-13]: started with pid [48208][0m
[1mprocess[change_map_node-14]: started with pid [48213][0m
[1mprocess[multi_floor_navigation_node-15]: started with pid [48224][0m
[1m[urdf_spawner-8] process has finished cleanly
log file: /home/eethanhe/.ros/log/20cb5d2e-2d09-11f1-8422-679edff71d44/urdf_spawner-8*.log[0m
[multi_floor_navigation_node-15] killing on exit
[change_map_node-14] killing on exit
[rviz-13] killing on exit
[move_base-12] killing on exit
[map_server1-10] killing on exit
[amcl-11] killing on exit
[map_server0-9] killing on exit
[twist_marker_server-7] killing on exit
[twist_mux-6] killing on exit
[ekf_localization-5] killing on exit
[controller_spawner-4] killing on exit
[robot_state_publisher-3] killing on exit
[gazebo-2] killing on exit
[rosout-1] killing on exit
[master] killing on exit
shutting down processing monitor...
... shutting down processing monitor complete
[1mdone[0m
