xacro: in-order processing became default in ROS Melodic. You can drop the option.
... logging to /home/eethanhe/.ros/log/51d3aa8c-2bee-11f1-8d1e-01badb8e21cf/roslaunch-eethanhe-Lenovo-Legion-R9000P2021H-163315.log
Checking log directory for disk usage. This may take a while.
Press Ctrl-C to interrupt
Done checking log file disk usage. Usage is <1GB.
]2;/home/eethanhe/catkin_ws/src/robot-multi-floor-navigation/multi_floor_nav/launch/nav.launch
[1mstarted roslaunch server http://eethanhe-Lenovo-Legion-R9000P2021H:46393/[0m

SUMMARY
========

PARAMETERS
 * /amcl/auto_update_noise: 0.0
 * /amcl/base_frame_id: base_link
 * /amcl/expected_laser_freq: 5.0
 * /amcl/first_map_only: False
 * /amcl/global_frame_id: map
 * /amcl/gui_publish_rate: 10.0
 * /amcl/initial_pose_a: 0.0
 * /amcl/initial_pose_x: 0.0
 * /amcl/initial_pose_y: 0.0
 * /amcl/kld_err: 0.05
 * /amcl/kld_z: 0.99
 * /amcl/laser_lambda_short: 0.1
 * /amcl/laser_likelihood_max_dist: 2.0
 * /amcl/laser_max_beams: 720
 * /amcl/laser_max_range: 30.0
 * /amcl/laser_min_range: 0.1
 * /amcl/laser_model_type: likelihood_field
 * /amcl/laser_sigma_hit: 0.2
 * /amcl/laser_z_hit: 0.5
 * /amcl/laser_z_max: 0.05
 * /amcl/laser_z_rand: 0.5
 * /amcl/laser_z_short: 0.05
 * /amcl/max_particles: 2000
 * /amcl/min_particles: 500
 * /amcl/odom_alpha1: 0.2
 * /amcl/odom_alpha2: 0.2
 * /amcl/odom_alpha3: 0.2
 * /amcl/odom_alpha4: 0.2
 * /amcl/odom_alpha5: 0.1
 * /amcl/odom_frame_id: odom
 * /amcl/odom_model_type: diff
 * /amcl/odom_update_interval: 0.1
 * /amcl/recovery_alpha_fast: 0.1
 * /amcl/recovery_alpha_slow: 0.001
 * /amcl/resample_interval: 1
 * /amcl/transform_tolerance: 1.0
 * /amcl/update_min_a: 0.3927
 * /amcl/update_min_d: 0.1
 * /amcl/use_map_topic: False
 * /ekf_localization/base_link_frame: base_link
 * /ekf_localization/frequency: 50
 * /ekf_localization/imu0: /imu/data
 * /ekf_localization/imu0_config: [False, False, Fa...
 * /ekf_localization/imu0_differential: False
 * /ekf_localization/odom0: /jackal_velocity_...
 * /ekf_localization/odom0_config: [False, False, Fa...
 * /ekf_localization/odom0_differential: False
 * /ekf_localization/odom_frame: odom
 * /ekf_localization/predict_to_current_time: True
 * /ekf_localization/world_frame: odom
 * /gazebo/enable_ros_network: True
 * /jackal_joint_publisher/publish_rate: 50
 * /jackal_joint_publisher/type: joint_state_contr...
 * /jackal_velocity_controller/angular/z/has_acceleration_limits: True
 * /jackal_velocity_controller/angular/z/has_velocity_limits: True
 * /jackal_velocity_controller/angular/z/max_acceleration: 25.0
 * /jackal_velocity_controller/angular/z/max_velocity: 4.0
 * /jackal_velocity_controller/cmd_vel_timeout: 0.25
 * /jackal_velocity_controller/enable_odom_tf: False
 * /jackal_velocity_controller/k_l: 0.1
 * /jackal_velocity_controller/k_r: 0.1
 * /jackal_velocity_controller/left_wheel: ['front_left_whee...
 * /jackal_velocity_controller/linear/x/has_acceleration_limits: True
 * /jackal_velocity_controller/linear/x/has_velocity_limits: True
 * /jackal_velocity_controller/linear/x/max_acceleration: 20.0
 * /jackal_velocity_controller/linear/x/max_velocity: 2.0
 * /jackal_velocity_controller/pose_covariance_diagonal: [0.001, 0.001, 10...
 * /jackal_velocity_controller/publish_cmd: True
 * /jackal_velocity_controller/publish_rate: 50
 * /jackal_velocity_controller/right_wheel: ['front_right_whe...
 * /jackal_velocity_controller/twist_covariance_diagonal: [0.001, 0.001, 0....
 * /jackal_velocity_controller/type: diff_drive_contro...
 * /jackal_velocity_controller/wheel_radius_multiplier: 1.0
 * /jackal_velocity_controller/wheel_separation_multiplier: 1.5
 * /move_base/NavfnROS/allow_unknown: True
 * /move_base/TrajectoryPlannerROS/acc_lim_theta: 20.0
 * /move_base/TrajectoryPlannerROS/acc_lim_x: 10.0
 * /move_base/TrajectoryPlannerROS/angular_sim_granularity: 0.02
 * /move_base/TrajectoryPlannerROS/controller_frequency: 20.0
 * /move_base/TrajectoryPlannerROS/dwa: True
 * /move_base/TrajectoryPlannerROS/escape_reset_dist: 0.1
 * /move_base/TrajectoryPlannerROS/escape_reset_theta: 0.1
 * /move_base/TrajectoryPlannerROS/escape_vel: -0.5
 * /move_base/TrajectoryPlannerROS/gdist_scale: 1.0
 * /move_base/TrajectoryPlannerROS/heading_lookahead: 0.325
 * /move_base/TrajectoryPlannerROS/heading_scoring: False
 * /move_base/TrajectoryPlannerROS/heading_scoring_timestep: 0.8
 * /move_base/TrajectoryPlannerROS/holonomic_robot: False
 * /move_base/TrajectoryPlannerROS/latch_xy_goal_tolerance: False
 * /move_base/TrajectoryPlannerROS/max_vel_theta: 1.57
 * /move_base/TrajectoryPlannerROS/max_vel_x: 0.5
 * /move_base/TrajectoryPlannerROS/meter_scoring: True
 * /move_base/TrajectoryPlannerROS/min_in_place_vel_theta: 0.314
 * /move_base/TrajectoryPlannerROS/min_vel_theta: -1.57
 * /move_base/TrajectoryPlannerROS/min_vel_x: 0.1
 * /move_base/TrajectoryPlannerROS/occdist_scale: 0.1
 * /move_base/TrajectoryPlannerROS/oscillation_reset_dist: 0.05
 * /move_base/TrajectoryPlannerROS/pdist_scale: 0.75
 * /move_base/TrajectoryPlannerROS/publish_cost_grid_pc: True
 * /move_base/TrajectoryPlannerROS/sim_granularity: 0.02
 * /move_base/TrajectoryPlannerROS/sim_time: 2.0
 * /move_base/TrajectoryPlannerROS/simple_attractor: False
 * /move_base/TrajectoryPlannerROS/vtheta_samples: 20
 * /move_base/TrajectoryPlannerROS/vx_samples: 6
 * /move_base/TrajectoryPlannerROS/xy_goal_tolerance: 0.25
 * /move_base/TrajectoryPlannerROS/yaw_goal_tolerance: 0.157
 * /move_base/base_global_planner: navfn/NavfnROS
 * /move_base/base_local_planner: base_local_planne...
 * /move_base/clearing_rotation_allowed: True
 * /move_base/controller_frequency: 20.0
 * /move_base/controller_patience: 15.0
 * /move_base/global_costmap/footprint: [[-0.21, -0.165],...
 * /move_base/global_costmap/footprint_padding: 0.1
 * /move_base/global_costmap/global_frame: map
 * /move_base/global_costmap/height: 40.0
 * /move_base/global_costmap/inflater_layer/inflation_radius: 0.3
 * /move_base/global_costmap/map_type: costmap
 * /move_base/global_costmap/meter_scoring: True
 * /move_base/global_costmap/obstacle_range: 2.5
 * /move_base/global_costmap/obstacles_layer/observation_sources: scan
 * /move_base/global_costmap/obstacles_layer/scan/clearing: True
 * /move_base/global_costmap/obstacles_layer/scan/data_type: LaserScan
 * /move_base/global_costmap/obstacles_layer/scan/marking: True
 * /move_base/global_costmap/obstacles_layer/scan/max_obstacle_height: 2.0
 * /move_base/global_costmap/obstacles_layer/scan/min_obstacle_height: -2.0
 * /move_base/global_costmap/obstacles_layer/scan/obstacle_range: 2.5
 * /move_base/global_costmap/obstacles_layer/scan/raytrace_range: 3.0
 * /move_base/global_costmap/obstacles_layer/scan/sensor_frame: front_laser
 * /move_base/global_costmap/obstacles_layer/scan/topic: front/scan
 * /move_base/global_costmap/origin_x: -20.0
 * /move_base/global_costmap/origin_y: -20.0
 * /move_base/global_costmap/origin_z: 0.0
 * /move_base/global_costmap/plugins: [{'name': 'static...
 * /move_base/global_costmap/publish_frequency: 5.0
 * /move_base/global_costmap/publish_voxel_map: False
 * /move_base/global_costmap/raytrace_range: 3.0
 * /move_base/global_costmap/resolution: 0.05
 * /move_base/global_costmap/robot_base_frame: base_link
 * /move_base/global_costmap/rolling_window: False
 * /move_base/global_costmap/static_map: True
 * /move_base/global_costmap/transform_tolerance: 0.5
 * /move_base/global_costmap/update_frequency: 20.0
 * /move_base/global_costmap/width: 40.0
 * /move_base/global_costmap/z_resolution: 1
 * /move_base/global_costmap/z_voxels: 2
 * /move_base/local_costmap/footprint: [[-0.21, -0.165],...
 * /move_base/local_costmap/footprint_padding: 0.1
 * /move_base/local_costmap/global_frame: map
 * /move_base/local_costmap/height: 10.0
 * /move_base/local_costmap/inflater_layer/inflation_radius: 0.3
 * /move_base/local_costmap/map_type: costmap
 * /move_base/local_costmap/meter_scoring: True
 * /move_base/local_costmap/obstacle_range: 2.5
 * /move_base/local_costmap/obstacles_layer/observation_sources: scan
 * /move_base/local_costmap/obstacles_layer/scan/clearing: True
 * /move_base/local_costmap/obstacles_layer/scan/data_type: LaserScan
 * /move_base/local_costmap/obstacles_layer/scan/marking: True
 * /move_base/local_costmap/obstacles_layer/scan/max_obstacle_height: 2.0
 * /move_base/local_costmap/obstacles_layer/scan/min_obstacle_height: -2.0
 * /move_base/local_costmap/obstacles_layer/scan/obstacle_range: 2.5
 * /move_base/local_costmap/obstacles_layer/scan/raytrace_range: 3.0
 * /move_base/local_costmap/obstacles_layer/scan/sensor_frame: front_laser
 * /move_base/local_costmap/obstacles_layer/scan/topic: front/scan
 * /move_base/local_costmap/origin_z: 0.0
 * /move_base/local_costmap/plugins: [{'name': 'obstac...
 * /move_base/local_costmap/publish_frequency: 5.0
 * /move_base/local_costmap/publish_voxel_map: False
 * /move_base/local_costmap/raytrace_range: 3.0
 * /move_base/local_costmap/resolution: 0.05
 * /move_base/local_costmap/robot_base_frame: base_link
 * /move_base/local_costmap/rolling_window: True
 * /move_base/local_costmap/static_map: False
 * /move_base/local_costmap/transform_tolerance: 0.5
 * /move_base/local_costmap/update_frequency: 20.0
 * /move_base/local_costmap/width: 10.0
 * /move_base/local_costmap/z_resolution: 1
 * /move_base/local_costmap/z_voxels: 2
 * /move_base/oscillation_distance: 0.5
 * /move_base/oscillation_timeout: 0.0
 * /move_base/planner_frequency: 20.0
 * /move_base/planner_patience: 5.0
 * /move_base/recovery_behavior_enabled: True
 * /move_base/shutdown_costmaps: False
 * /multi_floor_navigation_node/init_pose_offset_theta: 0.2
 * /multi_floor_navigation_node/init_pose_offset_x: 0.4
 * /multi_floor_navigation_node/init_pose_offset_y: 0.4
 * /multi_floor_navigation_node/region_init_backoff_factor: 1.3
 * /multi_floor_navigation_node/region_init_max_backoff: 2.0
 * /multi_floor_navigation_node/region_init_sigma_adaptive_alpha: 0.35
 * /multi_floor_navigation_node/region_init_sigma_min_scale: 0.03
 * /multi_floor_navigation_node/region_init_sigma_min_yaw: 0.02
 * /multi_floor_navigation_node/region_init_sigma_x: 0.15
 * /multi_floor_navigation_node/region_init_sigma_x_L0: 0.15
 * /multi_floor_navigation_node/region_init_sigma_x_L1: 0.2
 * /multi_floor_navigation_node/region_init_sigma_y: 0.15
 * /multi_floor_navigation_node/region_init_sigma_y_L0: 0.15
 * /multi_floor_navigation_node/region_init_sigma_y_L1: 0.2
 * /multi_floor_navigation_node/region_init_sigma_yaw: 0.1
 * /multi_floor_navigation_node/region_init_sigma_yaw_L0: 0.1
 * /multi_floor_navigation_node/region_init_sigma_yaw_L1: 0.12
 * /multi_floor_navigation_node/reloc_min_check_delay_L0: 6.0
 * /multi_floor_navigation_node/reloc_min_check_delay_L1: 12.0
 * /multi_floor_navigation_node/reloc_min_check_delay_sec: 6.0
 * /robot_description: <?xml version="1....
 * /rosdistro: noetic
 * /rosversion: 1.17.0
 * /twist_marker_server/link_name: base_link
 * /twist_mux/locks: [{'name': 'e_stop...
 * /twist_mux/topics: [{'name': 'joy', ...
 * /use_gui: True
 * /use_sim_time: True

NODES
  /
    amcl (amcl/amcl)
    change_map_node (multi_floor_nav/change_map_node)
    controller_spawner (controller_manager/spawner)
    ekf_localization (robot_localization/ekf_localization_node)
    gazebo (gazebo_ros/gzserver)
    map_server0 (map_server/map_server)
    map_server1 (map_server/map_server)
    move_base (move_base/move_base)
    multi_floor_navigation_node (multi_floor_nav/multi_floor_navigation_node)
    robot_state_publisher (robot_state_publisher/robot_state_publisher)
    rviz (rviz/rviz)
    twist_marker_server (interactive_marker_twist_server/marker_server)
    twist_mux (twist_mux/twist_mux)
    urdf_spawner (gazebo_ros/spawn_model)
[ INFO] [1774843801.289776174]: Finished loading Gazebo ROS API Plugin.
[ INFO] [1774843801.295015299]: waitForService: Service [/gazebo/set_physics_properties] has not been advertised, waiting...
[1;33mWarning [Model.cc:216][0m Non-unique name[door] detected 2 times in XML children of model with name[elevator].
[1;33mWarning [Model.cc:309][0m Joint with name [door] in model with name [elevator] has a name collision, changing joint name to [door_joint].
[ERROR] [1774843802.233059, 0.000000]: Spawn service failed. Exiting.
[ INFO] [1774843802.092716252]: waitForService: Service [/gazebo/set_physics_properties] is now available.
[ INFO] [1774843802.237851366, 1054.799000000]: Physics dynamic reconfigure ready.
[1;33mWarning [parser_urdf.cc:1161][0m multiple inconsistent <gravity> exists due to fixed joint reduction overwriting previous value [true] with [false].
[1;33mWarning [parser_urdf.cc:1161][0m multiple inconsistent <gravity> exists due to fixed joint reduction overwriting previous value [false] with [true].
[ERROR] [1774843802.683710655, 1054.799000000]: No p gain specified for pid.  Namespace: /gazebo_ros_control/pid_gains/front_left_wheel
[ERROR] [1774843802.684284050, 1054.799000000]: No p gain specified for pid.  Namespace: /gazebo_ros_control/pid_gains/front_right_wheel
[ERROR] [1774843802.684716575, 1054.799000000]: No p gain specified for pid.  Namespace: /gazebo_ros_control/pid_gains/rear_left_wheel
[ERROR] [1774843802.685128847, 1054.799000000]: No p gain specified for pid.  Namespace: /gazebo_ros_control/pid_gains/rear_right_wheel
[ WARN] [1774843802.744321357, 1054.800000000]: Failed to meet update rate! Took 1054.7999999999999545
[ WARN] [1774843802.745186967, 1054.801000000]: Timed out waiting for transform from base_link to map to become available before running costmap, tf error: canTransform: target_frame map does not exist. canTransform: source_frame base_link does not exist.. canTransform returned after 1054.8 timeout was 0.1.
[ WARN] [1774843802.745392509, 1054.801000000]: Failed to meet update rate! Took 1054.7809999999999491
[ WARN] [1774843803.991755472, 1056.026000000]: global_costmap: Pre-Hydro parameter "static_map" unused since "plugins" is provided
[ WARN] [1774843803.992329146, 1056.027000000]: global_costmap: Pre-Hydro parameter "map_type" unused since "plugins" is provided
[ WARN] [1774843804.736003940, 1056.757000000]: Interactive marker 'robot_twist_marker' contains unnormalized quaternions. This warning will only be output once but may be true for others; enable DEBUG messages for ros.rviz.quaternions to see more details.
[ WARN] [1774843836.019821821, 1087.603000000]: [Multi Floor Nav] Initial pose perturbation applied: offset_x=0.40, offset_y=0.40, offset_theta=0.20
[ WARN] [1774843836.087050660, 1087.670000000]: local_costmap: Pre-Hydro parameter "static_map" unused since "plugins" is provided
[ WARN] [1774843836.087252012, 1087.670000000]: local_costmap: Pre-Hydro parameter "map_type" unused since "plugins" is provided
[ WARN] [1774843836.121936047, 1087.705000000]: Parameter pdist_scale is deprecated. Please use the name path_distance_bias instead.
[ WARN] [1774843836.122493448, 1087.706000000]: Parameter gdist_scale is deprecated. Please use the name goal_distance_bias instead.
[ WARN] [1774843837.072208030, 1088.644000000]: The origin for the sensor at (0.20, 0.21) is out of map bounds. So, the costmap cannot raytrace for it.
[ WARN] [1774843842.303888140, 1093.806000000]: [Multi Floor Nav] Initial pose perturbation applied: offset_x=0.40, offset_y=0.40, offset_theta=0.20
[ WARN] [1774843842.304121059, 1093.807000000]: [Multi Floor Nav] Retry #1: sigma scaled by 1.300 ??? (0.195, 0.195, 0.117)
[ INFO] [1774843800.970993273]: [Multi Floor Nav] Module A sigma: L0=(0.150,0.150,0.100) L1=(0.200,0.200,0.120)
[ INFO] [1774843800.971674363]: [Multi Floor Nav] Module A delay: L0=6.0s  L1=12.0s  backoff: factor=1.30 max=2.00
[ INFO] [1774843835.903019885, 1087.488000000]: [Multi Floor Nav] Successfully loaded map for level: 0
[ INFO] [1774843836.019892919, 1087.603000000]: [Multi Floor Nav] Adaptive sigma: offset_planar=0.566, adaptive_scale=0.198, adaptive_yaw=0.090 ??? sigma(0.150, 0.150, 0.090)
[ INFO] [1774843836.019910519, 1087.603000000]: [Multi Floor Nav] Initializing Robot at x: 5.4, y: -0.1, yaw: 0.2 (level=0, sigma: x=0.150, y=0.150, yaw=0.090, retry=0)
[ INFO] [1774843836.019939084, 1087.603000000]: [Multi Floor Nav] Initializing Pose to x: 5.00, y: -0.50 at level: 0
[ INFO] [1774843837.032402622, 1088.605000000]: [Multi Floor Nav] Waiting for AMCL nomotion updates (1.0/6.0s, L0)...
[ INFO] [1774843838.048603773, 1089.605000000]: [Multi Floor Nav] Waiting for AMCL nomotion updates (2.0/6.0s, L0)...
[ INFO] [1774843839.057966510, 1090.607000000]: [Multi Floor Nav] Waiting for AMCL nomotion updates (3.0/6.0s, L0)...
[ INFO] [1774843840.274692934, 1091.806000000]: [Multi Floor Nav] Waiting for AMCL nomotion updates (4.2/6.0s, L0)...
[ INFO] [1774843841.287874370, 1092.806000000]: [Multi Floor Nav] Waiting for AMCL nomotion updates (5.2/6.0s, L0)...
[ INFO] [1774843842.100850546, 1093.606000000]: [Multi Floor Nav] Current Robot Pose, x: 5.40, y: -0.01, yaw: 0.12
[ INFO] [1774843842.100902088, 1093.606000000]: [Multi Floor Nav] Linear Error: 0.64, Angular Error: 0.12
[ INFO] [1774843842.100927022, 1093.606000000]: [Multi Floor Nav] Setting initial pose failed. Will Retry (retry #1)
[ INFO] [1774843842.303987663, 1093.806000000]: [Multi Floor Nav] Adaptive sigma: offset_planar=0.566, adaptive_scale=0.198, adaptive_yaw=0.090 ??? sigma(0.150, 0.150, 0.090)
[ INFO] [1774843842.304182589, 1093.807000000]: [Multi Floor Nav] Initializing Robot at x: 5.4, y: -0.1, yaw: 0.2 (level=0, sigma: x=0.195, y=0.195, yaw=0.117, retry=1)
[ INFO] [1774843842.304254805, 1093.807000000]: [Multi Floor Nav] Initializing Pose to x: 5.00, y: -0.50 at level: 0
[ INFO] [1774843843.326655118, 1094.810000000]: [Multi Floor Nav] Waiting for AMCL nomotion updates (1.0/6.0s, L0)...
[ INFO] [1774843844.341093205, 1095.810000000]: [Multi Floor Nav] Waiting for AMCL nomotion updates (2.0/6.0s, L0)...
[ INFO] [1774843845.357482580, 1096.810000000]: [Multi Floor Nav] Waiting for AMCL nomotion updates (3.0/6.0s, L0)...
[ INFO] [1774843846.371932610, 1097.810000000]: [Multi Floor Nav] Waiting for AMCL nomotion updates (4.0/6.0s, L0)...
[ INFO] [1774843847.386223892, 1098.811000000]: [Multi Floor Nav] Waiting for AMCL nomotion updates (5.0/6.0s, L0)...
[ INFO] [1774843848.396349505, 1099.811000000]: [Multi Floor Nav] Current Robot Pose, x: 4.99, y: -0.05, yaw: 0.08
[ INFO] [1774843848.396413898, 1099.811000000]: [Multi Floor Nav] Linear Error: 0.45, Angular Error: 0.08
[ INFO] [1774843848.396449238, 1099.811000000]: [Multi Floor Nav] Robot at correct pose
[ INFO] [1774843848.399855036, 1099.814000000]: [Multi Floor Nav] RELOC_PASS: linear_error=0.4463, angular_error=0.0815, linear_error_init=0.4108, angular_error_init=0.1185, tr_sigma=0.0468, C_t=0.9543
[ INFO] [1774843849.415045033, 1100.814000000]: [Multi Floor Nav] POST_PASS: dt=1.000s, linear_error=0.4452, angular_error=0.0807
[ INFO] [1774843849.415106563, 1100.814000000]: [Multi Floor Nav] Will send goal to x: 3, y: -0, at level: 0
[ INFO] [1774843849.415165229, 1100.814000000]: [Multi Floor Nav] Sending Robot to x: 3.0, y: -0.5, yaw: 3.1
[ INFO] [1774843849.617255988, 1101.014000000]: [Multi Floor Nav] POST_PASS: dt=1.200s, linear_error=0.4452, angular_error=0.0807
[ INFO] [1774843849.819341370, 1101.215000000]: [Multi Floor Nav] POST_PASS: dt=1.401s, linear_error=0.4452, angular_error=0.0807
[ INFO] [1774843850.021130067, 1101.414000000]: [Multi Floor Nav] POST_PASS: dt=1.600s, linear_error=0.4404, angular_error=0.3183
[ INFO] [1774843850.225271639, 1101.614000000]: [Multi Floor Nav] POST_PASS: [ WARN] [1774843909.299668694, 1160.018000000]: [Multi Floor Nav] Initial pose perturbation applied: offset_x=0.40, offset_y=0.40, offset_theta=0.20
[ WARN] [1774843921.783026405, 1172.223000000]: [Multi Floor Nav] Initial pose perturbation applied: offset_x=0.40, offset_y=0.40, offset_theta=0.20
[ WARN] [1774843921.783158824, 1172.223000000]: [Multi Floor Nav] Retry #1: sigma scaled by 1.300 ??? (0.257, 0.257, 0.117)
dt=1.800s, linear_error=0.4101, angular_error=0.7543
[ INFO] [1774843850.427307154, 1101.814000000]: [Multi Floor Nav] POST_PASS: dt=2.000s, linear_error=0.3522, angular_error=1.1718
[ INFO] [1774843871.853629006, 1123.014000000]: [Multi Floor Nav] Requesting Lift to Level 0
[ INFO] [1774843872.056930252, 1123.214000000]: [Multi Floor Nav] Entering Lift at Level 0
[ INFO] [1774843889.399701260, 1140.414000000]: [Multi Floor Nav] Requesting Lift to Level 1
[ INFO] [1774843896.477909280, 1147.414000000]: [Multi Floor Nav] Exiting Lift at Level 1
[ INFO] [1774843909.163428948, 1159.886000000]: [Multi Floor Nav] Successfully loaded map for level: 1
[ INFO] [1774843909.299716325, 1160.018000000]: [Multi Floor Nav] Adaptive sigma: offset_planar=0.566, adaptive_scale=0.198, adaptive_yaw=0.090 ??? sigma(0.198, 0.198, 0.090)
[ INFO] [1774843909.299735951, 1160.019000000]: [Multi Floor Nav] Initializing Robot at x: 3.4, y: -0.1, yaw: 3.3 (level=1, sigma: x=0.198, y=0.198, yaw=0.090, retry=0)
[ INFO] [1774843909.299776877, 1160.019000000]: [Multi Floor Nav] Initializing Pose to x: 3.00, y: -0.50 at level: 1
[ INFO] [1774843910.329694481, 1161.021000000]: [Multi Floor Nav] Waiting for AMCL nomotion updates (1.0/12.0s, L1)...
[ INFO] [1774843911.352982635, 1162.023000000]: [Multi Floor Nav] Waiting for AMCL nomotion updates (2.0/12.0s, L1)...
[ INFO] [1774843912.581866175, 1163.223000000]: [Multi Floor Nav] Waiting for AMCL nomotion updates (3.2/12.0s, L1)...
[ INFO] [1774843913.810515189, 1164.422000000]: [Multi Floor Nav] Waiting for AMCL nomotion updates (4.4/12.0s, L1)...
[ INFO] [1774843914.833909920, 1165.422000000]: [Multi Floor Nav] Waiting for AMCL nomotion updates (5.4/12.0s, L1)...
[ INFO] [1774843916.055475448, 1166.621000000]: [Multi Floor Nav] Waiting for AMCL nomotion updates (6.6/12.0s, L1)...
[ INFO] [1774843917.077345970, 1167.622000000]: [Multi Floor Nav] Waiting for AMCL nomotion updates (7.6/12.0s, L1)...
[ INFO] [1774843918.301708352, 1168.822000000]: [Multi Floor Nav] Waiting for AMCL nomotion updates (8.8/12.0s, L1)...
[ INFO] [1774843919.526816777, 1170.021000000]: [Multi Floor Nav] Waiting for AMCL nomotion updates (10.0/12.0s, L1)...
[ INFO] [1774843920.550267313, 1171.021000000]: [Multi Floor Nav] Waiting for AMCL nomotion updates (11.0/12.0s, L1)...
[ INFO] [1774843921.576358051, 1172.021000000]: [Multi Floor Nav] Current Robot Pose, x: 3.77, y: -0.70, yaw: 3.03
[ INFO] [1774843921.576385289, 1172.021000000]: [Multi Floor Nav] Linear Error: 0.80, Angular Error: 0.12
[ INFO] [1774843921.576397720, 1172.021000000]: [Multi Floor Nav] Setting initial pose failed. Will Retry (retry #1)
[ INFO] [1774843921.783109097, 1172.223000000]: [Multi Floor Nav] Adaptive sigma: offset_planar=0.566, adaptive_scale=0.198, adaptive_yaw=0.090 ??? sigma(0.198, 0.198, 0.090)
[ INFO] [1774843921.783210856, 1172.223000000]: [Multi Floor Nav] Initializing Robot at x: 3.4, y: -0.1, yaw: 3.3 (level=1, sigma: x=0.257, y=0.257, yaw=0.117, retry=1)
[ INFO] [1774843921.783279090, 1172.223000000]: [Multi Floor Nav] Initializing Pose to x: 3.00, y: -0.50 at level: 1
[ INFO] [1774843922.815505153, 1173.225000000]: [Multi Floor Nav] Waiting for AMCL nomotion updates (1.0/12.0s, L1)...
[ INFO] [1774843923.831047520, 1174.225000000]: [Multi Floor Nav] Waiting for AMCL nomotion updates (2.0/12.0s, L1)...
[ INFO] [1774843924.858697599, 1175.225000000]: [Multi Floor Nav] Waiting for AMCL nomotion updates (3.0/12.0s, L1)...
[ INFO] [1774843925.882838027, 1176.225000000]: [Multi Floor Nav] Waiting for AMCL nomotion updates (4.0/12.0s, L1)...
[ INFO] [1774843926.902162776, 1177.226000000]: [Multi Floor Nav] Waiting for AMCL nomotion updates (5.0/12.0s, L1)...
[ INFO] [1774843928.134033073, 1178.426000000]: [Multi Floor Nav] Waiting for AMCL nomotion updates (6.2/12.0s, L1)...
[ INFO] [1774843929.158331621, 1179.427000000]: [Multi Floor Nav] Waiting for AMCL nomotion updates (7.2/12.0s, L1)...
[ INFO] [1774843930.379886468, 1180.625000000]: [Multi Floor Nav] Waiting for AMCL nomotion updates (8.4/12.0s, L1)...
[ INFO] [1774843931.398064359, 1181.626000000]: [Multi Floor Nav] Waiting for AMCL nomotion updates (9.4/12.0s, L1)...
[ INFO] [1774843932.623221537, 1182.825000000]: [Multi Floor Nav] Waiting for AMCL nomotion updates (10.6/12.0s, L1)...
[ INFO] [1774843933.642946267, 1183.825000000]: [Multi Floor Nav] Waiting for AMCL nomotion updates (11.6/12.0s, L1)...
[ INFO] [1774843934.050793752, 1184.225000000]: [Multi Floor Nav] Current Robot Pose, x: 3.15, y: -0.52, yaw: 3.04
[ INFO] [1774843934.050815403, 1184.225000000]: [Multi Floor Nav] Linear Error: 0.15, Angular Error: 0.11
[ INFO] [1774843934.050824063, 1184.225000000]: [Multi Floor Nav] Robot at correct pose
[ INFO] [1774843934.052059551, 1184.226000000]: [Multi Floor Nav] RELOC_PASS: linear_error=0.1536, angular_error=0.1060, linear_error_init=0.4848, angular_error_init=0.3060, tr_sigma=0.0000, C_t=1.0000
[ INFO] [1774843935.077902566, 1185.226000000]: [Multi Floor Nav] POST_PASS: dt=1.000s, linear_error=0.1536, angular_error=0.1055
[ INFO] [1774843935.077924147, 1185.226000000]: [Multi Floor Nav] Will send goal to x: 4, y: 5, at level: 1
[ INFO] [1774843935.077934483, 1185.226000000]: [Multi Floor Nav] Sending Robot to x: 4.0, y: 5.0, yaw: 0.0
[ INFO] [1774843935.283037142, 1185.426000000]: [Multi Floor Nav] POST_PASS: dt=1.200s, linear_error=0.1536, angular_error=0.1055
[ INFO] [1774843935.486811983, 1185.626000000]: [Multi Floor Nav] POST_PASS: dt=1.400s, linear_error=0.1536, angular_error=0.1055
[ INFO] [1774843935.689644320, 1185.827000000]: [Multi Floor Nav] POST_PASS: dt=1.601s, linear_error=0.0468, angular_error=0.1549
[ INFO] [1774843935.892451584, 1186.026000000]: [Multi Floor Nav] POST_PASS: dt=1.800s, linear_error=0.0632, angular_error=0.4305
[ INFO] [1774843936.094205575, 1186.226000000]: [Multi Floor Nav] POST_PASS: dt=2.000s, linear_error=0.1716, angular_error=0.7966
[ INFO] [1774843976.480728098, 1225.626000000]: [Multi Floor Nav] Robot arrived at Goal
[ INFO] [1774843803.992890249, 1056.027000000]: global_costmap: Using plugin "static_layer"
[ INFO] [1774843803.997189942, 1056.032000000]: Requesting the map...
[ INFO] [1774843835.950205256, 1087.534000000]: Resizing costmap to 992 X 992 at 0.020000 m/pix
[ INFO] [1774843836.050508225, 1087.634000000]: Received a 992 X 992 map at 0.020000 m/pix
[ INFO] [1774843836.052784833, 1087.636000000]: global_costmap: Using plugin "obstacles_layer"
[ INFO] [1774843836.056834565, 1087.640000000]:     Subscribed to Topics: scan
[ INFO] [1774843836.065260188, 1087.648000000]: global_costmap: Using plugin "inflater_layer"
[ INFO] [1774843836.087702347, 1087.671000000]: local_costmap: Using plugin "obstacles_layer"
[ INFO] [1774843836.090264116, 1087.673000000]:     Subscribed to Topics: scan
[ INFO] [1774843836.099152295, 1087.682000000]: local_costmap: Using plugin "inflater_layer"
[ INFO] [1774843836.115618786, 1087.699000000]: Created local_planner base_local_planner/TrajectoryPlannerROS
[ INFO] [1774843836.119857229, 1087.703000000]: Sim period is set to 0.05
[ INFO] [1774843836.177743363, 1087.760000000]: Recovery behavior will clear layer 'obstacles'
[ INFO] [1774843836.181376843, 1087.764000000]: Recovery behavior will clear layer 'obstacles'
[ INFO] [1774843836.340152681, 1087.922000000]: odom received!
[31m[urdf_spawner-8] process has died [pid 163472, exit code 1, cmd /opt/ros/noetic/lib/gazebo_ros/spawn_model -urdf -model jackal -param robot_description -x 5.0 -y -0.5 -z 0.5 __name:=urdf_spawner __log:=/home/eethanhe/.ros/log/51d3aa8c-2bee-11f1-8d1e-01badb8e21cf/urdf_spawner-8.log].
log file: /home/eethanhe/.ros/log/51d3aa8c-2bee-11f1-8d1e-01badb8e21cf/urdf_spawner-8*.log[0m

auto-starting new master
[1mprocess[master]: started with pid [163392][0m
[1mROS_MASTER_URI=http://localhost:11311[0m
]2;/home/eethanhe/catkin_ws/src/robot-multi-floor-navigation/multi_floor_nav/launch/nav.launch http://localhost:11311
[1msetting /run_id to 51d3aa8c-2bee-11f1-8d1e-01badb8e21cf[0m
[1mprocess[rosout-1]: started with pid [163450][0m
started core service [/rosout]
[1mprocess[gazebo-2]: started with pid [163457][0m
[1mprocess[robot_state_publisher-3]: started with pid [163460][0m
[1mprocess[controller_spawner-4]: started with pid [163463][0m
[1mprocess[ekf_localization-5]: started with pid [163464][0m
[1mprocess[twist_mux-6]: started with pid [163465][0m
[1mprocess[twist_marker_server-7]: started with pid [163470][0m
[1mprocess[urdf_spawner-8]: started with pid [163472][0m
[1mprocess[map_server0-9]: started with pid [163482][0m
[1mprocess[map_server1-10]: started with pid [163489][0m
[1mprocess[amcl-11]: started with pid [163491][0m
[1mprocess[move_base-12]: started with pid [163494][0m
[1mprocess[rviz-13]: started with pid [163501][0m
[1mprocess[change_map_node-14]: started with pid [163513][0m
[1mprocess[multi_floor_navigation_node-15]: started with pid [163519][0m
[multi_floor_navigation_node-15] killing on exit
[change_map_node-14] killing on exit
[rviz-13] killing on exit
[move_base-12] killing on exit
[amcl-11] killing on exit
[map_server1-10] killing on exit
[map_server0-9] killing on exit
[twist_marker_server-7] killing on exit
[twist_mux-6] killing on exit
[ekf_localization-5] killing on exit
[controller_spawner-4] killing on exit
[robot_state_publisher-3] killing on exit
[gazebo-2] killing on exit
[rosout-1] killing on exit
[master] killing on exit
shutting down processing monitor...
... shutting down processing monitor complete
[1mdone[0m
