xacro: in-order processing became default in ROS Melodic. You can drop the option.
... logging to /home/eethanhe/.ros/log/96e35466-2c2e-11f1-8d1e-01badb8e21cf/roslaunch-eethanhe-Lenovo-Legion-R9000P2021H-695933.log
Checking log directory for disk usage. This may take a while.
Press Ctrl-C to interrupt
Done checking log file disk usage. Usage is <1GB.
]2;/home/eethanhe/catkin_ws/src/robot-multi-floor-navigation/multi_floor_nav/launch/nav.launch
[1mstarted roslaunch server http://eethanhe-Lenovo-Legion-R9000P2021H:43395/[0m

SUMMARY
========

PARAMETERS
 * /amcl/auto_update_noise: 0.0
 * /amcl/base_frame_id: base_link
 * /amcl/expected_laser_freq: 5.0
 * /amcl/first_map_only: False
 * /amcl/global_frame_id: map
 * /amcl/gui_publish_rate: 10.0
 * /amcl/initial_pose_a: 0.0
 * /amcl/initial_pose_x: 0.0
 * /amcl/initial_pose_y: 0.0
 * /amcl/kld_err: 0.05
 * /amcl/kld_z: 0.99
 * /amcl/laser_lambda_short: 0.1
 * /amcl/laser_likelihood_max_dist: 2.0
 * /amcl/laser_max_beams: 720
 * /amcl/laser_max_range: 30.0
 * /amcl/laser_min_range: 0.1
 * /amcl/laser_model_type: likelihood_field
 * /amcl/laser_sigma_hit: 0.2
 * /amcl/laser_z_hit: 0.5
 * /amcl/laser_z_max: 0.05
 * /amcl/laser_z_rand: 0.5
 * /amcl/laser_z_short: 0.05
 * /amcl/max_particles: 2000
 * /amcl/min_particles: 500
 * /amcl/odom_alpha1: 0.2
 * /amcl/odom_alpha2: 0.2
 * /amcl/odom_alpha3: 0.2
 * /amcl/odom_alpha4: 0.2
 * /amcl/odom_alpha5: 0.1
 * /amcl/odom_frame_id: odom
 * /amcl/odom_model_type: diff
 * /amcl/odom_update_interval: 0.1
 * /amcl/recovery_alpha_fast: 0.1
 * /amcl/recovery_alpha_slow: 0.001
 * /amcl/resample_interval: 1
 * /amcl/transform_tolerance: 1.0
 * /amcl/update_min_a: 0.3927
 * /amcl/update_min_d: 0.1
 * /amcl/use_map_topic: False
 * /ekf_localization/base_link_frame: base_link
 * /ekf_localization/frequency: 50
 * /ekf_localization/imu0: /imu/data
 * /ekf_localization/imu0_config: [False, False, Fa...
 * /ekf_localization/imu0_differential: False
 * /ekf_localization/odom0: /jackal_velocity_...
 * /ekf_localization/odom0_config: [False, False, Fa...
 * /ekf_localization/odom0_differential: False
 * /ekf_localization/odom_frame: odom
 * /ekf_localization/predict_to_current_time: True
 * /ekf_localization/world_frame: odom
 * /gazebo/enable_ros_network: True
 * /jackal_joint_publisher/publish_rate: 50
 * /jackal_joint_publisher/type: joint_state_contr...
 * /jackal_velocity_controller/angular/z/has_acceleration_limits: True
 * /jackal_velocity_controller/angular/z/has_velocity_limits: True
 * /jackal_velocity_controller/angular/z/max_acceleration: 25.0
 * /jackal_velocity_controller/angular/z/max_velocity: 4.0
 * /jackal_velocity_controller/cmd_vel_timeout: 0.25
 * /jackal_velocity_controller/enable_odom_tf: False
 * /jackal_velocity_controller/k_l: 0.1
 * /jackal_velocity_controller/k_r: 0.1
 * /jackal_velocity_controller/left_wheel: ['front_left_whee...
 * /jackal_velocity_controller/linear/x/has_acceleration_limits: True
 * /jackal_velocity_controller/linear/x/has_velocity_limits: True
 * /jackal_velocity_controller/linear/x/max_acceleration: 20.0
 * /jackal_velocity_controller/linear/x/max_velocity: 2.0
 * /jackal_velocity_controller/pose_covariance_diagonal: [0.001, 0.001, 10...
 * /jackal_velocity_controller/publish_cmd: True
 * /jackal_velocity_controller/publish_rate: 50
 * /jackal_velocity_controller/right_wheel: ['front_right_whe...
 * /jackal_velocity_controller/twist_covariance_diagonal: [0.001, 0.001, 0....
 * /jackal_velocity_controller/type: diff_drive_contro...
 * /jackal_velocity_controller/wheel_radius_multiplier: 1.0
 * /jackal_velocity_controller/wheel_separation_multiplier: 1.5
 * /move_base/NavfnROS/allow_unknown: True
 * /move_base/TrajectoryPlannerROS/acc_lim_theta: 20.0
 * /move_base/TrajectoryPlannerROS/acc_lim_x: 10.0
 * /move_base/TrajectoryPlannerROS/angular_sim_granularity: 0.02
 * /move_base/TrajectoryPlannerROS/controller_frequency: 20.0
 * /move_base/TrajectoryPlannerROS/dwa: True
 * /move_base/TrajectoryPlannerROS/escape_reset_dist: 0.1
 * /move_base/TrajectoryPlannerROS/escape_reset_theta: 0.1
 * /move_base/TrajectoryPlannerROS/escape_vel: -0.5
 * /move_base/TrajectoryPlannerROS/gdist_scale: 1.0
 * /move_base/TrajectoryPlannerROS/heading_lookahead: 0.325
 * /move_base/TrajectoryPlannerROS/heading_scoring: False
 * /move_base/TrajectoryPlannerROS/heading_scoring_timestep: 0.8
 * /move_base/TrajectoryPlannerROS/holonomic_robot: False
 * /move_base/TrajectoryPlannerROS/latch_xy_goal_tolerance: False
 * /move_base/TrajectoryPlannerROS/max_vel_theta: 1.57
 * /move_base/TrajectoryPlannerROS/max_vel_x: 0.5
 * /move_base/TrajectoryPlannerROS/meter_scoring: True
 * /move_base/TrajectoryPlannerROS/min_in_place_vel_theta: 0.314
 * /move_base/TrajectoryPlannerROS/min_vel_theta: -1.57
 * /move_base/TrajectoryPlannerROS/min_vel_x: 0.1
 * /move_base/TrajectoryPlannerROS/occdist_scale: 0.1
 * /move_base/TrajectoryPlannerROS/oscillation_reset_dist: 0.05
 * /move_base/TrajectoryPlannerROS/pdist_scale: 0.75
 * /move_base/TrajectoryPlannerROS/publish_cost_grid_pc: True
 * /move_base/TrajectoryPlannerROS/sim_granularity: 0.02
 * /move_base/TrajectoryPlannerROS/sim_time: 2.0
 * /move_base/TrajectoryPlannerROS/simple_attractor: False
 * /move_base/TrajectoryPlannerROS/vtheta_samples: 20
 * /move_base/TrajectoryPlannerROS/vx_samples: 6
 * /move_base/TrajectoryPlannerROS/xy_goal_tolerance: 0.25
 * /move_base/TrajectoryPlannerROS/yaw_goal_tolerance: 0.157
 * /move_base/base_global_planner: navfn/NavfnROS
 * /move_base/base_local_planner: base_local_planne...
 * /move_base/clearing_rotation_allowed: True
 * /move_base/controller_frequency: 20.0
 * /move_base/controller_patience: 15.0
 * /move_base/global_costmap/footprint: [[-0.21, -0.165],...
 * /move_base/global_costmap/footprint_padding: 0.1
 * /move_base/global_costmap/global_frame: map
 * /move_base/global_costmap/height: 40.0
 * /move_base/global_costmap/inflater_layer/inflation_radius: 0.3
 * /move_base/global_costmap/map_type: costmap
 * /move_base/global_costmap/meter_scoring: True
 * /move_base/global_costmap/obstacle_range: 2.5
 * /move_base/global_costmap/obstacles_layer/observation_sources: scan
 * /move_base/global_costmap/obstacles_layer/scan/clearing: True
 * /move_base/global_costmap/obstacles_layer/scan/data_type: LaserScan
 * /move_base/global_costmap/obstacles_layer/scan/marking: True
 * /move_base/global_costmap/obstacles_layer/scan/max_obstacle_height: 2.0
 * /move_base/global_costmap/obstacles_layer/scan/min_obstacle_height: -2.0
 * /move_base/global_costmap/obstacles_layer/scan/obstacle_range: 2.5
 * /move_base/global_costmap/obstacles_layer/scan/raytrace_range: 3.0
 * /move_base/global_costmap/obstacles_layer/scan/sensor_frame: front_laser
 * /move_base/global_costmap/obstacles_layer/scan/topic: front/scan
 * /move_base/global_costmap/origin_x: -20.0
 * /move_base/global_costmap/origin_y: -20.0
 * /move_base/global_costmap/origin_z: 0.0
 * /move_base/global_costmap/plugins: [{'name': 'static...
 * /move_base/global_costmap/publish_frequency: 5.0
 * /move_base/global_costmap/publish_voxel_map: False
 * /move_base/global_costmap/raytrace_range: 3.0
 * /move_base/global_costmap/resolution: 0.05
 * /move_base/global_costmap/robot_base_frame: base_link
 * /move_base/global_costmap/rolling_window: False
 * /move_base/global_costmap/static_map: True
 * /move_base/global_costmap/transform_tolerance: 0.5
 * /move_base/global_costmap/update_frequency: 20.0
 * /move_base/global_costmap/width: 40.0
 * /move_base/global_costmap/z_resolution: 1
 * /move_base/global_costmap/z_voxels: 2
 * /move_base/local_costmap/footprint: [[-0.21, -0.165],...
 * /move_base/local_costmap/footprint_padding: 0.1
 * /move_base/local_costmap/global_frame: map
 * /move_base/local_costmap/height: 10.0
 * /move_base/local_costmap/inflater_layer/inflation_radius: 0.3
 * /move_base/local_costmap/map_type: costmap
 * /move_base/local_costmap/meter_scoring: True
 * /move_base/local_costmap/obstacle_range: 2.5
 * /move_base/local_costmap/obstacles_layer/observation_sources: scan
 * /move_base/local_costmap/obstacles_layer/scan/clearing: True
 * /move_base/local_costmap/obstacles_layer/scan/data_type: LaserScan
 * /move_base/local_costmap/obstacles_layer/scan/marking: True
 * /move_base/local_costmap/obstacles_layer/scan/max_obstacle_height: 2.0
 * /move_base/local_costmap/obstacles_layer/scan/min_obstacle_height: -2.0
 * /move_base/local_costmap/obstacles_layer/scan/obstacle_range: 2.5
 * /move_base/local_costmap/obstacles_layer/scan/raytrace_range: 3.0
 * /move_base/local_costmap/obstacles_layer/scan/sensor_frame: front_laser
 * /move_base/local_costmap/obstacles_layer/scan/topic: front/scan
 * /move_base/local_costmap/origin_z: 0.0
 * /move_base/local_costmap/plugins: [{'name': 'obstac...
 * /move_base/local_costmap/publish_frequency: 5.0
 * /move_base/local_costmap/publish_voxel_map: False
 * /move_base/local_costmap/raytrace_range: 3.0
 * /move_base/local_costmap/resolution: 0.05
 * /move_base/local_costmap/robot_base_frame: base_link
 * /move_base/local_costmap/rolling_window: True
 * /move_base/local_costmap/static_map: False
 * /move_base/local_costmap/transform_tolerance: 0.5
 * /move_base/local_costmap/update_frequency: 20.0
 * /move_base/local_costmap/width: 10.0
 * /move_base/local_costmap/z_resolution: 1
 * /move_base/local_costmap/z_voxels: 2
 * /move_base/oscillation_distance: 0.5
 * /move_base/oscillation_timeout: 0.0
 * /move_base/planner_frequency: 20.0
 * /move_base/planner_patience: 5.0
 * /move_base/recovery_behavior_enabled: True
 * /move_base/shutdown_costmaps: False
 * /multi_floor_navigation_node/init_pose_offset_theta: 0.2
 * /multi_floor_navigation_node/init_pose_offset_x: 0.4
 * /multi_floor_navigation_node/init_pose_offset_y: 0.4
 * /multi_floor_navigation_node/region_init_backoff_factor: 1.3
 * /multi_floor_navigation_node/region_init_max_backoff: 2.0
 * /multi_floor_navigation_node/region_init_sigma_adaptive_alpha: 0.35
 * /multi_floor_navigation_node/region_init_sigma_min_scale: 0.03
 * /multi_floor_navigation_node/region_init_sigma_min_yaw: 0.02
 * /multi_floor_navigation_node/region_init_sigma_x: 0.15
 * /multi_floor_navigation_node/region_init_sigma_x_L0: 0.15
 * /multi_floor_navigation_node/region_init_sigma_x_L1: 0.2
 * /multi_floor_navigation_node/region_init_sigma_y: 0.15
 * /multi_floor_navigation_node/region_init_sigma_y_L0: 0.15
 * /multi_floor_navigation_node/region_init_sigma_y_L1: 0.2
 * /multi_floor_navigation_node/region_init_sigma_yaw: 0.1
 * /multi_floor_navigation_node/region_init_sigma_yaw_L0: 0.1
 * /multi_floor_navigation_node/region_init_sigma_yaw_L1: 0.12
 * /multi_floor_navigation_node/reloc_check_timeout_L0: 25.0
 * /multi_floor_navigation_node/reloc_check_timeout_L1: 45.0
 * /multi_floor_navigation_node/reloc_check_timeout_sec: 45.0
 * /multi_floor_navigation_node/reloc_confidence_K: 2
 * /multi_floor_navigation_node/reloc_confidence_lambda: 20.0
 * /multi_floor_navigation_node/reloc_confidence_tau: 0.85
 * /multi_floor_navigation_node/reloc_min_check_delay_L0: 6.0
 * /multi_floor_navigation_node/reloc_min_check_delay_L1: 12.0
 * /multi_floor_navigation_node/reloc_min_check_delay_sec: 6.0
 * /multi_floor_navigation_node/use_covariance_reloc: True
 * /robot_description: <?xml version="1....
 * /rosdistro: noetic
 * /rosversion: 1.17.0
 * /twist_marker_server/link_name: base_link
 * /twist_mux/locks: [{'name': 'e_stop...
 * /twist_mux/topics: [{'name': 'joy', ...
 * /use_gui: True
 * /use_sim_time: True

NODES
  /
    amcl (amcl/amcl)
    change_map_node (multi_floor_nav/change_map_node)
    controller_spawner (controller_manager/spawner)
    ekf_localization (robot_localization/ekf_localization_node)
    gazebo (gazebo_ros/gzserver)
    map_server0 (map_server/map_server)
    map_server1 (map_server/map_server)
    move_base (move_base/move_base)
    multi_floor_navigation_node (multi_floor_nav/multi_floor_navigation_node)
    robot_state_publisher (robot_state_publisher/robot_state_publisher)
    rviz (rviz/rviz)
    twist_marker_server (interactive_marker_twist_server/marker_server)
    twist_mux (twist_mux/twist_mux)
    urdf_spawner (gazebo_ros/spawn_model)
[ INFO] [1774871404.959847530]: Finished loading Gazebo ROS API Plugin.
[ INFO] [1774871404.960598181]: waitForService: Service [/gazebo/set_physics_properties] has not been advertised, waiting...
[1;33mWarning [Model.cc:216][0m Non-unique name[door] detected 2 times in XML children of model with name[elevator].
[1;33mWarning [Model.cc:309][0m Joint with name [door] in model with name [elevator] has a name collision, changing joint name to [door_joint].
[ INFO] [1774871406.273679568]: waitForService: Service [/gazebo/set_physics_properties] is now available.
[ INFO] [1774871406.369742748]: Physics dynamic reconfigure ready.
[1;33mWarning [parser_urdf.cc:1161][0m multiple inconsistent <gravity> exists due to fixed joint reduction overwriting previous value [true] with [false].
[1;33mWarning [parser_urdf.cc:1161][0m multiple inconsistent <gravity> exists due to fixed joint reduction overwriting previous value [false] with [true].
[ERROR] [1774871407.044360694, 1054.998000000]: No p gain specified for pid.  Namespace: /gazebo_ros_control/pid_gains/front_left_wheel
[ERROR] [1774871407.044754946, 1054.998000000]: No p gain specified for pid.  Namespace: /gazebo_ros_control/pid_gains/front_right_wheel
[ERROR] [1774871407.045119376, 1054.998000000]: No p gain specified for pid.  Namespace: /gazebo_ros_control/pid_gains/rear_left_wheel
[ERROR] [1774871407.045464251, 1054.998000000]: No p gain specified for pid.  Namespace: /gazebo_ros_control/pid_gains/rear_right_wheel
[ WARN] [1774871407.088601735, 1054.999000000]: Failed to meet update rate! Took 1054.9990000000000236
[ WARN] [1774871407.089330316, 1055.000000000]: Failed to meet update rate! Took 1054.9800000000000182
[ WARN] [1774871407.089397294, 1055.000000000]: Timed out waiting for transform from base_link to map to become available before running costmap, tf error: canTransform: target_frame map does not exist.. canTransform returned after 1055 timeout was 0.1.
[ WARN] [1774871407.441550965, 1055.350000000]: Interactive marker 'robot_twist_marker' contains unnormalized quaternions. This warning will only be output once but may be true for others; enable DEBUG messages for ros.rviz.quaternions to see more details.
[ WARN] [1774871408.442140808, 1056.342000000]: global_costmap: Pre-Hydro parameter "static_map" unused since "plugins" is provided
[ WARN] [1774871408.442359760, 1056.342000000]: global_costmap: Pre-Hydro parameter "map_type" unused since "plugins" is provided
[ WARN] [1774871439.669900405, 1087.189000000]: [Multi Floor Nav] Initial pose perturbation applied: offset_x=0.40, offset_y=0.40, offset_theta=0.20
[ WARN] [1774871439.764757851, 1087.284000000]: local_costmap: Pre-Hydro parameter "static_map" unused since "plugins" is provided
[ WARN] [1774871439.765056560, 1087.284000000]: local_costmap: Pre-Hydro parameter "map_type" unused since "plugins" is provided
[ WARN] [1774871439.801880910, 1087.321000000]: Parameter pdist_scale is deprecated. Please use the name path_distance_bias instead.
[ WARN] [1774871439.802515834, 1087.322000000]: Parameter gdist_scale is deprecated. Please use the name goal_distance_bias instead.
[ WARN] [1774871440.701084854, 1088.210000000]: The origin for the sensor at (0.21, 0.22) is out of map bounds. So, the costmap cannot raytrace for it.
[ INFO] [1774871404.615846326]: [Multi Floor Nav] Module C: covariance reloc criterion enabled (lambda=20.00, tau=0.85, K=2, post_monitor=2.0s, min_delay=6.0s)
[ INFO] [1774871404.676573467]: [Multi Floor Nav] Module A sigma: L0=(0.150,0.150,0.100) L1=(0.200,0.200,0.120)
[ INFO] [1774871404.676607829]: [Multi Floor Nav] Module A delay: L0=6.0s  L1=12.0s  backoff: factor=1.30 max=2.00
[ INFO] [1774871404.676624731]: [Multi Floor Nav] Module C timeout: L0=25.0s  L1=45.0s
[ INFO] [1774871439.568935227, 1087.090000000]: [Multi Floor Nav] Successfully loaded map for level: 0
[ INFO] [1774871439.670038341, 1087.189000000]: [Multi Floor Nav] Adaptive sigma: offset_planar=0.566, adaptive_scale=0.198, adaptive_yaw=0.090 ??? sigma(0.150, 0.150, 0.090)
[ INFO] [1774871439.670070817, 1087.189000000]: [Multi Floor Nav] Initializing Robot at x: 5.4, y: -0.1, yaw: 0.2 (level=0, sigma: x=0.150, y=0.150, yaw=0.090, retry=0)
[ INFO] [1774871439.670179909, 1087.189000000]: [Multi Floor Nav] Initializing Pose to x: 5.00, y: -0.50 at level: 0
[ INFO] [1774871440.683991765, 1088.193000000]: [Multi Floor Nav] Waiting for AMCL nomotion updates (1.0/6.0s, L0)...
[ INFO] [1774871441.693031249, 1089.193000000]: [Multi Floor Nav] Waiting for AMCL nomotion updates (2.0/6.0s, L0)...
[ INFO] [1774871442.900505758, 1090.392000000]: [Multi Floor Nav] Waiting for AMCL nomotion updates (3.2/6.0s, L0)...
[ INFO] [1774871443.909339280, 1091.392000000]: [Multi Floor Nav] Waiting for AMCL nomotion updates (4.2/6.0s, L0)...
[ INFO] [1774871445.121125561, 1092.593000000]: [Multi Floor Nav] Waiting for AMCL nomotion updates (5.4/6.0s, L0)...
[ INFO] [1774871445.727191034, 1093.192000000]: [Multi Floor Nav] Current Robot Pose, x: 5.40, y: -0.02, yaw: 0.14
[ INFO] [1774871445.727210659, 1093.192000000]: [Multi Floor Nav] Linear Error: 0.62, Angular Error: 0.14
[ INFO] [1774871445.727222951, 1093.192000000]: [Multi Floor Nav] Module C: tr(??)=0.0059, C_t=0.8889 (tau=0.85), frame_ok=0
[ INFO] [1774871445.929424290, 1093.392000000]: [Multi Floor Nav] Current Robot Pose, x: 5.39, y: -0.02, yaw: 0.14
[ INFO] [1774871445.929454321, 1093.392000000]: [Multi Floor Nav] Linear Error: 0.62, Angular Error: 0.14
[ INFO] [1774871445.929475413, 1093.392000000]: [Multi Floor Nav] Module C: tr(??)=0.0054, C_t=0.8985 (tau=0.85), frame_ok=0
[ INFO] [1774871446.131470302, 1093.592000000]: [Multi Floor Nav] Current Robot Pose, x: 5.39, y: -0.02, yaw: 0.14
[ INFO] [1774871446.131491324, 1093.592000000]: [Multi Floor Nav] Linear Error: 0.62, Angular Error: 0.14
[ INFO] [1774871446.131503686, 1093.592000000]: [Multi Floor Nav] Module C: tr(??)=0.0049, C_t=0.9069 (tau=0.85), frame_ok=0
[ INFO] [1774871446.334569586, 1093.792000000]: [Multi Floor Nav] Current Robot Pose, x: 5.39, y: -0.02, yaw: 0.14
[ INFO] [1774871446.334615262, 1093.792000000]: [Multi Floor Nav] Linear Error: 0.62, Angular Error: 0.14
[ INFO] [1774871446.334644107, 1093.792000000]: [Multi Floor Nav] Module C: tr(??)=0.0049, C_t=0.9073 (tau=0.85), frame_ok=0
[ INFO] [1774871446.536502945, 1093.991000000]: [Multi Floor Nav] Current Robot Pose, x: 5.38, y: -0.02, yaw: 0.14
[ INFO] [1774871446.536520895, 1093.991000000]: [Multi Floor Nav] Linear Error: 0.61, Angular Error: 0.14
[ INFO] [1774871446.536531929, 1093.991000000]: [Multi Floor Nav] Module C: tr(??)=0.0046, C_t=0.9115 (tau=0.85), frame_ok=0
[ INFO] [1774871446.743446067, 1094.194000000]: [Multi Floor Nav] Current Robot Pose, x: 5.38, y: -0.02, yaw: 0.14
[ INFO] [1774871446.743490346, 1094.194000000]: [Multi Floor Nav] Linear Error: 0.61, Angular Error: 0.14
[ INFO] [1774871446.743519540, 1094.194000000]: [Multi Floor Nav] Module C: tr(??)=0.0046, C_t=0.9127 (tau=0.85), frame_ok=0
[ INFO] [1774871446.945428385, 1094.393000000]: [Multi Floor Nav] Current Robot Pose, x: 5.38, y: -0.02, yaw: 0.14
[ INFO] [1774871446.945455972, 1094.393000000]: [Multi Floor Nav] Linear Error: 0.62, Angular Error: 0.14
[ INFO] [1774871446.945468962, 1094.393000000]: [Multi Floor Nav] Module C: tr(??)=0.0045, C_t=0.9141 (tau=0.85), frame_ok=0
[ INFO] [1774871447.147532086, 1094.592000000]: [Multi Floor Nav] Current Robot Pose, x: 5.39, y: -0.02, yaw: 0.14
[ INFO] [1774871447.147558416, 1094.592000000]: [Multi Floor Nav] Linear Error: 0.62, Angular Error: 0.14
[ INFO] [1774871447.147571267, 1094.592000000]: [Multi Floor Nav] Module C: tr(??)=0.0045, C_t=0.9131 (tau=0.85), frame_ok=0
[ INFO] [1774871447.350321905, 1094.792000000]: [Multi Floor Nav] Current Robot Pose, x: 5.39, y: -0.02, yaw: 0.14
[ INFO] [1774871447.350368628, 1094.792000000]: [Multi Floor Nav] Linear Error: 0.62, Angular Error: 0.14
[ INFO] [1774871447.350406203, 1094.792000000]: [Multi Floor Nav] Module C: tr(??)=0.0045, C_t=0.9135 (tau=0.85), frame_ok=0
[ INFO] [1774871447.555287619, 1094.992000000]: [Multi Floor Nav] Current Robot Pose, x: 5.39, y: -0.01, yaw: 0.14
[ INFO] [1774871447.555311365, 1094.992000000]: [Multi Floor Nav] Linear Error: 0.62, Angular Error: 0.14
[ INFO] [1774871447.555324844, 1094.992000000]: [Multi Floor Nav] Module C: tr(??)=0.0039, C_t=0.9254 (tau=0.85), frame_ok=0
[ INFO] [1774871447.753877970, 1095.191000000]: [Multi Floor Nav] Current Robot Pose, x: 5.39, y: -0.01, yaw: 0.14
[ INFO] [1774871447.753898224, 1095.191000000]: [Multi Floor Nav] Linear Error: 0.62, Angular Error: 0.14
[ INFO] [1774871447.753911145, 1095.191000000]: [Multi Floor Nav] Module C: tr(??)=0.0035, C_t=0.9333 (tau=0.85), frame_ok=0
[ INFO] [1774871447.956571129, 1095.393000000]: [Multi Floor Nav] Current Robot Pose, x: 5.39, y: -0.01, yaw: 0.15
[ INFO] [1774871447.956591592, 1095.393000000]: [Multi Floor Nav] Linear Error: 0.62, Angular Error: 0.15
[ INFO] [1774871447.956603116, 1095.393000000]: [Multi Floor Nav] Module C: tr(??)=0.0032, C_t=0.9377 (tau=0.85), frame_ok=0
[ INFO] [1774871448.158861864, 1095.591000000]: [Multi Floor Nav] Current Robot Pose, x: 5.39, y: -0.02, yaw: 0.15
[ INFO] [1774871448.158899090, 1095.591000000]: [Multi Floor Nav] Linear Error: 0.62, Angular Error: 0.15
[ INFO] [1774871448.158930099, 1095.591000000]: [Multi Floor Nav] Module C: tr(??)=0.0031, C_t=0.9405 (tau=0.85), frame_ok=0
[ INFO] [1774871448.362160195, 1095.791000000]: [Multi Floor Nav] Current Robot Pose, x: 5.39, y: -0.01, yaw: 0.15
[ INFO] [1774871448.362177865, 1095.791000000]: [Multi Floor Nav] Linear Error: 0.62, Angular Error: 0.15
[ INFO] [1774871448.362187852, 1095.791000000]: [Multi Floor Nav] Module C: tr(??)=0.0032, C_t=0.9381 (tau=0.85), frame_ok=0
[ INFO] [1774871448.565295378, 1095.992000000]: [Multi Floor Nav] Current Robot Pose, x: 5.39, y: -0.01, yaw: 0.15
[ INFO] [1774871448.565344825, 1095.992000000]: [Multi Floor Nav] Linear Error: 0.63, Angular Error: 0.15
[ INFO] [1774871448.565372063, 1095.992000000]: [Multi Floor Nav] Module C: tr(??)=0.0031, C_t=0.9408 (tau=0.85), frame_ok=0
[ INFO] [1774871448.766772536, 1096.191000000]: [Multi Floor Nav] Current Robot Pose, x: 5.39, y: -0.01, yaw: 0.15
[ INFO] [1774871448.766817164, 1096.191000000]: [Multi Floor Nav] Linear Error: 0.63, Angular Error: 0.15
[ INFO] [1774871448.766847894, 1096.191000000]: [Multi Floor Nav] Module C: tr(??)=0.0030, C_t=0.9417 (tau=0.85), frame_ok=0
[ INFO] [1774871448.970374675, 1096.392000000]: [Multi Floor Nav] Current Robot Pose, x: 5.39, y: -0.01, yaw: 0.15
[ INFO] [1774871448.970419303, 1096.392000000]: [Multi Floor Nav] Linear Error: 0.62, Angular Error: 0.15
[ INFO] [1774871448.970447938, 1096.392000000]: [Multi Floor Nav] Module C: tr(??)=0.0031, C_t=0.9401 (tau=0.85), frame_ok=0
[ INFO] [1774871449.172950571, 1096.591000000]: [Multi Floor Nav] Current Robot Pose, x: 5.39, y: -0.01, yaw: 0.15
[ INFO] [1774871449.172995269, 1096.591000000]: [Multi Floor Nav] Linear Error: 0.62, Angular Error: 0.15
[ INFO] [1774871449.173032494, 1096.591000000]: [Multi Floor Nav] Module C: tr(??)=0.0034, C_t=0.9343 (tau=0.85), frame_ok=0
[ INFO] [1774871449.375891316, 1096.793000000]: [Multi Floor Nav] Current Robot Pose, x: 5.39, y: -0.02, yaw: 0.15
[ INFO] [1774871449.375937760, 1096.793000000]: [Multi Floor Nav] Linear Error: 0.62, Angular Error: 0.15
[ INFO] [1774871449.375965906, 1096.793000000]: [Multi Floor Nav] Module C: tr(??)=0.0030, C_t=0.9415 (tau=0.85), frame_ok=0
[ INFO] [1774871449.576110428, 1096.991000000]: [Multi Floor Nav] Current Robot Pose, x: 5.39, y: -0.01, yaw: 0.15
[ INFO] [1774871449.576129844, 1096.991000000]: [Multi Floor Nav] Linear Error: 0.62, Angular Error: 0.15
[ INFO] [1774871449.576142346, 1096.991000000]: [Multi Floor Nav] Module C: tr(??)=0.0028, C_t=0.9452 (tau=0.85), frame_ok=0
[ INFO] [1774871449.779361337, 1097.191000000]: [Multi Floor Nav] Current Robot Pose, x: 5.39, y: -0.01, yaw: 0.15
[ INFO] [1774871449.779394791, 1097.191000000]: [Multi Floor Nav] Linear Error: 0.62, Angular Error: 0.15
[ INFO] [1774871449.779414347, 1097.191000000]: [Multi Floor Nav] Module C: tr(??)=0.0028, C_t=0.9459 (tau=0.85), frame_ok=0
[ INFO] [1774871449.981438639, 1097.392000000]: [Multi Floor Nav] Current Robot Pose, x: 5.39, y: -0.01, yaw: 0.15
[ INFO] [1774871449.981460569, 1097.392000000]: [Multi Floor Nav] Linear Error: 0.62, Angular Error: 0.15
[ INFO] [1774871449.981471534, 1097.392000000]: [Multi Floor Nav] Module C: tr(??)=0.0029, C_t=0.9445 (tau=0.85), frame_ok=0
[ INFO] [1774871450.184301790, 1097.593000000]: [Multi Floor Nav] Current Robot Pose, x: 5.39, y: -0.01, yaw: 0.15
[ INFO] [1774871450.184324559, 1097.593000000]: [Multi Floor Nav] Linear Error: 0.62, Angular Error: 0.15
[ INFO] [1774871450.184340832, 1097.593000000]: [Multi Floor Nav] Module C: tr(??)=0.0030, C_t=0.9416 (tau=0.85), frame_ok=0
[ INFO] [1774871450.388524886, 1097.793000000]: [Multi Floor Nav] Current Robot Pose, x: 5.39, y: -0.02, yaw: 0.15
[ INFO] [1774871450.388573285, 1097.793000000]: [Multi Floor Nav] Linear Error: 0.62, Angular Error: 0.15
[ INFO] [1774871450.388599755, 1097.793000000]: [Multi Floor Nav] Module C: tr(??)=0.0031, C_t=0.9402 (tau=0.85), frame_ok=0
[ INFO] [1774871450.589520909, 1097.992000000]: [Multi Floor Nav] Current Robot Pose, x: 5.38, y: -0.02, yaw: 0.15
[ INFO] [1774871450.589540814, 1097.992000000]: [Multi Floor Nav] Linear Error: 0.62, Angular Error: 0.15
[ INFO] [1774871450.589551430, 1097.992000000]: [Multi Floor Nav] Module C: tr(??)=0.0031, C_t=0.9390 (tau=0.85), frame_ok=0
[ INFO] [1774871450.790889674, 1098.192000000]: [Multi Floor Nav] Current Robot Pose, x: 5.38, y: -0.02, yaw: 0.15
[ INFO] [1774871450.790909928, 1098.192000000]: [Multi Floor Nav] Linear Error: 0.62, Angular Error: 0.15
[ INFO] [1774871450.790922359, 1098.192000000]: [Multi Floor Nav] Module C: tr(??)=0.0031, C_t=0.9396 (tau=0.85), frame_ok=0
[ INFO] [1774871450.992421587, 1098.392000000]: [Multi Floor Nav] Current Robot Pose, x: 5.38, y: -0.02, yaw: 0.15
[ INFO] [1774871450.992453574, 1098.392000000]: [Multi Floor Nav] Linear Error: 0.61, Angular Error: 0.15
[ INFO] [1774871450.992473549, 1098.392000000]: [Multi Floor Nav] Module C: tr(??)=0.0033, C_t=0.9360 (tau=0.85), frame_ok=0
[ INFO] [1774871451.193307820, 1098.591000000]: [Multi Floor Nav] Current Robot Pose, x: 5.38, y: -0.02, yaw: 0.15
[ INFO] [1774871451.193328354, 1098.591000000]: [Multi Floor Nav] Linear Error: 0.62, Angular Error: 0.15
[ INFO] [1774871451.193341693, 1098.591000000]: [Multi Floor Nav] Module C: tr(??)=0.0033, C_t=0.9357 (tau=0.85), frame_ok=0
[ INFO] [1774871451.396305206, 1098.792000000]: [Multi Floor Nav] Current Robot Pose, x: 5.38, y: -0.02, yaw: 0.16
[ INFO] [1774871451.396349486, 1098.792000000]: [Multi Floor Nav] Linear Error: 0.62, Angular Error: 0.16
[ INFO] [1774871451.396378051, 1098.792000000]: [Multi Floor Nav] Module C: tr(??)=0.0032, C_t=0.9384 (tau=0.85), frame_ok=0
[ INFO] [1774871451.598230953, 1098.992000000]: [Multi Floor Nav] Current Robot Pose, x: 5.38, y: -0.02, yaw: 0.16
[ INFO] [1774871451.598248623, 1098.992000000]: [Multi Floor Nav] Linear Error: 0.61, Angular Error: 0.16
[ INFO] [1774871451.598259588, 1098.992000000]: [Multi Floor Nav] Module C: tr(??)=0.0031, C_t=0.9395 (tau=0.85), frame_ok=0
[ INFO] [1774871451.800923553, 1099.192000000]: [Multi Floor Nav] Current Robot Pose, x: 5.37, y: -0.02, yaw: 0.16
[ INFO] [1774871451.800941223, 1099.192000000]: [Multi Floor Nav] Linear Error: 0.61, Angular Error: 0.16
[ INFO] [1774871451.800951699, 1099.192000000]: [Multi Floor Nav] Module C: tr(??)=0.0031, C_t=0.9405 (tau=0.85), frame_ok=0
[ INFO] [1774871452.001929913, 1099.391000000]: [Multi Floor Nav] Current Robot Pose, x: 5.37, y: -0.02, yaw: 0.16
[ INFO] [1774871452.001950865, 1099.391000000]: [Multi Floor Nav] Linear Error: 0.61, Angular Error: 0.16
[ INFO] [1774871452.001962808, 1099.391000000]: [Multi Floor Nav] Module C: tr(??)=0.0030, C_t=0.9421 (tau=0.85), frame_ok=0
[ INFO] [1774871452.206504937, 1099.592000000]: [Multi Floor Nav] Current Robot Pose, x: 5.37, y: -0.02, yaw: 0.16
[ INFO] [1774871452.206583508, 1099.592000000]: [Multi Floor Nav] Linear Error: 0.61, Angular Error: 0.16
[ INFO] [1774871452.206631279, 1099.592000000]: [Multi Floor Nav] Module C: tr(??)=0.0029, C_t=0.9431 (tau=0.85), frame_ok=0
[ INFO] [1774871452.408440601, 1099.793000000]: [Multi Floor Nav] Current Robot Pose, x: 5.37, y: -0.02, yaw: 0.16
[ INFO] [1774871452.408461483, 1099.793000000]: [Multi Floor Nav] Linear Error: 0.61, Angular Error: 0.16
[ INFO] [1774871452.408472797, 1099.793000000]: [Multi Floor Nav] Module C: tr(??)=0.0030, C_t=0.9421 (tau=0.85), frame_ok=0
[ INFO] [1774871452.609646775, 1099.993000000]: [Multi Floor Nav] Current Robot Pose, x: 5.37, y: -0.02, yaw: 0.16
[ INFO] [1774871452.609664515, 1099.993000000]: [Multi Floor Nav] Linear Error: 0.61, Angular Error: 0.16
[ INFO] [1774871452.609675899, 1099.993000000]: [Multi Floor Nav] Module C: tr(??)=0.0029, C_t=0.9435 (tau=0.85), frame_ok=0
[ INFO] [1774871452.812026698, 1100.192000000]: [Multi Floor Nav] Current Robot Pose, x: 5.36, y: -0.02, yaw: 0.16
[ INFO] [1774871452.812058685, 1100.192000000]: [Multi Floor Nav] Linear Error: 0.60, Angular Error: 0.16
[ INFO] [1774871452.812078101, 1100.192000000]: [Multi Floor Nav] Module C: tr(??)=0.0028, C_t=0.9464 (tau=0.85), frame_ok=0
[ INFO] [1774871453.020727367, 1100.394000000]: [Multi Floor Nav] Current Robot Pose, x: 5.36, y: -0.02, yaw: 0.16
[ INFO] [1774871453.020774650, 1100.394000000]: [Multi Floor Nav] Linear Error: 0.60, Angular Error: 0.16
[ INFO] [1774871453.020804262, 1100.394000000]: [Multi Floor Nav] Module C: tr(??)=0.0028, C_t=0.9465 (tau=0.85), frame_ok=0
[ INFO] [1774871453.222537457, 1100.593000000]: [Multi Floor Nav] Current Robot Pose, x: 5.36, y: -0.02, yaw: 0.16
[ INFO] [1774871453.222557152, 1100.593000000]: [Multi Floor Nav] Linear Error: 0.60, Angular Error: 0.16
[ INFO] [1774871453.222569374, 1100.593000000]: [Multi Floor Nav] Module C: tr(??)=0.0027, C_t=0.9476 (tau=0.85), frame_ok=0
[ INFO] [1774871453.424226931, 1100.792000000]: [Multi Floor Nav] Current Robot Pose, x: 5.35, y: -0.02, yaw: 0.16
[ INFO] [1774871453.424246417, 1100.792000000]: [Multi Floor Nav] Linear Error: 0.60, Angular Error: 0.16
[ INFO] [1774871453.424257522, 1100.792000000]: [Multi Floor Nav] Module C: tr(??)=0.0025, C_t=0.9517 (tau=0.85), frame_ok=0
[ INFO] [1774871453.627125423, 1100.991000000]: [Multi Floor Nav] Current Robot Pose, x: 5.35, y: -0.02, yaw: 0.15
[ INFO] [1774871453.627156921, 1100.991000000]: [Multi Floor Nav] Linear Error: 0.60, Angular Error: 0.15
[ INFO] [1774871453.627178013, 1100.991000000]: [Multi Floor Nav] Module C: tr(??)=0.0023, C_t=0.9556 (tau=0.85), frame_ok=0
[ INFO] [1774871453.832191638, 1101.193000000]: [Multi Floor Nav] Current Robot Pose, x: 5.35, y: -0.02, yaw: 0.15
[ INFO] [1774871453.832236197, 1101.193000000]: [Multi Floor Nav] Linear Error: 0.60, Angular Error: 0.15
[ INFO] [1774871453.832265320, 1101.193000000]: [Multi Floor Nav] Module C: tr(??)=0.0022, C_t=0.9577 (tau=0.85), frame_ok=0
[ INFO] [1774871454.032351595, 1101.391000000]: [Multi Floor Nav] Current Robot Pose, x: 5.34, y: -0.02, yaw: 0.15
[ INFO] [1774871454.032401043, 1101.391000000]: [Multi Floor Nav] Linear Error: 0.59, Angular Error: 0.15
[ INFO] [1774871454.032431144, 1101.391000000]: [Multi Floor Nav] Module C: tr(??)=0.0018, C_t=0.9652 (tau=0.85), frame_ok=0
[ INFO] [1774871454.234659651, 1101.591000000]: [Multi Floor Nav] Current Robot Pose, x: 5.34, y: -0.02, yaw: 0.15
[ INFO] [1774871454.234707353, 1101.591000000]: [Multi Floor Nav] Linear Error: 0.59, Angular Error: 0.15
[ INFO] [1774871454.234735429, 1101.591000000]: [Multi Floor Nav] Module C: tr(??)=0.0015, C_t=0.9699 (tau=0.85), frame_ok=0
[ INFO] [1774871454.437990528, 1101.792000000]: [Multi Floor Nav] Current Robot Pose, x: 5.34, y: -0.02, yaw: 0.15
[ INFO] [1774871454.438046540, 1101.792000000]: [Multi Floor Nav] Linear Error: 0.59, Angular Error: 0.15
[ INFO] [1774871454.438086140, 1101.792000000]: [Multi Floor Nav] Module C: tr(??)=0.0015, C_t=0.9709 (tau=0.85), frame_ok=0
[ INFO] [1774871454.639604225, 1101.992000000]: [Multi Floor Nav] Current Robot Pose, x: 5.34, y: -0.02, yaw: 0.15
[ INFO] [1774871454.639624688, 1101.992000000]: [Multi Floor Nav] Linear Error: 0.59, Angular Error: 0.15
[ INFO] [1774871454.639636701, 1101.992000000]: [Multi Floor Nav] Module C: tr(??)=0.0012, C_t=0.9760 (tau=0.85), frame_ok=0
[ INFO] [1774871454.842336285, 1102.193000000]: [Multi Floor Nav] Current Robot Pose, x: 5.34, y: -0.02, yaw: 0.15
[ INFO] [1774871454.842356819, 1102.193000000]: [Multi Floor Nav] Linear Error: 0.59, Angular Error: 0.15
[ INFO] [1774871454.842369180, 1102.193000000]: [Multi Floor Nav] Module C: tr(??)=0.0010, C_t=0.9794 (tau=0.85), frame_ok=0
[ INFO] [1774871455.045004860, 1102.393000000]: [Multi Floor Nav] Current Robot Pose, x: 5.33, y: -0.02, yaw: 0.15
[ INFO] [1774871455.045069673, 1102.393000000]: [Multi Floor Nav] Linear Error: 0.59, Angular Error: 0.15
[ INFO] [1774871455.045118911, 1102.393000000]: [Multi Floor Nav] Module C: tr(??)=0.0010, C_t=0.9807 (tau=0.85), frame_ok=0
[ INFO] [1774871455.243680348, 1102.591000000]: [Multi Floor Nav] Current Robot Pose, x: 5.33, y: -0.02, yaw: 0.15
[ INFO] [1774871455.243700462, 1102.591000000]: [Multi Floor Nav] Linear Error: 0.59, Angular Error: 0.15
[ INFO] [1774871455.243712754, 1102.591000000]: [Multi Floor Nav] Module C: tr(??)=0.0010, C_t=0.9801 (tau=0.85), frame_ok=0
[ INFO] [1774871455.446531976, 1102.792000000]: [Multi Floor Nav] Current Robot Pose, x: 5.33, y: -0.02, yaw: 0.16
[ INFO] [1774871455.446552928, 1102.792000000]: [Multi Floor Nav] Linear Error: 0.59, Angular Error: 0.16
[ INFO] [1774871455.446565080, 1102.792000000]: [Multi Floor Nav] Module C: tr(??)=0.0009, C_t=0.9825 (tau=0.85), frame_ok=0
[ INFO] [1774871455.649183998, 1102.992000000]: [Multi Floor Nav] Current Robot Pose, x: 5.33, y: -0.02, yaw: 0.16
[ INFO] [1774871455.649205160, 1102.992000000]: [Multi Floor Nav] Linear Error: 0.59, Angular Error: 0.16
[ INFO] [1774871455.649216893, 1102.992000000]: [Multi Floor Nav] Module C: tr(??)=0.0010, C_t=0.9799 (tau=0.85), frame_ok=0
[ INFO] [1774871455.850753765, 1103.191000000]: [Multi Floor Nav] Current Robot Pose, x: 5.33, y: -0.02, yaw: 0.16
[ INFO] [1774871455.850818089, 1103.191000000]: [Multi Floor Nav] Linear Error: 0.59, Angular Error: 0.16
[ INFO] [1774871455.850866838, 1103.192000000]: [Multi Floor Nav] Module C: tr(??)=0.0010, C_t=0.9799 (tau=0.85), frame_ok=0
[ INFO] [1774871456.056363693, 1103.393000000]: [Multi Floor Nav] Current Robot Pose, x: 5.34, y: -0.02, yaw: 0.16
[ INFO] [1774871456.056383108, 1103.393000000]: [Multi Floor Nav] Linear Error: 0.59, Angular Error: 0.16
[ INFO] [1774871456.056394912, 1103.393000000]: [Multi Floor Nav] Module C: tr(??)=0.0011, C_t=0.9787 (tau=0.85), frame_ok=0
[ INFO] [1774871456.256951077, 1103.592000000]: [Multi Floor Nav] Current Robot Pose, x: 5.33, y: -0.02, yaw: 0.16
[ INFO] [1774871456.256971540, 1103.592000000]: [Multi Floor Nav] Linear Error: 0.59, Angular Error: 0.16
[ INFO] [1774871456.256982575, 1103.592000000]: [Multi Floor Nav] Module C: tr(??)=0.0009, C_t=0.9820 (tau=0.85), frame_ok=0
[ INFO] [1774871456.461274044, 1103.792000000]: [Multi Floor Nav] Current Robot Pose, x: 5.33, y: -0.02, yaw: 0.16
[ INFO] [1774871456.461295206, 1103.792000000]: [Multi Floor Nav] Linear Error: 0.59, Angular Error: 0.16
[ INFO] [1774871456.461312177, 1103.792000000]: [Multi Floor Nav] Module C: tr(??)=0.0010, C_t=0.9811 (tau=0.85), frame_ok=0
[ INFO] [1774871456.663090559, 1103.991000000]: [Multi Floor Nav] Current Robot Pose, x: 5.33, y: -0.02, yaw: 0.16
[ INFO] [1774871456.663108997, 1103.991000000]: [Multi Floor Nav] Linear Error: 0.59, Angular Error: 0.16
[ INFO] [1774871456.663126318, 1103.991000000]: [Multi Floor Nav] Module C: tr(??)=0.0008, C_t=0.9846 (tau=0.85), frame_ok=0
[ INFO] [1774871456.867048259, 1104.192000000]: [Multi Floor Nav] Current Robot Pose, x: 5.34, y: -0.02, yaw: 0.16
[ INFO] [1774871456.867097776, 1104.192000000]: [Multi Floor Nav] Linear Error: 0.59, Angular Error: 0.16
[ INFO] [1774871456.867142754, 1104.192000000]: [Multi Floor Nav] Module C: tr(??)=0.0009, C_t=0.9822 (tau=0.85), frame_ok=0
[ INFO] [1774871457.068886634, 1104.392000000]: [Multi Floor Nav] Current Robot Pose, x: 5.33, y: -0.02, yaw: 0.16
[ INFO] [1774871457.068950958, 1104.392000000]: [Multi Floor Nav] Linear Error: 0.59, Angular Error: 0.16
[ INFO] [1774871457.069004945, 1104.392000000]: [Multi Floor Nav] Module C: tr(??)=0.0008, C_t=0.9841 (tau=0.85), frame_ok=0
[ INFO] [1774871457.272079505, 1104.593000000]: [Multi Floor Nav] Current Robot Pose, x: 5.34, y: -0.02, yaw: 0.16
[ INFO] [1774871457.272139359, 1104.593000000]: [Multi Floor Nav] Linear Error: 0.59, Angular Error: 0.16
[ INFO] [1774871457.272179029, 1104.593000000]: [Multi Floor Nav] Module C: tr(??)=0.0008, C_t=0.9836 (tau=0.85), frame_ok=0
[ INFO] [1774871457.472985364, 1104.792000000]: [Multi Floor Nav] Current Robot Pose, x: 5.34, y: -0.02, yaw: 0.16
[ INFO] [1774871457.473042843, 1104.792000000]: [Multi Floor Nav] Linear Error: 0.59, Angular Error: 0.16
[ INFO] [1774871457.473060373, 1104.792000000]: [Multi Floor Nav] Module C: tr(??)=0.0009, C_t=0.9830 (tau=0.85), frame_ok=0
[ INFO] [1774871457.678257052, 1104.993000000]: [Multi Floor Nav] Current Robot Pose, x: 5.34, y: -0.02, yaw: 0.17
[ INFO] [1774871457.678300842, 1104.993000000]: [Multi Floor Nav] Linear Error: 0.59, Angular Error: 0.17
[ INFO] [1774871457.678329896, 1104.993000000]: [Multi Floor Nav] Module C: tr(??)=0.0010, C_t=0.9800 (tau=0.85), frame_ok=0
[ INFO] [1774871457.878350939, 1105.191000000]: [Multi Floor Nav] Current Robot Pose, x: 5.34, y: -0.02, yaw: 0.17
[ INFO] [1774871457.878369377, 1105.191000000]: [Multi Floor Nav] Linear Error: 0.59, Angular Error: 0.17
[ INFO] [1774871457.878381460, 1105.191000000]: [Multi Floor Nav] Module C: tr(??)=0.0010, C_t=0.9806 (tau=0.85), frame_ok=0
[ INFO] [1774871458.081273735, 1105.392000000]: [Multi Floor Nav] Current Robot Pose, x: 5.34, y: -0.02, yaw: 0.17
[ INFO] [1774871458.081296713, 1105.392000000]: [Multi Floor Nav] Linear Error: 0.59, Angular Error: 0.17
[ INFO] [1774871458.081308027, 1105.392000000]: [Multi Floor Nav] Module C: tr(??)=0.0008, C_t=0.9837 (tau=0.85), frame_ok=0
[ INFO] [1774871458.283201926, 1105.592000000]: [Multi Floor Nav] Current Robot Pose, x: 5.33, y: -0.02, yaw: 0.17
[ INFO] [1774871458.283222250, 1105.592000000]: [Multi Floor Nav] Linear Error: 0.59, Angular Error: 0.17
[ INFO] [1774871458.283234612, 1105.592000000]: [Multi Floor Nav] Module C: tr(??)=0.0006, C_t=0.9874 (tau=0.85), frame_ok=0
[ INFO] [1774871458.485878742, 1105.792000000]: [Multi Floor Nav] Current Robot Pose, x: 5.33, y: -0.02, yaw: 0.17
[ INFO] [1774871458.485928050, 1105.792000000]: [Multi Floor Nav] Linear Error: 0.59, Angular Error: 0.17
[ INFO] [1774871458.485970094, 1105.792000000]: [Multi Floor Nav] Module C: tr(??)=0.0007, C_t=0.9866 (tau=0.85), frame_ok=0
[ INFO] [1774871458.687182834, 1105.991000000]: [Multi Floor Nav] Current Robot Pose, x: 5.33, y: -0.02, yaw: 0.17
[ INFO] [1774871458.687201901, 1105.991000000]: [Multi Floor Nav] Linear Error: 0.59, Angular Error: 0.17
[ INFO] [1774871458.687217615, 1105.992000000]: [Multi Floor Nav] Module C: tr(??)=0.0005, C_t=0.9891 (tau=0.85), frame_ok=0
[ INFO] [1774871458.890717228, 1106.192000000]: [Multi Floor Nav] Current Robot Pose, x: 5.33, y: -0.02, yaw: 0.17
[ INFO] [1774871458.890737831, 1106.192000000]: [Multi Floor Nav] Linear Error: 0.59, Angular Error: 0.17
[ INFO] [1774871458.890750612, 1106.192000000]: [Multi Floor Nav] Module C: tr(??)=0.0006, C_t=0.9883 (tau=0.85), frame_ok=0
[ INFO] [1774871459.091267247, 1106.391000000]: [Multi Floor Nav] Current Robot Pose, x: 5.33, y: -0.02, yaw: 0.17
[ INFO] [1774871459.091291761, 1106.391000000]: [Multi Floor Nav] Linear Error: 0.59, Angular Error: 0.17
[ INFO] [1774871459.091307545, 1106.391000000]: [Multi Floor Nav] Module C: tr(??)=0.0005, C_t=0.9900 (tau=0.85), frame_ok=0
[ INFO] [1774871459.293898596, 1106.592000000]: [Multi Floor Nav] Current Robot Pose, x: 5.33, y: -0.02, yaw: 0.17
[ INFO] [1774871459.293919060, 1106.592000000]: [Multi Floor Nav] Linear Error: 0.59, Angular Error: 0.17
[ INFO] [1774871459.293930583, 1106.592000000]: [Multi Floor Nav] Module C: tr(??)=0.0006, C_t=0.9890 (tau=0.85), frame_ok=0
[ INFO] [1774871459.495788933, 1106.792000000]: [Multi Floor Nav] Current Robot Pose, x: 5.33, y: -0.02, yaw: 0.17
[ INFO] [1774871459.495821270, 1106.792000000]: [Multi Floor Nav] Linear Error: 0.59, Angular Error: 0.17
[ INFO] [1774871459.495836495, 1106.792000000]: [Multi Floor Nav] Module C: tr(??)=0.0006, C_t=0.9890 (tau=0.85), frame_ok=0
[ INFO] [1774871459.697484554, 1106.992000000]: [Multi Floor Nav] Current Robot Pose, x: 5.33, y: -0.02, yaw: 0.17
[ INFO] [1774871459.697504528, 1106.992000000]: [Multi Floor Nav] Linear Error: 0.59, Angular Error: 0.17
[ INFO] [1774871459.697517379, 1106.992000000]: [Multi Floor Nav] Module C: tr(??)=0.0006, C_t=0.9876 (tau=0.85), frame_ok=0
[ INFO] [1774871459.898478761, 1107.192000000]: [Multi Floor Nav] Current Robot Pose, x: 5.33, y: -0.02, yaw: 0.17
[ INFO] [1774871459.898503136, 1107.192000000]: [Multi Floor Nav] Linear Error: 0.59, Angular Error: 0.17
[ INFO] [1774871459.898524088, 1107.192000000]: [Multi Floor Nav] Module C: tr(??)=0.0006, C_t=0.9885 (tau=0.85), frame_ok=0
[ INFO] [1774871460.101525106, 1107.393000000]: [Multi Floor Nav] Current Robot Pose, x: 5.33, y: -0.02, yaw: 0.17
[ INFO] [1774871460.101573366, 1107.393000000]: [Multi Floor Nav] Linear Error: 0.59, Angular Error: 0.17
[ INFO] [1774871460.101602071, 1107.393000000]: [Multi Floor Nav] Module C: tr(??)=0.0006, C_t=0.9887 (tau=0.85), frame_ok=0
[ INFO] [1774871460.302424749, 1107.591000000]: [Multi Floor Nav] Current Robot Pose, x: 5.33, y: -0.02, yaw: 0.18
[ INFO] [1774871460.302449123, 1107.591000000]: [Multi Floor Nav] Linear Error: 0.59, Angular Error: 0.18
[ INFO] [1774871460.302463999, 1107.591000000]: [Multi Floor Nav] Module C: tr(??)=0.0006, C_t=0.9885 (tau=0.85), frame_ok=0
[ INFO] [1774871460.505674750, 1107.792000000]: [Multi Floor Nav] Current Robot Pose, x: 5.33, y: -0.02, yaw: 0.18
[ INFO] [1774871460.505724407, 1107.792000000]: [Multi Floor Nav] Linear Error: 0.59, Angular Error: 0.18
[ INFO] [1774871460.505754857, 1107.792000000]: [Multi Floor Nav] Module C: tr(??)=0.0006, C_t=0.9872 (tau=0.85), frame_ok=0
[ INFO] [1774871460.707417094, 1107.991000000]: [Multi Floor Nav] Current Robot Pose, x: 5.33, y: -0.02, yaw: 0.18
[ INFO] [1774871460.707443214, 1107.991000000]: [Multi Floor Nav] Linear Error: 0.59, Angular Error: 0.18
[ INFO] [1774871460.707456275, 1107.991000000]: [Multi Floor Nav] Module C: tr(??)=0.0006, C_t=0.9872 (tau=0.85), frame_ok=0
[ INFO] [1774871460.909216009, 1108.192000000]: [Multi Floor Nav] Current Robot Pose, x: 5.34, y: -0.02, yaw: 0.18
[ INFO] [1774871460.909236193, 1108.192000000]: [Multi Floor Nav] Linear Error: 0.59, Angular Error: 0.18
[ INFO] [1774871460.909248275, 1108.192000000]: [Multi Floor Nav] Module C: tr(??)=0.0007, C_t=0.9852 (tau=0.85), frame_ok=0
[ INFO] [1774871461.109881615, 1108.391000000]: [Multi Floor Nav] Current Robot Pose, x: 5.33, y: -0.02, yaw: 0.18
[ INFO] [1774871461.109905361, 1108.391000000]: [Multi Floor Nav] Linear Error: 0.59, Angular Error: 0.18
[ INFO] [1774871461.109920307, 1108.391000000]: [Multi Floor Nav] Module C: tr(??)=0.0006, C_t=0.9879 (tau=0.85), frame_ok=0
[ INFO] [1774871461.316427551, 1108.593000000]: [Multi Floor Nav] Current Robot Pose, x: 5.34, y: -0.02, yaw: 0.18
[ INFO] [1774871461.316472458, 1108.593000000]: [Multi Floor Nav] Linear Error: 0.59, Angular Error: 0.18
[ INFO] [1774871461.316501512, 1108.593000000]: [Multi Floor Nav] Module C: tr(??)=0.0007, C_t=0.9858 (tau=0.85), frame_ok=0
[ INFO] [1774871461.516403337, 1108.792000000]: [Multi Floor Nav] Current Robot Pose, x: 5.34, y: -0.02, yaw: 0.18
[ INFO] [1774871461.516483235, 1108.792000000]: [Multi Floor Nav] Linear Error: 0.59, Angular Error: 0.18
[ INFO] [1774871461.516538200, 1108.793000000]: [Multi Floor Nav] Module C: tr(??)=0.0007, C_t=0.9861 (tau=0.85), frame_ok=0
[ INFO] [1774871461.717011673, 1108.991000000]: [Multi Floor Nav] Current Robot Pose, x: 5.34, y: -0.02, yaw: 0.18
[ INFO] [1774871461.717049667, 1108.991000000]: [Multi Floor Nav] Linear Error: 0.59, Angular Error: 0.18
[ INFO] [1774871461.717073692, 1108.991000000]: [Multi Floor Nav] Module C: tr(??)=0.0007, C_t=0.9856 (tau=0.85), frame_ok=0
[ INFO] [1774871461.919842629, 1109.192000000]: [Multi Floor Nav] Current Robot Pose, x: 5.34, y: -0.02, yaw: 0.18
[ INFO] [1774871461.919888235, 1109.192000000]: [Multi Floor Nav] Linear Error: 0.59, Angular Error: 0.18
[ INFO] [1774871461.919920222, 1109.192000000]: [Multi Floor Nav] Module C: tr(??)=0.0007, C_t=0.9855 (tau=0.85), frame_ok=0
[ INFO] [1774871462.122992408, 1109.393000000]: [Multi Floor Nav] Current Robot Pose, x: 5.33, y: -0.02, yaw: 0.18
[ INFO] [1774871462.123012871, 1109.393000000]: [Multi Floor Nav] Linear Error: 0.59, Angular Error: 0.18
[ INFO] [1774871462.123024814, 1109.393000000]: [Multi Floor Nav] Module C: tr(??)=0.0007, C_t=0.9865 (tau=0.85), frame_ok=0
[ INFO] [1774871462.325751287, 1109.592000000]: [Multi Floor Nav] Current Robot Pose, x: 5.34, y: -0.02, yaw: 0.18
[ INFO] [1774871462.325786068, 1109.592000000]: [Multi Floor Nav] Linear Error: 0.59, Angular Error: 0.18
[ INFO] [1774871462.325815890, 1109.592000000]: [Multi Floor Nav] Module C: tr(??)=0.0008, C_t=0.9849 (tau=0.85), frame_ok=0
[ INFO] [1774871462.528422656, 1109.792000000]: [Multi Floor Nav] Current Robot Pose, x: 5.34, y: -0.02, yaw: 0.19
[ INFO] [1774871462.528442281, 1109.792000000]: [Multi Floor Nav] Linear Error: 0.59, Angular Error: 0.19
[ INFO] [1774871462.528455062, 1109.792000000]: [Multi Floor Nav] Module C: tr(??)=0.0008, C_t=0.9839 (tau=0.85), frame_ok=0
[ INFO] [1774871462.728898015, 1109.991000000]: [Multi Floor Nav] Current Robot Pose, x: 5.34, y: -0.02, yaw: 0.19
[ INFO] [1774871462.728917780, 1109.991000000]: [Multi Floor Nav] Linear Error: 0.59, Angular Error: 0.19
[ INFO] [1774871462.728930491, 1109.991000000]: [Multi Floor Nav] Module C: tr(??)=0.0008, C_t=0.9840 (tau=0.85), frame_ok=0
[ INFO] [1774871462.932090117, 1110.192000000]: [Multi Floor Nav] Current Robot Pose, x: 5.34, y: -0.02, yaw: 0.19
[ INFO] [1774871462.932144035, 1110.192000000]: [Multi Floor Nav] Linear Error: 0.59, Angular Error: 0.19
[ INFO] [1774871462.932184123, 1110.192000000]: [Multi Floor Nav] Module C: tr(??)=0.0008, C_t=0.9838 (tau=0.85), frame_ok=0
[ INFO] [1774871463.133882537, 1110.392000000]: [Multi Floor Nav] Current Robot Pose, x: 5.34, y: -0.02, yaw: 0.19
[ INFO] [1774871463.133926747, 1110.392000000]: [Multi Floor Nav] Linear Error: 0.59, Angular Error: 0.19
[ INFO] [1774871463.133974518, 1110.392000000]: [Multi Floor Nav] Module C: tr(??)=0.0008, C_t=0.9836 (tau=0.85), frame_ok=0
[ INFO] [1774871463.336298707, 1110.593000000]: [Multi Floor Nav] Current Robot Pose, x: 5.34, y: -0.02, yaw: 0.19
[ INFO] [1774871463.336319240, 1110.593000000]: [Multi Floor Nav] Linear Error: 0.59, Angular Error: 0.19
[ INFO] [1774871463.336331183, 1110.593000000]: [Multi Floor Nav] Module C: tr(??)=0.0009, C_t=0.9829 (tau=0.85), frame_ok=0
[ INFO] [1774871463.539383883, 1110.793000000]: [Multi Floor Nav] Current Robot Pose, x: 5.34, y: -0.02, yaw: 0.19
[ INFO] [1774871463.539412099, 1110.793000000]: [Multi Floor Nav] Linear Error: 0.59, Angular Error: 0.19
[ INFO] [1774871463.539430398, 1110.794000000]: [Multi Floor Nav] Module C: tr(??)=0.0009, C_t=0.9831 (tau=0.85), frame_ok=0
[ INFO] [1774871463.739212934, 1110.991000000]: [Multi Floor Nav] Current Robot Pose, x: 5.34, y: -0.02, yaw: 0.19
[ INFO] [1774871463.739231861, 1110.991000000]: [Multi Floor Nav] Linear Error: 0.59, Angular Error: 0.19
[ INFO] [1774871463.739242966, 1110.991000000]: [Multi Floor Nav] Module C: tr(??)=0.0009, C_t=0.9827 (tau=0.85), frame_ok=0
[ WARN] [1774871465.147593930, 1112.390000000]: [Multi Floor Nav] Initial pose perturbation applied: offset_x=0.40, offset_y=0.40, offset_theta=0.20
[ WARN] [1774871465.147650082, 1112.390000000]: [Multi Floor Nav] Retry #1: sigma scaled by 1.300 ??? (0.195, 0.195, 0.117)
[ INFO] [1774871463.940684574, 1111.192000000]: [Multi Floor Nav] Current Robot Pose, x: 5.34, y: -0.02, yaw: 0.19
[ INFO] [1774871463.940737793, 1111.192000000]: [Multi Floor Nav] Linear Error: 0.59, Angular Error: 0.19
[ INFO] [1774871463.940765450, 1111.192000000]: [Multi Floor Nav] Module C: tr(??)=0.0009, C_t=0.9828 (tau=0.85), frame_ok=0
[ INFO] [1774871464.142749235, 1111.392000000]: [Multi Floor Nav] Current Robot Pose, x: 5.34, y: -0.02, yaw: 0.19
[ INFO] [1774871464.142804130, 1111.392000000]: [Multi Floor Nav] Linear Error: 0.59, Angular Error: 0.19
[ INFO] [1774871464.142843590, 1111.392000000]: [Multi Floor Nav] Module C: tr(??)=0.0009, C_t=0.9822 (tau=0.85), frame_ok=0
[ INFO] [1774871464.343101115, 1111.591000000]: [Multi Floor Nav] Current Robot Pose, x: 5.34, y: -0.02, yaw: 0.19
[ INFO] [1774871464.343120251, 1111.591000000]: [Multi Floor Nav] Linear Error: 0.59, Angular Error: 0.19
[ INFO] [1774871464.343132613, 1111.591000000]: [Multi Floor Nav] Module C: tr(??)=0.0010, C_t=0.9809 (tau=0.85), frame_ok=0
[ INFO] [1774871464.544516882, 1111.791000000]: [Multi Floor Nav] Current Robot Pose, x: 5.34, y: -0.02, yaw: 0.19
[ INFO] [1774871464.544535111, 1111.791000000]: [Multi Floor Nav] Linear Error: 0.59, Angular Error: 0.19
[ INFO] [1774871464.544548381, 1111.791000000]: [Multi Floor Nav] Module C: tr(??)=0.0010, C_t=0.9803 (tau=0.85), frame_ok=0
[ INFO] [1774871464.746265512, 1111.992000000]: [Multi Floor Nav] Current Robot Pose, x: 5.34, y: -0.02, yaw: 0.19
[ INFO] [1774871464.746283671, 1111.992000000]: [Multi Floor Nav] Linear Error: 0.59, Angular Error: 0.19
[ INFO] [1774871464.746294077, 1111.992000000]: [Multi Floor Nav] Module C: tr(??)=0.0010, C_t=0.9793 (tau=0.85), frame_ok=0
[ INFO] [1774871464.947812650, 1112.192000000]: [Multi Floor Nav] Current Robot Pose, x: 5.34, y: -0.02, yaw: 0.20
[ INFO] [1774871464.947832136, 1112.192000000]: [Multi Floor Nav] Linear Error: 0.59, Angular Error: 0.20
[ INFO] [1774871464.947843939, 1112.192000000]: [Multi Floor Nav] Module C: tr(??)=0.0011, C_t=0.9785 (tau=0.85), frame_ok=0
[ INFO] [1774871464.947856371, 1112.192000000]: [Multi Floor Nav] Setting initial pose failed. Will Retry (retry #1)
[ INFO] [1774871465.147630596, 1112.390000000]: [Multi Floor Nav] Adaptive sigma: offset_planar=0.566, adaptive_scale=0.198, adaptive_yaw=0.090 ??? sigma(0.150, 0.150, 0.090)
[ INFO] [1774871465.147667752, 1112.390000000]: [Multi Floor Nav] Initializing Robot at x: 5.4, y: -0.1, yaw: 0.2 (level=0, sigma: x=0.195, y=0.195, yaw=0.117, retry=1)
[ INFO] [1774871465.147705745, 1112.390000000]: [Multi Floor Nav] Initializing Pose to x: 5.00, y: -0.50 at level: 0
[ INFO] [1774871466.159884441, 1113.393000000]: [Multi Floor Nav] Waiting for AMCL nomotion updates (1.0/6.0s, L0)...
[ INFO] [1774871467.172866307, 1114.394000000]: [Multi Floor Nav] Waiting for AMCL nomotion updates (2.0/6.0s, L0)...
[ INFO] [1774871468.391285036, 1115.594000000]: [Multi Floor Nav] Waiting for AMCL nomotion updates (3.2/6.0s, L0)...
[ INFO] [1774871469.605241484, 1116.794000000]: [Multi Floor Nav] Waiting for AMCL nomotion updates (4.4/6.0s, L0)...
[ INFO] [1774871470.817444017, 1117.992000000]: [Multi Floor Nav] Waiting for AMCL nomotion updates (5.6/6.0s, L0)...
[ INFO] [1774871471.221289434, 1118.393000000]: [Multi Floor Nav] Current Robot Pose, x: 5.00, y: -0.05, yaw: 0.09
[ INFO] [1774871471.221315694, 1118.393000000]: [Multi Floor Nav] Linear Error: 0.45, Angular Error: 0.09
[ INFO] [1774871471.221330081, 1118.393000000]: [Multi Floor Nav] Module C: tr(??)=0.0396, C_t=0.4531 (tau=0.85), frame_ok=0
[ INFO] [1774871471.422856197, 1118.592000000]: [Multi Floor Nav] Current Robot Pose, x: 4.99, y: -0.05, yaw: 0.10
[ INFO] [1774871471.422877150, 1118.592000000]: [Multi Floor Nav] Linear Error: 0.45, Angular Error: 0.10
[ INFO] [1774871471.422889093, 1118.592000000]: [Multi Floor Nav] Module C: tr(??)=0.0341, C_t=0.5058 (tau=0.85), frame_ok=0
[ INFO] [1774871471.625496347, 1118.792000000]: [Multi Floor Nav] Current Robot Pose, x: 4.98, y: -0.05, yaw: 0.09
[ INFO] [1774871471.625537693, 1118.792000000]: [Multi Floor Nav] Linear Error: 0.45, Angular Error: 0.09
[ INFO] [1774871471.625574918, 1118.793000000]: [Multi Floor Nav] Module C: tr(??)=0.0313, C_t=0.5343 (tau=0.85), frame_ok=0
[ INFO] [1774871471.827378862, 1118.992000000]: [Multi Floor Nav] Current Robot Pose, x: 4.98, y: -0.05, yaw: 0.10
[ INFO] [1774871471.827399116, 1118.992000000]: [Multi Floor Nav] Linear Error: 0.45, Angular Error: 0.10
[ INFO] [1774871471.827410640, 1118.992000000]: [Multi Floor Nav] Module C: tr(??)=0.0304, C_t=0.5450 (tau=0.85), frame_ok=0
[ INFO] [1774871472.031156372, 1119.194000000]: [Multi Floor Nav] Current Robot Pose, x: 4.99, y: -0.05, yaw: 0.10
[ INFO] [1774871472.031178861, 1119.194000000]: [Multi Floor Nav] Linear Error: 0.45, Angular Error: 0.10
[ INFO] [1774871472.031190664, 1119.194000000]: [Multi Floor Nav] Module C: tr(??)=0.0322, C_t=0.5252 (tau=0.85), frame_ok=0
[ INFO] [1774871472.230671836, 1119.392000000]: [Multi Floor Nav] Current Robot Pose, x: 4.99, y: -0.05, yaw: 0.10
[ INFO] [1774871472.230694186, 1119.392000000]: [Multi Floor Nav] Linear Error: 0.45, Angular Error: 0.10
[ INFO] [1774871472.230705220, 1119.392000000]: [Multi Floor Nav] Module C: tr(??)=0.0326, C_t=0.5215 (tau=0.85), frame_ok=0
[ INFO] [1774871472.435099915, 1119.594000000]: [Multi Floor Nav] Current Robot Pose, x: 4.98, y: -0.05, yaw: 0.10
[ INFO] [1774871472.435145661, 1119.594000000]: [Multi Floor Nav] Linear Error: 0.45, Angular Error: 0.10
[ INFO] [1774871472.435175692, 1119.594000000]: [Multi Floor Nav] Module C: tr(??)=0.0307, C_t=0.5413 (tau=0.85), frame_ok=0
[ INFO] [1774871472.635029397, 1119.792000000]: [Multi Floor Nav] Current Robot Pose, x: 4.98, y: -0.05, yaw: 0.10
[ INFO] [1774871472.635054190, 1119.792000000]: [Multi Floor Nav] Linear Error: 0.45, Angular Error: 0.10
[ INFO] [1774871472.635068857, 1119.792000000]: [Multi Floor Nav] Module C: tr(??)=0.0321, C_t=0.5264 (tau=0.85), frame_ok=0
[ INFO] [1774871472.839673913, 1119.994000000]: [Multi Floor Nav] Current Robot Pose, x: 4.98, y: -0.05, yaw: 0.10
[ INFO] [1774871472.839717354, 1119.994000000]: [Multi Floor Nav] Linear Error: 0.45, Angular Error: 0.10
[ INFO] [1774871472.839746407, 1119.994000000]: [Multi Floor Nav] Module C: tr(??)=0.0286, C_t=0.5641 (tau=0.85), frame_ok=0
[ INFO] [1774871473.040403143, 1120.193000000]: [Multi Floor Nav] Current Robot Pose, x: 4.97, y: -0.05, yaw: 0.10
[ INFO] [1774871473.040423816, 1120.193000000]: [Multi Floor Nav] Linear Error: 0.45, Angular Error: 0.10
[ INFO] [1774871473.040436039, 1120.193000000]: [Multi Floor Nav] Module C: tr(??)=0.0291, C_t=0.5585 (tau=0.85), frame_ok=0
[ INFO] [1774871473.242993706, 1120.392000000]: [Multi Floor Nav] Current Robot Pose, x: 4.97, y: -0.05, yaw: 0.10
[ INFO] [1774871473.243012703, 1120.392000000]: [Multi Floor Nav] Linear Error: 0.45, Angular Error: 0.10
[ INFO] [1774871473.243023738, 1120.392000000]: [Multi Floor Nav] Module C: tr(??)=0.0263, C_t=0.5909 (tau=0.85), frame_ok=0
[ INFO] [1774871473.444888513, 1120.592000000]: [Multi Floor Nav] Current Robot Pose, x: 4.96, y: -0.05, yaw: 0.10
[ INFO] [1774871473.444908697, 1120.592000000]: [Multi Floor Nav] Linear Error: 0.45, Angular Error: 0.10
[ INFO] [1774871473.444920849, 1120.592000000]: [Multi Floor Nav] Module C: tr(??)=0.0231, C_t=0.6300 (tau=0.85), frame_ok=0
[ INFO] [1774871473.648448328, 1120.793000000]: [Multi Floor Nav] Current Robot Pose, x: 4.95, y: -0.06, yaw: 0.10
[ INFO] [1774871473.648491630, 1120.793000000]: [Multi Floor Nav] Linear Error: 0.45, Angular Error: 0.10
[ INFO] [1774871473.648520753, 1120.793000000]: [Multi Floor Nav] Module C: tr(??)=0.0191, C_t=0.6818 (tau=0.85), frame_ok=0
[ INFO] [1774871473.850411859, 1120.994000000]: [Multi Floor Nav] Current Robot Pose, x: 4.94, y: -0.06, yaw: 0.10
[ INFO] [1774871473.850462424, 1120.994000000]: [Multi Floor Nav] Linear Error: 0.45, Angular Error: 0.10
[ INFO] [1774871473.850491966, 1120.994000000]: [Multi Floor Nav] Module C: tr(??)=0.0184, C_t=0.6923 (tau=0.85), frame_ok=0
[ INFO] [1774871474.050355658, 1121.192000000]: [Multi Floor Nav] Current Robot Pose, x: 4.95, y: -0.06, yaw: 0.10
[ INFO] [1774871474.050380452, 1121.192000000]: [Multi Floor Nav] Linear Error: 0.45, Angular Error: 0.10
[ INFO] [1774871474.050392325, 1121.192000000]: [Multi Floor Nav] Module C: tr(??)=0.0186, C_t=0.6893 (tau=0.85), frame_ok=0
[ INFO] [1774871474.252930367, 1121.392000000]: [Multi Floor Nav] Current Robot Pose, x: 4.95, y: -0.06, yaw: 0.10
[ INFO] [1774871474.252950760, 1121.392000000]: [Multi Floor Nav] Linear Error: 0.45, Angular Error: 0.10
[ INFO] [1774871474.252965148, 1121.392000000]: [Multi Floor Nav] Module C: tr(??)=0.0198, C_t=0.6729 (tau=0.85), frame_ok=0
[ INFO] [1774871474.456232888, 1121.592000000]: [Multi Floor Nav] Current Robot Pose, x: 4.94, y: -0.06, yaw: 0.10
[ INFO] [1774871474.456292113, 1121.592000000]: [Multi Floor Nav] Linear Error: 0.45, Angular Error: 0.10
[ INFO] [1774871474.456345192, 1121.592000000]: [Multi Floor Nav] Module C: tr(??)=0.0194, C_t=0.6779 (tau=0.85), frame_ok=0
[ INFO] [1774871474.656949548, 1121.792000000]: [Multi Floor Nav] Current Robot Pose, x: 4.95, y: -0.06, yaw: 0.11
[ INFO] [1774871474.656971617, 1121.792000000]: [Multi Floor Nav] Linear Error: 0.45, Angular Error: 0.11
[ INFO] [1774871474.656988170, 1121.792000000]: [Multi Floor Nav] Module C: tr(??)=0.0217, C_t=0.6476 (tau=0.85), frame_ok=0
[ INFO] [1774871474.858821237, 1121.992000000]: [Multi Floor Nav] Current Robot Pose, x: 4.95, y: -0.06, yaw: 0.11
[ INFO] [1774871474.858846031, 1121.992000000]: [Multi Floor Nav] Linear Error: 0.45, Angular Error: 0.11
[ INFO] [1774871474.858861116, 1121.992000000]: [Multi Floor Nav] Module C: tr(??)=0.0216, C_t=0.6493 (tau=0.85), frame_ok=0
[ INFO] [1774871475.060615263, 1122.192000000]: [Multi Floor Nav] Current Robot Pose, x: 4.95, y: -0.06, yaw: 0.11
[ INFO] [1774871475.060635587, 1122.192000000]: [Multi Floor Nav] Linear Error: 0.45, Angular Error: 0.11
[ INFO] [1774871475.060648089, 1122.192000000]: [Multi Floor Nav] Module C: tr(??)=0.0214, C_t=0.6521 (tau=0.85), frame_ok=0
[ INFO] [1774871475.262143335, 1122.392000000]: [Multi Floor Nav] Current Robot Pose, x: 4.94, y: -0.06, yaw: 0.11
[ INFO] [1774871475.262162751, 1122.392000000]: [Multi Floor Nav] Linear Error: 0.45, Angular Error: 0.11
[ INFO] [1774871475.262174834, 1122.392000000]: [Multi Floor Nav] Module C: tr(??)=0.0186, C_t=0.6892 (tau=0.85), frame_ok=0
[ INFO] [1774871475.464812329, 1122.592000000]: [Multi Floor Nav] Current Robot Pose, x: 4.93, y: -0.06, yaw: 0.11
[ INFO] [1774871475.464865339, 1122.592000000]: [Multi Floor Nav] Linear Error: 0.45, Angular Error: 0.11
[ INFO] [1774871475.464923516, 1122.592000000]: [Multi Floor Nav] Module C: tr(??)=0.0139, C_t=0.7572 (tau=0.85), frame_ok=0
[ INFO] [1774871475.665829305, 1122.793000000]: [Multi Floor Nav] Current Robot Pose, x: 4.94, y: -0.06, yaw: 0.11
[ INFO] [1774871475.665874562, 1122.793000000]: [Multi Floor Nav] Linear Error: 0.45, Angular Error: 0.11
[ INFO] [1774871475.665902638, 1122.793000000]: [Multi Floor Nav] Module C: tr(??)=0.0176, C_t=0.7029 (tau=0.85), frame_ok=0
[ INFO] [1774871475.868707054, 1122.993000000]: [Multi Floor Nav] Current Robot Pose, x: 4.94, y: -0.06, yaw: 0.11
[ INFO] [1774871475.868753568, 1122.993000000]: [Multi Floor Nav] Linear Error: 0.45, Angular Error: 0.11
[ INFO] [1774871475.868783599, 1122.993000000]: [Multi Floor Nav] Module C: tr(??)=0.0183, C_t=0.6928 (tau=0.85), frame_ok=0
[ INFO] [1774871476.069857426, 1123.193000000]: [Multi Floor Nav] Current Robot Pose, x: 4.94, y: -0.06, yaw: 0.11
[ INFO] [1774871476.069911063, 1123.193000000]: [Multi Floor Nav] Linear Error: 0.45, Angular Error: 0.11
[ INFO] [1774871476.069949336, 1123.193000000]: [Multi Floor Nav] Module C: tr(??)=0.0178, C_t=0.7006 (tau=0.85), frame_ok=0
[ INFO] [1774871476.272840005, 1123.393000000]: [Multi Floor Nav] Current Robot Pose, x: 4.95, y: -0.06, yaw: 0.11
[ INFO] [1774871476.272861167, 1123.393000000]: [Multi Floor Nav] Linear Error: 0.45, Angular Error: 0.11
[ INFO] [1774871476.272873878, 1123.393000000]: [Multi Floor Nav] Module C: tr(??)=0.0214, C_t=0.6515 (tau=0.85), frame_ok=0
[ INFO] [1774871476.476033994, 1123.593000000]: [Multi Floor Nav] Current Robot Pose, x: 4.95, y: -0.06, yaw: 0.11
[ INFO] [1774871476.476117943, 1123.593000000]: [Multi Floor Nav] Linear Error: 0.45, Angular Error: 0.11
[ INFO] [1774871476.476168578, 1123.593000000]: [Multi Floor Nav] Module C: tr(??)=0.0204, C_t=0.6648 (tau=0.85), frame_ok=0
[ INFO] [1774871476.678272698, 1123.793000000]: [Multi Floor Nav] Current Robot Pose, x: 4.95, y: -0.06, yaw: 0.11
[ INFO] [1774871476.678292812, 1123.793000000]: [Multi Floor Nav] Linear Error: 0.45, Angular Error: 0.11
[ INFO] [1774871476.678304685, 1123.793000000]: [Multi Floor Nav] Module C: tr(??)=0.0190, C_t=0.6839 (tau=0.85), frame_ok=0
[ INFO] [1774871476.879990807, 1123.993000000]: [Multi Floor Nav] Current Robot Pose, x: 4.93, y: -0.06, yaw: 0.11
[ INFO] [1774871476.880026147, 1123.993000000]: [Multi Floor Nav] Linear Error: 0.45, Angular Error: 0.11
[ INFO] [1774871476.880047029, 1123.993000000]: [Multi Floor Nav] Module C: tr(??)=0.0160, C_t=0.7254 (tau=0.85), frame_ok=0
[ INFO] [1774871477.082449649, 1124.193000000]: [Multi Floor Nav] Current Robot Pose, x: 4.94, y: -0.06, yaw: 0.12
[ INFO] [1774871477.082510202, 1124.193000000]: [Multi Floor Nav] Linear Error: 0.45, Angular Error: 0.12
[ INFO] [1774871477.082538348, 1124.193000000]: [Multi Floor Nav] Module C: tr(??)=0.0170, C_t=0.7121 (tau=0.85), frame_ok=0
[ INFO] [1774871477.283792224, 1124.393000000]: [Multi Floor Nav] Current Robot Pose, x: 4.95, y: -0.06, yaw: 0.12
[ INFO] [1774871477.283813735, 1124.393000000]: [Multi Floor Nav] Linear Error: 0.45, Angular Error: 0.12
[ INFO] [1774871477.283830985, 1124.393000000]: [Multi Floor Nav] Module C: tr(??)=0.0210, C_t=0.6571 (tau=0.85), frame_ok=0
[ INFO] [1774871477.487007025, 1124.593000000]: [Multi Floor Nav] Current Robot Pose, x: 4.94, y: -0.06, yaw: 0.12
[ INFO] [1774871477.487036079, 1124.593000000]: [Multi Floor Nav] Linear Error: 0.45, Angular Error: 0.12
[ INFO] [1774871477.487055983, 1124.593000000]: [Multi Floor Nav] Module C: tr(??)=0.0194, C_t=0.6789 (tau=0.85), frame_ok=0
[ INFO] [1774871477.686449576, 1124.792000000]: [Multi Floor Nav] Current Robot Pose, x: 4.95, y: -0.06, yaw: 0.12
[ INFO] [1774871477.686469061, 1124.792000000]: [Multi Floor Nav] Linear Error: 0.45, Angular Error: 0.12
[ INFO] [1774871477.686480515, 1124.792000000]: [Multi Floor Nav] Module C: tr(??)=0.0196, C_t=0.6762 (tau=0.85), frame_ok=0
[ INFO] [1774871477.888282503, 1124.993000000]: [Multi Floor Nav] Current Robot Pose, x: 4.94, y: -0.06, yaw: 0.12
[ INFO] [1774871477.888301849, 1124.993000000]: [Multi Floor Nav] Linear Error: 0.45, Angular Error: 0.12
[ INFO] [1774871477.888314351, 1124.993000000]: [Multi Floor Nav] Module C: tr(??)=0.0156, C_t=0.7318 (tau=0.85), frame_ok=0
[ INFO] [1774871478.090217329, 1125.193000000]: [Multi Floor Nav] Current Robot Pose, x: 4.93, y: -0.06, yaw: 0.12
[ INFO] [1774871478.090241075, 1125.193000000]: [Multi Floor Nav] Linear Error: 0.45, Angular Error: 0.12
[ INFO] [1774871478.090257767, 1125.193000000]: [Multi Floor Nav] Module C: tr(??)=0.0131, C_t=0.7698 (tau=0.85), frame_ok=0
[ INFO] [1774871478.290072011, 1125.392000000]: [Multi Floor Nav] Current Robot Pose, x: 4.93, y: -0.06, yaw: 0.12
[ INFO] [1774871478.290091776, 1125.392000000]: [Multi Floor Nav] Linear Error: 0.45, Angular Error: 0.12
[ INFO] [1774871478.290102322, 1125.392000000]: [Multi Floor Nav] Module C: tr(??)=0.0107, C_t=0.8077 (tau=0.85), frame_ok=0
[ INFO] [1774871478.495668180, 1125.594000000]: [Multi Floor Nav] Current Robot Pose, x: 4.93, y: -0.06, yaw: 0.12
[ INFO] [1774871478.495740535, 1125.594000000]: [Multi Floor Nav] Linear Error: 0.45, Angular Error: 0.12
[ INFO] [1774871478.495795570, 1125.594000000]: [Multi Floor Nav] Module C: tr(??)=0.0108, C_t=0.8062 (tau=0.85), frame_ok=0
[ INFO] [1774871478.696072720, 1125.793000000]: [Multi Floor Nav] Current Robot Pose, x: 4.93, y: -0.06, yaw: 0.12
[ INFO] [1774871478.696117628, 1125.793000000]: [Multi Floor Nav] Linear Error: 0.45, Angular Error: 0.12
[ INFO] [1774871478.696148917, 1125.793000000]: [Multi Floor Nav] Module C: tr(??)=0.0109, C_t=0.8044 (tau=0.85), frame_ok=0
[ INFO] [1774871478.899693367, 1125.993000000]: [Multi Floor Nav] Current Robot Pose, x: 4.93, y: -0.06, yaw: 0.12
[ INFO] [1774871478.899755875, 1125.993000000]: [Multi Floor Nav] Linear Error: 0.45, Angular Error: 0.12
[ INFO] [1774871478.899805462, 1125.993000000]: [Multi Floor Nav] Module C: tr(??)=0.0117, C_t=0.7918 (tau=0.85), frame_ok=0
[ INFO] [1774871479.102434018, 1126.193000000]: [Multi Floor Nav] Current Robot Pose, x: 4.94, y: -0.06, yaw: 0.13
[ INFO] [1774871479.102507491, 1126.193000000]: [Multi Floor Nav] Linear Error: 0.45, Angular Error: 0.13
[ INFO] [1774871479.102558964, 1126.193000000]: [Multi Floor Nav] Module C: tr(??)=0.0138, C_t=0.7582 (tau=0.85), frame_ok=0
[ INFO] [1774871479.304863946, 1126.393000000]: [Multi Floor Nav] Current Robot Pose, x: 4.93, y: -0.06, yaw: 0.13
[ INFO] [1774871479.304884130, 1126.393000000]: [Multi Floor Nav] Linear Error: 0.45, Angular Error: 0.13
[ INFO] [1774871479.304895794, 1126.393000000]: [Multi Floor Nav] Module C: tr(??)=0.0108, C_t=0.8057 (tau=0.85), frame_ok=0
[ INFO] [1774871479.506842912, 1126.593000000]: [Multi Floor Nav] Current Robot Pose, x: 4.92, y: -0.06, yaw: 0.13
[ INFO] [1774871479.506885934, 1126.593000000]: [Multi Floor Nav] Linear Error: 0.45, Angular Error: 0.13
[ INFO] [1774871479.506913591, 1126.593000000]: [Multi Floor Nav] Module C: tr(??)=0.0096, C_t=0.8257 (tau=0.85), frame_ok=0
[ INFO] [1774871479.708198965, 1126.793000000]: [Multi Floor Nav] Current Robot Pose, x: 4.92, y: -0.06, yaw: 0.13
[ INFO] [1774871479.708217962, 1126.793000000]: [Multi Floor Nav] Linear Error: 0.45, Angular Error: 0.13
[ INFO] [1774871479.708230394, 1126.793000000]: [Multi Floor Nav] Module C: tr(??)=0.0104, C_t=0.8123 (tau=0.85), frame_ok=0
[ INFO] [1774871479.911991700, 1126.993000000]: [Multi Floor Nav] Current Robot Pose, x: 4.91, y: -0.06, yaw: 0.13
[ INFO] [1774871479.912055116, 1126.993000000]: [Multi Floor Nav] Linear Error: 0.45, Angular Error: 0.13
[ INFO] [1774871479.912106589, 1126.993000000]: [Multi Floor Nav] Module C: tr(??)=0.0072, C_t=0.8653 (tau=0.85), frame_ok=1
[ INFO] [1774871480.116157945, 1127.193000000]: [Multi Floor Nav] Current Robot Pose, x: 4.91, y: -0.06, yaw: 0.13
[ INFO] [1774871480.116224853, 1127.193000000]: [Multi Floor Nav] Linear Error: 0.45, Angular Error: 0.13
[ INFO] [1774871480.116271227, 1127.193000000]: [Multi Floor Nav] Module C: tr(??)=0.0061, C_t=0.8845 (tau=0.85), frame_ok=1
[ INFO] [1774871480.116300840, 1127.193000000]: [Multi Floor Nav] Module C: reloc passed (consecutive 2 >= K=2)
[ INFO] [1774871480.116323608, 1127.193000000]: [Multi Floor Nav] Robot at correct pose
[ INFO] [1774871480.120233305, 1127.197000000]: [Multi Floor Nav] RELOC_PASS: linear_error=0.4502, angular_error=0.1269, linear_error_init=0.4910, angular_error_init=0.0731, tr_sigma=0.0061, C_t=0.8845
[ INFO] [1774871481.132176497, 1128.198000000]: [Multi Floor Nav] POST_PASS: dt=1.001s, linear_error=0.4499, angular_error=0.1275
[ INFO] [1774871481.132234744, 1128.198000000]: [Multi Floor Nav] Will send goal to x: 3, y: -0, at level: 0
[ INFO] [1774871481.132262890, 1128.198000000]: [Multi Floor Nav] Sending Robot to x: 3.0, y: -0.5, yaw: 3.1
[ INFO] [1774871481.332799919, 1128.397000000]: [Multi Floor Nav] POST_PASS: dt=1.200s, linear_error=0.4499, angular_error=0.1275
[ INFO] [1774871481.534272747, 1128.597000000]: [Multi Floor Nav] POST_PASS: dt=1.400s, linear_error=0.4499, angular_error=0.1275
[ INFO] [1774871481.736107700, 1128.797000000]: [Multi Floor Nav] POST_PASS: dt=1.600s, linear_error=0.4321, angular_error=0.2695
[ INFO] [1774871481.939050051, 1128.997000000]: [Multi Floor Nav] POST_PASS: dt=1.800s, linear_error=0.4003, angular_error=0.6615
[ INFO] [1774871482.142719308, 1129.197000000]: [Multi Floor Nav] POST_PASS: dt=2.000s, linear_error=0.3472, angular_error=1.0814
[ INFO] [1774871502.978670070, 1149.797000000]: [Multi Floor Nav] Requesting Lift to Level 0
[ INFO] [1774871503.181168722, 1149.997000000]: [Multi Floor Nav] Entering Lift at Level 0
[ INFO] [1774871520.527072812, 1167.198000000]: [Multi Floor Nav] Requesting Lift [ WARN] [1774871540.329855852, 1186.801000000]: [Multi Floor Nav] Initial pose perturbation applied: offset_x=0.40, offset_y=0.40, offset_theta=0.20
to Level 1
[ INFO] [1774871527.589174821, 1174.198000000]: [Multi Floor Nav] Exiting Lift at Level 1
[ INFO] [1774871540.217319073, 1186.690000000]: [Multi Floor Nav] Successfully loaded map for level: 1
[ INFO] [1774871540.329955585, 1186.801000000]: [Multi Floor Nav] Adaptive sigma: offset_planar=0.566, adaptive_scale=0.198, adaptive_yaw=0.090 ??? sigma(0.198, 0.198, 0.090)
[ INFO] [1774871540.330000423, 1186.801000000]: [Multi Floor Nav] Initializing Robot at x: 3.4, y: -0.1, yaw: 3.3 (level=1, sigma: x=0.198, y=0.198, yaw=0.090, retry=0)
[ INFO] [1774871540.330057692, 1186.801000000]: [Multi Floor Nav] Initializing Pose to x: 3.00, y: -0.50 at level: 1
[ INFO] [1774871541.344137110, 1187.803000000]: [Multi Floor Nav] Waiting for AMCL nomotion updates (1.0/12.0s, L1)...
[ INFO] [1774871542.358682716, 1188.805000000]: [Multi Floor Nav] Waiting for AMCL nomotion updates (2.0/12.0s, L1)...
[ INFO] [1774871543.573387231, 1190.003000000]: [Multi Floor Nav] Waiting for AMCL nomotion updates (3.2/12.0s, L1)...
[ INFO] [1774871544.588932681, 1191.004000000]: [Multi Floor Nav] Waiting for AMCL nomotion updates (4.2/12.0s, L1)...
[ INFO] [1774871545.607822814, 1192.005000000]: [Multi Floor Nav] Waiting for AMCL nomotion updates (5.2/12.0s, L1)...
[ INFO] [1774871546.820851495, 1193.204000000]: [Multi Floor Nav] Waiting for AMCL nomotion updates (6.4/12.0s, L1)...
[ INFO] [1774871547.839152590, 1194.205000000]: [Multi Floor Nav] Waiting for AMCL nomotion updates (7.4/12.0s, L1)...
[ INFO] [1774871549.057188450, 1195.404000000]: [Multi Floor Nav] Waiting for AMCL nomotion updates (8.6/12.0s, L1)...
[ INFO] [1774871550.074842887, 1196.404000000]: [Multi Floor Nav] Waiting for AMCL nomotion updates (9.6/12.0s, L1)...
[ INFO] [1774871551.089710739, 1197.404000000]: [Multi Floor Nav] Waiting for AMCL nomotion updates (10.6/12.0s, L1)...
[ INFO] [1774871552.106898499, 1198.405000000]: [Multi Floor Nav] Waiting for AMCL nomotion updates (11.6/12.0s, L1)...
[ INFO] [1774871552.513958066, 1198.804000000]: [Multi Floor Nav] Current Robot Pose, x: 3.20, y: -0.53, yaw: -3.08
[ INFO] [1774871552.514004022, 1198.804000000]: [Multi Floor Nav] Linear Error: 0.20, Angular Error: 0.06
[ INFO] [1774871552.514032587, 1198.804000000]: [Multi Floor Nav] Module C: tr(??)=0.0139, C_t=0.7581 (tau=0.85), frame_ok=0
[ INFO] [1774871552.718354786, 1199.005000000]: [Multi Floor Nav] Current Robot Pose, x: 3.20, y: -0.53, yaw: -3.08
[ INFO] [1774871552.718375599, 1199.005000000]: [Multi Floor Nav] Linear Error: 0.21, Angular Error: 0.06
[ INFO] [1774871552.718389078, 1199.005000000]: [Multi Floor Nav] Module C: tr(??)=0.0140, C_t=0.7556 (tau=0.85), frame_ok=0
[ INFO] [1774871552.921494648, 1199.203000000]: [Multi Floor Nav] Current Robot Pose, x: 3.21, y: -0.53, yaw: -3.08
[ INFO] [1774871552.921533340, 1199.203000000]: [Multi Floor Nav] Linear Error: 0.21, Angular Error: 0.06
[ INFO] [1774871552.921568540, 1199.203000000]: [Multi Floor Nav] Module C: tr(??)=0.0142, C_t=0.7533 (tau=0.85), frame_ok=0
[ INFO] [1774871553.127971651, 1199.405000000]: [Multi Floor Nav] Current Robot Pose, x: 3.21, y: -0.53, yaw: -3.08
[ INFO] [1774871553.128034089, 1199.405000000]: [Multi Floor Nav] Linear Error: 0.21, Angular Error: 0.06
[ INFO] [1774871553.128077600, 1199.405000000]: [Multi Floor Nav] Module C: tr(??)=0.0144, C_t=0.7494 (tau=0.85), frame_ok=0
[ INFO] [1774871553.329904940, 1199.603000000]: [Multi Floor Nav] Current Robot Pose, x: 3.22, y: -0.52, yaw: -3.08
[ INFO] [1774871553.329947404, 1199.603000000]: [Multi Floor Nav] Linear Error: 0.22, Angular Error: 0.06
[ INFO] [1774871553.329979810, 1199.603000000]: [Multi Floor Nav] Module C: tr(??)=0.0147, C_t=0.7448 (tau=0.85), frame_ok=0
[ INFO] [1774871553.535674175, 1199.805000000]: [Multi Floor Nav] Current Robot Pose, x: 3.23, y: -0.52, yaw: -3.08
[ INFO] [1774871553.535717965, 1199.805000000]: [Multi Floor Nav] Linear Error: 0.23, Angular Error: 0.06
[ INFO] [1774871553.535746600, 1199.805000000]: [Multi Floor Nav] Module C: tr(??)=0.0146, C_t=0.7460 (tau=0.85), frame_ok=0
[ INFO] [1774871553.738178344, 1200.004000000]: [Multi Floor Nav] Current Robot Pose, x: 3.23, y: -0.52, yaw: -3.08
[ INFO] [1774871553.738203208, 1200.004000000]: [Multi Floor Nav] Linear Error: 0.24, Angular Error: 0.06
[ INFO] [1774871553.738215569, 1200.004000000]: [Multi Floor Nav] Module C: tr(??)=0.0146, C_t=0.7462 (tau=0.85), frame_ok=0
[ INFO] [1774871553.942513953, 1200.204000000]: [Multi Floor Nav] Current Robot Pose, x: 3.25, y: -0.51, yaw: -3.08
[ INFO] [1774871553.942552436, 1200.204000000]: [Multi Floor Nav] Linear Error: 0.25, Angular Error: 0.06
[ INFO] [1774871553.942583445, 1200.204000000]: [Multi Floor Nav] Module C: tr(??)=0.0141, C_t=0.7544 (tau=0.85), frame_ok=0
[ INFO] [1774871554.146960819, 1200.405000000]: [Multi Floor Nav] Current Robot Pose, x: 3.25, y: -0.51, yaw: -3.08
[ INFO] [1774871554.147018787, 1200.405000000]: [Multi Floor Nav] Linear Error: 0.25, Angular Error: 0.06
[ INFO] [1774871554.147059364, 1200.405000000]: [Multi Floor Nav] Module C: tr(??)=0.0138, C_t=0.7594 (tau=0.85), frame_ok=0
[ INFO] [1774871554.350236312, 1200.605000000]: [Multi Floor Nav] Current Robot Pose, x: 3.26, y: -0.50, yaw: -3.09
[ INFO] [1774871554.350282058, 1200.605000000]: [Multi Floor Nav] Linear Error: 0.26, Angular Error: 0.06
[ INFO] [1774871554.350310832, 1200.605000000]: [Multi Floor Nav] Module C: tr(??)=0.0131, C_t=0.7689 (tau=0.85), frame_ok=0
[ INFO] [1774871554.551806009, 1200.804000000]: [Multi Floor Nav] Current Robot Pose, x: 3.28, y: -0.49, yaw: -3.09
[ INFO] [1774871554.551825634, 1200.804000000]: [Multi Floor Nav] Linear Error: 0.28, Angular Error: 0.05
[ INFO] [1774871554.551836110, 1200.804000000]: [Multi Floor Nav] Module C: tr(??)=0.0116, C_t=0.7928 (tau=0.85), frame_ok=0
[ INFO] [1774871554.754973039, 1201.005000000]: [Multi Floor Nav] Current Robot Pose, x: 3.29, y: -0.49, yaw: -3.09
[ INFO] [1774871554.754993013, 1201.005000000]: [Multi Floor Nav] Linear Error: 0.29, Angular Error: 0.05
[ INFO] [1774871554.755005166, 1201.005000000]: [Multi Floor Nav] Module C: tr(??)=0.0101, C_t=0.8170 (tau=0.85), frame_ok=0
[ INFO] [1774871554.956741364, 1201.204000000]: [Multi Floor Nav] Current Robot Pose, x: 3.30, y: -0.48, yaw: -3.09
[ INFO] [1774871554.956762316, 1201.204000000]: [Multi Floor Nav] Linear Error: 0.30, Angular Error: 0.05
[ INFO] [1774871554.956774259, 1201.204000000]: [Multi Floor Nav] Module C: tr(??)=0.0085, C_t=0.8443 (tau=0.85), frame_ok=0
[ INFO] [1774871555.163210335, 1201.406000000]: [Multi Floor Nav] Current Robot Pose, x: 3.30, y: -0.48, yaw: -3.09
[ INFO] [1774871555.163232195, 1201.406000000]: [Multi Floor Nav] Linear Error: 0.30, Angular Error: 0.05
[ INFO] [1774871555.163244208, 1201.406000000]: [Multi Floor Nav] Module C: tr(??)=0.0070, C_t=0.8693 (tau=0.85), frame_ok=1
[ INFO] [1774871555.368203147, 1201.605000000]: [Multi Floor Nav] Current Robot Pose, x: 3.31, y: -0.48, yaw: -3.09
[ INFO] [1774871555.368223122, 1201.605000000]: [Multi Floor Nav] Linear Error: 0.31, Angular Error: 0.05
[ INFO] [1774871555.368235135, 1201.605000000]: [Multi Floor Nav] Module C: tr(??)=0.0057, C_t=0.8928 (tau=0.85), frame_ok=1
[ INFO] [1774871555.368245960, 1201.605000000]: [Multi Floor Nav] Module C: reloc passed (consecutive 2 >= K=2)
[ INFO] [1774871555.368252106, 1201.605000000]: [Multi Floor Nav] Robot at correct pose
[ INFO] [1774871555.369455675, 1201.607000000]: [Multi Floor Nav] RELOC_PASS: linear_error=0.3104, angular_error=0.0536, linear_error_init=0.3881, angular_error_init=0.1464, tr_sigma=0.0057, C_t=0.8928
[ INFO] [1774871556.386092599, 1202.607000000]: [Multi Floor Nav] POST_PASS: dt=1.000s, linear_error=0.3156, angular_error=0.0539
[ INFO] [1774871556.386128358, 1202.607000000]: [Multi Floor Nav] Will send goal to x: 4, y: 5, at level: 1
[ INFO] [1774871556.386142256, 1202.607000000]: [Multi Floor Nav] Sending Robot to x: 4.0, y: 5.0, yaw: 0.0
[ INFO] [1774871556.589835468, 1202.808000000]: [Multi Floor Nav] POST_PASS: dt=1.201s, linear_error=0.3156, angular_error=0.0539
[ INFO] [1774871556.793637771, 1203.008000000]: [Multi Floor Nav] POST_PASS: dt=1.401s, linear_error=0.2076, angular_error=0.1218
[ INFO] [1774871556.996306696, 1203.207000000]: [Multi Floor Nav] POST_PASS: dt=1.600s, linear_error=0.2076, angular_error=0.1218
[ INFO] [1774871557.200932075, 1203.407000000]: [Multi Floor Nav] POST_PASS: dt=1.800s, linear_error=0.1183, angular_error=0.4045
[ INFO] [1774871557.402600387, 1203.607000000]: [Multi Floor Nav] POST_PASS: dt=2.000s, linear_error=0.1226, angular_error=0.7752
[ INFO] [1774871575.945870622, 1221.807000000]: [Multi Floor Nav] Robot arrived at Goal
[ INFO] [1774871408.442832932, 1056.343000000]: global_costmap: Using plugin "static_layer"
[ INFO] [1774871408.446993988, 1056.347000000]: Requesting the map...
[ INFO] [1774871439.629107832, 1087.149000000]: Resizing costmap to 992 X 992 at 0.020000 m/pix
[ INFO] [1774871439.728694000, 1087.248000000]: Received a 992 X 992 map at 0.020000 m/pix
[ INFO] [1774871439.730732378, 1087.250000000]: global_costmap: Using plugin "obstacles_layer"
[ INFO] [1774871439.734053456, 1087.253000000]:     Subscribed to Topics: scan
[ INFO] [1774871439.743917934, 1087.263000000]: global_costmap: Using plugin "inflater_layer"
[ INFO] [1774871439.765607955, 1087.285000000]: local_costmap: Using plugin "obstacles_layer"
[ INFO] [1774871439.768122858, 1087.287000000]:     Subscribed to Topics: scan
[ INFO] [1774871439.777074096, 1087.296000000]: local_costmap: Using plugin "inflater_layer"
[ INFO] [1774871439.795715698, 1087.315000000]: Created local_planner base_local_planner/TrajectoryPlannerROS
[ INFO] [1774871439.799938702, 1087.319000000]: Sim period is set to 0.05
[ INFO] [1774871439.847145051, 1087.366000000]: Recovery behavior will clear layer 'obstacles'
[ INFO] [1774871439.852584266, 1087.372000000]: Recovery behavior will clear layer 'obstacles'
[ INFO] [1774871440.043587444, 1087.560000000]: odom received!
[WARN] [1774871658.648656, 1287.603000]: Controller Spawner error while taking down controllers: transport error completing service call: unable to receive data from sender, check sender's logs for details
[31m[controller_spawner-4] escalating to SIGTERM[0m
[31m[gazebo-2] escalating to SIGTERM[0m

auto-starting new master
[1mprocess[master]: started with pid [696010][0m
[1mROS_MASTER_URI=http://localhost:11311[0m
]2;/home/eethanhe/catkin_ws/src/robot-multi-floor-navigation/multi_floor_nav/launch/nav.launch http://localhost:11311
[1msetting /run_id to 96e35466-2c2e-11f1-8d1e-01badb8e21cf[0m
[1mprocess[rosout-1]: started with pid [696035][0m
started core service [/rosout]
[1mprocess[gazebo-2]: started with pid [696042][0m
[1mprocess[robot_state_publisher-3]: started with pid [696045][0m
[1mprocess[controller_spawner-4]: started with pid [696048][0m
[1mprocess[ekf_localization-5]: started with pid [696049][0m
[1mprocess[twist_mux-6]: started with pid [696050][0m
[1mprocess[twist_marker_server-7]: started with pid [696052][0m
[1mprocess[urdf_spawner-8]: started with pid [696058][0m
[1mprocess[map_server0-9]: started with pid [696067][0m
[1mprocess[map_server1-10]: started with pid [696071][0m
[1mprocess[amcl-11]: started with pid [696076][0m
[1mprocess[move_base-12]: started with pid [696078][0m
[1mprocess[rviz-13]: started with pid [696086][0m
[1mprocess[change_map_node-14]: started with pid [696095][0m
[1mprocess[multi_floor_navigation_node-15]: started with pid [696103][0m
[1m[urdf_spawner-8] process has finished cleanly
log file: /home/eethanhe/.ros/log/96e35466-2c2e-11f1-8d1e-01badb8e21cf/urdf_spawner-8*.log[0m
[multi_floor_navigation_node-15] killing on exit
[change_map_node-14] killing on exit
[rviz-13] killing on exit
[move_base-12] killing on exit
[amcl-11] killing on exit
[map_server1-10] killing on exit
[map_server0-9] killing on exit
[twist_marker_server-7] killing on exit
[twist_mux-6] killing on exit
[ekf_localization-5] killing on exit
[controller_spawner-4] killing on exit
[robot_state_publisher-3] killing on exit
[gazebo-2] killing on exit
[rosout-1] killing on exit
[master] killing on exit
shutting down processing monitor...
... shutting down processing monitor complete
[1mdone[0m
