xacro: in-order processing became default in ROS Melodic. You can drop the option.
... logging to /home/eethanhe/.ros/log/c40006b8-2d0c-11f1-8422-679edff71d44/roslaunch-eethanhe-Lenovo-Legion-R9000P2021H-70955.log
Checking log directory for disk usage. This may take a while.
Press Ctrl-C to interrupt
Done checking log file disk usage. Usage is <1GB.
]2;/home/eethanhe/catkin_ws/src/robot-multi-floor-navigation/multi_floor_nav/launch/nav.launch
[1mstarted roslaunch server http://eethanhe-Lenovo-Legion-R9000P2021H:46537/[0m

SUMMARY
========

PARAMETERS
 * /amcl/auto_update_noise: 0.0
 * /amcl/base_frame_id: base_link
 * /amcl/expected_laser_freq: 5.0
 * /amcl/first_map_only: False
 * /amcl/global_frame_id: map
 * /amcl/gui_publish_rate: 10.0
 * /amcl/initial_pose_a: 0.0
 * /amcl/initial_pose_x: 0.0
 * /amcl/initial_pose_y: 0.0
 * /amcl/kld_err: 0.05
 * /amcl/kld_z: 0.99
 * /amcl/laser_lambda_short: 0.1
 * /amcl/laser_likelihood_max_dist: 2.0
 * /amcl/laser_max_beams: 720
 * /amcl/laser_max_range: 30.0
 * /amcl/laser_min_range: 0.1
 * /amcl/laser_model_type: likelihood_field
 * /amcl/laser_sigma_hit: 0.2
 * /amcl/laser_z_hit: 0.5
 * /amcl/laser_z_max: 0.05
 * /amcl/laser_z_rand: 0.5
 * /amcl/laser_z_short: 0.05
 * /amcl/max_particles: 2000
 * /amcl/min_particles: 500
 * /amcl/odom_alpha1: 0.2
 * /amcl/odom_alpha2: 0.2
 * /amcl/odom_alpha3: 0.2
 * /amcl/odom_alpha4: 0.2
 * /amcl/odom_alpha5: 0.1
 * /amcl/odom_frame_id: odom
 * /amcl/odom_model_type: diff
 * /amcl/odom_update_interval: 0.1
 * /amcl/recovery_alpha_fast: 0.1
 * /amcl/recovery_alpha_slow: 0.001
 * /amcl/resample_interval: 1
 * /amcl/transform_tolerance: 1.0
 * /amcl/update_min_a: 0.3927
 * /amcl/update_min_d: 0.1
 * /amcl/use_map_topic: False
 * /ekf_localization/base_link_frame: base_link
 * /ekf_localization/frequency: 50
 * /ekf_localization/imu0: /imu/data
 * /ekf_localization/imu0_config: [False, False, Fa...
 * /ekf_localization/imu0_differential: False
 * /ekf_localization/odom0: /jackal_velocity_...
 * /ekf_localization/odom0_config: [False, False, Fa...
 * /ekf_localization/odom0_differential: False
 * /ekf_localization/odom_frame: odom
 * /ekf_localization/predict_to_current_time: True
 * /ekf_localization/world_frame: odom
 * /gazebo/enable_ros_network: True
 * /jackal_joint_publisher/publish_rate: 50
 * /jackal_joint_publisher/type: joint_state_contr...
 * /jackal_velocity_controller/angular/z/has_acceleration_limits: True
 * /jackal_velocity_controller/angular/z/has_velocity_limits: True
 * /jackal_velocity_controller/angular/z/max_acceleration: 25.0
 * /jackal_velocity_controller/angular/z/max_velocity: 4.0
 * /jackal_velocity_controller/cmd_vel_timeout: 0.25
 * /jackal_velocity_controller/enable_odom_tf: False
 * /jackal_velocity_controller/k_l: 0.1
 * /jackal_velocity_controller/k_r: 0.1
 * /jackal_velocity_controller/left_wheel: ['front_left_whee...
 * /jackal_velocity_controller/linear/x/has_acceleration_limits: True
 * /jackal_velocity_controller/linear/x/has_velocity_limits: True
 * /jackal_velocity_controller/linear/x/max_acceleration: 20.0
 * /jackal_velocity_controller/linear/x/max_velocity: 2.0
 * /jackal_velocity_controller/pose_covariance_diagonal: [0.001, 0.001, 10...
 * /jackal_velocity_controller/publish_cmd: True
 * /jackal_velocity_controller/publish_rate: 50
 * /jackal_velocity_controller/right_wheel: ['front_right_whe...
 * /jackal_velocity_controller/twist_covariance_diagonal: [0.001, 0.001, 0....
 * /jackal_velocity_controller/type: diff_drive_contro...
 * /jackal_velocity_controller/wheel_radius_multiplier: 1.0
 * /jackal_velocity_controller/wheel_separation_multiplier: 1.5
 * /move_base/NavfnROS/allow_unknown: True
 * /move_base/TrajectoryPlannerROS/acc_lim_theta: 20.0
 * /move_base/TrajectoryPlannerROS/acc_lim_x: 10.0
 * /move_base/TrajectoryPlannerROS/angular_sim_granularity: 0.02
 * /move_base/TrajectoryPlannerROS/controller_frequency: 20.0
 * /move_base/TrajectoryPlannerROS/dwa: True
 * /move_base/TrajectoryPlannerROS/escape_reset_dist: 0.1
 * /move_base/TrajectoryPlannerROS/escape_reset_theta: 0.1
 * /move_base/TrajectoryPlannerROS/escape_vel: -0.5
 * /move_base/TrajectoryPlannerROS/gdist_scale: 1.0
 * /move_base/TrajectoryPlannerROS/heading_lookahead: 0.325
 * /move_base/TrajectoryPlannerROS/heading_scoring: False
 * /move_base/TrajectoryPlannerROS/heading_scoring_timestep: 0.8
 * /move_base/TrajectoryPlannerROS/holonomic_robot: False
 * /move_base/TrajectoryPlannerROS/latch_xy_goal_tolerance: False
 * /move_base/TrajectoryPlannerROS/max_vel_theta: 1.57
 * /move_base/TrajectoryPlannerROS/max_vel_x: 0.5
 * /move_base/TrajectoryPlannerROS/meter_scoring: True
 * /move_base/TrajectoryPlannerROS/min_in_place_vel_theta: 0.314
 * /move_base/TrajectoryPlannerROS/min_vel_theta: -1.57
 * /move_base/TrajectoryPlannerROS/min_vel_x: 0.1
 * /move_base/TrajectoryPlannerROS/occdist_scale: 0.1
 * /move_base/TrajectoryPlannerROS/oscillation_reset_dist: 0.05
 * /move_base/TrajectoryPlannerROS/pdist_scale: 0.75
 * /move_base/TrajectoryPlannerROS/publish_cost_grid_pc: True
 * /move_base/TrajectoryPlannerROS/sim_granularity: 0.02
 * /move_base/TrajectoryPlannerROS/sim_time: 2.0
 * /move_base/TrajectoryPlannerROS/simple_attractor: False
 * /move_base/TrajectoryPlannerROS/vtheta_samples: 20
 * /move_base/TrajectoryPlannerROS/vx_samples: 6
 * /move_base/TrajectoryPlannerROS/xy_goal_tolerance: 0.25
 * /move_base/TrajectoryPlannerROS/yaw_goal_tolerance: 0.157
 * /move_base/base_global_planner: navfn/NavfnROS
 * /move_base/base_local_planner: base_local_planne...
 * /move_base/clearing_rotation_allowed: True
 * /move_base/controller_frequency: 20.0
 * /move_base/controller_patience: 15.0
 * /move_base/global_costmap/footprint: [[-0.21, -0.165],...
 * /move_base/global_costmap/footprint_padding: 0.1
 * /move_base/global_costmap/global_frame: map
 * /move_base/global_costmap/height: 40.0
 * /move_base/global_costmap/inflater_layer/inflation_radius: 0.3
 * /move_base/global_costmap/map_type: costmap
 * /move_base/global_costmap/meter_scoring: True
 * /move_base/global_costmap/obstacle_range: 2.5
 * /move_base/global_costmap/obstacles_layer/observation_sources: scan
 * /move_base/global_costmap/obstacles_layer/scan/clearing: True
 * /move_base/global_costmap/obstacles_layer/scan/data_type: LaserScan
 * /move_base/global_costmap/obstacles_layer/scan/marking: True
 * /move_base/global_costmap/obstacles_layer/scan/max_obstacle_height: 2.0
 * /move_base/global_costmap/obstacles_layer/scan/min_obstacle_height: -2.0
 * /move_base/global_costmap/obstacles_layer/scan/obstacle_range: 2.5
 * /move_base/global_costmap/obstacles_layer/scan/raytrace_range: 3.0
 * /move_base/global_costmap/obstacles_layer/scan/sensor_frame: front_laser
 * /move_base/global_costmap/obstacles_layer/scan/topic: front/scan
 * /move_base/global_costmap/origin_x: -20.0
 * /move_base/global_costmap/origin_y: -20.0
 * /move_base/global_costmap/origin_z: 0.0
 * /move_base/global_costmap/plugins: [{'name': 'static...
 * /move_base/global_costmap/publish_frequency: 5.0
 * /move_base/global_costmap/publish_voxel_map: False
 * /move_base/global_costmap/raytrace_range: 3.0
 * /move_base/global_costmap/resolution: 0.05
 * /move_base/global_costmap/robot_base_frame: base_link
 * /move_base/global_costmap/rolling_window: False
 * /move_base/global_costmap/static_map: True
 * /move_base/global_costmap/transform_tolerance: 0.5
 * /move_base/global_costmap/update_frequency: 20.0
 * /move_base/global_costmap/width: 40.0
 * /move_base/global_costmap/z_resolution: 1
 * /move_base/global_costmap/z_voxels: 2
 * /move_base/local_costmap/footprint: [[-0.21, -0.165],...
 * /move_base/local_costmap/footprint_padding: 0.1
 * /move_base/local_costmap/global_frame: map
 * /move_base/local_costmap/height: 10.0
 * /move_base/local_costmap/inflater_layer/inflation_radius: 0.3
 * /move_base/local_costmap/map_type: costmap
 * /move_base/local_costmap/meter_scoring: True
 * /move_base/local_costmap/obstacle_range: 2.5
 * /move_base/local_costmap/obstacles_layer/observation_sources: scan
 * /move_base/local_costmap/obstacles_layer/scan/clearing: True
 * /move_base/local_costmap/obstacles_layer/scan/data_type: LaserScan
 * /move_base/local_costmap/obstacles_layer/scan/marking: True
 * /move_base/local_costmap/obstacles_layer/scan/max_obstacle_height: 2.0
 * /move_base/local_costmap/obstacles_layer/scan/min_obstacle_height: -2.0
 * /move_base/local_costmap/obstacles_layer/scan/obstacle_range: 2.5
 * /move_base/local_costmap/obstacles_layer/scan/raytrace_range: 3.0
 * /move_base/local_costmap/obstacles_layer/scan/sensor_frame: front_laser
 * /move_base/local_costmap/obstacles_layer/scan/topic: front/scan
 * /move_base/local_costmap/origin_z: 0.0
 * /move_base/local_costmap/plugins: [{'name': 'obstac...
 * /move_base/local_costmap/publish_frequency: 5.0
 * /move_base/local_costmap/publish_voxel_map: False
 * /move_base/local_costmap/raytrace_range: 3.0
 * /move_base/local_costmap/resolution: 0.05
 * /move_base/local_costmap/robot_base_frame: base_link
 * /move_base/local_costmap/rolling_window: True
 * /move_base/local_costmap/static_map: False
 * /move_base/local_costmap/transform_tolerance: 0.5
 * /move_base/local_costmap/update_frequency: 20.0
 * /move_base/local_costmap/width: 10.0
 * /move_base/local_costmap/z_resolution: 1
 * /move_base/local_costmap/z_voxels: 2
 * /move_base/oscillation_distance: 0.5
 * /move_base/oscillation_timeout: 0.0
 * /move_base/planner_frequency: 20.0
 * /move_base/planner_patience: 5.0
 * /move_base/recovery_behavior_enabled: True
 * /move_base/shutdown_costmaps: False
 * /multi_floor_navigation_node/init_pose_offset_theta: 0.05
 * /multi_floor_navigation_node/init_pose_offset_x: 0.1
 * /multi_floor_navigation_node/init_pose_offset_y: 0.1
 * /multi_floor_navigation_node/region_init_backoff_factor: 1.3
 * /multi_floor_navigation_node/region_init_max_backoff: 2.0
 * /multi_floor_navigation_node/region_init_sigma_adaptive_alpha: 0.35
 * /multi_floor_navigation_node/region_init_sigma_min_scale: 0.03
 * /multi_floor_navigation_node/region_init_sigma_min_yaw: 0.02
 * /multi_floor_navigation_node/region_init_sigma_x: 0.15
 * /multi_floor_navigation_node/region_init_sigma_x_L0: 0.15
 * /multi_floor_navigation_node/region_init_sigma_x_L1: 0.2
 * /multi_floor_navigation_node/region_init_sigma_y: 0.15
 * /multi_floor_navigation_node/region_init_sigma_y_L0: 0.15
 * /multi_floor_navigation_node/region_init_sigma_y_L1: 0.2
 * /multi_floor_navigation_node/region_init_sigma_yaw: 0.1
 * /multi_floor_navigation_node/region_init_sigma_yaw_L0: 0.1
 * /multi_floor_navigation_node/region_init_sigma_yaw_L1: 0.12
 * /multi_floor_navigation_node/reloc_min_check_delay_L0: 6.0
 * /multi_floor_navigation_node/reloc_min_check_delay_L1: 12.0
 * /multi_floor_navigation_node/reloc_min_check_delay_sec: 6.0
 * /robot_description: <?xml version="1....
 * /rosdistro: noetic
 * /rosversion: 1.17.0
 * /twist_marker_server/link_name: base_link
 * /twist_mux/locks: [{'name': 'e_stop...
 * /twist_mux/topics: [{'name': 'joy', ...
 * /use_gui: True
 * /use_sim_time: True

NODES
  /
    amcl (amcl/amcl)
    change_map_node (multi_floor_nav/change_map_node)
    controller_spawner (controller_manager/spawner)
    ekf_localization (robot_localization/ekf_localization_node)
    gazebo (gazebo_ros/gzserver)
    map_server0 (map_server/map_server)
    map_server1 (map_server/map_server)
    move_base (move_base/move_base)
    multi_floor_navigation_node (multi_floor_nav/multi_floor_navigation_node)
    robot_state_publisher (robot_state_publisher/robot_state_publisher)
    rviz (rviz/rviz)
    twist_marker_server (interactive_marker_twist_server/marker_server)
    twist_mux (twist_mux/twist_mux)
    urdf_spawner (gazebo_ros/spawn_model)
[ INFO] [1774966828.894942082]: Finished loading Gazebo ROS API Plugin.
[ INFO] [1774966828.895827207]: waitForService: Service [/gazebo/set_physics_properties] has not been advertised, waiting...
[1;33mWarning [Model.cc:216][0m Non-unique name[door] detected 2 times in XML children of model with name[elevator].
[1;33mWarning [Model.cc:309][0m Joint with name [door] in model with name [elevator] has a name collision, changing joint name to [door_joint].
[ INFO] [1774966829.676046617]: waitForService: Service [/gazebo/set_physics_properties] is now available.
[ INFO] [1774966829.694580404, 1054.799000000]: Physics dynamic reconfigure ready.
[1;33mWarning [parser_urdf.cc:1161][0m multiple inconsistent <gravity> exists due to fixed joint reduction overwriting previous value [true] with [false].
[1;33mWarning [parser_urdf.cc:1161][0m multiple inconsistent <gravity> exists due to fixed joint reduction overwriting previous value [false] with [true].
[ERROR] [1774966830.254685140, 1054.898000000]: No p gain specified for pid.  Namespace: /gazebo_ros_control/pid_gains/front_left_wheel
[ERROR] [1774966830.255145827, 1054.898000000]: No p gain specified for pid.  Namespace: /gazebo_ros_control/pid_gains/front_right_wheel
[ERROR] [1774966830.255534855, 1054.898000000]: No p gain specified for pid.  Namespace: /gazebo_ros_control/pid_gains/rear_left_wheel
[ERROR] [1774966830.255912009, 1054.898000000]: No p gain specified for pid.  Namespace: /gazebo_ros_control/pid_gains/rear_right_wheel
[ WARN] [1774966830.326003707, 1054.899000000]: Failed to meet update rate! Took 1054.8989999999998872
[ WARN] [1774966830.326396227, 1054.900000000]: Timed out waiting for transform from base_link to map to become available before running costmap, tf error: canTransform: target_frame map does not exist. canTransform: source_frame base_link does not exist.. canTransform returned after 1054.9 timeout was 0.1.
[ WARN] [1774966830.326798386, 1054.900000000]: Failed to meet update rate! Took 1054.8800000000001091
[ WARN] [1774966831.607514480, 1056.164000000]: global_costmap: Pre-Hydro parameter "static_map" unused since "plugins" is provided
[ WARN] [1774966831.608157458, 1056.165000000]: global_costmap: Pre-Hydro parameter "map_type" unused since "plugins" is provided
[ WARN] [1774966832.280744210, 1056.826000000]: Interactive marker 'robot_twist_marker' contains unnormalized quaternions. This warning will only be output once but may be true for others; enable DEBUG messages for ros.rviz.quaternions to see more details.
[ WARN] [1774966863.568197081, 1087.683000000]: [Multi Floor Nav] Initial pose perturbation applied: offset_x=0.10, offset_y=0.10, offset_theta=0.05
[ WARN] [1774966863.591735442, 1087.707000000]: local_costmap: Pre-Hydro parameter "static_map" unused since "plugins" is provided
[ WARN] [1774966863.591959220, 1087.707000000]: local_costmap: Pre-Hydro parameter "map_type" unused since "plugins" is provided
[ WARN] [1774966863.626654202, 1087.742000000]: Parameter pdist_scale is deprecated. Please use the name path_distance_bias instead.
[ WARN] [1774966863.627162730, 1087.742000000]: Parameter gdist_scale is deprecated. Please use the name goal_distance_bias instead.
[ WARN] [1774966927.537548104, 1150.894000000]: [Multi Floor Nav] Initial pose perturbation applied: offset_x=0.10, offset_y=0.10, offset_theta=0.05
[ INFO] [1774966828.581103771]: [Multi Floor Nav] Module A sigma: L0=(0.150,0.150,0.100) L1=(0.200,0.200,0.120)
[ INFO] [1774966828.582344400]: [Multi Floor Nav] Module A delay: L0=6.0s  L1=12.0s  backoff: factor=1.30 max=2.00
[ INFO] [1774966863.404999327, 1087.521000000]: [Multi Floor Nav] Successfully loaded map for level: 0
[ INFO] [1774966863.568267623, 1087.683000000]: [Multi Floor Nav] Adaptive sigma: offset_planar=0.141, adaptive_scale=0.049, adaptive_yaw=0.037 ??? sigma(0.049, 0.049, 0.037)
[ INFO] [1774966863.568284874, 1087.683000000]: [Multi Floor Nav] Initializing Robot at x: 5.1, y: -0.4, yaw: 0.1 (level=0, sigma: x=0.049, y=0.049, yaw=0.037, retry=0)
[ INFO] [1774966863.568348292, 1087.683000000]: [Multi Floor Nav] Initializing Pose to x: 5.00, y: -0.50 at level: 0
[ INFO] [1774966864.581224924, 1088.687000000]: [Multi Floor Nav] Waiting for AMCL nomotion updates (1.0/6.0s, L0)...
[ INFO] [1774966865.598082692, 1089.687000000]: [Multi Floor Nav] Waiting for AMCL nomotion updates (2.0/6.0s, L0)...
[ INFO] [1774966866.807605182, 1090.885000000]: [Multi Floor Nav] Waiting for AMCL nomotion updates (3.2/6.0s, L0)...
[ INFO] [1774966867.821724177, 1091.887000000]: [Multi Floor Nav] Waiting for AMCL nomotion updates (4.2/6.0s, L0)...
[ INFO] [1774966868.833481565, 1092.888000000]: [Multi Floor Nav] Waiting for AMCL nomotion updates (5.2/6.0s, L0)...
[ INFO] [1774966869.640285638, 1093.687000000]: [Multi Floor Nav] Current Robot Pose, x: 5.06, y: -0.38, yaw: 0.06
[ INFO] [1774966869.640355202, 1093.687000000]: [Multi Floor Nav] Linear Error: 0.13, Angular Error: 0.06
[ INFO] [1774966869.640399134, 1093.688000000]: [Multi Floor Nav] Robot at correct pose
[ INFO] [1774966869.643814816, 1093.691000000]: [Multi Floor Nav] RELOC_PASS: linear_error=0.1349, angular_error=0.0560, linear_error_init=0.0431, angular_error_init=0.0060, tr_sigma=0.0049, C_t=0.9952
[ INFO] [1774966870.652256556, 1094.691000000]: [Multi Floor Nav] POST_PASS: dt=1.000s, linear_error=0.1301, angular_error=0.0538
[ INFO] [1774966870.652304747, 1094.691000000]: [Multi Floor Nav] Will send goal to x: 3, y: -0, at level: 0
[ INFO] [1774966870.652330101, 1094.691000000]: [Multi Floor Nav] Sending Robot to x: 3.0, y: -0.5, yaw: 3.1
[ INFO] [1774966870.854095132, 1094.891000000]: [Multi Floor Nav] POST_PASS: dt=1.200s, linear_error=0.1301, angular_error=0.0538
[ INFO] [1774966871.058460212, 1095.092000000]: [Multi Floor Nav] POST_PASS: dt=1.401s, linear_error=0.1301, angular_error=0.0538
[ INFO] [1774966871.259137212, 1095.291000000]: [Multi Floor Nav] POST_PASS: dt=1.600s, linear_error=0.1414, angular_error=0.3613
[ INFO] [1774966871.460843632, 1095.491000000]: [Multi Floor Nav] POST_PASS: dt=1.800s, linear_error=0.1448, angular_error=0.7924
[ INFO] [1774966871.663554606, 1095.691000000]: [Multi Floor Nav] POST_PASS: dt=2.000s, linear_error=0.1382, angular_error=1.1954
[ INFO] [1774966890.078376946, 1113.891000000]: [Multi Floor Nav] Requesting Lift to Level 0
[ INFO] [1774966890.280378974, 1114.091000000]: [Multi Floor Nav] Entering Lift at Level 0
[ INFO] [1774966907.651898190, 1131.291000000]: [Multi Floor Nav] Requesting Lift to Level 1
[ INFO] [1774966914.734179976, 1138.291000000]: [Multi Floor Nav] Exiting Lift at Level 1
[ INFO] [1774966927.361216825, 1150.722000000]: [Multi Floor Nav] Successfully loaded map for level: 1
[ INFO] [1774966927.537613477, 1150.894000000]: [Multi Floor Nav] Adaptive sigma: offset_planar=0.141, adaptive_scale=0.049, adaptive_yaw=0.037 ??? sigma(0.049, 0.049, 0.037)
[ INFO] [1774966927.537642531, 1150.894000000]: [Multi Floor Nav] Initializing Robot at x: 3.1, y: -0.4, yaw: 3.2 (level=1, sigma: x=0.049, y=0.049, yaw=0.037, retry=0)
[ INFO] [1774966927.537708463, 1150.894000000]: [Multi Floor Nav] Initializing Pose to x: 3.00, y: -0.50 at level: 1
[ INFO] [1774966928.561322607, 1151.897000000]: [Multi Floor Nav] Waiting for AMCL nomotion updates (1.0/12.0s, L1)...
[ INFO] [1774966929.584794768, 1152.898000000]: [Multi Floor Nav] Waiting for AMCL nomotion updates (2.0/12.0s, L1)...
[ INFO] [1774966930.603465305, 1153.898000000]: [Multi Floor Nav] Waiting for AMCL nomotion updates (3.0/12.0s, L1)...
[ INFO] [1774966931.827746999, 1155.097000000]: [Multi Floor Nav] Waiting for AMCL nomotion updates (4.2/12.0s, L1)...
[ INFO] [1774966932.846757049, 1156.098000000]: [Multi Floor Nav] Waiting for AMCL nomotion updates (5.2/12.0s, L1)...
[ INFO] [1774966934.062683411, 1157.298000000]: [Multi Floor Nav] Waiting for AMCL nomotion updates (6.4/12.0s, L1)...
[ INFO] [1774966935.285880539, 1158.496000000]: [Multi Floor Nav] Waiting for AMCL nomotion updates (7.6/12.0s, L1)...
[ INFO] [1774966936.304668353, 1159.497000000]: [Multi Floor Nav] Waiting for AMCL nomotion updates (8.6/12.0s, L1)...
[ INFO] [1774966937.323123515, 1160.497000000]: [Multi Floor Nav] Waiting for AMCL nomotion updates (9.6/12.0s, L1)...
[ INFO] [1774966938.344874784, 1161.497000000]: [Multi Floor Nav] Waiting for AMCL nomotion updates (10.6/12.0s, L1)...
[ INFO] [1774966939.565788029, 1162.696000000]: [Multi Floor Nav] Waiting for AMCL nomotion updates (11.8/12.0s, L1)...
[ INFO] [1774966939.768850234, 1162.897000000]: [Multi Floor Nav] Current Robot Pose, x: 3.14, y: -0.40, yaw: 3.09
[ INFO] [1774966939.768894934, 1162.897000000]: [Multi Floor Nav] Linear Error: 0.17, Angular Error: 0.05
[ INFO] [1774966939.768916446, 1162.897000000]: [Multi Floor Nav] Robot at correct pose
[ INFO] [1774966939.773107649, 1162.901000000]: [Multi Floor Nav] RELOC_PASS: linear_error=0.1666, angular_error=0.0499, linear_error_init=0.0370, angular_error_init=0.0999, tr_sigma=0.0000, C_t=1.0000
[ INFO] [1774966940.792026575, 1163.901000000]: [Multi Floor Nav] POST_PASS: dt=1.000s, linear_error=0.1666, angular_error=0.0493
[ INFO] [1774966940.792097605, 1163.901000000]: [Multi Floor Nav] Will send goal to x: 4, y: 5, at level: 1
[ INFO] [1774966940.792144400, 1163.901000000]: [Multi Floor Nav] Sending Robot to x: 4.0, y: 5.0, yaw: 0.0
[ INFO] [1774966940.994620192, 1164.102000000]: [Multi Floor Nav] POST_PASS: dt=1.201s, linear_error=0.1666, angular_error=0.0493
[ INFO] [1774966941.197228535, 1164.301000000]: [Multi Floor Nav] POST_PASS: dt=1.400s, linear_error=0.1666, angular_error=0.0493
[ INFO] [1774966941.400633017, 1164.501000000]: [Multi Floor Nav] POST_PASS: dt=1.600s, linear_error=0.1131, angular_error=0.2133
[ INFO] [1774966941.606672741, 1164.701000000]: [Multi Floor Nav] POST_PASS: dt=1.800s, linear_error=0.1596, angular_error=0.4511
[ INFO] [1774966960.744617556, 1183.502000000]: [Multi Floor Nav] Robot arrived at Goal
[ INFO] [1774966831.609195401, 1056.166000000]: global_costmap: Using plugin "static_layer"
[ INFO] [1774966831.613027429, 1056.170000000]: Requesting the map...
[ INFO] [1774966863.456105865, 1087.572000000]: Resizing costmap to 992 X 992 at 0.020000 m/pix
[ INFO] [1774966863.555763447, 1087.671000000]: Received a 992 X 992 map at 0.020000 m/pix
[ INFO] [1774966863.557937737, 1087.673000000]: global_costmap: Using plugin "obstacles_layer"
[ INFO] [1774966863.560913548, 1087.676000000]:     Subscribed to Topics: scan
[ INFO] [1774966863.570977052, 1087.686000000]: global_costmap: Using plugin "inflater_layer"
[ INFO] [1774966863.592400001, 1087.708000000]: local_costmap: Using plugin "obstacles_layer"
[ INFO] [1774966863.594846610, 1087.710000000]:     Subscribed to Topics: scan
[ INFO] [1774966863.602943258, 1087.718000000]: local_costmap: Using plugin "inflater_layer"
[ INFO] [1774966863.619158345, 1087.734000000]: Created local_planner base_local_planner/TrajectoryPlannerROS
[ INFO] [1774966863.624009797, 1087.739000000]: Sim period is set to 0.05
[ INFO] [1774966863.676795646, 1087.792000000]: Recovery behavior will clear layer 'obstacles'
[ INFO] [1774966863.680228790, 1087.795000000]: Recovery behavior will clear layer 'obstacles'
[ INFO] [1774966863.948269777, 1088.061000000]: odom received!
[ INFO] [1774966830.035420641, 1054.898000000]: Laser Plugin: Using the 'robotNamespace' param: '/'
[ INFO] [1774966830.035449277, 1054.898000000]: Starting Laser Plugin (ns = /)
[ INFO] [1774966830.036449155, 1054.898000000]: Laser Plugin (ns = /)  <tf_prefix_>, set to ""
[ INFO] [1774966830.140661801, 1054.898000000]: Loading gazebo_ros_control plugin
[ INFO] [1774966830.140722355, 1054.898000000]: Starting gazebo_ros_control plugin in namespace: /
[ INFO] [1774966830.141340958, 1054.898000000]: gazebo_ros_control plugin is waiting for model URDF in parameter [robot_description] on the ROS param server.
[ INFO] [1774966830.258885453, 1054.898000000]: Loaded gazebo_ros_control.
[ INFO] [1774966830.294243537, 1054.898000000]: Controller state will be published at 50Hz.
[ INFO] [1774966830.294851593, 1054.898000000]: Wheel separation will be multiplied by 1.5.
[ INFO] [1774966830.295237059, 1054.898000000]: Left wheel radius will be multiplied by 1.
[ INFO] [1774966830.295270724, 1054.898000000]: Right wheel radius will be multiplied by 1.
[ INFO] [1774966830.295507493, 1054.898000000]: Velocity rolling window size of 10.
[ INFO] [1774966830.295932839, 1054.898000000]: Velocity commands will be considered old if they are older than 0.25s.
[ INFO] [1774966830.296144814, 1054.898000000]: Allow mutiple cmd_vel publishers is enabled
[ INFO] [1774966830.296381373, 1054.898000000]: Base frame_id set to base_link
[ INFO] [1774966830.296589646, 1054.898000000]: Odometry frame_id set to odom
[ INFO] [1774966830.296997043, 1054.898000000]: Publishing to tf is disabled
[ INFO] [1774966830.305943424, 1054.898000000]: left wheel to origin: 0.131,0.187795, 0.0345
[ INFO] [1774966830.305971502, 1054.898000000]: right wheel to origin: 0.131,-0.187795, 0.0345
[ INFO] [1774966830.306003001, 1054.898000000]: Odometry params : wheel separation 0.563385, left wheel radius 0.098, right wheel radius 0.098
[ INFO] [1774966830.308015958, 1054.898000000]: Adding left wheel with joint name: front_left_wheel and right wheel with joint name: front_right_wheel
[ INFO] [1774966830.308063032, 1054.898000000]: Adding left wheel with joint name: rear_left_wheel and right wheel with joint name: rear_right_wheel
[ INFO] [1774966830.320539788, 1054.898000000]: Dynamic Reconfigure:
DynamicParams:
	Odometry parameters:
		left wheel radius multiplier: 1
		right wheel radius multiplier: 1
		wheel separation multiplier: 1.5
	Publication parameters:
		Publish executed velocity command: disabled
		Publication rate: 50
		Publish frame odom on tf: disabled

auto-starting new master
[1mprocess[master]: started with pid [71052][0m
[1mROS_MASTER_URI=http://localhost:11311[0m
]2;/home/eethanhe/catkin_ws/src/robot-multi-floor-navigation/multi_floor_nav/launch/nav.launch http://localhost:11311
[1msetting /run_id to c40006b8-2d0c-11f1-8422-679edff71d44[0m
[1mprocess[rosout-1]: started with pid [71077][0m
started core service [/rosout]
[1mprocess[gazebo-2]: started with pid [71084][0m
[1mprocess[robot_state_publisher-3]: started with pid [71087][0m
[1mprocess[controller_spawner-4]: started with pid [71090][0m
[1mprocess[ekf_localization-5]: started with pid [71091][0m
[1mprocess[twist_mux-6]: started with pid [71092][0m
[1mprocess[twist_marker_server-7]: started with pid [71097][0m
[1mprocess[urdf_spawner-8]: started with pid [71100][0m
[1mprocess[map_server0-9]: started with pid [71109][0m
[1mprocess[map_server1-10]: started with pid [71116][0m
[1mprocess[amcl-11]: started with pid [71117][0m
[1mprocess[move_base-12]: started with pid [71120][0m
[1mprocess[rviz-13]: started with pid [71127][0m
[1mprocess[change_map_node-14]: started with pid [71134][0m
[1mprocess[multi_floor_navigation_node-15]: started with pid [71160][0m
[1m[urdf_spawner-8] process has finished cleanly
log file: /home/eethanhe/.ros/log/c40006b8-2d0c-11f1-8422-679edff71d44/urdf_spawner-8*.log[0m
[multi_floor_navigation_node-15] killing on exit
[change_map_node-14] killing on exit
[rviz-13] killing on exit
[move_base-12] killing on exit
[amcl-11] killing on exit
[map_server1-10] killing on exit
[map_server0-9] killing on exit
[twist_marker_server-7] killing on exit
[twist_mux-6] killing on exit
[ekf_localization-5] killing on exit
[controller_spawner-4] killing on exit
[robot_state_publisher-3] killing on exit
[gazebo-2] killing on exit
[rosout-1] killing on exit
[master] killing on exit
shutting down processing monitor...
... shutting down processing monitor complete
[1mdone[0m
