xacro: in-order processing became default in ROS Melodic. You can drop the option.
... logging to /home/eethanhe/.ros/log/40b6de7c-2d15-11f1-8422-679edff71d44/roslaunch-eethanhe-Lenovo-Legion-R9000P2021H-119883.log
Checking log directory for disk usage. This may take a while.
Press Ctrl-C to interrupt
Done checking log file disk usage. Usage is <1GB.
]2;/home/eethanhe/catkin_ws/src/robot-multi-floor-navigation/multi_floor_nav/launch/nav.launch
[1mstarted roslaunch server http://eethanhe-Lenovo-Legion-R9000P2021H:35421/[0m

SUMMARY
========

PARAMETERS
 * /amcl/auto_update_noise: 0.0
 * /amcl/base_frame_id: base_link
 * /amcl/expected_laser_freq: 5.0
 * /amcl/first_map_only: False
 * /amcl/global_frame_id: map
 * /amcl/gui_publish_rate: 10.0
 * /amcl/initial_pose_a: 0.0
 * /amcl/initial_pose_x: 0.0
 * /amcl/initial_pose_y: 0.0
 * /amcl/kld_err: 0.05
 * /amcl/kld_z: 0.99
 * /amcl/laser_lambda_short: 0.1
 * /amcl/laser_likelihood_max_dist: 2.0
 * /amcl/laser_max_beams: 720
 * /amcl/laser_max_range: 30.0
 * /amcl/laser_min_range: 0.1
 * /amcl/laser_model_type: likelihood_field
 * /amcl/laser_sigma_hit: 0.2
 * /amcl/laser_z_hit: 0.5
 * /amcl/laser_z_max: 0.05
 * /amcl/laser_z_rand: 0.5
 * /amcl/laser_z_short: 0.05
 * /amcl/max_particles: 2000
 * /amcl/min_particles: 500
 * /amcl/odom_alpha1: 0.2
 * /amcl/odom_alpha2: 0.2
 * /amcl/odom_alpha3: 0.2
 * /amcl/odom_alpha4: 0.2
 * /amcl/odom_alpha5: 0.1
 * /amcl/odom_frame_id: odom
 * /amcl/odom_model_type: diff
 * /amcl/odom_update_interval: 0.1
 * /amcl/recovery_alpha_fast: 0.1
 * /amcl/recovery_alpha_slow: 0.001
 * /amcl/resample_interval: 1
 * /amcl/transform_tolerance: 1.0
 * /amcl/update_min_a: 0.3927
 * /amcl/update_min_d: 0.1
 * /amcl/use_map_topic: False
 * /ekf_localization/base_link_frame: base_link
 * /ekf_localization/frequency: 50
 * /ekf_localization/imu0: /imu/data
 * /ekf_localization/imu0_config: [False, False, Fa...
 * /ekf_localization/imu0_differential: False
 * /ekf_localization/odom0: /jackal_velocity_...
 * /ekf_localization/odom0_config: [False, False, Fa...
 * /ekf_localization/odom0_differential: False
 * /ekf_localization/odom_frame: odom
 * /ekf_localization/predict_to_current_time: True
 * /ekf_localization/world_frame: odom
 * /gazebo/enable_ros_network: True
 * /jackal_joint_publisher/publish_rate: 50
 * /jackal_joint_publisher/type: joint_state_contr...
 * /jackal_velocity_controller/angular/z/has_acceleration_limits: True
 * /jackal_velocity_controller/angular/z/has_velocity_limits: True
 * /jackal_velocity_controller/angular/z/max_acceleration: 25.0
 * /jackal_velocity_controller/angular/z/max_velocity: 4.0
 * /jackal_velocity_controller/cmd_vel_timeout: 0.25
 * /jackal_velocity_controller/enable_odom_tf: False
 * /jackal_velocity_controller/k_l: 0.1
 * /jackal_velocity_controller/k_r: 0.1
 * /jackal_velocity_controller/left_wheel: ['front_left_whee...
 * /jackal_velocity_controller/linear/x/has_acceleration_limits: True
 * /jackal_velocity_controller/linear/x/has_velocity_limits: True
 * /jackal_velocity_controller/linear/x/max_acceleration: 20.0
 * /jackal_velocity_controller/linear/x/max_velocity: 2.0
 * /jackal_velocity_controller/pose_covariance_diagonal: [0.001, 0.001, 10...
 * /jackal_velocity_controller/publish_cmd: True
 * /jackal_velocity_controller/publish_rate: 50
 * /jackal_velocity_controller/right_wheel: ['front_right_whe...
 * /jackal_velocity_controller/twist_covariance_diagonal: [0.001, 0.001, 0....
 * /jackal_velocity_controller/type: diff_drive_contro...
 * /jackal_velocity_controller/wheel_radius_multiplier: 1.0
 * /jackal_velocity_controller/wheel_separation_multiplier: 1.5
 * /move_base/NavfnROS/allow_unknown: True
 * /move_base/TrajectoryPlannerROS/acc_lim_theta: 20.0
 * /move_base/TrajectoryPlannerROS/acc_lim_x: 10.0
 * /move_base/TrajectoryPlannerROS/angular_sim_granularity: 0.02
 * /move_base/TrajectoryPlannerROS/controller_frequency: 20.0
 * /move_base/TrajectoryPlannerROS/dwa: True
 * /move_base/TrajectoryPlannerROS/escape_reset_dist: 0.1
 * /move_base/TrajectoryPlannerROS/escape_reset_theta: 0.1
 * /move_base/TrajectoryPlannerROS/escape_vel: -0.5
 * /move_base/TrajectoryPlannerROS/gdist_scale: 1.0
 * /move_base/TrajectoryPlannerROS/heading_lookahead: 0.325
 * /move_base/TrajectoryPlannerROS/heading_scoring: False
 * /move_base/TrajectoryPlannerROS/heading_scoring_timestep: 0.8
 * /move_base/TrajectoryPlannerROS/holonomic_robot: False
 * /move_base/TrajectoryPlannerROS/latch_xy_goal_tolerance: False
 * /move_base/TrajectoryPlannerROS/max_vel_theta: 1.57
 * /move_base/TrajectoryPlannerROS/max_vel_x: 0.5
 * /move_base/TrajectoryPlannerROS/meter_scoring: True
 * /move_base/TrajectoryPlannerROS/min_in_place_vel_theta: 0.314
 * /move_base/TrajectoryPlannerROS/min_vel_theta: -1.57
 * /move_base/TrajectoryPlannerROS/min_vel_x: 0.1
 * /move_base/TrajectoryPlannerROS/occdist_scale: 0.1
 * /move_base/TrajectoryPlannerROS/oscillation_reset_dist: 0.05
 * /move_base/TrajectoryPlannerROS/pdist_scale: 0.75
 * /move_base/TrajectoryPlannerROS/publish_cost_grid_pc: True
 * /move_base/TrajectoryPlannerROS/sim_granularity: 0.02
 * /move_base/TrajectoryPlannerROS/sim_time: 2.0
 * /move_base/TrajectoryPlannerROS/simple_attractor: False
 * /move_base/TrajectoryPlannerROS/vtheta_samples: 20
 * /move_base/TrajectoryPlannerROS/vx_samples: 6
 * /move_base/TrajectoryPlannerROS/xy_goal_tolerance: 0.25
 * /move_base/TrajectoryPlannerROS/yaw_goal_tolerance: 0.157
 * /move_base/base_global_planner: navfn/NavfnROS
 * /move_base/base_local_planner: base_local_planne...
 * /move_base/clearing_rotation_allowed: True
 * /move_base/controller_frequency: 20.0
 * /move_base/controller_patience: 15.0
 * /move_base/global_costmap/footprint: [[-0.21, -0.165],...
 * /move_base/global_costmap/footprint_padding: 0.1
 * /move_base/global_costmap/global_frame: map
 * /move_base/global_costmap/height: 40.0
 * /move_base/global_costmap/inflater_layer/inflation_radius: 0.3
 * /move_base/global_costmap/map_type: costmap
 * /move_base/global_costmap/meter_scoring: True
 * /move_base/global_costmap/obstacle_range: 2.5
 * /move_base/global_costmap/obstacles_layer/observation_sources: scan
 * /move_base/global_costmap/obstacles_layer/scan/clearing: True
 * /move_base/global_costmap/obstacles_layer/scan/data_type: LaserScan
 * /move_base/global_costmap/obstacles_layer/scan/marking: True
 * /move_base/global_costmap/obstacles_layer/scan/max_obstacle_height: 2.0
 * /move_base/global_costmap/obstacles_layer/scan/min_obstacle_height: -2.0
 * /move_base/global_costmap/obstacles_layer/scan/obstacle_range: 2.5
 * /move_base/global_costmap/obstacles_layer/scan/raytrace_range: 3.0
 * /move_base/global_costmap/obstacles_layer/scan/sensor_frame: front_laser
 * /move_base/global_costmap/obstacles_layer/scan/topic: front/scan
 * /move_base/global_costmap/origin_x: -20.0
 * /move_base/global_costmap/origin_y: -20.0
 * /move_base/global_costmap/origin_z: 0.0
 * /move_base/global_costmap/plugins: [{'name': 'static...
 * /move_base/global_costmap/publish_frequency: 5.0
 * /move_base/global_costmap/publish_voxel_map: False
 * /move_base/global_costmap/raytrace_range: 3.0
 * /move_base/global_costmap/resolution: 0.05
 * /move_base/global_costmap/robot_base_frame: base_link
 * /move_base/global_costmap/rolling_window: False
 * /move_base/global_costmap/static_map: True
 * /move_base/global_costmap/transform_tolerance: 0.5
 * /move_base/global_costmap/update_frequency: 20.0
 * /move_base/global_costmap/width: 40.0
 * /move_base/global_costmap/z_resolution: 1
 * /move_base/global_costmap/z_voxels: 2
 * /move_base/local_costmap/footprint: [[-0.21, -0.165],...
 * /move_base/local_costmap/footprint_padding: 0.1
 * /move_base/local_costmap/global_frame: map
 * /move_base/local_costmap/height: 10.0
 * /move_base/local_costmap/inflater_layer/inflation_radius: 0.3
 * /move_base/local_costmap/map_type: costmap
 * /move_base/local_costmap/meter_scoring: True
 * /move_base/local_costmap/obstacle_range: 2.5
 * /move_base/local_costmap/obstacles_layer/observation_sources: scan
 * /move_base/local_costmap/obstacles_layer/scan/clearing: True
 * /move_base/local_costmap/obstacles_layer/scan/data_type: LaserScan
 * /move_base/local_costmap/obstacles_layer/scan/marking: True
 * /move_base/local_costmap/obstacles_layer/scan/max_obstacle_height: 2.0
 * /move_base/local_costmap/obstacles_layer/scan/min_obstacle_height: -2.0
 * /move_base/local_costmap/obstacles_layer/scan/obstacle_range: 2.5
 * /move_base/local_costmap/obstacles_layer/scan/raytrace_range: 3.0
 * /move_base/local_costmap/obstacles_layer/scan/sensor_frame: front_laser
 * /move_base/local_costmap/obstacles_layer/scan/topic: front/scan
 * /move_base/local_costmap/origin_z: 0.0
 * /move_base/local_costmap/plugins: [{'name': 'obstac...
 * /move_base/local_costmap/publish_frequency: 5.0
 * /move_base/local_costmap/publish_voxel_map: False
 * /move_base/local_costmap/raytrace_range: 3.0
 * /move_base/local_costmap/resolution: 0.05
 * /move_base/local_costmap/robot_base_frame: base_link
 * /move_base/local_costmap/rolling_window: True
 * /move_base/local_costmap/static_map: False
 * /move_base/local_costmap/transform_tolerance: 0.5
 * /move_base/local_costmap/update_frequency: 20.0
 * /move_base/local_costmap/width: 10.0
 * /move_base/local_costmap/z_resolution: 1
 * /move_base/local_costmap/z_voxels: 2
 * /move_base/oscillation_distance: 0.5
 * /move_base/oscillation_timeout: 0.0
 * /move_base/planner_frequency: 20.0
 * /move_base/planner_patience: 5.0
 * /move_base/recovery_behavior_enabled: True
 * /move_base/shutdown_costmaps: False
 * /multi_floor_navigation_node/init_pose_offset_theta: 0.2
 * /multi_floor_navigation_node/init_pose_offset_x: 0.32
 * /multi_floor_navigation_node/init_pose_offset_y: 0.32
 * /multi_floor_navigation_node/region_init_backoff_factor: 1.3
 * /multi_floor_navigation_node/region_init_max_backoff: 2.0
 * /multi_floor_navigation_node/region_init_sigma_adaptive_alpha: 0.35
 * /multi_floor_navigation_node/region_init_sigma_min_scale: 0.03
 * /multi_floor_navigation_node/region_init_sigma_min_yaw: 0.02
 * /multi_floor_navigation_node/region_init_sigma_x: 0.15
 * /multi_floor_navigation_node/region_init_sigma_x_L0: 0.15
 * /multi_floor_navigation_node/region_init_sigma_x_L1: 0.2
 * /multi_floor_navigation_node/region_init_sigma_y: 0.15
 * /multi_floor_navigation_node/region_init_sigma_y_L0: 0.15
 * /multi_floor_navigation_node/region_init_sigma_y_L1: 0.2
 * /multi_floor_navigation_node/region_init_sigma_yaw: 0.1
 * /multi_floor_navigation_node/region_init_sigma_yaw_L0: 0.1
 * /multi_floor_navigation_node/region_init_sigma_yaw_L1: 0.12
 * /multi_floor_navigation_node/reloc_min_check_delay_L0: 6.0
 * /multi_floor_navigation_node/reloc_min_check_delay_L1: 12.0
 * /multi_floor_navigation_node/reloc_min_check_delay_sec: 6.0
 * /robot_description: <?xml version="1....
 * /rosdistro: noetic
 * /rosversion: 1.17.0
 * /twist_marker_server/link_name: base_link
 * /twist_mux/locks: [{'name': 'e_stop...
 * /twist_mux/topics: [{'name': 'joy', ...
 * /use_gui: True
 * /use_sim_time: True

NODES
  /
    amcl (amcl/amcl)
    change_map_node (multi_floor_nav/change_map_node)
    controller_spawner (controller_manager/spawner)
    ekf_localization (robot_localization/ekf_localization_node)
    gazebo (gazebo_ros/gzserver)
    map_server0 (map_server/map_server)
    map_server1 (map_server/map_server)
    move_base (move_base/move_base)
    multi_floor_navigation_node (multi_floor_nav/multi_floor_navigation_node)
    robot_state_publisher (robot_state_publisher/robot_state_publisher)
    rviz (rviz/rviz)
    twist_marker_server (interactive_marker_twist_server/marker_server)
    twist_mux (twist_mux/twist_mux)
    urdf_spawner (gazebo_ros/spawn_model)
[ INFO] [1774970474.109086421]: Finished loading Gazebo ROS API Plugin.
[ INFO] [1774970474.109896782]: waitForService: Service [/gazebo/set_physics_properties] has not been advertised, waiting...
[1;33mWarning [Model.cc:216][0m Non-unique name[door] detected 2 times in XML children of model with name[elevator].
[1;33mWarning [Model.cc:309][0m Joint with name [door] in model with name [elevator] has a name collision, changing joint name to [door_joint].
[ INFO] [1774970474.950520677]: waitForService: Service [/gazebo/set_physics_properties] is now available.
[ INFO] [1774970474.966944604]: Physics dynamic reconfigure ready.
[1;33mWarning [parser_urdf.cc:1161][0m multiple inconsistent <gravity> exists due to fixed joint reduction overwriting previous value [true] with [false].
[1;33mWarning [parser_urdf.cc:1161][0m multiple inconsistent <gravity> exists due to fixed joint reduction overwriting previous value [false] with [true].
[ERROR] [1774970475.736361810, 1055.088000000]: No p gain specified for pid.  Namespace: /gazebo_ros_control/pid_gains/front_left_wheel
[ERROR] [1774970475.736835329, 1055.088000000]: No p gain specified for pid.  Namespace: /gazebo_ros_control/pid_gains/front_right_wheel
[ERROR] [1774970475.737228951, 1055.088000000]: No p gain specified for pid.  Namespace: /gazebo_ros_control/pid_gains/rear_left_wheel
[ERROR] [1774970475.737590237, 1055.088000000]: No p gain specified for pid.  Namespace: /gazebo_ros_control/pid_gains/rear_right_wheel
[ WARN] [1774970475.777920603, 1055.089000000]: Failed to meet update rate! Took 1055.0889999999999418
[ WARN] [1774970475.778641288, 1055.090000000]: Failed to meet update rate! Took 1055.0699999999999363
[ WARN] [1774970475.778764766, 1055.090000000]: Timed out waiting for transform from base_link to map to become available before running costmap, tf error: canTransform: target_frame map does not exist.. canTransform returned after 1055.09 timeout was 0.1.
[ WARN] [1774970477.133685885, 1056.432000000]: global_costmap: Pre-Hydro parameter "static_map" unused since "plugins" is provided
[ WARN] [1774970477.133920479, 1056.432000000]: global_costmap: Pre-Hydro parameter "map_type" unused since "plugins" is provided
[ WARN] [1774970477.562863819, 1056.855000000]: Interactive marker 'robot_twist_marker' contains unnormalized quaternions. This warning will only be output once but may be true for others; enable DEBUG messages for ros.rviz.quaternions to see more details.
[ WARN] [1774970508.789843082, 1087.694000000]: [Multi Floor Nav] Initial pose perturbation applied: offset_x=0.32, offset_y=0.32, offset_theta=0.20
[ WARN] [1774970508.872923794, 1087.777000000]: local_costmap: Pre-Hydro parameter "static_map" unused since "plugins" is provided
[ WARN] [1774970508.873303867, 1087.778000000]: local_costmap: Pre-Hydro parameter "map_type" unused since "plugins" is provided
[ WARN] [1774970508.910828598, 1087.815000000]: Parameter pdist_scale is deprecated. Please use the name path_distance_bias instead.
[ WARN] [1774970508.911420078, 1087.816000000]: Parameter gdist_scale is deprecated. Please use the name goal_distance_bias instead.
[ WARN] [1774970515.062139384, 1093.896000000]: [Multi Floor Nav] Initial pose perturbation applied: offset_x=0.32, offset_y=0.32, offset_theta=0.20
[ WARN] [1774970515.062185199, 1093.896000000]: [Multi Floor Nav] Retry #1: sigma scaled by 1.300 ??? (0.195, 0.195, 0.117)
[ INFO] [1774970473.814529471]: [Multi Floor Nav] Module A sigma: L0=(0.150,0.150,0.100) L1=(0.200,0.200,0.120)
[ INFO] [1774970473.815504027]: [Multi Floor Nav] Module A delay: L0=6.0s  L1=12.0s  backoff: factor=1.30 max=2.00
[ INFO] [1774970508.703708728, 1087.609000000]: [Multi Floor Nav] Successfully loaded map for level: 0
[ INFO] [1774970508.789984509, 1087.694000000]: [Multi Floor Nav] Adaptive sigma: offset_planar=0.453, adaptive_scale=0.158, adaptive_yaw=0.090 ??? sigma(0.150, 0.150, 0.090)
[ INFO] [1774970508.790015029, 1087.694000000]: [Multi Floor Nav] Initializing Robot at x: 5.3, y: -0.2, yaw: 0.2 (level=0, sigma: x=0.150, y=0.150, yaw=0.090, retry=0)
[ INFO] [1774970508.790062870, 1087.694000000]: [Multi Floor Nav] Initializing Pose to x: 5.00, y: -0.50 at level: 0
[ INFO] [1774970509.802312827, 1088.697000000]: [Multi Floor Nav] Waiting for AMCL nomotion updates (1.0/6.0s, L0)...
[ INFO] [1774970510.812341923, 1089.697000000]: [Multi Floor Nav] Waiting for AMCL nomotion updates (2.0/6.0s, L0)...
[ INFO] [1774970512.020339117, 1090.896000000]: [Multi Floor Nav] Waiting for AMCL nomotion updates (3.2/6.0s, L0)...
[ INFO] [1774970513.031560604, 1091.896000000]: [Multi Floor Nav] Waiting for AMCL nomotion updates (4.2/6.0s, L0)...
[ INFO] [1774970514.046933279, 1092.897000000]: [Multi Floor Nav] Waiting for AMCL nomotion updates (5.2/6.0s, L0)...
[ INFO] [1774970514.860792678, 1093.698000000]: [Multi Floor Nav] Current Robot Pose, x: 5.29, y: -0.01, yaw: 0.15
[ INFO] [1774970514.860853159, 1093.698000000]: [Multi Floor Nav] Linear Error: 0.57, Angular Error: 0.15
[ INFO] [1774970514.860884588, 1093.698000000]: [Multi Floor Nav] Setting initial pose failed. Will Retry (retry #1)
[ INFO] [1774970515.062168996, 1093.896000000]: [Multi Floor Nav] Adaptive sigma: offset_planar=0.453, adaptive_scale=0.158, adaptive_yaw=0.090 ??? sigma(0.150, 0.150, 0.090)
[ INFO] [1774970515.062197212, 1093.896000000]: [Multi Floor Nav] Initializing Robot at x: 5.3, y: -0.2, yaw: 0.2 (level=0, sigma: x=0.195, y=0.195, yaw=0.117, retry=1)
[ INFO] [1774970515.062219910, 1093.896000000]: [Multi Floor Nav] Initializing Pose to x: 5.00, y: -0.50 at level: 0
[ INFO] [1774970516.081004998, 1094.900000000]: [Multi Floor Nav] Waiting for AMCL nomotion updates (1.0/6.0s, L0)...
[ INFO] [1774970517.292403715, 1096.098000000]: [Multi Floor Nav] Waiting for AMCL nomotion updates (2.2/6.0s, L0)...
[ INFO] [1774970518.306009216, 1097.100000000]: [Multi Floor Nav] Waiting for AMCL nomotion updates (3.2/6.0s, L0)...
[ INFO] [1774970519.319000261, 1098.100000000]: [Multi Floor Nav] Waiting for AMCL nomotion updates (4.2/6.0s, L0)...
[ INFO] [1774970520.533800638, 1099.300000000]: [Multi Floor Nav] Waiting for AMCL nomotion updates (5.4/6.0s, L0)...
[ INFO] [1774970521.139554858, 1099.899000000]: [Multi Floor Nav] Current Robot Pose, x: 5.10, y: -0.08, yaw: 0.14
[ INFO] [1774970521.139602978, 1099.899000000]: [Multi Floor Nav] Linear Error: 0.43, Angular Error: 0.14
[ INFO] [1774970521.139644953, 1099.899000000]: [Multi Floor Nav] Robot at correct pose
[ INFO] [1774970521.143090819, 1099.903000000]: [Multi Floor Nav] RELOC_PASS: linear_error=0.4330, angular_error=0.1402, linear_error_init=0.2391, angular_error_init=0.0598, tr_sigma=0.0731, C_t=0.9295
[ INFO] [1774970522.154278162, 1100.903000000]: [Multi Floor Nav] POST_PASS: dt=1.000s, linear_error=0.4219, angular_error=0.1418
[ INFO] [1774970522.154344022, 1100.903000000]: [Multi Floor Nav] Will send goal to x: 3, y: -0, at level: 0
[ INFO] [1774970522.154380828, 1100.903000000]: [Multi Floor Nav] Sending Robot to x: 3.0, y: -0.5, yaw: 3.1
[ INFO] [1774970522.355956263, 1101.103000000]: [Multi Floor Nav] POST_PASS: dt=1.200s, linear_error=0.4219, angular_error=0.1418
[ INFO] [1774970522.557840953, 1101.304000000]: [Multi Floor Nav] POST_PASS: dt=1.401s, linear_error=0.4219, angular_error=0.1418
[ INFO] [1774970522.760210407, 1101.504000000]: [Multi Floor Nav] POST_PASS: dt=1.601s, linear_error=0.4241, angular_error=0.2588
[ INFO] [1774970522.961096656, 1101.703000000]: [Multi Floor Nav] POST_PASS: [ WARN] [1774970580.261797176, 1158.306000000]: [Multi Floor Nav] Initial pose perturbation applied: offset_x=0.32, offset_y=0.32, offset_theta=0.20
[ WARN] [1774970592.653165929, 1170.509000000]: [Multi Floor Nav] Initial pose perturbation applied: offset_x=0.32, offset_y=0.32, offset_theta=0.20
[ WARN] [1774970592.653260912, 1170.509000000]: [Multi Floor Nav] Retry #1: sigma scaled by 1.300 ??? (0.206, 0.206, 0.117)
dt=1.800s, linear_error=0.4001, angular_error=0.6917
[ INFO] [1774970523.161882474, 1101.903000000]: [Multi Floor Nav] POST_PASS: dt=2.000s, linear_error=0.3275, angular_error=1.1217
[ INFO] [1774970542.809321728, 1121.303000000]: [Multi Floor Nav] Requesting Lift to Level 0
[ INFO] [1774970543.012299357, 1121.503000000]: [Multi Floor Nav] Entering Lift at Level 0
[ INFO] [1774970560.361272866, 1138.704000000]: [Multi Floor Nav] Requesting Lift to Level 1
[ INFO] [1774970567.453525134, 1145.704000000]: [Multi Floor Nav] Exiting Lift at Level 1
[ INFO] [1774970580.161953244, 1158.208000000]: [Multi Floor Nav] Successfully loaded map for level: 1
[ INFO] [1774970580.261829652, 1158.306000000]: [Multi Floor Nav] Adaptive sigma: offset_planar=0.453, adaptive_scale=0.158, adaptive_yaw=0.090 ??? sigma(0.158, 0.158, 0.090)
[ INFO] [1774970580.261852490, 1158.306000000]: [Multi Floor Nav] Initializing Robot at x: 3.3, y: -0.2, yaw: 3.3 (level=1, sigma: x=0.158, y=0.158, yaw=0.090, retry=0)
[ INFO] [1774970580.261881054, 1158.306000000]: [Multi Floor Nav] Initializing Pose to x: 3.00, y: -0.50 at level: 1
[ INFO] [1774970581.284433123, 1159.309000000]: [Multi Floor Nav] Waiting for AMCL nomotion updates (1.0/12.0s, L1)...
[ INFO] [1774970582.300807022, 1160.309000000]: [Multi Floor Nav] Waiting for AMCL nomotion updates (2.0/12.0s, L1)...
[ INFO] [1774970583.316334104, 1161.309000000]: [Multi Floor Nav] Waiting for AMCL nomotion updates (3.0/12.0s, L1)...
[ INFO] [1774970584.334550051, 1162.309000000]: [Multi Floor Nav] Waiting for AMCL nomotion updates (4.0/12.0s, L1)...
[ INFO] [1774970585.352299044, 1163.309000000]: [Multi Floor Nav] Waiting for AMCL nomotion updates (5.0/12.0s, L1)...
[ INFO] [1774970586.365423751, 1164.309000000]: [Multi Floor Nav] Waiting for AMCL nomotion updates (6.0/12.0s, L1)...
[ INFO] [1774970587.580970374, 1165.508000000]: [Multi Floor Nav] Waiting for AMCL nomotion updates (7.2/12.0s, L1)...
[ INFO] [1774970588.598165953, 1166.509000000]: [Multi Floor Nav] Waiting for AMCL nomotion updates (8.2/12.0s, L1)...
[ INFO] [1774970589.611285424, 1167.509000000]: [Multi Floor Nav] Waiting for AMCL nomotion updates (9.2/12.0s, L1)...
[ INFO] [1774970590.623909727, 1168.509000000]: [Multi Floor Nav] Waiting for AMCL nomotion updates (10.2/12.0s, L1)...
[ INFO] [1774970591.638068010, 1169.510000000]: [Multi Floor Nav] Waiting for AMCL nomotion updates (11.2/12.0s, L1)...
[ INFO] [1774970592.449190129, 1170.309000000]: [Multi Floor Nav] Current Robot Pose, x: 3.62, y: -0.66, yaw: 3.12
[ INFO] [1774970592.449207310, 1170.309000000]: [Multi Floor Nav] Linear Error: 0.64, Angular Error: 0.02
[ INFO] [1774970592.449214992, 1170.309000000]: [Multi Floor Nav] Setting initial pose failed. Will Retry (retry #1)
[ INFO] [1774970592.653234303, 1170.509000000]: [Multi Floor Nav] Adaptive sigma: offset_planar=0.453, adaptive_scale=0.158, adaptive_yaw=0.090 ??? sigma(0.158, 0.158, 0.090)
[ INFO] [1774970592.653293807, 1170.509000000]: [Multi Floor Nav] Initializing Robot at x: 3.3, y: -0.2, yaw: 3.3 (level=1, sigma: x=0.206, y=0.206, yaw=0.117, retry=1)
[ INFO] [1774970592.653379222, 1170.509000000]: [Multi Floor Nav] Initializing Pose to x: 3.00, y: -0.50 at level: 1
[ INFO] [1774970593.676406007, 1171.513000000]: [Multi Floor Nav] Waiting for AMCL nomotion updates (1.0/12.0s, L1)...
[ INFO] [1774970594.898870001, 1172.713000000]: [Multi Floor Nav] Waiting for AMCL nomotion updates (2.2/12.0s, L1)...
[ INFO] [1774970596.120386748, 1173.913000000]: [Multi Floor Nav] Waiting for AMCL nomotion updates (3.4/12.0s, L1)...
[ INFO] [1774970597.340272927, 1175.113000000]: [Multi Floor Nav] Waiting for AMCL nomotion updates (4.6/12.0s, L1)...
[ INFO] [1774970598.556849709, 1176.312000000]: [Multi Floor Nav] Waiting for AMCL nomotion updates (5.8/12.0s, L1)...
[ INFO] [1774970599.580735678, 1177.312000000]: [Multi Floor Nav] Waiting for AMCL nomotion updates (6.8/12.0s, L1)...
[ INFO] [1774970600.592835835, 1178.312000000]: [Multi Floor Nav] Waiting for AMCL nomotion updates (7.8/12.0s, L1)...
[ INFO] [1774970601.604161530, 1179.312000000]: [Multi Floor Nav] Waiting for AMCL nomotion updates (8.8/12.0s, L1)...
[ INFO] [1774970602.621425703, 1180.313000000]: [Multi Floor Nav] Waiting for AMCL nomotion updates (9.8/12.0s, L1)...
[ INFO] [1774970603.833932389, 1181.511000000]: [Multi Floor Nav] Waiting for AMCL nomotion updates (11.0/12.0s, L1)...
[ INFO] [1774970604.853533571, 1182.513000000]: [Multi Floor Nav] Current Robot Pose, x: 3.12, y: -0.51, yaw: 3.14
[ INFO] [1774970604.853580783, 1182.513000000]: [Multi Floor Nav] Linear Error: 0.12, Angular Error: 0.00
[ INFO] [1774970604.853602154, 1182.513000000]: [Multi Floor Nav] Robot at correct pose
[ INFO] [1774970604.856986770, 1182.516000000]: [Multi Floor Nav] RELOC_PASS: linear_error=0.1240, angular_error=0.0034, linear_error_init=0.3874, angular_error_init=0.2034, tr_sigma=0.0000, C_t=1.0000
[ INFO] [1774970605.872558708, 1183.516000000]: [Multi Floor Nav] POST_PASS: dt=1.000s, linear_error=0.1240, angular_error=0.0010
[ INFO] [1774970605.872592581, 1183.516000000]: [Multi Floor Nav] Will send goal to x: 4, y: 5, at level: 1
[ INFO] [1774970605.872613533, 1183.516000000]: [Multi Floor Nav] Sending Robot to x: 4.0, y: 5.0, yaw: 0.0
[ INFO] [1774970606.074710971, 1183.716000000]: [Multi Floor Nav] POST_PASS: dt=1.200s, linear_error=0.1240, angular_error=0.0010
[ INFO] [1774970606.277431458, 1183.917000000]: [Multi Floor Nav] POST_PASS: dt=1.401s, linear_error=0.1240, angular_error=0.0010
[ INFO] [1774970606.479156646, 1184.116000000]: [Multi Floor Nav] POST_PASS: dt=1.600s, linear_error=0.0140, angular_error=0.1990
[ INFO] [1774970606.682256856, 1184.316000000]: [Multi Floor Nav] POST_PASS: dt=1.800s, linear_error=0.1166, angular_error=0.5539
[ INFO] [1774970606.885261943, 1184.516000000]: [Multi Floor Nav] POST_PASS: dt=2.000s, linear_error=0.1166, angular_error=0.5539
[ INFO] [1774970625.659962812, 1202.916000000]: [Multi Floor Nav] Robot arrived at Goal
[ INFO] [1774970477.134382754, 1056.433000000]: global_costmap: Using plugin "static_layer"
[ INFO] [1774970477.138329656, 1056.437000000]: Requesting the map...
[ INFO] [1774970508.736011057, 1087.641000000]: Resizing costmap to 992 X 992 at 0.020000 m/pix
[ INFO] [1774970508.836218433, 1087.740000000]: Received a 992 X 992 map at 0.020000 m/pix
[ INFO] [1774970508.838187799, 1087.742000000]: global_costmap: Using plugin "obstacles_layer"
[ INFO] [1774970508.841307020, 1087.745000000]:     Subscribed to Topics: scan
[ INFO] [1774970508.850578152, 1087.755000000]: global_costmap: Using plugin "inflater_layer"
[ INFO] [1774970508.873777037, 1087.778000000]: local_costmap: Using plugin "obstacles_layer"
[ INFO] [1774970508.876325521, 1087.781000000]:     Subscribed to Topics: scan
[ INFO] [1774970508.885380495, 1087.790000000]: local_costmap: Using plugin "inflater_layer"
[ INFO] [1774970508.903160937, 1087.807000000]: Created local_planner base_local_planner/TrajectoryPlannerROS
[ INFO] [1774970508.908016675, 1087.812000000]: Sim period is set to 0.05
[ INFO] [1774970508.953080350, 1087.857000000]: Recovery behavior will clear layer 'obstacles'
[ INFO] [1774970508.956316904, 1087.861000000]: Recovery behavior will clear layer 'obstacles'
[ INFO] [1774970509.108840623, 1088.011000000]: odom received!

auto-starting new master
[1mprocess[master]: started with pid [119978][0m
[1mROS_MASTER_URI=http://localhost:11311[0m
]2;/home/eethanhe/catkin_ws/src/robot-multi-floor-navigation/multi_floor_nav/launch/nav.launch http://localhost:11311
[1msetting /run_id to 40b6de7c-2d15-11f1-8422-679edff71d44[0m
[1mprocess[rosout-1]: started with pid [120003][0m
started core service [/rosout]
[1mprocess[gazebo-2]: started with pid [120010][0m
[1mprocess[robot_state_publisher-3]: started with pid [120013][0m
[1mprocess[controller_spawner-4]: started with pid [120016][0m
[1mprocess[ekf_localization-5]: started with pid [120017][0m
[1mprocess[twist_mux-6]: started with pid [120018][0m
[1mprocess[twist_marker_server-7]: started with pid [120020][0m
[1mprocess[urdf_spawner-8]: started with pid [120025][0m
[1mprocess[map_server0-9]: started with pid [120031][0m
[1mprocess[map_server1-10]: started with pid [120041][0m
[1mprocess[amcl-11]: started with pid [120045][0m
[1mprocess[move_base-12]: started with pid [120047][0m
[1mprocess[rviz-13]: started with pid [120052][0m
[1mprocess[change_map_node-14]: started with pid [120064][0m
[1mprocess[multi_floor_navigation_node-15]: started with pid [120087][0m
[1m[urdf_spawner-8] process has finished cleanly
log file: /home/eethanhe/.ros/log/40b6de7c-2d15-11f1-8422-679edff71d44/urdf_spawner-8*.log[0m
[multi_floor_navigation_node-15] killing on exit
[change_map_node-14] killing on exit
[rviz-13] killing on exit
[move_base-12] killing on exit
[amcl-11] killing on exit
[map_server1-10] killing on exit
[map_server0-9] killing on exit
[twist_marker_server-7] killing on exit
[twist_mux-6] killing on exit
[ekf_localization-5] killing on exit
[controller_spawner-4] killing on exit
[robot_state_publisher-3] killing on exit
[gazebo-2] killing on exit
[rosout-1] killing on exit
[master] killing on exit
shutting down processing monitor...
... shutting down processing monitor complete
[1mdone[0m
