xacro: in-order processing became default in ROS Melodic. You can drop the option.
... logging to /home/eethanhe/.ros/log/becb6230-2c23-11f1-8d1e-01badb8e21cf/roslaunch-eethanhe-Lenovo-Legion-R9000P2021H-607472.log
Checking log directory for disk usage. This may take a while.
Press Ctrl-C to interrupt
Done checking log file disk usage. Usage is <1GB.
]2;/home/eethanhe/catkin_ws/src/robot-multi-floor-navigation/multi_floor_nav/launch/nav.launch
[1mstarted roslaunch server http://eethanhe-Lenovo-Legion-R9000P2021H:34343/[0m

SUMMARY
========

PARAMETERS
 * /amcl/auto_update_noise: 0.0
 * /amcl/base_frame_id: base_link
 * /amcl/expected_laser_freq: 5.0
 * /amcl/first_map_only: False
 * /amcl/global_frame_id: map
 * /amcl/gui_publish_rate: 10.0
 * /amcl/initial_pose_a: 0.0
 * /amcl/initial_pose_x: 0.0
 * /amcl/initial_pose_y: 0.0
 * /amcl/kld_err: 0.05
 * /amcl/kld_z: 0.99
 * /amcl/laser_lambda_short: 0.1
 * /amcl/laser_likelihood_max_dist: 2.0
 * /amcl/laser_max_beams: 720
 * /amcl/laser_max_range: 30.0
 * /amcl/laser_min_range: 0.1
 * /amcl/laser_model_type: likelihood_field
 * /amcl/laser_sigma_hit: 0.2
 * /amcl/laser_z_hit: 0.5
 * /amcl/laser_z_max: 0.05
 * /amcl/laser_z_rand: 0.5
 * /amcl/laser_z_short: 0.05
 * /amcl/max_particles: 2000
 * /amcl/min_particles: 500
 * /amcl/odom_alpha1: 0.2
 * /amcl/odom_alpha2: 0.2
 * /amcl/odom_alpha3: 0.2
 * /amcl/odom_alpha4: 0.2
 * /amcl/odom_alpha5: 0.1
 * /amcl/odom_frame_id: odom
 * /amcl/odom_model_type: diff
 * /amcl/odom_update_interval: 0.1
 * /amcl/recovery_alpha_fast: 0.1
 * /amcl/recovery_alpha_slow: 0.001
 * /amcl/resample_interval: 1
 * /amcl/transform_tolerance: 1.0
 * /amcl/update_min_a: 0.3927
 * /amcl/update_min_d: 0.1
 * /amcl/use_map_topic: False
 * /ekf_localization/base_link_frame: base_link
 * /ekf_localization/frequency: 50
 * /ekf_localization/imu0: /imu/data
 * /ekf_localization/imu0_config: [False, False, Fa...
 * /ekf_localization/imu0_differential: False
 * /ekf_localization/odom0: /jackal_velocity_...
 * /ekf_localization/odom0_config: [False, False, Fa...
 * /ekf_localization/odom0_differential: False
 * /ekf_localization/odom_frame: odom
 * /ekf_localization/predict_to_current_time: True
 * /ekf_localization/world_frame: odom
 * /gazebo/enable_ros_network: True
 * /jackal_joint_publisher/publish_rate: 50
 * /jackal_joint_publisher/type: joint_state_contr...
 * /jackal_velocity_controller/angular/z/has_acceleration_limits: True
 * /jackal_velocity_controller/angular/z/has_velocity_limits: True
 * /jackal_velocity_controller/angular/z/max_acceleration: 25.0
 * /jackal_velocity_controller/angular/z/max_velocity: 4.0
 * /jackal_velocity_controller/cmd_vel_timeout: 0.25
 * /jackal_velocity_controller/enable_odom_tf: False
 * /jackal_velocity_controller/k_l: 0.1
 * /jackal_velocity_controller/k_r: 0.1
 * /jackal_velocity_controller/left_wheel: ['front_left_whee...
 * /jackal_velocity_controller/linear/x/has_acceleration_limits: True
 * /jackal_velocity_controller/linear/x/has_velocity_limits: True
 * /jackal_velocity_controller/linear/x/max_acceleration: 20.0
 * /jackal_velocity_controller/linear/x/max_velocity: 2.0
 * /jackal_velocity_controller/pose_covariance_diagonal: [0.001, 0.001, 10...
 * /jackal_velocity_controller/publish_cmd: True
 * /jackal_velocity_controller/publish_rate: 50
 * /jackal_velocity_controller/right_wheel: ['front_right_whe...
 * /jackal_velocity_controller/twist_covariance_diagonal: [0.001, 0.001, 0....
 * /jackal_velocity_controller/type: diff_drive_contro...
 * /jackal_velocity_controller/wheel_radius_multiplier: 1.0
 * /jackal_velocity_controller/wheel_separation_multiplier: 1.5
 * /move_base/NavfnROS/allow_unknown: True
 * /move_base/TrajectoryPlannerROS/acc_lim_theta: 20.0
 * /move_base/TrajectoryPlannerROS/acc_lim_x: 10.0
 * /move_base/TrajectoryPlannerROS/angular_sim_granularity: 0.02
 * /move_base/TrajectoryPlannerROS/controller_frequency: 20.0
 * /move_base/TrajectoryPlannerROS/dwa: True
 * /move_base/TrajectoryPlannerROS/escape_reset_dist: 0.1
 * /move_base/TrajectoryPlannerROS/escape_reset_theta: 0.1
 * /move_base/TrajectoryPlannerROS/escape_vel: -0.5
 * /move_base/TrajectoryPlannerROS/gdist_scale: 1.0
 * /move_base/TrajectoryPlannerROS/heading_lookahead: 0.325
 * /move_base/TrajectoryPlannerROS/heading_scoring: False
 * /move_base/TrajectoryPlannerROS/heading_scoring_timestep: 0.8
 * /move_base/TrajectoryPlannerROS/holonomic_robot: False
 * /move_base/TrajectoryPlannerROS/latch_xy_goal_tolerance: False
 * /move_base/TrajectoryPlannerROS/max_vel_theta: 1.57
 * /move_base/TrajectoryPlannerROS/max_vel_x: 0.5
 * /move_base/TrajectoryPlannerROS/meter_scoring: True
 * /move_base/TrajectoryPlannerROS/min_in_place_vel_theta: 0.314
 * /move_base/TrajectoryPlannerROS/min_vel_theta: -1.57
 * /move_base/TrajectoryPlannerROS/min_vel_x: 0.1
 * /move_base/TrajectoryPlannerROS/occdist_scale: 0.1
 * /move_base/TrajectoryPlannerROS/oscillation_reset_dist: 0.05
 * /move_base/TrajectoryPlannerROS/pdist_scale: 0.75
 * /move_base/TrajectoryPlannerROS/publish_cost_grid_pc: True
 * /move_base/TrajectoryPlannerROS/sim_granularity: 0.02
 * /move_base/TrajectoryPlannerROS/sim_time: 2.0
 * /move_base/TrajectoryPlannerROS/simple_attractor: False
 * /move_base/TrajectoryPlannerROS/vtheta_samples: 20
 * /move_base/TrajectoryPlannerROS/vx_samples: 6
 * /move_base/TrajectoryPlannerROS/xy_goal_tolerance: 0.25
 * /move_base/TrajectoryPlannerROS/yaw_goal_tolerance: 0.157
 * /move_base/base_global_planner: navfn/NavfnROS
 * /move_base/base_local_planner: base_local_planne...
 * /move_base/clearing_rotation_allowed: True
 * /move_base/controller_frequency: 20.0
 * /move_base/controller_patience: 15.0
 * /move_base/global_costmap/footprint: [[-0.21, -0.165],...
 * /move_base/global_costmap/footprint_padding: 0.1
 * /move_base/global_costmap/global_frame: map
 * /move_base/global_costmap/height: 40.0
 * /move_base/global_costmap/inflater_layer/inflation_radius: 0.3
 * /move_base/global_costmap/map_type: costmap
 * /move_base/global_costmap/meter_scoring: True
 * /move_base/global_costmap/obstacle_range: 2.5
 * /move_base/global_costmap/obstacles_layer/observation_sources: scan
 * /move_base/global_costmap/obstacles_layer/scan/clearing: True
 * /move_base/global_costmap/obstacles_layer/scan/data_type: LaserScan
 * /move_base/global_costmap/obstacles_layer/scan/marking: True
 * /move_base/global_costmap/obstacles_layer/scan/max_obstacle_height: 2.0
 * /move_base/global_costmap/obstacles_layer/scan/min_obstacle_height: -2.0
 * /move_base/global_costmap/obstacles_layer/scan/obstacle_range: 2.5
 * /move_base/global_costmap/obstacles_layer/scan/raytrace_range: 3.0
 * /move_base/global_costmap/obstacles_layer/scan/sensor_frame: front_laser
 * /move_base/global_costmap/obstacles_layer/scan/topic: front/scan
 * /move_base/global_costmap/origin_x: -20.0
 * /move_base/global_costmap/origin_y: -20.0
 * /move_base/global_costmap/origin_z: 0.0
 * /move_base/global_costmap/plugins: [{'name': 'static...
 * /move_base/global_costmap/publish_frequency: 5.0
 * /move_base/global_costmap/publish_voxel_map: False
 * /move_base/global_costmap/raytrace_range: 3.0
 * /move_base/global_costmap/resolution: 0.05
 * /move_base/global_costmap/robot_base_frame: base_link
 * /move_base/global_costmap/rolling_window: False
 * /move_base/global_costmap/static_map: True
 * /move_base/global_costmap/transform_tolerance: 0.5
 * /move_base/global_costmap/update_frequency: 20.0
 * /move_base/global_costmap/width: 40.0
 * /move_base/global_costmap/z_resolution: 1
 * /move_base/global_costmap/z_voxels: 2
 * /move_base/local_costmap/footprint: [[-0.21, -0.165],...
 * /move_base/local_costmap/footprint_padding: 0.1
 * /move_base/local_costmap/global_frame: map
 * /move_base/local_costmap/height: 10.0
 * /move_base/local_costmap/inflater_layer/inflation_radius: 0.3
 * /move_base/local_costmap/map_type: costmap
 * /move_base/local_costmap/meter_scoring: True
 * /move_base/local_costmap/obstacle_range: 2.5
 * /move_base/local_costmap/obstacles_layer/observation_sources: scan
 * /move_base/local_costmap/obstacles_layer/scan/clearing: True
 * /move_base/local_costmap/obstacles_layer/scan/data_type: LaserScan
 * /move_base/local_costmap/obstacles_layer/scan/marking: True
 * /move_base/local_costmap/obstacles_layer/scan/max_obstacle_height: 2.0
 * /move_base/local_costmap/obstacles_layer/scan/min_obstacle_height: -2.0
 * /move_base/local_costmap/obstacles_layer/scan/obstacle_range: 2.5
 * /move_base/local_costmap/obstacles_layer/scan/raytrace_range: 3.0
 * /move_base/local_costmap/obstacles_layer/scan/sensor_frame: front_laser
 * /move_base/local_costmap/obstacles_layer/scan/topic: front/scan
 * /move_base/local_costmap/origin_z: 0.0
 * /move_base/local_costmap/plugins: [{'name': 'obstac...
 * /move_base/local_costmap/publish_frequency: 5.0
 * /move_base/local_costmap/publish_voxel_map: False
 * /move_base/local_costmap/raytrace_range: 3.0
 * /move_base/local_costmap/resolution: 0.05
 * /move_base/local_costmap/robot_base_frame: base_link
 * /move_base/local_costmap/rolling_window: True
 * /move_base/local_costmap/static_map: False
 * /move_base/local_costmap/transform_tolerance: 0.5
 * /move_base/local_costmap/update_frequency: 20.0
 * /move_base/local_costmap/width: 10.0
 * /move_base/local_costmap/z_resolution: 1
 * /move_base/local_costmap/z_voxels: 2
 * /move_base/oscillation_distance: 0.5
 * /move_base/oscillation_timeout: 0.0
 * /move_base/planner_frequency: 20.0
 * /move_base/planner_patience: 5.0
 * /move_base/recovery_behavior_enabled: True
 * /move_base/shutdown_costmaps: False
 * /multi_floor_navigation_node/init_pose_offset_theta: 0.15
 * /multi_floor_navigation_node/init_pose_offset_x: 0.25
 * /multi_floor_navigation_node/init_pose_offset_y: 0.25
 * /multi_floor_navigation_node/region_init_backoff_factor: 1.3
 * /multi_floor_navigation_node/region_init_max_backoff: 2.0
 * /multi_floor_navigation_node/region_init_sigma_adaptive_alpha: 0.35
 * /multi_floor_navigation_node/region_init_sigma_min_scale: 0.03
 * /multi_floor_navigation_node/region_init_sigma_min_yaw: 0.02
 * /multi_floor_navigation_node/region_init_sigma_x: 0.15
 * /multi_floor_navigation_node/region_init_sigma_x_L0: 0.15
 * /multi_floor_navigation_node/region_init_sigma_x_L1: 0.2
 * /multi_floor_navigation_node/region_init_sigma_y: 0.15
 * /multi_floor_navigation_node/region_init_sigma_y_L0: 0.15
 * /multi_floor_navigation_node/region_init_sigma_y_L1: 0.2
 * /multi_floor_navigation_node/region_init_sigma_yaw: 0.1
 * /multi_floor_navigation_node/region_init_sigma_yaw_L0: 0.1
 * /multi_floor_navigation_node/region_init_sigma_yaw_L1: 0.12
 * /multi_floor_navigation_node/reloc_confidence_K: 3
 * /multi_floor_navigation_node/reloc_confidence_lambda: 20.0
 * /multi_floor_navigation_node/reloc_confidence_tau: 0.85
 * /multi_floor_navigation_node/reloc_min_check_delay_L0: 6.0
 * /multi_floor_navigation_node/reloc_min_check_delay_L1: 12.0
 * /multi_floor_navigation_node/reloc_min_check_delay_sec: 6.0
 * /multi_floor_navigation_node/use_covariance_reloc: True
 * /robot_description: <?xml version="1....
 * /rosdistro: noetic
 * /rosversion: 1.17.0
 * /twist_marker_server/link_name: base_link
 * /twist_mux/locks: [{'name': 'e_stop...
 * /twist_mux/topics: [{'name': 'joy', ...
 * /use_gui: True
 * /use_sim_time: True

NODES
  /
    amcl (amcl/amcl)
    change_map_node (multi_floor_nav/change_map_node)
    controller_spawner (controller_manager/spawner)
    ekf_localization (robot_localization/ekf_localization_node)
    gazebo (gazebo_ros/gzserver)
    map_server0 (map_server/map_server)
    map_server1 (map_server/map_server)
    move_base (move_base/move_base)
    multi_floor_navigation_node (multi_floor_nav/multi_floor_navigation_node)
    robot_state_publisher (robot_state_publisher/robot_state_publisher)
    rviz (rviz/rviz)
    twist_marker_server (interactive_marker_twist_server/marker_server)
    twist_mux (twist_mux/twist_mux)
    urdf_spawner (gazebo_ros/spawn_model)
[ INFO] [1774866747.423427161]: Finished loading Gazebo ROS API Plugin.
[ INFO] [1774866747.424929022]: waitForService: Service [/gazebo/set_physics_properties] has not been advertised, waiting...
[1;33mWarning [Model.cc:216][0m Non-unique name[door] detected 2 times in XML children of model with name[elevator].
[1;33mWarning [Model.cc:309][0m Joint with name [door] in model with name [elevator] has a name collision, changing joint name to [door_joint].
[ INFO] [1774866748.408790302]: waitForService: Service [/gazebo/set_physics_properties] is now available.
[ INFO] [1774866748.423444546]: Physics dynamic reconfigure ready.
[1;33mWarning [parser_urdf.cc:1161][0m multiple inconsistent <gravity> exists due to fixed joint reduction overwriting previous value [true] with [false].
[1;33mWarning [parser_urdf.cc:1161][0m multiple inconsistent <gravity> exists due to fixed joint reduction overwriting previous value [false] with [true].
[ERROR] [1774866749.003092210, 1054.888000000]: No p gain specified for pid.  Namespace: /gazebo_ros_control/pid_gains/front_left_wheel
[ERROR] [1774866749.003505529, 1054.888000000]: No p gain specified for pid.  Namespace: /gazebo_ros_control/pid_gains/front_right_wheel
[ERROR] [1774866749.003878689, 1054.888000000]: No p gain specified for pid.  Namespace: /gazebo_ros_control/pid_gains/rear_left_wheel
[ERROR] [1774866749.004216440, 1054.888000000]: No p gain specified for pid.  Namespace: /gazebo_ros_control/pid_gains/rear_right_wheel
[ WARN] [1774866749.060672397, 1054.889000000]: Failed to meet update rate! Took 1054.8889999999998963
[ WARN] [1774866749.061346991, 1054.889000000]: Failed to meet update rate! Took 1054.8689999999999145
[ WARN] [1774866749.442756409]: Interactive marker 'robot_twist_marker' contains unnormalized quaternions. This warning will only be output once but may be true for others; enable DEBUG messages for ros.rviz.quaternions to see more details.
[ WARN] [1774866749.793499071, 1055.613000000]: Timed out waiting for transform from base_link to map to become available before running costmap, tf error: Lookup would require extrapolation 0.520000000s into the past.  Requested time 1055.609000000 but the earliest data is at time 1056.129000000, when looking up transform from frame [base_link] to frame [map]. canTransform returned after 1055.61 timeout was 0.1.
[ WARN] [1774866750.320592025, 1056.131000000]: global_costmap: Pre-Hydro parameter "static_map" unused since "plugins" is provided
[ WARN] [1774866750.320796240, 1056.131000000]: global_costmap: Pre-Hydro parameter "map_type" unused since "plugins" is provided
[ WARN] [1774866782.123939348, 1087.490000000]: [Multi Floor Nav] Initial pose perturbation applied: offset_x=0.25, offset_y=0.25, offset_theta=0.15
[ WARN] [1774866782.325819589, 1087.691000000]: local_costmap: Pre-Hydro parameter "static_map" unused since "plugins" is provided
[ WARN] [1774866782.326094343, 1087.691000000]: local_costmap: Pre-Hydro parameter "map_type" unused since "plugins" is provided
[ WARN] [1774866782.362086962, 1087.727000000]: Parameter pdist_scale is deprecated. Please use the name path_distance_bias instead.
[ WARN] [1774866782.362623970, 1087.727000000]: Parameter gdist_scale is deprecated. Please use the name goal_distance_bias instead.
[ WARN] [1774866783.156889118, 1088.514000000]: The origin for the sensor at (0.21, 0.22) is out of map bounds. So, the costmap cannot raytrace for it.
[ INFO] [1774866747.123082938]: [Multi Floor Nav] Module C: covariance reloc criterion enabled (lambda=20.00, tau=0.85, K=3, post_monitor=2.0s, min_delay=6.0s)
[ INFO] [1774866747.137220848]: [Multi Floor Nav] Module A sigma: L0=(0.150,0.150,0.100) L1=(0.200,0.200,0.120)
[ INFO] [1774866747.137256187]: [Multi Floor Nav] Module A delay: L0=6.0s  L1=12.0s  backoff: factor=1.30 max=2.00
[ INFO] [1774866782.105463754, 1087.472000000]: [Multi Floor Nav] Successfully loaded map for level: 0
[ INFO] [1774866782.124002344, 1087.490000000]: [Multi Floor Nav] Adaptive sigma: offset_planar=0.354, adaptive_scale=0.124, adaptive_yaw=0.072 ??? sigma(0.124, 0.124, 0.072)
[ INFO] [1774866782.124015963, 1087.490000000]: [Multi Floor Nav] Initializing Robot at x: 5.2, y: -0.2, yaw: 0.1 (level=0, sigma: x=0.124, y=0.124, yaw=0.072, retry=0)
[ INFO] [1774866782.124036636, 1087.490000000]: [Multi Floor Nav] Initializing Pose to x: 5.00, y: -0.50 at level: 0
[ INFO] [1774866783.136211788, 1088.494000000]: [Multi Floor Nav] Waiting for AMCL nomotion updates (1.0/6.0s, L0)...
[ INFO] [1774866784.347414106, 1089.694000000]: [Multi Floor Nav] Waiting for AMCL nomotion updates (2.2/6.0s, L0)...
[ INFO] [1774866785.557279179, 1090.892000000]: [Multi Floor Nav] Waiting for AMCL nomotion updates (3.4/6.0s, L0)...
[ INFO] [1774866786.570729207, 1091.894000000]: [Multi Floor Nav] Waiting for AMCL nomotion updates (4.4/6.0s, L0)...
[ INFO] [1774866787.782707807, 1093.092000000]: [Multi Floor Nav] Waiting for AMCL nomotion updates (5.6/6.0s, L0)...
[ INFO] [1774866788.186675857, 1093.492000000]: [Multi Floor Nav] Current Robot Pose, x: 5.14, y: -0.03, yaw: 0.10
[ INFO] [1774866788.186698834, 1093.492000000]: [Multi Floor Nav] Linear Error: 0.49, Angular Error: 0.10
[ INFO] [1774866788.186713501, 1093.492000000]: [Multi Floor Nav] Module C: tr(??)=0.0182, C_t=0.6942 (tau=0.85), frame_ok=0
[ INFO] [1774866788.391525247, 1093.693000000]: [Multi Floor Nav] Current Robot Pose, x: 5.14, y: -0.03, yaw: 0.10
[ INFO] [1774866788.391582377, 1093.693000000]: [Multi Floor Nav] Linear Error: 0.49, Angular Error: 0.10
[ INFO] [1774866788.391612409, 1093.693000000]: [Multi Floor Nav] Module C: tr(??)=0.0185, C_t=0.6901 (tau=0.85), frame_ok=0
[ INFO] [1774866788.591406919, 1093.892000000]: [Multi Floor Nav] Current Robot Pose, x: 5.14, y: -0.03, yaw: 0.10
[ INFO] [1774866788.591424170, 1093.892000000]: [Multi Floor Nav] Linear Error: 0.49, Angular Error: 0.10
[ INFO] [1774866788.591434716, 1093.892000000]: [Multi Floor Nav] Module C: tr(??)=0.0178, C_t=0.7000 (tau=0.85), frame_ok=0
[ INFO] [1774866788.793201745, 1094.092000000]: [Multi Floor Nav] Current Robot Pose, x: 5.15, y: -0.03, yaw: 0.10
[ INFO] [1774866788.793235059, 1094.092000000]: [Multi Floor Nav] Linear Error: 0.49, Angular Error: 0.10
[ INFO] [1774866788.793255173, 1094.092000000]: [Multi Floor Nav] Module C: tr(??)=0.0174, C_t=0.7054 (tau=0.85), frame_ok=0
[ INFO] [1774866788.996357422, 1094.294000000]: [Multi Floor Nav] Current Robot Pose, x: 5.14, y: -0.03, yaw: 0.10
[ INFO] [1774866788.996406450, 1094.294000000]: [Multi Floor Nav] Linear Error: 0.49, Angular Error: 0.10
[ INFO] [1774866788.996434945, 1094.294000000]: [Multi Floor Nav] Module C: tr(??)=0.0180, C_t=0.6981 (tau=0.85), frame_ok=0
[ INFO] [1774866789.196018116, 1094.493000000]: [Multi Floor Nav] Current Robot Pose, x: 5.13, y: -0.03, yaw: 0.10
[ INFO] [1774866789.196038859, 1094.493000000]: [Multi Floor Nav] Linear Error: 0.48, Angular Error: 0.10
[ INFO] [1774866789.196050592, 1094.493000000]: [Multi Floor Nav] Module C: tr(??)=0.0201, C_t=0.6688 (tau=0.85), frame_ok=0
[ INFO] [1774866789.399415094, 1094.694000000]: [Multi Floor Nav] Current Robot Pose, x: 5.12, y: -0.03, yaw: 0.09
[ INFO] [1774866789.399471456, 1094.694000000]: [Multi Floor Nav] Linear Error: 0.48, Angular Error: 0.09
[ INFO] [1774866789.399513360, 1094.694000000]: [Multi Floor Nav] Module C: tr(??)=0.0215, C_t=0.6502 (tau=0.85), frame_ok=0
[ INFO] [1774866789.601335913, 1094.894000000]: [Multi Floor Nav] Current Robot Pose, x: 5.10, y: -0.03, yaw: 0.09
[ INFO] [1774866789.601389970, 1094.894000000]: [Multi Floor Nav] Linear Error: 0.48, Angular Error: 0.09
[ INFO] [1774866789.601429430, 1094.894000000]: [Multi Floor Nav] Module C: tr(??)=0.0211, C_t=0.6559 (tau=0.85), frame_ok=0
[ INFO] [1774866789.802077746, 1095.093000000]: [Multi Floor Nav] Current Robot Pose, x: 5.09, y: -0.03, yaw: 0.09
[ INFO] [1774866789.802097720, 1095.093000000]: [Multi Floor Nav] Linear Error: 0.48, Angular Error: 0.09
[ INFO] [1774866789.802121117, 1095.093000000]: [Multi Floor Nav] Module C: tr(??)=0.0207, C_t=0.6617 (tau=0.85), frame_ok=0
[ INFO] [1774866790.005169868, 1095.293000000]: [Multi Floor Nav] Current Robot Pose, x: 5.09, y: -0.03, yaw: 0.09
[ INFO] [1774866790.005238661, 1095.293000000]: [Multi Floor Nav] Linear Error: 0.47, Angular Error: 0.09
[ INFO] [1774866790.005285524, 1095.293000000]: [Multi Floor Nav] Module C: tr(??)=0.0204, C_t=0.6653 (tau=0.85), frame_ok=0
[ INFO] [1774866790.207277092, 1095.493000000]: [Multi Floor Nav] Current Robot Pose, x: 5.08, y: -0.03, yaw: 0.08
[ INFO] [1774866790.207336177, 1095.493000000]: [Multi Floor Nav] Linear Error: 0.47, Angular Error: 0.08
[ INFO] [1774866790.207393517, 1095.493000000]: [Multi Floor Nav] Module C: tr(??)=0.0200, C_t=0.6702 (tau=0.85), frame_ok=0
[ INFO] [1774866790.408651894, 1095.694000000]: [Multi Floor Nav] Current Robot Pose, x: 5.07, y: -0.03, yaw: 0.08
[ INFO] [1774866790.408674871, 1095.694000000]: [Multi Floor Nav] Linear Error: 0.47, Angular Error: 0.08
[ INFO] [1774866790.408686185, 1095.694000000]: [Multi Floor Nav] Module C: tr(??)=0.0210, C_t=0.6576 (tau=0.85), frame_ok=0
[ INFO] [1774866790.609822341, 1095.893000000]: [Multi Floor Nav] Current Robot Pose, x: 5.05, y: -0.04, yaw: 0.07
[ INFO] [1774866790.609870391, 1095.893000000]: [Multi Floor Nav] Linear Error: 0.47, Angular Error: 0.07
[ INFO] [1774866790.609898677, 1095.893000000]: [Multi Floor Nav] Module C: tr(??)=0.0200, C_t=0.6705 (tau=0.85), frame_ok=0
[ INFO] [1774866790.811280323, 1096.093000000]: [Multi Floor Nav] Current Robot Pose, x: 5.04, y: -0.04, yaw: 0.07
[ INFO] [1774866790.811301345, 1096.093000000]: [Multi Floor Nav] Linear Error: 0.47, Angular Error: 0.07
[ INFO] [1774866790.811313218, 1096.093000000]: [Multi Floor Nav] Module C: tr(??)=0.0186, C_t=0.6896 (tau=0.85), frame_ok=0
[ INFO] [1774866791.015628954, 1096.294000000]: [Multi Floor Nav] Current Robot Pose, x: 5.03, y: -0.04, yaw: 0.07
[ INFO] [1774866791.015691462, 1096.294000000]: [Multi Floor Nav] Linear Error: 0.46, Angular Error: 0.07
[ INFO] [1774866791.015721982, 1096.294000000]: [Multi Floor Nav] Module C: tr(??)=0.0182, C_t=0.6953 (tau=0.85), frame_ok=0
[ INFO] [1774866791.215901805, 1096.491000000]: [Multi Floor Nav] Current Robot Pose, x: 5.02, y: -0.04, yaw: 0.06
[ INFO] [1774866791.215924363, 1096.491000000]: [Multi Floor Nav] Linear Error: 0.46, Angular Error: 0.06
[ INFO] [1774866791.215934909, 1096.491000000]: [Multi Floor Nav] Module C: tr(??)=0.0162, C_t=0.7235 (tau=0.85), frame_ok=0
[ INFO] [1774866791.417677494, 1096.692000000]: [Multi Floor Nav] Current Robot Pose, x: 5.01, y: -0.04, yaw: 0.06
[ INFO] [1774866791.417697119, 1096.692000000]: [Multi Floor Nav] Linear Error: 0.46, Angular Error: 0.06
[ INFO] [1774866791.417708992, 1096.692000000]: [Multi Floor Nav] Module C: tr(??)=0.0142, C_t=0.7522 (tau=0.85), frame_ok=0
[ INFO] [1774866791.621496171, 1096.892000000]: [Multi Floor Nav] Current Robot Pose, x: 5.00, y: -0.04, yaw: 0.06
[ INFO] [1774866791.621516146, 1096.892000000]: [Multi Floor Nav] Linear Error: 0.46, Angular Error: 0.06
[ INFO] [1774866791.621531999, 1096.892000000]: [Multi Floor Nav] Module C: tr(??)=0.0129, C_t=0.7725 (tau=0.85), frame_ok=0
[ INFO] [1774866791.822393470, 1097.092000000]: [Multi Floor Nav] Current Robot Pose, x: 5.00, y: -0.04, yaw: 0.06
[ INFO] [1774866791.822415749, 1097.092000000]: [Multi Floor Nav] Linear Error: 0.46, Angular Error: 0.06
[ INFO] [1774866791.822427832, 1097.092000000]: [Multi Floor Nav] Module C: tr(??)=0.0125, C_t=0.7789 (tau=0.85), frame_ok=0
[ INFO] [1774866792.026218154, 1097.294000000]: [Multi Floor Nav] Current Robot Pose, x: 5.00, y: -0.04, yaw: 0.06
[ INFO] [1774866792.026294141, 1097.294000000]: [Multi Floor Nav] Linear Error: 0.46, Angular Error: 0.06
[ INFO] [1774866792.026331785, 1097.294000000]: [Multi Floor Nav] Module C: tr(??)=0.0121, C_t=0.7851 (tau=0.85), frame_ok=0
[ INFO] [1774866792.226954120, 1097.493000000]: [Multi Floor Nav] Current Robot Pose, x: 5.00, y: -0.04, yaw: 0.06
[ INFO] [1774866792.227013205, 1097.493000000]: [Multi Floor Nav] Linear Error: 0.46, Angular Error: 0.06
[ INFO] [1774866792.227074526, 1097.493000000]: [Multi Floor Nav] Module C: tr(??)=0.0120, C_t=0.7858 (tau=0.85), frame_ok=0
[ INFO] [1774866792.428004371, 1097.692000000]: [Multi Floor Nav] Current Robot Pose, x: 4.99, y: -0.04, yaw: 0.05
[ INFO] [1774866792.428023996, 1097.692000000]: [Multi Floor Nav] Linear Error: 0.46, Angular Error: 0.05
[ INFO] [1774866792.428035380, 1097.692000000]: [Multi Floor Nav] Module C: tr(??)=0.0101, C_t=0.8170 (tau=0.85), frame_ok=0
[ INFO] [1774866792.632218488, 1097.894000000]: [Multi Floor Nav] Current Robot Pose, x: 4.98, y: -0.04, yaw: 0.05
[ INFO] [1774866792.632276037, 1097.894000000]: [Multi Floor Nav] Linear Error: 0.46, Angular Error: 0.05
[ INFO] [1774866792.632327230, 1097.894000000]: [Multi Floor Nav] Module C: tr(??)=0.0090, C_t=0.8347 (tau=0.85), frame_ok=0
[ INFO] [1774866792.833193939, 1098.093000000]: [Multi Floor Nav] Current Robot Pose, x: 4.97, y: -0.04, yaw: 0.05
[ INFO] [1774866792.833239824, 1098.093000000]: [Multi Floor Nav] Linear Error: 0.46, Angular Error: 0.05
[ INFO] [1774866792.833270345, 1098.093000000]: [Multi Floor Nav] Module C: tr(??)=0.0063, C_t=0.8823 (tau=0.85), frame_ok=1
[ INFO] [1774866793.034966485, 1098.292000000]: [Multi Floor Nav] Current Robot Pose, x: 4.96, y: -0.04, yaw: 0.05
[ INFO] [1774866793.034986389, 1098.292000000]: [Multi Floor Nav] Linear Error: 0.46, Angular Error: 0.05
[ INFO] [1774866793.034997983, 1098.292000000]: [Multi Floor Nav] Module C: tr(??)=0.0046, C_t=0.9114 (tau=0.85), frame_ok=1
[ INFO] [1774866793.237677973, 1098.492000000]: [Multi Floor Nav] Current Robot Pose, x: 4.96, y: -0.04, yaw: 0.05
[ INFO] [1774866793.237698017, 1098.492000000]: [Multi Floor Nav] Linear Error: 0.46, Angular Error: 0.05
[ INFO] [1774866793.237710938, 1098.492000000]: [Multi Floor Nav] Module C: tr(??)=0.0039, C_t=0.9250 (tau=0.85), frame_ok=1
[ INFO] [1774866793.237722811, 1098.492000000]: [Multi Floor Nav] Module C: reloc passed (consecutive 3 >= K=3)
[ INFO] [1774866793.237730423, 1098.492000000]: [Multi Floor Nav] Robot at correct pose
[ INFO] [1774866793.238980367, 1098.494000000]: [Multi Floor Nav] RELOC_PASS: linear_error=0.4596, angular_error=0.0479, linear_error_init=0.3557, angular_error_init=0.1021, tr_sigma=0.0039, C_t=0.9250
[ INFO] [1774866794.253360256, 1099.494000000]: [Multi Floor Nav] POST_PASS: dt=1.000s, linear_error=0.4597, angular_error=0.0473
[ INFO] [1774866794.253382046, 1099.494000000]: [Multi Floor Nav] Will send goal to x: 3, y: -0, at level: 0
[ INFO] [1774866794.253391754, 1099.494000000]: [Multi Floor Nav] Sending Robot to x: 3.0, y: -0.5, yaw: 3.1
[ INFO] [1774866794.455318229, 1099.694000000]: [Multi Floor Nav] POST_PASS: dt=1.200s, linear_error=0.4597, angular_error=0.0473
[ INFO] [1774866794.657245892, 1099.894000000]: [Multi Floor Nav] POST_PASS: dt=1.400s, linear_error=0.4597, angular_error=0.0473
[ INFO] [1774866794.859990904, 1100.094000000]: [Multi Floor Nav] POST_PASS: dt=1.600s, linear_error=0.4488, angular_error=0.2953
[ INFO] [1774866795.061589336, 1100.294000000]: [Multi Floor Nav] POST_PASS: dt=1.800s, linear_error=0.4255, angular_error=0.7200
[ INFO] [1774866795.263461406, 1100.494000000]: [Multi Floor Nav] POST_PASS: dt=2.000s, linear_error=0.4255, angular_error=0.7200
[ INFO] [1774866812.880979933, 1117.894000000]: [Multi Floor Nav] Requesting Lift to Level 0
[ INFO] [1774866813.081823034, 1118.094000000]: [Multi Floor Nav] Entering Lift at Level 0
[ INFO] [1774866830.434240899, 1135.295000000]: [Multi Floor Nav] Requesting Lift to Level 1
[ INFO] [1774866837.501236613, 1142.296000000]: [Multi Floor Nav] Exiting [ WARN] [1774866850.257822263, 1154.897000000]: [Multi Floor Nav] Initial pose perturbation applied: offset_x=0.25, offset_y=0.25, offset_theta=0.15
Lift at Level 1
[ INFO] [1774866850.233626904, 1154.873000000]: [Multi Floor Nav] Successfully loaded map for level: 1
[ INFO] [1774866850.257848942, 1154.897000000]: [Multi Floor Nav] Adaptive sigma: offset_planar=0.354, adaptive_scale=0.124, adaptive_yaw=0.072 ??? sigma(0.124, 0.124, 0.072)
[ INFO] [1774866850.257859139, 1154.897000000]: [Multi Floor Nav] Initializing Robot at x: 3.2, y: -0.2, yaw: 3.3 (level=1, sigma: x=0.124, y=0.124, yaw=0.072, retry=0)
[ INFO] [1774866850.257874714, 1154.897000000]: [Multi Floor Nav] Initializing Pose to x: 3.00, y: -0.50 at level: 1
[ INFO] [1774866851.273933912, 1155.900000000]: [Multi Floor Nav] Waiting for AMCL nomotion updates (1.0/12.0s, L1)...
[ INFO] [1774866852.289053400, 1156.901000000]: [Multi Floor Nav] Waiting for AMCL nomotion updates (2.0/12.0s, L1)...
[ INFO] [1774866853.313975278, 1157.901000000]: [Multi Floor Nav] Waiting for AMCL nomotion updates (3.0/12.0s, L1)...
[ INFO] [1774866854.531611184, 1159.100000000]: [Multi Floor Nav] Waiting for AMCL nomotion updates (4.2/12.0s, L1)...
[ INFO] [1774866855.552100184, 1160.100000000]: [Multi Floor Nav] Waiting for AMCL nomotion updates (5.2/12.0s, L1)...
[ INFO] [1774866856.571007636, 1161.102000000]: [Multi Floor Nav] Waiting for AMCL nomotion updates (6.2/12.0s, L1)...
[ INFO] [1774866857.586860732, 1162.102000000]: [Multi Floor Nav] Waiting for AMCL nomotion updates (7.2/12.0s, L1)...
[ INFO] [1774866858.814632867, 1163.301000000]: [Multi Floor Nav] Waiting for AMCL nomotion updates (8.4/12.0s, L1)...
[ INFO] [1774866860.035995206, 1164.502000000]: [Multi Floor Nav] Waiting for AMCL nomotion updates (9.6/12.0s, L1)...
[ INFO] [1774866861.257562458, 1165.702000000]: [Multi Floor Nav] Waiting for AMCL nomotion updates (10.8/12.0s, L1)...
[ INFO] [1774866862.475195848, 1166.900000000]: [Multi Floor Nav] Current Robot Pose, x: 3.35, y: -0.26, yaw: 3.12
[ INFO] [1774866862.475216032, 1166.900000000]: [Multi Floor Nav] Linear Error: 0.42, Angular Error: 0.02
[ INFO] [1774866862.475229231, 1166.900000000]: [Multi Floor Nav] Module C: tr(??)=0.0014, C_t=0.9727 (tau=0.85), frame_ok=1
[ INFO] [1774866862.680964341, 1167.101000000]: [Multi Floor Nav] Current Robot Pose, x: 3.35, y: -0.26, yaw: 3.12
[ INFO] [1774866862.681029154, 1167.101000000]: [Multi Floor Nav] Linear Error: 0.42, Angular Error: 0.02
[ INFO] [1774866862.681068823, 1167.101000000]: [Multi Floor Nav] Module C: tr(??)=0.0010, C_t=0.9803 (tau=0.85), frame_ok=1
[ INFO] [1774866862.884961249, 1167.302000000]: [Multi Floor Nav] Current Robot Pose, x: 3.35, y: -0.26, yaw: 3.12
[ INFO] [1774866862.885009090, 1167.302000000]: [Multi Floor Nav] Linear Error: 0.42, Angular Error: 0.02
[ INFO] [1774866862.885036467, 1167.302000000]: [Multi Floor Nav] Module C: tr(??)=0.0012, C_t=0.9765 (tau=0.85), frame_ok=1
[ INFO] [1774866862.885057490, 1167.302000000]: [Multi Floor Nav] Module C: reloc passed (consecutive 3 >= K=3)
[ INFO] [1774866862.885074251, 1167.302000000]: [Multi Floor Nav] Robot at correct pose
[ INFO] [1774866862.888567977, 1167.305000000]: [Multi Floor Nav] RELOC_PASS: linear_error=0.4236, angular_error=0.0229, linear_error_init=0.0989, angular_error_init=0.1729, tr_sigma=0.0012, C_t=0.9765
[ INFO] [1774866863.903622579, 1168.305000000]: [Multi Floor Nav] POST_PASS: dt=1.000s, linear_error=0.4224, angular_error=0.0220
[ INFO] [1774866863.903674540, 1168.305000000]: [Multi Floor Nav] Will send goal to x: 4, y: 5, at level: 1
[ INFO] [1774866863.903699404, 1168.305000000]: [Multi Floor Nav] Sending Robot to x: 4.0, y: 5.0, yaw: 0.0
[ INFO] [1774866864.106389936, 1168.505000000]: [Multi Floor Nav] POST_PASS: dt=1.200s, linear_error=0.4224, angular_error=0.0220
[ INFO] [1774866864.309190746, 1168.705000000]: [Multi Floor Nav] POST_PASS: dt=1.400s, linear_error=0.4224, angular_error=0.0220
[ INFO] [1774866864.511988554, 1168.905000000]: [Multi Floor Nav] POST_PASS: dt=1.600s, linear_error=0.3426, angular_error=0.1430
[ INFO] [1774866864.714217437, 1169.105000000]: [Multi Floor Nav] POST_PASS: dt=1.800s, linear_error=0.3042, angular_error=0.3601
[ INFO] [1774866864.919054322, 1169.305000000]: [Multi Floor Nav] POST_PASS: dt=2.000s, linear_error=0.3287, angular_error=0.6653
[ INFO] [1774866900.408608403, 1203.905000000]: [Multi Floor Nav] Robot arrived at Goal
[ INFO] [1774866750.321236867, 1056.132000000]: global_costmap: Using plugin "static_layer"
[ INFO] [1774866750.329366916, 1056.139000000]: Requesting the map...
[ INFO] [1774866782.177961206, 1087.544000000]: Resizing costmap to 992 X 992 at 0.020000 m/pix
[ INFO] [1774866782.277846029, 1087.643000000]: Received a 992 X 992 map at 0.020000 m/pix
[ INFO] [1774866782.282903913, 1087.647000000]: global_costmap: Using plugin "obstacles_layer"
[ INFO] [1774866782.290846788, 1087.656000000]:     Subscribed to Topics: scan
[ INFO] [1774866782.298684832, 1087.663000000]: global_costmap: Using plugin "inflater_layer"
[ INFO] [1774866782.326589376, 1087.691000000]: local_costmap: Using plugin "obstacles_layer"
[ INFO] [1774866782.329168674, 1087.694000000]:     Subscribed to Topics: scan
[ INFO] [1774866782.337528499, 1087.702000000]: local_costmap: Using plugin "inflater_layer"
[ INFO] [1774866782.355677027, 1087.720000000]: Created local_planner base_local_planner/TrajectoryPlannerROS
[ INFO] [1774866782.359941098, 1087.725000000]: Sim period is set to 0.05
[ INFO] [1774866782.411757239, 1087.776000000]: Recovery behavior will clear layer 'obstacles'
[ INFO] [1774866782.416536387, 1087.781000000]: Recovery behavior will clear layer 'obstacles'
[ INFO] [1774866782.485373263, 1087.850000000]: odom received!

auto-starting new master
[1mprocess[master]: started with pid [607560][0m
[1mROS_MASTER_URI=http://localhost:11311[0m
]2;/home/eethanhe/catkin_ws/src/robot-multi-floor-navigation/multi_floor_nav/launch/nav.launch http://localhost:11311
[1msetting /run_id to becb6230-2c23-11f1-8d1e-01badb8e21cf[0m
[1mprocess[rosout-1]: started with pid [607593][0m
started core service [/rosout]
[1mprocess[gazebo-2]: started with pid [607600][0m
[1mprocess[robot_state_publisher-3]: started with pid [607603][0m
[1mprocess[controller_spawner-4]: started with pid [607606][0m
[1mprocess[ekf_localization-5]: started with pid [607607][0m
[1mprocess[twist_mux-6]: started with pid [607608][0m
[1mprocess[twist_marker_server-7]: started with pid [607613][0m
[1mprocess[urdf_spawner-8]: started with pid [607616][0m
[1mprocess[map_server0-9]: started with pid [607626][0m
[1mprocess[map_server1-10]: started with pid [607633][0m
[1mprocess[amcl-11]: started with pid [607634][0m
[1mprocess[move_base-12]: started with pid [607637][0m
[1mprocess[rviz-13]: started with pid [607643][0m
[1mprocess[change_map_node-14]: started with pid [607647][0m
[1mprocess[multi_floor_navigation_node-15]: started with pid [607660][0m
[1m[urdf_spawner-8] process has finished cleanly
log file: /home/eethanhe/.ros/log/becb6230-2c23-11f1-8d1e-01badb8e21cf/urdf_spawner-8*.log[0m
[multi_floor_navigation_node-15] killing on exit
[change_map_node-14] killing on exit
[rviz-13] killing on exit
[move_base-12] killing on exit
[amcl-11] killing on exit
[map_server1-10] killing on exit
[map_server0-9] killing on exit
[twist_marker_server-7] killing on exit
[twist_mux-6] killing on exit
[ekf_localization-5] killing on exit
[controller_spawner-4] killing on exit
[robot_state_publisher-3] killing on exit
[gazebo-2] killing on exit
[rosout-1] killing on exit
[master] killing on exit
shutting down processing monitor...
... shutting down processing monitor complete
[1mdone[0m
