xacro: in-order processing became default in ROS Melodic. You can drop the option.
... logging to /home/eethanhe/.ros/log/a1c0462a-2c2c-11f1-8d1e-01badb8e21cf/roslaunch-eethanhe-Lenovo-Legion-R9000P2021H-680089.log
Checking log directory for disk usage. This may take a while.
Press Ctrl-C to interrupt
Done checking log file disk usage. Usage is <1GB.
]2;/home/eethanhe/catkin_ws/src/robot-multi-floor-navigation/multi_floor_nav/launch/nav.launch
[1mstarted roslaunch server http://eethanhe-Lenovo-Legion-R9000P2021H:37081/[0m

SUMMARY
========

PARAMETERS
 * /amcl/auto_update_noise: 0.0
 * /amcl/base_frame_id: base_link
 * /amcl/expected_laser_freq: 5.0
 * /amcl/first_map_only: False
 * /amcl/global_frame_id: map
 * /amcl/gui_publish_rate: 10.0
 * /amcl/initial_pose_a: 0.0
 * /amcl/initial_pose_x: 0.0
 * /amcl/initial_pose_y: 0.0
 * /amcl/kld_err: 0.05
 * /amcl/kld_z: 0.99
 * /amcl/laser_lambda_short: 0.1
 * /amcl/laser_likelihood_max_dist: 2.0
 * /amcl/laser_max_beams: 720
 * /amcl/laser_max_range: 30.0
 * /amcl/laser_min_range: 0.1
 * /amcl/laser_model_type: likelihood_field
 * /amcl/laser_sigma_hit: 0.2
 * /amcl/laser_z_hit: 0.5
 * /amcl/laser_z_max: 0.05
 * /amcl/laser_z_rand: 0.5
 * /amcl/laser_z_short: 0.05
 * /amcl/max_particles: 2000
 * /amcl/min_particles: 500
 * /amcl/odom_alpha1: 0.2
 * /amcl/odom_alpha2: 0.2
 * /amcl/odom_alpha3: 0.2
 * /amcl/odom_alpha4: 0.2
 * /amcl/odom_alpha5: 0.1
 * /amcl/odom_frame_id: odom
 * /amcl/odom_model_type: diff
 * /amcl/odom_update_interval: 0.1
 * /amcl/recovery_alpha_fast: 0.1
 * /amcl/recovery_alpha_slow: 0.001
 * /amcl/resample_interval: 1
 * /amcl/transform_tolerance: 1.0
 * /amcl/update_min_a: 0.3927
 * /amcl/update_min_d: 0.1
 * /amcl/use_map_topic: False
 * /ekf_localization/base_link_frame: base_link
 * /ekf_localization/frequency: 50
 * /ekf_localization/imu0: /imu/data
 * /ekf_localization/imu0_config: [False, False, Fa...
 * /ekf_localization/imu0_differential: False
 * /ekf_localization/odom0: /jackal_velocity_...
 * /ekf_localization/odom0_config: [False, False, Fa...
 * /ekf_localization/odom0_differential: False
 * /ekf_localization/odom_frame: odom
 * /ekf_localization/predict_to_current_time: True
 * /ekf_localization/world_frame: odom
 * /gazebo/enable_ros_network: True
 * /jackal_joint_publisher/publish_rate: 50
 * /jackal_joint_publisher/type: joint_state_contr...
 * /jackal_velocity_controller/angular/z/has_acceleration_limits: True
 * /jackal_velocity_controller/angular/z/has_velocity_limits: True
 * /jackal_velocity_controller/angular/z/max_acceleration: 25.0
 * /jackal_velocity_controller/angular/z/max_velocity: 4.0
 * /jackal_velocity_controller/cmd_vel_timeout: 0.25
 * /jackal_velocity_controller/enable_odom_tf: False
 * /jackal_velocity_controller/k_l: 0.1
 * /jackal_velocity_controller/k_r: 0.1
 * /jackal_velocity_controller/left_wheel: ['front_left_whee...
 * /jackal_velocity_controller/linear/x/has_acceleration_limits: True
 * /jackal_velocity_controller/linear/x/has_velocity_limits: True
 * /jackal_velocity_controller/linear/x/max_acceleration: 20.0
 * /jackal_velocity_controller/linear/x/max_velocity: 2.0
 * /jackal_velocity_controller/pose_covariance_diagonal: [0.001, 0.001, 10...
 * /jackal_velocity_controller/publish_cmd: True
 * /jackal_velocity_controller/publish_rate: 50
 * /jackal_velocity_controller/right_wheel: ['front_right_whe...
 * /jackal_velocity_controller/twist_covariance_diagonal: [0.001, 0.001, 0....
 * /jackal_velocity_controller/type: diff_drive_contro...
 * /jackal_velocity_controller/wheel_radius_multiplier: 1.0
 * /jackal_velocity_controller/wheel_separation_multiplier: 1.5
 * /move_base/NavfnROS/allow_unknown: True
 * /move_base/TrajectoryPlannerROS/acc_lim_theta: 20.0
 * /move_base/TrajectoryPlannerROS/acc_lim_x: 10.0
 * /move_base/TrajectoryPlannerROS/angular_sim_granularity: 0.02
 * /move_base/TrajectoryPlannerROS/controller_frequency: 20.0
 * /move_base/TrajectoryPlannerROS/dwa: True
 * /move_base/TrajectoryPlannerROS/escape_reset_dist: 0.1
 * /move_base/TrajectoryPlannerROS/escape_reset_theta: 0.1
 * /move_base/TrajectoryPlannerROS/escape_vel: -0.5
 * /move_base/TrajectoryPlannerROS/gdist_scale: 1.0
 * /move_base/TrajectoryPlannerROS/heading_lookahead: 0.325
 * /move_base/TrajectoryPlannerROS/heading_scoring: False
 * /move_base/TrajectoryPlannerROS/heading_scoring_timestep: 0.8
 * /move_base/TrajectoryPlannerROS/holonomic_robot: False
 * /move_base/TrajectoryPlannerROS/latch_xy_goal_tolerance: False
 * /move_base/TrajectoryPlannerROS/max_vel_theta: 1.57
 * /move_base/TrajectoryPlannerROS/max_vel_x: 0.5
 * /move_base/TrajectoryPlannerROS/meter_scoring: True
 * /move_base/TrajectoryPlannerROS/min_in_place_vel_theta: 0.314
 * /move_base/TrajectoryPlannerROS/min_vel_theta: -1.57
 * /move_base/TrajectoryPlannerROS/min_vel_x: 0.1
 * /move_base/TrajectoryPlannerROS/occdist_scale: 0.1
 * /move_base/TrajectoryPlannerROS/oscillation_reset_dist: 0.05
 * /move_base/TrajectoryPlannerROS/pdist_scale: 0.75
 * /move_base/TrajectoryPlannerROS/publish_cost_grid_pc: True
 * /move_base/TrajectoryPlannerROS/sim_granularity: 0.02
 * /move_base/TrajectoryPlannerROS/sim_time: 2.0
 * /move_base/TrajectoryPlannerROS/simple_attractor: False
 * /move_base/TrajectoryPlannerROS/vtheta_samples: 20
 * /move_base/TrajectoryPlannerROS/vx_samples: 6
 * /move_base/TrajectoryPlannerROS/xy_goal_tolerance: 0.25
 * /move_base/TrajectoryPlannerROS/yaw_goal_tolerance: 0.157
 * /move_base/base_global_planner: navfn/NavfnROS
 * /move_base/base_local_planner: base_local_planne...
 * /move_base/clearing_rotation_allowed: True
 * /move_base/controller_frequency: 20.0
 * /move_base/controller_patience: 15.0
 * /move_base/global_costmap/footprint: [[-0.21, -0.165],...
 * /move_base/global_costmap/footprint_padding: 0.1
 * /move_base/global_costmap/global_frame: map
 * /move_base/global_costmap/height: 40.0
 * /move_base/global_costmap/inflater_layer/inflation_radius: 0.3
 * /move_base/global_costmap/map_type: costmap
 * /move_base/global_costmap/meter_scoring: True
 * /move_base/global_costmap/obstacle_range: 2.5
 * /move_base/global_costmap/obstacles_layer/observation_sources: scan
 * /move_base/global_costmap/obstacles_layer/scan/clearing: True
 * /move_base/global_costmap/obstacles_layer/scan/data_type: LaserScan
 * /move_base/global_costmap/obstacles_layer/scan/marking: True
 * /move_base/global_costmap/obstacles_layer/scan/max_obstacle_height: 2.0
 * /move_base/global_costmap/obstacles_layer/scan/min_obstacle_height: -2.0
 * /move_base/global_costmap/obstacles_layer/scan/obstacle_range: 2.5
 * /move_base/global_costmap/obstacles_layer/scan/raytrace_range: 3.0
 * /move_base/global_costmap/obstacles_layer/scan/sensor_frame: front_laser
 * /move_base/global_costmap/obstacles_layer/scan/topic: front/scan
 * /move_base/global_costmap/origin_x: -20.0
 * /move_base/global_costmap/origin_y: -20.0
 * /move_base/global_costmap/origin_z: 0.0
 * /move_base/global_costmap/plugins: [{'name': 'static...
 * /move_base/global_costmap/publish_frequency: 5.0
 * /move_base/global_costmap/publish_voxel_map: False
 * /move_base/global_costmap/raytrace_range: 3.0
 * /move_base/global_costmap/resolution: 0.05
 * /move_base/global_costmap/robot_base_frame: base_link
 * /move_base/global_costmap/rolling_window: False
 * /move_base/global_costmap/static_map: True
 * /move_base/global_costmap/transform_tolerance: 0.5
 * /move_base/global_costmap/update_frequency: 20.0
 * /move_base/global_costmap/width: 40.0
 * /move_base/global_costmap/z_resolution: 1
 * /move_base/global_costmap/z_voxels: 2
 * /move_base/local_costmap/footprint: [[-0.21, -0.165],...
 * /move_base/local_costmap/footprint_padding: 0.1
 * /move_base/local_costmap/global_frame: map
 * /move_base/local_costmap/height: 10.0
 * /move_base/local_costmap/inflater_layer/inflation_radius: 0.3
 * /move_base/local_costmap/map_type: costmap
 * /move_base/local_costmap/meter_scoring: True
 * /move_base/local_costmap/obstacle_range: 2.5
 * /move_base/local_costmap/obstacles_layer/observation_sources: scan
 * /move_base/local_costmap/obstacles_layer/scan/clearing: True
 * /move_base/local_costmap/obstacles_layer/scan/data_type: LaserScan
 * /move_base/local_costmap/obstacles_layer/scan/marking: True
 * /move_base/local_costmap/obstacles_layer/scan/max_obstacle_height: 2.0
 * /move_base/local_costmap/obstacles_layer/scan/min_obstacle_height: -2.0
 * /move_base/local_costmap/obstacles_layer/scan/obstacle_range: 2.5
 * /move_base/local_costmap/obstacles_layer/scan/raytrace_range: 3.0
 * /move_base/local_costmap/obstacles_layer/scan/sensor_frame: front_laser
 * /move_base/local_costmap/obstacles_layer/scan/topic: front/scan
 * /move_base/local_costmap/origin_z: 0.0
 * /move_base/local_costmap/plugins: [{'name': 'obstac...
 * /move_base/local_costmap/publish_frequency: 5.0
 * /move_base/local_costmap/publish_voxel_map: False
 * /move_base/local_costmap/raytrace_range: 3.0
 * /move_base/local_costmap/resolution: 0.05
 * /move_base/local_costmap/robot_base_frame: base_link
 * /move_base/local_costmap/rolling_window: True
 * /move_base/local_costmap/static_map: False
 * /move_base/local_costmap/transform_tolerance: 0.5
 * /move_base/local_costmap/update_frequency: 20.0
 * /move_base/local_costmap/width: 10.0
 * /move_base/local_costmap/z_resolution: 1
 * /move_base/local_costmap/z_voxels: 2
 * /move_base/oscillation_distance: 0.5
 * /move_base/oscillation_timeout: 0.0
 * /move_base/planner_frequency: 20.0
 * /move_base/planner_patience: 5.0
 * /move_base/recovery_behavior_enabled: True
 * /move_base/shutdown_costmaps: False
 * /multi_floor_navigation_node/init_pose_offset_theta: 0.2
 * /multi_floor_navigation_node/init_pose_offset_x: 0.4
 * /multi_floor_navigation_node/init_pose_offset_y: 0.4
 * /multi_floor_navigation_node/region_init_backoff_factor: 1.3
 * /multi_floor_navigation_node/region_init_max_backoff: 2.0
 * /multi_floor_navigation_node/region_init_sigma_adaptive_alpha: 0.35
 * /multi_floor_navigation_node/region_init_sigma_min_scale: 0.03
 * /multi_floor_navigation_node/region_init_sigma_min_yaw: 0.02
 * /multi_floor_navigation_node/region_init_sigma_x: 0.15
 * /multi_floor_navigation_node/region_init_sigma_x_L0: 0.15
 * /multi_floor_navigation_node/region_init_sigma_x_L1: 0.2
 * /multi_floor_navigation_node/region_init_sigma_y: 0.15
 * /multi_floor_navigation_node/region_init_sigma_y_L0: 0.15
 * /multi_floor_navigation_node/region_init_sigma_y_L1: 0.2
 * /multi_floor_navigation_node/region_init_sigma_yaw: 0.1
 * /multi_floor_navigation_node/region_init_sigma_yaw_L0: 0.1
 * /multi_floor_navigation_node/region_init_sigma_yaw_L1: 0.12
 * /multi_floor_navigation_node/reloc_check_timeout_L0: 25.0
 * /multi_floor_navigation_node/reloc_check_timeout_L1: 45.0
 * /multi_floor_navigation_node/reloc_check_timeout_sec: 45.0
 * /multi_floor_navigation_node/reloc_confidence_K: 2
 * /multi_floor_navigation_node/reloc_confidence_lambda: 20.0
 * /multi_floor_navigation_node/reloc_confidence_tau: 0.85
 * /multi_floor_navigation_node/reloc_min_check_delay_L0: 6.0
 * /multi_floor_navigation_node/reloc_min_check_delay_L1: 12.0
 * /multi_floor_navigation_node/reloc_min_check_delay_sec: 6.0
 * /multi_floor_navigation_node/use_covariance_reloc: True
 * /robot_description: <?xml version="1....
 * /rosdistro: noetic
 * /rosversion: 1.17.0
 * /twist_marker_server/link_name: base_link
 * /twist_mux/locks: [{'name': 'e_stop...
 * /twist_mux/topics: [{'name': 'joy', ...
 * /use_gui: True
 * /use_sim_time: True

NODES
  /
    amcl (amcl/amcl)
    change_map_node (multi_floor_nav/change_map_node)
    controller_spawner (controller_manager/spawner)
    ekf_localization (robot_localization/ekf_localization_node)
    gazebo (gazebo_ros/gzserver)
    map_server0 (map_server/map_server)
    map_server1 (map_server/map_server)
    move_base (move_base/move_base)
    multi_floor_navigation_node (multi_floor_nav/multi_floor_navigation_node)
    robot_state_publisher (robot_state_publisher/robot_state_publisher)
    rviz (rviz/rviz)
    twist_marker_server (interactive_marker_twist_server/marker_server)
    twist_mux (twist_mux/twist_mux)
    urdf_spawner (gazebo_ros/spawn_model)
[ INFO] [1774870564.263278245]: Finished loading Gazebo ROS API Plugin.
[ INFO] [1774870564.275717969]: waitForService: Service [/gazebo/set_physics_properties] has not been advertised, waiting...
[1;33mWarning [Model.cc:216][0m Non-unique name[door] detected 2 times in XML children of model with name[elevator].
[1;33mWarning [Model.cc:309][0m Joint with name [door] in model with name [elevator] has a name collision, changing joint name to [door_joint].
[ERROR] [1774870565.685356, 0.000000]: Spawn service failed. Exiting.
[ INFO] [1774870565.609182653]: waitForService: Service [/gazebo/set_physics_properties] is now available.
[ INFO] [1774870565.689459818, 1054.804000000]: Physics dynamic reconfigure ready.
[1;33mWarning [parser_urdf.cc:1161][0m multiple inconsistent <gravity> exists due to fixed joint reduction overwriting previous value [true] with [false].
[1;33mWarning [parser_urdf.cc:1161][0m multiple inconsistent <gravity> exists due to fixed joint reduction overwriting previous value [false] with [true].
[ERROR] [1774870566.175938276, 1054.839000000]: No p gain specified for pid.  Namespace: /gazebo_ros_control/pid_gains/front_left_wheel
[ERROR] [1774870566.176365353, 1054.839000000]: No p gain specified for pid.  Namespace: /gazebo_ros_control/pid_gains/front_right_wheel
[ERROR] [1774870566.176761980, 1054.839000000]: No p gain specified for pid.  Namespace: /gazebo_ros_control/pid_gains/rear_left_wheel
[ERROR] [1774870566.177131299, 1054.839000000]: No p gain specified for pid.  Namespace: /gazebo_ros_control/pid_gains/rear_right_wheel
[ WARN] [1774870566.217911022, 1054.840000000]: Failed to meet update rate! Took 1054.8399999999999181
[ WARN] [1774870566.218889005, 1054.841000000]: Failed to meet update rate! Took 1054.8209999999999127
[ WARN] [1774870566.596945295, 1055.211000000]: Interactive marker 'robot_twist_marker' contains unnormalized quaternions. This warning will only be output once but may be true for others; enable DEBUG messages for ros.rviz.quaternions to see more details.
[ WARN] [1774870566.838241862, 1055.450000000]: Timed out waiting for transform from base_link to map to become available before running costmap, tf error: Lookup would require extrapolation 0.779000000s into the past.  Requested time 1055.441000000 but the earliest data is at time 1056.220000000, when looking up transform from frame [base_link] to frame [map]. canTransform returned after 1055.45 timeout was 0.1.
[ WARN] [1774870567.625396657, 1056.226000000]: global_costmap: Pre-Hydro parameter "static_map" unused since "plugins" is provided
[ WARN] [1774870567.625609253, 1056.226000000]: global_costmap: Pre-Hydro parameter "map_type" unused since "plugins" is provided
[ WARN] [1774870598.844265710, 1087.080000000]: [Multi Floor Nav] Initial pose perturbation applied: offset_x=0.40, offset_y=0.40, offset_theta=0.20
[ WARN] [1774870599.044773545, 1087.279000000]: local_costmap: Pre-Hydro parameter "static_map" unused since "plugins" is provided
[ WARN] [1774870599.044966306, 1087.279000000]: local_costmap: Pre-Hydro parameter "map_type" unused since "plugins" is provided
[ WARN] [1774870599.084923652, 1087.319000000]: Parameter pdist_scale is deprecated. Please use the name path_distance_bias instead.
[ WARN] [1774870599.085563185, 1087.320000000]: Parameter gdist_scale is deprecated. Please use the name goal_distance_bias instead.
[ WARN] [1774870599.879954343, 1088.108000000]: The origin for the sensor at (0.21, 0.19) is out of map bounds. So, the costmap cannot raytrace for it.
[ INFO] [1774870563.908731892]: [Multi Floor Nav] Module C: covariance reloc criterion enabled (lambda=20.00, tau=0.85, K=2, post_monitor=2.0s, min_delay=6.0s)
[ INFO] [1774870563.917621391]: [Multi Floor Nav] Module A sigma: L0=(0.150,0.150,0.100) L1=(0.200,0.200,0.120)
[ INFO] [1774870563.917643041]: [Multi Floor Nav] Module A delay: L0=6.0s  L1=12.0s  backoff: factor=1.30 max=2.00
[ INFO] [1774870563.917652121]: [Multi Floor Nav] Module C timeout: L0=25.0s  L1=45.0s
[ INFO] [1774870598.810754826, 1087.046000000]: [Multi Floor Nav] Successfully loaded map for level: 0
[ INFO] [1774870598.844340510, 1087.080000000]: [Multi Floor Nav] Adaptive sigma: offset_planar=0.566, adaptive_scale=0.198, adaptive_yaw=0.090 ??? sigma(0.150, 0.150, 0.090)
[ INFO] [1774870598.844356294, 1087.080000000]: [Multi Floor Nav] Initializing Robot at x: 5.4, y: -0.1, yaw: 0.2 (level=0, sigma: x=0.150, y=0.150, yaw=0.090, retry=0)
[ INFO] [1774870598.844383532, 1087.080000000]: [Multi Floor Nav] Initializing Pose to x: 5.00, y: -0.50 at level: 0
[ INFO] [1774870599.856098344, 1088.084000000]: [Multi Floor Nav] Waiting for AMCL nomotion updates (1.0/6.0s, L0)...
[ INFO] [1774870600.867578769, 1089.084000000]: [Multi Floor Nav] Waiting for AMCL nomotion updates (2.0/6.0s, L0)...
[ INFO] [1774870602.072849586, 1090.283000000]: [Multi Floor Nav] Waiting for AMCL nomotion updates (3.2/6.0s, L0)...
[ INFO] [1774870603.088461454, 1091.283000000]: [Multi Floor Nav] Waiting for AMCL nomotion updates (4.2/6.0s, L0)...
[ INFO] [1774870604.101344007, 1092.283000000]: [Multi Floor Nav] Waiting for AMCL nomotion updates (5.2/6.0s, L0)...
[ INFO] [1774870604.910236035, 1093.083000000]: [Multi Floor Nav] Current Robot Pose, x: 5.45, y: -0.01, yaw: 0.09
[ INFO] [1774870604.910263203, 1093.083000000]: [Multi Floor Nav] Linear Error: 0.67, Angular Error: 0.09
[ INFO] [1774870604.910281851, 1093.083000000]: [Multi Floor Nav] Module C: tr(??)=0.0198, C_t=0.6727 (tau=0.85), frame_ok=0
[ INFO] [1774870605.112254181, 1093.283000000]: [Multi Floor Nav] Current Robot Pose, x: 5.46, y: -0.01, yaw: 0.09
[ INFO] [1774870605.112274505, 1093.283000000]: [Multi Floor Nav] Linear Error: 0.67, Angular Error: 0.09
[ INFO] [1774870605.112285889, 1093.283000000]: [Multi Floor Nav] Module C: tr(??)=0.0195, C_t=0.6772 (tau=0.85), frame_ok=0
[ INFO] [1774870605.314033541, 1093.482000000]: [Multi Floor Nav] Current Robot Pose, x: 5.45, y: -0.01, yaw: 0.09
[ INFO] [1774870605.314055960, 1093.482000000]: [Multi Floor Nav] Linear Error: 0.67, Angular Error: 0.09
[ INFO] [1774870605.314068252, 1093.482000000]: [Multi Floor Nav] Module C: tr(??)=0.0191, C_t=0.6822 (tau=0.85), frame_ok=0
[ INFO] [1774870605.519164289, 1093.684000000]: [Multi Floor Nav] Current Robot Pose, x: 5.45, y: -0.01, yaw: 0.09
[ INFO] [1774870605.519213946, 1093.684000000]: [Multi Floor Nav] Linear Error: 0.67, Angular Error: 0.09
[ INFO] [1774870605.519243419, 1093.684000000]: [Multi Floor Nav] Module C: tr(??)=0.0199, C_t=0.6714 (tau=0.85), frame_ok=0
[ INFO] [1774870605.721673068, 1093.883000000]: [Multi Floor Nav] Current Robot Pose, x: 5.45, y: -0.01, yaw: 0.09
[ INFO] [1774870605.721746471, 1093.883000000]: [Multi Floor Nav] Linear Error: 0.67, Angular Error: 0.09
[ INFO] [1774870605.721797105, 1093.883000000]: [Multi Floor Nav] Module C: tr(??)=0.0212, C_t=0.6539 (tau=0.85), frame_ok=0
[ INFO] [1774870605.927835996, 1094.084000000]: [Multi Floor Nav] Current Robot Pose, x: 5.45, y: -0.01, yaw: 0.10
[ INFO] [1774870605.927883209, 1094.084000000]: [Multi Floor Nav] Linear Error: 0.66, Angular Error: 0.10
[ INFO] [1774870605.927909399, 1094.084000000]: [Multi Floor Nav] Module C: tr(??)=0.0198, C_t=0.6730 (tau=0.85), frame_ok=0
[ INFO] [1774870606.128246543, 1094.283000000]: [Multi Floor Nav] Current Robot Pose, x: 5.46, y: -0.01, yaw: 0.09
[ INFO] [1774870606.128266657, 1094.283000000]: [Multi Floor Nav] Linear Error: 0.67, Angular Error: 0.09
[ INFO] [1774870606.128278949, 1094.283000000]: [Multi Floor Nav] Module C: tr(??)=0.0202, C_t=0.6678 (tau=0.85), frame_ok=0
[ INFO] [1774870606.328760943, 1094.482000000]: [Multi Floor Nav] Current Robot Pose, x: 5.46, y: -0.01, yaw: 0.09
[ INFO] [1774870606.328793628, 1094.482000000]: [Multi Floor Nav] Linear Error: 0.67, Angular Error: 0.09
[ INFO] [1774870606.328815069, 1094.482000000]: [Multi Floor Nav] Module C: tr(??)=0.0222, C_t=0.6416 (tau=0.85), frame_ok=0
[ INFO] [1774870606.531408984, 1094.683000000]: [Multi Floor Nav] Current Robot Pose, x: 5.45, y: -0.01, yaw: 0.09
[ INFO] [1774870606.531472889, 1094.683000000]: [Multi Floor Nav] Linear Error: 0.66, Angular Error: 0.09
[ INFO] [1774870606.531518774, 1094.683000000]: [Multi Floor Nav] Module C: tr(??)=0.0248, C_t=0.6091 (tau=0.85), frame_ok=0
[ INFO] [1774870606.734884572, 1094.883000000]: [Multi Floor Nav] Current Robot Pose, x: 5.44, y: -0.01, yaw: 0.10
[ INFO] [1774870606.734951340, 1094.883000000]: [Multi Floor Nav] Linear Error: 0.66, Angular Error: 0.10
[ INFO] [1774870606.734996666, 1094.883000000]: [Multi Floor Nav] Module C: tr(??)=0.0257, C_t=0.5980 (tau=0.85), frame_ok=0
[ INFO] [1774870606.938130592, 1095.083000000]: [Multi Floor Nav] Current Robot Pose, x: 5.45, y: -0.01, yaw: 0.10
[ INFO] [1774870606.938156852, 1095.083000000]: [Multi Floor Nav] Linear Error: 0.67, Angular Error: 0.10
[ INFO] [1774870606.938174173, 1095.083000000]: [Multi Floor Nav] Module C: tr(??)=0.0262, C_t=0.5921 (tau=0.85), frame_ok=0
[ INFO] [1774870607.138611119, 1095.283000000]: [Multi Floor Nav] Current Robot Pose, x: 5.45, y: -0.01, yaw: 0.10
[ INFO] [1774870607.138632630, 1095.283000000]: [Multi Floor Nav] Linear Error: 0.66, Angular Error: 0.10
[ INFO] [1774870607.138648903, 1095.283000000]: [Multi Floor Nav] Module C: tr(??)=0.0268, C_t=0.5849 (tau=0.85), frame_ok=0
[ INFO] [1774870607.340226632, 1095.483000000]: [Multi Floor Nav] Current Robot Pose, x: 5.45, y: -0.01, yaw: 0.10
[ INFO] [1774870607.340248143, 1095.483000000]: [Multi Floor Nav] Linear Error: 0.66, Angular Error: 0.10
[ INFO] [1774870607.340260575, 1095.483000000]: [Multi Floor Nav] Module C: tr(??)=0.0282, C_t=0.5693 (tau=0.85), frame_ok=0
[ INFO] [1774870607.542288847, 1095.683000000]: [Multi Floor Nav] Current Robot Pose, x: 5.45, y: -0.01, yaw: 0.10
[ INFO] [1774870607.542308822, 1095.683000000]: [Multi Floor Nav] Linear Error: 0.67, Angular Error: 0.10
[ INFO] [1774870607.542320276, 1095.683000000]: [Multi Floor Nav] Module C: tr(??)=0.0269, C_t=0.5834 (tau=0.85), frame_ok=0
[ INFO] [1774870607.742889292, 1095.882000000]: [Multi Floor Nav] Current Robot Pose, x: 5.44, y: -0.01, yaw: 0.10
[ INFO] [1774870607.742910314, 1095.882000000]: [Multi Floor Nav] Linear Error: 0.65, Angular Error: 0.10
[ INFO] [1774870607.742922187, 1095.882000000]: [Multi Floor Nav] Module C: tr(??)=0.0298, C_t=0.5515 (tau=0.85), frame_ok=0
[ INFO] [1774870607.945301131, 1096.083000000]: [Multi Floor Nav] Current Robot Pose, x: 5.45, y: -0.01, yaw: 0.09
[ INFO] [1774870607.945321036, 1096.083000000]: [Multi Floor Nav] Linear Error: 0.66, Angular Error: 0.09
[ INFO] [1774870607.945333049, 1096.083000000]: [Multi Floor Nav] Module C: tr(??)=0.0316, C_t=0.5314 (tau=0.85), frame_ok=0
[ INFO] [1774870608.146843032, 1096.282000000]: [Multi Floor Nav] Current Robot Pose, x: 5.45, y: -0.01, yaw: 0.09
[ INFO] [1774870608.146868873, 1096.282000000]: [Multi Floor Nav] Linear Error: 0.66, Angular Error: 0.09
[ INFO] [1774870608.146884866, 1096.282000000]: [Multi Floor Nav] Module C: tr(??)=0.0308, C_t=0.5405 (tau=0.85), frame_ok=0
[ INFO] [1774870608.351451859, 1096.483000000]: [Multi Floor Nav] Current Robot Pose, x: 5.44, y: -0.01, yaw: 0.10
[ INFO] [1774870608.351516741, 1096.483000000]: [Multi Floor Nav] Linear Error: 0.66, Angular Error: 0.10
[ INFO] [1774870608.351546144, 1096.483000000]: [Multi Floor Nav] Module C: tr(??)=0.0310, C_t=0.5378 (tau=0.85), frame_ok=0
[ INFO] [1774870608.553888212, 1096.683000000]: [Multi Floor Nav] Current Robot Pose, x: 5.44, y: -0.01, yaw: 0.10
[ INFO] [1774870608.553950580, 1096.683000000]: [Multi Floor Nav] Linear Error: 0.66, Angular Error: 0.10
[ INFO] [1774870608.553999818, 1096.683000000]: [Multi Floor Nav] Module C: tr(??)=0.0321, C_t=0.5266 (tau=0.85), frame_ok=0
[ INFO] [1774870608.754165013, 1096.882000000]: [Multi Floor Nav] Current Robot Pose, x: 5.44, y: -0.01, yaw: 0.10
[ INFO] [1774870608.754186385, 1096.882000000]: [Multi Floor Nav] Linear Error: 0.66, Angular Error: 0.10
[ INFO] [1774870608.754197978, 1096.882000000]: [Multi Floor Nav] Module C: tr(??)=0.0311, C_t=0.5369 (tau=0.85), frame_ok=0
[ INFO] [1774870608.959491456, 1097.084000000]: [Multi Floor Nav] Current Robot Pose, x: 5.42, y: -0.01, yaw: 0.10
[ INFO] [1774870608.959512548, 1097.084000000]: [Multi Floor Nav] Linear Error: 0.65, Angular Error: 0.10
[ INFO] [1774870608.959523304, 1097.084000000]: [Multi Floor Nav] Module C: tr(??)=0.0308, C_t=0.5397 (tau=0.85), frame_ok=0
[ INFO] [1774870609.161327946, 1097.283000000]: [Multi Floor Nav] Current Robot Pose, x: 5.43, y: -0.01, yaw: 0.10
[ INFO] [1774870609.161345057, 1097.283000000]: [Multi Floor Nav] Linear Error: 0.65, Angular Error: 0.10
[ INFO] [1774870609.161355044, 1097.283000000]: [Multi Floor Nav] Module C: tr(??)=0.0312, C_t=0.5359 (tau=0.85), frame_ok=0
[ INFO] [1774870609.367638658, 1097.484000000]: [Multi Floor Nav] Current Robot Pose, x: 5.44, y: -0.01, yaw: 0.10
[ INFO] [1774870609.367702213, 1097.484000000]: [Multi Floor Nav] Linear Error: 0.66, Angular Error: 0.10
[ INFO] [1774870609.367739857, 1097.484000000]: [Multi Floor Nav] Module C: tr(??)=0.0305, C_t=0.5438 (tau=0.85), frame_ok=0
[ INFO] [1774870609.573288185, 1097.683000000]: [Multi Floor Nav] Current Robot Pose, x: 5.44, y: -0.01, yaw: 0.10
[ INFO] [1774870609.573358445, 1097.683000000]: [Multi Floor Nav] Linear Error: 0.66, Angular Error: 0.10
[ INFO] [1774870609.573398045, 1097.683000000]: [Multi Floor Nav] Module C: tr(??)=0.0307, C_t=0.5410 (tau=0.85), frame_ok=0
[ INFO] [1774870609.776333063, 1097.883000000]: [Multi Floor Nav] Current Robot Pose, x: 5.43, y: -0.01, yaw: 0.10
[ INFO] [1774870609.776357996, 1097.883000000]: [Multi Floor Nav] Linear Error: 0.65, Angular Error: 0.10
[ INFO] [1774870609.776372453, 1097.883000000]: [Multi Floor Nav] Module C: tr(??)=0.0322, C_t=0.5256 (tau=0.85), frame_ok=0
[ INFO] [1774870609.976906618, 1098.082000000]: [Multi Floor Nav] Current Robot Pose, x: 5.43, y: -0.01, yaw: 0.10
[ INFO] [1774870609.976933228, 1098.082000000]: [Multi Floor Nav] Linear Error: 0.65, Angular Error: 0.10
[ INFO] [1774870609.976947126, 1098.082000000]: [Multi Floor Nav] Module C: tr(??)=0.0315, C_t=0.5330 (tau=0.85), frame_ok=0
[ INFO] [1774870610.178449566, 1098.282000000]: [Multi Floor Nav] Current Robot Pose, x: 5.43, y: -0.01, yaw: 0.10
[ INFO] [1774870610.178481553, 1098.282000000]: [Multi Floor Nav] Linear Error: 0.65, Angular Error: 0.10
[ INFO] [1774870610.178505788, 1098.283000000]: [Multi Floor Nav] Module C: tr(??)=0.0314, C_t=0.5333 (tau=0.85), frame_ok=0
[ INFO] [1774870610.383733755, 1098.483000000]: [Multi Floor Nav] Current Robot Pose, x: 5.42, y: -0.01, yaw: 0.10
[ INFO] [1774870610.383754428, 1098.483000000]: [Multi Floor Nav] Linear Error: 0.64, Angular Error: 0.10
[ INFO] [1774870610.383766231, 1098.483000000]: [Multi Floor Nav] Module C: tr(??)=0.0332, C_t=0.5151 (tau=0.85), frame_ok=0
[ INFO] [1774870610.586826125, 1098.683000000]: [Multi Floor Nav] Current Robot Pose, x: 5.42, y: -0.01, yaw: 0.10
[ INFO] [1774870610.586886957, 1098.683000000]: [Multi Floor Nav] Linear Error: 0.64, Angular Error: 0.10
[ INFO] [1774870610.586938918, 1098.683000000]: [Multi Floor Nav] Module C: tr(??)=0.0339, C_t=0.5075 (tau=0.85), frame_ok=0
[ INFO] [1774870610.790704136, 1098.883000000]: [Multi Floor Nav] Current Robot Pose, x: 5.41, y: -0.02, yaw: 0.10
[ INFO] [1774870610.790731304, 1098.883000000]: [Multi Floor Nav] Linear Error: 0.63, Angular Error: 0.10
[ INFO] [1774870610.790748415, 1098.883000000]: [Multi Floor Nav] Module C: tr(??)=0.0343, C_t=0.5040 (tau=0.85), frame_ok=0
[ INFO] [1774870610.990803402, 1099.083000000]: [Multi Floor Nav] Current Robot Pose, x: 5.40, y: -0.02, yaw: 0.10
[ INFO] [1774870610.990824913, 1099.083000000]: [Multi Floor Nav] Linear Error: 0.63, Angular Error: 0.10
[ INFO] [1774870610.990836367, 1099.083000000]: [Multi Floor Nav] Module C: tr(??)=0.0340, C_t=0.5071 (tau=0.85), frame_ok=0
[ INFO] [1774870611.192323931, 1099.282000000]: [Multi Floor Nav] Current Robot Pose, x: 5.41, y: -0.02, yaw: 0.10
[ INFO] [1774870611.192366813, 1099.282000000]: [Multi Floor Nav] Linear Error: 0.63, Angular Error: 0.10
[ INFO] [1774870611.192398800, 1099.282000000]: [Multi Floor Nav] Module C: tr(??)=0.0336, C_t=0.5103 (tau=0.85), frame_ok=0
[ INFO] [1774870611.401092346, 1099.487000000]: [Multi Floor Nav] Current Robot Pose, x: 5.40, y: -0.02, yaw: 0.10
[ INFO] [1774870611.401112321, 1099.487000000]: [Multi Floor Nav] Linear Error: 0.63, Angular Error: 0.10
[ INFO] [1774870611.401125311, 1099.487000000]: [Multi Floor Nav] Module C: tr(??)=0.0339, C_t=0.5074 (tau=0.85), frame_ok=0
[ INFO] [1774870611.602716379, 1099.684000000]: [Multi Floor Nav] Current Robot Pose, x: 5.39, y: -0.02, yaw: 0.10
[ INFO] [1774870611.602768411, 1099.684000000]: [Multi Floor Nav] Linear Error: 0.62, Angular Error: 0.10
[ INFO] [1774870611.602796068, 1099.684000000]: [Multi Floor Nav] Module C: tr(??)=0.0356, C_t=0.4903 (tau=0.85), frame_ok=0
[ INFO] [1774870611.803628943, 1099.885000000]: [Multi Floor Nav] Current Robot Pose, x: 5.38, y: -0.02, yaw: 0.10
[ INFO] [1774870611.803652270, 1099.885000000]: [Multi Floor Nav] Linear Error: 0.61, Angular Error: 0.10
[ INFO] [1774870611.803664701, 1099.885000000]: [Multi Floor Nav] Module C: tr(??)=0.0374, C_t=0.4732 (tau=0.85), frame_ok=0
[ INFO] [1774870612.004581525, 1100.083000000]: [Multi Floor Nav] Current Robot Pose, x: 5.37, y: -0.02, yaw: 0.10
[ INFO] [1774870612.004605760, 1100.083000000]: [Multi Floor Nav] Linear Error: 0.61, Angular Error: 0.10
[ INFO] [1774870612.004616795, 1100.083000000]: [Multi Floor Nav] Module C: tr(??)=0.0382, C_t=0.4654 (tau=0.85), frame_ok=0
[ INFO] [1774870612.207968275, 1100.284000000]: [Multi Floor Nav] Current Robot Pose, x: 5.38, y: -0.02, yaw: 0.09
[ INFO] [1774870612.208013043, 1100.284000000]: [Multi Floor Nav] Linear Error: 0.61, Angular Error: 0.09
[ INFO] [1774870612.208044751, 1100.284000000]: [Multi Floor Nav] Module C: tr(??)=0.0394, C_t=0.4550 (tau=0.85), frame_ok=0
[ INFO] [1774870612.407782868, 1100.482000000]: [Multi Floor Nav] Current Robot Pose, x: 5.38, y: -0.02, yaw: 0.09
[ INFO] [1774870612.407815275, 1100.482000000]: [Multi Floor Nav] Linear Error: 0.61, Angular Error: 0.09
[ INFO] [1774870612.407833783, 1100.482000000]: [Multi Floor Nav] Module C: tr(??)=0.0401, C_t=0.4486 (tau=0.85), frame_ok=0
[ INFO] [1774870612.609326794, 1100.682000000]: [Multi Floor Nav] Current Robot Pose, x: 5.39, y: -0.02, yaw: 0.09
[ INFO] [1774870612.609364858, 1100.682000000]: [Multi Floor Nav] Linear Error: 0.61, Angular Error: 0.09
[ INFO] [1774870612.609394889, 1100.682000000]: [Multi Floor Nav] Module C: tr(??)=0.0402, C_t=0.4474 (tau=0.85), frame_ok=0
[ INFO] [1774870612.813569934, 1100.883000000]: [Multi Floor Nav] Current Robot Pose, x: 5.38, y: -0.02, yaw: 0.09
[ INFO] [1774870612.813590746, 1100.883000000]: [Multi Floor Nav] Linear Error: 0.61, Angular Error: 0.09
[ INFO] [1774870612.813601432, 1100.883000000]: [Multi Floor Nav] Module C: tr(??)=0.0429, C_t=0.4240 (tau=0.85), frame_ok=0
[ INFO] [1774870613.015741870, 1101.082000000]: [Multi Floor Nav] Current Robot Pose, x: 5.40, y: -0.02, yaw: 0.09
[ INFO] [1774870613.015776231, 1101.082000000]: [Multi Floor Nav] Linear Error: 0.62, Angular Error: 0.09
[ INFO] [1774870613.015795228, 1101.082000000]: [Multi Floor Nav] Module C: tr(??)=0.0425, C_t=0.4278 (tau=0.85), frame_ok=0
[ INFO] [1774870613.215553530, 1101.282000000]: [Multi Floor Nav] Current Robot Pose, x: 5.40, y: -0.02, yaw: 0.09
[ INFO] [1774870613.215582165, 1101.282000000]: [Multi Floor Nav] Linear Error: 0.63, Angular Error: 0.09
[ INFO] [1774870613.215604444, 1101.282000000]: [Multi Floor Nav] Module C: tr(??)=0.0426, C_t=0.4265 (tau=0.85), frame_ok=0
[ INFO] [1774870613.420245258, 1101.484000000]: [Multi Floor Nav] Current Robot Pose, x: 5.40, y: -0.02, yaw: 0.09
[ INFO] [1774870613.420311397, 1101.484000000]: [Multi Floor Nav] Linear Error: 0.63, Angular Error: 0.09
[ INFO] [1774870613.420357073, 1101.484000000]: [Multi Floor Nav] Module C: tr(??)=0.0428, C_t=0.4247 (tau=0.85), frame_ok=0
[ INFO] [1774870613.622720723, 1101.684000000]: [Multi Floor Nav] Current Robot Pose, x: 5.40, y: -0.02, yaw: 0.09
[ INFO] [1774870613.622765910, 1101.684000000]: [Multi Floor Nav] Linear Error: 0.63, Angular Error: 0.09
[ INFO] [1774870613.622794964, 1101.684000000]: [Multi Floor Nav] Module C: tr(??)=0.0431, C_t=0.4220 (tau=0.85), frame_ok=0
[ INFO] [1774870613.825063769, 1101.883000000]: [Multi Floor Nav] Current Robot Pose, x: 5.40, y: -0.02, yaw: 0.09
[ INFO] [1774870613.825081858, 1101.883000000]: [Multi Floor Nav] Linear Error: 0.63, Angular Error: 0.09
[ INFO] [1774870613.825091915, 1101.883000000]: [Multi Floor Nav] Module C: tr(??)=0.0428, C_t=0.4247 (tau=0.85), frame_ok=0
[ INFO] [1774870614.028313910, 1102.082000000]: [Multi Floor Nav] Current Robot Pose, x: 5.39, y: -0.02, yaw: 0.09
[ INFO] [1774870614.028339332, 1102.082000000]: [Multi Floor Nav] Linear Error: 0.62, Angular Error: 0.09
[ INFO] [1774870614.028352811, 1102.082000000]: [Multi Floor Nav] Module C: tr(??)=0.0421, C_t=0.4307 (tau=0.85), frame_ok=0
[ INFO] [1774870614.231668183, 1102.283000000]: [Multi Floor Nav] Current Robot Pose, x: 5.39, y: -0.02, yaw: 0.09
[ INFO] [1774870614.231687808, 1102.283000000]: [Multi Floor Nav] Linear Error: 0.62, Angular Error: 0.09
[ INFO] [1774870614.231699681, 1102.283000000]: [Multi Floor Nav] Module C: tr(??)=0.0437, C_t=0.4171 (tau=0.85), frame_ok=0
[ INFO] [1774870614.432993158, 1102.482000000]: [Multi Floor Nav] Current Robot Pose, x: 5.38, y: -0.02, yaw: 0.08
[ INFO] [1774870614.433019208, 1102.482000000]: [Multi Floor Nav] Linear Error: 0.61, Angular Error: 0.08
[ INFO] [1774870614.433035621, 1102.482000000]: [Multi Floor Nav] Module C: tr(??)=0.0452, C_t=0.4050 (tau=0.85), frame_ok=0
[ INFO] [1774870614.636545011, 1102.683000000]: [Multi Floor Nav] Current Robot Pose, x: 5.39, y: -0.02, yaw: 0.09
[ INFO] [1774870614.636569665, 1102.683000000]: [Multi Floor Nav] Linear Error: 0.61, Angular Error: 0.09
[ INFO] [1774870614.636582306, 1102.683000000]: [Multi Floor Nav] Module C: tr(??)=0.0439, C_t=0.4159 (tau=0.85), frame_ok=0
[ INFO] [1774870614.841255038, 1102.884000000]: [Multi Floor Nav] Current Robot Pose, x: 5.38, y: -0.02, yaw: 0.09
[ INFO] [1774870614.841282206, 1102.884000000]: [Multi Floor Nav] Linear Error: 0.61, Angular Error: 0.09
[ INFO] [1774870614.841298409, 1102.884000000]: [Multi Floor Nav] Module C: tr(??)=0.0436, C_t=0.4177 (tau=0.85), frame_ok=0
[ INFO] [1774870615.045306464, 1103.084000000]: [Multi Floor Nav] Current Robot Pose, x: 5.38, y: -0.02, yaw: 0.09
[ INFO] [1774870615.045368483, 1103.084000000]: [Multi Floor Nav] Linear Error: 0.61, Angular Error: 0.09
[ INFO] [1774870615.045419397, 1103.084000000]: [Multi Floor Nav] Module C: tr(??)=0.0441, C_t=0.4136 (tau=0.85), frame_ok=0
[ INFO] [1774870615.249580543, 1103.284000000]: [Multi Floor Nav] Current Robot Pose, x: 5.36, y: -0.03, yaw: 0.09
[ INFO] [1774870615.249641584, 1103.284000000]: [Multi Floor Nav] Linear Error: 0.59, Angular Error: 0.09
[ INFO] [1774870615.249688936, 1103.284000000]: [Multi Floor Nav] Module C: tr(??)=0.0458, C_t=0.4002 (tau=0.85), frame_ok=0
[ INFO] [1774870615.451065872, 1103.483000000]: [Multi Floor Nav] Current Robot Pose, x: 5.36, y: -0.03, yaw: 0.08
[ INFO] [1774870615.451131174, 1103.483000000]: [Multi Floor Nav] Linear Error: 0.60, Angular Error: 0.08
[ INFO] [1774870615.451181180, 1103.483000000]: [Multi Floor Nav] Module C: tr(??)=0.0465, C_t=0.3946 (tau=0.85), frame_ok=0
[ INFO] [1774870615.653278805, 1103.684000000]: [Multi Floor Nav] Current Robot Pose, x: 5.38, y: -0.02, yaw: 0.08
[ INFO] [1774870615.653332792, 1103.684000000]: [Multi Floor Nav] Linear Error: 0.61, Angular Error: 0.08
[ INFO] [1774870615.653362334, 1103.684000000]: [Multi Floor Nav] Module C: tr(??)=0.0452, C_t=0.4047 (tau=0.85), frame_ok=0
[ INFO] [1774870615.855618918, 1103.884000000]: [Multi Floor Nav] Current Robot Pose, x: 5.38, y: -0.02, yaw: 0.08
[ INFO] [1774870615.855639521, 1103.884000000]: [Multi Floor Nav] Linear Error: 0.61, Angular Error: 0.08
[ INFO] [1774870615.855657959, 1103.884000000]: [Multi Floor Nav] Module C: tr(??)=0.0456, C_t=0.4018 (tau=0.85), frame_ok=0
[ INFO] [1774870616.055107144, 1104.083000000]: [Multi Floor Nav] Current Robot Pose, x: 5.38, y: -0.02, yaw: 0.08
[ INFO] [1774870616.055130541, 1104.083000000]: [Multi Floor Nav] Linear Error: 0.61, Angular Error: 0.08
[ INFO] [1774870616.055142414, 1104.083000000]: [Multi Floor Nav] Module C: tr(??)=0.0451, C_t=0.4061 (tau=0.85), frame_ok=0
[ INFO] [1774870616.259113174, 1104.282000000]: [Multi Floor Nav] Current Robot Pose, x: 5.37, y: -0.02, yaw: 0.08
[ INFO] [1774870616.259141320, 1104.282000000]: [Multi Floor Nav] Linear Error: 0.60, Angular Error: 0.08
[ INFO] [1774870616.259157174, 1104.282000000]: [Multi Floor Nav] Module C: tr(??)=0.0456, C_t=0.4021 (tau=0.85), frame_ok=0
[ INFO] [1774870616.457546313, 1104.482000000]: [Multi Floor Nav] Current Robot Pose, x: 5.37, y: -0.02, yaw: 0.08
[ INFO] [1774870616.457579697, 1104.482000000]: [Multi Floor Nav] Linear Error: 0.60, Angular Error: 0.08
[ INFO] [1774870616.457593525, 1104.483000000]: [Multi Floor Nav] Module C: tr(??)=0.0455, C_t=0.4027 (tau=0.85), frame_ok=0
[ INFO] [1774870616.657281637, 1104.682000000]: [Multi Floor Nav] Current Robot Pose, x: 5.38, y: -0.02, yaw: 0.08
[ INFO] [1774870616.657314532, 1104.682000000]: [Multi Floor Nav] Linear Error: 0.61, Angular Error: 0.08
[ INFO] [1774870616.657335135, 1104.682000000]: [Multi Floor Nav] Module C: tr(??)=0.0445, C_t=0.4103 (tau=0.85), frame_ok=0
[ INFO] [1774870616.864333641, 1104.882000000]: [Multi Floor Nav] Current Robot Pose, x: 5.37, y: -0.02, yaw: 0.08
[ INFO] [1774870616.864359272, 1104.882000000]: [Multi Floor Nav] Linear Error: 0.60, Angular Error: 0.08
[ INFO] [1774870616.864373241, 1104.883000000]: [Multi Floor Nav] Module C: tr(??)=0.0455, C_t=0.4024 (tau=0.85), frame_ok=0
[ INFO] [1774870617.064860612, 1105.083000000]: [Multi Floor Nav] Current Robot Pose, x: 5.36, y: -0.03, yaw: 0.08
[ INFO] [1774870617.064882612, 1105.083000000]: [Multi Floor Nav] Linear Error: 0.59, Angular Error: 0.08
[ INFO] [1774870617.064894485, 1105.083000000]: [Multi Floor Nav] Module C: tr(??)=0.0452, C_t=0.4053 (tau=0.85), frame_ok=0
[ INFO] [1774870617.271575354, 1105.282000000]: [Multi Floor Nav] Current Robot Pose, x: 5.36, y: -0.03, yaw: 0.08
[ INFO] [1774870617.271606782, 1105.282000000]: [Multi Floor Nav] Linear Error: 0.59, Angular Error: 0.08
[ INFO] [1774870617.271622427, 1105.282000000]: [Multi Floor Nav] Module C: tr(??)=0.0454, C_t=0.4031 (tau=0.85), frame_ok=0
[ INFO] [1774870617.471853761, 1105.482000000]: [Multi Floor Nav] Current Robot Pose, x: 5.37, y: -0.02, yaw: 0.08
[ INFO] [1774870617.471874644, 1105.482000000]: [Multi Floor Nav] Linear Error: 0.60, Angular Error: 0.08
[ INFO] [1774870617.471887145, 1105.482000000]: [Multi Floor Nav] Module C: tr(??)=0.0460, C_t=0.3988 (tau=0.85), frame_ok=0
[ INFO] [1774870617.672752426, 1105.682000000]: [Multi Floor Nav] Current Robot Pose, x: 5.37, y: -0.02, yaw: 0.08
[ INFO] [1774870617.672778198, 1105.682000000]: [Multi Floor Nav] Linear Error: 0.60, Angular Error: 0.08
[ INFO] [1774870617.672796077, 1105.683000000]: [Multi Floor Nav] Module C: tr(??)=0.0458, C_t=0.3999 (tau=0.85), frame_ok=0
[ INFO] [1774870617.874638433, 1105.883000000]: [Multi Floor Nav] Current Robot Pose, x: 5.35, y: -0.03, yaw: 0.08
[ INFO] [1774870617.874675100, 1105.883000000]: [Multi Floor Nav] Linear Error: 0.59, Angular Error: 0.08
[ INFO] [1774870617.874693189, 1105.883000000]: [Multi Floor Nav] Module C: tr(??)=0.0448, C_t=0.4082 (tau=0.85), frame_ok=0
[ INFO] [1774870618.073579875, 1106.082000000]: [Multi Floor Nav] Current Robot Pose, x: 5.36, y: -0.03, yaw: 0.08
[ INFO] [1774870618.073600758, 1106.082000000]: [Multi Floor Nav] Linear Error: 0.59, Angular Error: 0.08
[ INFO] [1774870618.073613329, 1106.082000000]: [Multi Floor Nav] Module C: tr(??)=0.0446, C_t=0.4096 (tau=0.85), frame_ok=0
[ INFO] [1774870618.274050275, 1106.282000000]: [Multi Floor Nav] Current Robot Pose, x: 5.36, y: -0.03, yaw: 0.08
[ INFO] [1774870618.274075069, 1106.282000000]: [Multi Floor Nav] Linear Error: 0.60, Angular Error: 0.08
[ INFO] [1774870618.274087570, 1106.282000000]: [Multi Floor Nav] Module C: tr(??)=0.0461, C_t=0.3981 (tau=0.85), frame_ok=0
[ INFO] [1774870618.475775438, 1106.483000000]: [Multi Floor Nav] Current Robot Pose, x: 5.36, y: -0.03, yaw: 0.08
[ INFO] [1774870618.475798346, 1106.483000000]: [Multi Floor Nav] Linear Error: 0.59, Angular Error: 0.08
[ INFO] [1774870618.475813711, 1106.483000000]: [Multi Floor Nav] Module C: tr(??)=0.0460, C_t=0.3986 (tau=0.85), frame_ok=0
[ INFO] [1774870618.676190804, 1106.682000000]: [Multi Floor Nav] Current Robot Pose, x: 5.35, y: -0.03, yaw: 0.08
[ INFO] [1774870618.676212245, 1106.682000000]: [Multi Floor Nav] Linear Error: 0.59, Angular Error: 0.08
[ INFO] [1774870618.676224188, 1106.682000000]: [Multi Floor Nav] Module C: tr(??)=0.0461, C_t=0.3977 (tau=0.85), frame_ok=0
[ INFO] [1774870618.876967527, 1106.883000000]: [Multi Floor Nav] Current Robot Pose, x: 5.36, y: -0.03, yaw: 0.08
[ INFO] [1774870618.876988339, 1106.883000000]: [Multi Floor Nav] Linear Error: 0.59, Angular Error: 0.08
[ INFO] [1774870618.877000422, 1106.883000000]: [Multi Floor Nav] Module C: tr(??)=0.0478, C_t=0.3841 (tau=0.85), frame_ok=0
[ INFO] [1774870619.076852799, 1107.082000000]: [Multi Floor Nav] Current Robot Pose, x: 5.35, y: -0.03, yaw: 0.08
[ INFO] [1774870619.076881923, 1107.082000000]: [Multi Floor Nav] Linear Error: 0.58, Angular Error: 0.08
[ INFO] [1774870619.076898615, 1107.082000000]: [Multi Floor Nav] Module C: tr(??)=0.0470, C_t=0.3908 (tau=0.85), frame_ok=0
[ INFO] [1774870619.283206324, 1107.283000000]: [Multi Floor Nav] Current Robot Pose, x: 5.35, y: -0.03, yaw: 0.08
[ INFO] [1774870619.283233212, 1107.283000000]: [Multi Floor Nav] Linear Error: 0.59, Angular Error: 0.08
[ INFO] [1774870619.283247669, 1107.283000000]: [Multi Floor Nav] Module C: tr(??)=0.0468, C_t=0.3920 (tau=0.85), frame_ok=0
[ INFO] [1774870619.480032911, 1107.483000000]: [Multi Floor Nav] Current Robot Pose, x: 5.35, y: -0.03, yaw: 0.08
[ INFO] [1774870619.480061476, 1107.483000000]: [Multi Floor Nav] Linear Error: 0.59, Angular Error: 0.08
[ INFO] [1774870619.480079565, 1107.483000000]: [Multi Floor Nav] Module C: tr(??)=0.0458, C_t=0.3998 (tau=0.85), frame_ok=0
[ INFO] [1774870619.678852830, 1107.682000000]: [Multi Floor Nav] Current Robot Pose, x: 5.35, y: -0.03, yaw: 0.08
[ INFO] [1774870619.678875109, 1107.682000000]: [Multi Floor Nav] Linear Error: 0.59, Angular Error: 0.08
[ INFO] [1774870619.678895083, 1107.682000000]: [Multi Floor Nav] Module C: tr(??)=0.0461, C_t=0.3975 (tau=0.85), frame_ok=0
[ INFO] [1774870619.887688641, 1107.882000000]: [Multi Floor Nav] Current Robot Pose, x: 5.36, y: -0.03, yaw: 0.07
[ INFO] [1774870619.887716368, 1107.882000000]: [Multi Floor Nav] Linear Error: 0.60, Angular Error: 0.07
[ INFO] [1774870619.887732432, 1107.882000000]: [Multi Floor Nav] Module C: tr(??)=0.0476, C_t=0.3857 (tau=0.85), frame_ok=0
[ INFO] [1774870620.085569408, 1108.083000000]: [Multi Floor Nav] Current Robot Pose, x: 5.36, y: -0.03, yaw: 0.08
[ INFO] [1774870620.085595110, 1108.083000000]: [Multi Floor Nav] Linear Error: 0.60, Angular Error: 0.08
[ INFO] [1774870620.085607542, 1108.083000000]: [Multi Floor Nav] Module C: tr(??)=0.0464, C_t=0.3956 (tau=0.85), frame_ok=0
[ INFO] [1774870620.283493058, 1108.283000000]: [Multi Floor Nav] Current Robot Pose, x: 5.36, y: -0.03, yaw: 0.07
[ INFO] [1774870620.283512334, 1108.283000000]: [Multi Floor Nav] Linear Error: 0.60, Angular Error: 0.07
[ INFO] [1774870620.283524766, 1108.283000000]: [Multi Floor Nav] Module C: tr(??)=0.0475, C_t=0.3865 (tau=0.85), frame_ok=0
[ INFO] [1774870620.483569345, 1108.483000000]: [Multi Floor Nav] Current Robot Pose, x: 5.36, y: -0.03, yaw: 0.07
[ INFO] [1774870620.483601682, 1108.483000000]: [Multi Floor Nav] Linear Error: 0.60, Angular Error: 0.07
[ INFO] [1774870620.483616488, 1108.483000000]: [Multi Floor Nav] Module C: tr(??)=0.0472, C_t=0.3891 (tau=0.85), frame_ok=0
[ INFO] [1774870620.683531932, 1108.682000000]: [Multi Floor Nav] Current Robot Pose, x: 5.37, y: -0.03, yaw: 0.07
[ INFO] [1774870620.683565735, 1108.682000000]: [Multi Floor Nav] Linear Error: 0.60, Angular Error: 0.07
[ INFO] [1774870620.683582986, 1108.682000000]: [Multi Floor Nav] Module C: tr(??)=0.0473, C_t=0.3880 (tau=0.85), frame_ok=0
[ INFO] [1774870620.884506863, 1108.883000000]: [Multi Floor Nav] Current Robot Pose, x: 5.36, y: -0.03, yaw: 0.07
[ INFO] [1774870620.884528724, 1108.883000000]: [Multi Floor Nav] Linear Error: 0.60, Angular Error: 0.07
[ INFO] [1774870620.884540806, 1108.883000000]: [Multi Floor Nav] Module C: tr(??)=0.0475, C_t=0.3866 (tau=0.85), frame_ok=0
[ INFO] [1774870621.085193142, 1109.082000000]: [Multi Floor Nav] Current Robot Pose, x: 5.36, y: -0.03, yaw: 0.07
[ INFO] [1774870621.085220380, 1109.082000000]: [Multi Floor Nav] Linear Error: 0.59, Angular Error: 0.07
[ INFO] [1774870621.085236094, 1109.082000000]: [Multi Floor Nav] Module C: tr(??)=0.0477, C_t=0.3849 (tau=0.85), frame_ok=0
[ INFO] [1774870621.286374454, 1109.283000000]: [Multi Floor Nav] Current Robot Pose, x: 5.36, y: -0.03, yaw: 0.07
[ INFO] [1774870621.286395127, 1109.283000000]: [Multi Floor Nav] Linear Error: 0.59, Angular Error: 0.07
[ INFO] [1774870621.286406930, 1109.283000000]: [Multi Floor Nav] Module C: tr(??)=0.0482, C_t=0.3813 (tau=0.85), frame_ok=0
[ INFO] [1774870621.486582392, 1109.483000000]: [Multi Floor Nav] Current Robot Pose, x: 5.35, y: -0.03, yaw: 0.07
[ INFO] [1774870621.486607185, 1109.483000000]: [Multi Floor Nav] Linear Error: 0.59, Angular Error: 0.07
[ INFO] [1774870621.486621153, 1109.483000000]: [Multi Floor Nav] Module C: tr(??)=0.0483, C_t=0.3809 (tau=0.85), frame_ok=0
[ INFO] [1774870621.686544769, 1109.683000000]: [Multi Floor Nav] Current Robot Pose, x: 5.36, y: -0.03, yaw: 0.07
[ INFO] [1774870621.686572426, 1109.683000000]: [Multi Floor Nav] Linear Error: 0.60, Angular Error: 0.07
[ INFO] [1774870621.686585416, 1109.683000000]: [Multi Floor Nav] Module C: tr(??)=0.0488, C_t=0.3769 (tau=0.85), frame_ok=0
[ INFO] [1774870621.887998111, 1109.883000000]: [Multi Floor Nav] Current Robot Pose, x: 5.38, y: -0.03, yaw: 0.07
[ INFO] [1774870621.888018504, 1109.883000000]: [Multi Floor Nav] Linear Error: 0.61, Angular Error: 0.07
[ INFO] [1774870621.888031006, 1109.883000000]: [Multi Floor Nav] Module C: tr(??)=0.0499, C_t=0.3683 (tau=0.85), frame_ok=0
[ INFO] [1774870622.088200950, 1110.082000000]: [Multi Floor Nav] Current Robot Pose, x: 5.37, y: -0.03, yaw: 0.07
[ INFO] [1774870622.088218131, 1110.082000000]: [Multi Floor Nav] Linear Error: 0.60, Angular Error: 0.07
[ INFO] [1774870622.088229166, 1110.083000000]: [Multi Floor Nav] Module C: tr(??)=0.0502, C_t=0.3668 (tau=0.85), frame_ok=0
[ INFO] [1774870622.289136491, 1110.283000000]: [Multi Floor Nav] Current Robot Pose, x: 5.37, y: -0.03, yaw: 0.07
[ INFO] [1774870622.289158491, 1110.283000000]: [Multi Floor Nav] Linear Error: 0.60, Angular Error: 0.07
[ INFO] [1774870622.289170923, 1110.283000000]: [Multi Floor Nav] Module C: tr(??)=0.0499, C_t=0.3685 (tau=0.85), frame_ok=0
[ INFO] [1774870622.492675844, 1110.482000000]: [Multi Floor Nav] Current Robot Pose, x: 5.37, y: -0.03, yaw: 0.07
[ INFO] [1774870622.492704967, 1110.482000000]: [Multi Floor Nav] Linear Error: 0.60, Angular Error: 0.07
[ INFO] [1774870622.492718237, 1110.482000000]: [Multi Floor Nav] Module C: tr(??)=0.0502, C_t=0.3663 (tau=0.85), frame_ok=0
[ INFO] [1774870622.690592718, 1110.682000000]: [Multi Floor Nav] Current Robot Pose, x: 5.36, y: -0.03, yaw: 0.07
[ INFO] [1774870622.690614788, 1110.682000000]: [Multi Floor Nav] Linear Error: 0.59, Angular Error: 0.07
[ INFO] [1774870622.690626032, 1110.682000000]: [Multi Floor Nav] Module C: tr(??)=0.0499, C_t=0.3684 (tau=0.85), frame_ok=0
[ INFO] [1774870622.895867619, 1110.883000000]: [Multi Floor Nav] Current Robot Pose, x: 5.35, y: -0.03, yaw: 0.07
[ INFO] [1774870622.895895834, 1110.883000000]: [Multi Floor Nav] Linear Error: 0.59, Angular Error: 0.07
[ INFO] [1774870622.895910501, 1110.883000000]: [Multi Floor Nav] Module C: tr(??)=0.0503, C_t=0.3655 (tau=0.85), frame_ok=0
[ WARN] [1774870624.298742702, 1112.283000000]: [Multi Floor Nav] Initial pose perturbation applied: offset_x=0.40, offset_y=0.40, offset_theta=0.20
[ WARN] [1774870624.298804232, 1112.283000000]: [Multi Floor Nav] Retry #1: sigma scaled by 1.300 ??? (0.195, 0.195, 0.117)
[ INFO] [1774870623.092725774, 1111.083000000]: [Multi Floor Nav] Current Robot Pose, x: 5.32, y: -0.04, yaw: 0.07
[ INFO] [1774870623.092752942, 1111.083000000]: [Multi Floor Nav] Linear Error: 0.56, Angular Error: 0.07
[ INFO] [1774870623.092766771, 1111.083000000]: [Multi Floor Nav] Module C: tr(??)=0.0472, C_t=0.3890 (tau=0.85), frame_ok=0
[ INFO] [1774870623.291785247, 1111.282000000]: [Multi Floor Nav] Current Robot Pose, x: 5.33, y: -0.03, yaw: 0.07
[ INFO] [1774870623.291808714, 1111.282000000]: [Multi Floor Nav] Linear Error: 0.57, Angular Error: 0.07
[ INFO] [1774870623.291825895, 1111.282000000]: [Multi Floor Nav] Module C: tr(??)=0.0490, C_t=0.3750 (tau=0.85), frame_ok=0
[ INFO] [1774870623.492921092, 1111.482000000]: [Multi Floor Nav] Current Robot Pose, x: 5.34, y: -0.03, yaw: 0.07
[ INFO] [1774870623.492951403, 1111.482000000]: [Multi Floor Nav] Linear Error: 0.58, Angular Error: 0.07
[ INFO] [1774870623.492976197, 1111.483000000]: [Multi Floor Nav] Module C: tr(??)=0.0501, C_t=0.3669 (tau=0.85), frame_ok=0
[ INFO] [1774870623.694632636, 1111.683000000]: [Multi Floor Nav] Current Robot Pose, x: 5.36, y: -0.03, yaw: 0.06
[ INFO] [1774870623.694658408, 1111.683000000]: [Multi Floor Nav] Linear Error: 0.59, Angular Error: 0.06
[ INFO] [1774870623.694673703, 1111.684000000]: [Multi Floor Nav] Module C: tr(??)=0.0507, C_t=0.3627 (tau=0.85), frame_ok=0
[ INFO] [1774870623.894538233, 1111.883000000]: [Multi Floor Nav] Current Robot Pose, x: 5.34, y: -0.03, yaw: 0.07
[ INFO] [1774870623.894560233, 1111.883000000]: [Multi Floor Nav] Linear Error: 0.58, Angular Error: 0.07
[ INFO] [1774870623.894577972, 1111.883000000]: [Multi Floor Nav] Module C: tr(??)=0.0501, C_t=0.3674 (tau=0.85), frame_ok=0
[ INFO] [1774870624.094197779, 1112.082000000]: [Multi Floor Nav] Current Robot Pose, x: 5.36, y: -0.03, yaw: 0.06
[ INFO] [1774870624.094226903, 1112.082000000]: [Multi Floor Nav] Linear Error: 0.59, Angular Error: 0.06
[ INFO] [1774870624.094244433, 1112.082000000]: [Multi Floor Nav] Module C: tr(??)=0.0507, C_t=0.3631 (tau=0.85), frame_ok=0
[ INFO] [1774870624.094262662, 1112.082000000]: [Multi Floor Nav] Setting initial pose failed. Will Retry (retry #1)
[ INFO] [1774870624.298786492, 1112.283000000]: [Multi Floor Nav] Adaptive sigma: offset_planar=0.566, adaptive_scale=0.198, adaptive_yaw=0.090 ??? sigma(0.150, 0.150, 0.090)
[ INFO] [1774870624.298817990, 1112.283000000]: [Multi Floor Nav] Initializing Robot at x: 5.4, y: -0.1, yaw: 0.2 (level=0, sigma: x=0.195, y=0.195, yaw=0.117, retry=1)
[ INFO] [1774870624.298837127, 1112.283000000]: [Multi Floor Nav] Initializing Pose to x: 5.00, y: -0.50 at level: 0
[ INFO] [1774870625.304560841, 1113.286000000]: [Multi Floor Nav] Waiting for AMCL nomotion updates (1.0/6.0s, L0)...
[ INFO] [1774870626.505620596, 1114.485000000]: [Multi Floor Nav] Waiting for AMCL nomotion updates (2.2/6.0s, L0)...
[ INFO] [1774870627.509766113, 1115.485000000]: [Multi Floor Nav] Waiting for AMCL nomotion updates (3.2/6.0s, L0)...
[ INFO] [1774870628.519566933, 1116.485000000]: [Multi Floor Nav] Waiting for AMCL nomotion updates (4.2/6.0s, L0)...
[ INFO] [1774870629.516889966, 1117.485000000]: [Multi Floor Nav] Waiting for AMCL nomotion updates (5.2/6.0s, L0)...
[ INFO] [1774870630.319899219, 1118.285000000]: [Multi Floor Nav] Current Robot Pose, x: 4.94, y: -0.06, yaw: 0.05
[ INFO] [1774870630.319922127, 1118.285000000]: [Multi Floor Nav] Linear Error: 0.45, Angular Error: 0.05
[ INFO] [1774870630.319933092, 1118.285000000]: [Multi Floor Nav] Module C: tr(??)=0.0271, C_t=0.5818 (tau=0.85), frame_ok=0
[ INFO] [1774870630.522503820, 1118.485000000]: [Multi Floor Nav] Current Robot Pose, x: 4.93, y: -0.06, yaw: 0.05
[ INFO] [1774870630.522528264, 1118.485000000]: [Multi Floor Nav] Linear Error: 0.45, Angular Error: 0.05
[ INFO] [1774870630.522540556, 1118.485000000]: [Multi Floor Nav] Module C: tr(??)=0.0188, C_t=0.6873 (tau=0.85), frame_ok=0
[ INFO] [1774870630.723154480, 1118.685000000]: [Multi Floor Nav] Current Robot Pose, x: 4.92, y: -0.06, yaw: 0.05
[ INFO] [1774870630.723179204, 1118.685000000[ WARN] [1774870685.057448386, 1172.490000000]: [Multi Floor Nav] Initial pose perturbation applied: offset_x=0.40, offset_y=0.40, offset_theta=0.20
]: [Multi Floor Nav] Linear Error: 0.45, Angular Error: 0.05
[ INFO] [1774870630.723205953, 1118.685000000]: [Multi Floor Nav] Module C: tr(??)=0.0104, C_t=0.8121 (tau=0.85), frame_ok=0
[ INFO] [1774870630.926482214, 1118.887000000]: [Multi Floor Nav] Current Robot Pose, x: 4.91, y: -0.06, yaw: 0.05
[ INFO] [1774870630.926528798, 1118.887000000]: [Multi Floor Nav] Linear Error: 0.45, Angular Error: 0.05
[ INFO] [1774870630.926556944, 1118.887000000]: [Multi Floor Nav] Module C: tr(??)=0.0072, C_t=0.8657 (tau=0.85), frame_ok=1
[ INFO] [1774870631.126671644, 1119.086000000]: [Multi Floor Nav] Current Robot Pose, x: 4.91, y: -0.06, yaw: 0.05
[ INFO] [1774870631.126691549, 1119.086000000]: [Multi Floor Nav] Linear Error: 0.45, Angular Error: 0.05
[ INFO] [1774870631.126704120, 1119.086000000]: [Multi Floor Nav] Module C: tr(??)=0.0064, C_t=0.8792 (tau=0.85), frame_ok=1
[ INFO] [1774870631.126715923, 1119.086000000]: [Multi Floor Nav] Module C: reloc passed (consecutive 2 >= K=2)
[ INFO] [1774870631.126723396, 1119.086000000]: [Multi Floor Nav] Robot at correct pose
[ INFO] [1774870631.128055403, 1119.087000000]: [Multi Floor Nav] RELOC_PASS: linear_error=0.4522, angular_error=0.0496, linear_error_init=0.4939, angular_error_init=0.1504, tr_sigma=0.0064, C_t=0.8792
[ INFO] [1774870632.136412960, 1120.088000000]: [Multi Floor Nav] POST_PASS: dt=1.000s, linear_error=0.4523, angular_error=0.0490
[ INFO] [1774870632.136435378, 1120.088000000]: [Multi Floor Nav] Will send goal to x: 3, y: -0, at level: 0
[ INFO] [1774870632.136446763, 1120.088000000]: [Multi Floor Nav] Sending Robot to x: 3.0, y: -0.5, yaw: 3.1
[ INFO] [1774870632.337800651, 1120.287000000]: [Multi Floor Nav] POST_PASS: dt=1.200s, linear_error=0.4523, angular_error=0.0490
[ INFO] [1774870632.540263125, 1120.488000000]: [Multi Floor Nav] POST_PASS: dt=1.401s, linear_error=0.4523, angular_error=0.0490
[ INFO] [1774870632.742307881, 1120.687000000]: [Multi Floor Nav] POST_PASS: dt=1.600s, linear_error=0.4257, angular_error=0.3348
[ INFO] [1774870632.944707428, 1120.887000000]: [Multi Floor Nav] POST_PASS: dt=1.800s, linear_error=0.3894, angular_error=0.7448
[ INFO] [1774870633.146651613, 1121.088000000]: [Multi Floor Nav] POST_PASS: dt=2.000s, linear_error=0.3894, angular_error=0.7448
[ INFO] [1774870647.658429920, 1135.487000000]: [Multi Floor Nav] Requesting Lift to Level 0
[ INFO] [1774870647.861836225, 1135.688000000]: [Multi Floor Nav] Entering Lift at Level 0
[ INFO] [1774870665.201543396, 1152.887000000]: [Multi Floor Nav] Requesting Lift to Level 1
[ INFO] [1774870672.265557023, 1159.887000000]: [Multi Floor Nav] Exiting Lift at Level 1
[ INFO] [1774870685.010674842, 1172.445000000]: [Multi Floor Nav] Successfully loaded map for level: 1
[ INFO] [1774870685.057549307, 1172.491000000]: [Multi Floor Nav] Adaptive sigma: offset_planar=0.566, adaptive_scale=0.198, adaptive_yaw=0.090 ??? sigma(0.198, 0.198, 0.090)
[ INFO] [1774870685.057606017, 1172.491000000]: [Multi Floor Nav] Initializing Robot at x: 3.4, y: -0.1, yaw: 3.3 (level=1, sigma: x=0.198, y=0.198, yaw=0.090, retry=0)
[ INFO] [1774870685.057667477, 1172.491000000]: [Multi Floor Nav] Initializing Pose to x: 3.00, y: -0.50 at level: 1
[ INFO] [1774870686.076084159, 1173.493000000]: [Multi Floor Nav] Waiting for AMCL nomotion updates (1.0/12.0s, L1)...
[ INFO] [1774870687.097152143, 1174.493000000]: [Multi Floor Nav] Waiting for AMCL nomotion updates (2.0/12.0s, L1)...
[ INFO] [1774870688.113850527, 1175.493000000]: [Multi Floor Nav] Waiting for AMCL nomotion updates (3.0/12.0s, L1)...
[ INFO] [1774870689.131515301, 1176.494000000]: [Multi Floor Nav] Waiting for AMCL nomotion updates (4.0/12.0s, L1)...
[ INFO] [1774870690.148992412, 1177.495000000]: [Multi Floor Nav] Waiting for AMCL nomotion updates (5.0/12.0s, L1)...
[ INFO] [1774870691.368770036, 1178.695000000]: [Multi Floor Nav] Waiting for AMCL nomotion updates (6.2/12.0s, L1)...
[ INFO] [1774870692.588285756, 1179.893000000]: [Multi Floor Nav] Waiting for AMCL nomotion updates (7.4/12.0s, L1)...
[ INFO] [1774870693.603983319, 1180.895000000]: [Multi Floor Nav] Waiting for AMCL nomotion updates (8.4/12.0s, L1)...
[ INFO] [1774870694.816142341, 1182.094000000]: [Multi Floor Nav] Waiting for AMCL nomotion updates (9.6/12.0s, L1)...
[ INFO] [1774870695.825953288, 1183.094000000]: [Multi Floor Nav] Waiting for AMCL nomotion updates (10.6/12.0s, L1)...
[ INFO] [1774870696.840279733, 1184.094000000]: [Multi Floor Nav] Waiting for AMCL nomotion updates (11.6/12.0s, L1)...
[ INFO] [1774870697.241273193, 1184.493000000]: [Multi Floor Nav] Current Robot Pose, x: 3.62, y: -0.62, yaw: 3.02
[ INFO] [1774870697.241291981, 1184.493000000]: [Multi Floor Nav] Linear Error: 0.63, Angular Error: 0.13
[ INFO] [1774870697.241304412, 1184.493000000]: [Multi Floor Nav] Module C: tr(??)=0.0616, C_t=0.2915 (tau=0.85), frame_ok=0
[ INFO] [1774870697.444201437, 1184.694000000]: [Multi Floor Nav] Current Robot Pose, x: 3.60, y: -0.61, yaw: 3.02
[ INFO] [1774870697.444220573, 1184.694000000]: [Multi Floor Nav] Linear Error: 0.61, Angular Error: 0.12
[ INFO] [1774870697.444229583, 1184.694000000]: [Multi Floor Nav] Module C: tr(??)=0.0633, C_t=0.2822 (tau=0.85), frame_ok=0
[ INFO] [1774870697.649658832, 1184.895000000]: [Multi Floor Nav] Current Robot Pose, x: 3.59, y: -0.60, yaw: 3.02
[ INFO] [1774870697.649725739, 1184.895000000]: [Multi Floor Nav] Linear Error: 0.60, Angular Error: 0.12
[ INFO] [1774870697.649758565, 1184.895000000]: [Multi Floor Nav] Module C: tr(??)=0.0650, C_t=0.2723 (tau=0.85), frame_ok=0
[ INFO] [1774870697.850885959, 1185.094000000]: [Multi Floor Nav] Current Robot Pose, x: 3.57, y: -0.59, yaw: 3.03
[ INFO] [1774870697.850943228, 1185.094000000]: [Multi Floor Nav] Linear Error: 0.58, Angular Error: 0.11
[ INFO] [1774870697.850973749, 1185.095000000]: [Multi Floor Nav] Module C: tr(??)=0.0665, C_t=0.2647 (tau=0.85), frame_ok=0
[ INFO] [1774870698.055609046, 1185.295000000]: [Multi Floor Nav] Current Robot Pose, x: 3.56, y: -0.59, yaw: 3.03
[ INFO] [1774870698.055665407, 1185.295000000]: [Multi Floor Nav] Linear Error: 0.56, Angular Error: 0.11
[ INFO] [1774870698.055703051, 1185.295000000]: [Multi Floor Nav] Module C: tr(??)=0.0668, C_t=0.2631 (tau=0.85), frame_ok=0
[ INFO] [1774870698.255515759, 1185.493000000]: [Multi Floor Nav] Current Robot Pose, x: 3.53, y: -0.57, yaw: 3.04
[ INFO] [1774870698.255533569, 1185.493000000]: [Multi Floor Nav] Linear Error: 0.54, Angular Error: 0.10
[ INFO] [1774870698.255544045, 1185.493000000]: [Multi Floor Nav] Module C: tr(??)=0.0662, C_t=0.2661 (tau=0.85), frame_ok=0
[ INFO] [1774870698.459535827, 1185.694000000]: [Multi Floor Nav] Current Robot Pose, x: 3.52, y: -0.56, yaw: 3.05
[ INFO] [1774870698.459553357, 1185.694000000]: [Multi Floor Nav] Linear Error: 0.52, Angular Error: 0.10
[ INFO] [1774870698.459563414, 1185.694000000]: [Multi Floor Nav] Module C: tr(??)=0.0647, C_t=0.2743 (tau=0.85), frame_ok=0
[ INFO] [1774870698.664778670, 1185.895000000]: [Multi Floor Nav] Current Robot Pose, x: 3.51, y: -0.56, yaw: 3.05
[ INFO] [1774870698.664824486, 1185.895000000]: [Multi Floor Nav] Linear Error: 0.51, Angular Error: 0.09
[ INFO] [1774870698.664854517, 1185.895000000]: [Multi Floor Nav] Module C: tr(??)=0.0634, C_t=0.2815 (tau=0.85), frame_ok=0
[ INFO] [1774870698.866428754, 1186.093000000]: [Multi Floor Nav] Current Robot Pose, x: 3.48, y: -0.55, yaw: 3.05
[ INFO] [1774870698.866450195, 1186.093000000]: [Multi Floor Nav] Linear Error: 0.49, Angular Error: 0.09
[ INFO] [1774870698.866467097, 1186.094000000]: [Multi Floor Nav] Module C: tr(??)=0.0599, C_t=0.3019 (tau=0.85), frame_ok=0
[ INFO] [1774870699.072224947, 1186.295000000]: [Multi Floor Nav] Current Robot Pose, x: 3.46, y: -0.53, yaw: 3.06
[ INFO] [1774870699.072272719, 1186.295000000]: [Multi Floor Nav] Linear Error: 0.46, Angular Error: 0.08
[ INFO] [1774870699.072323144, 1186.295000000]: [Multi Floor Nav] Module C: tr(??)=0.0552, C_t=0.3318 (tau=0.85), frame_ok=0
[ INFO] [1774870699.273295142, 1186.495000000]: [Multi Floor Nav] Current Robot Pose, x: 3.44, y: -0.52, yaw: 3.07
[ INFO] [1774870699.273342354, 1186.495000000]: [Multi Floor Nav] Linear Error: 0.44, Angular Error: 0.07
[ INFO] [1774870699.273379021, 1186.495000000]: [Multi Floor Nav] Module C: tr(??)=0.0469, C_t=0.3910 (tau=0.85), frame_ok=0
[ INFO] [1774870699.474207636, 1186.693000000]: [Multi Floor Nav] Current Robot Pose, x: 3.42, y: -0.51, yaw: 3.08
[ INFO] [1774870699.474227261, 1186.693000000]: [Multi Floor Nav] Linear Error: 0.42, Angular Error: 0.07
[ INFO] [1774870699.474239064, 1186.693000000]: [Multi Floor Nav] Module C: tr(??)=0.0404, C_t=0.4460 (tau=0.85), frame_ok=0
[ INFO] [1774870699.678428356, 1186.893000000]: [Multi Floor Nav] Current Robot Pose, x: 3.41, y: -0.50, yaw: 3.08
[ INFO] [1774870699.678496381, 1186.894000000]: [Multi Floor Nav] Linear Error: 0.41, Angular Error: 0.06
[ INFO] [1774870699.678555746, 1186.894000000]: [Multi Floor Nav] Module C: tr(??)=0.0366, C_t=0.4813 (tau=0.85), frame_ok=0
[ INFO] [1774870699.883327652, 1187.095000000]: [Multi Floor Nav] Current Robot Pose, x: 3.39, y: -0.50, yaw: 3.08
[ INFO] [1774870699.883377099, 1187.095000000]: [Multi Floor Nav] Linear Error: 0.39, Angular Error: 0.06
[ INFO] [1774870699.883405035, 1187.095000000]: [Multi Floor Nav] Module C: tr(??)=0.0298, C_t=0.5514 (tau=0.85), frame_ok=0
[ INFO] [1774870700.085927224, 1187.293000000]: [Multi Floor Nav] Current Robot Pose, x: 3.37, y: -0.49, yaw: 3.09
[ INFO] [1774870700.086005865, 1187.293000000]: [Multi Floor Nav] Linear Error: 0.37, Angular Error: 0.05
[ INFO] [1774870700.086050703, 1187.293000000]: [Multi Floor Nav] Module C: tr(??)=0.0205, C_t=0.6635 (tau=0.85), frame_ok=0
[ INFO] [1774870700.290930443, 1187.493000000]: [Multi Floor Nav] Current Robot Pose, x: 3.37, y: -0.48, yaw: 3.09
[ INFO] [1774870700.290951116, 1187.493000000]: [Multi Floor Nav] Linear Error: 0.37, Angular Error: 0.05
[ INFO] [1774870700.290963338, 1187.493000000]: [Multi Floor Nav] Module C: tr(??)=0.0174, C_t=0.7067 (tau=0.85), frame_ok=0
[ INFO] [1774870700.493546288, 1187.694000000]: [Multi Floor Nav] Current Robot Pose, x: 3.36, y: -0.48, yaw: 3.09
[ INFO] [1774870700.493567100, 1187.694000000]: [Multi Floor Nav] Linear Error: 0.36, Angular Error: 0.05
[ INFO] [1774870700.493578694, 1187.694000000]: [Multi Floor Nav] Module C: tr(??)=0.0141, C_t=0.7544 (tau=0.85), frame_ok=0
[ INFO] [1774870700.699707121, 1187.895000000]: [Multi Floor Nav] Current Robot Pose, x: 3.35, y: -0.48, yaw: 3.09
[ INFO] [1774870700.699755381, 1187.895000000]: [Multi Floor Nav] Linear Error: 0.35, Angular Error: 0.05
[ INFO] [1774870700.699784085, 1187.895000000]: [Multi Floor Nav] Module C: tr(??)=0.0107, C_t=0.8069 (tau=0.85), frame_ok=0
[ INFO] [1774870700.902175392, 1188.095000000]: [Multi Floor Nav] Current Robot Pose, x: 3.35, y: -0.47, yaw: 3.09
[ INFO] [1774870700.902240763, 1188.095000000]: [Multi Floor Nav] Linear Error: 0.35, Angular Error: 0.05
[ INFO] [1774870700.902287905, 1188.095000000]: [Multi Floor Nav] Module C: tr(??)=0.0088, C_t=0.8394 (tau=0.85), frame_ok=0
[ INFO] [1774870701.105522611, 1188.294000000]: [Multi Floor Nav] Current Robot Pose, x: 3.35, y: -0.47, yaw: 3.09
[ INFO] [1774870701.105539862, 1188.294000000]: [Multi Floor Nav] Linear Error: 0.35, Angular Error: 0.05
[ INFO] [1774870701.105550268, 1188.294000000]: [Multi Floor Nav] Module C: tr(??)=0.0083, C_t=0.8478 (tau=0.85), frame_ok=0
[ INFO] [1774870701.308330519, 1188.494000000]: [Multi Floor Nav] Current Robot Pose, x: 3.35, y: -0.47, yaw: 3.09
[ INFO] [1774870701.308349097, 1188.494000000]: [Multi Floor Nav] Linear Error: 0.35, Angular Error: 0.05
[ INFO] [1774870701.308362925, 1188.494000000]: [Multi Floor Nav] Module C: tr(??)=0.0088, C_t=0.8394 (tau=0.85), frame_ok=0
[ INFO] [1774870701.509909225, 1188.694000000]: [Multi Floor Nav] Current Robot Pose, x: 3.34, y: -0.47, yaw: 3.09
[ INFO] [1774870701.509928851, 1188.694000000]: [Multi Floor Nav] Linear Error: 0.35, Angular Error: 0.05
[ INFO] [1774870701.509941143, 1188.694000000]: [Multi Floor Nav] Module C: tr(??)=0.0052, C_t=0.9008 (tau=0.85), frame_ok=1
[ INFO] [1774870701.713063055, 1188.893000000]: [Multi Floor Nav] Current Robot Pose, x: 3.34, y: -0.47, yaw: 3.10
[ INFO] [1774870701.713083449, 1188.893000000]: [Multi Floor Nav] Linear Error: 0.34, Angular Error: 0.05
[ INFO] [1774870701.713098744, 1188.893000000]: [Multi Floor Nav] Module C: tr(??)=0.0032, C_t=0.9388 (tau=0.85), frame_ok=1
[ INFO] [1774870701.713106776, 1188.893000000]: [Multi Floor Nav] Module C: reloc passed (consecutive 2 >= K=2)
[ INFO] [1774870701.713114947, 1188.893000000]: [Multi Floor Nav] Robot at correct pose
[ INFO] [1774870701.714352739, 1188.895000000]: [Multi Floor Nav] RELOC_PASS: linear_error=0.3421, angular_error=0.0461, linear_error_init=0.3732, angular_error_init=0.2461, tr_sigma=0.0032, C_t=0.9388
[ INFO] [1774870702.726728037, 1189.895000000]: [Multi Floor Nav] POST_PASS: dt=1.000s, linear_error=0.3405, angular_error=0.0458
[ INFO] [1774870702.726753319, 1189.895000000]: [Multi Floor Nav] Will send goal to x: 4, y: 5, at level: 1
[ INFO] [1774870702.726769941, 1189.895000000]: [Multi Floor Nav] Sending Robot to x: 4.0, y: 5.0, yaw: 0.0
[ INFO] [1774870702.929681842, 1190.095000000]: [Multi Floor Nav] POST_PASS: dt=1.200s, linear_error=0.3405, angular_error=0.0458
[ INFO] [1774870703.134347939, 1190.296000000]: [Multi Floor Nav] POST_PASS: dt=1.401s, linear_error=0.2330, angular_error=0.2582
[ INFO] [1774870703.337175472, 1190.495000000]: [Multi Floor Nav] POST_PASS: dt=1.600s, linear_error=0.2330, angular_error=0.2582
[ INFO] [1774870703.539942732, 1190.695000000]: [Multi Floor Nav] POST_PASS: dt=1.800s, linear_error=0.1490, angular_error=0.6790
[ INFO] [1774870703.742628069, 1190.896000000]: [Multi Floor Nav] POST_PASS: dt=2.000s, linear_error=0.1981, angular_error=1.0115
[ INFO] [1774870724.247815146, 1211.095000000]: [Multi Floor Nav] Robot arrived at Goal
[ INFO] [1774870567.626082984, 1056.227000000]: global_costmap: Using plugin "static_layer"
[ INFO] [1774870567.631231730, 1056.232000000]: Requesting the map...
[ INFO] [1774870598.899112172, 1087.135000000]: Resizing costmap to 992 X 992 at 0.020000 m/pix
[ INFO] [1774870598.999052015, 1087.234000000]: Received a 992 X 992 map at 0.020000 m/pix
[ INFO] [1774870599.005291747, 1087.240000000]: global_costmap: Using plugin "obstacles_layer"
[ INFO] [1774870599.009248168, 1087.244000000]:     Subscribed to Topics: scan
[ INFO] [1774870599.018771054, 1087.253000000]: global_costmap: Using plugin "inflater_layer"
[ INFO] [1774870599.045377181, 1087.280000000]: local_costmap: Using plugin "obstacles_layer"
[ INFO] [1774870599.050462511, 1087.285000000]:     Subscribed to Topics: scan
[ INFO] [1774870599.059393984, 1087.294000000]: local_costmap: Using plugin "inflater_layer"
[ INFO] [1774870599.078629514, 1087.313000000]: Created local_planner base_local_planner/TrajectoryPlannerROS
[ INFO] [1774870599.082682664, 1087.317000000]: Sim period is set to 0.05
[ INFO] [1774870599.132655414, 1087.366000000]: Recovery behavior will clear layer 'obstacles'
[ INFO] [1774870599.138748690, 1087.373000000]: Recovery behavior will clear layer 'obstacles'
[ INFO] [1774870599.247806480, 1087.481000000]: odom received!
[WARN] [1774870817.904048, 1288.004000]: Controller Spawner error while taking down controllers: transport error completing service call: unable to receive data from sender, check sender's logs for details
[31m[urdf_spawner-8] process has died [pid 680250, exit code 1, cmd /opt/ros/noetic/lib/gazebo_ros/spawn_model -urdf -model jackal -param robot_description -x 5.0 -y -0.5 -z 0.5 __name:=urdf_spawner __log:=/home/eethanhe/.ros/log/a1c0462a-2c2c-11f1-8d1e-01badb8e21cf/urdf_spawner-8.log].
log file: /home/eethanhe/.ros/log/a1c0462a-2c2c-11f1-8d1e-01badb8e21cf/urdf_spawner-8*.log[0m
[31m[controller_spawner-4] escalating to SIGTERM[0m
[31m[gazebo-2] escalating to SIGTERM[0m

auto-starting new master
[1mprocess[master]: started with pid [680180][0m
[1mROS_MASTER_URI=http://localhost:11311[0m
]2;/home/eethanhe/catkin_ws/src/robot-multi-floor-navigation/multi_floor_nav/launch/nav.launch http://localhost:11311
[1msetting /run_id to a1c0462a-2c2c-11f1-8d1e-01badb8e21cf[0m
[1mprocess[rosout-1]: started with pid [680227][0m
started core service [/rosout]
[1mprocess[gazebo-2]: started with pid [680234][0m
[1mprocess[robot_state_publisher-3]: started with pid [680237][0m
[1mprocess[controller_spawner-4]: started with pid [680240][0m
[1mprocess[ekf_localization-5]: started with pid [680241][0m
[1mprocess[twist_mux-6]: started with pid [680242][0m
[1mprocess[twist_marker_server-7]: started with pid [680247][0m
[1mprocess[urdf_spawner-8]: started with pid [680250][0m
[1mprocess[map_server0-9]: started with pid [680260][0m
[1mprocess[map_server1-10]: started with pid [680267][0m
[1mprocess[amcl-11]: started with pid [680268][0m
[1mprocess[move_base-12]: started with pid [680271][0m
[1mprocess[rviz-13]: started with pid [680276][0m
[1mprocess[change_map_node-14]: started with pid [680283][0m
[1mprocess[multi_floor_navigation_node-15]: started with pid [680294][0m
[multi_floor_navigation_node-15] killing on exit
[change_map_node-14] killing on exit
[rviz-13] killing on exit
[move_base-12] killing on exit
[amcl-11] killing on exit
[map_server1-10] killing on exit
[map_server0-9] killing on exit
[twist_marker_server-7] killing on exit
[twist_mux-6] killing on exit
[ekf_localization-5] killing on exit
[controller_spawner-4] killing on exit
[robot_state_publisher-3] killing on exit
[gazebo-2] killing on exit
[rosout-1] killing on exit
[master] killing on exit
shutting down processing monitor...
... shutting down processing monitor complete
[1mdone[0m
