xacro: in-order processing became default in ROS Melodic. You can drop the option.
... logging to /home/eethanhe/.ros/log/8061ce8c-2c03-11f1-8d1e-01badb8e21cf/roslaunch-eethanhe-Lenovo-Legion-R9000P2021H-340043.log
Checking log directory for disk usage. This may take a while.
Press Ctrl-C to interrupt
Done checking log file disk usage. Usage is <1GB.
]2;/home/eethanhe/catkin_ws/src/robot-multi-floor-navigation/multi_floor_nav/launch/nav.launch
[1mstarted roslaunch server http://eethanhe-Lenovo-Legion-R9000P2021H:34491/[0m

SUMMARY
========

PARAMETERS
 * /amcl/auto_update_noise: 0.0
 * /amcl/base_frame_id: base_link
 * /amcl/expected_laser_freq: 5.0
 * /amcl/first_map_only: False
 * /amcl/global_frame_id: map
 * /amcl/gui_publish_rate: 10.0
 * /amcl/initial_pose_a: 0.0
 * /amcl/initial_pose_x: 0.0
 * /amcl/initial_pose_y: 0.0
 * /amcl/kld_err: 0.05
 * /amcl/kld_z: 0.99
 * /amcl/laser_lambda_short: 0.1
 * /amcl/laser_likelihood_max_dist: 2.0
 * /amcl/laser_max_beams: 720
 * /amcl/laser_max_range: 30.0
 * /amcl/laser_min_range: 0.1
 * /amcl/laser_model_type: likelihood_field
 * /amcl/laser_sigma_hit: 0.2
 * /amcl/laser_z_hit: 0.5
 * /amcl/laser_z_max: 0.05
 * /amcl/laser_z_rand: 0.5
 * /amcl/laser_z_short: 0.05
 * /amcl/max_particles: 2000
 * /amcl/min_particles: 500
 * /amcl/odom_alpha1: 0.2
 * /amcl/odom_alpha2: 0.2
 * /amcl/odom_alpha3: 0.2
 * /amcl/odom_alpha4: 0.2
 * /amcl/odom_alpha5: 0.1
 * /amcl/odom_frame_id: odom
 * /amcl/odom_model_type: diff
 * /amcl/odom_update_interval: 0.1
 * /amcl/recovery_alpha_fast: 0.1
 * /amcl/recovery_alpha_slow: 0.001
 * /amcl/resample_interval: 1
 * /amcl/transform_tolerance: 1.0
 * /amcl/update_min_a: 0.3927
 * /amcl/update_min_d: 0.1
 * /amcl/use_map_topic: False
 * /ekf_localization/base_link_frame: base_link
 * /ekf_localization/frequency: 50
 * /ekf_localization/imu0: /imu/data
 * /ekf_localization/imu0_config: [False, False, Fa...
 * /ekf_localization/imu0_differential: False
 * /ekf_localization/odom0: /jackal_velocity_...
 * /ekf_localization/odom0_config: [False, False, Fa...
 * /ekf_localization/odom0_differential: False
 * /ekf_localization/odom_frame: odom
 * /ekf_localization/predict_to_current_time: True
 * /ekf_localization/world_frame: odom
 * /gazebo/enable_ros_network: True
 * /jackal_joint_publisher/publish_rate: 50
 * /jackal_joint_publisher/type: joint_state_contr...
 * /jackal_velocity_controller/angular/z/has_acceleration_limits: True
 * /jackal_velocity_controller/angular/z/has_velocity_limits: True
 * /jackal_velocity_controller/angular/z/max_acceleration: 25.0
 * /jackal_velocity_controller/angular/z/max_velocity: 4.0
 * /jackal_velocity_controller/cmd_vel_timeout: 0.25
 * /jackal_velocity_controller/enable_odom_tf: False
 * /jackal_velocity_controller/k_l: 0.1
 * /jackal_velocity_controller/k_r: 0.1
 * /jackal_velocity_controller/left_wheel: ['front_left_whee...
 * /jackal_velocity_controller/linear/x/has_acceleration_limits: True
 * /jackal_velocity_controller/linear/x/has_velocity_limits: True
 * /jackal_velocity_controller/linear/x/max_acceleration: 20.0
 * /jackal_velocity_controller/linear/x/max_velocity: 2.0
 * /jackal_velocity_controller/pose_covariance_diagonal: [0.001, 0.001, 10...
 * /jackal_velocity_controller/publish_cmd: True
 * /jackal_velocity_controller/publish_rate: 50
 * /jackal_velocity_controller/right_wheel: ['front_right_whe...
 * /jackal_velocity_controller/twist_covariance_diagonal: [0.001, 0.001, 0....
 * /jackal_velocity_controller/type: diff_drive_contro...
 * /jackal_velocity_controller/wheel_radius_multiplier: 1.0
 * /jackal_velocity_controller/wheel_separation_multiplier: 1.5
 * /move_base/NavfnROS/allow_unknown: True
 * /move_base/TrajectoryPlannerROS/acc_lim_theta: 20.0
 * /move_base/TrajectoryPlannerROS/acc_lim_x: 10.0
 * /move_base/TrajectoryPlannerROS/angular_sim_granularity: 0.02
 * /move_base/TrajectoryPlannerROS/controller_frequency: 20.0
 * /move_base/TrajectoryPlannerROS/dwa: True
 * /move_base/TrajectoryPlannerROS/escape_reset_dist: 0.1
 * /move_base/TrajectoryPlannerROS/escape_reset_theta: 0.1
 * /move_base/TrajectoryPlannerROS/escape_vel: -0.5
 * /move_base/TrajectoryPlannerROS/gdist_scale: 1.0
 * /move_base/TrajectoryPlannerROS/heading_lookahead: 0.325
 * /move_base/TrajectoryPlannerROS/heading_scoring: False
 * /move_base/TrajectoryPlannerROS/heading_scoring_timestep: 0.8
 * /move_base/TrajectoryPlannerROS/holonomic_robot: False
 * /move_base/TrajectoryPlannerROS/latch_xy_goal_tolerance: False
 * /move_base/TrajectoryPlannerROS/max_vel_theta: 1.57
 * /move_base/TrajectoryPlannerROS/max_vel_x: 0.5
 * /move_base/TrajectoryPlannerROS/meter_scoring: True
 * /move_base/TrajectoryPlannerROS/min_in_place_vel_theta: 0.314
 * /move_base/TrajectoryPlannerROS/min_vel_theta: -1.57
 * /move_base/TrajectoryPlannerROS/min_vel_x: 0.1
 * /move_base/TrajectoryPlannerROS/occdist_scale: 0.1
 * /move_base/TrajectoryPlannerROS/oscillation_reset_dist: 0.05
 * /move_base/TrajectoryPlannerROS/pdist_scale: 0.75
 * /move_base/TrajectoryPlannerROS/publish_cost_grid_pc: True
 * /move_base/TrajectoryPlannerROS/sim_granularity: 0.02
 * /move_base/TrajectoryPlannerROS/sim_time: 2.0
 * /move_base/TrajectoryPlannerROS/simple_attractor: False
 * /move_base/TrajectoryPlannerROS/vtheta_samples: 20
 * /move_base/TrajectoryPlannerROS/vx_samples: 6
 * /move_base/TrajectoryPlannerROS/xy_goal_tolerance: 0.25
 * /move_base/TrajectoryPlannerROS/yaw_goal_tolerance: 0.157
 * /move_base/base_global_planner: navfn/NavfnROS
 * /move_base/base_local_planner: base_local_planne...
 * /move_base/clearing_rotation_allowed: True
 * /move_base/controller_frequency: 20.0
 * /move_base/controller_patience: 15.0
 * /move_base/global_costmap/footprint: [[-0.21, -0.165],...
 * /move_base/global_costmap/footprint_padding: 0.1
 * /move_base/global_costmap/global_frame: map
 * /move_base/global_costmap/height: 40.0
 * /move_base/global_costmap/inflater_layer/inflation_radius: 0.3
 * /move_base/global_costmap/map_type: costmap
 * /move_base/global_costmap/meter_scoring: True
 * /move_base/global_costmap/obstacle_range: 2.5
 * /move_base/global_costmap/obstacles_layer/observation_sources: scan
 * /move_base/global_costmap/obstacles_layer/scan/clearing: True
 * /move_base/global_costmap/obstacles_layer/scan/data_type: LaserScan
 * /move_base/global_costmap/obstacles_layer/scan/marking: True
 * /move_base/global_costmap/obstacles_layer/scan/max_obstacle_height: 2.0
 * /move_base/global_costmap/obstacles_layer/scan/min_obstacle_height: -2.0
 * /move_base/global_costmap/obstacles_layer/scan/obstacle_range: 2.5
 * /move_base/global_costmap/obstacles_layer/scan/raytrace_range: 3.0
 * /move_base/global_costmap/obstacles_layer/scan/sensor_frame: front_laser
 * /move_base/global_costmap/obstacles_layer/scan/topic: front/scan
 * /move_base/global_costmap/origin_x: -20.0
 * /move_base/global_costmap/origin_y: -20.0
 * /move_base/global_costmap/origin_z: 0.0
 * /move_base/global_costmap/plugins: [{'name': 'static...
 * /move_base/global_costmap/publish_frequency: 5.0
 * /move_base/global_costmap/publish_voxel_map: False
 * /move_base/global_costmap/raytrace_range: 3.0
 * /move_base/global_costmap/resolution: 0.05
 * /move_base/global_costmap/robot_base_frame: base_link
 * /move_base/global_costmap/rolling_window: False
 * /move_base/global_costmap/static_map: True
 * /move_base/global_costmap/transform_tolerance: 0.5
 * /move_base/global_costmap/update_frequency: 20.0
 * /move_base/global_costmap/width: 40.0
 * /move_base/global_costmap/z_resolution: 1
 * /move_base/global_costmap/z_voxels: 2
 * /move_base/local_costmap/footprint: [[-0.21, -0.165],...
 * /move_base/local_costmap/footprint_padding: 0.1
 * /move_base/local_costmap/global_frame: map
 * /move_base/local_costmap/height: 10.0
 * /move_base/local_costmap/inflater_layer/inflation_radius: 0.3
 * /move_base/local_costmap/map_type: costmap
 * /move_base/local_costmap/meter_scoring: True
 * /move_base/local_costmap/obstacle_range: 2.5
 * /move_base/local_costmap/obstacles_layer/observation_sources: scan
 * /move_base/local_costmap/obstacles_layer/scan/clearing: True
 * /move_base/local_costmap/obstacles_layer/scan/data_type: LaserScan
 * /move_base/local_costmap/obstacles_layer/scan/marking: True
 * /move_base/local_costmap/obstacles_layer/scan/max_obstacle_height: 2.0
 * /move_base/local_costmap/obstacles_layer/scan/min_obstacle_height: -2.0
 * /move_base/local_costmap/obstacles_layer/scan/obstacle_range: 2.5
 * /move_base/local_costmap/obstacles_layer/scan/raytrace_range: 3.0
 * /move_base/local_costmap/obstacles_layer/scan/sensor_frame: front_laser
 * /move_base/local_costmap/obstacles_layer/scan/topic: front/scan
 * /move_base/local_costmap/origin_z: 0.0
 * /move_base/local_costmap/plugins: [{'name': 'obstac...
 * /move_base/local_costmap/publish_frequency: 5.0
 * /move_base/local_costmap/publish_voxel_map: False
 * /move_base/local_costmap/raytrace_range: 3.0
 * /move_base/local_costmap/resolution: 0.05
 * /move_base/local_costmap/robot_base_frame: base_link
 * /move_base/local_costmap/rolling_window: True
 * /move_base/local_costmap/static_map: False
 * /move_base/local_costmap/transform_tolerance: 0.5
 * /move_base/local_costmap/update_frequency: 20.0
 * /move_base/local_costmap/width: 10.0
 * /move_base/local_costmap/z_resolution: 1
 * /move_base/local_costmap/z_voxels: 2
 * /move_base/oscillation_distance: 0.5
 * /move_base/oscillation_timeout: 0.0
 * /move_base/planner_frequency: 20.0
 * /move_base/planner_patience: 5.0
 * /move_base/recovery_behavior_enabled: True
 * /move_base/shutdown_costmaps: False
 * /multi_floor_navigation_node/init_pose_offset_theta: 0.05
 * /multi_floor_navigation_node/init_pose_offset_x: 0.1
 * /multi_floor_navigation_node/init_pose_offset_y: 0.1
 * /multi_floor_navigation_node/region_init_backoff_factor: 1.3
 * /multi_floor_navigation_node/region_init_max_backoff: 2.0
 * /multi_floor_navigation_node/region_init_sigma_adaptive_alpha: 0.35
 * /multi_floor_navigation_node/region_init_sigma_min_scale: 0.03
 * /multi_floor_navigation_node/region_init_sigma_min_yaw: 0.02
 * /multi_floor_navigation_node/region_init_sigma_x: 0.15
 * /multi_floor_navigation_node/region_init_sigma_x_L0: 0.15
 * /multi_floor_navigation_node/region_init_sigma_x_L1: 0.2
 * /multi_floor_navigation_node/region_init_sigma_y: 0.15
 * /multi_floor_navigation_node/region_init_sigma_y_L0: 0.15
 * /multi_floor_navigation_node/region_init_sigma_y_L1: 0.2
 * /multi_floor_navigation_node/region_init_sigma_yaw: 0.1
 * /multi_floor_navigation_node/region_init_sigma_yaw_L0: 0.1
 * /multi_floor_navigation_node/region_init_sigma_yaw_L1: 0.12
 * /multi_floor_navigation_node/reloc_confidence_K: 3
 * /multi_floor_navigation_node/reloc_confidence_lambda: 20.0
 * /multi_floor_navigation_node/reloc_confidence_tau: 0.85
 * /multi_floor_navigation_node/reloc_min_check_delay_L0: 6.0
 * /multi_floor_navigation_node/reloc_min_check_delay_L1: 12.0
 * /multi_floor_navigation_node/reloc_min_check_delay_sec: 6.0
 * /multi_floor_navigation_node/use_covariance_reloc: True
 * /robot_description: <?xml version="1....
 * /rosdistro: noetic
 * /rosversion: 1.17.0
 * /twist_marker_server/link_name: base_link
 * /twist_mux/locks: [{'name': 'e_stop...
 * /twist_mux/topics: [{'name': 'joy', ...
 * /use_gui: True
 * /use_sim_time: True

NODES
  /
    amcl (amcl/amcl)
    change_map_node (multi_floor_nav/change_map_node)
    controller_spawner (controller_manager/spawner)
    ekf_localization (robot_localization/ekf_localization_node)
    gazebo (gazebo_ros/gzserver)
    map_server0 (map_server/map_server)
    map_server1 (map_server/map_server)
    move_base (move_base/move_base)
    multi_floor_navigation_node (multi_floor_nav/multi_floor_navigation_node)
    robot_state_publisher (robot_state_publisher/robot_state_publisher)
    rviz (rviz/rviz)
    twist_marker_server (interactive_marker_twist_server/marker_server)
    twist_mux (twist_mux/twist_mux)
    urdf_spawner (gazebo_ros/spawn_model)
[ INFO] [1774852899.017852302]: Finished loading Gazebo ROS API Plugin.
[ INFO] [1774852899.018661688]: waitForService: Service [/gazebo/set_physics_properties] has not been advertised, waiting...
[1;33mWarning [Model.cc:216][0m Non-unique name[door] detected 2 times in XML children of model with name[elevator].
[1;33mWarning [Model.cc:309][0m Joint with name [door] in model with name [elevator] has a name collision, changing joint name to [door_joint].
[ERROR] [1774852900.195435, 0.000000]: Spawn service failed. Exiting.
[ INFO] [1774852900.044476990]: waitForService: Service [/gazebo/set_physics_properties] is now available.
[ INFO] [1774852900.198962070, 1054.799000000]: Physics dynamic reconfigure ready.
[1;33mWarning [parser_urdf.cc:1161][0m multiple inconsistent <gravity> exists due to fixed joint reduction overwriting previous value [true] with [false].
[1;33mWarning [parser_urdf.cc:1161][0m multiple inconsistent <gravity> exists due to fixed joint reduction overwriting previous value [false] with [true].
[ERROR] [1774852900.643250930, 1054.799000000]: No p gain specified for pid.  Namespace: /gazebo_ros_control/pid_gains/front_left_wheel
[ERROR] [1774852900.643686878, 1054.799000000]: No p gain specified for pid.  Namespace: /gazebo_ros_control/pid_gains/front_right_wheel
[ERROR] [1774852900.644090768, 1054.799000000]: No p gain specified for pid.  Namespace: /gazebo_ros_control/pid_gains/rear_left_wheel
[ERROR] [1774852900.644480410, 1054.799000000]: No p gain specified for pid.  Namespace: /gazebo_ros_control/pid_gains/rear_right_wheel
[ WARN] [1774852900.688746574, 1054.800000000]: Failed to meet update rate! Took 1054.7999999999999545
[ WARN] [1774852900.689145575, 1054.801000000]: Timed out waiting for transform from base_link to map to become available before running costmap, tf error: canTransform: target_frame map does not exist. canTransform: source_frame base_link does not exist.. canTransform returned after 1054.8 timeout was 0.1.
[ WARN] [1774852900.689696131, 1054.801000000]: Failed to meet update rate! Took 1054.7809999999999491
[ WARN] [1774852901.077772257]: Interactive marker 'robot_twist_marker' contains unnormalized quaternions. This warning will only be output once but may be true for others; enable DEBUG messages for ros.rviz.quaternions to see more details.
[ WARN] [1774852901.531830956, 1055.627000000]: No laser scan received (and thus no pose updates have been published) for 1055.627000 seconds.  Verify that data is being published on the /front/scan topic.
[ WARN] [1774852901.531889134, 1055.627000000]: No laser scan received (and thus no pose updates have been published) for 1055.627000 seconds.  Verify that data is being published on the /front/scan topic.
[ WARN] [1774852902.096170381, 1056.184000000]: global_costmap: Pre-Hydro parameter "static_map" unused since "plugins" is provided
[ WARN] [1774852902.096473002, 1056.184000000]: global_costmap: Pre-Hydro parameter "map_type" unused since "plugins" is provided
[ WARN] [1774852933.485579033, 1087.204000000]: [Multi Floor Nav] Initial pose perturbation applied: offset_x=0.10, offset_y=0.10, offset_theta=0.05
[ WARN] [1774852933.622447365, 1087.340000000]: local_costmap: Pre-Hydro parameter "static_map" unused since "plugins" is provided
[ WARN] [1774852933.622752151, 1087.341000000]: local_costmap: Pre-Hydro parameter "map_type" unused since "plugins" is provided
[ WARN] [1774852933.661278647, 1087.379000000]: Parameter pdist_scale is deprecated. Please use the name path_distance_bias instead.
[ WARN] [1774852933.661929215, 1087.380000000]: Parameter gdist_scale is deprecated. Please use the name goal_distance_bias instead.
[ INFO] [1774852898.617461054]: [Multi Floor Nav] Module C: covariance reloc criterion enabled (lambda=20.00, tau=0.85, K=3, post_monitor=2.0s, min_delay=6.0s)
[ INFO] [1774852898.632721997]: [Multi Floor Nav] Module A sigma: L0=(0.150,0.150,0.100) L1=(0.200,0.200,0.120)
[ INFO] [1774852898.632745603]: [Multi Floor Nav] Module A delay: L0=6.0s  L1=12.0s  backoff: factor=1.30 max=2.00
[ INFO] [1774852933.430652000, 1087.149000000]: [Multi Floor Nav] Successfully loaded map for level: 0
[ INFO] [1774852933.485640284, 1087.204000000]: [Multi Floor Nav] Adaptive sigma: offset_planar=0.141, adaptive_scale=0.049, adaptive_yaw=0.037 ??? sigma(0.049, 0.049, 0.037)
[ INFO] [1774852933.485654601, 1087.204000000]: [Multi Floor Nav] Initializing Robot at x: 5.1, y: -0.4, yaw: 0.1 (level=0, sigma: x=0.049, y=0.049, yaw=0.037, retry=0)
[ INFO] [1774852933.485693642, 1087.204000000]: [Multi Floor Nav] Initializing Pose to x: 5.00, y: -0.50 at level: 0
[ INFO] [1774852934.499595337, 1088.208000000]: [Multi Floor Nav] Waiting for AMCL nomotion updates (1.0/6.0s, L0)...
[ INFO] [1774852935.511657562, 1089.208000000]: [Multi Floor Nav] Waiting for AMCL nomotion updates (2.0/6.0s, L0)...
[ INFO] [1774852936.720179060, 1090.408000000]: [Multi Floor Nav] Waiting for AMCL nomotion updates (3.2/6.0s, L0)...
[ INFO] [1774852937.925652630, 1091.606000000]: [Multi Floor Nav] Waiting for AMCL nomotion updates (4.4/6.0s, L0)...
[ INFO] [1774852938.928647825, 1092.606000000]: [Multi Floor Nav] Waiting for AMCL nomotion updates (5.4/6.0s, L0)...
[ INFO] [1774852939.531626329, 1093.207000000]: [Multi Floor Nav] Current Robot Pose, x: 5.05, y: -0.39, yaw: 0.05
[ INFO] [1774852939.531654894, 1093.207000000]: [Multi Floor Nav] Linear Error: 0.12, Angular Error: 0.05
[ INFO] [1774852939.531672424, 1093.207000000]: [Multi Floor Nav] Module C: tr(??)=0.0037, C_t=0.9284 (tau=0.85), frame_ok=1
[ INFO] [1774852939.732562546, 1093.406000000]: [Multi Floor Nav] Current Robot Pose, x: 5.05, y: -0.39, yaw: 0.04
[ INFO] [1774852939.732592368, 1093.406000000]: [Multi Floor Nav] Linear Error: 0.12, Angular Error: 0.04
[ INFO] [1774852939.732613600, 1093.406000000]: [Multi Floor Nav] Module C: tr(??)=0.0035, C_t=0.9326 (tau=0.85), frame_ok=1
[ INFO] [1774852939.933505468, 1093.607000000]: [Multi Floor Nav] Current Robot Pose, x: 5.04, y: -0.39, yaw: 0.05
[ INFO] [1774852939.933532706, 1093.607000000]: [Multi Floor Nav] Linear Error: 0.12, Angular Error: 0.05
[ INFO] [1774852939.933553239, 1093.607000000]: [Multi Floor Nav] Module C: tr(??)=0.0034, C_t=0.9335 (tau=0.85), frame_ok=1
[ INFO] [1774852939.933563646, 1093.607000000]: [Multi Floor Nav] Module C: reloc passed (consecutive 3 >= K=3)
[ INFO] [1774852939.933575658, 1093.607000000]: [Multi Floor Nav] Robot at correct pose
[ INFO] [1774852939.934955855, 1093.608000000]: [Multi Floor Nav] RELOC_PASS: linear_error=0.1201, angular_error=0.0457, linear_error_init=0.0578, angular_error_init=0.0043, tr_sigma=0.0034, C_t=0.9335
[ INFO] [1774852940.937829736, 1094.608000000]: [Multi Floor Nav] POST_PASS: dt=1.000s, linear_error=0.1188, angular_error=0.0448
[ INFO] [1774852940.937858371, 1094.608000000]: [Multi Floor Nav] Will send goal to x: 3, y: -0, at level: 0
[ INFO] [1774852940.937870733, 1094.608000000]: [Multi Floor Nav] Sending Robot to x: 3.0, y: -0.5, yaw: 3.1
[ INFO] [1774852941.139172497, 1094.809000000]: [Multi Floor Nav] POST_PASS: dt=1.200s, linear_error=0.1188, angular_error=0.0448
[ INFO] [1774852941.338853533, 1095.008000000]: [Multi Floor Nav] POST_PASS: dt=1.400s, linear_error=0.1188, angular_error=0.0448
[ INFO] [1774852941.547098674, 1095.210000000]: [Multi Floor Nav] POST_PASS: dt=1.602s, linear_error=0.1260, angular_error=0.3704
[ INFO] [1774852941.741634388, 1095.408000000]: [Multi Floor Nav] POST_PASS: dt=1.800s, linear_error=0.1273, angular_error=0.8036
[ INFO] [1774852941.943596150, 1095.608000000]: [Multi Floor Nav] POST_PASS: dt=2.000s, linear_error=0.1218, angular_error=1.2201
[ INFO] [1774852956.667913107, 1110.208000000]: [Multi Floor Nav] Requesting Lift to Level 0
[ INFO] [1774852956.8696[ WARN] [1774852993.987278404, 1147.209000000]: [Multi Floor Nav] Initial pose perturbation applied: offset_x=0.10, offset_y=0.10, offset_theta=0.05
18552, 1110.408000000]: [Multi Floor Nav] Entering Lift at Level 0
[ INFO] [1774852974.197804339, 1127.608000000]: [Multi Floor Nav] Requesting Lift to Level 1
[ INFO] [1774852981.248356163, 1134.608000000]: [Multi Floor Nav] Exiting Lift at Level 1
[ INFO] [1774852993.926974387, 1147.150000000]: [Multi Floor Nav] Successfully loaded map for level: 1
[ INFO] [1774852993.987317026, 1147.209000000]: [Multi Floor Nav] Adaptive sigma: offset_planar=0.141, adaptive_scale=0.049, adaptive_yaw=0.037 ??? sigma(0.049, 0.049, 0.037)
[ INFO] [1774852993.987335115, 1147.209000000]: [Multi Floor Nav] Initializing Robot at x: 3.1, y: -0.4, yaw: 3.2 (level=1, sigma: x=0.049, y=0.049, yaw=0.037, retry=0)
[ INFO] [1774852993.987362702, 1147.209000000]: [Multi Floor Nav] Initializing Pose to x: 3.00, y: -0.50 at level: 1
[ INFO] [1774852995.003418292, 1148.211000000]: [Multi Floor Nav] Waiting for AMCL nomotion updates (1.0/12.0s, L1)...
[ INFO] [1774852996.025735052, 1149.211000000]: [Multi Floor Nav] Waiting for AMCL nomotion updates (2.0/12.0s, L1)...
[ INFO] [1774852997.044971966, 1150.212000000]: [Multi Floor Nav] Waiting for AMCL nomotion updates (3.0/12.0s, L1)...
[ INFO] [1774852998.050939731, 1151.212000000]: [Multi Floor Nav] Waiting for AMCL nomotion updates (4.0/12.0s, L1)...
[ INFO] [1774852999.251071727, 1152.411000000]: [Multi Floor Nav] Waiting for AMCL nomotion updates (5.2/12.0s, L1)...
[ INFO] [1774853000.253735666, 1153.411000000]: [Multi Floor Nav] Waiting for AMCL nomotion updates (6.2/12.0s, L1)...
[ INFO] [1774853001.259291300, 1154.412000000]: [Multi Floor Nav] Waiting for AMCL nomotion updates (7.2/12.0s, L1)...
[ INFO] [1774853002.262161270, 1155.412000000]: [Multi Floor Nav] Waiting for AMCL nomotion updates (8.2/12.0s, L1)...
[ INFO] [1774853003.482385455, 1156.611000000]: [Multi Floor Nav] Waiting for AMCL nomotion updates (9.4/12.0s, L1)...
[ INFO] [1774853004.498094704, 1157.613000000]: [Multi Floor Nav] Waiting for AMCL nomotion updates (10.4/12.0s, L1)...
[ INFO] [1774853005.711585594, 1158.812000000]: [Multi Floor Nav] Waiting for AMCL nomotion updates (11.6/12.0s, L1)...
[ INFO] [1774853006.115773116, 1159.211000000]: [Multi Floor Nav] Current Robot Pose, x: 3.14, y: -0.51, yaw: -3.14
[ INFO] [1774853006.115791344, 1159.211000000]: [Multi Floor Nav] Linear Error: 0.14, Angular Error: 0.00
[ INFO] [1774853006.115800703, 1159.211000000]: [Multi Floor Nav] Module C: tr(??)=0.0000, C_t=1.0000 (tau=0.85), frame_ok=1
[ INFO] [1774853006.318741215, 1159.411000000]: [Multi Floor Nav] Current Robot Pose, x: 3.14, y: -0.51, yaw: -3.14
[ INFO] [1774853006.318760771, 1159.411000000]: [Multi Floor Nav] Linear Error: 0.14, Angular Error: 0.00
[ INFO] [1774853006.318770898, 1159.411000000]: [Multi Floor Nav] Module C: tr(??)=0.0000, C_t=1.0000 (tau=0.85), frame_ok=1
[ INFO] [1774853006.523766829, 1159.612000000]: [Multi Floor Nav] Current Robot Pose, x: 3.14, y: -0.51, yaw: -3.14
[ INFO] [1774853006.523816346, 1159.612000000]: [Multi Floor Nav] Linear Error: 0.14, Angular Error: 0.00
[ INFO] [1774853006.523862581, 1159.612000000]: [Multi Floor Nav] Module C: tr(??)=0.0000, C_t=1.0000 (tau=0.85), frame_ok=1
[ INFO] [1774853006.523899317, 1159.612000000]: [Multi Floor Nav] Module C: reloc passed (consecutive 3 >= K=3)
[ INFO] [1774853006.523932142, 1159.612000000]: [Multi Floor Nav] Robot at correct pose
[ INFO] [1774853006.527841070, 1159.616000000]: [Multi Floor Nav] RELOC_PASS: linear_error=0.1354, angular_error=0.0038, linear_error_init=0.1127, angular_error_init=0.0462, tr_sigma=0.0000, C_t=1.0000
[ INFO] [1774853007.545719159, 1160.616000000]: [Multi Floor Nav] POST_PASS: dt=1.000s, linear_error=0.1354, angular_error=0.0043
[ INFO] [1774853007.545784460, 1160.617000000]: [Multi Floor Nav] Will send goal to x: 4, y: 5, at level: 1
[ INFO] [1774853007.545827901, 1160.617000000]: [Multi Floor Nav] Sending Robot to x: 4.0, y: 5.0, yaw: 0.0
[ INFO] [1774853007.749765952, 1160.816000000]: [Multi Floor Nav] POST_PASS: dt=1.200s, linear_error=0.1354, angular_error=0.0043
[ INFO] [1774853007.953515920, 1161.016000000]: [Mul[ WARN] [1774853059.152707269, 1211.367000000]: Clearing both costmaps outside a square (3.00m) large centered on the robot.
[ WARN] [1774853064.282908359, 1216.417000000]: Rotate recovery behavior started.
[ WARN] [1774853073.206557588, 1225.167000000]: Clearing both costmaps outside a square (1.84m) large centered on the robot.
[ WARN] [1774853078.331880009, 1230.217000000]: Rotate recovery behavior started.
[ERROR] [1774853086.816290785, 1238.567000000]: Aborting because a valid plan could not be found. Even after executing all recovery behaviors
ti Floor Nav] POST_PASS: dt=1.400s, linear_error=0.1354, angular_error=0.0043
[ INFO] [1774853008.157246054, 1161.216000000]: [Multi Floor Nav] POST_PASS: dt=1.600s, linear_error=0.0755, angular_error=0.2871
[ INFO] [1774853008.360013361, 1161.416000000]: [Multi Floor Nav] POST_PASS: dt=1.800s, linear_error=0.0755, angular_error=0.2871
[ INFO] [1774853008.563689787, 1161.616000000]: [Multi Floor Nav] POST_PASS: dt=2.000s, linear_error=0.1848, angular_error=0.5538
[ INFO] [1774852902.097305506, 1056.185000000]: global_costmap: Using plugin "static_layer"
[ INFO] [1774852902.102476738, 1056.190000000]: Requesting the map...
[ INFO] [1774852933.474851325, 1087.193000000]: Resizing costmap to 992 X 992 at 0.020000 m/pix
[ INFO] [1774852933.574930874, 1087.293000000]: Received a 992 X 992 map at 0.020000 m/pix
[ INFO] [1774852933.579488274, 1087.298000000]: global_costmap: Using plugin "obstacles_layer"
[ INFO] [1774852933.583095000, 1087.301000000]:     Subscribed to Topics: scan
[ INFO] [1774852933.600238087, 1087.318000000]: global_costmap: Using plugin "inflater_layer"
[ INFO] [1774852933.623232307, 1087.341000000]: local_costmap: Using plugin "obstacles_layer"
[ INFO] [1774852933.626822341, 1087.345000000]:     Subscribed to Topics: scan
[ INFO] [1774852933.637307072, 1087.355000000]: local_costmap: Using plugin "inflater_layer"
[ INFO] [1774852933.654172890, 1087.372000000]: Created local_planner base_local_planner/TrajectoryPlannerROS
[ INFO] [1774852933.658966423, 1087.377000000]: Sim period is set to 0.05
[ INFO] [1774852933.706928359, 1087.425000000]: Recovery behavior will clear layer 'obstacles'
[ INFO] [1774852933.713948211, 1087.432000000]: Recovery behavior will clear layer 'obstacles'
[ INFO] [1774852933.844623468, 1087.561000000]: odom received!
[31m[urdf_spawner-8] process has died [pid 340171, exit code 1, cmd /opt/ros/noetic/lib/gazebo_ros/spawn_model -urdf -model jackal -param robot_description -x 5.0 -y -0.5 -z 0.5 __name:=urdf_spawner __log:=/home/eethanhe/.ros/log/8061ce8c-2c03-11f1-8d1e-01badb8e21cf/urdf_spawner-8.log].
log file: /home/eethanhe/.ros/log/8061ce8c-2c03-11f1-8d1e-01badb8e21cf/urdf_spawner-8*.log[0m

auto-starting new master
[1mprocess[master]: started with pid [340120][0m
[1mROS_MASTER_URI=http://localhost:11311[0m
]2;/home/eethanhe/catkin_ws/src/robot-multi-floor-navigation/multi_floor_nav/launch/nav.launch http://localhost:11311
[1msetting /run_id to 8061ce8c-2c03-11f1-8d1e-01badb8e21cf[0m
[1mprocess[rosout-1]: started with pid [340145][0m
started core service [/rosout]
[1mprocess[gazebo-2]: started with pid [340152][0m
[1mprocess[robot_state_publisher-3]: started with pid [340156][0m
[1mprocess[controller_spawner-4]: started with pid [340158][0m
[1mprocess[ekf_localization-5]: started with pid [340159][0m
[1mprocess[twist_mux-6]: started with pid [340160][0m
[1mprocess[twist_marker_server-7]: started with pid [340165][0m
[1mprocess[urdf_spawner-8]: started with pid [340171][0m
[1mprocess[map_server0-9]: started with pid [340178][0m
[1mprocess[map_server1-10]: started with pid [340182][0m
[1mprocess[amcl-11]: started with pid [340187][0m
[1mprocess[move_base-12]: started with pid [340190][0m
[1mprocess[rviz-13]: started with pid [340195][0m
[1mprocess[change_map_node-14]: started with pid [340202][0m
[1mprocess[multi_floor_navigation_node-15]: started with pid [340208][0m
[multi_floor_navigation_node-15] killing on exit
[change_map_node-14] killing on exit
[rviz-13] killing on exit
[move_base-12] killing on exit
[amcl-11] killing on exit
[map_server1-10] killing on exit
[map_server0-9] killing on exit
[twist_marker_server-7] killing on exit
[twist_mux-6] killing on exit
[ekf_localization-5] killing on exit
[controller_spawner-4] killing on exit
[robot_state_publisher-3] killing on exit
[gazebo-2] killing on exit
[rosout-1] killing on exit
[master] killing on exit
shutting down processing monitor...
... shutting down processing monitor complete
[1mdone[0m
