xacro: in-order processing became default in ROS Melodic. You can drop the option.
... logging to /home/eethanhe/.ros/log/c3dea6ee-2cf8-11f1-ab93-1f235c29b2e7/roslaunch-eethanhe-Lenovo-Legion-R9000P2021H-68731.log
Checking log directory for disk usage. This may take a while.
Press Ctrl-C to interrupt
Done checking log file disk usage. Usage is <1GB.
]2;/home/eethanhe/catkin_ws/src/robot-multi-floor-navigation/multi_floor_nav/launch/nav.launch
[1mstarted roslaunch server http://eethanhe-Lenovo-Legion-R9000P2021H:39973/[0m

SUMMARY
========

PARAMETERS
 * /amcl/auto_update_noise: 0.0
 * /amcl/base_frame_id: base_link
 * /amcl/expected_laser_freq: 5.0
 * /amcl/first_map_only: False
 * /amcl/global_frame_id: map
 * /amcl/gui_publish_rate: 10.0
 * /amcl/initial_pose_a: 0.0
 * /amcl/initial_pose_x: 0.0
 * /amcl/initial_pose_y: 0.0
 * /amcl/kld_err: 0.05
 * /amcl/kld_z: 0.99
 * /amcl/laser_lambda_short: 0.1
 * /amcl/laser_likelihood_max_dist: 2.0
 * /amcl/laser_max_beams: 720
 * /amcl/laser_max_range: 30.0
 * /amcl/laser_min_range: 0.1
 * /amcl/laser_model_type: likelihood_field
 * /amcl/laser_sigma_hit: 0.2
 * /amcl/laser_z_hit: 0.5
 * /amcl/laser_z_max: 0.05
 * /amcl/laser_z_rand: 0.5
 * /amcl/laser_z_short: 0.05
 * /amcl/max_particles: 2000
 * /amcl/min_particles: 500
 * /amcl/odom_alpha1: 0.2
 * /amcl/odom_alpha2: 0.2
 * /amcl/odom_alpha3: 0.2
 * /amcl/odom_alpha4: 0.2
 * /amcl/odom_alpha5: 0.1
 * /amcl/odom_frame_id: odom
 * /amcl/odom_model_type: diff
 * /amcl/odom_update_interval: 0.1
 * /amcl/recovery_alpha_fast: 0.1
 * /amcl/recovery_alpha_slow: 0.001
 * /amcl/resample_interval: 1
 * /amcl/transform_tolerance: 1.0
 * /amcl/update_min_a: 0.3927
 * /amcl/update_min_d: 0.1
 * /amcl/use_map_topic: False
 * /ekf_localization/base_link_frame: base_link
 * /ekf_localization/frequency: 50
 * /ekf_localization/imu0: /imu/data
 * /ekf_localization/imu0_config: [False, False, Fa...
 * /ekf_localization/imu0_differential: False
 * /ekf_localization/odom0: /jackal_velocity_...
 * /ekf_localization/odom0_config: [False, False, Fa...
 * /ekf_localization/odom0_differential: False
 * /ekf_localization/odom_frame: odom
 * /ekf_localization/predict_to_current_time: True
 * /ekf_localization/world_frame: odom
 * /gazebo/enable_ros_network: True
 * /jackal_joint_publisher/publish_rate: 50
 * /jackal_joint_publisher/type: joint_state_contr...
 * /jackal_velocity_controller/angular/z/has_acceleration_limits: True
 * /jackal_velocity_controller/angular/z/has_velocity_limits: True
 * /jackal_velocity_controller/angular/z/max_acceleration: 25.0
 * /jackal_velocity_controller/angular/z/max_velocity: 4.0
 * /jackal_velocity_controller/cmd_vel_timeout: 0.25
 * /jackal_velocity_controller/enable_odom_tf: False
 * /jackal_velocity_controller/k_l: 0.1
 * /jackal_velocity_controller/k_r: 0.1
 * /jackal_velocity_controller/left_wheel: ['front_left_whee...
 * /jackal_velocity_controller/linear/x/has_acceleration_limits: True
 * /jackal_velocity_controller/linear/x/has_velocity_limits: True
 * /jackal_velocity_controller/linear/x/max_acceleration: 20.0
 * /jackal_velocity_controller/linear/x/max_velocity: 2.0
 * /jackal_velocity_controller/pose_covariance_diagonal: [0.001, 0.001, 10...
 * /jackal_velocity_controller/publish_cmd: True
 * /jackal_velocity_controller/publish_rate: 50
 * /jackal_velocity_controller/right_wheel: ['front_right_whe...
 * /jackal_velocity_controller/twist_covariance_diagonal: [0.001, 0.001, 0....
 * /jackal_velocity_controller/type: diff_drive_contro...
 * /jackal_velocity_controller/wheel_radius_multiplier: 1.0
 * /jackal_velocity_controller/wheel_separation_multiplier: 1.5
 * /move_base/NavfnROS/allow_unknown: True
 * /move_base/TrajectoryPlannerROS/acc_lim_theta: 20.0
 * /move_base/TrajectoryPlannerROS/acc_lim_x: 10.0
 * /move_base/TrajectoryPlannerROS/angular_sim_granularity: 0.02
 * /move_base/TrajectoryPlannerROS/controller_frequency: 20.0
 * /move_base/TrajectoryPlannerROS/dwa: True
 * /move_base/TrajectoryPlannerROS/escape_reset_dist: 0.1
 * /move_base/TrajectoryPlannerROS/escape_reset_theta: 0.1
 * /move_base/TrajectoryPlannerROS/escape_vel: -0.5
 * /move_base/TrajectoryPlannerROS/gdist_scale: 1.0
 * /move_base/TrajectoryPlannerROS/heading_lookahead: 0.325
 * /move_base/TrajectoryPlannerROS/heading_scoring: False
 * /move_base/TrajectoryPlannerROS/heading_scoring_timestep: 0.8
 * /move_base/TrajectoryPlannerROS/holonomic_robot: False
 * /move_base/TrajectoryPlannerROS/latch_xy_goal_tolerance: False
 * /move_base/TrajectoryPlannerROS/max_vel_theta: 1.57
 * /move_base/TrajectoryPlannerROS/max_vel_x: 0.5
 * /move_base/TrajectoryPlannerROS/meter_scoring: True
 * /move_base/TrajectoryPlannerROS/min_in_place_vel_theta: 0.314
 * /move_base/TrajectoryPlannerROS/min_vel_theta: -1.57
 * /move_base/TrajectoryPlannerROS/min_vel_x: 0.1
 * /move_base/TrajectoryPlannerROS/occdist_scale: 0.1
 * /move_base/TrajectoryPlannerROS/oscillation_reset_dist: 0.05
 * /move_base/TrajectoryPlannerROS/pdist_scale: 0.75
 * /move_base/TrajectoryPlannerROS/publish_cost_grid_pc: True
 * /move_base/TrajectoryPlannerROS/sim_granularity: 0.02
 * /move_base/TrajectoryPlannerROS/sim_time: 2.0
 * /move_base/TrajectoryPlannerROS/simple_attractor: False
 * /move_base/TrajectoryPlannerROS/vtheta_samples: 20
 * /move_base/TrajectoryPlannerROS/vx_samples: 6
 * /move_base/TrajectoryPlannerROS/xy_goal_tolerance: 0.25
 * /move_base/TrajectoryPlannerROS/yaw_goal_tolerance: 0.157
 * /move_base/base_global_planner: navfn/NavfnROS
 * /move_base/base_local_planner: base_local_planne...
 * /move_base/clearing_rotation_allowed: True
 * /move_base/controller_frequency: 20.0
 * /move_base/controller_patience: 15.0
 * /move_base/global_costmap/footprint: [[-0.21, -0.165],...
 * /move_base/global_costmap/footprint_padding: 0.1
 * /move_base/global_costmap/global_frame: map
 * /move_base/global_costmap/height: 40.0
 * /move_base/global_costmap/inflater_layer/inflation_radius: 0.3
 * /move_base/global_costmap/map_type: costmap
 * /move_base/global_costmap/meter_scoring: True
 * /move_base/global_costmap/obstacle_range: 2.5
 * /move_base/global_costmap/obstacles_layer/observation_sources: scan
 * /move_base/global_costmap/obstacles_layer/scan/clearing: True
 * /move_base/global_costmap/obstacles_layer/scan/data_type: LaserScan
 * /move_base/global_costmap/obstacles_layer/scan/marking: True
 * /move_base/global_costmap/obstacles_layer/scan/max_obstacle_height: 2.0
 * /move_base/global_costmap/obstacles_layer/scan/min_obstacle_height: -2.0
 * /move_base/global_costmap/obstacles_layer/scan/obstacle_range: 2.5
 * /move_base/global_costmap/obstacles_layer/scan/raytrace_range: 3.0
 * /move_base/global_costmap/obstacles_layer/scan/sensor_frame: front_laser
 * /move_base/global_costmap/obstacles_layer/scan/topic: front/scan
 * /move_base/global_costmap/origin_x: -20.0
 * /move_base/global_costmap/origin_y: -20.0
 * /move_base/global_costmap/origin_z: 0.0
 * /move_base/global_costmap/plugins: [{'name': 'static...
 * /move_base/global_costmap/publish_frequency: 5.0
 * /move_base/global_costmap/publish_voxel_map: False
 * /move_base/global_costmap/raytrace_range: 3.0
 * /move_base/global_costmap/resolution: 0.05
 * /move_base/global_costmap/robot_base_frame: base_link
 * /move_base/global_costmap/rolling_window: False
 * /move_base/global_costmap/static_map: True
 * /move_base/global_costmap/transform_tolerance: 0.5
 * /move_base/global_costmap/update_frequency: 20.0
 * /move_base/global_costmap/width: 40.0
 * /move_base/global_costmap/z_resolution: 1
 * /move_base/global_costmap/z_voxels: 2
 * /move_base/local_costmap/footprint: [[-0.21, -0.165],...
 * /move_base/local_costmap/footprint_padding: 0.1
 * /move_base/local_costmap/global_frame: map
 * /move_base/local_costmap/height: 10.0
 * /move_base/local_costmap/inflater_layer/inflation_radius: 0.3
 * /move_base/local_costmap/map_type: costmap
 * /move_base/local_costmap/meter_scoring: True
 * /move_base/local_costmap/obstacle_range: 2.5
 * /move_base/local_costmap/obstacles_layer/observation_sources: scan
 * /move_base/local_costmap/obstacles_layer/scan/clearing: True
 * /move_base/local_costmap/obstacles_layer/scan/data_type: LaserScan
 * /move_base/local_costmap/obstacles_layer/scan/marking: True
 * /move_base/local_costmap/obstacles_layer/scan/max_obstacle_height: 2.0
 * /move_base/local_costmap/obstacles_layer/scan/min_obstacle_height: -2.0
 * /move_base/local_costmap/obstacles_layer/scan/obstacle_range: 2.5
 * /move_base/local_costmap/obstacles_layer/scan/raytrace_range: 3.0
 * /move_base/local_costmap/obstacles_layer/scan/sensor_frame: front_laser
 * /move_base/local_costmap/obstacles_layer/scan/topic: front/scan
 * /move_base/local_costmap/origin_z: 0.0
 * /move_base/local_costmap/plugins: [{'name': 'obstac...
 * /move_base/local_costmap/publish_frequency: 5.0
 * /move_base/local_costmap/publish_voxel_map: False
 * /move_base/local_costmap/raytrace_range: 3.0
 * /move_base/local_costmap/resolution: 0.05
 * /move_base/local_costmap/robot_base_frame: base_link
 * /move_base/local_costmap/rolling_window: True
 * /move_base/local_costmap/static_map: False
 * /move_base/local_costmap/transform_tolerance: 0.5
 * /move_base/local_costmap/update_frequency: 20.0
 * /move_base/local_costmap/width: 10.0
 * /move_base/local_costmap/z_resolution: 1
 * /move_base/local_costmap/z_voxels: 2
 * /move_base/oscillation_distance: 0.5
 * /move_base/oscillation_timeout: 0.0
 * /move_base/planner_frequency: 20.0
 * /move_base/planner_patience: 5.0
 * /move_base/recovery_behavior_enabled: True
 * /move_base/shutdown_costmaps: False
 * /multi_floor_navigation_node/init_pose_offset_theta: 0.2
 * /multi_floor_navigation_node/init_pose_offset_x: 0.32
 * /multi_floor_navigation_node/init_pose_offset_y: 0.32
 * /multi_floor_navigation_node/region_init_backoff_factor: 1.3
 * /multi_floor_navigation_node/region_init_max_backoff: 2.0
 * /multi_floor_navigation_node/region_init_sigma_adaptive_alpha: 0.35
 * /multi_floor_navigation_node/region_init_sigma_min_scale: 0.03
 * /multi_floor_navigation_node/region_init_sigma_min_yaw: 0.02
 * /multi_floor_navigation_node/region_init_sigma_x: 0.15
 * /multi_floor_navigation_node/region_init_sigma_x_L0: 0.15
 * /multi_floor_navigation_node/region_init_sigma_x_L1: 0.2
 * /multi_floor_navigation_node/region_init_sigma_y: 0.15
 * /multi_floor_navigation_node/region_init_sigma_y_L0: 0.15
 * /multi_floor_navigation_node/region_init_sigma_y_L1: 0.2
 * /multi_floor_navigation_node/region_init_sigma_yaw: 0.1
 * /multi_floor_navigation_node/region_init_sigma_yaw_L0: 0.1
 * /multi_floor_navigation_node/region_init_sigma_yaw_L1: 0.12
 * /multi_floor_navigation_node/reloc_min_check_delay_L0: 6.0
 * /multi_floor_navigation_node/reloc_min_check_delay_L1: 12.0
 * /multi_floor_navigation_node/reloc_min_check_delay_sec: 6.0
 * /robot_description: <?xml version="1....
 * /rosdistro: noetic
 * /rosversion: 1.17.0
 * /twist_marker_server/link_name: base_link
 * /twist_mux/locks: [{'name': 'e_stop...
 * /twist_mux/topics: [{'name': 'joy', ...
 * /use_gui: True
 * /use_sim_time: True

NODES
  /
    amcl (amcl/amcl)
    change_map_node (multi_floor_nav/change_map_node)
    controller_spawner (controller_manager/spawner)
    ekf_localization (robot_localization/ekf_localization_node)
    gazebo (gazebo_ros/gzserver)
    map_server0 (map_server/map_server)
    map_server1 (map_server/map_server)
    move_base (move_base/move_base)
    multi_floor_navigation_node (multi_floor_nav/multi_floor_navigation_node)
    robot_state_publisher (robot_state_publisher/robot_state_publisher)
    rviz (rviz/rviz)
    twist_marker_server (interactive_marker_twist_server/marker_server)
    twist_mux (twist_mux/twist_mux)
    urdf_spawner (gazebo_ros/spawn_model)
[ INFO] [1774958238.775358468]: Finished loading Gazebo ROS API Plugin.
[ INFO] [1774958238.776098154]: waitForService: Service [/gazebo/set_physics_properties] has not been advertised, waiting...
[1;33mWarning [Model.cc:216][0m Non-unique name[door] detected 2 times in XML children of model with name[elevator].
[1;33mWarning [Model.cc:309][0m Joint with name [door] in model with name [elevator] has a name collision, changing joint name to [door_joint].
[ INFO] [1774958239.780858872]: waitForService: Service [/gazebo/set_physics_properties] is now available.
[ INFO] [1774958239.796627650]: Physics dynamic reconfigure ready.
[1;33mWarning [parser_urdf.cc:1161][0m multiple inconsistent <gravity> exists due to fixed joint reduction overwriting previous value [true] with [false].
[1;33mWarning [parser_urdf.cc:1161][0m multiple inconsistent <gravity> exists due to fixed joint reduction overwriting previous value [false] with [true].
[ERROR] [1774958240.557494834, 1055.086000000]: No p gain specified for pid.  Namespace: /gazebo_ros_control/pid_gains/front_left_wheel
[ERROR] [1774958240.557990356, 1055.086000000]: No p gain specified for pid.  Namespace: /gazebo_ros_control/pid_gains/front_right_wheel
[ERROR] [1774958240.558386005, 1055.086000000]: No p gain specified for pid.  Namespace: /gazebo_ros_control/pid_gains/rear_left_wheel
[ERROR] [1774958240.558754836, 1055.086000000]: No p gain specified for pid.  Namespace: /gazebo_ros_control/pid_gains/rear_right_wheel
[ WARN] [1774958240.598002492, 1055.088000000]: Failed to meet update rate! Took 1055.0869999999999891
[ WARN] [1774958240.598195672, 1055.088000000]: Timed out waiting for transform from base_link to map to become available before running costmap, tf error: canTransform: target_frame map does not exist.. canTransform returned after 1055.09 timeout was 0.1.
[ WARN] [1774958240.598778915, 1055.088000000]: Failed to meet update rate! Took 1055.0679999999999836
[ WARN] [1774958240.920870593]: Interactive marker 'robot_twist_marker' contains unnormalized quaternions. This warning will only be output once but may be true for others; enable DEBUG messages for ros.rviz.quaternions to see more details.
[ WARN] [1774958241.937908748, 1056.412000000]: global_costmap: Pre-Hydro parameter "static_map" unused since "plugins" is provided
[ WARN] [1774958241.938500720, 1056.412000000]: global_costmap: Pre-Hydro parameter "map_type" unused since "plugins" is provided
[ WARN] [1774958273.386547199, 1087.446000000]: [Multi Floor Nav] Initial pose perturbation applied: offset_x=0.32, offset_y=0.32, offset_theta=0.20
[ WARN] [1774958273.411659175, 1087.471000000]: local_costmap: Pre-Hydro parameter "static_map" unused since "plugins" is provided
[ WARN] [1774958273.411837758, 1087.471000000]: local_costmap: Pre-Hydro parameter "map_type" unused since "plugins" is provided
[ WARN] [1774958273.447379866, 1087.507000000]: Parameter pdist_scale is deprecated. Please use the name path_distance_bias instead.
[ WARN] [1774958273.447900950, 1087.507000000]: Parameter gdist_scale is deprecated. Please use the name goal_distance_bias instead.
[ WARN] [1774958279.662143227, 1093.648000000]: [Multi Floor Nav] Initial pose perturbation applied: offset_x=0.32, offset_y=0.32, offset_theta=0.20
[ WARN] [1774958279.662182198, 1093.648000000]: [Multi Floor Nav] Retry #1: sigma scaled by 1.300 ??? (0.195, 0.195, 0.117)
[ INFO] [1774958238.511402188]: [Multi Floor Nav] Module A sigma: L0=(0.150,0.150,0.100) L1=(0.200,0.200,0.120)
[ INFO] [1774958238.512945744]: [Multi Floor Nav] Module A delay: L0=6.0s  L1=12.0s  backoff: factor=1.30 max=2.00
[ INFO] [1774958273.229460373, 1087.290000000]: [Multi Floor Nav] Successfully loaded map for level: 0
[ INFO] [1774958273.386601954, 1087.446000000]: [Multi Floor Nav] Adaptive sigma: offset_planar=0.453, adaptive_scale=0.158, adaptive_yaw=0.090 ??? sigma(0.150, 0.150, 0.090)
[ INFO] [1774958273.386614595, 1087.446000000]: [Multi Floor Nav] Initializing Robot at x: 5.3, y: -0.2, yaw: 0.2 (level=0, sigma: x=0.150, y=0.150, yaw=0.090, retry=0)
[ INFO] [1774958273.386635199, 1087.446000000]: [Multi Floor Nav] Initializing Pose to x: 5.00, y: -0.50 at level: 0
[ INFO] [1774958274.399303659, 1088.449000000]: [Multi Floor Nav] Waiting for AMCL nomotion updates (1.0/6.0s, L0)...
[ INFO] [1774958275.410232246, 1089.449000000]: [Multi Floor Nav] Waiting for AMCL nomotion updates (2.0/6.0s, L0)...
[ INFO] [1774958276.626443155, 1090.650000000]: [Multi Floor Nav] Waiting for AMCL nomotion updates (3.2/6.0s, L0)...
[ INFO] [1774958277.843209309, 1091.849000000]: [Multi Floor Nav] Waiting for AMCL nomotion updates (4.4/6.0s, L0)...
[ INFO] [1774958279.057611142, 1093.050000000]: [Multi Floor Nav] Waiting for AMCL nomotion updates (5.6/6.0s, L0)...
[ INFO] [1774958279.461169400, 1093.449000000]: [Multi Floor Nav] Current Robot Pose, x: 5.33, y: -0.04, yaw: 0.12
[ INFO] [1774958279.461234701, 1093.449000000]: [Multi Floor Nav] Linear Error: 0.57, Angular Error: 0.12
[ INFO] [1774958279.461270041, 1093.449000000]: [Multi Floor Nav] Setting initial pose failed. Will Retry (retry #1)
[ INFO] [1774958279.662169417, 1093.648000000]: [Multi Floor Nav] Adaptive sigma: offset_planar=0.453, adaptive_scale=0.158, adaptive_yaw=0.090 ??? sigma(0.150, 0.150, 0.090)
[ INFO] [1774958279.662195677, 1093.648000000]: [Multi Floor Nav] Initializing Robot at x: 5.3, y: -0.2, yaw: 0.2 (level=0, sigma: x=0.195, y=0.195, yaw=0.117, retry=1)
[ INFO] [1774958279.662209436, 1093.648000000]: [Multi Floor Nav] Initializing Pose to x: 5.00, y: -0.50 at level: 0
[ INFO] [1774958280.681779345, 1094.652000000]: [Multi Floor Nav] Waiting for AMCL nomotion updates (1.0/6.0s, L0)...
[ INFO] [1774958281.694733008, 1095.652000000]: [Multi Floor Nav] Waiting for AMCL nomotion updates (2.0/6.0s, L0)...
[ INFO] [1774958282.703076608, 1096.652000000]: [Multi Floor Nav] Waiting for AMCL nomotion updates (3.0/6.0s, L0)...
[ INFO] [1774958283.923328080, 1097.852000000]: [Multi Floor Nav] Waiting for AMCL nomotion updates (4.2/6.0s, L0)...
[ INFO] [1774958285.137322502, 1099.050000000]: [Multi Floor Nav] Waiting for AMCL nomotion updates (5.4/6.0s, L0)...
[ INFO] [1774958285.743963387, 1099.651000000]: [Multi Floor Nav] Current Robot Pose, x: 5.06, y: -0.05, yaw: 0.09
[ INFO] [1774958285.743995304, 1099.651000000]: [Multi Floor Nav] Linear Error: 0.45, Angular Error: 0.09
[ INFO] [1774958285.744014370, 1099.651000000]: [Multi Floor Nav] Robot at correct pose
[ INFO] [1774958285.746166872, 1099.653000000]: [Multi Floor Nav] RELOC_PASS: linear_error=0.4531, angular_error=0.0898, linear_error_init=0.2900, angular_error_init=0.1102, tr_sigma=0.0406, C_t=0.9602
[ INFO] [1774958286.760280133, 1100.653000000]: [Multi Floor Nav] POST_PASS: dt=1.000s, linear_error=0.4508, angular_error=0.0891
[ INFO] [1774958286.760339219, 1100.653000000]: [Multi Floor Nav] Will send goal to x: 3, y: -0, at level: 0
[ INFO] [1774958286.760377981, 1100.653000000]: [Multi Floor Nav] Sending Robot to x: 3.0, y: -0.5, yaw: 3.1
[ INFO] [1774958286.963181720, 1100.854000000]: [Multi Floor Nav] POST_PASS: dt=1.200s, linear_error=0.4508, angular_error=0.0891
[ INFO] [1774958287.166085543, 1101.054000000]: [Multi Floor Nav] POST_PASS: dt=1.401s, linear_error=0.4508, angular_error=0.0891
[ INFO] [1774958287.368676758, 1101.253000000]: [Multi Floor Nav] POST_PASS: dt=1.600s, linear_error=0.4636, angular_error=0.3242
[ INFO] [1774958287.570434210, 1101.453000000]: [Multi Floor Nav] POST_PASS: [ WARN] [1774958340.135607694, 1153.456000000]: [Multi Floor Nav] Initial pose perturbation applied: offset_x=0.32, offset_y=0.32, offset_theta=0.20
[ WARN] [1774958352.577726301, 1165.657000000]: [Multi Floor Nav] Initial pose perturbation applied: offset_x=0.32, offset_y=0.32, offset_theta=0.20
[ WARN] [1774958352.577766809, 1165.657000000]: [Multi Floor Nav] Retry #1: sigma scaled by 1.300 ??? (0.206, 0.206, 0.117)
dt=1.800s, linear_error=0.4504, angular_error=0.7529
[ INFO] [1774958287.773335658, 1101.653000000]: [Multi Floor Nav] POST_PASS: dt=2.000s, linear_error=0.4504, angular_error=0.7529
[ INFO] [1774958302.734174363, 1116.453000000]: [Multi Floor Nav] Requesting Lift to Level 0
[ INFO] [1774958302.936042041, 1116.653000000]: [Multi Floor Nav] Entering Lift at Level 0
[ INFO] [1774958320.271398536, 1133.853000000]: [Multi Floor Nav] Requesting Lift to Level 1
[ INFO] [1774958327.344645256, 1140.854000000]: [Multi Floor Nav] Exiting Lift at Level 1
[ INFO] [1774958339.966906733, 1153.290000000]: [Multi Floor Nav] Successfully loaded map for level: 1
[ INFO] [1774958340.135634583, 1153.456000000]: [Multi Floor Nav] Adaptive sigma: offset_planar=0.453, adaptive_scale=0.158, adaptive_yaw=0.090 ??? sigma(0.158, 0.158, 0.090)
[ INFO] [1774958340.135642755, 1153.456000000]: [Multi Floor Nav] Initializing Robot at x: 3.3, y: -0.2, yaw: 3.3 (level=1, sigma: x=0.158, y=0.158, yaw=0.090, retry=0)
[ INFO] [1774958340.135658958, 1153.456000000]: [Multi Floor Nav] Initializing Pose to x: 3.00, y: -0.50 at level: 1
[ INFO] [1774958341.161934768, 1154.460000000]: [Multi Floor Nav] Waiting for AMCL nomotion updates (1.0/12.0s, L1)...
[ INFO] [1774958342.389110025, 1155.660000000]: [Multi Floor Nav] Waiting for AMCL nomotion updates (2.2/12.0s, L1)...
[ INFO] [1774958343.610016284, 1156.859000000]: [Multi Floor Nav] Waiting for AMCL nomotion updates (3.4/12.0s, L1)...
[ INFO] [1774958344.630192961, 1157.860000000]: [Multi Floor Nav] Waiting for AMCL nomotion updates (4.4/12.0s, L1)...
[ INFO] [1774958345.851476795, 1159.058000000]: [Multi Floor Nav] Waiting for AMCL nomotion updates (5.6/12.0s, L1)...
[ INFO] [1774958346.872786933, 1160.059000000]: [Multi Floor Nav] Waiting for AMCL nomotion updates (6.6/12.0s, L1)...
[ INFO] [1774958347.893175803, 1161.060000000]: [Multi Floor Nav] Waiting for AMCL nomotion updates (7.6/12.0s, L1)...
[ INFO] [1774958348.910879847, 1162.060000000]: [Multi Floor Nav] Waiting for AMCL nomotion updates (8.6/12.0s, L1)...
[ INFO] [1774958350.131535975, 1163.259000000]: [Multi Floor Nav] Waiting for AMCL nomotion updates (9.8/12.0s, L1)...
[ INFO] [1774958351.151382405, 1164.260000000]: [Multi Floor Nav] Waiting for AMCL nomotion updates (10.8/12.0s, L1)...
[ INFO] [1774958352.376288445, 1165.460000000]: [Multi Floor Nav] Current Robot Pose, x: 3.62, y: -0.66, yaw: 2.96
[ INFO] [1774958352.376308000, 1165.460000000]: [Multi Floor Nav] Linear Error: 0.64, Angular Error: 0.18
[ INFO] [1774958352.376317569, 1165.460000000]: [Multi Floor Nav] Setting initial pose failed. Will Retry (retry #1)
[ INFO] [1774958352.577755914, 1165.657000000]: [Multi Floor Nav] Adaptive sigma: offset_planar=0.453, adaptive_scale=0.158, adaptive_yaw=0.090 ??? sigma(0.158, 0.158, 0.090)
[ INFO] [1774958352.577778193, 1165.657000000]: [Multi Floor Nav] Initializing Robot at x: 3.3, y: -0.2, yaw: 3.3 (level=1, sigma: x=0.206, y=0.206, yaw=0.117, retry=1)
[ INFO] [1774958352.577794885, 1165.657000000]: [Multi Floor Nav] Initializing Pose to x: 3.00, y: -0.50 at level: 1
[ INFO] [1774958353.599698356, 1166.659000000]: [Multi Floor Nav] Waiting for AMCL nomotion updates (1.0/12.0s, L1)...
[ INFO] [1774958354.620029291, 1167.659000000]: [Multi Floor Nav] Waiting for AMCL nomotion updates (2.0/12.0s, L1)...
[ INFO] [1774958355.639791096, 1168.661000000]: [Multi Floor Nav] Waiting for AMCL nomotion updates (3.0/12.0s, L1)...
[ INFO] [1774958356.660650877, 1169.661000000]: [Multi Floor Nav] Waiting for AMCL nomotion updates (4.0/12.0s, L1)...
[ INFO] [1774958357.684535550, 1170.661000000]: [Multi Floor Nav] Waiting for AMCL nomotion updates (5.0/12.0s, L1)...
[ INFO] [1774958358.909813601, 1171.860000000]: [Multi Floor Nav] Waiting for AMCL nomotion updates (6.2/12.0s, L1)...
[ INFO] [1774958359.923276460, 1172.860000000]: [Multi Floor Nav] Waiting for AMCL nomotion updates (7.2/12.0s, L1)...
[ INFO] [1774958361.146676777, 1174.060000000]: [Multi Floor Nav] Waiting for AMCL nomotion updates (8.4/12.0s, L1)...
[ INFO] [1774958362.165847059, 1175.060000000]: [Multi Floor Nav] Waiting for AMCL nomotion updates (9.4/12.0s, L1)...
[ INFO] [1774958363.181572645, 1176.061000000]: [Multi Floor Nav] Waiting for AMCL nomotion updates (10.4/12.0s, L1)...
[ INFO] [1774958364.402406252, 1177.260000000]: [Multi Floor Nav] Waiting for AMCL nomotion updates (11.6/12.0s, L1)...
[ INFO] [1774958364.808071929, 1177.661000000]: [Multi Floor Nav] Current Robot Pose, x: 3.12, y: -0.51, yaw: 2.98
[ INFO] [1774958364.808119281, 1177.661000000]: [Multi Floor Nav] Linear Error: 0.12, Angular Error: 0.17
[ INFO] [1774958364.808139674, 1177.661000000]: [Multi Floor Nav] Robot at correct pose
[ INFO] [1774958364.811585214, 1177.665000000]: [Multi Floor Nav] RELOC_PASS: linear_error=0.1216, angular_error=0.1659, linear_error_init=0.3883, angular_error_init=0.3659, tr_sigma=0.0000, C_t=1.0000
[ INFO] [1774958365.836266254, 1178.665000000]: [Multi Floor Nav] POST_PASS: dt=1.000s, linear_error=0.1216, angular_error=0.1667
[ INFO] [1774958365.836338400, 1178.665000000]: [Multi Floor Nav] Will send goal to x: 4, y: 5, at level: 1
[ INFO] [1774958365.836392667, 1178.665000000]: [Multi Floor Nav] Sending Robot to x: 4.0, y: 5.0, yaw: 0.0
[ INFO] [1774958366.039594232, 1178.865000000]: [Multi Floor Nav] POST_PASS: dt=1.200s, linear_error=0.1216, angular_error=0.1667
[ INFO] [1774958366.242382269, 1179.066000000]: [Multi Floor Nav] POST_PASS: dt=1.400s, linear_error=0.1216, angular_error=0.1667
[ INFO] [1774958366.444025891, 1179.265000000]: [Multi Floor Nav] POST_PASS: dt=1.600s, linear_error=0.0098, angular_error=0.2440
[ INFO] [1774958366.646970651, 1179.465000000]: [Multi Floor Nav] POST_PASS: dt=1.800s, linear_error=0.1313, angular_error=0.5010
[ INFO] [1774958366.850648674, 1179.665000000]: [Multi Floor Nav] POST_PASS: dt=2.000s, linear_error=0.2562, angular_error=0.8648
[ INFO] [1774958386.949617268, 1199.465000000]: [Multi Floor Nav] Robot arrived at Goal
[ INFO] [1774958241.939802348, 1056.414000000]: global_costmap: Using plugin "static_layer"
[ INFO] [1774958241.947168970, 1056.421000000]: Requesting the map...
[ INFO] [1774958273.263257013, 1087.324000000]: Resizing costmap to 992 X 992 at 0.020000 m/pix
[ INFO] [1774958273.363287338, 1087.422000000]: Received a 992 X 992 map at 0.020000 m/pix
[ INFO] [1774958273.368819516, 1087.428000000]: global_costmap: Using plugin "obstacles_layer"
[ INFO] [1774958273.374077569, 1087.433000000]:     Subscribed to Topics: scan
[ INFO] [1774958273.382457866, 1087.442000000]: global_costmap: Using plugin "inflater_layer"
[ INFO] [1774958273.412201630, 1087.471000000]: local_costmap: Using plugin "obstacles_layer"
[ INFO] [1774958273.414734136, 1087.474000000]:     Subscribed to Topics: scan
[ INFO] [1774958273.422612974, 1087.482000000]: local_costmap: Using plugin "inflater_layer"
[ INFO] [1774958273.440913493, 1087.500000000]: Created local_planner base_local_planner/TrajectoryPlannerROS
[ INFO] [1774958273.445326050, 1087.504000000]: Sim period is set to 0.05
[ INFO] [1774958273.492281930, 1087.551000000]: Recovery behavior will clear layer 'obstacles'
[ INFO] [1774958273.495540084, 1087.555000000]: Recovery behavior will clear layer 'obstacles'
[ INFO] [1774958273.610160203, 1087.669000000]: odom received!

auto-starting new master
[1mprocess[master]: started with pid [68817][0m
[1mROS_MASTER_URI=http://localhost:11311[0m
]2;/home/eethanhe/catkin_ws/src/robot-multi-floor-navigation/multi_floor_nav/launch/nav.launch http://localhost:11311
[1msetting /run_id to c3dea6ee-2cf8-11f1-ab93-1f235c29b2e7[0m
[1mprocess[rosout-1]: started with pid [68842][0m
started core service [/rosout]
[1mprocess[gazebo-2]: started with pid [68849][0m
[1mprocess[robot_state_publisher-3]: started with pid [68852][0m
[1mprocess[controller_spawner-4]: started with pid [68855][0m
[1mprocess[ekf_localization-5]: started with pid [68856][0m
[1mprocess[twist_mux-6]: started with pid [68857][0m
[1mprocess[twist_marker_server-7]: started with pid [68859][0m
[1mprocess[urdf_spawner-8]: started with pid [68865][0m
[1mprocess[map_server0-9]: started with pid [68871][0m
[1mprocess[map_server1-10]: started with pid [68877][0m
[1mprocess[amcl-11]: started with pid [68883][0m
[1mprocess[move_base-12]: started with pid [68884][0m
[1mprocess[rviz-13]: started with pid [68891][0m
[1mprocess[change_map_node-14]: started with pid [68896][0m
[1mprocess[multi_floor_navigation_node-15]: started with pid [68901][0m
[1m[urdf_spawner-8] process has finished cleanly
log file: /home/eethanhe/.ros/log/c3dea6ee-2cf8-11f1-ab93-1f235c29b2e7/urdf_spawner-8*.log[0m
[multi_floor_navigation_node-15] killing on exit
[change_map_node-14] killing on exit
[rviz-13] killing on exit
[move_base-12] killing on exit
[amcl-11] killing on exit
[map_server1-10] killing on exit
[map_server0-9] killing on exit
[twist_marker_server-7] killing on exit
[twist_mux-6] killing on exit
[ekf_localization-5] killing on exit
[controller_spawner-4] killing on exit
[robot_state_publisher-3] killing on exit
[gazebo-2] killing on exit
[rosout-1] killing on exit
[master] killing on exit
shutting down processing monitor...
... shutting down processing monitor complete
[1mdone[0m
