xacro: in-order processing became default in ROS Melodic. You can drop the option.
... logging to /home/eethanhe/.ros/log/f5339572-2bf1-11f1-8d1e-01badb8e21cf/roslaunch-eethanhe-Lenovo-Legion-R9000P2021H-193718.log
Checking log directory for disk usage. This may take a while.
Press Ctrl-C to interrupt
Done checking log file disk usage. Usage is <1GB.
]2;/home/eethanhe/catkin_ws/src/robot-multi-floor-navigation/multi_floor_nav/launch/nav.launch
[1mstarted roslaunch server http://eethanhe-Lenovo-Legion-R9000P2021H:37445/[0m

SUMMARY
========

PARAMETERS
 * /amcl/auto_update_noise: 0.0
 * /amcl/base_frame_id: base_link
 * /amcl/expected_laser_freq: 5.0
 * /amcl/first_map_only: False
 * /amcl/global_frame_id: map
 * /amcl/gui_publish_rate: 10.0
 * /amcl/initial_pose_a: 0.0
 * /amcl/initial_pose_x: 0.0
 * /amcl/initial_pose_y: 0.0
 * /amcl/kld_err: 0.05
 * /amcl/kld_z: 0.99
 * /amcl/laser_lambda_short: 0.1
 * /amcl/laser_likelihood_max_dist: 2.0
 * /amcl/laser_max_beams: 720
 * /amcl/laser_max_range: 30.0
 * /amcl/laser_min_range: 0.1
 * /amcl/laser_model_type: likelihood_field
 * /amcl/laser_sigma_hit: 0.2
 * /amcl/laser_z_hit: 0.5
 * /amcl/laser_z_max: 0.05
 * /amcl/laser_z_rand: 0.5
 * /amcl/laser_z_short: 0.05
 * /amcl/max_particles: 2000
 * /amcl/min_particles: 500
 * /amcl/odom_alpha1: 0.2
 * /amcl/odom_alpha2: 0.2
 * /amcl/odom_alpha3: 0.2
 * /amcl/odom_alpha4: 0.2
 * /amcl/odom_alpha5: 0.1
 * /amcl/odom_frame_id: odom
 * /amcl/odom_model_type: diff
 * /amcl/odom_update_interval: 0.1
 * /amcl/recovery_alpha_fast: 0.1
 * /amcl/recovery_alpha_slow: 0.001
 * /amcl/resample_interval: 1
 * /amcl/transform_tolerance: 1.0
 * /amcl/update_min_a: 0.3927
 * /amcl/update_min_d: 0.1
 * /amcl/use_map_topic: False
 * /ekf_localization/base_link_frame: base_link
 * /ekf_localization/frequency: 50
 * /ekf_localization/imu0: /imu/data
 * /ekf_localization/imu0_config: [False, False, Fa...
 * /ekf_localization/imu0_differential: False
 * /ekf_localization/odom0: /jackal_velocity_...
 * /ekf_localization/odom0_config: [False, False, Fa...
 * /ekf_localization/odom0_differential: False
 * /ekf_localization/odom_frame: odom
 * /ekf_localization/predict_to_current_time: True
 * /ekf_localization/world_frame: odom
 * /gazebo/enable_ros_network: True
 * /jackal_joint_publisher/publish_rate: 50
 * /jackal_joint_publisher/type: joint_state_contr...
 * /jackal_velocity_controller/angular/z/has_acceleration_limits: True
 * /jackal_velocity_controller/angular/z/has_velocity_limits: True
 * /jackal_velocity_controller/angular/z/max_acceleration: 25.0
 * /jackal_velocity_controller/angular/z/max_velocity: 4.0
 * /jackal_velocity_controller/cmd_vel_timeout: 0.25
 * /jackal_velocity_controller/enable_odom_tf: False
 * /jackal_velocity_controller/k_l: 0.1
 * /jackal_velocity_controller/k_r: 0.1
 * /jackal_velocity_controller/left_wheel: ['front_left_whee...
 * /jackal_velocity_controller/linear/x/has_acceleration_limits: True
 * /jackal_velocity_controller/linear/x/has_velocity_limits: True
 * /jackal_velocity_controller/linear/x/max_acceleration: 20.0
 * /jackal_velocity_controller/linear/x/max_velocity: 2.0
 * /jackal_velocity_controller/pose_covariance_diagonal: [0.001, 0.001, 10...
 * /jackal_velocity_controller/publish_cmd: True
 * /jackal_velocity_controller/publish_rate: 50
 * /jackal_velocity_controller/right_wheel: ['front_right_whe...
 * /jackal_velocity_controller/twist_covariance_diagonal: [0.001, 0.001, 0....
 * /jackal_velocity_controller/type: diff_drive_contro...
 * /jackal_velocity_controller/wheel_radius_multiplier: 1.0
 * /jackal_velocity_controller/wheel_separation_multiplier: 1.5
 * /move_base/NavfnROS/allow_unknown: True
 * /move_base/TrajectoryPlannerROS/acc_lim_theta: 20.0
 * /move_base/TrajectoryPlannerROS/acc_lim_x: 10.0
 * /move_base/TrajectoryPlannerROS/angular_sim_granularity: 0.02
 * /move_base/TrajectoryPlannerROS/controller_frequency: 20.0
 * /move_base/TrajectoryPlannerROS/dwa: True
 * /move_base/TrajectoryPlannerROS/escape_reset_dist: 0.1
 * /move_base/TrajectoryPlannerROS/escape_reset_theta: 0.1
 * /move_base/TrajectoryPlannerROS/escape_vel: -0.5
 * /move_base/TrajectoryPlannerROS/gdist_scale: 1.0
 * /move_base/TrajectoryPlannerROS/heading_lookahead: 0.325
 * /move_base/TrajectoryPlannerROS/heading_scoring: False
 * /move_base/TrajectoryPlannerROS/heading_scoring_timestep: 0.8
 * /move_base/TrajectoryPlannerROS/holonomic_robot: False
 * /move_base/TrajectoryPlannerROS/latch_xy_goal_tolerance: False
 * /move_base/TrajectoryPlannerROS/max_vel_theta: 1.57
 * /move_base/TrajectoryPlannerROS/max_vel_x: 0.5
 * /move_base/TrajectoryPlannerROS/meter_scoring: True
 * /move_base/TrajectoryPlannerROS/min_in_place_vel_theta: 0.314
 * /move_base/TrajectoryPlannerROS/min_vel_theta: -1.57
 * /move_base/TrajectoryPlannerROS/min_vel_x: 0.1
 * /move_base/TrajectoryPlannerROS/occdist_scale: 0.1
 * /move_base/TrajectoryPlannerROS/oscillation_reset_dist: 0.05
 * /move_base/TrajectoryPlannerROS/pdist_scale: 0.75
 * /move_base/TrajectoryPlannerROS/publish_cost_grid_pc: True
 * /move_base/TrajectoryPlannerROS/sim_granularity: 0.02
 * /move_base/TrajectoryPlannerROS/sim_time: 2.0
 * /move_base/TrajectoryPlannerROS/simple_attractor: False
 * /move_base/TrajectoryPlannerROS/vtheta_samples: 20
 * /move_base/TrajectoryPlannerROS/vx_samples: 6
 * /move_base/TrajectoryPlannerROS/xy_goal_tolerance: 0.25
 * /move_base/TrajectoryPlannerROS/yaw_goal_tolerance: 0.157
 * /move_base/base_global_planner: navfn/NavfnROS
 * /move_base/base_local_planner: base_local_planne...
 * /move_base/clearing_rotation_allowed: True
 * /move_base/controller_frequency: 20.0
 * /move_base/controller_patience: 15.0
 * /move_base/global_costmap/footprint: [[-0.21, -0.165],...
 * /move_base/global_costmap/footprint_padding: 0.1
 * /move_base/global_costmap/global_frame: map
 * /move_base/global_costmap/height: 40.0
 * /move_base/global_costmap/inflater_layer/inflation_radius: 0.3
 * /move_base/global_costmap/map_type: costmap
 * /move_base/global_costmap/meter_scoring: True
 * /move_base/global_costmap/obstacle_range: 2.5
 * /move_base/global_costmap/obstacles_layer/observation_sources: scan
 * /move_base/global_costmap/obstacles_layer/scan/clearing: True
 * /move_base/global_costmap/obstacles_layer/scan/data_type: LaserScan
 * /move_base/global_costmap/obstacles_layer/scan/marking: True
 * /move_base/global_costmap/obstacles_layer/scan/max_obstacle_height: 2.0
 * /move_base/global_costmap/obstacles_layer/scan/min_obstacle_height: -2.0
 * /move_base/global_costmap/obstacles_layer/scan/obstacle_range: 2.5
 * /move_base/global_costmap/obstacles_layer/scan/raytrace_range: 3.0
 * /move_base/global_costmap/obstacles_layer/scan/sensor_frame: front_laser
 * /move_base/global_costmap/obstacles_layer/scan/topic: front/scan
 * /move_base/global_costmap/origin_x: -20.0
 * /move_base/global_costmap/origin_y: -20.0
 * /move_base/global_costmap/origin_z: 0.0
 * /move_base/global_costmap/plugins: [{'name': 'static...
 * /move_base/global_costmap/publish_frequency: 5.0
 * /move_base/global_costmap/publish_voxel_map: False
 * /move_base/global_costmap/raytrace_range: 3.0
 * /move_base/global_costmap/resolution: 0.05
 * /move_base/global_costmap/robot_base_frame: base_link
 * /move_base/global_costmap/rolling_window: False
 * /move_base/global_costmap/static_map: True
 * /move_base/global_costmap/transform_tolerance: 0.5
 * /move_base/global_costmap/update_frequency: 20.0
 * /move_base/global_costmap/width: 40.0
 * /move_base/global_costmap/z_resolution: 1
 * /move_base/global_costmap/z_voxels: 2
 * /move_base/local_costmap/footprint: [[-0.21, -0.165],...
 * /move_base/local_costmap/footprint_padding: 0.1
 * /move_base/local_costmap/global_frame: map
 * /move_base/local_costmap/height: 10.0
 * /move_base/local_costmap/inflater_layer/inflation_radius: 0.3
 * /move_base/local_costmap/map_type: costmap
 * /move_base/local_costmap/meter_scoring: True
 * /move_base/local_costmap/obstacle_range: 2.5
 * /move_base/local_costmap/obstacles_layer/observation_sources: scan
 * /move_base/local_costmap/obstacles_layer/scan/clearing: True
 * /move_base/local_costmap/obstacles_layer/scan/data_type: LaserScan
 * /move_base/local_costmap/obstacles_layer/scan/marking: True
 * /move_base/local_costmap/obstacles_layer/scan/max_obstacle_height: 2.0
 * /move_base/local_costmap/obstacles_layer/scan/min_obstacle_height: -2.0
 * /move_base/local_costmap/obstacles_layer/scan/obstacle_range: 2.5
 * /move_base/local_costmap/obstacles_layer/scan/raytrace_range: 3.0
 * /move_base/local_costmap/obstacles_layer/scan/sensor_frame: front_laser
 * /move_base/local_costmap/obstacles_layer/scan/topic: front/scan
 * /move_base/local_costmap/origin_z: 0.0
 * /move_base/local_costmap/plugins: [{'name': 'obstac...
 * /move_base/local_costmap/publish_frequency: 5.0
 * /move_base/local_costmap/publish_voxel_map: False
 * /move_base/local_costmap/raytrace_range: 3.0
 * /move_base/local_costmap/resolution: 0.05
 * /move_base/local_costmap/robot_base_frame: base_link
 * /move_base/local_costmap/rolling_window: True
 * /move_base/local_costmap/static_map: False
 * /move_base/local_costmap/transform_tolerance: 0.5
 * /move_base/local_costmap/update_frequency: 20.0
 * /move_base/local_costmap/width: 10.0
 * /move_base/local_costmap/z_resolution: 1
 * /move_base/local_costmap/z_voxels: 2
 * /move_base/oscillation_distance: 0.5
 * /move_base/oscillation_timeout: 0.0
 * /move_base/planner_frequency: 20.0
 * /move_base/planner_patience: 5.0
 * /move_base/recovery_behavior_enabled: True
 * /move_base/shutdown_costmaps: False
 * /multi_floor_navigation_node/init_pose_offset_theta: 0.2
 * /multi_floor_navigation_node/init_pose_offset_x: 0.4
 * /multi_floor_navigation_node/init_pose_offset_y: 0.4
 * /multi_floor_navigation_node/region_init_backoff_factor: 1.3
 * /multi_floor_navigation_node/region_init_max_backoff: 2.0
 * /multi_floor_navigation_node/region_init_sigma_adaptive_alpha: 0.35
 * /multi_floor_navigation_node/region_init_sigma_min_scale: 0.03
 * /multi_floor_navigation_node/region_init_sigma_min_yaw: 0.02
 * /multi_floor_navigation_node/region_init_sigma_x: 0.15
 * /multi_floor_navigation_node/region_init_sigma_x_L0: 0.15
 * /multi_floor_navigation_node/region_init_sigma_x_L1: 0.2
 * /multi_floor_navigation_node/region_init_sigma_y: 0.15
 * /multi_floor_navigation_node/region_init_sigma_y_L0: 0.15
 * /multi_floor_navigation_node/region_init_sigma_y_L1: 0.2
 * /multi_floor_navigation_node/region_init_sigma_yaw: 0.1
 * /multi_floor_navigation_node/region_init_sigma_yaw_L0: 0.1
 * /multi_floor_navigation_node/region_init_sigma_yaw_L1: 0.12
 * /multi_floor_navigation_node/reloc_min_check_delay_L0: 6.0
 * /multi_floor_navigation_node/reloc_min_check_delay_L1: 12.0
 * /multi_floor_navigation_node/reloc_min_check_delay_sec: 6.0
 * /robot_description: <?xml version="1....
 * /rosdistro: noetic
 * /rosversion: 1.17.0
 * /twist_marker_server/link_name: base_link
 * /twist_mux/locks: [{'name': 'e_stop...
 * /twist_mux/topics: [{'name': 'joy', ...
 * /use_gui: True
 * /use_sim_time: True

NODES
  /
    amcl (amcl/amcl)
    change_map_node (multi_floor_nav/change_map_node)
    controller_spawner (controller_manager/spawner)
    ekf_localization (robot_localization/ekf_localization_node)
    gazebo (gazebo_ros/gzserver)
    map_server0 (map_server/map_server)
    map_server1 (map_server/map_server)
    move_base (move_base/move_base)
    multi_floor_navigation_node (multi_floor_nav/multi_floor_navigation_node)
    robot_state_publisher (robot_state_publisher/robot_state_publisher)
    rviz (rviz/rviz)
    twist_marker_server (interactive_marker_twist_server/marker_server)
    twist_mux (twist_mux/twist_mux)
    urdf_spawner (gazebo_ros/spawn_model)
[ INFO] [1774845363.874921544]: Finished loading Gazebo ROS API Plugin.
[ INFO] [1774845363.875729114]: waitForService: Service [/gazebo/set_physics_properties] has not been advertised, waiting...
[1;33mWarning [Model.cc:216][0m Non-unique name[door] detected 2 times in XML children of model with name[elevator].
[1;33mWarning [Model.cc:309][0m Joint with name [door] in model with name [elevator] has a name collision, changing joint name to [door_joint].
[ERROR] [1774845364.811369, 0.000000]: Spawn service failed. Exiting.
[ INFO] [1774845364.696542921]: waitForService: Service [/gazebo/set_physics_properties] is now available.
[ INFO] [1774845364.819670827, 1054.804000000]: Physics dynamic reconfigure ready.
[1;33mWarning [parser_urdf.cc:1161][0m multiple inconsistent <gravity> exists due to fixed joint reduction overwriting previous value [true] with [false].
[1;33mWarning [parser_urdf.cc:1161][0m multiple inconsistent <gravity> exists due to fixed joint reduction overwriting previous value [false] with [true].
[ERROR] [1774845365.262418714, 1054.804000000]: No p gain specified for pid.  Namespace: /gazebo_ros_control/pid_gains/front_left_wheel
[ERROR] [1774845365.262836712, 1054.804000000]: No p gain specified for pid.  Namespace: /gazebo_ros_control/pid_gains/front_right_wheel
[ERROR] [1774845365.263218043, 1054.804000000]: No p gain specified for pid.  Namespace: /gazebo_ros_control/pid_gains/rear_left_wheel
[ERROR] [1774845365.263588619, 1054.804000000]: No p gain specified for pid.  Namespace: /gazebo_ros_control/pid_gains/rear_right_wheel
[ WARN] [1774845365.307537963, 1054.805000000]: Failed to meet update rate! Took 1054.8050000000000637
[ WARN] [1774845365.308404898, 1054.806000000]: Failed to meet update rate! Took 1054.7860000000000582
[ WARN] [1774845366.249981871, 1055.732000000]: Timed out waiting for transform from base_link to map to become available before running costmap, tf error: Lookup would require extrapolation 0.358000000s into the past.  Requested time 1055.726000000 but the earliest data is at time 1056.084000000, when looking up transform from frame [base_link] to frame [map]. canTransform returned after 1055.73 timeout was 0.1.
[ WARN] [1774845366.320428156, 1055.801000000]: Interactive marker 'robot_twist_marker' contains unnormalized quaternions. This warning will only be output once but may be true for others; enable DEBUG messages for ros.rviz.quaternions to see more details.
[ WARN] [1774845366.614808753, 1056.090000000]: global_costmap: Pre-Hydro parameter "static_map" unused since "plugins" is provided
[ WARN] [1774845366.615509816, 1056.091000000]: global_costmap: Pre-Hydro parameter "map_type" unused since "plugins" is provided
[ WARN] [1774845398.481865806, 1087.520000000]: [Multi Floor Nav] Initial pose perturbation applied: offset_x=0.40, offset_y=0.40, offset_theta=0.20
[ WARN] [1774845398.604102205, 1087.642000000]: local_costmap: Pre-Hydro parameter "static_map" unused since "plugins" is provided
[ WARN] [1774845398.604288610, 1087.642000000]: local_costmap: Pre-Hydro parameter "map_type" unused since "plugins" is provided
[ WARN] [1774845398.642986341, 1087.681000000]: Parameter pdist_scale is deprecated. Please use the name path_distance_bias instead.
[ WARN] [1774845398.643657931, 1087.681000000]: Parameter gdist_scale is deprecated. Please use the name goal_distance_bias instead.
[ WARN] [1774845399.543153605, 1088.569000000]: The origin for the sensor at (0.21, 0.20) is out of map bounds. So, the costmap cannot raytrace for it.
[ WARN] [1774845404.777955282, 1093.723000000]: [Multi Floor Nav] Initial pose perturbation applied: offset_x=0.40, offset_y=0.40, offset_theta=0.20
[ WARN] [1774845404.778001308, 1093.723000000]: [Multi Floor Nav] Retry #1: sigma scaled by 1.300 ??? (0.195, 0.195, 0.117)
[ INFO] [1774845363.583803637]: [Multi Floor Nav] Module A sigma: L0=(0.150,0.150,0.100) L1=(0.200,0.200,0.120)
[ INFO] [1774845363.584689429]: [Multi Floor Nav] Module A delay: L0=6.0s  L1=12.0s  backoff: factor=1.30 max=2.00
[ INFO] [1774845398.370524520, 1087.410000000]: [Multi Floor Nav] Successfully loaded map for level: 0
[ INFO] [1774845398.481999272, 1087.520000000]: [Multi Floor Nav] Adaptive sigma: offset_planar=0.566, adaptive_scale=0.198, adaptive_yaw=0.090 ??? sigma(0.150, 0.150, 0.090)
[ INFO] [1774845398.482032587, 1087.520000000]: [Multi Floor Nav] Initializing Robot at x: 5.4, y: -0.1, yaw: 0.2 (level=0, sigma: x=0.150, y=0.150, yaw=0.090, retry=0)
[ INFO] [1774845398.482098935, 1087.520000000]: [Multi Floor Nav] Initializing Pose to x: 5.00, y: -0.50 at level: 0
[ INFO] [1774845399.498193519, 1088.524000000]: [Multi Floor Nav] Waiting for AMCL nomotion updates (1.0/6.0s, L0)...
[ INFO] [1774845400.513443659, 1089.524000000]: [Multi Floor Nav] Waiting for AMCL nomotion updates (2.0/6.0s, L0)...
[ INFO] [1774845401.722278907, 1090.723000000]: [Multi Floor Nav] Waiting for AMCL nomotion updates (3.2/6.0s, L0)...
[ INFO] [1774845402.746164812, 1091.723000000]: [Multi Floor Nav] Waiting for AMCL nomotion updates (4.2/6.0s, L0)...
[ INFO] [1774845403.763534562, 1092.723000000]: [Multi Floor Nav] Waiting for AMCL nomotion updates (5.2/6.0s, L0)...
[ INFO] [1774845404.575747268, 1093.524000000]: [Multi Floor Nav] Current Robot Pose, x: 5.38, y: -0.02, yaw: 0.12
[ INFO] [1774845404.575793712, 1093.524000000]: [Multi Floor Nav] Linear Error: 0.61, Angular Error: 0.12
[ INFO] [1774845404.575814734, 1093.524000000]: [Multi Floor Nav] Setting initial pose failed. Will Retry (retry #1)
[ INFO] [1774845404.777985663, 1093.723000000]: [Multi Floor Nav] Adaptive sigma: offset_planar=0.566, adaptive_scale=0.198, adaptive_yaw=0.090 ??? sigma(0.150, 0.150, 0.090)
[ INFO] [1774845404.778019047, 1093.723000000]: [Multi Floor Nav] Initializing Robot at x: 5.4, y: -0.1, yaw: 0.2 (level=0, sigma: x=0.195, y=0.195, yaw=0.117, retry=1)
[ INFO] [1774845404.778052850, 1093.724000000]: [Multi Floor Nav] Initializing Pose to x: 5.00, y: -0.50 at level: 0
[ INFO] [1774845405.795926927, 1094.728000000]: [Multi Floor Nav] Waiting for AMCL nomotion updates (1.0/6.0s, L0)...
[ INFO] [1774845407.010445914, 1095.928000000]: [Multi Floor Nav] Waiting for AMCL nomotion updates (2.2/6.0s, L0)...
[ INFO] [1774845408.022763105, 1096.928000000]: [Multi Floor Nav] Waiting for AMCL nomotion updates (3.2/6.0s, L0)...
[ INFO] [1774845409.036500722, 1097.929000000]: [Multi Floor Nav] Waiting for AMCL nomotion updates (4.2/6.0s, L0)...
[ INFO] [1774845410.251025866, 1099.129000000]: [Multi Floor Nav] Waiting for AMCL nomotion updates (5.4/6.0s, L0)...
[ INFO] [1774845410.857524763, 1099.727000000]: [Multi Floor Nav] Current Robot Pose, x: 5.06, y: -0.05, yaw: 0.08
[ INFO] [1774845410.857591321, 1099.727000000]: [Multi Floor Nav] Linear Error: 0.46, Angular Error: 0.08
[ INFO] [1774845410.857627429, 1099.728000000]: [Multi Floor Nav] Robot at correct pose
[ INFO] [1774845410.861399816, 1099.731000000]: [Multi Floor Nav] RELOC_PASS: linear_error=0.4563, angular_error=0.0790, linear_error_init=0.3437, angular_error_init=0.1210, tr_sigma=0.0498, C_t=0.9514
[ INFO] [1774845411.876130998, 1100.731000000]: [Multi Floor Nav] POST_PASS: dt=1.000s, linear_error=0.4544, angular_error=0.0773
[ INFO] [1774845411.876181493, 1100.731000000]: [Multi Floor Nav] Will send goal to x: 3, y: -0, at level: 0
[ INFO] [1774845411.876208172, 1100.731000000]: [Multi Floor Nav] Sending Robot to x: 3.0, y: -0.5, yaw: 3.1
[ INFO] [1774845412.078478209, 1100.931000000]: [Multi Floor Nav] POST_PASS: dt=1.200s, linear_error=0.4544, angular_error=0.0773
[ INFO] [1774845412.281229660, 1101.131000000]: [Multi Floor Nav] POST_PASS: dt=1.400s, linear_error=0.4544, angular_error=0.0773
[ INFO] [1774845412.484390029, 1101.331000000]: [Multi Floor Nav] POST_PASS: dt=1.600s, linear_error=0.4602, angular_error=0.2908
[ INFO] [1774845412.686954375, 1101.531000000]: [Multi Floor Nav] POST_PASS: [ WARN] [1774845467.315681380, 1155.532000000]: [Multi Floor Nav] Initial pose perturbation applied: offset_x=0.40, offset_y=0.40, offset_theta=0.20
[ WARN] [1774845479.794211000, 1167.736000000]: [Multi Floor Nav] Initial pose perturbation applied: offset_x=0.40, offset_y=0.40, offset_theta=0.20
[ WARN] [1774845479.794306402, 1167.736000000]: [Multi Floor Nav] Retry #1: sigma scaled by 1.300 ??? (0.257, 0.257, 0.117)
dt=1.800s, linear_error=0.4464, angular_error=0.6949
[ INFO] [1774845412.890257709, 1101.731000000]: [Multi Floor Nav] POST_PASS: dt=2.000s, linear_error=0.4464, angular_error=0.6949
[ INFO] [1774845429.899903856, 1118.531000000]: [Multi Floor Nav] Requesting Lift to Level 0
[ INFO] [1774845430.104482494, 1118.731000000]: [Multi Floor Nav] Entering Lift at Level 0
[ INFO] [1774845447.450303654, 1135.931000000]: [Multi Floor Nav] Requesting Lift to Level 1
[ INFO] [1774845454.526125565, 1142.931000000]: [Multi Floor Nav] Exiting Lift at Level 1
[ INFO] [1774845467.193863797, 1155.412000000]: [Multi Floor Nav] Successfully loaded map for level: 1
[ INFO] [1774845467.315713367, 1155.532000000]: [Multi Floor Nav] Adaptive sigma: offset_planar=0.566, adaptive_scale=0.198, adaptive_yaw=0.090 ??? sigma(0.198, 0.198, 0.090)
[ INFO] [1774845467.315724192, 1155.532000000]: [Multi Floor Nav] Initializing Robot at x: 3.4, y: -0.1, yaw: 3.3 (level=1, sigma: x=0.198, y=0.198, yaw=0.090, retry=0)
[ INFO] [1774845467.315742421, 1155.532000000]: [Multi Floor Nav] Initializing Pose to x: 3.00, y: -0.50 at level: 1
[ INFO] [1774845468.336468954, 1156.534000000]: [Multi Floor Nav] Waiting for AMCL nomotion updates (1.0/12.0s, L1)...
[ INFO] [1774845469.358708663, 1157.535000000]: [Multi Floor Nav] Waiting for AMCL nomotion updates (2.0/12.0s, L1)...
[ INFO] [1774845470.381576034, 1158.535000000]: [Multi Floor Nav] Waiting for AMCL nomotion updates (3.0/12.0s, L1)...
[ INFO] [1774845471.401258173, 1159.535000000]: [Multi Floor Nav] Waiting for AMCL nomotion updates (4.0/12.0s, L1)...
[ INFO] [1774845472.423830751, 1160.536000000]: [Multi Floor Nav] Waiting for AMCL nomotion updates (5.0/12.0s, L1)...
[ INFO] [1774845473.654396512, 1161.735000000]: [Multi Floor Nav] Waiting for AMCL nomotion updates (6.2/12.0s, L1)...
[ INFO] [1774845474.678092346, 1162.736000000]: [Multi Floor Nav] Waiting for AMCL nomotion updates (7.2/12.0s, L1)...
[ INFO] [1774845475.909769422, 1163.935000000]: [Multi Floor Nav] Waiting for AMCL nomotion updates (8.4/12.0s, L1)...
[ INFO] [1774845476.934448831, 1164.935000000]: [Multi Floor Nav] Waiting for AMCL nomotion updates (9.4/12.0s, L1)...
[ INFO] [1774845477.958400221, 1165.935000000]: [Multi Floor Nav] Waiting for AMCL nomotion updates (10.4/12.0s, L1)...
[ INFO] [1774845478.977922232, 1166.935000000]: [Multi Floor Nav] Waiting for AMCL nomotion updates (11.4/12.0s, L1)...
[ INFO] [1774845479.595170864, 1167.540000000]: [Multi Floor Nav] Current Robot Pose, x: 3.25, y: 0.30, yaw: 3.05
[ INFO] [1774845479.595188254, 1167.540000000]: [Multi Floor Nav] Linear Error: 0.84, Angular Error: 0.09
[ INFO] [1774845479.595197333, 1167.540000000]: [Multi Floor Nav] Setting initial pose failed. Will Retry (retry #1)
[ INFO] [1774845479.794275812, 1167.736000000]: [Multi Floor Nav] Adaptive sigma: offset_planar=0.566, adaptive_scale=0.198, adaptive_yaw=0.090 ??? sigma(0.198, 0.198, 0.090)
[ INFO] [1774845479.794335945, 1167.736000000]: [Multi Floor Nav] Initializing Robot at x: 3.4, y: -0.1, yaw: 3.3 (level=1, sigma: x=0.257, y=0.257, yaw=0.117, retry=1)
[ INFO] [1774845479.794377431, 1167.736000000]: [Multi Floor Nav] Initializing Pose to x: 3.00, y: -0.50 at level: 1
[ INFO] [1774845480.821079092, 1168.740000000]: [Multi Floor Nav] Waiting for AMCL nomotion updates (1.0/12.0s, L1)...
[ INFO] [1774845481.840230255, 1169.740000000]: [Multi Floor Nav] Waiting for AMCL nomotion updates (2.0/12.0s, L1)...
[ INFO] [1774845483.063978100, 1170.939000000]: [Multi Floor Nav] Waiting for AMCL nomotion updates (3.2/12.0s, L1)...
[ INFO] [1774845484.083929155, 1171.939000000]: [Multi Floor Nav] Waiting for AMCL nomotion updates (4.2/12.0s, L1)...
[ INFO] [1774845485.105036639, 1172.940000000]: [Multi Floor Nav] Waiting for AMCL nomotion updates (5.2/12.0s, L1)...
[ INFO] [1774845486.328660247, 1174.139000000]: [Multi Floor Nav] Waiting for AMCL nomotion updates (6.4/12.0s, L1)...
[ INFO] [1774845487.351014954, 1175.139000000]: [Multi Floor Nav] Waiting for AMCL nomotion updates (7.4/12.0s, L1)...
[ INFO] [1774845488.373263646, 1176.140000000]: [Multi Floor Nav] Waiting for AMCL nomotion updates (8.4/12.0s, L1)...
[ INFO] [1774845489.592698552, 1177.340000000]: [Multi Floor Nav] Waiting for AMCL nomotion updates (9.6/12.0s, L1)...
[ INFO] [1774845490.814878700, 1178.539000000]: [Multi Floor Nav] Waiting for AMCL nomotion updates (10.8/12.0s, L1)...
[ INFO] [1774845491.834000970, 1179.540000000]: [Multi Floor Nav] Waiting for AMCL nomotion updates (11.8/12.0s, L1)...
[ INFO] [1774845492.034807667, 1179.739000000]: [Multi Floor Nav] Current Robot Pose, x: 3.15, y: -0.52, yaw: 3.01
[ INFO] [1774845492.034859699, 1179.739000000]: [Multi Floor Nav] Linear Error: 0.15, Angular Error: 0.14
[ INFO] [1774845492.034880162, 1179.739000000]: [Multi Floor Nav] Robot at correct pose
[ INFO] [1774845492.039585485, 1179.744000000]: [Multi Floor Nav] RELOC_PASS: linear_error=0.1536, angular_error=0.1356, linear_error_init=0.4847, angular_error_init=0.3356, tr_sigma=-0.0000, C_t=1.0000
[ INFO] [1774845493.056770440, 1180.744000000]: [Multi Floor Nav] POST_PASS: dt=1.000s, linear_error=0.1536, angular_error=0.1358
[ INFO] [1774845493.056792789, 1180.744000000]: [Multi Floor Nav] Will send goal to x: 4, y: 5, at level: 1
[ INFO] [1774845493.056804313, 1180.744000000]: [Multi Floor Nav] Sending Robot to x: 4.0, y: 5.0, yaw: 0.0
[ INFO] [1774845493.260817618, 1180.944000000]: [Multi Floor Nav] POST_PASS: dt=1.200s, linear_error=0.1536, angular_error=0.1358
[ INFO] [1774845493.463344149, 1181.144000000]: [Multi Floor Nav] POST_PASS: dt=1.400s, linear_error=0.1536, angular_error=0.1358
[ INFO] [1774845493.669406796, 1181.344000000]: [Multi Floor Nav] POST_PASS: dt=1.600s, linear_error=0.0656, angular_error=0.3699
[ INFO] [1774845493.872255294, 1181.544000000]: [Multi Floor Nav] POST_PASS: dt=1.800s, linear_error=0.0656, angular_error=0.3699
[ INFO] [1774845494.075883566, 1181.744000000]: [Multi Floor Nav] POST_PASS: dt=2.000s, linear_error=0.1753, angular_error=0.6232
[ INFO] [1774845513.299538693, 1200.545000000]: [Multi Floor Nav] Robot arrived at Goal
[ INFO] [1774845366.616729936, 1056.092000000]: global_costmap: Using plugin "static_layer"
[ INFO] [1774845366.622892279, 1056.098000000]: Requesting the map...
[ INFO] [1774845398.461600559, 1087.500000000]: Resizing costmap to 992 X 992 at 0.020000 m/pix
[ INFO] [1774845398.561323181, 1087.600000000]: Received a 992 X 992 map at 0.020000 m/pix
[ INFO] [1774845398.563760000, 1087.602000000]: global_costmap: Using plugin "obstacles_layer"
[ INFO] [1774845398.566735712, 1087.605000000]:     Subscribed to Topics: scan
[ INFO] [1774845398.585203324, 1087.623000000]: global_costmap: Using plugin "inflater_layer"
[ INFO] [1774845398.604638094, 1087.642000000]: local_costmap: Using plugin "obstacles_layer"
[ INFO] [1774845398.607073027, 1087.645000000]:     Subscribed to Topics: scan
[ INFO] [1774845398.617536104, 1087.655000000]: local_costmap: Using plugin "inflater_layer"
[ INFO] [1774845398.635939323, 1087.674000000]: Created local_planner base_local_planner/TrajectoryPlannerROS
[ INFO] [1774845398.639751170, 1087.677000000]: Sim period is set to 0.05
[ INFO] [1774845398.697881854, 1087.735000000]: Recovery behavior will clear layer 'obstacles'
[ INFO] [1774845398.701082803, 1087.738000000]: Recovery behavior will clear layer 'obstacles'
[ INFO] [1774845398.770412966, 1087.807000000]: odom received!
[31m[urdf_spawner-8] process has died [pid 193873, exit code 1, cmd /opt/ros/noetic/lib/gazebo_ros/spawn_model -urdf -model jackal -param robot_description -x 5.0 -y -0.5 -z 0.5 __name:=urdf_spawner __log:=/home/eethanhe/.ros/log/f5339572-2bf1-11f1-8d1e-01badb8e21cf/urdf_spawner-8.log].
log file: /home/eethanhe/.ros/log/f5339572-2bf1-11f1-8d1e-01badb8e21cf/urdf_spawner-8*.log[0m

auto-starting new master
[1mprocess[master]: started with pid [193825][0m
[1mROS_MASTER_URI=http://localhost:11311[0m
]2;/home/eethanhe/catkin_ws/src/robot-multi-floor-navigation/multi_floor_nav/launch/nav.launch http://localhost:11311
[1msetting /run_id to f5339572-2bf1-11f1-8d1e-01badb8e21cf[0m
[1mprocess[rosout-1]: started with pid [193850][0m
started core service [/rosout]
[1mprocess[gazebo-2]: started with pid [193857][0m
[1mprocess[robot_state_publisher-3]: started with pid [193860][0m
[1mprocess[controller_spawner-4]: started with pid [193863][0m
[1mprocess[ekf_localization-5]: started with pid [193864][0m
[1mprocess[twist_mux-6]: started with pid [193865][0m
[1mprocess[twist_marker_server-7]: started with pid [193867][0m
[1mprocess[urdf_spawner-8]: started with pid [193873][0m
[1mprocess[map_server0-9]: started with pid [193883][0m
[1mprocess[map_server1-10]: started with pid [193889][0m
[1mprocess[amcl-11]: started with pid [193891][0m
[1mprocess[move_base-12]: started with pid [193893][0m
[1mprocess[rviz-13]: started with pid [193899][0m
[1mprocess[change_map_node-14]: started with pid [193906][0m
[1mprocess[multi_floor_navigation_node-15]: started with pid [193919][0m
[multi_floor_navigation_node-15] killing on exit
[change_map_node-14] killing on exit
[rviz-13] killing on exit
[move_base-12] killing on exit
[amcl-11] killing on exit
[map_server1-10] killing on exit
[map_server0-9] killing on exit
[twist_marker_server-7] killing on exit
[twist_mux-6] killing on exit
[ekf_localization-5] killing on exit
[controller_spawner-4] killing on exit
[robot_state_publisher-3] killing on exit
[gazebo-2] killing on exit
[rosout-1] killing on exit
[master] killing on exit
shutting down processing monitor...
... shutting down processing monitor complete
[1mdone[0m
