xacro: in-order processing became default in ROS Melodic. You can drop the option.
... logging to /home/eethanhe/.ros/log/572b6296-2d0a-11f1-8422-679edff71d44/roslaunch-eethanhe-Lenovo-Legion-R9000P2021H-56067.log
Checking log directory for disk usage. This may take a while.
Press Ctrl-C to interrupt
Done checking log file disk usage. Usage is <1GB.
]2;/home/eethanhe/catkin_ws/src/robot-multi-floor-navigation/multi_floor_nav/launch/nav.launch
[1mstarted roslaunch server http://eethanhe-Lenovo-Legion-R9000P2021H:36161/[0m

SUMMARY
========

PARAMETERS
 * /amcl/auto_update_noise: 0.0
 * /amcl/base_frame_id: base_link
 * /amcl/expected_laser_freq: 5.0
 * /amcl/first_map_only: False
 * /amcl/global_frame_id: map
 * /amcl/gui_publish_rate: 10.0
 * /amcl/initial_pose_a: 0.0
 * /amcl/initial_pose_x: 0.0
 * /amcl/initial_pose_y: 0.0
 * /amcl/kld_err: 0.05
 * /amcl/kld_z: 0.99
 * /amcl/laser_lambda_short: 0.1
 * /amcl/laser_likelihood_max_dist: 2.0
 * /amcl/laser_max_beams: 720
 * /amcl/laser_max_range: 30.0
 * /amcl/laser_min_range: 0.1
 * /amcl/laser_model_type: likelihood_field
 * /amcl/laser_sigma_hit: 0.2
 * /amcl/laser_z_hit: 0.5
 * /amcl/laser_z_max: 0.05
 * /amcl/laser_z_rand: 0.5
 * /amcl/laser_z_short: 0.05
 * /amcl/max_particles: 2000
 * /amcl/min_particles: 500
 * /amcl/odom_alpha1: 0.2
 * /amcl/odom_alpha2: 0.2
 * /amcl/odom_alpha3: 0.2
 * /amcl/odom_alpha4: 0.2
 * /amcl/odom_alpha5: 0.1
 * /amcl/odom_frame_id: odom
 * /amcl/odom_model_type: diff
 * /amcl/odom_update_interval: 0.1
 * /amcl/recovery_alpha_fast: 0.1
 * /amcl/recovery_alpha_slow: 0.001
 * /amcl/resample_interval: 1
 * /amcl/transform_tolerance: 1.0
 * /amcl/update_min_a: 0.3927
 * /amcl/update_min_d: 0.1
 * /amcl/use_map_topic: False
 * /ekf_localization/base_link_frame: base_link
 * /ekf_localization/frequency: 50
 * /ekf_localization/imu0: /imu/data
 * /ekf_localization/imu0_config: [False, False, Fa...
 * /ekf_localization/imu0_differential: False
 * /ekf_localization/odom0: /jackal_velocity_...
 * /ekf_localization/odom0_config: [False, False, Fa...
 * /ekf_localization/odom0_differential: False
 * /ekf_localization/odom_frame: odom
 * /ekf_localization/predict_to_current_time: True
 * /ekf_localization/world_frame: odom
 * /gazebo/enable_ros_network: True
 * /jackal_joint_publisher/publish_rate: 50
 * /jackal_joint_publisher/type: joint_state_contr...
 * /jackal_velocity_controller/angular/z/has_acceleration_limits: True
 * /jackal_velocity_controller/angular/z/has_velocity_limits: True
 * /jackal_velocity_controller/angular/z/max_acceleration: 25.0
 * /jackal_velocity_controller/angular/z/max_velocity: 4.0
 * /jackal_velocity_controller/cmd_vel_timeout: 0.25
 * /jackal_velocity_controller/enable_odom_tf: False
 * /jackal_velocity_controller/k_l: 0.1
 * /jackal_velocity_controller/k_r: 0.1
 * /jackal_velocity_controller/left_wheel: ['front_left_whee...
 * /jackal_velocity_controller/linear/x/has_acceleration_limits: True
 * /jackal_velocity_controller/linear/x/has_velocity_limits: True
 * /jackal_velocity_controller/linear/x/max_acceleration: 20.0
 * /jackal_velocity_controller/linear/x/max_velocity: 2.0
 * /jackal_velocity_controller/pose_covariance_diagonal: [0.001, 0.001, 10...
 * /jackal_velocity_controller/publish_cmd: True
 * /jackal_velocity_controller/publish_rate: 50
 * /jackal_velocity_controller/right_wheel: ['front_right_whe...
 * /jackal_velocity_controller/twist_covariance_diagonal: [0.001, 0.001, 0....
 * /jackal_velocity_controller/type: diff_drive_contro...
 * /jackal_velocity_controller/wheel_radius_multiplier: 1.0
 * /jackal_velocity_controller/wheel_separation_multiplier: 1.5
 * /move_base/NavfnROS/allow_unknown: True
 * /move_base/TrajectoryPlannerROS/acc_lim_theta: 20.0
 * /move_base/TrajectoryPlannerROS/acc_lim_x: 10.0
 * /move_base/TrajectoryPlannerROS/angular_sim_granularity: 0.02
 * /move_base/TrajectoryPlannerROS/controller_frequency: 20.0
 * /move_base/TrajectoryPlannerROS/dwa: True
 * /move_base/TrajectoryPlannerROS/escape_reset_dist: 0.1
 * /move_base/TrajectoryPlannerROS/escape_reset_theta: 0.1
 * /move_base/TrajectoryPlannerROS/escape_vel: -0.5
 * /move_base/TrajectoryPlannerROS/gdist_scale: 1.0
 * /move_base/TrajectoryPlannerROS/heading_lookahead: 0.325
 * /move_base/TrajectoryPlannerROS/heading_scoring: False
 * /move_base/TrajectoryPlannerROS/heading_scoring_timestep: 0.8
 * /move_base/TrajectoryPlannerROS/holonomic_robot: False
 * /move_base/TrajectoryPlannerROS/latch_xy_goal_tolerance: False
 * /move_base/TrajectoryPlannerROS/max_vel_theta: 1.57
 * /move_base/TrajectoryPlannerROS/max_vel_x: 0.5
 * /move_base/TrajectoryPlannerROS/meter_scoring: True
 * /move_base/TrajectoryPlannerROS/min_in_place_vel_theta: 0.314
 * /move_base/TrajectoryPlannerROS/min_vel_theta: -1.57
 * /move_base/TrajectoryPlannerROS/min_vel_x: 0.1
 * /move_base/TrajectoryPlannerROS/occdist_scale: 0.1
 * /move_base/TrajectoryPlannerROS/oscillation_reset_dist: 0.05
 * /move_base/TrajectoryPlannerROS/pdist_scale: 0.75
 * /move_base/TrajectoryPlannerROS/publish_cost_grid_pc: True
 * /move_base/TrajectoryPlannerROS/sim_granularity: 0.02
 * /move_base/TrajectoryPlannerROS/sim_time: 2.0
 * /move_base/TrajectoryPlannerROS/simple_attractor: False
 * /move_base/TrajectoryPlannerROS/vtheta_samples: 20
 * /move_base/TrajectoryPlannerROS/vx_samples: 6
 * /move_base/TrajectoryPlannerROS/xy_goal_tolerance: 0.25
 * /move_base/TrajectoryPlannerROS/yaw_goal_tolerance: 0.157
 * /move_base/base_global_planner: navfn/NavfnROS
 * /move_base/base_local_planner: base_local_planne...
 * /move_base/clearing_rotation_allowed: True
 * /move_base/controller_frequency: 20.0
 * /move_base/controller_patience: 15.0
 * /move_base/global_costmap/footprint: [[-0.21, -0.165],...
 * /move_base/global_costmap/footprint_padding: 0.1
 * /move_base/global_costmap/global_frame: map
 * /move_base/global_costmap/height: 40.0
 * /move_base/global_costmap/inflater_layer/inflation_radius: 0.3
 * /move_base/global_costmap/map_type: costmap
 * /move_base/global_costmap/meter_scoring: True
 * /move_base/global_costmap/obstacle_range: 2.5
 * /move_base/global_costmap/obstacles_layer/observation_sources: scan
 * /move_base/global_costmap/obstacles_layer/scan/clearing: True
 * /move_base/global_costmap/obstacles_layer/scan/data_type: LaserScan
 * /move_base/global_costmap/obstacles_layer/scan/marking: True
 * /move_base/global_costmap/obstacles_layer/scan/max_obstacle_height: 2.0
 * /move_base/global_costmap/obstacles_layer/scan/min_obstacle_height: -2.0
 * /move_base/global_costmap/obstacles_layer/scan/obstacle_range: 2.5
 * /move_base/global_costmap/obstacles_layer/scan/raytrace_range: 3.0
 * /move_base/global_costmap/obstacles_layer/scan/sensor_frame: front_laser
 * /move_base/global_costmap/obstacles_layer/scan/topic: front/scan
 * /move_base/global_costmap/origin_x: -20.0
 * /move_base/global_costmap/origin_y: -20.0
 * /move_base/global_costmap/origin_z: 0.0
 * /move_base/global_costmap/plugins: [{'name': 'static...
 * /move_base/global_costmap/publish_frequency: 5.0
 * /move_base/global_costmap/publish_voxel_map: False
 * /move_base/global_costmap/raytrace_range: 3.0
 * /move_base/global_costmap/resolution: 0.05
 * /move_base/global_costmap/robot_base_frame: base_link
 * /move_base/global_costmap/rolling_window: False
 * /move_base/global_costmap/static_map: True
 * /move_base/global_costmap/transform_tolerance: 0.5
 * /move_base/global_costmap/update_frequency: 20.0
 * /move_base/global_costmap/width: 40.0
 * /move_base/global_costmap/z_resolution: 1
 * /move_base/global_costmap/z_voxels: 2
 * /move_base/local_costmap/footprint: [[-0.21, -0.165],...
 * /move_base/local_costmap/footprint_padding: 0.1
 * /move_base/local_costmap/global_frame: map
 * /move_base/local_costmap/height: 10.0
 * /move_base/local_costmap/inflater_layer/inflation_radius: 0.3
 * /move_base/local_costmap/map_type: costmap
 * /move_base/local_costmap/meter_scoring: True
 * /move_base/local_costmap/obstacle_range: 2.5
 * /move_base/local_costmap/obstacles_layer/observation_sources: scan
 * /move_base/local_costmap/obstacles_layer/scan/clearing: True
 * /move_base/local_costmap/obstacles_layer/scan/data_type: LaserScan
 * /move_base/local_costmap/obstacles_layer/scan/marking: True
 * /move_base/local_costmap/obstacles_layer/scan/max_obstacle_height: 2.0
 * /move_base/local_costmap/obstacles_layer/scan/min_obstacle_height: -2.0
 * /move_base/local_costmap/obstacles_layer/scan/obstacle_range: 2.5
 * /move_base/local_costmap/obstacles_layer/scan/raytrace_range: 3.0
 * /move_base/local_costmap/obstacles_layer/scan/sensor_frame: front_laser
 * /move_base/local_costmap/obstacles_layer/scan/topic: front/scan
 * /move_base/local_costmap/origin_z: 0.0
 * /move_base/local_costmap/plugins: [{'name': 'obstac...
 * /move_base/local_costmap/publish_frequency: 5.0
 * /move_base/local_costmap/publish_voxel_map: False
 * /move_base/local_costmap/raytrace_range: 3.0
 * /move_base/local_costmap/resolution: 0.05
 * /move_base/local_costmap/robot_base_frame: base_link
 * /move_base/local_costmap/rolling_window: True
 * /move_base/local_costmap/static_map: False
 * /move_base/local_costmap/transform_tolerance: 0.5
 * /move_base/local_costmap/update_frequency: 20.0
 * /move_base/local_costmap/width: 10.0
 * /move_base/local_costmap/z_resolution: 1
 * /move_base/local_costmap/z_voxels: 2
 * /move_base/oscillation_distance: 0.5
 * /move_base/oscillation_timeout: 0.0
 * /move_base/planner_frequency: 20.0
 * /move_base/planner_patience: 5.0
 * /move_base/recovery_behavior_enabled: True
 * /move_base/shutdown_costmaps: False
 * /multi_floor_navigation_node/init_pose_offset_theta: 0.05
 * /multi_floor_navigation_node/init_pose_offset_x: 0.1
 * /multi_floor_navigation_node/init_pose_offset_y: 0.1
 * /multi_floor_navigation_node/region_init_backoff_factor: 1.3
 * /multi_floor_navigation_node/region_init_max_backoff: 2.0
 * /multi_floor_navigation_node/region_init_sigma_adaptive_alpha: 0.35
 * /multi_floor_navigation_node/region_init_sigma_min_scale: 0.03
 * /multi_floor_navigation_node/region_init_sigma_min_yaw: 0.02
 * /multi_floor_navigation_node/region_init_sigma_x: 0.15
 * /multi_floor_navigation_node/region_init_sigma_x_L0: 0.15
 * /multi_floor_navigation_node/region_init_sigma_x_L1: 0.2
 * /multi_floor_navigation_node/region_init_sigma_y: 0.15
 * /multi_floor_navigation_node/region_init_sigma_y_L0: 0.15
 * /multi_floor_navigation_node/region_init_sigma_y_L1: 0.2
 * /multi_floor_navigation_node/region_init_sigma_yaw: 0.1
 * /multi_floor_navigation_node/region_init_sigma_yaw_L0: 0.1
 * /multi_floor_navigation_node/region_init_sigma_yaw_L1: 0.12
 * /multi_floor_navigation_node/reloc_min_check_delay_L0: 6.0
 * /multi_floor_navigation_node/reloc_min_check_delay_L1: 12.0
 * /multi_floor_navigation_node/reloc_min_check_delay_sec: 6.0
 * /robot_description: <?xml version="1....
 * /rosdistro: noetic
 * /rosversion: 1.17.0
 * /twist_marker_server/link_name: base_link
 * /twist_mux/locks: [{'name': 'e_stop...
 * /twist_mux/topics: [{'name': 'joy', ...
 * /use_gui: True
 * /use_sim_time: True

NODES
  /
    amcl (amcl/amcl)
    change_map_node (multi_floor_nav/change_map_node)
    controller_spawner (controller_manager/spawner)
    ekf_localization (robot_localization/ekf_localization_node)
    gazebo (gazebo_ros/gzserver)
    map_server0 (map_server/map_server)
    map_server1 (map_server/map_server)
    move_base (move_base/move_base)
    multi_floor_navigation_node (multi_floor_nav/multi_floor_navigation_node)
    robot_state_publisher (robot_state_publisher/robot_state_publisher)
    rviz (rviz/rviz)
    twist_marker_server (interactive_marker_twist_server/marker_server)
    twist_mux (twist_mux/twist_mux)
    urdf_spawner (gazebo_ros/spawn_model)
[ INFO] [1774965787.330986400]: Finished loading Gazebo ROS API Plugin.
[ INFO] [1774965787.333156129]: waitForService: Service [/gazebo/set_physics_properties] has not been advertised, waiting...
[1;33mWarning [Model.cc:216][0m Non-unique name[door] detected 2 times in XML children of model with name[elevator].
[1;33mWarning [Model.cc:309][0m Joint with name [door] in model with name [elevator] has a name collision, changing joint name to [door_joint].
[ INFO] [1774965788.540736679]: waitForService: Service [/gazebo/set_physics_properties] is now available.
[ INFO] [1774965788.556338374]: Physics dynamic reconfigure ready.
[1;33mWarning [parser_urdf.cc:1161][0m multiple inconsistent <gravity> exists due to fixed joint reduction overwriting previous value [true] with [false].
[1;33mWarning [parser_urdf.cc:1161][0m multiple inconsistent <gravity> exists due to fixed joint reduction overwriting previous value [false] with [true].
[ERROR] [1774965789.341194348, 1055.097000000]: No p gain specified for pid.  Namespace: /gazebo_ros_control/pid_gains/front_left_wheel
[ERROR] [1774965789.342098920, 1055.097000000]: No p gain specified for pid.  Namespace: /gazebo_ros_control/pid_gains/front_right_wheel
[ERROR] [1774965789.342538425, 1055.097000000]: No p gain specified for pid.  Namespace: /gazebo_ros_control/pid_gains/rear_left_wheel
[ERROR] [1774965789.342949644, 1055.097000000]: No p gain specified for pid.  Namespace: /gazebo_ros_control/pid_gains/rear_right_wheel
[ WARN] [1774965789.385767477, 1055.098000000]: Failed to meet update rate! Took 1055.0979999999999563
[ WARN] [1774965789.386474960, 1055.099000000]: Timed out waiting for transform from base_link to map to become available before running costmap, tf error: canTransform: target_frame map does not exist.. canTransform returned after 1055.1 timeout was 0.1.
[ WARN] [1774965789.386519937, 1055.099000000]: Failed to meet update rate! Took 1055.0789999999999509
[ WARN] [1774965789.599433410]: Interactive marker 'robot_twist_marker' contains unnormalized quaternions. This warning will only be output once but may be true for others; enable DEBUG messages for ros.rviz.quaternions to see more details.
[ WARN] [1774965790.627138641, 1056.325000000]: global_costmap: Pre-Hydro parameter "static_map" unused since "plugins" is provided
[ WARN] [1774965790.627737452, 1056.325000000]: global_costmap: Pre-Hydro parameter "map_type" unused since "plugins" is provided
[ WARN] [1774965821.936042048, 1087.276000000]: local_costmap: Pre-Hydro parameter "static_map" unused since "plugins" is provided
[ WARN] [1774965821.936277759, 1087.276000000]: local_costmap: Pre-Hydro parameter "map_type" unused since "plugins" is provided
[ WARN] [1774965821.961507775, 1087.301000000]: [Multi Floor Nav] Initial pose perturbation applied: offset_x=0.10, offset_y=0.10, offset_theta=0.05
[ WARN] [1774965821.975829365, 1087.315000000]: Parameter pdist_scale is deprecated. Please use the name path_distance_bias instead.
[ WARN] [1774965821.976536568, 1087.316000000]: Parameter gdist_scale is deprecated. Please use the name goal_distance_bias instead.
[ WARN] [1774965886.432842062, 1151.109000000]: [Multi Floor Nav] Initial pose perturbation applied: offset_x=0.10, offset_y=0.10, offset_theta=0.05
[ INFO] [1774965787.017454628]: [Multi Floor Nav] Module A sigma: L0=(0.150,0.150,0.100) L1=(0.200,0.200,0.120)
[ INFO] [1774965787.018394329]: [Multi Floor Nav] Module A delay: L0=6.0s  L1=12.0s  backoff: factor=1.30 max=2.00
[ INFO] [1774965821.777833107, 1087.118000000]: [Multi Floor Nav] Successfully loaded map for level: 0
[ INFO] [1774965821.961576498, 1087.301000000]: [Multi Floor Nav] Adaptive sigma: offset_planar=0.141, adaptive_scale=0.049, adaptive_yaw=0.037 ??? sigma(0.049, 0.049, 0.037)
[ INFO] [1774965821.961589907, 1087.301000000]: [Multi Floor Nav] Initializing Robot at x: 5.1, y: -0.4, yaw: 0.1 (level=0, sigma: x=0.049, y=0.049, yaw=0.037, retry=0)
[ INFO] [1774965821.961614281, 1087.301000000]: [Multi Floor Nav] Initializing Pose to x: 5.00, y: -0.50 at level: 0
[ INFO] [1774965822.971999409, 1088.304000000]: [Multi Floor Nav] Waiting for AMCL nomotion updates (1.0/6.0s, L0)...
[ INFO] [1774965823.981063712, 1089.304000000]: [Multi Floor Nav] Waiting for AMCL nomotion updates (2.0/6.0s, L0)...
[ INFO] [1774965825.190299723, 1090.504000000]: [Multi Floor Nav] Waiting for AMCL nomotion updates (3.2/6.0s, L0)...
[ INFO] [1774965826.400856896, 1091.703000000]: [Multi Floor Nav] Waiting for AMCL nomotion updates (4.4/6.0s, L0)...
[ INFO] [1774965827.413098362, 1092.705000000]: [Multi Floor Nav] Waiting for AMCL nomotion updates (5.4/6.0s, L0)...
[ INFO] [1774965828.019285636, 1093.304000000]: [Multi Floor Nav] Current Robot Pose, x: 5.04, y: -0.39, yaw: 0.01
[ INFO] [1774965828.019305471, 1093.304000000]: [Multi Floor Nav] Linear Error: 0.12, Angular Error: 0.01
[ INFO] [1774965828.019314411, 1093.304000000]: [Multi Floor Nav] Robot at correct pose
[ INFO] [1774965828.020994209, 1093.306000000]: [Multi Floor Nav] RELOC_PASS: linear_error=0.1198, angular_error=0.0148, linear_error_init=0.0592, angular_error_init=0.0352, tr_sigma=0.0050, C_t=0.9950
[ INFO] [1774965829.033334213, 1094.306000000]: [Multi Floor Nav] POST_PASS: dt=1.000s, linear_error=0.1185, angular_error=0.0160
[ INFO] [1774965829.033359007, 1094.306000000]: [Multi Floor Nav] Will send goal to x: 3, y: -0, at level: 0
[ INFO] [1774965829.033370391, 1094.306000000]: [Multi Floor Nav] Sending Robot to x: 3.0, y: -0.5, yaw: 3.1
[ INFO] [1774965829.236854064, 1094.507000000]: [Multi Floor Nav] POST_PASS: dt=1.201s, linear_error=0.1185, angular_error=0.0160
[ INFO] [1774965829.438800692, 1094.706000000]: [Multi Floor Nav] POST_PASS: dt=1.400s, linear_error=0.1214, angular_error=0.3874
[ INFO] [1774965829.639435510, 1094.906000000]: [Multi Floor Nav] POST_PASS: dt=1.600s, linear_error=0.1214, angular_error=0.3874
[ INFO] [1774965829.840908691, 1095.106000000]: [Multi Floor Nav] POST_PASS: dt=1.800s, linear_error=0.1170, angular_error=0.8000
[ INFO] [1774965830.041152264, 1095.306000000]: [Multi Floor Nav] POST_PASS: dt=2.000s, linear_error=0.1010, angular_error=1.2237
[ INFO] [1774965849.095077615, 1114.106000000]: [Multi Floor Nav] Requesting Lift to Level 0
[ INFO] [1774965849.298804597, 1114.306000000]: [Multi Floor Nav] Entering Lift at Level 0
[ INFO] [1774965866.638727186, 1131.507000000]: [Multi Floor Nav] Requesting Lift to Level 1
[ INFO] [1774965873.705715694, 1138.507000000]: [Multi Floor Nav] Exiting Lift at Level 1
[ INFO] [1774965886.237971482, 1150.919000000]: [Multi Floor Nav] Successfully loaded map for level: 1
[ INFO] [1774965886.432873559, 1151.109000000]: [Multi Floor Nav] Adaptive sigma: offset_planar=0.141, adaptive_scale=0.049, adaptive_yaw=0.037 ??? sigma(0.049, 0.049, 0.037)
[ INFO] [1774965886.432885432, 1151.109000000]: [Multi Floor Nav] Initializing Robot at x: 3.1, y: -0.4, yaw: 3.2 (level=1, sigma: x=0.049, y=0.049, yaw=0.037, retry=0)
[ INFO] [1774965886.432922657, 1151.109000000]: [Multi Floor Nav] Initializing Pose to x: 3.00, y: -0.50 at level: 1
[ INFO] [1774965887.449160936, 1152.112000000]: [Multi Floor Nav] Waiting for AMCL nomotion updates (1.0/12.0s, L1)...
[ INFO] [1774965888.663238490, 1153.311000000]: [Multi Floor Nav] Waiting for AMCL nomotion updates (2.2/12.0s, L1)...
[ INFO] [1774965889.677597010, 1154.312000000]: [Multi Floor Nav] Waiting for AMCL nomotion updates (3.2/12.0s, L1)...
[ INFO] [1774965890.697144659, 1155.312000000]: [Multi Floor Nav] Waiting for AMCL nomotion updates (4.2/12.0s, L1)...
[ INFO] [1774965891.918403877, 1156.511000000]: [Multi Floor Nav] Waiting for AMCL nomotion updates (5.4/12.0s, L1)...
[ INFO] [1774965892.935698261, 1157.512000000]: [Multi Floor Nav] Waiting for AMCL nomotion updates (6.4/12.0s, L1)...
[ INFO] [1774965894.156617766, 1158.712000000]: [Multi Floor Nav] Waiting for AMCL nomotion updates (7.6/12.0s, L1)...
[ INFO] [1774965895.171364091, 1159.712000000]: [Multi Floor Nav] Waiting for AMCL nomotion updates (8.6/12.0s, L1)...
[ INFO] [1774965896.396616198, 1160.911000000]: [Multi Floor Nav] Waiting for AMCL nomotion updates (9.8/12.0s, L1)...
[ INFO] [1774965897.414871919, 1161.912000000]: [Multi Floor Nav] Waiting for AMCL nomotion updates (10.8/12.0s, L1)...
[ INFO] [1774965898.432638545, 1162.912000000]: [Multi Floor Nav] Waiting for AMCL nomotion updates (11.8/12.0s, L1)...
[ INFO] [1774965898.637882284, 1163.112000000]: [Multi Floor Nav] Current Robot Pose, x: 3.20, y: -0.46, yaw: 3.07
[ INFO] [1774965898.637926074, 1163.112000000]: [Multi Floor Nav] Linear Error: 0.21, Angular Error: 0.07
[ INFO] [1774965898.637946677, 1163.112000000]: [Multi Floor Nav] Robot at correct pose
[ INFO] [1774965898.641547222, 1163.115000000]: [Multi Floor Nav] RELOC_PASS: linear_error=0.2067, angular_error=0.0706, linear_error_init=0.1178, angular_error_init=0.1206, tr_sigma=0.0003, C_t=0.9997
[ INFO] [1774965899.659525390, 1164.115000000]: [Multi Floor Nav] POST_PASS: dt=1.000s, linear_error=0.2066, angular_error=0.0718
[ INFO] [1774965899.659546831, 1164.115000000]: [Multi Floor Nav] Will send goal to x: 4, y: 5, at level: 1
[ INFO] [1774965899.659556888, 1164.115000000]: [Multi Floor Nav] Sending Robot to x: 4.0, y: 5.0, yaw: 0.0
[ INFO] [1774965899.862562246, 1164.315000000]: [Multi Floor Nav] POST_PASS: dt=1.200s, linear_error=0.2066, angular_error=0.0718
[ INFO] [1774965900.065492315, 1164.515000000]: [Multi Floor Nav] POST_PASS: dt=1.400s, linear_error=0.2066, angular_error=0.0718
[ INFO] [1774965900.269389532, 1164.716000000]: [Multi Floor Nav] POST_PASS: dt=1.601s, linear_error=0.1014, angular_error=0.2479
[ INFO] [1774965900.470874466, 1164.915000000]: [Multi Floor Nav] POST_PASS: dt=1.800s, linear_error=0.1213, angular_error=0.4946
[ INFO] [1774965900.671429058, 1165.115000000]: [Multi Floor Nav] POST_PASS: dt=2.000s, linear_error=0.2318, angular_error=0.7866
[ INFO] [1774965921.402785779, 1185.516000000]: [Multi Floor Nav] Robot arrived at Goal
[ INFO] [1774965790.628819279, 1056.327000000]: global_costmap: Using plugin "static_layer"
[ INFO] [1774965790.633009836, 1056.331000000]: Requesting the map...
[ INFO] [1774965821.792442440, 1087.133000000]: Resizing costmap to 992 X 992 at 0.020000 m/pix
[ INFO] [1774965821.891974707, 1087.232000000]: Received a 992 X 992 map at 0.020000 m/pix
[ INFO] [1774965821.894352490, 1087.234000000]: global_costmap: Using plugin "obstacles_layer"
[ INFO] [1774965821.898515880, 1087.238000000]:     Subscribed to Topics: scan
[ INFO] [1774965821.914075669, 1087.253000000]: global_costmap: Using plugin "inflater_layer"
[ INFO] [1774965821.936702038, 1087.276000000]: local_costmap: Using plugin "obstacles_layer"
[ INFO] [1774965821.940548632, 1087.280000000]:     Subscribed to Topics: scan
[ INFO] [1774965821.950597324, 1087.290000000]: local_costmap: Using plugin "inflater_layer"
[ INFO] [1774965821.969849430, 1087.309000000]: Created local_planner base_local_planner/TrajectoryPlannerROS
[ INFO] [1774965821.973741280, 1087.313000000]: Sim period is set to 0.05
[ INFO] [1774965822.025775792, 1087.365000000]: Recovery behavior will clear layer 'obstacles'
[ INFO] [1774965822.029687407, 1087.369000000]: Recovery behavior will clear layer 'obstacles'
[ INFO] [1774965822.140180968, 1087.479000000]: odom received!

auto-starting new master
[1mprocess[master]: started with pid [56155][0m
[1mROS_MASTER_URI=http://localhost:11311[0m
]2;/home/eethanhe/catkin_ws/src/robot-multi-floor-navigation/multi_floor_nav/launch/nav.launch http://localhost:11311
[1msetting /run_id to 572b6296-2d0a-11f1-8422-679edff71d44[0m
[1mprocess[rosout-1]: started with pid [56191][0m
started core service [/rosout]
[1mprocess[gazebo-2]: started with pid [56198][0m
[1mprocess[robot_state_publisher-3]: started with pid [56202][0m
[1mprocess[controller_spawner-4]: started with pid [56204][0m
[1mprocess[ekf_localization-5]: started with pid [56205][0m
[1mprocess[twist_mux-6]: started with pid [56206][0m
[1mprocess[twist_marker_server-7]: started with pid [56208][0m
[1mprocess[urdf_spawner-8]: started with pid [56214][0m
[1mprocess[map_server0-9]: started with pid [56220][0m
[1mprocess[map_server1-10]: started with pid [56227][0m
[1mprocess[amcl-11]: started with pid [56232][0m
[1mprocess[move_base-12]: started with pid [56235][0m
[1mprocess[rviz-13]: started with pid [56240][0m
[1mprocess[change_map_node-14]: started with pid [56246][0m
[1mprocess[multi_floor_navigation_node-15]: started with pid [56253][0m
[1m[urdf_spawner-8] process has finished cleanly
log file: /home/eethanhe/.ros/log/572b6296-2d0a-11f1-8422-679edff71d44/urdf_spawner-8*.log[0m
[multi_floor_navigation_node-15] killing on exit
[change_map_node-14] killing on exit
[rviz-13] killing on exit
[move_base-12] killing on exit
[amcl-11] killing on exit
[map_server1-10] killing on exit
[map_server0-9] killing on exit
[twist_marker_server-7] killing on exit
[twist_mux-6] killing on exit
[ekf_localization-5] killing on exit
[controller_spawner-4] killing on exit
[robot_state_publisher-3] killing on exit
[gazebo-2] killing on exit
[rosout-1] killing on exit
[master] killing on exit
shutting down processing monitor...
... shutting down processing monitor complete
[1mdone[0m
