xacro: in-order processing became default in ROS Melodic. You can drop the option.
... logging to /home/eethanhe/.ros/log/1b6391de-2bed-11f1-8d1e-01badb8e21cf/roslaunch-eethanhe-Lenovo-Legion-R9000P2021H-153153.log
Checking log directory for disk usage. This may take a while.
Press Ctrl-C to interrupt
Done checking log file disk usage. Usage is <1GB.
]2;/home/eethanhe/catkin_ws/src/robot-multi-floor-navigation/multi_floor_nav/launch/nav.launch
[1mstarted roslaunch server http://eethanhe-Lenovo-Legion-R9000P2021H:43905/[0m

SUMMARY
========

PARAMETERS
 * /amcl/auto_update_noise: 0.0
 * /amcl/base_frame_id: base_link
 * /amcl/expected_laser_freq: 5.0
 * /amcl/first_map_only: False
 * /amcl/global_frame_id: map
 * /amcl/gui_publish_rate: 10.0
 * /amcl/initial_pose_a: 0.0
 * /amcl/initial_pose_x: 0.0
 * /amcl/initial_pose_y: 0.0
 * /amcl/kld_err: 0.05
 * /amcl/kld_z: 0.99
 * /amcl/laser_lambda_short: 0.1
 * /amcl/laser_likelihood_max_dist: 2.0
 * /amcl/laser_max_beams: 720
 * /amcl/laser_max_range: 30.0
 * /amcl/laser_min_range: 0.1
 * /amcl/laser_model_type: likelihood_field
 * /amcl/laser_sigma_hit: 0.2
 * /amcl/laser_z_hit: 0.5
 * /amcl/laser_z_max: 0.05
 * /amcl/laser_z_rand: 0.5
 * /amcl/laser_z_short: 0.05
 * /amcl/max_particles: 2000
 * /amcl/min_particles: 500
 * /amcl/odom_alpha1: 0.2
 * /amcl/odom_alpha2: 0.2
 * /amcl/odom_alpha3: 0.2
 * /amcl/odom_alpha4: 0.2
 * /amcl/odom_alpha5: 0.1
 * /amcl/odom_frame_id: odom
 * /amcl/odom_model_type: diff
 * /amcl/odom_update_interval: 0.1
 * /amcl/recovery_alpha_fast: 0.1
 * /amcl/recovery_alpha_slow: 0.001
 * /amcl/resample_interval: 1
 * /amcl/transform_tolerance: 1.0
 * /amcl/update_min_a: 0.3927
 * /amcl/update_min_d: 0.1
 * /amcl/use_map_topic: False
 * /ekf_localization/base_link_frame: base_link
 * /ekf_localization/frequency: 50
 * /ekf_localization/imu0: /imu/data
 * /ekf_localization/imu0_config: [False, False, Fa...
 * /ekf_localization/imu0_differential: False
 * /ekf_localization/odom0: /jackal_velocity_...
 * /ekf_localization/odom0_config: [False, False, Fa...
 * /ekf_localization/odom0_differential: False
 * /ekf_localization/odom_frame: odom
 * /ekf_localization/predict_to_current_time: True
 * /ekf_localization/world_frame: odom
 * /gazebo/enable_ros_network: True
 * /jackal_joint_publisher/publish_rate: 50
 * /jackal_joint_publisher/type: joint_state_contr...
 * /jackal_velocity_controller/angular/z/has_acceleration_limits: True
 * /jackal_velocity_controller/angular/z/has_velocity_limits: True
 * /jackal_velocity_controller/angular/z/max_acceleration: 25.0
 * /jackal_velocity_controller/angular/z/max_velocity: 4.0
 * /jackal_velocity_controller/cmd_vel_timeout: 0.25
 * /jackal_velocity_controller/enable_odom_tf: False
 * /jackal_velocity_controller/k_l: 0.1
 * /jackal_velocity_controller/k_r: 0.1
 * /jackal_velocity_controller/left_wheel: ['front_left_whee...
 * /jackal_velocity_controller/linear/x/has_acceleration_limits: True
 * /jackal_velocity_controller/linear/x/has_velocity_limits: True
 * /jackal_velocity_controller/linear/x/max_acceleration: 20.0
 * /jackal_velocity_controller/linear/x/max_velocity: 2.0
 * /jackal_velocity_controller/pose_covariance_diagonal: [0.001, 0.001, 10...
 * /jackal_velocity_controller/publish_cmd: True
 * /jackal_velocity_controller/publish_rate: 50
 * /jackal_velocity_controller/right_wheel: ['front_right_whe...
 * /jackal_velocity_controller/twist_covariance_diagonal: [0.001, 0.001, 0....
 * /jackal_velocity_controller/type: diff_drive_contro...
 * /jackal_velocity_controller/wheel_radius_multiplier: 1.0
 * /jackal_velocity_controller/wheel_separation_multiplier: 1.5
 * /move_base/NavfnROS/allow_unknown: True
 * /move_base/TrajectoryPlannerROS/acc_lim_theta: 20.0
 * /move_base/TrajectoryPlannerROS/acc_lim_x: 10.0
 * /move_base/TrajectoryPlannerROS/angular_sim_granularity: 0.02
 * /move_base/TrajectoryPlannerROS/controller_frequency: 20.0
 * /move_base/TrajectoryPlannerROS/dwa: True
 * /move_base/TrajectoryPlannerROS/escape_reset_dist: 0.1
 * /move_base/TrajectoryPlannerROS/escape_reset_theta: 0.1
 * /move_base/TrajectoryPlannerROS/escape_vel: -0.5
 * /move_base/TrajectoryPlannerROS/gdist_scale: 1.0
 * /move_base/TrajectoryPlannerROS/heading_lookahead: 0.325
 * /move_base/TrajectoryPlannerROS/heading_scoring: False
 * /move_base/TrajectoryPlannerROS/heading_scoring_timestep: 0.8
 * /move_base/TrajectoryPlannerROS/holonomic_robot: False
 * /move_base/TrajectoryPlannerROS/latch_xy_goal_tolerance: False
 * /move_base/TrajectoryPlannerROS/max_vel_theta: 1.57
 * /move_base/TrajectoryPlannerROS/max_vel_x: 0.5
 * /move_base/TrajectoryPlannerROS/meter_scoring: True
 * /move_base/TrajectoryPlannerROS/min_in_place_vel_theta: 0.314
 * /move_base/TrajectoryPlannerROS/min_vel_theta: -1.57
 * /move_base/TrajectoryPlannerROS/min_vel_x: 0.1
 * /move_base/TrajectoryPlannerROS/occdist_scale: 0.1
 * /move_base/TrajectoryPlannerROS/oscillation_reset_dist: 0.05
 * /move_base/TrajectoryPlannerROS/pdist_scale: 0.75
 * /move_base/TrajectoryPlannerROS/publish_cost_grid_pc: True
 * /move_base/TrajectoryPlannerROS/sim_granularity: 0.02
 * /move_base/TrajectoryPlannerROS/sim_time: 2.0
 * /move_base/TrajectoryPlannerROS/simple_attractor: False
 * /move_base/TrajectoryPlannerROS/vtheta_samples: 20
 * /move_base/TrajectoryPlannerROS/vx_samples: 6
 * /move_base/TrajectoryPlannerROS/xy_goal_tolerance: 0.25
 * /move_base/TrajectoryPlannerROS/yaw_goal_tolerance: 0.157
 * /move_base/base_global_planner: navfn/NavfnROS
 * /move_base/base_local_planner: base_local_planne...
 * /move_base/clearing_rotation_allowed: True
 * /move_base/controller_frequency: 20.0
 * /move_base/controller_patience: 15.0
 * /move_base/global_costmap/footprint: [[-0.21, -0.165],...
 * /move_base/global_costmap/footprint_padding: 0.1
 * /move_base/global_costmap/global_frame: map
 * /move_base/global_costmap/height: 40.0
 * /move_base/global_costmap/inflater_layer/inflation_radius: 0.3
 * /move_base/global_costmap/map_type: costmap
 * /move_base/global_costmap/meter_scoring: True
 * /move_base/global_costmap/obstacle_range: 2.5
 * /move_base/global_costmap/obstacles_layer/observation_sources: scan
 * /move_base/global_costmap/obstacles_layer/scan/clearing: True
 * /move_base/global_costmap/obstacles_layer/scan/data_type: LaserScan
 * /move_base/global_costmap/obstacles_layer/scan/marking: True
 * /move_base/global_costmap/obstacles_layer/scan/max_obstacle_height: 2.0
 * /move_base/global_costmap/obstacles_layer/scan/min_obstacle_height: -2.0
 * /move_base/global_costmap/obstacles_layer/scan/obstacle_range: 2.5
 * /move_base/global_costmap/obstacles_layer/scan/raytrace_range: 3.0
 * /move_base/global_costmap/obstacles_layer/scan/sensor_frame: front_laser
 * /move_base/global_costmap/obstacles_layer/scan/topic: front/scan
 * /move_base/global_costmap/origin_x: -20.0
 * /move_base/global_costmap/origin_y: -20.0
 * /move_base/global_costmap/origin_z: 0.0
 * /move_base/global_costmap/plugins: [{'name': 'static...
 * /move_base/global_costmap/publish_frequency: 5.0
 * /move_base/global_costmap/publish_voxel_map: False
 * /move_base/global_costmap/raytrace_range: 3.0
 * /move_base/global_costmap/resolution: 0.05
 * /move_base/global_costmap/robot_base_frame: base_link
 * /move_base/global_costmap/rolling_window: False
 * /move_base/global_costmap/static_map: True
 * /move_base/global_costmap/transform_tolerance: 0.5
 * /move_base/global_costmap/update_frequency: 20.0
 * /move_base/global_costmap/width: 40.0
 * /move_base/global_costmap/z_resolution: 1
 * /move_base/global_costmap/z_voxels: 2
 * /move_base/local_costmap/footprint: [[-0.21, -0.165],...
 * /move_base/local_costmap/footprint_padding: 0.1
 * /move_base/local_costmap/global_frame: map
 * /move_base/local_costmap/height: 10.0
 * /move_base/local_costmap/inflater_layer/inflation_radius: 0.3
 * /move_base/local_costmap/map_type: costmap
 * /move_base/local_costmap/meter_scoring: True
 * /move_base/local_costmap/obstacle_range: 2.5
 * /move_base/local_costmap/obstacles_layer/observation_sources: scan
 * /move_base/local_costmap/obstacles_layer/scan/clearing: True
 * /move_base/local_costmap/obstacles_layer/scan/data_type: LaserScan
 * /move_base/local_costmap/obstacles_layer/scan/marking: True
 * /move_base/local_costmap/obstacles_layer/scan/max_obstacle_height: 2.0
 * /move_base/local_costmap/obstacles_layer/scan/min_obstacle_height: -2.0
 * /move_base/local_costmap/obstacles_layer/scan/obstacle_range: 2.5
 * /move_base/local_costmap/obstacles_layer/scan/raytrace_range: 3.0
 * /move_base/local_costmap/obstacles_layer/scan/sensor_frame: front_laser
 * /move_base/local_costmap/obstacles_layer/scan/topic: front/scan
 * /move_base/local_costmap/origin_z: 0.0
 * /move_base/local_costmap/plugins: [{'name': 'obstac...
 * /move_base/local_costmap/publish_frequency: 5.0
 * /move_base/local_costmap/publish_voxel_map: False
 * /move_base/local_costmap/raytrace_range: 3.0
 * /move_base/local_costmap/resolution: 0.05
 * /move_base/local_costmap/robot_base_frame: base_link
 * /move_base/local_costmap/rolling_window: True
 * /move_base/local_costmap/static_map: False
 * /move_base/local_costmap/transform_tolerance: 0.5
 * /move_base/local_costmap/update_frequency: 20.0
 * /move_base/local_costmap/width: 10.0
 * /move_base/local_costmap/z_resolution: 1
 * /move_base/local_costmap/z_voxels: 2
 * /move_base/oscillation_distance: 0.5
 * /move_base/oscillation_timeout: 0.0
 * /move_base/planner_frequency: 20.0
 * /move_base/planner_patience: 5.0
 * /move_base/recovery_behavior_enabled: True
 * /move_base/shutdown_costmaps: False
 * /multi_floor_navigation_node/init_pose_offset_theta: 0.2
 * /multi_floor_navigation_node/init_pose_offset_x: 0.4
 * /multi_floor_navigation_node/init_pose_offset_y: 0.4
 * /multi_floor_navigation_node/region_init_backoff_factor: 1.3
 * /multi_floor_navigation_node/region_init_max_backoff: 2.0
 * /multi_floor_navigation_node/region_init_sigma_adaptive_alpha: 0.35
 * /multi_floor_navigation_node/region_init_sigma_min_scale: 0.03
 * /multi_floor_navigation_node/region_init_sigma_min_yaw: 0.02
 * /multi_floor_navigation_node/region_init_sigma_x: 0.15
 * /multi_floor_navigation_node/region_init_sigma_x_L0: 0.15
 * /multi_floor_navigation_node/region_init_sigma_x_L1: 0.2
 * /multi_floor_navigation_node/region_init_sigma_y: 0.15
 * /multi_floor_navigation_node/region_init_sigma_y_L0: 0.15
 * /multi_floor_navigation_node/region_init_sigma_y_L1: 0.2
 * /multi_floor_navigation_node/region_init_sigma_yaw: 0.1
 * /multi_floor_navigation_node/region_init_sigma_yaw_L0: 0.1
 * /multi_floor_navigation_node/region_init_sigma_yaw_L1: 0.12
 * /multi_floor_navigation_node/reloc_min_check_delay_L0: 6.0
 * /multi_floor_navigation_node/reloc_min_check_delay_L1: 12.0
 * /multi_floor_navigation_node/reloc_min_check_delay_sec: 6.0
 * /robot_description: <?xml version="1....
 * /rosdistro: noetic
 * /rosversion: 1.17.0
 * /twist_marker_server/link_name: base_link
 * /twist_mux/locks: [{'name': 'e_stop...
 * /twist_mux/topics: [{'name': 'joy', ...
 * /use_gui: True
 * /use_sim_time: True

NODES
  /
    amcl (amcl/amcl)
    change_map_node (multi_floor_nav/change_map_node)
    controller_spawner (controller_manager/spawner)
    ekf_localization (robot_localization/ekf_localization_node)
    gazebo (gazebo_ros/gzserver)
    map_server0 (map_server/map_server)
    map_server1 (map_server/map_server)
    move_base (move_base/move_base)
    multi_floor_navigation_node (multi_floor_nav/multi_floor_navigation_node)
    robot_state_publisher (robot_state_publisher/robot_state_publisher)
    rviz (rviz/rviz)
    twist_marker_server (interactive_marker_twist_server/marker_server)
    twist_mux (twist_mux/twist_mux)
    urdf_spawner (gazebo_ros/spawn_model)
[ INFO] [1774843280.480245855]: Finished loading Gazebo ROS API Plugin.
[ INFO] [1774843280.485338173]: waitForService: Service [/gazebo/set_physics_properties] has not been advertised, waiting...
[1;33mWarning [Model.cc:216][0m Non-unique name[door] detected 2 times in XML children of model with name[elevator].
[1;33mWarning [Model.cc:309][0m Joint with name [door] in model with name [elevator] has a name collision, changing joint name to [door_joint].
[ INFO] [1774843281.532448599]: waitForService: Service [/gazebo/set_physics_properties] is now available.
[ INFO] [1774843281.547382214]: Physics dynamic reconfigure ready.
[1;33mWarning [parser_urdf.cc:1161][0m multiple inconsistent <gravity> exists due to fixed joint reduction overwriting previous value [true] with [false].
[1;33mWarning [parser_urdf.cc:1161][0m multiple inconsistent <gravity> exists due to fixed joint reduction overwriting previous value [false] with [true].
[ERROR] [1774843282.127061070, 1054.892000000]: No p gain specified for pid.  Namespace: /gazebo_ros_control/pid_gains/front_left_wheel
[ERROR] [1774843282.127536408, 1054.892000000]: No p gain specified for pid.  Namespace: /gazebo_ros_control/pid_gains/front_right_wheel
[ERROR] [1774843282.127947981, 1054.892000000]: No p gain specified for pid.  Namespace: /gazebo_ros_control/pid_gains/rear_left_wheel
[ERROR] [1774843282.128334341, 1054.892000000]: No p gain specified for pid.  Namespace: /gazebo_ros_control/pid_gains/rear_right_wheel
[ WARN] [1774843282.180610338, 1054.893000000]: Failed to meet update rate! Took 1054.8930000000000291
[ WARN] [1774843282.180927277, 1054.894000000]: Timed out waiting for transform from base_link to map to become available before running costmap, tf error: canTransform: target_frame map does not exist.. canTransform returned after 1054.89 timeout was 0.1.
[ WARN] [1774843282.181427408, 1054.894000000]: Failed to meet update rate! Took 1054.8740000000000236
[ WARN] [1774843282.380909959]: Interactive marker 'robot_twist_marker' contains unnormalized quaternions. This warning will only be output once but may be true for others; enable DEBUG messages for ros.rviz.quaternions to see more details.
[ WARN] [1774843282.973609555, 1055.678000000]: No laser scan received (and thus no pose updates have been published) for 1055.678000 seconds.  Verify that data is being published on the /front/scan topic.
[ WARN] [1774843282.973851763, 1055.678000000]: No laser scan received (and thus no pose updates have been published) for 1055.678000 seconds.  Verify that data is being published on the /front/scan topic.
[ WARN] [1774843283.400218007, 1056.099000000]: global_costmap: Pre-Hydro parameter "static_map" unused since "plugins" is provided
[ WARN] [1774843283.401159604, 1056.100000000]: global_costmap: Pre-Hydro parameter "map_type" unused since "plugins" is provided
[ WARN] [1774843315.208806319, 1087.496000000]: [Multi Floor Nav] Initial pose perturbation applied: offset_x=0.40, offset_y=0.40, offset_theta=0.20
[ WARN] [1774843315.365318982, 1087.651000000]: local_costmap: Pre-Hydro parameter "static_map" unused since "plugins" is provided
[ WARN] [1774843315.366030104, 1087.652000000]: local_costmap: Pre-Hydro parameter "map_type" unused since "plugins" is provided
[ WARN] [1774843315.415636150, 1087.701000000]: Parameter pdist_scale is deprecated. Please use the name path_distance_bias instead.
[ WARN] [1774843315.416281411, 1087.702000000]: Parameter gdist_scale is deprecated. Please use the name goal_distance_bias instead.
[ WARN] [1774843316.267494882, 1088.540000000]: The origin for the sensor at (0.21, 0.20) is out of map bounds. So, the costmap cannot raytrace for it.
[ WARN] [1774843321.495340241, 1093.702000000]: [Multi Floor Nav] Initial pose perturbation applied: offset_x=0.40, offset_y=0.40, offset_theta=0.20
[ WARN] [1774843321.495445282, 1093.702000000]: [Multi Floor Nav] Retry #1: sigma scaled by 1.300 ??? (0.195, 0.195, 0.117)
[ INFO] [1774843280.186041155]: [Multi Floor Nav] Module A sigma: L0=(0.150,0.150,0.100) L1=(0.200,0.200,0.120)
[ INFO] [1774843280.187204287]: [Multi Floor Nav] Module A delay: L0=6.0s  L1=12.0s  backoff: factor=1.30 max=2.00
[ INFO] [1774843315.195268756, 1087.483000000]: [Multi Floor Nav] Successfully loaded map for level: 0
[ INFO] [1774843315.208882725, 1087.497000000]: [Multi Floor Nav] Adaptive sigma: offset_planar=0.566, adaptive_scale=0.198, adaptive_yaw=0.090 ??? sigma(0.150, 0.150, 0.090)
[ INFO] [1774843315.208904655, 1087.497000000]: [Multi Floor Nav] Initializing Robot at x: 5.4, y: -0.1, yaw: 0.2 (level=0, sigma: x=0.150, y=0.150, yaw=0.090, retry=0)
[ INFO] [1774843315.208939017, 1087.497000000]: [Multi Floor Nav] Initializing Pose to x: 5.00, y: -0.50 at level: 0
[ INFO] [1774843316.227615524, 1088.500000000]: [Multi Floor Nav] Waiting for AMCL nomotion updates (1.0/6.0s, L0)...
[ INFO] [1774843317.441244631, 1089.701000000]: [Multi Floor Nav] Waiting for AMCL nomotion updates (2.2/6.0s, L0)...
[ INFO] [1774843318.450569429, 1090.701000000]: [Multi Floor Nav] Waiting for AMCL nomotion updates (3.2/6.0s, L0)...
[ INFO] [1774843319.463007390, 1091.701000000]: [Multi Floor Nav] Waiting for AMCL nomotion updates (4.2/6.0s, L0)...
[ INFO] [1774843320.478983987, 1092.701000000]: [Multi Floor Nav] Waiting for AMCL nomotion updates (5.2/6.0s, L0)...
[ INFO] [1774843321.291329751, 1093.500000000]: [Multi Floor Nav] Current Robot Pose, x: 5.43, y: -0.02, yaw: 0.11
[ INFO] [1774843321.291349795, 1093.500000000]: [Multi Floor Nav] Linear Error: 0.65, Angular Error: 0.11
[ INFO] [1774843321.291359783, 1093.500000000]: [Multi Floor Nav] Setting initial pose failed. Will Retry (retry #1)
[ INFO] [1774843321.495405542, 1093.702000000]: [Multi Floor Nav] Adaptive sigma: offset_planar=0.566, adaptive_scale=0.198, adaptive_yaw=0.090 ??? sigma(0.150, 0.150, 0.090)
[ INFO] [1774843321.495495707, 1093.702000000]: [Multi Floor Nav] Initializing Robot at x: 5.4, y: -0.1, yaw: 0.2 (level=0, sigma: x=0.195, y=0.195, yaw=0.117, retry=1)
[ INFO] [1774843321.495560031, 1093.702000000]: [Multi Floor Nav] Initializing Pose to x: 5.00, y: -0.50 at level: 0
[ INFO] [1774843322.512844333, 1094.704000000]: [Multi Floor Nav] Waiting for AMCL nomotion updates (1.0/6.0s, L0)...
[ INFO] [1774843323.532492754, 1095.705000000]: [Multi Floor Nav] Waiting for AMCL nomotion updates (2.0/6.0s, L0)...
[ INFO] [1774843324.751550890, 1096.904000000]: [Multi Floor Nav] Waiting for AMCL nomotion updates (3.2/6.0s, L0)...
[ INFO] [1774843325.769998467, 1097.904000000]: [Multi Floor Nav] Waiting for AMCL nomotion updates (4.2/6.0s, L0)...
[ INFO] [1774843326.785467675, 1098.905000000]: [Multi Floor Nav] Waiting for AMCL nomotion updates (5.2/6.0s, L0)...
[ INFO] [1774843327.597890408, 1099.704000000]: [Multi Floor Nav] Current Robot Pose, x: 4.93, y: -0.05, yaw: 0.07
[ INFO] [1774843327.597909685, 1099.704000000]: [Multi Floor Nav] Linear Error: 0.45, Angular Error: 0.07
[ INFO] [1774843327.597920719, 1099.704000000]: [Multi Floor Nav] Robot at correct pose
[ INFO] [1774843327.599396041, 1099.706000000]: [Multi Floor Nav] RELOC_PASS: linear_error=0.4515, angular_error=0.0654, linear_error_init=0.4691, angular_error_init=0.1346, tr_sigma=0.0173, C_t=0.9828
[ INFO] [1774843328.618972810, 1100.706000000]: [Multi Floor Nav] POST_PASS: dt=1.000s, linear_error=0.4517, angular_error=0.0640
[ INFO] [1774843328.619023235, 1100.706000000]: [Multi Floor Nav] Will send goal to x: 3, y: -0, at level: 0
[ INFO] [1774843328.619050404, 1100.706000000]: [Multi Floor Nav] Sending Robot to x: 3.0, y: -0.5, yaw: 3.1
[ INFO] [1774843328.822095902, 1100.906000000]: [Multi Floor Nav] POST_PASS: dt=1.200s, linear_error=0.4517, angular_error=0.0640
[ INFO] [1774843329.026251872, 1101.106000000]: [Multi Floor Nav] POST_PASS: dt=1.400s, linear_error=0.4517, angular_error=0.0640
[ INFO] [1774843329.229991939, 1101.307000000]: [Multi Floor Nav] POST_PASS: dt=1.601s, linear_error=0.4278, angular_error=0.3366
[ INFO] [1774843329.432624258, 1101.507000000]: [Multi Floor Nav] POST_PASS: [ WARN] [1774843384.995075222, 1156.510000000]: [Multi Floor Nav] Initial pose perturbation applied: offset_x=0.40, offset_y=0.40, offset_theta=0.20
[ WARN] [1774843397.408045239, 1168.715000000]: [Multi Floor Nav] Initial pose perturbation applied: offset_x=0.40, offset_y=0.40, offset_theta=0.20
[ WARN] [1774843397.408148255, 1168.715000000]: [Multi Floor Nav] Retry #1: sigma scaled by 1.300 ??? (0.257, 0.257, 0.117)
dt=1.801s, linear_error=0.3890, angular_error=0.7462
[ INFO] [1774843347.605507595, 1119.506000000]: [Multi Floor Nav] Requesting Lift to Level 0
[ INFO] [1774843347.807140003, 1119.706000000]: [Multi Floor Nav] Entering Lift at Level 0
[ INFO] [1774843365.129414728, 1136.907000000]: [Multi Floor Nav] Requesting Lift to Level 1
[ INFO] [1774843372.197187667, 1143.907000000]: [Multi Floor Nav] Exiting Lift at Level 1
[ INFO] [1774843384.967018759, 1156.483000000]: [Multi Floor Nav] Successfully loaded map for level: 1
[ INFO] [1774843384.995169647, 1156.510000000]: [Multi Floor Nav] Adaptive sigma: offset_planar=0.566, adaptive_scale=0.198, adaptive_yaw=0.090 ??? sigma(0.198, 0.198, 0.090)
[ INFO] [1774843384.995215114, 1156.510000000]: [Multi Floor Nav] Initializing Robot at x: 3.4, y: -0.1, yaw: 3.3 (level=1, sigma: x=0.198, y=0.198, yaw=0.090, retry=0)
[ INFO] [1774843384.995293825, 1156.511000000]: [Multi Floor Nav] Initializing Pose to x: 3.00, y: -0.50 at level: 1
[ INFO] [1774843386.017500995, 1157.514000000]: [Multi Floor Nav] Waiting for AMCL nomotion updates (1.0/12.0s, L1)...
[ INFO] [1774843387.036890709, 1158.514000000]: [Multi Floor Nav] Waiting for AMCL nomotion updates (2.0/12.0s, L1)...
[ INFO] [1774843388.260003739, 1159.714000000]: [Multi Floor Nav] Waiting for AMCL nomotion updates (3.2/12.0s, L1)...
[ INFO] [1774843389.278315459, 1160.714000000]: [Multi Floor Nav] Waiting for AMCL nomotion updates (4.2/12.0s, L1)...
[ INFO] [1774843390.290752084, 1161.714000000]: [Multi Floor Nav] Waiting for AMCL nomotion updates (5.2/12.0s, L1)...
[ INFO] [1774843391.305960839, 1162.715000000]: [Multi Floor Nav] Waiting for AMCL nomotion updates (6.2/12.0s, L1)...
[ INFO] [1774843392.324353787, 1163.715000000]: [Multi Floor Nav] Waiting for AMCL nomotion updates (7.2/12.0s, L1)...
[ INFO] [1774843393.339749228, 1164.715000000]: [Multi Floor Nav] Waiting for AMCL nomotion updates (8.2/12.0s, L1)...
[ INFO] [1774843394.561843354, 1165.914000000]: [Multi Floor Nav] Waiting for AMCL nomotion updates (9.4/12.0s, L1)...
[ INFO] [1774843395.578176902, 1166.915000000]: [Multi Floor Nav] Waiting for AMCL nomotion updates (10.4/12.0s, L1)...
[ INFO] [1774843396.592666508, 1167.915000000]: [Multi Floor Nav] Waiting for AMCL nomotion updates (11.4/12.0s, L1)...
[ INFO] [1774843397.203371805, 1168.514000000]: [Multi Floor Nav] Current Robot Pose, x: 3.77, y: -0.70, yaw: 2.98
[ INFO] [1774843397.203417132, 1168.514000000]: [Multi Floor Nav] Linear Error: 0.80, Angular Error: 0.16
[ INFO] [1774843397.203439202, 1168.514000000]: [Multi Floor Nav] Setting initial pose failed. Will Retry (retry #1)
[ INFO] [1774843397.408111099, 1168.715000000]: [Multi Floor Nav] Adaptive sigma: offset_planar=0.566, adaptive_scale=0.198, adaptive_yaw=0.090 ??? sigma(0.198, 0.198, 0.090)
[ INFO] [1774843397.408197493, 1168.715000000]: [Multi Floor Nav] Initializing Robot at x: 3.4, y: -0.1, yaw: 3.3 (level=1, sigma: x=0.257, y=0.257, yaw=0.117, retry=1)
[ INFO] [1774843397.408251549, 1168.715000000]: [Multi Floor Nav] Initializing Pose to x: 3.00, y: -0.50 at level: 1
[ INFO] [1774843398.433051857, 1169.719000000]: [Multi Floor Nav] Waiting for AMCL nomotion updates (1.0/12.0s, L1)...
[ INFO] [1774843399.455781588, 1170.720000000]: [Multi Floor Nav] Waiting for AMCL nomotion updates (2.0/12.0s, L1)...
[ INFO] [1774843400.673508490, 1171.917000000]: [Multi Floor Nav] Waiting for AMCL nomotion updates (3.2/12.0s, L1)...
[ INFO] [1774843401.698234768, 1172.919000000]: [Multi Floor Nav] Waiting for AMCL nomotion updates (4.2/12.0s, L1)...
[ INFO] [1774843402.720387266, 1173.919000000]: [Multi Floor Nav] Waiting for AMCL nomotion updates (5.2/12.0s, L1)...
[ INFO] [1774843403.945869458, 1175.118000000]: [Multi Floor Nav] Waiting for AMCL nomotion updates (6.4/12.0s, L1)...
[ INFO] [1774843404.965575077, 1176.118000000]: [Multi Floor Nav] Waiting for AMCL nomotion updates (7.4/12.0s, L1)...
[ INFO] [1774843405.984754864, 1177.118000000]: [Multi Floor Nav] Waiting for AMCL nomotion updates (8.4/12.0s, L1)...
[ INFO] [1774843407.001444890, 1178.118000000]: [M[ WARN] [1774843409.851165253, 1180.920000000]: [Multi Floor Nav] Initial pose perturbation applied: offset_x=0.40, offset_y=0.40, offset_theta=0.20
[ WARN] [1774843409.851206669, 1180.920000000]: [Multi Floor Nav] Retry #2: sigma scaled by 1.690 ??? (0.335, 0.335, 0.152)
[ WARN] [1774843422.274722494, 1193.124000000]: [Multi Floor Nav] Initial pose perturbation applied: offset_x=0.40, offset_y=0.40, offset_theta=0.20
[ WARN] [1774843422.274813566, 1193.124000000]: [Multi Floor Nav] Retry #3: sigma scaled by 2.000 ??? (0.396, 0.396, 0.180)
ulti Floor Nav] Waiting for AMCL nomotion updates (9.4/12.0s, L1)...
[ INFO] [1774843408.019768218, 1179.119000000]: [Multi Floor Nav] Waiting for AMCL nomotion updates (10.4/12.0s, L1)...
[ INFO] [1774843409.241074132, 1180.318000000]: [Multi Floor Nav] Waiting for AMCL nomotion updates (11.6/12.0s, L1)...
[ INFO] [1774843409.646710629, 1180.718000000]: [Multi Floor Nav] Current Robot Pose, x: 3.56, y: -0.53, yaw: 3.11
[ INFO] [1774843409.646769924, 1180.718000000]: [Multi Floor Nav] Linear Error: 0.57, Angular Error: 0.04
[ INFO] [1774843409.646809175, 1180.718000000]: [Multi Floor Nav] Setting initial pose failed. Will Retry (retry #2)
[ INFO] [1774843409.851195354, 1180.920000000]: [Multi Floor Nav] Adaptive sigma: offset_planar=0.566, adaptive_scale=0.198, adaptive_yaw=0.090 ??? sigma(0.198, 0.198, 0.090)
[ INFO] [1774843409.851217703, 1180.920000000]: [Multi Floor Nav] Initializing Robot at x: 3.4, y: -0.1, yaw: 3.3 (level=1, sigma: x=0.335, y=0.335, yaw=0.152, retry=2)
[ INFO] [1774843409.851234326, 1180.920000000]: [Multi Floor Nav] Initializing Pose to x: 3.00, y: -0.50 at level: 1
[ INFO] [1774843410.870370955, 1181.923000000]: [Multi Floor Nav] Waiting for AMCL nomotion updates (1.0/12.0s, L1)...
[ INFO] [1774843411.887761908, 1182.924000000]: [Multi Floor Nav] Waiting for AMCL nomotion updates (2.0/12.0s, L1)...
[ INFO] [1774843412.908325740, 1183.924000000]: [Multi Floor Nav] Waiting for AMCL nomotion updates (3.0/12.0s, L1)...
[ INFO] [1774843414.128428926, 1185.123000000]: [Multi Floor Nav] Waiting for AMCL nomotion updates (4.2/12.0s, L1)...
[ INFO] [1774843415.147504797, 1186.124000000]: [Multi Floor Nav] Waiting for AMCL nomotion updates (5.2/12.0s, L1)...
[ INFO] [1774843416.166081235, 1187.124000000]: [Multi Floor Nav] Waiting for AMCL nomotion updates (6.2/12.0s, L1)...
[ INFO] [1774843417.184811743, 1188.125000000]: [Multi Floor Nav] Waiting for AMCL nomotion updates (7.2/12.0s, L1)...
[ INFO] [1774843418.200609977, 1189.125000000]: [Multi Floor Nav] Waiting for AMCL nomotion updates (8.2/12.0s, L1)...
[ INFO] [1774843419.424272266, 1190.324000000]: [Multi Floor Nav] Waiting for AMCL nomotion updates (9.4/12.0s, L1)...
[ INFO] [1774843420.440122463, 1191.325000000]: [Multi Floor Nav] Waiting for AMCL nomotion updates (10.4/12.0s, L1)...
[ INFO] [1774843421.661633790, 1192.524000000]: [Multi Floor Nav] Waiting for AMCL nomotion updates (11.6/12.0s, L1)...
[ INFO] [1774843422.071337064, 1192.924000000]: [Multi Floor Nav] Current Robot Pose, x: 3.47, y: -0.75, yaw: 2.99
[ INFO] [1774843422.071355642, 1192.924000000]: [Multi Floor Nav] Linear Error: 0.53, Angular Error: 0.15
[ INFO] [1774843422.071362766, 1192.924000000]: [Multi Floor Nav] Setting initial pose failed. Will Retry (retry #3)
[ INFO] [1774843422.274786398, 1193.124000000]: [Multi Floor Nav] Adaptive sigma: offset_planar=0.566, adaptive_scale=0.198, adaptive_yaw=0.090 ??? sigma(0.198, 0.198, 0.090)
[ INFO] [1774843422.274841643, 1193.124000000]: [Multi Floor Nav] Initializing Robot at x: 3.4, y: -0.1, yaw: 3.3 (level=1, sigma: x=0.396, y=0.396, yaw=0.180, retry=3)
[ INFO] [1774843422.274919166, 1193.124000000]: [Multi Floor Nav] Initializing Pose to x: 3.00, y: -0.50 at level: 1
[ INFO] [1774843423.295032391, 1194.126000000]: [Multi Floor Nav] Waiting for AMCL nomotion updates (1.0/12.0s, L1)...
[ INFO] [1774843424.318173016, 1195.127000000]: [Multi Floor Nav] Waiting for AMCL nomotion updates (2.0/12.0s, L1)...
[ INFO] [1774843425.337543903, 1196.128000000]: [Multi Floor Nav] Waiting for AMCL nomotion updates (3.0/12.0s, L1)...
[ INFO] [1774843426.358211738, 1197.128000000]: [Multi Floor Nav] Waiting for AMCL nomotion updates (4.0/12.0s, L1)...
[ INFO] [1774843427.374713697, 1198.128000000]: [Multi Floor Nav] Waiting for AMCL nomotion updates (5.0/12.0s, L1)...
[ INFO] [1774843428.593834372, 1199.327000000]: [Multi Floor Nav] Waiting for AMCL nomotion updates (6.2/12.0s, L1)...
[ INFO] [1774843429.611458608, 1200.327000000]: [Multi Floor Nav] Waiting for AMCL nomotion updates (7.2/12.0s, L1)...
[ INFO] [1774843430.835258424, 1201.528000000]: [Multi Floor Nav] Waiting for AMCL nomotion updates (8.4/12.0s, L1)...
[ INFO] [1774843432.059317980, 1202.727000000]: [Multi Floor Nav] Waiting for AMCL nomotion updates (9.6/12.0s, L1)...
[ INFO] [1774843433.079451816, 1203.727000000]: [Multi Floor Nav] Waiting for AMCL nomotion updates (10.6/12.0s, L1)...
[ INFO] [1774843434.098726957, 1204.728000000]: [Multi Floor Nav] Waiting for AMCL nomotion updates (11.6/12.0s, L1)...
[ INFO] [1774843434.506279061, 1205.127000000]: [Multi Floor Nav] Current Robot Pose, x: 3.39, y: -0.69, yaw: 3.03
[ INFO] [1774843434.506329137, 1205.127000000]: [Multi Floor Nav] Linear Error: 0.44, Angular Error: 0.12
[ INFO] [1774843434.506349181, 1205.127000000]: [Multi Floor Nav] Robot at correct pose
[ INFO] [1774843434.510040978, 1205.130000000]: [Multi Floor Nav] RELOC_PASS: linear_error=0.4363, angular_error=0.1156, linear_error_init=0.5864, angular_error_init=0.3156, tr_sigma=0.0140, C_t=0.9861
[ INFO] [1774843435.531222291, 1206.131000000]: [Multi Floor Nav] POST_PASS: dt=1.000s, linear_error=0.4416, angular_error=0.1136
[ INFO] [1774843435.531277395, 1206.131000000]: [Multi Floor Nav] Will send goal to x: 4, y: 5, at level: 1
[ INFO] [1774843435.531304843, 1206.131000000]: [Multi Floor Nav] Sending Robot to x: 4.0, y: 5.0, yaw: 0.0
[ INFO] [1774843435.734576503, 1206.330000000]: [Multi Floor Nav] POST_PASS: dt=1.200s, linear_error=0.4416, angular_error=0.1136
[ INFO] [1774843435.937083824, 1206.530000000]: [Multi Floor Nav] POST_PASS: dt=1.400s, linear_error=0.3396, angular_error=0.2276
[ INFO] [1774843436.140322100, 1206.730000000]: [Multi Floor Nav] POST_PASS: dt=1.600s, linear_error=0.2233, angular_error=0.5536
[ INFO] [1774843436.344062673, 1206.930000000]: [Multi Floor Nav] POST_PASS: dt=1.800s, linear_error=0.2233, angular_error=0.5536
[ INFO] [1774843436.547180265, 1207.130000000]: [Multi Floor Nav] POST_PASS: dt=2.000s, linear_error=0.1024, angular_error=0.9582
[ INFO] [1774843454.101494921, 1224.330000000]: [Multi Floor Nav] Robot arrived at Goal
[ INFO] [1774843283.402415554, 1056.101000000]: global_costmap: Using plugin "static_layer"
[ INFO] [1774843283.406675228, 1056.106000000]: Requesting the map...
[ INFO] [1774843315.221593720, 1087.509000000]: Resizing costmap to 992 X 992 at 0.020000 m/pix
[ INFO] [1774843315.320063752, 1087.607000000]: Received a 992 X 992 map at 0.020000 m/pix
[ INFO] [1774843315.322003656, 1087.609000000]: global_costmap: Using plugin "obstacles_layer"
[ INFO] [1774843315.326914736, 1087.613000000]:     Subscribed to Topics: scan
[ INFO] [1774843315.341637641, 1087.628000000]: global_costmap: Using plugin "inflater_layer"
[ INFO] [1774843315.366755822, 1087.653000000]: local_costmap: Using plugin "obstacles_layer"
[ INFO] [1774843315.369890915, 1087.656000000]:     Subscribed to Topics: scan
[ INFO] [1774843315.379440765, 1087.665000000]: local_costmap: Using plugin "inflater_layer"
[ INFO] [1774843315.409546852, 1087.695000000]: Created local_planner base_local_planner/TrajectoryPlannerROS
[ INFO] [1774843315.413697713, 1087.699000000]: Sim period is set to 0.05
[ INFO] [1774843315.511820565, 1087.796000000]: Recovery behavior will clear layer 'obstacles'
[ INFO] [1774843315.515865128, 1087.799000000]: Recovery behavior will clear layer 'obstacles'
[ INFO] [1774843315.551397791, 1087.835000000]: odom received!

auto-starting new master
[1mprocess[master]: started with pid [153257][0m
[1mROS_MASTER_URI=http://localhost:11311[0m
]2;/home/eethanhe/catkin_ws/src/robot-multi-floor-navigation/multi_floor_nav/launch/nav.launch http://localhost:11311
[1msetting /run_id to 1b6391de-2bed-11f1-8d1e-01badb8e21cf[0m
[1mprocess[rosout-1]: started with pid [153282][0m
started core service [/rosout]
[1mprocess[gazebo-2]: started with pid [153289][0m
[1mprocess[robot_state_publisher-3]: started with pid [153292][0m
[1mprocess[controller_spawner-4]: started with pid [153295][0m
[1mprocess[ekf_localization-5]: started with pid [153296][0m
[1mprocess[twist_mux-6]: started with pid [153297][0m
[1mprocess[twist_marker_server-7]: started with pid [153299][0m
[1mprocess[urdf_spawner-8]: started with pid [153305][0m
[1mprocess[map_server0-9]: started with pid [153315][0m
[1mprocess[map_server1-10]: started with pid [153318][0m
[1mprocess[amcl-11]: started with pid [153323][0m
[1mprocess[move_base-12]: started with pid [153327][0m
[1mprocess[rviz-13]: started with pid [153332][0m
[1mprocess[change_map_node-14]: started with pid [153339][0m
[1mprocess[multi_floor_navigation_node-15]: started with pid [153349][0m
[1m[urdf_spawner-8] process has finished cleanly
log file: /home/eethanhe/.ros/log/1b6391de-2bed-11f1-8d1e-01badb8e21cf/urdf_spawner-8*.log[0m
[multi_floor_navigation_node-15] killing on exit
[change_map_node-14] killing on exit
[rviz-13] killing on exit
[move_base-12] killing on exit
[amcl-11] killing on exit
[map_server1-10] killing on exit
[map_server0-9] killing on exit
[twist_marker_server-7] killing on exit
[twist_mux-6] killing on exit
[ekf_localization-5] killing on exit
[controller_spawner-4] killing on exit
[robot_state_publisher-3] killing on exit
[gazebo-2] killing on exit
[rosout-1] killing on exit
[master] killing on exit
shutting down processing monitor...
... shutting down processing monitor complete
[1mdone[0m
