xacro: in-order processing became default in ROS Melodic. You can drop the option.
... logging to /home/eethanhe/.ros/log/a1ea67da-2cf3-11f1-ab93-1f235c29b2e7/roslaunch-eethanhe-Lenovo-Legion-R9000P2021H-26617.log
Checking log directory for disk usage. This may take a while.
Press Ctrl-C to interrupt
Done checking log file disk usage. Usage is <1GB.
]2;/home/eethanhe/catkin_ws/src/robot-multi-floor-navigation/multi_floor_nav/launch/nav.launch
[1mstarted roslaunch server http://eethanhe-Lenovo-Legion-R9000P2021H:38715/[0m

SUMMARY
========

PARAMETERS
 * /amcl/auto_update_noise: 0.0
 * /amcl/base_frame_id: base_link
 * /amcl/expected_laser_freq: 5.0
 * /amcl/first_map_only: False
 * /amcl/global_frame_id: map
 * /amcl/gui_publish_rate: 10.0
 * /amcl/initial_pose_a: 0.0
 * /amcl/initial_pose_x: 0.0
 * /amcl/initial_pose_y: 0.0
 * /amcl/kld_err: 0.05
 * /amcl/kld_z: 0.99
 * /amcl/laser_lambda_short: 0.1
 * /amcl/laser_likelihood_max_dist: 2.0
 * /amcl/laser_max_beams: 720
 * /amcl/laser_max_range: 30.0
 * /amcl/laser_min_range: 0.1
 * /amcl/laser_model_type: likelihood_field
 * /amcl/laser_sigma_hit: 0.2
 * /amcl/laser_z_hit: 0.5
 * /amcl/laser_z_max: 0.05
 * /amcl/laser_z_rand: 0.5
 * /amcl/laser_z_short: 0.05
 * /amcl/max_particles: 2000
 * /amcl/min_particles: 500
 * /amcl/odom_alpha1: 0.2
 * /amcl/odom_alpha2: 0.2
 * /amcl/odom_alpha3: 0.2
 * /amcl/odom_alpha4: 0.2
 * /amcl/odom_alpha5: 0.1
 * /amcl/odom_frame_id: odom
 * /amcl/odom_model_type: diff
 * /amcl/odom_update_interval: 0.1
 * /amcl/recovery_alpha_fast: 0.1
 * /amcl/recovery_alpha_slow: 0.001
 * /amcl/resample_interval: 1
 * /amcl/transform_tolerance: 1.0
 * /amcl/update_min_a: 0.3927
 * /amcl/update_min_d: 0.1
 * /amcl/use_map_topic: False
 * /ekf_localization/base_link_frame: base_link
 * /ekf_localization/frequency: 50
 * /ekf_localization/imu0: /imu/data
 * /ekf_localization/imu0_config: [False, False, Fa...
 * /ekf_localization/imu0_differential: False
 * /ekf_localization/odom0: /jackal_velocity_...
 * /ekf_localization/odom0_config: [False, False, Fa...
 * /ekf_localization/odom0_differential: False
 * /ekf_localization/odom_frame: odom
 * /ekf_localization/predict_to_current_time: True
 * /ekf_localization/world_frame: odom
 * /gazebo/enable_ros_network: True
 * /jackal_joint_publisher/publish_rate: 50
 * /jackal_joint_publisher/type: joint_state_contr...
 * /jackal_velocity_controller/angular/z/has_acceleration_limits: True
 * /jackal_velocity_controller/angular/z/has_velocity_limits: True
 * /jackal_velocity_controller/angular/z/max_acceleration: 25.0
 * /jackal_velocity_controller/angular/z/max_velocity: 4.0
 * /jackal_velocity_controller/cmd_vel_timeout: 0.25
 * /jackal_velocity_controller/enable_odom_tf: False
 * /jackal_velocity_controller/k_l: 0.1
 * /jackal_velocity_controller/k_r: 0.1
 * /jackal_velocity_controller/left_wheel: ['front_left_whee...
 * /jackal_velocity_controller/linear/x/has_acceleration_limits: True
 * /jackal_velocity_controller/linear/x/has_velocity_limits: True
 * /jackal_velocity_controller/linear/x/max_acceleration: 20.0
 * /jackal_velocity_controller/linear/x/max_velocity: 2.0
 * /jackal_velocity_controller/pose_covariance_diagonal: [0.001, 0.001, 10...
 * /jackal_velocity_controller/publish_cmd: True
 * /jackal_velocity_controller/publish_rate: 50
 * /jackal_velocity_controller/right_wheel: ['front_right_whe...
 * /jackal_velocity_controller/twist_covariance_diagonal: [0.001, 0.001, 0....
 * /jackal_velocity_controller/type: diff_drive_contro...
 * /jackal_velocity_controller/wheel_radius_multiplier: 1.0
 * /jackal_velocity_controller/wheel_separation_multiplier: 1.5
 * /move_base/NavfnROS/allow_unknown: True
 * /move_base/TrajectoryPlannerROS/acc_lim_theta: 20.0
 * /move_base/TrajectoryPlannerROS/acc_lim_x: 10.0
 * /move_base/TrajectoryPlannerROS/angular_sim_granularity: 0.02
 * /move_base/TrajectoryPlannerROS/controller_frequency: 20.0
 * /move_base/TrajectoryPlannerROS/dwa: True
 * /move_base/TrajectoryPlannerROS/escape_reset_dist: 0.1
 * /move_base/TrajectoryPlannerROS/escape_reset_theta: 0.1
 * /move_base/TrajectoryPlannerROS/escape_vel: -0.5
 * /move_base/TrajectoryPlannerROS/gdist_scale: 1.0
 * /move_base/TrajectoryPlannerROS/heading_lookahead: 0.325
 * /move_base/TrajectoryPlannerROS/heading_scoring: False
 * /move_base/TrajectoryPlannerROS/heading_scoring_timestep: 0.8
 * /move_base/TrajectoryPlannerROS/holonomic_robot: False
 * /move_base/TrajectoryPlannerROS/latch_xy_goal_tolerance: False
 * /move_base/TrajectoryPlannerROS/max_vel_theta: 1.57
 * /move_base/TrajectoryPlannerROS/max_vel_x: 0.5
 * /move_base/TrajectoryPlannerROS/meter_scoring: True
 * /move_base/TrajectoryPlannerROS/min_in_place_vel_theta: 0.314
 * /move_base/TrajectoryPlannerROS/min_vel_theta: -1.57
 * /move_base/TrajectoryPlannerROS/min_vel_x: 0.1
 * /move_base/TrajectoryPlannerROS/occdist_scale: 0.1
 * /move_base/TrajectoryPlannerROS/oscillation_reset_dist: 0.05
 * /move_base/TrajectoryPlannerROS/pdist_scale: 0.75
 * /move_base/TrajectoryPlannerROS/publish_cost_grid_pc: True
 * /move_base/TrajectoryPlannerROS/sim_granularity: 0.02
 * /move_base/TrajectoryPlannerROS/sim_time: 2.0
 * /move_base/TrajectoryPlannerROS/simple_attractor: False
 * /move_base/TrajectoryPlannerROS/vtheta_samples: 20
 * /move_base/TrajectoryPlannerROS/vx_samples: 6
 * /move_base/TrajectoryPlannerROS/xy_goal_tolerance: 0.25
 * /move_base/TrajectoryPlannerROS/yaw_goal_tolerance: 0.157
 * /move_base/base_global_planner: navfn/NavfnROS
 * /move_base/base_local_planner: base_local_planne...
 * /move_base/clearing_rotation_allowed: True
 * /move_base/controller_frequency: 20.0
 * /move_base/controller_patience: 15.0
 * /move_base/global_costmap/footprint: [[-0.21, -0.165],...
 * /move_base/global_costmap/footprint_padding: 0.1
 * /move_base/global_costmap/global_frame: map
 * /move_base/global_costmap/height: 40.0
 * /move_base/global_costmap/inflater_layer/inflation_radius: 0.3
 * /move_base/global_costmap/map_type: costmap
 * /move_base/global_costmap/meter_scoring: True
 * /move_base/global_costmap/obstacle_range: 2.5
 * /move_base/global_costmap/obstacles_layer/observation_sources: scan
 * /move_base/global_costmap/obstacles_layer/scan/clearing: True
 * /move_base/global_costmap/obstacles_layer/scan/data_type: LaserScan
 * /move_base/global_costmap/obstacles_layer/scan/marking: True
 * /move_base/global_costmap/obstacles_layer/scan/max_obstacle_height: 2.0
 * /move_base/global_costmap/obstacles_layer/scan/min_obstacle_height: -2.0
 * /move_base/global_costmap/obstacles_layer/scan/obstacle_range: 2.5
 * /move_base/global_costmap/obstacles_layer/scan/raytrace_range: 3.0
 * /move_base/global_costmap/obstacles_layer/scan/sensor_frame: front_laser
 * /move_base/global_costmap/obstacles_layer/scan/topic: front/scan
 * /move_base/global_costmap/origin_x: -20.0
 * /move_base/global_costmap/origin_y: -20.0
 * /move_base/global_costmap/origin_z: 0.0
 * /move_base/global_costmap/plugins: [{'name': 'static...
 * /move_base/global_costmap/publish_frequency: 5.0
 * /move_base/global_costmap/publish_voxel_map: False
 * /move_base/global_costmap/raytrace_range: 3.0
 * /move_base/global_costmap/resolution: 0.05
 * /move_base/global_costmap/robot_base_frame: base_link
 * /move_base/global_costmap/rolling_window: False
 * /move_base/global_costmap/static_map: True
 * /move_base/global_costmap/transform_tolerance: 0.5
 * /move_base/global_costmap/update_frequency: 20.0
 * /move_base/global_costmap/width: 40.0
 * /move_base/global_costmap/z_resolution: 1
 * /move_base/global_costmap/z_voxels: 2
 * /move_base/local_costmap/footprint: [[-0.21, -0.165],...
 * /move_base/local_costmap/footprint_padding: 0.1
 * /move_base/local_costmap/global_frame: map
 * /move_base/local_costmap/height: 10.0
 * /move_base/local_costmap/inflater_layer/inflation_radius: 0.3
 * /move_base/local_costmap/map_type: costmap
 * /move_base/local_costmap/meter_scoring: True
 * /move_base/local_costmap/obstacle_range: 2.5
 * /move_base/local_costmap/obstacles_layer/observation_sources: scan
 * /move_base/local_costmap/obstacles_layer/scan/clearing: True
 * /move_base/local_costmap/obstacles_layer/scan/data_type: LaserScan
 * /move_base/local_costmap/obstacles_layer/scan/marking: True
 * /move_base/local_costmap/obstacles_layer/scan/max_obstacle_height: 2.0
 * /move_base/local_costmap/obstacles_layer/scan/min_obstacle_height: -2.0
 * /move_base/local_costmap/obstacles_layer/scan/obstacle_range: 2.5
 * /move_base/local_costmap/obstacles_layer/scan/raytrace_range: 3.0
 * /move_base/local_costmap/obstacles_layer/scan/sensor_frame: front_laser
 * /move_base/local_costmap/obstacles_layer/scan/topic: front/scan
 * /move_base/local_costmap/origin_z: 0.0
 * /move_base/local_costmap/plugins: [{'name': 'obstac...
 * /move_base/local_costmap/publish_frequency: 5.0
 * /move_base/local_costmap/publish_voxel_map: False
 * /move_base/local_costmap/raytrace_range: 3.0
 * /move_base/local_costmap/resolution: 0.05
 * /move_base/local_costmap/robot_base_frame: base_link
 * /move_base/local_costmap/rolling_window: True
 * /move_base/local_costmap/static_map: False
 * /move_base/local_costmap/transform_tolerance: 0.5
 * /move_base/local_costmap/update_frequency: 20.0
 * /move_base/local_costmap/width: 10.0
 * /move_base/local_costmap/z_resolution: 1
 * /move_base/local_costmap/z_voxels: 2
 * /move_base/oscillation_distance: 0.5
 * /move_base/oscillation_timeout: 0.0
 * /move_base/planner_frequency: 20.0
 * /move_base/planner_patience: 5.0
 * /move_base/recovery_behavior_enabled: True
 * /move_base/shutdown_costmaps: False
 * /multi_floor_navigation_node/init_pose_offset_theta: 0.2
 * /multi_floor_navigation_node/init_pose_offset_x: 0.32
 * /multi_floor_navigation_node/init_pose_offset_y: 0.32
 * /multi_floor_navigation_node/region_init_backoff_factor: 1.3
 * /multi_floor_navigation_node/region_init_max_backoff: 2.0
 * /multi_floor_navigation_node/region_init_sigma_adaptive_alpha: 0.35
 * /multi_floor_navigation_node/region_init_sigma_min_scale: 0.03
 * /multi_floor_navigation_node/region_init_sigma_min_yaw: 0.02
 * /multi_floor_navigation_node/region_init_sigma_x: 0.15
 * /multi_floor_navigation_node/region_init_sigma_x_L0: 0.15
 * /multi_floor_navigation_node/region_init_sigma_x_L1: 0.2
 * /multi_floor_navigation_node/region_init_sigma_y: 0.15
 * /multi_floor_navigation_node/region_init_sigma_y_L0: 0.15
 * /multi_floor_navigation_node/region_init_sigma_y_L1: 0.2
 * /multi_floor_navigation_node/region_init_sigma_yaw: 0.1
 * /multi_floor_navigation_node/region_init_sigma_yaw_L0: 0.1
 * /multi_floor_navigation_node/region_init_sigma_yaw_L1: 0.12
 * /multi_floor_navigation_node/reloc_min_check_delay_L0: 6.0
 * /multi_floor_navigation_node/reloc_min_check_delay_L1: 12.0
 * /multi_floor_navigation_node/reloc_min_check_delay_sec: 6.0
 * /robot_description: <?xml version="1....
 * /rosdistro: noetic
 * /rosversion: 1.17.0
 * /twist_marker_server/link_name: base_link
 * /twist_mux/locks: [{'name': 'e_stop...
 * /twist_mux/topics: [{'name': 'joy', ...
 * /use_gui: True
 * /use_sim_time: True

NODES
  /
    amcl (amcl/amcl)
    change_map_node (multi_floor_nav/change_map_node)
    controller_spawner (controller_manager/spawner)
    ekf_localization (robot_localization/ekf_localization_node)
    gazebo (gazebo_ros/gzserver)
    map_server0 (map_server/map_server)
    map_server1 (map_server/map_server)
    move_base (move_base/move_base)
    multi_floor_navigation_node (multi_floor_nav/multi_floor_navigation_node)
    robot_state_publisher (robot_state_publisher/robot_state_publisher)
    rviz (rviz/rviz)
    twist_marker_server (interactive_marker_twist_server/marker_server)
    twist_mux (twist_mux/twist_mux)
    urdf_spawner (gazebo_ros/spawn_model)
[ INFO] [1774956034.472355579]: Finished loading Gazebo ROS API Plugin.
[ INFO] [1774956034.473404389]: waitForService: Service [/gazebo/set_physics_properties] has not been advertised, waiting...
[1;33mWarning [Model.cc:216][0m Non-unique name[door] detected 2 times in XML children of model with name[elevator].
[1;33mWarning [Model.cc:309][0m Joint with name [door] in model with name [elevator] has a name collision, changing joint name to [door_joint].
[ INFO] [1774956036.215074972]: waitForService: Service [/gazebo/set_physics_properties] is now available.
[1;33mWarning [parser_urdf.cc:1161][0m multiple inconsistent <gravity> exists due to fixed joint reduction overwriting previous value [true] with [false].
[1;33mWarning [parser_urdf.cc:1161][0m multiple inconsistent <gravity> exists due to fixed joint reduction overwriting previous value [false] with [true].
[ERROR] [1774956036.790468197, 1054.896000000]: No p gain specified for pid.  Namespace: /gazebo_ros_control/pid_gains/front_left_wheel
[ERROR] [1774956036.790910084, 1054.896000000]: No p gain specified for pid.  Namespace: /gazebo_ros_control/pid_gains/front_right_wheel
[ERROR] [1774956036.791301336, 1054.896000000]: No p gain specified for pid.  Namespace: /gazebo_ros_control/pid_gains/rear_left_wheel
[ERROR] [1774956036.791658785, 1054.896000000]: No p gain specified for pid.  Namespace: /gazebo_ros_control/pid_gains/rear_right_wheel
[ WARN] [1774956036.837365972, 1054.897000000]: Failed to meet update rate! Took 1054.8969999999999345
[ WARN] [1774956036.837893624, 1054.898000000]: Timed out waiting for transform from base_link to map to become available before running costmap, tf error: canTransform: target_frame map does not exist.. canTransform returned after 1054.9 timeout was 0.1.
[ WARN] [1774956036.838170615, 1054.898000000]: Failed to meet update rate! Took 1054.8779999999999291
[ WARN] [1774956037.112247305, 1055.169000000]: Interactive marker 'robot_twist_marker' contains unnormalized quaternions. This warning will only be output once but may be true for others; enable DEBUG messages for ros.rviz.quaternions to see more details.
[ WARN] [1774956038.131776643, 1056.180000000]: global_costmap: Pre-Hydro parameter "static_map" unused since "plugins" is provided
[ WARN] [1774956038.132013685, 1056.180000000]: global_costmap: Pre-Hydro parameter "map_type" unused since "plugins" is provided
[ WARN] [1774956069.120040491, 1086.806000000]: [Multi Floor Nav] Initial pose perturbation applied: offset_x=0.32, offset_y=0.32, offset_theta=0.20
[ WARN] [1774956069.152593597, 1086.838000000]: local_costmap: Pre-Hydro parameter "static_map" unused since "plugins" is provided
[ WARN] [1774956069.152819744, 1086.838000000]: local_costmap: Pre-Hydro parameter "map_type" unused since "plugins" is provided
[ WARN] [1774956069.188877844, 1086.874000000]: Parameter pdist_scale is deprecated. Please use the name path_distance_bias instead.
[ WARN] [1774956069.189611109, 1086.875000000]: Parameter gdist_scale is deprecated. Please use the name goal_distance_bias instead.
[ WARN] [1774956070.188814836, 1087.862000000]: The origin for the sensor at (0.21, 0.23) is out of map bounds. So, the costmap cannot raytrace for it.
[ WARN] [1774956075.385863320, 1093.010000000]: [Multi Floor Nav] Initial pose perturbation applied: offset_x=0.32, offset_y=0.32, offset_theta=0.20
[ WARN] [1774956075.385992597, 1093.010000000]: [Multi Floor Nav] Retry #1: sigma scaled by 1.300 ??? (0.195, 0.195, 0.117)
[ INFO] [1774956034.073164194]: [Multi Floor Nav] Module A sigma: L0=(0.150,0.150,0.100) L1=(0.200,0.200,0.120)
[ INFO] [1774956034.073908006]: [Multi Floor Nav] Module A delay: L0=6.0s  L1=12.0s  backoff: factor=1.30 max=2.00
[ INFO] [1774956068.955289717, 1086.642000000]: [Multi Floor Nav] Successfully loaded map for level: 0
[ INFO] [1774956069.120106491, 1086.806000000]: [Multi Floor Nav] Adaptive sigma: offset_planar=0.453, adaptive_scale=0.158, adaptive_yaw=0.090 ??? sigma(0.150, 0.150, 0.090)
[ INFO] [1774956069.120120460, 1086.806000000]: [Multi Floor Nav] Initializing Robot at x: 5.3, y: -0.2, yaw: 0.2 (level=0, sigma: x=0.150, y=0.150, yaw=0.090, retry=0)
[ INFO] [1774956069.120141342, 1086.806000000]: [Multi Floor Nav] Initializing Pose to x: 5.00, y: -0.50 at level: 0
[ INFO] [1774956070.134012963, 1087.808000000]: [Multi Floor Nav] Waiting for AMCL nomotion updates (1.0/6.0s, L0)...
[ INFO] [1774956071.141811310, 1088.808000000]: [Multi Floor Nav] Waiting for AMCL nomotion updates (2.0/6.0s, L0)...
[ INFO] [1774956072.150646943, 1089.809000000]: [Multi Floor Nav] Waiting for AMCL nomotion updates (3.0/6.0s, L0)...
[ INFO] [1774956073.363367267, 1091.009000000]: [Multi Floor Nav] Waiting for AMCL nomotion updates (4.2/6.0s, L0)...
[ INFO] [1774956074.375653068, 1092.010000000]: [Multi Floor Nav] Waiting for AMCL nomotion updates (5.2/6.0s, L0)...
[ INFO] [1774956075.183296746, 1092.809000000]: [Multi Floor Nav] Current Robot Pose, x: 5.38, y: -0.02, yaw: 0.13
[ INFO] [1774956075.183369102, 1092.809000000]: [Multi Floor Nav] Linear Error: 0.61, Angular Error: 0.13
[ INFO] [1774956075.183412055, 1092.809000000]: [Multi Floor Nav] Setting initial pose failed. Will Retry (retry #1)
[ INFO] [1774956075.385929670, 1093.010000000]: [Multi Floor Nav] Adaptive sigma: offset_planar=0.453, adaptive_scale=0.158, adaptive_yaw=0.090 ??? sigma(0.150, 0.150, 0.090)
[ INFO] [1774956075.386040648, 1093.010000000]: [Multi Floor Nav] Initializing Robot at x: 5.3, y: -0.2, yaw: 0.2 (level=0, sigma: x=0.195, y=0.195, yaw=0.117, retry=1)
[ INFO] [1774956075.386085416, 1093.010000000]: [Multi Floor Nav] Initializing Pose to x: 5.00, y: -0.50 at level: 0
[ INFO] [1774956076.405224620, 1094.014000000]: [Multi Floor Nav] Waiting for AMCL nomotion updates (1.0/6.0s, L0)...
[ INFO] [1774956077.618132748, 1095.212000000]: [Multi Floor Nav] Waiting for AMCL nomotion updates (2.2/6.0s, L0)...
[ INFO] [1774956078.629096799, 1096.212000000]: [Multi Floor Nav] Waiting for AMCL nomotion updates (3.2/6.0s, L0)...
[ INFO] [1774956079.644680374, 1097.214000000]: [Multi Floor Nav] Waiting for AMCL nomotion updates (4.2/6.0s, L0)...
[ INFO] [1774956080.856625109, 1098.412000000]: [Multi Floor Nav] Waiting for AMCL nomotion updates (5.4/6.0s, L0)...
[ INFO] [1774956081.464165871, 1099.012000000]: [Multi Floor Nav] Current Robot Pose, x: 5.15, y: -0.06, yaw: 0.13
[ INFO] [1774956081.464193388, 1099.012000000]: [Multi Floor Nav] Linear Error: 0.47, Angular Error: 0.13
[ INFO] [1774956081.464209382, 1099.012000000]: [Multi Floor Nav] Robot at correct pose
[ INFO] [1774956081.465833895, 1099.014000000]: [Multi Floor Nav] RELOC_PASS: linear_error=0.4689, angular_error=0.1303, linear_error_init=0.2074, angular_error_init=0.0697, tr_sigma=0.0481, C_t=0.9530
[ INFO] [1774956082.478533157, 1100.014000000]: [Multi Floor Nav] POST_PASS: dt=1.000s, linear_error=0.4626, angular_error=0.1295
[ INFO] [1774956082.478585119, 1100.014000000]: [Multi Floor Nav] Will send goal to x: 3, y: -0, at level: 0
[ INFO] [1774956082.478611729, 1100.014000000]: [Multi Floor Nav] Sending Robot to x: 3.0, y: -0.5, yaw: 3.1
[ INFO] [1774956082.681428684, 1100.214000000]: [Multi Floor Nav] POST_PASS: dt=1.200s, linear_error=0.4626, angular_error=0.1295
[ INFO] [1774956082.887355121, 1100.414000000]: [Multi Floor Nav] POST_PASS: dt=1.400s, linear_error=0.4626, angular_error=0.1295
[ INFO] [1774956083.089896831, 1100.615000000]: [Multi Floor Nav] POST_PASS: dt=1.601s, linear_error=0.4893, angular_error=0.2733
[ INFO] [1774956083.291336304, 1100.814000000]: [Multi Floor Nav] POST_PASS: [ WARN] [1774956136.777446971, 1153.816000000]: [Multi Floor Nav] Initial pose perturbation applied: offset_x=0.32, offset_y=0.32, offset_theta=0.20
[ WARN] [1774956149.162046038, 1166.018000000]: [Multi Floor Nav] Initial pose perturbation applied: offset_x=0.32, offset_y=0.32, offset_theta=0.20
[ WARN] [1774956149.162099117, 1166.018000000]: [Multi Floor Nav] Retry #1: sigma scaled by 1.300 ??? (0.206, 0.206, 0.117)
dt=1.800s, linear_error=0.4940, angular_error=0.7022
[ INFO] [1774956099.434042770, 1116.814000000]: [Multi Floor Nav] Requesting Lift to Level 0
[ INFO] [1774956099.635680662, 1117.014000000]: [Multi Floor Nav] Entering Lift at Level 0
[ INFO] [1774956116.958755281, 1134.214000000]: [Multi Floor Nav] Requesting Lift to Level 1
[ INFO] [1774956124.024454649, 1141.214000000]: [Multi Floor Nav] Exiting Lift at Level 1
[ INFO] [1774956136.602206848, 1153.642000000]: [Multi Floor Nav] Successfully loaded map for level: 1
[ INFO] [1774956136.777476584, 1153.816000000]: [Multi Floor Nav] Adaptive sigma: offset_planar=0.453, adaptive_scale=0.158, adaptive_yaw=0.090 ??? sigma(0.158, 0.158, 0.090)
[ INFO] [1774956136.777486711, 1153.816000000]: [Multi Floor Nav] Initializing Robot at x: 3.3, y: -0.2, yaw: 3.3 (level=1, sigma: x=0.158, y=0.158, yaw=0.090, retry=0)
[ INFO] [1774956136.777504730, 1153.816000000]: [Multi Floor Nav] Initializing Pose to x: 3.00, y: -0.50 at level: 1
[ INFO] [1774956137.797197567, 1154.819000000]: [Multi Floor Nav] Waiting for AMCL nomotion updates (1.0/12.0s, L1)...
[ INFO] [1774956138.812834501, 1155.819000000]: [Multi Floor Nav] Waiting for AMCL nomotion updates (2.0/12.0s, L1)...
[ INFO] [1774956139.829256872, 1156.819000000]: [Multi Floor Nav] Waiting for AMCL nomotion updates (3.0/12.0s, L1)...
[ INFO] [1774956140.851457786, 1157.820000000]: [Multi Floor Nav] Waiting for AMCL nomotion updates (4.0/12.0s, L1)...
[ INFO] [1774956141.868130958, 1158.821000000]: [Multi Floor Nav] Waiting for AMCL nomotion updates (5.0/12.0s, L1)...
[ INFO] [1774956143.083043326, 1160.020000000]: [Multi Floor Nav] Waiting for AMCL nomotion updates (6.2/12.0s, L1)...
[ INFO] [1774956144.097127195, 1161.020000000]: [Multi Floor Nav] Waiting for AMCL nomotion updates (7.2/12.0s, L1)...
[ INFO] [1774956145.109369275, 1162.020000000]: [Multi Floor Nav] Waiting for AMCL nomotion updates (8.2/12.0s, L1)...
[ INFO] [1774956146.119706430, 1163.020000000]: [Multi Floor Nav] Waiting for AMCL nomotion updates (9.2/12.0s, L1)...
[ INFO] [1774956147.134641457, 1164.020000000]: [Multi Floor Nav] Waiting for AMCL nomotion updates (10.2/12.0s, L1)...
[ INFO] [1774956148.152255882, 1165.020000000]: [Multi Floor Nav] Waiting for AMCL nomotion updates (11.2/12.0s, L1)...
[ INFO] [1774956148.962218925, 1165.820000000]: [Multi Floor Nav] Current Robot Pose, x: 3.62, y: -0.66, yaw: 3.07
[ INFO] [1774956148.962248468, 1165.820000000]: [Multi Floor Nav] Linear Error: 0.64, Angular Error: 0.07
[ INFO] [1774956148.962264322, 1165.820000000]: [Multi Floor Nav] Setting initial pose failed. Will Retry (retry #1)
[ INFO] [1774956149.162087593, 1166.018000000]: [Multi Floor Nav] Adaptive sigma: offset_planar=0.453, adaptive_scale=0.158, adaptive_yaw=0.090 ??? sigma(0.158, 0.158, 0.090)
[ INFO] [1774956149.162113714, 1166.018000000]: [Multi Floor Nav] Initializing Robot at x: 3.3, y: -0.2, yaw: 3.3 (level=1, sigma: x=0.206, y=0.206, yaw=0.117, retry=1)
[ INFO] [1774956149.162137251, 1166.018000000]: [Multi Floor Nav] Initializing Pose to x: 3.00, y: -0.50 at level: 1
[ INFO] [1774956150.183072288, 1167.022000000]: [Multi Floor Nav] Waiting for AMCL nomotion updates (1.0/12.0s, L1)...
[ INFO] [1774956151.402717673, 1168.221000000]: [Multi Floor Nav] Waiting for AMCL nomotion updates (2.2/12.0s, L1)...
[ INFO] [1774956152.622222746, 1169.421000000]: [Multi Floor Nav] Waiting for AMCL nomotion updates (3.4/12.0s, L1)...
[ INFO] [1774956153.642472778, 1170.421000000]: [Multi Floor Nav] Waiting for AMCL nomotion updates (4.4/12.0s, L1)...
[ INFO] [1774956154.861097360, 1171.622000000]: [Multi Floor Nav] Waiting for AMCL nomotion updates (5.6/12.0s, L1)...
[ INFO] [1774956156.080990612, 1172.822000000]: [Multi Floor Nav] Waiting for AMCL nomotion updates (6.8/12.0s, L1)...
[ INFO] [1774956157.098888314, 1173.822000000]: [Multi Floor Nav] Waiting for AMCL nomotion updates (7.8/12.0s, L1)...
[ INFO] [1774956158.319753620, 1175.021000000]: [Multi Floor Nav] Waiting for AMCL nomotion updates (9.0/12.0s, L1)...
[ INFO] [1774956159.339568610, 1176.022000000]: [Multi Floor Nav] Waiting for AMCL nomotion updates (10.0/12.0s, L1)...
[ INFO] [1774956160.565315275, 1177.220000000]: [Multi Floor Nav] Waiting for AMCL nomotion updates (11.2/12.0s, L1)...
[ INFO] [1774956161.375791164, 1178.020000000]: [Multi Floor Nav] Current Robot Pose, x: 3.25, y: -0.49, yaw: 3.03
[ INFO] [1774956161.375812117, 1178.020000000]: [Multi Floor Nav] Linear Error: 0.25, Angular Error: 0.11
[ INFO] [1774956161.375819799, 1178.020000000]: [Multi Floor Nav] Robot at correct pose
[ INFO] [1774956161.377078203, 1178.022000000]: [Multi Floor Nav] RELOC_PASS: linear_error=0.2495, angular_error=0.1106, linear_error_init=0.3144, angular_error_init=0.3106, tr_sigma=0.0011, C_t=0.9989
[ INFO] [1774956162.393119030, 1179.023000000]: [Multi Floor Nav] POST_PASS: dt=1.000s, linear_error=0.2521, angular_error=0.1101
[ INFO] [1774956162.393143335, 1179.023000000]: [Multi Floor Nav] Will send goal to x: 4, y: 5, at level: 1
[ INFO] [1774956162.393154789, 1179.023000000]: [Multi Floor Nav] Sending Robot to x: 4.0, y: 5.0, yaw: 0.0
[ INFO] [1774956162.597757939, 1179.222000000]: [Multi Floor Nav] POST_PASS: dt=1.200s, linear_error=0.2521, angular_error=0.1101
[ INFO] [1774956162.801586898, 1179.422000000]: [Multi Floor Nav] POST_PASS: dt=1.400s, linear_error=0.2521, angular_error=0.1101
[ INFO] [1774956163.004219821, 1179.622000000]: [Multi Floor Nav] POST_PASS: dt=1.600s, linear_error=0.1310, angular_error=0.2148
[ INFO] [1774956163.205512277, 1179.822000000]: [Multi Floor Nav] POST_PASS: dt=1.800s, linear_error=0.0748, angular_error=0.5234
[ INFO] [1774956163.408261486, 1180.022000000]: [Multi Floor Nav] POST_PASS: dt=2.000s, linear_error=0.1512, angular_error=0.8136
[ INFO] [1774956184.632463736, 1200.822000000]: [Multi Floor Nav] Robot arrived at Goal
[ INFO] [1774956038.132470169, 1056.181000000]: global_costmap: Using plugin "static_layer"
[ INFO] [1774956038.137451751, 1056.185000000]: Requesting the map...
[ INFO] [1774956069.003138383, 1086.690000000]: Resizing costmap to 992 X 992 at 0.020000 m/pix
[ INFO] [1774956069.103102889, 1086.789000000]: Received a 992 X 992 map at 0.020000 m/pix
[ INFO] [1774956069.105220761, 1086.791000000]: global_costmap: Using plugin "obstacles_layer"
[ INFO] [1774956069.110148076, 1086.796000000]:     Subscribed to Topics: scan
[ INFO] [1774956069.124417805, 1086.810000000]: global_costmap: Using plugin "inflater_layer"
[ INFO] [1774956069.153541416, 1086.839000000]: local_costmap: Using plugin "obstacles_layer"
[ INFO] [1774956069.157005343, 1086.842000000]:     Subscribed to Topics: scan
[ INFO] [1774956069.164923130, 1086.850000000]: local_costmap: Using plugin "inflater_layer"
[ INFO] [1774956069.182260016, 1086.867000000]: Created local_planner base_local_planner/TrajectoryPlannerROS
[ INFO] [1774956069.186193627, 1086.871000000]: Sim period is set to 0.05
[ INFO] [1774956069.243860955, 1086.929000000]: Recovery behavior will clear layer 'obstacles'
[ INFO] [1774956069.247207548, 1086.932000000]: Recovery behavior will clear layer 'obstacles'
[ INFO] [1774956069.375342887, 1087.058000000]: odom received!

auto-starting new master
[1mprocess[master]: started with pid [26714][0m
[1mROS_MASTER_URI=http://localhost:11311[0m
]2;/home/eethanhe/catkin_ws/src/robot-multi-floor-navigation/multi_floor_nav/launch/nav.launch http://localhost:11311
[1msetting /run_id to a1ea67da-2cf3-11f1-ab93-1f235c29b2e7[0m
[1mprocess[rosout-1]: started with pid [26754][0m
started core service [/rosout]
[1mprocess[gazebo-2]: started with pid [26761][0m
[1mprocess[robot_state_publisher-3]: started with pid [26765][0m
[1mprocess[controller_spawner-4]: started with pid [26767][0m
[1mprocess[ekf_localization-5]: started with pid [26768][0m
[1mprocess[twist_mux-6]: started with pid [26769][0m
[1mprocess[twist_marker_server-7]: started with pid [26774][0m
[1mprocess[urdf_spawner-8]: started with pid [26782][0m
[1mprocess[map_server0-9]: started with pid [26788][0m
[1mprocess[map_server1-10]: started with pid [26794][0m
[1mprocess[amcl-11]: started with pid [26796][0m
[1mprocess[move_base-12]: started with pid [26798][0m
[1mprocess[rviz-13]: started with pid [26805][0m
[1mprocess[change_map_node-14]: started with pid [26816][0m
[1mprocess[multi_floor_navigation_node-15]: started with pid [26823][0m
[1m[urdf_spawner-8] process has finished cleanly
log file: /home/eethanhe/.ros/log/a1ea67da-2cf3-11f1-ab93-1f235c29b2e7/urdf_spawner-8*.log[0m
[multi_floor_navigation_node-15] killing on exit
[change_map_node-14] killing on exit
[rviz-13] killing on exit
[move_base-12] killing on exit
[amcl-11] killing on exit
[map_server1-10] killing on exit
[map_server0-9] killing on exit
[twist_marker_server-7] killing on exit
[twist_mux-6] killing on exit
[ekf_localization-5] killing on exit
[controller_spawner-4] killing on exit
[robot_state_publisher-3] killing on exit
[gazebo-2] killing on exit
[rosout-1] killing on exit
[master] killing on exit
shutting down processing monitor...
... shutting down processing monitor complete
[1mdone[0m
