xacro: in-order processing became default in ROS Melodic. You can drop the option.
... logging to /home/eethanhe/.ros/log/cf209a42-2bf6-11f1-8d1e-01badb8e21cf/roslaunch-eethanhe-Lenovo-Legion-R9000P2021H-234324.log
Checking log directory for disk usage. This may take a while.
Press Ctrl-C to interrupt
Done checking log file disk usage. Usage is <1GB.
]2;/home/eethanhe/catkin_ws/src/robot-multi-floor-navigation/multi_floor_nav/launch/nav.launch
[1mstarted roslaunch server http://eethanhe-Lenovo-Legion-R9000P2021H:37029/[0m

SUMMARY
========

PARAMETERS
 * /amcl/auto_update_noise: 0.0
 * /amcl/base_frame_id: base_link
 * /amcl/expected_laser_freq: 5.0
 * /amcl/first_map_only: False
 * /amcl/global_frame_id: map
 * /amcl/gui_publish_rate: 10.0
 * /amcl/initial_pose_a: 0.0
 * /amcl/initial_pose_x: 0.0
 * /amcl/initial_pose_y: 0.0
 * /amcl/kld_err: 0.05
 * /amcl/kld_z: 0.99
 * /amcl/laser_lambda_short: 0.1
 * /amcl/laser_likelihood_max_dist: 2.0
 * /amcl/laser_max_beams: 720
 * /amcl/laser_max_range: 30.0
 * /amcl/laser_min_range: 0.1
 * /amcl/laser_model_type: likelihood_field
 * /amcl/laser_sigma_hit: 0.2
 * /amcl/laser_z_hit: 0.5
 * /amcl/laser_z_max: 0.05
 * /amcl/laser_z_rand: 0.5
 * /amcl/laser_z_short: 0.05
 * /amcl/max_particles: 2000
 * /amcl/min_particles: 500
 * /amcl/odom_alpha1: 0.2
 * /amcl/odom_alpha2: 0.2
 * /amcl/odom_alpha3: 0.2
 * /amcl/odom_alpha4: 0.2
 * /amcl/odom_alpha5: 0.1
 * /amcl/odom_frame_id: odom
 * /amcl/odom_model_type: diff
 * /amcl/odom_update_interval: 0.1
 * /amcl/recovery_alpha_fast: 0.1
 * /amcl/recovery_alpha_slow: 0.001
 * /amcl/resample_interval: 1
 * /amcl/transform_tolerance: 1.0
 * /amcl/update_min_a: 0.3927
 * /amcl/update_min_d: 0.1
 * /amcl/use_map_topic: False
 * /ekf_localization/base_link_frame: base_link
 * /ekf_localization/frequency: 50
 * /ekf_localization/imu0: /imu/data
 * /ekf_localization/imu0_config: [False, False, Fa...
 * /ekf_localization/imu0_differential: False
 * /ekf_localization/odom0: /jackal_velocity_...
 * /ekf_localization/odom0_config: [False, False, Fa...
 * /ekf_localization/odom0_differential: False
 * /ekf_localization/odom_frame: odom
 * /ekf_localization/predict_to_current_time: True
 * /ekf_localization/world_frame: odom
 * /gazebo/enable_ros_network: True
 * /jackal_joint_publisher/publish_rate: 50
 * /jackal_joint_publisher/type: joint_state_contr...
 * /jackal_velocity_controller/angular/z/has_acceleration_limits: True
 * /jackal_velocity_controller/angular/z/has_velocity_limits: True
 * /jackal_velocity_controller/angular/z/max_acceleration: 25.0
 * /jackal_velocity_controller/angular/z/max_velocity: 4.0
 * /jackal_velocity_controller/cmd_vel_timeout: 0.25
 * /jackal_velocity_controller/enable_odom_tf: False
 * /jackal_velocity_controller/k_l: 0.1
 * /jackal_velocity_controller/k_r: 0.1
 * /jackal_velocity_controller/left_wheel: ['front_left_whee...
 * /jackal_velocity_controller/linear/x/has_acceleration_limits: True
 * /jackal_velocity_controller/linear/x/has_velocity_limits: True
 * /jackal_velocity_controller/linear/x/max_acceleration: 20.0
 * /jackal_velocity_controller/linear/x/max_velocity: 2.0
 * /jackal_velocity_controller/pose_covariance_diagonal: [0.001, 0.001, 10...
 * /jackal_velocity_controller/publish_cmd: True
 * /jackal_velocity_controller/publish_rate: 50
 * /jackal_velocity_controller/right_wheel: ['front_right_whe...
 * /jackal_velocity_controller/twist_covariance_diagonal: [0.001, 0.001, 0....
 * /jackal_velocity_controller/type: diff_drive_contro...
 * /jackal_velocity_controller/wheel_radius_multiplier: 1.0
 * /jackal_velocity_controller/wheel_separation_multiplier: 1.5
 * /move_base/NavfnROS/allow_unknown: True
 * /move_base/TrajectoryPlannerROS/acc_lim_theta: 20.0
 * /move_base/TrajectoryPlannerROS/acc_lim_x: 10.0
 * /move_base/TrajectoryPlannerROS/angular_sim_granularity: 0.02
 * /move_base/TrajectoryPlannerROS/controller_frequency: 20.0
 * /move_base/TrajectoryPlannerROS/dwa: True
 * /move_base/TrajectoryPlannerROS/escape_reset_dist: 0.1
 * /move_base/TrajectoryPlannerROS/escape_reset_theta: 0.1
 * /move_base/TrajectoryPlannerROS/escape_vel: -0.5
 * /move_base/TrajectoryPlannerROS/gdist_scale: 1.0
 * /move_base/TrajectoryPlannerROS/heading_lookahead: 0.325
 * /move_base/TrajectoryPlannerROS/heading_scoring: False
 * /move_base/TrajectoryPlannerROS/heading_scoring_timestep: 0.8
 * /move_base/TrajectoryPlannerROS/holonomic_robot: False
 * /move_base/TrajectoryPlannerROS/latch_xy_goal_tolerance: False
 * /move_base/TrajectoryPlannerROS/max_vel_theta: 1.57
 * /move_base/TrajectoryPlannerROS/max_vel_x: 0.5
 * /move_base/TrajectoryPlannerROS/meter_scoring: True
 * /move_base/TrajectoryPlannerROS/min_in_place_vel_theta: 0.314
 * /move_base/TrajectoryPlannerROS/min_vel_theta: -1.57
 * /move_base/TrajectoryPlannerROS/min_vel_x: 0.1
 * /move_base/TrajectoryPlannerROS/occdist_scale: 0.1
 * /move_base/TrajectoryPlannerROS/oscillation_reset_dist: 0.05
 * /move_base/TrajectoryPlannerROS/pdist_scale: 0.75
 * /move_base/TrajectoryPlannerROS/publish_cost_grid_pc: True
 * /move_base/TrajectoryPlannerROS/sim_granularity: 0.02
 * /move_base/TrajectoryPlannerROS/sim_time: 2.0
 * /move_base/TrajectoryPlannerROS/simple_attractor: False
 * /move_base/TrajectoryPlannerROS/vtheta_samples: 20
 * /move_base/TrajectoryPlannerROS/vx_samples: 6
 * /move_base/TrajectoryPlannerROS/xy_goal_tolerance: 0.25
 * /move_base/TrajectoryPlannerROS/yaw_goal_tolerance: 0.157
 * /move_base/base_global_planner: navfn/NavfnROS
 * /move_base/base_local_planner: base_local_planne...
 * /move_base/clearing_rotation_allowed: True
 * /move_base/controller_frequency: 20.0
 * /move_base/controller_patience: 15.0
 * /move_base/global_costmap/footprint: [[-0.21, -0.165],...
 * /move_base/global_costmap/footprint_padding: 0.1
 * /move_base/global_costmap/global_frame: map
 * /move_base/global_costmap/height: 40.0
 * /move_base/global_costmap/inflater_layer/inflation_radius: 0.3
 * /move_base/global_costmap/map_type: costmap
 * /move_base/global_costmap/meter_scoring: True
 * /move_base/global_costmap/obstacle_range: 2.5
 * /move_base/global_costmap/obstacles_layer/observation_sources: scan
 * /move_base/global_costmap/obstacles_layer/scan/clearing: True
 * /move_base/global_costmap/obstacles_layer/scan/data_type: LaserScan
 * /move_base/global_costmap/obstacles_layer/scan/marking: True
 * /move_base/global_costmap/obstacles_layer/scan/max_obstacle_height: 2.0
 * /move_base/global_costmap/obstacles_layer/scan/min_obstacle_height: -2.0
 * /move_base/global_costmap/obstacles_layer/scan/obstacle_range: 2.5
 * /move_base/global_costmap/obstacles_layer/scan/raytrace_range: 3.0
 * /move_base/global_costmap/obstacles_layer/scan/sensor_frame: front_laser
 * /move_base/global_costmap/obstacles_layer/scan/topic: front/scan
 * /move_base/global_costmap/origin_x: -20.0
 * /move_base/global_costmap/origin_y: -20.0
 * /move_base/global_costmap/origin_z: 0.0
 * /move_base/global_costmap/plugins: [{'name': 'static...
 * /move_base/global_costmap/publish_frequency: 5.0
 * /move_base/global_costmap/publish_voxel_map: False
 * /move_base/global_costmap/raytrace_range: 3.0
 * /move_base/global_costmap/resolution: 0.05
 * /move_base/global_costmap/robot_base_frame: base_link
 * /move_base/global_costmap/rolling_window: False
 * /move_base/global_costmap/static_map: True
 * /move_base/global_costmap/transform_tolerance: 0.5
 * /move_base/global_costmap/update_frequency: 20.0
 * /move_base/global_costmap/width: 40.0
 * /move_base/global_costmap/z_resolution: 1
 * /move_base/global_costmap/z_voxels: 2
 * /move_base/local_costmap/footprint: [[-0.21, -0.165],...
 * /move_base/local_costmap/footprint_padding: 0.1
 * /move_base/local_costmap/global_frame: map
 * /move_base/local_costmap/height: 10.0
 * /move_base/local_costmap/inflater_layer/inflation_radius: 0.3
 * /move_base/local_costmap/map_type: costmap
 * /move_base/local_costmap/meter_scoring: True
 * /move_base/local_costmap/obstacle_range: 2.5
 * /move_base/local_costmap/obstacles_layer/observation_sources: scan
 * /move_base/local_costmap/obstacles_layer/scan/clearing: True
 * /move_base/local_costmap/obstacles_layer/scan/data_type: LaserScan
 * /move_base/local_costmap/obstacles_layer/scan/marking: True
 * /move_base/local_costmap/obstacles_layer/scan/max_obstacle_height: 2.0
 * /move_base/local_costmap/obstacles_layer/scan/min_obstacle_height: -2.0
 * /move_base/local_costmap/obstacles_layer/scan/obstacle_range: 2.5
 * /move_base/local_costmap/obstacles_layer/scan/raytrace_range: 3.0
 * /move_base/local_costmap/obstacles_layer/scan/sensor_frame: front_laser
 * /move_base/local_costmap/obstacles_layer/scan/topic: front/scan
 * /move_base/local_costmap/origin_z: 0.0
 * /move_base/local_costmap/plugins: [{'name': 'obstac...
 * /move_base/local_costmap/publish_frequency: 5.0
 * /move_base/local_costmap/publish_voxel_map: False
 * /move_base/local_costmap/raytrace_range: 3.0
 * /move_base/local_costmap/resolution: 0.05
 * /move_base/local_costmap/robot_base_frame: base_link
 * /move_base/local_costmap/rolling_window: True
 * /move_base/local_costmap/static_map: False
 * /move_base/local_costmap/transform_tolerance: 0.5
 * /move_base/local_costmap/update_frequency: 20.0
 * /move_base/local_costmap/width: 10.0
 * /move_base/local_costmap/z_resolution: 1
 * /move_base/local_costmap/z_voxels: 2
 * /move_base/oscillation_distance: 0.5
 * /move_base/oscillation_timeout: 0.0
 * /move_base/planner_frequency: 20.0
 * /move_base/planner_patience: 5.0
 * /move_base/recovery_behavior_enabled: True
 * /move_base/shutdown_costmaps: False
 * /multi_floor_navigation_node/init_pose_offset_theta: 0.15
 * /multi_floor_navigation_node/init_pose_offset_x: 0.25
 * /multi_floor_navigation_node/init_pose_offset_y: 0.25
 * /multi_floor_navigation_node/region_init_backoff_factor: 1.3
 * /multi_floor_navigation_node/region_init_max_backoff: 2.0
 * /multi_floor_navigation_node/region_init_sigma_adaptive_alpha: 0.35
 * /multi_floor_navigation_node/region_init_sigma_min_scale: 0.03
 * /multi_floor_navigation_node/region_init_sigma_min_yaw: 0.02
 * /multi_floor_navigation_node/region_init_sigma_x: 0.15
 * /multi_floor_navigation_node/region_init_sigma_x_L0: 0.15
 * /multi_floor_navigation_node/region_init_sigma_x_L1: 0.2
 * /multi_floor_navigation_node/region_init_sigma_y: 0.15
 * /multi_floor_navigation_node/region_init_sigma_y_L0: 0.15
 * /multi_floor_navigation_node/region_init_sigma_y_L1: 0.2
 * /multi_floor_navigation_node/region_init_sigma_yaw: 0.1
 * /multi_floor_navigation_node/region_init_sigma_yaw_L0: 0.1
 * /multi_floor_navigation_node/region_init_sigma_yaw_L1: 0.12
 * /multi_floor_navigation_node/reloc_min_check_delay_L0: 6.0
 * /multi_floor_navigation_node/reloc_min_check_delay_L1: 12.0
 * /multi_floor_navigation_node/reloc_min_check_delay_sec: 6.0
 * /robot_description: <?xml version="1....
 * /rosdistro: noetic
 * /rosversion: 1.17.0
 * /twist_marker_server/link_name: base_link
 * /twist_mux/locks: [{'name': 'e_stop...
 * /twist_mux/topics: [{'name': 'joy', ...
 * /use_gui: True
 * /use_sim_time: True

NODES
  /
    amcl (amcl/amcl)
    change_map_node (multi_floor_nav/change_map_node)
    controller_spawner (controller_manager/spawner)
    ekf_localization (robot_localization/ekf_localization_node)
    gazebo (gazebo_ros/gzserver)
    map_server0 (map_server/map_server)
    map_server1 (map_server/map_server)
    move_base (move_base/move_base)
    multi_floor_navigation_node (multi_floor_nav/multi_floor_navigation_node)
    robot_state_publisher (robot_state_publisher/robot_state_publisher)
    rviz (rviz/rviz)
    twist_marker_server (interactive_marker_twist_server/marker_server)
    twist_mux (twist_mux/twist_mux)
    urdf_spawner (gazebo_ros/spawn_model)
[ INFO] [1774847447.501221946]: Finished loading Gazebo ROS API Plugin.
[ INFO] [1774847447.502002488]: waitForService: Service [/gazebo/set_physics_properties] has not been advertised, waiting...
[1;33mWarning [Model.cc:216][0m Non-unique name[door] detected 2 times in XML children of model with name[elevator].
[1;33mWarning [Model.cc:309][0m Joint with name [door] in model with name [elevator] has a name collision, changing joint name to [door_joint].
[ INFO] [1774847448.281716022]: waitForService: Service [/gazebo/set_physics_properties] is now available.
[ INFO] [1774847448.396408082, 1054.893000000]: Physics dynamic reconfigure ready.
[1;33mWarning [parser_urdf.cc:1161][0m multiple inconsistent <gravity> exists due to fixed joint reduction overwriting previous value [true] with [false].
[1;33mWarning [parser_urdf.cc:1161][0m multiple inconsistent <gravity> exists due to fixed joint reduction overwriting previous value [false] with [true].
[ERROR] [1774847448.852331001, 1054.893000000]: No p gain specified for pid.  Namespace: /gazebo_ros_control/pid_gains/front_left_wheel
[ERROR] [1774847448.852767647, 1054.893000000]: No p gain specified for pid.  Namespace: /gazebo_ros_control/pid_gains/front_right_wheel
[ERROR] [1774847448.853142972, 1054.893000000]: No p gain specified for pid.  Namespace: /gazebo_ros_control/pid_gains/rear_left_wheel
[ERROR] [1774847448.853516061, 1054.893000000]: No p gain specified for pid.  Namespace: /gazebo_ros_control/pid_gains/rear_right_wheel
[ WARN] [1774847448.912601513, 1054.894000000]: Failed to meet update rate! Took 1054.8940000000000055
[ WARN] [1774847448.912968527, 1054.895000000]: Timed out waiting for transform from base_link to map to become available before running costmap, tf error: canTransform: target_frame map does not exist. canTransform: source_frame base_link does not exist.. canTransform returned after 1054.89 timeout was 0.1.
[ WARN] [1774847448.914216094, 1054.896000000]: Failed to meet update rate! Took 1054.8759999999999764
[ WARN] [1774847449.737515856, 1055.710000000]: No laser scan received (and thus no pose updates have been published) for 1055.709000 seconds.  Verify that data is being published on the /front/scan topic.
[ WARN] [1774847449.737644922, 1055.710000000]: No laser scan received (and thus no pose updates have been published) for 1055.710000 seconds.  Verify that data is being published on the /front/scan topic.
[ WARN] [1774847450.196797775, 1056.161000000]: global_costmap: Pre-Hydro parameter "static_map" unused since "plugins" is provided
[ WARN] [1774847450.197479282, 1056.162000000]: global_costmap: Pre-Hydro parameter "map_type" unused since "plugins" is provided
[ WARN] [1774847450.891325558, 1056.847000000]: Interactive marker 'robot_twist_marker' contains unnormalized quaternions. This warning will only be output once but may be true for others; enable DEBUG messages for ros.rviz.quaternions to see more details.
[ WARN] [1774847482.136553670, 1087.696000000]: [Multi Floor Nav] Initial pose perturbation applied: offset_x=0.25, offset_y=0.25, offset_theta=0.15
[ WARN] [1774847482.154387749, 1087.714000000]: local_costmap: Pre-Hydro parameter "static_map" unused since "plugins" is provided
[ WARN] [1774847482.154639665, 1087.714000000]: local_costmap: Pre-Hydro parameter "map_type" unused since "plugins" is provided
[ WARN] [1774847482.187886648, 1087.748000000]: Parameter pdist_scale is deprecated. Please use the name path_distance_bias instead.
[ WARN] [1774847482.188353116, 1087.748000000]: Parameter gdist_scale is deprecated. Please use the name goal_distance_bias instead.
[ WARN] [1774847483.191989642, 1088.737000000]: The origin for the sensor at (0.21, 0.22) is out of map bounds. So, the costmap cannot raytrace for it.
[ WARN] [1774847540.445070855, 1145.305000000]: [Multi Floor Nav] Initial pose perturbation applied: offset_x=0.25, offset_y=0.25, offset_theta=0.15
[ INFO] [1774847447.241417866]: [Multi Floor Nav] Module A sigma: L0=(0.150,0.150,0.100) L1=(0.200,0.200,0.120)
[ INFO] [1774847447.242100142]: [Multi Floor Nav] Module A delay: L0=6.0s  L1=12.0s  backoff: factor=1.30 max=2.00
[ INFO] [1774847481.985379937, 1087.547000000]: [Multi Floor Nav] Successfully loaded map for level: 0
[ INFO] [1774847482.136619041, 1087.696000000]: [Multi Floor Nav] Adaptive sigma: offset_planar=0.354, adaptive_scale=0.124, adaptive_yaw=0.072 ??? sigma(0.124, 0.124, 0.072)
[ INFO] [1774847482.136636641, 1087.696000000]: [Multi Floor Nav] Initializing Robot at x: 5.2, y: -0.2, yaw: 0.1 (level=0, sigma: x=0.124, y=0.124, yaw=0.072, retry=0)
[ INFO] [1774847482.136669466, 1087.696000000]: [Multi Floor Nav] Initializing Pose to x: 5.00, y: -0.50 at level: 0
[ INFO] [1774847483.153284733, 1088.699000000]: [Multi Floor Nav] Waiting for AMCL nomotion updates (1.0/6.0s, L0)...
[ INFO] [1774847484.371631410, 1089.898000000]: [Multi Floor Nav] Waiting for AMCL nomotion updates (2.2/6.0s, L0)...
[ INFO] [1774847485.381539932, 1090.898000000]: [Multi Floor Nav] Waiting for AMCL nomotion updates (3.2/6.0s, L0)...
[ INFO] [1774847486.401243639, 1091.900000000]: [Multi Floor Nav] Waiting for AMCL nomotion updates (4.2/6.0s, L0)...
[ INFO] [1774847487.614213974, 1093.099000000]: [Multi Floor Nav] Waiting for AMCL nomotion updates (5.4/6.0s, L0)...
[ INFO] [1774847488.223036298, 1093.699000000]: [Multi Floor Nav] Current Robot Pose, x: 5.07, y: -0.03, yaw: 0.07
[ INFO] [1774847488.223056831, 1093.699000000]: [Multi Floor Nav] Linear Error: 0.47, Angular Error: 0.07
[ INFO] [1774847488.223065841, 1093.699000000]: [Multi Floor Nav] Robot at correct pose
[ INFO] [1774847488.224153822, 1093.700000000]: [Multi Floor Nav] RELOC_PASS: linear_error=0.4700, angular_error=0.0713, linear_error_init=0.2825, angular_error_init=0.0787, tr_sigma=0.0200, C_t=0.9802
[ INFO] [1774847489.238050895, 1094.700000000]: [Multi Floor Nav] POST_PASS: dt=1.000s, linear_error=0.4684, angular_error=0.0692
[ INFO] [1774847489.238102368, 1094.700000000]: [Multi Floor Nav] Will send goal to x: 3, y: -0, at level: 0
[ INFO] [1774847489.238162431, 1094.700000000]: [Multi Floor Nav] Sending Robot to x: 3.0, y: -0.5, yaw: 3.1
[ INFO] [1774847489.440086603, 1094.900000000]: [Multi Floor Nav] POST_PASS: dt=1.200s, linear_error=0.4684, angular_error=0.0692
[ INFO] [1774847489.640949681, 1095.100000000]: [Multi Floor Nav] POST_PASS: dt=1.400s, linear_error=0.4684, angular_error=0.0692
[ INFO] [1774847489.842675575, 1095.300000000]: [Multi Floor Nav] POST_PASS: dt=1.600s, linear_error=0.4723, angular_error=0.3347
[ INFO] [1774847490.046669620, 1095.501000000]: [Multi Floor Nav] POST_PASS: dt=1.801s, linear_error=0.4608, angular_error=0.7415
[ INFO] [1774847490.248390206, 1095.700000000]: [Multi Floor Nav] POST_PASS: dt=2.000s, linear_error=0.4088, angular_error=1.1737
[ INFO] [1774847502.996382868, 1108.300000000]: [Multi Floor Nav] Requesting Lift to Level 0
[ INFO] [1774847503.198509374, 1108.500000000]: [Multi Floor Nav] Entering Lift at Level 0
[ INFO] [1774847520.571438394, 1125.700000000]: [Multi Floor Nav] Requesting Lift to Level 1
[ INFO] [1774847527.646263548, 1132.701000000]: [Multi Floor Nav] Exiting Lift at Level 1
[ INFO] [1774847540.283354342, 1145.146000000]: [Multi Floor Nav] Successfully loaded map for level: 1
[ INFO] [1774847540.445139090, 1145.305000000]: [Multi Floor Nav] Adaptive sigma: offset_planar=0.354, adaptive_scale=0.124, adaptive_yaw=0.072 ??? sigma(0.124, 0.124, 0.072)
[ INFO] [1774847540.445164372, 1145.305000000]: [Multi Floor Nav] Initializing Robot at x: 3.2, y: -0.2, yaw: 3.3 (level=1, sigma: x=0.124, y=0.124, yaw=0.072, retry=0)
[ INFO] [1774847540.445252022, 1145.305000000]: [Multi Floor Nav] Initializing Pose to x: 3.00, y: -0.50 at level: 1
[ INFO] [1774847541.472773418, 1146.308000000]: [Multi Floor Nav] Waiting for AMCL nomotion updates (1.0/12.0s, L1)...
[ INFO] [1774847542.492244816, 1147.308000000]: [Multi Floor Nav] Waiting for AMCL nomotion updates (2.0/12.0s, L1)...
[ INFO] [1774847543.515543356, 1148.308000000]: [Multi Floor Nav] Waiting for AMCL nomotion updates (3.0/12.0s, L1)...
[ INFO] [1774847544.736684452, 1149.508000000]: [Multi Floor Nav] Waiting for AMCL nomotion updates (4.2/12.0s, L1)...
[ INFO] [1774847545.752016246, 1150.508000000]: [Multi Floor Nav] Waiting for AMCL nomotion updates (5.2/12.0s, L1)...
[ INFO] [1774847546.769435797, 1151.508000000]: [Multi Floor Nav] Waiting for AMCL nomotion updates (6.2/12.0s, L1)...
[ INFO] [1774847547.789580680, 1152.508000000]: [Multi Floor Nav] Waiting for AMCL nomotion updates (7.2/12.0s, L1)...
[ INFO] [1774847549.015897695, 1153.707000000]: [Multi Floor Nav] Waiting for AMCL nomotion updates (8.4/12.0s, L1)...
[ INFO] [1774847550.044269980, 1154.708000000]: [Multi Floor Nav] Waiting for AMCL nomotion updates (9.4/12.0s, L1)...
[ INFO] [1774847551.071392324, 1155.708000000]: [Multi Floor Nav] Waiting for AMCL nomotion updates (10.4/12.0s, L1)...
[ INFO] [1774847552.097957201, 1156.709000000]: [Multi Floor Nav] Waiting for AMCL nomotion updates (11.4/12.0s, L1)...
[ INFO] [1774847552.710808867, 1157.309000000]: [Multi Floor Nav] Current Robot Pose, x: 3.34, y: -0.30, yaw: 3.13
[ INFO] [1774847552.710865648, 1157.309000000]: [Multi Floor Nav] Linear Error: 0.40, Angular Error: 0.01
[ INFO] [1774847552.710917120, 1157.309000000]: [Multi Floor Nav] Robot at correct pose
[ INFO] [1774847552.712359824, 1157.311000000]: [Multi Floor Nav] RELOC_PASS: linear_error=0.3969, angular_error=0.0128, linear_error_init=0.1054, angular_error_init=0.1628, tr_sigma=0.0068, C_t=0.9932
[ INFO] [1774847553.742981202, 1158.311000000]: [Multi Floor Nav] POST_PASS: dt=1.000s, linear_error=0.3974, angular_error=0.0116
[ INFO] [1774847553.743014167, 1158.311000000]: [Multi Floor Nav] Will send goal to x: 4, y: 5, at level: 1
[ INFO] [1774847553.743031697, 1158.311000000]: [Multi Floor Nav] Sending Robot to x: 4.0, y: 5.0, yaw: 0.0
[ INFO] [1774847553.946039267, 1158.511000000]: [Multi Floor Nav] POST_PASS: dt=1.200s, linear_error=0.3974, angular_error=0.0116
[ INFO] [1774847554.148939772, 1158.711000000]: [Multi Floor Nav] POST_PASS: dt=1.400s, linear_error=0.3974, angular_error=0.0116
[ INFO] [1774847554.354179178, 1158.911000000]: [Multi Floor Nav] POST_PASS: dt=1.600s, linear_error=0.3247, angular_error=0.1950
[ INFO] [1774847554.557208538, 1159.111000000]: [Multi Floor Nav] POST_PASS: dt=1.800s, linear_error=0.2812, angular_error=0.3978
[ INFO] [1774847554.761337963, 1159.311000000]: [Multi Floor Nav] POST_PASS: dt=2.000s, linear_error=0.3049, angular_error=0.6499
[ INFO] [1774847595.403240467, 1199.111000000]: [Multi Floor Nav] Robot arrived at Goal
[ INFO] [1774847450.198840970, 1056.163000000]: global_costmap: Using plugin "static_layer"
[ INFO] [1774847450.207736183, 1056.172000000]: Requesting the map...
[ INFO] [1774847482.012526320, 1087.574000000]: Resizing costmap to 992 X 992 at 0.020000 m/pix
[ INFO] [1774847482.113150968, 1087.673000000]: Received a 992 X 992 map at 0.020000 m/pix
[ INFO] [1774847482.115115592, 1087.675000000]: global_costmap: Using plugin "obstacles_layer"
[ INFO] [1774847482.121463081, 1087.681000000]:     Subscribed to Topics: scan
[ INFO] [1774847482.130128798, 1087.690000000]: global_costmap: Using plugin "inflater_layer"
[ INFO] [1774847482.155042926, 1087.715000000]: local_costmap: Using plugin "obstacles_layer"
[ INFO] [1774847482.157499858, 1087.717000000]:     Subscribed to Topics: scan
[ INFO] [1774847482.165181308, 1087.725000000]: local_costmap: Using plugin "inflater_layer"
[ INFO] [1774847482.182170661, 1087.742000000]: Created local_planner base_local_planner/TrajectoryPlannerROS
[ INFO] [1774847482.185927751, 1087.746000000]: Sim period is set to 0.05
[ INFO] [1774847482.239338426, 1087.799000000]: Recovery behavior will clear layer 'obstacles'
[ INFO] [1774847482.245448456, 1087.805000000]: Recovery behavior will clear layer 'obstacles'
[ INFO] [1774847482.398162599, 1087.956000000]: odom received!

auto-starting new master
[1mprocess[master]: started with pid [234401][0m
[1mROS_MASTER_URI=http://localhost:11311[0m
]2;/home/eethanhe/catkin_ws/src/robot-multi-floor-navigation/multi_floor_nav/launch/nav.launch http://localhost:11311
[1msetting /run_id to cf209a42-2bf6-11f1-8d1e-01badb8e21cf[0m
[1mprocess[rosout-1]: started with pid [234438][0m
started core service [/rosout]
[1mprocess[gazebo-2]: started with pid [234445][0m
[1mprocess[robot_state_publisher-3]: started with pid [234448][0m
[1mprocess[controller_spawner-4]: started with pid [234451][0m
[1mprocess[ekf_localization-5]: started with pid [234452][0m
[1mprocess[twist_mux-6]: started with pid [234453][0m
[1mprocess[twist_marker_server-7]: started with pid [234455][0m
[1mprocess[urdf_spawner-8]: started with pid [234461][0m
[1mprocess[map_server0-9]: started with pid [234470][0m
[1mprocess[map_server1-10]: started with pid [234474][0m
[1mprocess[amcl-11]: started with pid [234479][0m
[1mprocess[move_base-12]: started with pid [234483][0m
[1mprocess[rviz-13]: started with pid [234488][0m
[1mprocess[change_map_node-14]: started with pid [234493][0m
[1mprocess[multi_floor_navigation_node-15]: started with pid [234501][0m
[1m[urdf_spawner-8] process has finished cleanly
log file: /home/eethanhe/.ros/log/cf209a42-2bf6-11f1-8d1e-01badb8e21cf/urdf_spawner-8*.log[0m
[multi_floor_navigation_node-15] killing on exit
[change_map_node-14] killing on exit
[rviz-13] killing on exit
[move_base-12] killing on exit
[amcl-11] killing on exit
[map_server1-10] killing on exit
[map_server0-9] killing on exit
[twist_marker_server-7] killing on exit
[ekf_localization-5] killing on exit
[twist_mux-6] killing on exit
[controller_spawner-4] killing on exit
[robot_state_publisher-3] killing on exit
[gazebo-2] killing on exit
[rosout-1] killing on exit
[master] killing on exit
shutting down processing monitor...
... shutting down processing monitor complete
[1mdone[0m
