xacro: in-order processing became default in ROS Melodic. You can drop the option.
... logging to /home/eethanhe/.ros/log/b6b1b1a6-2c20-11f1-8d1e-01badb8e21cf/roslaunch-eethanhe-Lenovo-Legion-R9000P2021H-581964.log
Checking log directory for disk usage. This may take a while.
Press Ctrl-C to interrupt
Done checking log file disk usage. Usage is <1GB.
]2;/home/eethanhe/catkin_ws/src/robot-multi-floor-navigation/multi_floor_nav/launch/nav.launch
[1mstarted roslaunch server http://eethanhe-Lenovo-Legion-R9000P2021H:41873/[0m

SUMMARY
========

PARAMETERS
 * /amcl/auto_update_noise: 0.0
 * /amcl/base_frame_id: base_link
 * /amcl/expected_laser_freq: 5.0
 * /amcl/first_map_only: False
 * /amcl/global_frame_id: map
 * /amcl/gui_publish_rate: 10.0
 * /amcl/initial_pose_a: 0.0
 * /amcl/initial_pose_x: 0.0
 * /amcl/initial_pose_y: 0.0
 * /amcl/kld_err: 0.05
 * /amcl/kld_z: 0.99
 * /amcl/laser_lambda_short: 0.1
 * /amcl/laser_likelihood_max_dist: 2.0
 * /amcl/laser_max_beams: 720
 * /amcl/laser_max_range: 30.0
 * /amcl/laser_min_range: 0.1
 * /amcl/laser_model_type: likelihood_field
 * /amcl/laser_sigma_hit: 0.2
 * /amcl/laser_z_hit: 0.5
 * /amcl/laser_z_max: 0.05
 * /amcl/laser_z_rand: 0.5
 * /amcl/laser_z_short: 0.05
 * /amcl/max_particles: 2000
 * /amcl/min_particles: 500
 * /amcl/odom_alpha1: 0.2
 * /amcl/odom_alpha2: 0.2
 * /amcl/odom_alpha3: 0.2
 * /amcl/odom_alpha4: 0.2
 * /amcl/odom_alpha5: 0.1
 * /amcl/odom_frame_id: odom
 * /amcl/odom_model_type: diff
 * /amcl/odom_update_interval: 0.1
 * /amcl/recovery_alpha_fast: 0.1
 * /amcl/recovery_alpha_slow: 0.001
 * /amcl/resample_interval: 1
 * /amcl/transform_tolerance: 1.0
 * /amcl/update_min_a: 0.3927
 * /amcl/update_min_d: 0.1
 * /amcl/use_map_topic: False
 * /ekf_localization/base_link_frame: base_link
 * /ekf_localization/frequency: 50
 * /ekf_localization/imu0: /imu/data
 * /ekf_localization/imu0_config: [False, False, Fa...
 * /ekf_localization/imu0_differential: False
 * /ekf_localization/odom0: /jackal_velocity_...
 * /ekf_localization/odom0_config: [False, False, Fa...
 * /ekf_localization/odom0_differential: False
 * /ekf_localization/odom_frame: odom
 * /ekf_localization/predict_to_current_time: True
 * /ekf_localization/world_frame: odom
 * /gazebo/enable_ros_network: True
 * /jackal_joint_publisher/publish_rate: 50
 * /jackal_joint_publisher/type: joint_state_contr...
 * /jackal_velocity_controller/angular/z/has_acceleration_limits: True
 * /jackal_velocity_controller/angular/z/has_velocity_limits: True
 * /jackal_velocity_controller/angular/z/max_acceleration: 25.0
 * /jackal_velocity_controller/angular/z/max_velocity: 4.0
 * /jackal_velocity_controller/cmd_vel_timeout: 0.25
 * /jackal_velocity_controller/enable_odom_tf: False
 * /jackal_velocity_controller/k_l: 0.1
 * /jackal_velocity_controller/k_r: 0.1
 * /jackal_velocity_controller/left_wheel: ['front_left_whee...
 * /jackal_velocity_controller/linear/x/has_acceleration_limits: True
 * /jackal_velocity_controller/linear/x/has_velocity_limits: True
 * /jackal_velocity_controller/linear/x/max_acceleration: 20.0
 * /jackal_velocity_controller/linear/x/max_velocity: 2.0
 * /jackal_velocity_controller/pose_covariance_diagonal: [0.001, 0.001, 10...
 * /jackal_velocity_controller/publish_cmd: True
 * /jackal_velocity_controller/publish_rate: 50
 * /jackal_velocity_controller/right_wheel: ['front_right_whe...
 * /jackal_velocity_controller/twist_covariance_diagonal: [0.001, 0.001, 0....
 * /jackal_velocity_controller/type: diff_drive_contro...
 * /jackal_velocity_controller/wheel_radius_multiplier: 1.0
 * /jackal_velocity_controller/wheel_separation_multiplier: 1.5
 * /move_base/NavfnROS/allow_unknown: True
 * /move_base/TrajectoryPlannerROS/acc_lim_theta: 20.0
 * /move_base/TrajectoryPlannerROS/acc_lim_x: 10.0
 * /move_base/TrajectoryPlannerROS/angular_sim_granularity: 0.02
 * /move_base/TrajectoryPlannerROS/controller_frequency: 20.0
 * /move_base/TrajectoryPlannerROS/dwa: True
 * /move_base/TrajectoryPlannerROS/escape_reset_dist: 0.1
 * /move_base/TrajectoryPlannerROS/escape_reset_theta: 0.1
 * /move_base/TrajectoryPlannerROS/escape_vel: -0.5
 * /move_base/TrajectoryPlannerROS/gdist_scale: 1.0
 * /move_base/TrajectoryPlannerROS/heading_lookahead: 0.325
 * /move_base/TrajectoryPlannerROS/heading_scoring: False
 * /move_base/TrajectoryPlannerROS/heading_scoring_timestep: 0.8
 * /move_base/TrajectoryPlannerROS/holonomic_robot: False
 * /move_base/TrajectoryPlannerROS/latch_xy_goal_tolerance: False
 * /move_base/TrajectoryPlannerROS/max_vel_theta: 1.57
 * /move_base/TrajectoryPlannerROS/max_vel_x: 0.5
 * /move_base/TrajectoryPlannerROS/meter_scoring: True
 * /move_base/TrajectoryPlannerROS/min_in_place_vel_theta: 0.314
 * /move_base/TrajectoryPlannerROS/min_vel_theta: -1.57
 * /move_base/TrajectoryPlannerROS/min_vel_x: 0.1
 * /move_base/TrajectoryPlannerROS/occdist_scale: 0.1
 * /move_base/TrajectoryPlannerROS/oscillation_reset_dist: 0.05
 * /move_base/TrajectoryPlannerROS/pdist_scale: 0.75
 * /move_base/TrajectoryPlannerROS/publish_cost_grid_pc: True
 * /move_base/TrajectoryPlannerROS/sim_granularity: 0.02
 * /move_base/TrajectoryPlannerROS/sim_time: 2.0
 * /move_base/TrajectoryPlannerROS/simple_attractor: False
 * /move_base/TrajectoryPlannerROS/vtheta_samples: 20
 * /move_base/TrajectoryPlannerROS/vx_samples: 6
 * /move_base/TrajectoryPlannerROS/xy_goal_tolerance: 0.25
 * /move_base/TrajectoryPlannerROS/yaw_goal_tolerance: 0.157
 * /move_base/base_global_planner: navfn/NavfnROS
 * /move_base/base_local_planner: base_local_planne...
 * /move_base/clearing_rotation_allowed: True
 * /move_base/controller_frequency: 20.0
 * /move_base/controller_patience: 15.0
 * /move_base/global_costmap/footprint: [[-0.21, -0.165],...
 * /move_base/global_costmap/footprint_padding: 0.1
 * /move_base/global_costmap/global_frame: map
 * /move_base/global_costmap/height: 40.0
 * /move_base/global_costmap/inflater_layer/inflation_radius: 0.3
 * /move_base/global_costmap/map_type: costmap
 * /move_base/global_costmap/meter_scoring: True
 * /move_base/global_costmap/obstacle_range: 2.5
 * /move_base/global_costmap/obstacles_layer/observation_sources: scan
 * /move_base/global_costmap/obstacles_layer/scan/clearing: True
 * /move_base/global_costmap/obstacles_layer/scan/data_type: LaserScan
 * /move_base/global_costmap/obstacles_layer/scan/marking: True
 * /move_base/global_costmap/obstacles_layer/scan/max_obstacle_height: 2.0
 * /move_base/global_costmap/obstacles_layer/scan/min_obstacle_height: -2.0
 * /move_base/global_costmap/obstacles_layer/scan/obstacle_range: 2.5
 * /move_base/global_costmap/obstacles_layer/scan/raytrace_range: 3.0
 * /move_base/global_costmap/obstacles_layer/scan/sensor_frame: front_laser
 * /move_base/global_costmap/obstacles_layer/scan/topic: front/scan
 * /move_base/global_costmap/origin_x: -20.0
 * /move_base/global_costmap/origin_y: -20.0
 * /move_base/global_costmap/origin_z: 0.0
 * /move_base/global_costmap/plugins: [{'name': 'static...
 * /move_base/global_costmap/publish_frequency: 5.0
 * /move_base/global_costmap/publish_voxel_map: False
 * /move_base/global_costmap/raytrace_range: 3.0
 * /move_base/global_costmap/resolution: 0.05
 * /move_base/global_costmap/robot_base_frame: base_link
 * /move_base/global_costmap/rolling_window: False
 * /move_base/global_costmap/static_map: True
 * /move_base/global_costmap/transform_tolerance: 0.5
 * /move_base/global_costmap/update_frequency: 20.0
 * /move_base/global_costmap/width: 40.0
 * /move_base/global_costmap/z_resolution: 1
 * /move_base/global_costmap/z_voxels: 2
 * /move_base/local_costmap/footprint: [[-0.21, -0.165],...
 * /move_base/local_costmap/footprint_padding: 0.1
 * /move_base/local_costmap/global_frame: map
 * /move_base/local_costmap/height: 10.0
 * /move_base/local_costmap/inflater_layer/inflation_radius: 0.3
 * /move_base/local_costmap/map_type: costmap
 * /move_base/local_costmap/meter_scoring: True
 * /move_base/local_costmap/obstacle_range: 2.5
 * /move_base/local_costmap/obstacles_layer/observation_sources: scan
 * /move_base/local_costmap/obstacles_layer/scan/clearing: True
 * /move_base/local_costmap/obstacles_layer/scan/data_type: LaserScan
 * /move_base/local_costmap/obstacles_layer/scan/marking: True
 * /move_base/local_costmap/obstacles_layer/scan/max_obstacle_height: 2.0
 * /move_base/local_costmap/obstacles_layer/scan/min_obstacle_height: -2.0
 * /move_base/local_costmap/obstacles_layer/scan/obstacle_range: 2.5
 * /move_base/local_costmap/obstacles_layer/scan/raytrace_range: 3.0
 * /move_base/local_costmap/obstacles_layer/scan/sensor_frame: front_laser
 * /move_base/local_costmap/obstacles_layer/scan/topic: front/scan
 * /move_base/local_costmap/origin_z: 0.0
 * /move_base/local_costmap/plugins: [{'name': 'obstac...
 * /move_base/local_costmap/publish_frequency: 5.0
 * /move_base/local_costmap/publish_voxel_map: False
 * /move_base/local_costmap/raytrace_range: 3.0
 * /move_base/local_costmap/resolution: 0.05
 * /move_base/local_costmap/robot_base_frame: base_link
 * /move_base/local_costmap/rolling_window: True
 * /move_base/local_costmap/static_map: False
 * /move_base/local_costmap/transform_tolerance: 0.5
 * /move_base/local_costmap/update_frequency: 20.0
 * /move_base/local_costmap/width: 10.0
 * /move_base/local_costmap/z_resolution: 1
 * /move_base/local_costmap/z_voxels: 2
 * /move_base/oscillation_distance: 0.5
 * /move_base/oscillation_timeout: 0.0
 * /move_base/planner_frequency: 20.0
 * /move_base/planner_patience: 5.0
 * /move_base/recovery_behavior_enabled: True
 * /move_base/shutdown_costmaps: False
 * /multi_floor_navigation_node/init_pose_offset_theta: 0.05
 * /multi_floor_navigation_node/init_pose_offset_x: 0.1
 * /multi_floor_navigation_node/init_pose_offset_y: 0.1
 * /multi_floor_navigation_node/region_init_backoff_factor: 1.3
 * /multi_floor_navigation_node/region_init_max_backoff: 2.0
 * /multi_floor_navigation_node/region_init_sigma_adaptive_alpha: 0.35
 * /multi_floor_navigation_node/region_init_sigma_min_scale: 0.03
 * /multi_floor_navigation_node/region_init_sigma_min_yaw: 0.02
 * /multi_floor_navigation_node/region_init_sigma_x: 0.15
 * /multi_floor_navigation_node/region_init_sigma_x_L0: 0.15
 * /multi_floor_navigation_node/region_init_sigma_x_L1: 0.2
 * /multi_floor_navigation_node/region_init_sigma_y: 0.15
 * /multi_floor_navigation_node/region_init_sigma_y_L0: 0.15
 * /multi_floor_navigation_node/region_init_sigma_y_L1: 0.2
 * /multi_floor_navigation_node/region_init_sigma_yaw: 0.1
 * /multi_floor_navigation_node/region_init_sigma_yaw_L0: 0.1
 * /multi_floor_navigation_node/region_init_sigma_yaw_L1: 0.12
 * /multi_floor_navigation_node/reloc_confidence_K: 3
 * /multi_floor_navigation_node/reloc_confidence_lambda: 20.0
 * /multi_floor_navigation_node/reloc_confidence_tau: 0.85
 * /multi_floor_navigation_node/reloc_min_check_delay_L0: 6.0
 * /multi_floor_navigation_node/reloc_min_check_delay_L1: 12.0
 * /multi_floor_navigation_node/reloc_min_check_delay_sec: 6.0
 * /multi_floor_navigation_node/use_covariance_reloc: True
 * /robot_description: <?xml version="1....
 * /rosdistro: noetic
 * /rosversion: 1.17.0
 * /twist_marker_server/link_name: base_link
 * /twist_mux/locks: [{'name': 'e_stop...
 * /twist_mux/topics: [{'name': 'joy', ...
 * /use_gui: True
 * /use_sim_time: True

NODES
  /
    amcl (amcl/amcl)
    change_map_node (multi_floor_nav/change_map_node)
    controller_spawner (controller_manager/spawner)
    ekf_localization (robot_localization/ekf_localization_node)
    gazebo (gazebo_ros/gzserver)
    map_server0 (map_server/map_server)
    map_server1 (map_server/map_server)
    move_base (move_base/move_base)
    multi_floor_navigation_node (multi_floor_nav/multi_floor_navigation_node)
    robot_state_publisher (robot_state_publisher/robot_state_publisher)
    rviz (rviz/rviz)
    twist_marker_server (interactive_marker_twist_server/marker_server)
    twist_mux (twist_mux/twist_mux)
    urdf_spawner (gazebo_ros/spawn_model)
[ INFO] [1774865445.384059859]: Finished loading Gazebo ROS API Plugin.
[ INFO] [1774865445.394795626]: waitForService: Service [/gazebo/set_physics_properties] has not been advertised, waiting...
[1;33mWarning [Model.cc:216][0m Non-unique name[door] detected 2 times in XML children of model with name[elevator].
[1;33mWarning [Model.cc:309][0m Joint with name [door] in model with name [elevator] has a name collision, changing joint name to [door_joint].
[ INFO] [1774865446.523791467]: waitForService: Service [/gazebo/set_physics_properties] is now available.
[ INFO] [1774865446.539386360]: Physics dynamic reconfigure ready.
[1;33mWarning [parser_urdf.cc:1161][0m multiple inconsistent <gravity> exists due to fixed joint reduction overwriting previous value [true] with [false].
[1;33mWarning [parser_urdf.cc:1161][0m multiple inconsistent <gravity> exists due to fixed joint reduction overwriting previous value [false] with [true].
[ERROR] [1774865447.289476047, 1055.084000000]: No p gain specified for pid.  Namespace: /gazebo_ros_control/pid_gains/front_left_wheel
[ERROR] [1774865447.289927430, 1055.084000000]: No p gain specified for pid.  Namespace: /gazebo_ros_control/pid_gains/front_right_wheel
[ERROR] [1774865447.290336629, 1055.084000000]: No p gain specified for pid.  Namespace: /gazebo_ros_control/pid_gains/rear_left_wheel
[ERROR] [1774865447.290716216, 1055.084000000]: No p gain specified for pid.  Namespace: /gazebo_ros_control/pid_gains/rear_right_wheel
[ WARN] [1774865447.334011143, 1055.085000000]: Failed to meet update rate! Took 1055.0850000000000364
[ WARN] [1774865447.334676590, 1055.085000000]: Failed to meet update rate! Took 1055.0650000000000546
[ WARN] [1774865447.585678301, 1055.336000000]: Interactive marker 'robot_twist_marker' contains unnormalized quaternions. This warning will only be output once but may be true for others; enable DEBUG messages for ros.rviz.quaternions to see more details.
[ WARN] [1774865447.715841260, 1055.466000000]: Timed out waiting for transform from base_link to map to become available before running costmap, tf error: Lookup would require extrapolation 0.879000000s into the past.  Requested time 1055.465000000 but the earliest data is at time 1056.344000000, when looking up transform from frame [base_link] to frame [map]. canTransform returned after 1055.47 timeout was 0.1.
[ WARN] [1774865448.602178041, 1056.348000000]: global_costmap: Pre-Hydro parameter "static_map" unused since "plugins" is provided
[ WARN] [1774865448.602500847, 1056.348000000]: global_costmap: Pre-Hydro parameter "map_type" unused since "plugins" is provided
[ WARN] [1774865480.224020867, 1087.690000000]: [Multi Floor Nav] Initial pose perturbation applied: offset_x=0.10, offset_y=0.10, offset_theta=0.05
[ WARN] [1774865480.432647501, 1087.899000000]: local_costmap: Pre-Hydro parameter "static_map" unused since "plugins" is provided
[ WARN] [1774865480.432889710, 1087.899000000]: local_costmap: Pre-Hydro parameter "map_type" unused since "plugins" is provided
[ WARN] [1774865480.477000375, 1087.943000000]: Parameter pdist_scale is deprecated. Please use the name path_distance_bias instead.
[ WARN] [1774865480.477682094, 1087.943000000]: Parameter gdist_scale is deprecated. Please use the name goal_distance_bias instead.
[ INFO] [1774865445.102671603]: [Multi Floor Nav] Module C: covariance reloc criterion enabled (lambda=20.00, tau=0.85, K=3, post_monitor=2.0s, min_delay=6.0s)
[ INFO] [1774865445.122502429]: [Multi Floor Nav] Module A sigma: L0=(0.150,0.150,0.100) L1=(0.200,0.200,0.120)
[ INFO] [1774865445.122535883]: [Multi Floor Nav] Module A delay: L0=6.0s  L1=12.0s  backoff: factor=1.30 max=2.00
[ INFO] [1774865480.221810117, 1087.688000000]: [Multi Floor Nav] Successfully loaded map for level: 0
[ INFO] [1774865480.224128353, 1087.690000000]: [Multi Floor Nav] Adaptive sigma: offset_planar=0.141, adaptive_scale=0.049, adaptive_yaw=0.037 ??? sigma(0.049, 0.049, 0.037)
[ INFO] [1774865480.224154054, 1087.690000000]: [Multi Floor Nav] Initializing Robot at x: 5.1, y: -0.4, yaw: 0.1 (level=0, sigma: x=0.049, y=0.049, yaw=0.037, retry=0)
[ INFO] [1774865480.224204619, 1087.690000000]: [Multi Floor Nav] Initializing Pose to x: 5.00, y: -0.50 at level: 0
[ INFO] [1774865481.232184939, 1088.692000000]: [Multi Floor Nav] Waiting for AMCL nomotion updates (1.0/6.0s, L0)...
[ INFO] [1774865482.236826990, 1089.693000000]: [Multi Floor Nav] Waiting for AMCL nomotion updates (2.0/6.0s, L0)...
[ INFO] [1774865483.447081884, 1090.893000000]: [Multi Floor Nav] Waiting for AMCL nomotion updates (3.2/6.0s, L0)...
[ INFO] [1774865484.651838113, 1092.093000000]: [Multi Floor Nav] Waiting for AMCL nomotion updates (4.4/6.0s, L0)...
[ INFO] [1774865485.856129962, 1093.293000000]: [Multi Floor Nav] Waiting for AMCL nomotion updates (5.6/6.0s, L0)...
[ INFO] [1774865486.261648866, 1093.694000000]: [Multi Floor Nav] Current Robot Pose, x: 5.03, y: -0.39, yaw: 0.00
[ INFO] [1774865486.261697825, 1093.694000000]: [Multi Floor Nav] Linear Error: 0.11, Angular Error: 0.00
[ INFO] [1774865486.261728345, 1093.694000000]: [Multi Floor Nav] Module C: tr(??)=0.0037, C_t=0.9296 (tau=0.85), frame_ok=1
[ INFO] [1774865486.463756316, 1093.893000000]: [Multi Floor Nav] Current Robot Pose, x: 5.03, y: -0.39, yaw: -0.00
[ INFO] [1774865486.463781040, 1093.894000000]: [Multi Floor Nav] Linear Error: 0.11, Angular Error: 0.00
[ INFO] [1774865486.463794031, 1093.894000000]: [Multi Floor Nav] Module C: tr(??)=0.0035, C_t=0.9323 (tau=0.85), frame_ok=1
[ INFO] [1774865486.664170888, 1094.093000000]: [Multi Floor Nav] Current Robot Pose, x: 5.02, y: -0.39, yaw: -0.00
[ INFO] [1774865486.664188558, 1094.093000000]: [Multi Floor Nav] Linear Error: 0.11, Angular Error: 0.00
[ INFO] [1774865486.664202386, 1094.094000000]: [Multi Floor Nav] Module C: tr(??)=0.0035, C_t=0.9316 (tau=0.85), frame_ok=1
[ INFO] [1774865486.664215237, 1094.094000000]: [Multi Floor Nav] Module C: reloc passed (consecutive 3 >= K=3)
[ INFO] [1774865486.664223758, 1094.094000000]: [Multi Floor Nav] Robot at correct pose
[ INFO] [1774865486.665453729, 1094.095000000]: [Multi Floor Nav] RELOC_PASS: linear_error=0.1133, angular_error=0.0017, linear_error_init=0.0760, angular_error_init=0.0517, tr_sigma=0.0035, C_t=0.9316
[ INFO] [1774865487.675339499, 1095.095000000]: [Multi Floor Nav] POST_PASS: dt=1.000s, linear_error=0.1132, angular_error=0.0020
[ INFO] [1774865487.675400959, 1095.095000000]: [Multi Floor Nav] Will send goal to x: 3, y: -0, at level: 0
[ INFO] [1774865487.675427639, 1095.095000000]: [Multi Floor Nav] Sending Robot to x: 3.0, y: -0.5, yaw: 3.1
[ INFO] [1774865487.878341822, 1095.296000000]: [Multi Floor Nav] POST_PASS: dt=1.201s, linear_error=0.1132, angular_error=0.0020
[ INFO] [1774865488.078169728, 1095.495000000]: [Multi Floor Nav] POST_PASS: dt=1.400s, linear_error=0.1132, angular_error=0.0020
[ INFO] [1774865488.280966019, 1095.695000000]: [Multi Floor Nav] POST_PASS: dt=1.600s, linear_error=0.1166, angular_error=0.4204
[ INFO] [1774865488.482733690, 1095.895000000]: [Multi Floor Nav] POST_PASS: dt=1.800s, linear_error=0.1140, angular_error=0.8506
[ INFO] [1774865488.684306994, 1096.095000000]: [Multi Floor Nav] POST_PASS: dt=2.000s, linear_error=0.1010, angular_error=1.2423
[ INFO] [1774865509.316967432, 1116.495000000]: [Multi Floor Nav] Requesting Lift to Level 0
[ INFO] [1774865509.52[ WARN] [1774865546.569018651, 1153.497000000]: [Multi Floor Nav] Initial pose perturbation applied: offset_x=0.10, offset_y=0.10, offset_theta=0.05
0725838, 1116.696000000]: [Multi Floor Nav] Entering Lift at Level 0
[ INFO] [1774865526.872656656, 1133.895000000]: [Multi Floor Nav] Requesting Lift to Level 1
[ INFO] [1774865533.898368806, 1140.895000000]: [Multi Floor Nav] Exiting Lift at Level 1
[ INFO] [1774865546.560535403, 1153.488000000]: [Multi Floor Nav] Successfully loaded map for level: 1
[ INFO] [1774865546.569057343, 1153.497000000]: [Multi Floor Nav] Adaptive sigma: offset_planar=0.141, adaptive_scale=0.049, adaptive_yaw=0.037 ??? sigma(0.049, 0.049, 0.037)
[ INFO] [1774865546.569074385, 1153.497000000]: [Multi Floor Nav] Initializing Robot at x: 3.1, y: -0.4, yaw: 3.2 (level=1, sigma: x=0.049, y=0.049, yaw=0.037, retry=0)
[ INFO] [1774865546.569095965, 1153.497000000]: [Multi Floor Nav] Initializing Pose to x: 3.00, y: -0.50 at level: 1
[ INFO] [1774865547.575237266, 1154.499000000]: [Multi Floor Nav] Waiting for AMCL nomotion updates (1.0/12.0s, L1)...
[ INFO] [1774865548.588274882, 1155.499000000]: [Multi Floor Nav] Waiting for AMCL nomotion updates (2.0/12.0s, L1)...
[ INFO] [1774865549.606896987, 1156.499000000]: [Multi Floor Nav] Waiting for AMCL nomotion updates (3.0/12.0s, L1)...
[ INFO] [1774865550.625403363, 1157.499000000]: [Multi Floor Nav] Waiting for AMCL nomotion updates (4.0/12.0s, L1)...
[ INFO] [1774865551.639503321, 1158.500000000]: [Multi Floor Nav] Waiting for AMCL nomotion updates (5.0/12.0s, L1)...
[ INFO] [1774865552.854909810, 1159.701000000]: [Multi Floor Nav] Waiting for AMCL nomotion updates (6.2/12.0s, L1)...
[ INFO] [1774865554.066887027, 1160.899000000]: [Multi Floor Nav] Waiting for AMCL nomotion updates (7.4/12.0s, L1)...
[ INFO] [1774865555.078193818, 1161.899000000]: [Multi Floor Nav] Waiting for AMCL nomotion updates (8.4/12.0s, L1)...
[ INFO] [1774865556.095655073, 1162.900000000]: [Multi Floor Nav] Waiting for AMCL nomotion updates (9.4/12.0s, L1)...
[ INFO] [1774865557.110493442, 1163.900000000]: [Multi Floor Nav] Waiting for AMCL nomotion updates (10.4/12.0s, L1)...
[ INFO] [1774865558.331992426, 1165.100000000]: [Multi Floor Nav] Waiting for AMCL nomotion updates (11.6/12.0s, L1)...
[ INFO] [1774865558.735446094, 1165.499000000]: [Multi Floor Nav] Current Robot Pose, x: 3.15, y: -0.48, yaw: 3.06
[ INFO] [1774865558.735467116, 1165.499000000]: [Multi Floor Nav] Linear Error: 0.15, Angular Error: 0.08
[ INFO] [1774865558.735479059, 1165.499000000]: [Multi Floor Nav] Module C: tr(??)=0.0008, C_t=0.9838 (tau=0.85), frame_ok=1
[ INFO] [1774865558.940617770, 1165.699000000]: [Multi Floor Nav] Current Robot Pose, x: 3.15, y: -0.48, yaw: 3.06
[ INFO] [1774865558.940651642, 1165.699000000]: [Multi Floor Nav] Linear Error: 0.15, Angular Error: 0.08
[ INFO] [1774865558.940671757, 1165.699000000]: [Multi Floor Nav] Module C: tr(??)=0.0009, C_t=0.9827 (tau=0.85), frame_ok=1
[ INFO] [1774865559.142602386, 1165.899000000]: [Multi Floor Nav] Current Robot Pose, x: 3.15, y: -0.48, yaw: 3.06
[ INFO] [1774865559.142622920, 1165.899000000]: [Multi Floor Nav] Linear Error: 0.15, Angular Error: 0.08
[ INFO] [1774865559.142634304, 1165.899000000]: [Multi Floor Nav] Module C: tr(??)=0.0009, C_t=0.9831 (tau=0.85), frame_ok=1
[ INFO] [1774865559.142642824, 1165.899000000]: [Multi Floor Nav] Module C: reloc passed (consecutive 3 >= K=3)
[ INFO] [1774865559.142650158, 1165.899000000]: [Multi Floor Nav] Robot at correct pose
[ INFO] [1774865559.143868116, 1165.900000000]: [Multi Floor Nav] RELOC_PASS: linear_error=0.1470, angular_error=0.0800, linear_error_init=0.0942, angular_error_init=0.1300, tr_sigma=0.0009, C_t=0.9831
[ INFO] [1774865560.159899152, 1166.900000000]: [Multi Floor Nav] POST_PASS: dt=1.000s, linear_error=0.1467, angular_error=0.0806
[ INFO] [1774865560.159919825, 1166.900000000]: [Multi Floor Nav] Will send goal to x: 4, y: 5, at level: 1
[ INFO] [1774865560.159929952, 1166.900000000]: [Multi Floor Nav] Sending Robot to x: 4.0, y: 5.0, yaw: 0.0
[ INFO] [1774865560.362710756, 1167.100000000]: [Multi Floor Nav] POST_PASS: dt=1.200s, linear_error=0.1467, angular_error=0.0806
[ INFO] [1774865560.570065383, 1167.300000000]: [Multi Floor Nav] POST_PASS: dt=1.400s, linear_error=0.1467, angular_error=0.0806
[ INFO] [1774865560.776153373, 1167.500000000]: [Multi Floor Nav] POST_PASS: dt=1.600s, linear_error=0.0460, angular_error=0.2917
[ INFO] [1774865560.981025848, 1167.700000000]: [Multi Floor Nav] POST_PASS: dt=1.800s, linear_error=0.1177, angular_error=0.5154
[ INFO] [1774865561.182874972, 1167.900000000]: [Multi Floor Nav] POST_PASS: dt=2.000s, linear_error=0.2262, angular_error=0.8135
[ INFO] [1774865577.307303555, 1183.900000000]: [Multi Floor Nav] Robot arrived at Goal
[ INFO] [1774865448.603109093, 1056.349000000]: global_costmap: Using plugin "static_layer"
[ INFO] [1774865448.608929582, 1056.355000000]: Requesting the map...
[ INFO] [1774865480.291533193, 1087.758000000]: Resizing costmap to 992 X 992 at 0.020000 m/pix
[ INFO] [1774865480.391052721, 1087.857000000]: Received a 992 X 992 map at 0.020000 m/pix
[ INFO] [1774865480.393010507, 1087.859000000]: global_costmap: Using plugin "obstacles_layer"
[ INFO] [1774865480.396418543, 1087.863000000]:     Subscribed to Topics: scan
[ INFO] [1774865480.407048290, 1087.873000000]: global_costmap: Using plugin "inflater_layer"
[ INFO] [1774865480.433304985, 1087.899000000]: local_costmap: Using plugin "obstacles_layer"
[ INFO] [1774865480.435742439, 1087.902000000]:     Subscribed to Topics: scan
[ INFO] [1774865480.446216440, 1087.912000000]: local_costmap: Using plugin "inflater_layer"
[ INFO] [1774865480.469234603, 1087.935000000]: Created local_planner base_local_planner/TrajectoryPlannerROS
[ INFO] [1774865480.474569905, 1087.940000000]: Sim period is set to 0.05
[ INFO] [1774865480.526922869, 1087.993000000]: Recovery behavior will clear layer 'obstacles'
[ INFO] [1774865480.531882356, 1087.998000000]: Recovery behavior will clear layer 'obstacles'
[ INFO] [1774865480.604909894, 1088.070000000]: odom received!

auto-starting new master
[1mprocess[master]: started with pid [582060][0m
[1mROS_MASTER_URI=http://localhost:11311[0m
]2;/home/eethanhe/catkin_ws/src/robot-multi-floor-navigation/multi_floor_nav/launch/nav.launch http://localhost:11311
[1msetting /run_id to b6b1b1a6-2c20-11f1-8d1e-01badb8e21cf[0m
[1mprocess[rosout-1]: started with pid [582096][0m
started core service [/rosout]
[1mprocess[gazebo-2]: started with pid [582103][0m
[1mprocess[robot_state_publisher-3]: started with pid [582106][0m
[1mprocess[controller_spawner-4]: started with pid [582109][0m
[1mprocess[ekf_localization-5]: started with pid [582110][0m
[1mprocess[twist_mux-6]: started with pid [582111][0m
[1mprocess[twist_marker_server-7]: started with pid [582116][0m
[1mprocess[urdf_spawner-8]: started with pid [582123][0m
[1mprocess[map_server0-9]: started with pid [582129][0m
[1mprocess[map_server1-10]: started with pid [582136][0m
[1mprocess[amcl-11]: started with pid [582137][0m
[1mprocess[move_base-12]: started with pid [582139][0m
[1mprocess[rviz-13]: started with pid [582145][0m
[1mprocess[change_map_node-14]: started with pid [582153][0m
[1mprocess[multi_floor_navigation_node-15]: started with pid [582160][0m
[1m[urdf_spawner-8] process has finished cleanly
log file: /home/eethanhe/.ros/log/b6b1b1a6-2c20-11f1-8d1e-01badb8e21cf/urdf_spawner-8*.log[0m
[multi_floor_navigation_node-15] killing on exit
[change_map_node-14] killing on exit
[rviz-13] killing on exit
[move_base-12] killing on exit
[amcl-11] killing on exit
[map_server1-10] killing on exit
[map_server0-9] killing on exit
[twist_marker_server-7] killing on exit
[twist_mux-6] killing on exit
[ekf_localization-5] killing on exit
[controller_spawner-4] killing on exit
[robot_state_publisher-3] killing on exit
[gazebo-2] killing on exit
[rosout-1] killing on exit
[master] killing on exit
shutting down processing monitor...
... shutting down processing monitor complete
[1mdone[0m
