xacro: in-order processing became default in ROS Melodic. You can drop the option.
... logging to /home/eethanhe/.ros/log/9d8a21d0-2d11-11f1-8422-679edff71d44/roslaunch-eethanhe-Lenovo-Legion-R9000P2021H-98836.log
Checking log directory for disk usage. This may take a while.
Press Ctrl-C to interrupt
Done checking log file disk usage. Usage is <1GB.
]2;/home/eethanhe/catkin_ws/src/robot-multi-floor-navigation/multi_floor_nav/launch/nav.launch
[1mstarted roslaunch server http://eethanhe-Lenovo-Legion-R9000P2021H:36477/[0m

SUMMARY
========

PARAMETERS
 * /amcl/auto_update_noise: 0.0
 * /amcl/base_frame_id: base_link
 * /amcl/expected_laser_freq: 5.0
 * /amcl/first_map_only: False
 * /amcl/global_frame_id: map
 * /amcl/gui_publish_rate: 10.0
 * /amcl/initial_pose_a: 0.0
 * /amcl/initial_pose_x: 0.0
 * /amcl/initial_pose_y: 0.0
 * /amcl/kld_err: 0.05
 * /amcl/kld_z: 0.99
 * /amcl/laser_lambda_short: 0.1
 * /amcl/laser_likelihood_max_dist: 2.0
 * /amcl/laser_max_beams: 720
 * /amcl/laser_max_range: 30.0
 * /amcl/laser_min_range: 0.1
 * /amcl/laser_model_type: likelihood_field
 * /amcl/laser_sigma_hit: 0.2
 * /amcl/laser_z_hit: 0.5
 * /amcl/laser_z_max: 0.05
 * /amcl/laser_z_rand: 0.5
 * /amcl/laser_z_short: 0.05
 * /amcl/max_particles: 2000
 * /amcl/min_particles: 500
 * /amcl/odom_alpha1: 0.2
 * /amcl/odom_alpha2: 0.2
 * /amcl/odom_alpha3: 0.2
 * /amcl/odom_alpha4: 0.2
 * /amcl/odom_alpha5: 0.1
 * /amcl/odom_frame_id: odom
 * /amcl/odom_model_type: diff
 * /amcl/odom_update_interval: 0.1
 * /amcl/recovery_alpha_fast: 0.1
 * /amcl/recovery_alpha_slow: 0.001
 * /amcl/resample_interval: 1
 * /amcl/transform_tolerance: 1.0
 * /amcl/update_min_a: 0.3927
 * /amcl/update_min_d: 0.1
 * /amcl/use_map_topic: False
 * /ekf_localization/base_link_frame: base_link
 * /ekf_localization/frequency: 50
 * /ekf_localization/imu0: /imu/data
 * /ekf_localization/imu0_config: [False, False, Fa...
 * /ekf_localization/imu0_differential: False
 * /ekf_localization/odom0: /jackal_velocity_...
 * /ekf_localization/odom0_config: [False, False, Fa...
 * /ekf_localization/odom0_differential: False
 * /ekf_localization/odom_frame: odom
 * /ekf_localization/predict_to_current_time: True
 * /ekf_localization/world_frame: odom
 * /gazebo/enable_ros_network: True
 * /jackal_joint_publisher/publish_rate: 50
 * /jackal_joint_publisher/type: joint_state_contr...
 * /jackal_velocity_controller/angular/z/has_acceleration_limits: True
 * /jackal_velocity_controller/angular/z/has_velocity_limits: True
 * /jackal_velocity_controller/angular/z/max_acceleration: 25.0
 * /jackal_velocity_controller/angular/z/max_velocity: 4.0
 * /jackal_velocity_controller/cmd_vel_timeout: 0.25
 * /jackal_velocity_controller/enable_odom_tf: False
 * /jackal_velocity_controller/k_l: 0.1
 * /jackal_velocity_controller/k_r: 0.1
 * /jackal_velocity_controller/left_wheel: ['front_left_whee...
 * /jackal_velocity_controller/linear/x/has_acceleration_limits: True
 * /jackal_velocity_controller/linear/x/has_velocity_limits: True
 * /jackal_velocity_controller/linear/x/max_acceleration: 20.0
 * /jackal_velocity_controller/linear/x/max_velocity: 2.0
 * /jackal_velocity_controller/pose_covariance_diagonal: [0.001, 0.001, 10...
 * /jackal_velocity_controller/publish_cmd: True
 * /jackal_velocity_controller/publish_rate: 50
 * /jackal_velocity_controller/right_wheel: ['front_right_whe...
 * /jackal_velocity_controller/twist_covariance_diagonal: [0.001, 0.001, 0....
 * /jackal_velocity_controller/type: diff_drive_contro...
 * /jackal_velocity_controller/wheel_radius_multiplier: 1.0
 * /jackal_velocity_controller/wheel_separation_multiplier: 1.5
 * /move_base/NavfnROS/allow_unknown: True
 * /move_base/TrajectoryPlannerROS/acc_lim_theta: 20.0
 * /move_base/TrajectoryPlannerROS/acc_lim_x: 10.0
 * /move_base/TrajectoryPlannerROS/angular_sim_granularity: 0.02
 * /move_base/TrajectoryPlannerROS/controller_frequency: 20.0
 * /move_base/TrajectoryPlannerROS/dwa: True
 * /move_base/TrajectoryPlannerROS/escape_reset_dist: 0.1
 * /move_base/TrajectoryPlannerROS/escape_reset_theta: 0.1
 * /move_base/TrajectoryPlannerROS/escape_vel: -0.5
 * /move_base/TrajectoryPlannerROS/gdist_scale: 1.0
 * /move_base/TrajectoryPlannerROS/heading_lookahead: 0.325
 * /move_base/TrajectoryPlannerROS/heading_scoring: False
 * /move_base/TrajectoryPlannerROS/heading_scoring_timestep: 0.8
 * /move_base/TrajectoryPlannerROS/holonomic_robot: False
 * /move_base/TrajectoryPlannerROS/latch_xy_goal_tolerance: False
 * /move_base/TrajectoryPlannerROS/max_vel_theta: 1.57
 * /move_base/TrajectoryPlannerROS/max_vel_x: 0.5
 * /move_base/TrajectoryPlannerROS/meter_scoring: True
 * /move_base/TrajectoryPlannerROS/min_in_place_vel_theta: 0.314
 * /move_base/TrajectoryPlannerROS/min_vel_theta: -1.57
 * /move_base/TrajectoryPlannerROS/min_vel_x: 0.1
 * /move_base/TrajectoryPlannerROS/occdist_scale: 0.1
 * /move_base/TrajectoryPlannerROS/oscillation_reset_dist: 0.05
 * /move_base/TrajectoryPlannerROS/pdist_scale: 0.75
 * /move_base/TrajectoryPlannerROS/publish_cost_grid_pc: True
 * /move_base/TrajectoryPlannerROS/sim_granularity: 0.02
 * /move_base/TrajectoryPlannerROS/sim_time: 2.0
 * /move_base/TrajectoryPlannerROS/simple_attractor: False
 * /move_base/TrajectoryPlannerROS/vtheta_samples: 20
 * /move_base/TrajectoryPlannerROS/vx_samples: 6
 * /move_base/TrajectoryPlannerROS/xy_goal_tolerance: 0.25
 * /move_base/TrajectoryPlannerROS/yaw_goal_tolerance: 0.157
 * /move_base/base_global_planner: navfn/NavfnROS
 * /move_base/base_local_planner: base_local_planne...
 * /move_base/clearing_rotation_allowed: True
 * /move_base/controller_frequency: 20.0
 * /move_base/controller_patience: 15.0
 * /move_base/global_costmap/footprint: [[-0.21, -0.165],...
 * /move_base/global_costmap/footprint_padding: 0.1
 * /move_base/global_costmap/global_frame: map
 * /move_base/global_costmap/height: 40.0
 * /move_base/global_costmap/inflater_layer/inflation_radius: 0.3
 * /move_base/global_costmap/map_type: costmap
 * /move_base/global_costmap/meter_scoring: True
 * /move_base/global_costmap/obstacle_range: 2.5
 * /move_base/global_costmap/obstacles_layer/observation_sources: scan
 * /move_base/global_costmap/obstacles_layer/scan/clearing: True
 * /move_base/global_costmap/obstacles_layer/scan/data_type: LaserScan
 * /move_base/global_costmap/obstacles_layer/scan/marking: True
 * /move_base/global_costmap/obstacles_layer/scan/max_obstacle_height: 2.0
 * /move_base/global_costmap/obstacles_layer/scan/min_obstacle_height: -2.0
 * /move_base/global_costmap/obstacles_layer/scan/obstacle_range: 2.5
 * /move_base/global_costmap/obstacles_layer/scan/raytrace_range: 3.0
 * /move_base/global_costmap/obstacles_layer/scan/sensor_frame: front_laser
 * /move_base/global_costmap/obstacles_layer/scan/topic: front/scan
 * /move_base/global_costmap/origin_x: -20.0
 * /move_base/global_costmap/origin_y: -20.0
 * /move_base/global_costmap/origin_z: 0.0
 * /move_base/global_costmap/plugins: [{'name': 'static...
 * /move_base/global_costmap/publish_frequency: 5.0
 * /move_base/global_costmap/publish_voxel_map: False
 * /move_base/global_costmap/raytrace_range: 3.0
 * /move_base/global_costmap/resolution: 0.05
 * /move_base/global_costmap/robot_base_frame: base_link
 * /move_base/global_costmap/rolling_window: False
 * /move_base/global_costmap/static_map: True
 * /move_base/global_costmap/transform_tolerance: 0.5
 * /move_base/global_costmap/update_frequency: 20.0
 * /move_base/global_costmap/width: 40.0
 * /move_base/global_costmap/z_resolution: 1
 * /move_base/global_costmap/z_voxels: 2
 * /move_base/local_costmap/footprint: [[-0.21, -0.165],...
 * /move_base/local_costmap/footprint_padding: 0.1
 * /move_base/local_costmap/global_frame: map
 * /move_base/local_costmap/height: 10.0
 * /move_base/local_costmap/inflater_layer/inflation_radius: 0.3
 * /move_base/local_costmap/map_type: costmap
 * /move_base/local_costmap/meter_scoring: True
 * /move_base/local_costmap/obstacle_range: 2.5
 * /move_base/local_costmap/obstacles_layer/observation_sources: scan
 * /move_base/local_costmap/obstacles_layer/scan/clearing: True
 * /move_base/local_costmap/obstacles_layer/scan/data_type: LaserScan
 * /move_base/local_costmap/obstacles_layer/scan/marking: True
 * /move_base/local_costmap/obstacles_layer/scan/max_obstacle_height: 2.0
 * /move_base/local_costmap/obstacles_layer/scan/min_obstacle_height: -2.0
 * /move_base/local_costmap/obstacles_layer/scan/obstacle_range: 2.5
 * /move_base/local_costmap/obstacles_layer/scan/raytrace_range: 3.0
 * /move_base/local_costmap/obstacles_layer/scan/sensor_frame: front_laser
 * /move_base/local_costmap/obstacles_layer/scan/topic: front/scan
 * /move_base/local_costmap/origin_z: 0.0
 * /move_base/local_costmap/plugins: [{'name': 'obstac...
 * /move_base/local_costmap/publish_frequency: 5.0
 * /move_base/local_costmap/publish_voxel_map: False
 * /move_base/local_costmap/raytrace_range: 3.0
 * /move_base/local_costmap/resolution: 0.05
 * /move_base/local_costmap/robot_base_frame: base_link
 * /move_base/local_costmap/rolling_window: True
 * /move_base/local_costmap/static_map: False
 * /move_base/local_costmap/transform_tolerance: 0.5
 * /move_base/local_costmap/update_frequency: 20.0
 * /move_base/local_costmap/width: 10.0
 * /move_base/local_costmap/z_resolution: 1
 * /move_base/local_costmap/z_voxels: 2
 * /move_base/oscillation_distance: 0.5
 * /move_base/oscillation_timeout: 0.0
 * /move_base/planner_frequency: 20.0
 * /move_base/planner_patience: 5.0
 * /move_base/recovery_behavior_enabled: True
 * /move_base/shutdown_costmaps: False
 * /multi_floor_navigation_node/init_pose_offset_theta: 0.15
 * /multi_floor_navigation_node/init_pose_offset_x: 0.25
 * /multi_floor_navigation_node/init_pose_offset_y: 0.25
 * /multi_floor_navigation_node/region_init_backoff_factor: 1.3
 * /multi_floor_navigation_node/region_init_max_backoff: 2.0
 * /multi_floor_navigation_node/region_init_sigma_adaptive_alpha: 0.35
 * /multi_floor_navigation_node/region_init_sigma_min_scale: 0.03
 * /multi_floor_navigation_node/region_init_sigma_min_yaw: 0.02
 * /multi_floor_navigation_node/region_init_sigma_x: 0.15
 * /multi_floor_navigation_node/region_init_sigma_x_L0: 0.15
 * /multi_floor_navigation_node/region_init_sigma_x_L1: 0.2
 * /multi_floor_navigation_node/region_init_sigma_y: 0.15
 * /multi_floor_navigation_node/region_init_sigma_y_L0: 0.15
 * /multi_floor_navigation_node/region_init_sigma_y_L1: 0.2
 * /multi_floor_navigation_node/region_init_sigma_yaw: 0.1
 * /multi_floor_navigation_node/region_init_sigma_yaw_L0: 0.1
 * /multi_floor_navigation_node/region_init_sigma_yaw_L1: 0.12
 * /multi_floor_navigation_node/reloc_min_check_delay_L0: 6.0
 * /multi_floor_navigation_node/reloc_min_check_delay_L1: 12.0
 * /multi_floor_navigation_node/reloc_min_check_delay_sec: 6.0
 * /robot_description: <?xml version="1....
 * /rosdistro: noetic
 * /rosversion: 1.17.0
 * /twist_marker_server/link_name: base_link
 * /twist_mux/locks: [{'name': 'e_stop...
 * /twist_mux/topics: [{'name': 'joy', ...
 * /use_gui: True
 * /use_sim_time: True

NODES
  /
    amcl (amcl/amcl)
    change_map_node (multi_floor_nav/change_map_node)
    controller_spawner (controller_manager/spawner)
    ekf_localization (robot_localization/ekf_localization_node)
    gazebo (gazebo_ros/gzserver)
    map_server0 (map_server/map_server)
    map_server1 (map_server/map_server)
    move_base (move_base/move_base)
    multi_floor_navigation_node (multi_floor_nav/multi_floor_navigation_node)
    robot_state_publisher (robot_state_publisher/robot_state_publisher)
    rviz (rviz/rviz)
    twist_marker_server (interactive_marker_twist_server/marker_server)
    twist_mux (twist_mux/twist_mux)
    urdf_spawner (gazebo_ros/spawn_model)
[ INFO] [1774968911.881782050]: Finished loading Gazebo ROS API Plugin.
[ INFO] [1774968911.887426999]: waitForService: Service [/gazebo/set_physics_properties] has not been advertised, waiting...
[1;33mWarning [Model.cc:216][0m Non-unique name[door] detected 2 times in XML children of model with name[elevator].
[1;33mWarning [Model.cc:309][0m Joint with name [door] in model with name [elevator] has a name collision, changing joint name to [door_joint].
[ERROR] [1774968912.721553, 0.000000]: Spawn service failed. Exiting.
[ INFO] [1774968912.707260551]: waitForService: Service [/gazebo/set_physics_properties] is now available.
[ INFO] [1774968912.725500357, 1054.803000000]: Physics dynamic reconfigure ready.
[1;33mWarning [parser_urdf.cc:1161][0m multiple inconsistent <gravity> exists due to fixed joint reduction overwriting previous value [true] with [false].
[1;33mWarning [parser_urdf.cc:1161][0m multiple inconsistent <gravity> exists due to fixed joint reduction overwriting previous value [false] with [true].
[ERROR] [1774968913.325014192, 1054.899000000]: No p gain specified for pid.  Namespace: /gazebo_ros_control/pid_gains/front_left_wheel
[ERROR] [1774968913.325462564, 1054.899000000]: No p gain specified for pid.  Namespace: /gazebo_ros_control/pid_gains/front_right_wheel
[ERROR] [1774968913.325924974, 1054.899000000]: No p gain specified for pid.  Namespace: /gazebo_ros_control/pid_gains/rear_left_wheel
[ERROR] [1774968913.326333886, 1054.899000000]: No p gain specified for pid.  Namespace: /gazebo_ros_control/pid_gains/rear_right_wheel
[ WARN] [1774968913.372620417, 1054.900000000]: Failed to meet update rate! Took 1054.9000000000000909
[ WARN] [1774968913.373421690, 1054.901000000]: Failed to meet update rate! Took 1054.8810000000000855
[ WARN] [1774968913.373468413, 1054.901000000]: Timed out waiting for transform from base_link to map to become available before running costmap, tf error: canTransform: target_frame map does not exist.. canTransform returned after 1054.9 timeout was 0.1.
[ WARN] [1774968914.613347907, 1056.125000000]: global_costmap: Pre-Hydro parameter "static_map" unused since "plugins" is provided
[ WARN] [1774968914.613991063, 1056.126000000]: global_costmap: Pre-Hydro parameter "map_type" unused since "plugins" is provided
[ WARN] [1774968915.323265935, 1056.824000000]: Interactive marker 'robot_twist_marker' contains unnormalized quaternions. This warning will only be output once but may be true for others; enable DEBUG messages for ros.rviz.quaternions to see more details.
[ WARN] [1774968946.544580623, 1087.649000000]: [Multi Floor Nav] Initial pose perturbation applied: offset_x=0.25, offset_y=0.25, offset_theta=0.15
[ WARN] [1774968946.572691689, 1087.677000000]: local_costmap: Pre-Hydro parameter "static_map" unused since "plugins" is provided
[ WARN] [1774968946.572923418, 1087.677000000]: local_costmap: Pre-Hydro parameter "map_type" unused since "plugins" is provided
[ WARN] [1774968946.607629190, 1087.712000000]: Parameter pdist_scale is deprecated. Please use the name path_distance_bias instead.
[ WARN] [1774968946.608101937, 1087.712000000]: Parameter gdist_scale is deprecated. Please use the name goal_distance_bias instead.
[ WARN] [1774968947.608271599, 1088.701000000]: The origin for the sensor at (0.20, 0.19) is out of map bounds. So, the costmap cannot raytrace for it.
[ WARN] [1774969011.035529971, 1151.458000000]: [Multi Floor Nav] Initial pose perturbation applied: offset_x=0.25, offset_y=0.25, offset_theta=0.15
[ INFO] [1774968911.577032951]: [Multi Floor Nav] Module A sigma: L0=(0.150,0.150,0.100) L1=(0.200,0.200,0.120)
[ INFO] [1774968911.577654806]: [Multi Floor Nav] Module A delay: L0=6.0s  L1=12.0s  backoff: factor=1.30 max=2.00
[ INFO] [1774968946.397552667, 1087.504000000]: [Multi Floor Nav] Successfully loaded map for level: 0
[ INFO] [1774968946.544640336, 1087.649000000]: [Multi Floor Nav] Adaptive sigma: offset_planar=0.354, adaptive_scale=0.124, adaptive_yaw=0.072 ??? sigma(0.124, 0.124, 0.072)
[ INFO] [1774968946.544654723, 1087.649000000]: [Multi Floor Nav] Initializing Robot at x: 5.2, y: -0.2, yaw: 0.1 (level=0, sigma: x=0.124, y=0.124, yaw=0.072, retry=0)
[ INFO] [1774968946.544708989, 1087.649000000]: [Multi Floor Nav] Initializing Pose to x: 5.00, y: -0.50 at level: 0
[ INFO] [1774968947.557999201, 1088.651000000]: [Multi Floor Nav] Waiting for AMCL nomotion updates (1.0/6.0s, L0)...
[ INFO] [1774968948.571645408, 1089.652000000]: [Multi Floor Nav] Waiting for AMCL nomotion updates (2.0/6.0s, L0)...
[ INFO] [1774968949.781864406, 1090.853000000]: [Multi Floor Nav] Waiting for AMCL nomotion updates (3.2/6.0s, L0)...
[ INFO] [1774968950.792794790, 1091.853000000]: [Multi Floor Nav] Waiting for AMCL nomotion updates (4.2/6.0s, L0)...
[ INFO] [1774968952.004858802, 1093.052000000]: [Multi Floor Nav] Waiting for AMCL nomotion updates (5.4/6.0s, L0)...
[ INFO] [1774968952.613693324, 1093.652000000]: [Multi Floor Nav] Current Robot Pose, x: 5.15, y: -0.04, yaw: 0.11
[ INFO] [1774968952.613713089, 1093.652000000]: [Multi Floor Nav] Linear Error: 0.49, Angular Error: 0.11
[ INFO] [1774968952.613722099, 1093.652000000]: [Multi Floor Nav] Robot at correct pose
[ INFO] [1774968952.614896108, 1093.653000000]: [Multi Floor Nav] RELOC_PASS: linear_error=0.4882, angular_error=0.1053, linear_error_init=0.2359, angular_error_init=0.0447, tr_sigma=0.0024, C_t=0.9977
[ INFO] [1774968953.629799883, 1094.653000000]: [Multi Floor Nav] POST_PASS: dt=1.000s, linear_error=0.4874, angular_error=0.1054
[ INFO] [1774968953.629831660, 1094.653000000]: [Multi Floor Nav] Will send goal to x: 3, y: -0, at level: 0
[ INFO] [1774968953.629847653, 1094.653000000]: [Multi Floor Nav] Sending Robot to x: 3.0, y: -0.5, yaw: 3.1
[ INFO] [1774968953.834890979, 1094.854000000]: [Multi Floor Nav] POST_PASS: dt=1.201s, linear_error=0.4874, angular_error=0.1054
[ INFO] [1774968954.036873430, 1095.053000000]: [Multi Floor Nav] POST_PASS: dt=1.400s, linear_error=0.4874, angular_error=0.1054
[ INFO] [1774968954.240897515, 1095.253000000]: [Multi Floor Nav] POST_PASS: dt=1.600s, linear_error=0.5190, angular_error=0.2819
[ INFO] [1774968954.442911746, 1095.453000000]: [Multi Floor Nav] POST_PASS: dt=1.800s, linear_error=0.5290, angular_error=0.6971
[ INFO] [1774968954.645918962, 1095.653000000]: [Multi Floor Nav] POST_PASS: dt=2.000s, linear_error=0.5290, angular_error=0.6971
[ INFO] [1774968973.631596305, 1114.454000000]: [Multi Floor Nav] Requesting Lift to Level 0
[ INFO] [1774968973.833711388, 1114.653000000]: [Multi Floor Nav] Entering Lift at Level 0
[ INFO] [1774968991.175305616, 1131.854000000]: [Multi Floor Nav] Requesting Lift to Level 1
[ INFO] [1774968998.248775852, 1138.854000000]: [Multi Floor Nav] Exiting Lift at Level 1
[ INFO] [1774969010.880316451, 1151.305000000]: [Multi Floor Nav] Successfully loaded map for level: 1
[ INFO] [1774969011.035595621, 1151.458000000]: [Multi Floor Nav] Adaptive sigma: offset_planar=0.354, adaptive_scale=0.124, adaptive_yaw=0.072 ??? sigma(0.124, 0.124, 0.072)
[ INFO] [1774969011.035622020, 1151.458000000]: [Multi Floor Nav] Initializing Robot at x: 3.2, y: -0.2, yaw: 3.3 (level=1, sigma: x=0.124, y=0.124, yaw=0.072, retry=0)
[ INFO] [1774969011.035685435, 1151.458000000]: [Multi Floor Nav] Initializing Pose to x: 3.00, y: -0.50 at level: 1
[ INFO] [1774969012.056555050, 1152.461000000]: [Multi Floor Nav] Waiting for AMCL nomotion updates (1.0/12.0s, L1)...
[ INFO] [1774969013.077221099, 1153.462000000]: [Multi Floor Nav] Waiting for AMCL nomotion updates (2.0/12.0s, L1)...
[ INFO] [1774969014.301694202, 1154.662000000]: [Multi Floor Nav] Waiting for AMCL nomotion updates (3.2/12.0s, L1)...
[ INFO] [1774969015.321944742, 1155.662000000]: [Multi Floor Nav] Waiting for AMCL nomotion updates (4.2/12.0s, L1)...
[ INFO] [1774969016.341935006, 1156.662000000]: [Multi Floor Nav] Waiting for AMCL nomotion updates (5.2/12.0s, L1)...
[ INFO] [1774969017.361816757, 1157.663000000]: [Multi Floor Nav] Waiting for AMCL nomotion updates (6.2/12.0s, L1)...
[ INFO] [1774969018.580723558, 1158.862000000]: [Multi Floor Nav] Waiting for AMCL nomotion updates (7.4/12.0s, L1)...
[ INFO] [1774969019.599597485, 1159.862000000]: [Multi Floor Nav] Waiting for AMCL nomotion updates (8.4/12.0s, L1)...
[ INFO] [1774969020.821274118, 1161.062000000]: [Multi Floor Nav] Waiting for AMCL nomotion updates (9.6/12.0s, L1)...
[ INFO] [1774969021.835494223, 1162.062000000]: [Multi Floor Nav] Waiting for AMCL nomotion updates (10.6/12.0s, L1)...
[ INFO] [1774969022.848728345, 1163.062000000]: [Multi Floor Nav] Waiting for AMCL nomotion updates (11.6/12.0s, L1)...
[ INFO] [1774969023.256809915, 1163.462000000]: [Multi Floor Nav] Current Robot Pose, x: 3.25, y: -0.54, yaw: 3.13
[ INFO] [1774969023.256832404, 1163.462000000]: [Multi Floor Nav] Linear Error: 0.26, Angular Error: 0.02
[ INFO] [1774969023.256844765, 1163.463000000]: [Multi Floor Nav] Robot at correct pose
[ INFO] [1774969023.258248480, 1163.464000000]: [Multi Floor Nav] RELOC_PASS: linear_error=0.2558, angular_error=0.0165, linear_error_init=0.2899, angular_error_init=0.1665, tr_sigma=-0.0000, C_t=1.0000
[ INFO] [1774969024.276328477, 1164.465000000]: [Multi Floor Nav] POST_PASS: dt=1.001s, linear_error=0.2558, angular_error=0.0168
[ INFO] [1774969024.276375131, 1164.465000000]: [Multi Floor Nav] Will send goal to x: 4, y: 5, at level: 1
[ INFO] [1774969024.276399505, 1164.465000000]: [Multi Floor Nav] Sending Robot to x: 4.0, y: 5.0, yaw: 0.0
[ INFO] [1774969024.478088606, 1164.664000000]: [Multi Floor Nav] POST_PASS: dt=1.200s, linear_error=0.2558, angular_error=0.0168
[ INFO] [1774969024.681063183, 1164.864000000]: [Multi Floor Nav] POST_PASS: dt=1.400s, linear_error=0.2558, angular_error=0.0168
[ INFO] [1774969024.883627450, 1165.064000000]: [Multi Floor Nav] POST_PASS: dt=1.600s, linear_error=0.1423, angular_error=0.1533
[ INFO] [1774969025.086133401, 1165.264000000]: [Multi Floor Nav] POST_PASS: dt=1.800s, linear_error=0.0269, angular_error=0.5143
[ INFO] [1774969043.850604939, 1183.664000000]: [Multi Floor Nav] Robot arrived at Goal
[ INFO] [1774968914.614900728, 1056.127000000]: global_costmap: Using plugin "static_layer"
[ INFO] [1774968914.618925880, 1056.131000000]: Requesting the map...
[ INFO] [1774968946.427035669, 1087.534000000]: Resizing costmap to 992 X 992 at 0.020000 m/pix
[ INFO] [1774968946.527827767, 1087.632000000]: Received a 992 X 992 map at 0.020000 m/pix
[ INFO] [1774968946.532543290, 1087.637000000]: global_costmap: Using plugin "obstacles_layer"
[ INFO] [1774968946.535884572, 1087.640000000]:     Subscribed to Topics: scan
[ INFO] [1774968946.546185754, 1087.650000000]: global_costmap: Using plugin "inflater_layer"
[ INFO] [1774968946.573327861, 1087.677000000]: local_costmap: Using plugin "obstacles_layer"
[ INFO] [1774968946.575859629, 1087.680000000]:     Subscribed to Topics: scan
[ INFO] [1774968946.583245273, 1087.687000000]: local_costmap: Using plugin "inflater_layer"
[ INFO] [1774968946.601906645, 1087.706000000]: Created local_planner base_local_planner/TrajectoryPlannerROS
[ INFO] [1774968946.605852881, 1087.710000000]: Sim period is set to 0.05
[ INFO] [1774968946.651960862, 1087.756000000]: Recovery behavior will clear layer 'obstacles'
[ INFO] [1774968946.656270126, 1087.760000000]: Recovery behavior will clear layer 'obstacles'
[ INFO] [1774968946.797885766, 1087.901000000]: odom received!
[31m[urdf_spawner-8] process has died [pid 98959, exit code 1, cmd /opt/ros/noetic/lib/gazebo_ros/spawn_model -urdf -model jackal -param robot_description -x 5.0 -y -0.5 -z 0.5 __name:=urdf_spawner __log:=/home/eethanhe/.ros/log/9d8a21d0-2d11-11f1-8422-679edff71d44/urdf_spawner-8.log].
log file: /home/eethanhe/.ros/log/9d8a21d0-2d11-11f1-8422-679edff71d44/urdf_spawner-8*.log[0m

auto-starting new master
[1mprocess[master]: started with pid [98911][0m
[1mROS_MASTER_URI=http://localhost:11311[0m
]2;/home/eethanhe/catkin_ws/src/robot-multi-floor-navigation/multi_floor_nav/launch/nav.launch http://localhost:11311
[1msetting /run_id to 9d8a21d0-2d11-11f1-8422-679edff71d44[0m
[1mprocess[rosout-1]: started with pid [98936][0m
started core service [/rosout]
[1mprocess[gazebo-2]: started with pid [98943][0m
[1mprocess[robot_state_publisher-3]: started with pid [98947][0m
[1mprocess[controller_spawner-4]: started with pid [98949][0m
[1mprocess[ekf_localization-5]: started with pid [98950][0m
[1mprocess[twist_mux-6]: started with pid [98951][0m
[1mprocess[twist_marker_server-7]: started with pid [98956][0m
[1mprocess[urdf_spawner-8]: started with pid [98959][0m
[1mprocess[map_server0-9]: started with pid [98967][0m
[1mprocess[map_server1-10]: started with pid [98975][0m
[1mprocess[amcl-11]: started with pid [98978][0m
[1mprocess[move_base-12]: started with pid [98980][0m
[1mprocess[rviz-13]: started with pid [98986][0m
[1mprocess[change_map_node-14]: started with pid [98999][0m
[1mprocess[multi_floor_navigation_node-15]: started with pid [99021][0m
[multi_floor_navigation_node-15] killing on exit
[change_map_node-14] killing on exit
[rviz-13] killing on exit
[move_base-12] killing on exit
[amcl-11] killing on exit
[map_server1-10] killing on exit
[map_server0-9] killing on exit
[twist_marker_server-7] killing on exit
[twist_mux-6] killing on exit
[ekf_localization-5] killing on exit
[controller_spawner-4] killing on exit
[robot_state_publisher-3] killing on exit
[gazebo-2] killing on exit
[rosout-1] killing on exit
[master] killing on exit
shutting down processing monitor...
... shutting down processing monitor complete
[1mdone[0m
