xacro: in-order processing became default in ROS Melodic. You can drop the option.
... logging to /home/eethanhe/.ros/log/0a540a18-2d14-11f1-8422-679edff71d44/roslaunch-eethanhe-Lenovo-Legion-R9000P2021H-112859.log
Checking log directory for disk usage. This may take a while.
Press Ctrl-C to interrupt
Done checking log file disk usage. Usage is <1GB.
]2;/home/eethanhe/catkin_ws/src/robot-multi-floor-navigation/multi_floor_nav/launch/nav.launch
[1mstarted roslaunch server http://eethanhe-Lenovo-Legion-R9000P2021H:45083/[0m

SUMMARY
========

PARAMETERS
 * /amcl/auto_update_noise: 0.0
 * /amcl/base_frame_id: base_link
 * /amcl/expected_laser_freq: 5.0
 * /amcl/first_map_only: False
 * /amcl/global_frame_id: map
 * /amcl/gui_publish_rate: 10.0
 * /amcl/initial_pose_a: 0.0
 * /amcl/initial_pose_x: 0.0
 * /amcl/initial_pose_y: 0.0
 * /amcl/kld_err: 0.05
 * /amcl/kld_z: 0.99
 * /amcl/laser_lambda_short: 0.1
 * /amcl/laser_likelihood_max_dist: 2.0
 * /amcl/laser_max_beams: 720
 * /amcl/laser_max_range: 30.0
 * /amcl/laser_min_range: 0.1
 * /amcl/laser_model_type: likelihood_field
 * /amcl/laser_sigma_hit: 0.2
 * /amcl/laser_z_hit: 0.5
 * /amcl/laser_z_max: 0.05
 * /amcl/laser_z_rand: 0.5
 * /amcl/laser_z_short: 0.05
 * /amcl/max_particles: 2000
 * /amcl/min_particles: 500
 * /amcl/odom_alpha1: 0.2
 * /amcl/odom_alpha2: 0.2
 * /amcl/odom_alpha3: 0.2
 * /amcl/odom_alpha4: 0.2
 * /amcl/odom_alpha5: 0.1
 * /amcl/odom_frame_id: odom
 * /amcl/odom_model_type: diff
 * /amcl/odom_update_interval: 0.1
 * /amcl/recovery_alpha_fast: 0.1
 * /amcl/recovery_alpha_slow: 0.001
 * /amcl/resample_interval: 1
 * /amcl/transform_tolerance: 1.0
 * /amcl/update_min_a: 0.3927
 * /amcl/update_min_d: 0.1
 * /amcl/use_map_topic: False
 * /ekf_localization/base_link_frame: base_link
 * /ekf_localization/frequency: 50
 * /ekf_localization/imu0: /imu/data
 * /ekf_localization/imu0_config: [False, False, Fa...
 * /ekf_localization/imu0_differential: False
 * /ekf_localization/odom0: /jackal_velocity_...
 * /ekf_localization/odom0_config: [False, False, Fa...
 * /ekf_localization/odom0_differential: False
 * /ekf_localization/odom_frame: odom
 * /ekf_localization/predict_to_current_time: True
 * /ekf_localization/world_frame: odom
 * /gazebo/enable_ros_network: True
 * /jackal_joint_publisher/publish_rate: 50
 * /jackal_joint_publisher/type: joint_state_contr...
 * /jackal_velocity_controller/angular/z/has_acceleration_limits: True
 * /jackal_velocity_controller/angular/z/has_velocity_limits: True
 * /jackal_velocity_controller/angular/z/max_acceleration: 25.0
 * /jackal_velocity_controller/angular/z/max_velocity: 4.0
 * /jackal_velocity_controller/cmd_vel_timeout: 0.25
 * /jackal_velocity_controller/enable_odom_tf: False
 * /jackal_velocity_controller/k_l: 0.1
 * /jackal_velocity_controller/k_r: 0.1
 * /jackal_velocity_controller/left_wheel: ['front_left_whee...
 * /jackal_velocity_controller/linear/x/has_acceleration_limits: True
 * /jackal_velocity_controller/linear/x/has_velocity_limits: True
 * /jackal_velocity_controller/linear/x/max_acceleration: 20.0
 * /jackal_velocity_controller/linear/x/max_velocity: 2.0
 * /jackal_velocity_controller/pose_covariance_diagonal: [0.001, 0.001, 10...
 * /jackal_velocity_controller/publish_cmd: True
 * /jackal_velocity_controller/publish_rate: 50
 * /jackal_velocity_controller/right_wheel: ['front_right_whe...
 * /jackal_velocity_controller/twist_covariance_diagonal: [0.001, 0.001, 0....
 * /jackal_velocity_controller/type: diff_drive_contro...
 * /jackal_velocity_controller/wheel_radius_multiplier: 1.0
 * /jackal_velocity_controller/wheel_separation_multiplier: 1.5
 * /move_base/NavfnROS/allow_unknown: True
 * /move_base/TrajectoryPlannerROS/acc_lim_theta: 20.0
 * /move_base/TrajectoryPlannerROS/acc_lim_x: 10.0
 * /move_base/TrajectoryPlannerROS/angular_sim_granularity: 0.02
 * /move_base/TrajectoryPlannerROS/controller_frequency: 20.0
 * /move_base/TrajectoryPlannerROS/dwa: True
 * /move_base/TrajectoryPlannerROS/escape_reset_dist: 0.1
 * /move_base/TrajectoryPlannerROS/escape_reset_theta: 0.1
 * /move_base/TrajectoryPlannerROS/escape_vel: -0.5
 * /move_base/TrajectoryPlannerROS/gdist_scale: 1.0
 * /move_base/TrajectoryPlannerROS/heading_lookahead: 0.325
 * /move_base/TrajectoryPlannerROS/heading_scoring: False
 * /move_base/TrajectoryPlannerROS/heading_scoring_timestep: 0.8
 * /move_base/TrajectoryPlannerROS/holonomic_robot: False
 * /move_base/TrajectoryPlannerROS/latch_xy_goal_tolerance: False
 * /move_base/TrajectoryPlannerROS/max_vel_theta: 1.57
 * /move_base/TrajectoryPlannerROS/max_vel_x: 0.5
 * /move_base/TrajectoryPlannerROS/meter_scoring: True
 * /move_base/TrajectoryPlannerROS/min_in_place_vel_theta: 0.314
 * /move_base/TrajectoryPlannerROS/min_vel_theta: -1.57
 * /move_base/TrajectoryPlannerROS/min_vel_x: 0.1
 * /move_base/TrajectoryPlannerROS/occdist_scale: 0.1
 * /move_base/TrajectoryPlannerROS/oscillation_reset_dist: 0.05
 * /move_base/TrajectoryPlannerROS/pdist_scale: 0.75
 * /move_base/TrajectoryPlannerROS/publish_cost_grid_pc: True
 * /move_base/TrajectoryPlannerROS/sim_granularity: 0.02
 * /move_base/TrajectoryPlannerROS/sim_time: 2.0
 * /move_base/TrajectoryPlannerROS/simple_attractor: False
 * /move_base/TrajectoryPlannerROS/vtheta_samples: 20
 * /move_base/TrajectoryPlannerROS/vx_samples: 6
 * /move_base/TrajectoryPlannerROS/xy_goal_tolerance: 0.25
 * /move_base/TrajectoryPlannerROS/yaw_goal_tolerance: 0.157
 * /move_base/base_global_planner: navfn/NavfnROS
 * /move_base/base_local_planner: base_local_planne...
 * /move_base/clearing_rotation_allowed: True
 * /move_base/controller_frequency: 20.0
 * /move_base/controller_patience: 15.0
 * /move_base/global_costmap/footprint: [[-0.21, -0.165],...
 * /move_base/global_costmap/footprint_padding: 0.1
 * /move_base/global_costmap/global_frame: map
 * /move_base/global_costmap/height: 40.0
 * /move_base/global_costmap/inflater_layer/inflation_radius: 0.3
 * /move_base/global_costmap/map_type: costmap
 * /move_base/global_costmap/meter_scoring: True
 * /move_base/global_costmap/obstacle_range: 2.5
 * /move_base/global_costmap/obstacles_layer/observation_sources: scan
 * /move_base/global_costmap/obstacles_layer/scan/clearing: True
 * /move_base/global_costmap/obstacles_layer/scan/data_type: LaserScan
 * /move_base/global_costmap/obstacles_layer/scan/marking: True
 * /move_base/global_costmap/obstacles_layer/scan/max_obstacle_height: 2.0
 * /move_base/global_costmap/obstacles_layer/scan/min_obstacle_height: -2.0
 * /move_base/global_costmap/obstacles_layer/scan/obstacle_range: 2.5
 * /move_base/global_costmap/obstacles_layer/scan/raytrace_range: 3.0
 * /move_base/global_costmap/obstacles_layer/scan/sensor_frame: front_laser
 * /move_base/global_costmap/obstacles_layer/scan/topic: front/scan
 * /move_base/global_costmap/origin_x: -20.0
 * /move_base/global_costmap/origin_y: -20.0
 * /move_base/global_costmap/origin_z: 0.0
 * /move_base/global_costmap/plugins: [{'name': 'static...
 * /move_base/global_costmap/publish_frequency: 5.0
 * /move_base/global_costmap/publish_voxel_map: False
 * /move_base/global_costmap/raytrace_range: 3.0
 * /move_base/global_costmap/resolution: 0.05
 * /move_base/global_costmap/robot_base_frame: base_link
 * /move_base/global_costmap/rolling_window: False
 * /move_base/global_costmap/static_map: True
 * /move_base/global_costmap/transform_tolerance: 0.5
 * /move_base/global_costmap/update_frequency: 20.0
 * /move_base/global_costmap/width: 40.0
 * /move_base/global_costmap/z_resolution: 1
 * /move_base/global_costmap/z_voxels: 2
 * /move_base/local_costmap/footprint: [[-0.21, -0.165],...
 * /move_base/local_costmap/footprint_padding: 0.1
 * /move_base/local_costmap/global_frame: map
 * /move_base/local_costmap/height: 10.0
 * /move_base/local_costmap/inflater_layer/inflation_radius: 0.3
 * /move_base/local_costmap/map_type: costmap
 * /move_base/local_costmap/meter_scoring: True
 * /move_base/local_costmap/obstacle_range: 2.5
 * /move_base/local_costmap/obstacles_layer/observation_sources: scan
 * /move_base/local_costmap/obstacles_layer/scan/clearing: True
 * /move_base/local_costmap/obstacles_layer/scan/data_type: LaserScan
 * /move_base/local_costmap/obstacles_layer/scan/marking: True
 * /move_base/local_costmap/obstacles_layer/scan/max_obstacle_height: 2.0
 * /move_base/local_costmap/obstacles_layer/scan/min_obstacle_height: -2.0
 * /move_base/local_costmap/obstacles_layer/scan/obstacle_range: 2.5
 * /move_base/local_costmap/obstacles_layer/scan/raytrace_range: 3.0
 * /move_base/local_costmap/obstacles_layer/scan/sensor_frame: front_laser
 * /move_base/local_costmap/obstacles_layer/scan/topic: front/scan
 * /move_base/local_costmap/origin_z: 0.0
 * /move_base/local_costmap/plugins: [{'name': 'obstac...
 * /move_base/local_costmap/publish_frequency: 5.0
 * /move_base/local_costmap/publish_voxel_map: False
 * /move_base/local_costmap/raytrace_range: 3.0
 * /move_base/local_costmap/resolution: 0.05
 * /move_base/local_costmap/robot_base_frame: base_link
 * /move_base/local_costmap/rolling_window: True
 * /move_base/local_costmap/static_map: False
 * /move_base/local_costmap/transform_tolerance: 0.5
 * /move_base/local_costmap/update_frequency: 20.0
 * /move_base/local_costmap/width: 10.0
 * /move_base/local_costmap/z_resolution: 1
 * /move_base/local_costmap/z_voxels: 2
 * /move_base/oscillation_distance: 0.5
 * /move_base/oscillation_timeout: 0.0
 * /move_base/planner_frequency: 20.0
 * /move_base/planner_patience: 5.0
 * /move_base/recovery_behavior_enabled: True
 * /move_base/shutdown_costmaps: False
 * /multi_floor_navigation_node/init_pose_offset_theta: 0.2
 * /multi_floor_navigation_node/init_pose_offset_x: 0.32
 * /multi_floor_navigation_node/init_pose_offset_y: 0.32
 * /multi_floor_navigation_node/region_init_backoff_factor: 1.3
 * /multi_floor_navigation_node/region_init_max_backoff: 2.0
 * /multi_floor_navigation_node/region_init_sigma_adaptive_alpha: 0.35
 * /multi_floor_navigation_node/region_init_sigma_min_scale: 0.03
 * /multi_floor_navigation_node/region_init_sigma_min_yaw: 0.02
 * /multi_floor_navigation_node/region_init_sigma_x: 0.15
 * /multi_floor_navigation_node/region_init_sigma_x_L0: 0.15
 * /multi_floor_navigation_node/region_init_sigma_x_L1: 0.2
 * /multi_floor_navigation_node/region_init_sigma_y: 0.15
 * /multi_floor_navigation_node/region_init_sigma_y_L0: 0.15
 * /multi_floor_navigation_node/region_init_sigma_y_L1: 0.2
 * /multi_floor_navigation_node/region_init_sigma_yaw: 0.1
 * /multi_floor_navigation_node/region_init_sigma_yaw_L0: 0.1
 * /multi_floor_navigation_node/region_init_sigma_yaw_L1: 0.12
 * /multi_floor_navigation_node/reloc_min_check_delay_L0: 6.0
 * /multi_floor_navigation_node/reloc_min_check_delay_L1: 12.0
 * /multi_floor_navigation_node/reloc_min_check_delay_sec: 6.0
 * /robot_description: <?xml version="1....
 * /rosdistro: noetic
 * /rosversion: 1.17.0
 * /twist_marker_server/link_name: base_link
 * /twist_mux/locks: [{'name': 'e_stop...
 * /twist_mux/topics: [{'name': 'joy', ...
 * /use_gui: True
 * /use_sim_time: True

NODES
  /
    amcl (amcl/amcl)
    change_map_node (multi_floor_nav/change_map_node)
    controller_spawner (controller_manager/spawner)
    ekf_localization (robot_localization/ekf_localization_node)
    gazebo (gazebo_ros/gzserver)
    map_server0 (map_server/map_server)
    map_server1 (map_server/map_server)
    move_base (move_base/move_base)
    multi_floor_navigation_node (multi_floor_nav/multi_floor_navigation_node)
    robot_state_publisher (robot_state_publisher/robot_state_publisher)
    rviz (rviz/rviz)
    twist_marker_server (interactive_marker_twist_server/marker_server)
    twist_mux (twist_mux/twist_mux)
    urdf_spawner (gazebo_ros/spawn_model)
[ INFO] [1774969953.380139648]: Finished loading Gazebo ROS API Plugin.
[ INFO] [1774969953.387070205]: waitForService: Service [/gazebo/set_physics_properties] has not been advertised, waiting...
[1;33mWarning [Model.cc:216][0m Non-unique name[door] detected 2 times in XML children of model with name[elevator].
[1;33mWarning [Model.cc:309][0m Joint with name [door] in model with name [elevator] has a name collision, changing joint name to [door_joint].
[ERROR] [1774969954.233780, 0.000000]: Spawn service failed. Exiting.
[ INFO] [1774969954.206726659]: waitForService: Service [/gazebo/set_physics_properties] is now available.
[ INFO] [1774969954.224404139]: Physics dynamic reconfigure ready.
[1;33mWarning [parser_urdf.cc:1161][0m multiple inconsistent <gravity> exists due to fixed joint reduction overwriting previous value [true] with [false].
[1;33mWarning [parser_urdf.cc:1161][0m multiple inconsistent <gravity> exists due to fixed joint reduction overwriting previous value [false] with [true].
[ERROR] [1774969954.798438174, 1054.896000000]: No p gain specified for pid.  Namespace: /gazebo_ros_control/pid_gains/front_left_wheel
[ERROR] [1774969954.798913159, 1054.896000000]: No p gain specified for pid.  Namespace: /gazebo_ros_control/pid_gains/front_right_wheel
[ERROR] [1774969954.799332621, 1054.896000000]: No p gain specified for pid.  Namespace: /gazebo_ros_control/pid_gains/rear_left_wheel
[ERROR] [1774969954.799721284, 1054.896000000]: No p gain specified for pid.  Namespace: /gazebo_ros_control/pid_gains/rear_right_wheel
[ WARN] [1774969954.842652546, 1054.897000000]: Failed to meet update rate! Took 1054.8969999999999345
[ WARN] [1774969954.843427916, 1054.898000000]: Failed to meet update rate! Took 1054.8769999999999527
[ WARN] [1774969954.843633317, 1054.898000000]: Timed out waiting for transform from base_link to map to become available before running costmap, tf error: canTransform: target_frame map does not exist. canTransform: source_frame base_link does not exist.. canTransform returned after 1054.9 timeout was 0.1.
[ WARN] [1774969955.872332024, 1055.913000000]: Interactive marker 'robot_twist_marker' contains unnormalized quaternions. This warning will only be output once but may be true for others; enable DEBUG messages for ros.rviz.quaternions to see more details.
[ WARN] [1774969956.144575707, 1056.182000000]: global_costmap: Pre-Hydro parameter "static_map" unused since "plugins" is provided
[ WARN] [1774969956.145608439, 1056.183000000]: global_costmap: Pre-Hydro parameter "map_type" unused since "plugins" is provided
[ WARN] [1774969988.087592866, 1087.699000000]: [Multi Floor Nav] Initial pose perturbation applied: offset_x=0.32, offset_y=0.32, offset_theta=0.20
[ WARN] [1774969988.221104673, 1087.832000000]: local_costmap: Pre-Hydro parameter "static_map" unused since "plugins" is provided
[ WARN] [1774969988.221302671, 1087.832000000]: local_costmap: Pre-Hydro parameter "map_type" unused since "plugins" is provided
[ WARN] [1774969988.255300422, 1087.866000000]: Parameter pdist_scale is deprecated. Please use the name path_distance_bias instead.
[ WARN] [1774969988.255826322, 1087.867000000]: Parameter gdist_scale is deprecated. Please use the name goal_distance_bias instead.
[ WARN] [1774969989.155861224, 1088.755000000]: The origin for the sensor at (0.21, 0.19) is out of map bounds. So, the costmap cannot raytrace for it.
[ WARN] [1774969994.361178040, 1093.904000000]: [Multi Floor Nav] Initial pose perturbation applied: offset_x=0.32, offset_y=0.32, offset_theta=0.20
[ WARN] [1774969994.361288179, 1093.904000000]: [Multi Floor Nav] Retry #1: sigma scaled by 1.300 ??? (0.195, 0.195, 0.117)
[ WARN] [1774970000.638476806, 1100.108000000]: [Multi Floor Nav] Initial pose perturbation applied: offset_x=0.32, offset_y=0.32, offset_theta=0.20
[ WARN] [1774970000.638573605, 1100.108000000]: [Multi Floor Nav] Retry #2: sigma scaled by 1.690 ??? (0.254, 0.254, 0.152)
[ INFO] [1774969953.105127907]: [Multi Floor Nav] Module A sigma: L0=(0.150,0.150,0.100) L1=(0.200,0.200,0.120)
[ INFO] [1774969953.108008410]: [Multi Floor Nav] Module A delay: L0=6.0s  L1=12.0s  backoff: factor=1.30 max=2.00
[ INFO] [1774969988.016642618, 1087.628000000]: [Multi Floor Nav] Successfully loaded map for level: 0
[ INFO] [1774969988.087651532, 1087.699000000]: [Multi Floor Nav] Adaptive sigma: offset_planar=0.453, adaptive_scale=0.158, adaptive_yaw=0.090 ??? sigma(0.150, 0.150, 0.090)
[ INFO] [1774969988.087664313, 1087.699000000]: [Multi Floor Nav] Initializing Robot at x: 5.3, y: -0.2, yaw: 0.2 (level=0, sigma: x=0.150, y=0.150, yaw=0.090, retry=0)
[ INFO] [1774969988.087687220, 1087.699000000]: [Multi Floor Nav] Initializing Pose to x: 5.00, y: -0.50 at level: 0
[ INFO] [1774969989.103121900, 1088.703000000]: [Multi Floor Nav] Waiting for AMCL nomotion updates (1.0/6.0s, L0)...
[ INFO] [1774969990.318314040, 1089.902000000]: [Multi Floor Nav] Waiting for AMCL nomotion updates (2.2/6.0s, L0)...
[ INFO] [1774969991.326721579, 1090.902000000]: [Multi Floor Nav] Waiting for AMCL nomotion updates (3.2/6.0s, L0)...
[ INFO] [1774969992.337937688, 1091.903000000]: [Multi Floor Nav] Waiting for AMCL nomotion updates (4.2/6.0s, L0)...
[ INFO] [1774969993.348753265, 1092.903000000]: [Multi Floor Nav] Waiting for AMCL nomotion updates (5.2/6.0s, L0)...
[ INFO] [1774969994.157727833, 1093.702000000]: [Multi Floor Nav] Current Robot Pose, x: 5.28, y: -0.02, yaw: 0.12
[ INFO] [1774969994.157781121, 1093.702000000]: [Multi Floor Nav] Linear Error: 0.56, Angular Error: 0.12
[ INFO] [1774969994.157821768, 1093.702000000]: [Multi Floor Nav] Setting initial pose failed. Will Retry (retry #1)
[ INFO] [1774969994.361246344, 1093.904000000]: [Multi Floor Nav] Adaptive sigma: offset_planar=0.453, adaptive_scale=0.158, adaptive_yaw=0.090 ??? sigma(0.150, 0.150, 0.090)
[ INFO] [1774969994.361338324, 1093.904000000]: [Multi Floor Nav] Initializing Robot at x: 5.3, y: -0.2, yaw: 0.2 (level=0, sigma: x=0.195, y=0.195, yaw=0.117, retry=1)
[ INFO] [1774969994.361406838, 1093.904000000]: [Multi Floor Nav] Initializing Pose to x: 5.00, y: -0.50 at level: 0
[ INFO] [1774969995.374938170, 1094.906000000]: [Multi Floor Nav] Waiting for AMCL nomotion updates (1.0/6.0s, L0)...
[ INFO] [1774969996.389952847, 1095.908000000]: [Multi Floor Nav] Waiting for AMCL nomotion updates (2.0/6.0s, L0)...
[ INFO] [1774969997.603419947, 1097.107000000]: [Multi Floor Nav] Waiting for AMCL nomotion updates (3.2/6.0s, L0)...
[ INFO] [1774969998.614748167, 1098.107000000]: [Multi Floor Nav] Waiting for AMCL nomotion updates (4.2/6.0s, L0)...
[ INFO] [1774969999.626519667, 1099.107000000]: [Multi Floor Nav] Waiting for AMCL nomotion updates (5.2/6.0s, L0)...
[ INFO] [1774970000.434028993, 1099.906000000]: [Multi Floor Nav] Current Robot Pose, x: 5.22, y: -0.02, yaw: 0.12
[ INFO] [1774970000.434049596, 1099.906000000]: [Multi Floor Nav] Linear Error: 0.53, Angular Error: 0.12
[ INFO] [1774970000.434058954, 1099.906000000]: [Multi Floor Nav] Setting initial pose failed. Will Retry (retry #2)
[ INFO] [1774970000.638543993, 1100.108000000]: [Multi Floor Nav] Adaptive sigma: offset_planar=0.453, adaptive_scale=0.158, adaptive_yaw=0.090 ??? sigma(0.150, 0.150, 0.090)
[ INFO] [1774970000.638611738, 1100.108000000]: [Multi Floor Nav] Initializing Robot at x: 5.3, y: -0.2, yaw: 0.2 (level=0, sigma: x=0.254, y=0.254, yaw=0.152, retry=2)
[ INFO] [1774970000.638675712, 1100.108000000]: [Multi Floor Nav] Initializing Pose to x: 5.00, y: -0.50 at level: 0
[ INFO] [1774970001.652169066, 1101.111000000]: [Multi Floor Nav] Waiting for AMCL nomotion updates (1.0/6.0s, L0)...
[ INFO] [1774970002.663202080, 1102.111000000]: [Multi Floor Nav] Waiting for AMCL nomotion updates (2.0/6.0s, L0)...
[ INFO] [1774970003.674639264, 1103.112000000]: [Multi Floor Nav] Waiting for AMCL nomotion updates (3.0/6.0s, L0)...
[ INFO] [1774970004.891571664, 1104.310000000]: [Multi Floor Nav] Waiting for AMCL nomotion updates (4.2/6.0s, L0)...
[ INFO] [1774970005.905681023, 1105.311000000]: [Multi [ WARN] [1774970006.919691071, 1106.312000000]: [Multi Floor Nav] Initial pose perturbation applied: offset_x=0.32, offset_y=0.32, offset_theta=0.20
[ WARN] [1774970006.919780537, 1106.312000000]: [Multi Floor Nav] Retry #3: sigma scaled by 2.000 ??? (0.300, 0.300, 0.180)
[ WARN] [1774970071.448845062, 1170.118000000]: [Multi Floor Nav] Initial pose perturbation applied: offset_x=0.32, offset_y=0.32, offset_theta=0.20
Floor Nav] Waiting for AMCL nomotion updates (5.2/6.0s, L0)...
[ INFO] [1774970006.714451891, 1106.111000000]: [Multi Floor Nav] Current Robot Pose, x: 4.76, y: -0.01, yaw: 0.03
[ INFO] [1774970006.714471028, 1106.111000000]: [Multi Floor Nav] Linear Error: 0.55, Angular Error: 0.03
[ INFO] [1774970006.714481015, 1106.111000000]: [Multi Floor Nav] Setting initial pose failed. Will Retry (retry #3)
[ INFO] [1774970006.919754277, 1106.312000000]: [Multi Floor Nav] Adaptive sigma: offset_planar=0.453, adaptive_scale=0.158, adaptive_yaw=0.090 ??? sigma(0.150, 0.150, 0.090)
[ INFO] [1774970006.919809590, 1106.312000000]: [Multi Floor Nav] Initializing Robot at x: 5.3, y: -0.2, yaw: 0.2 (level=0, sigma: x=0.300, y=0.300, yaw=0.180, retry=3)
[ INFO] [1774970006.919849609, 1106.312000000]: [Multi Floor Nav] Initializing Pose to x: 5.00, y: -0.50 at level: 0
[ INFO] [1774970007.936695745, 1107.315000000]: [Multi Floor Nav] Waiting for AMCL nomotion updates (1.0/6.0s, L0)...
[ INFO] [1774970008.950277885, 1108.315000000]: [Multi Floor Nav] Waiting for AMCL nomotion updates (2.0/6.0s, L0)...
[ INFO] [1774970009.962901256, 1109.316000000]: [Multi Floor Nav] Waiting for AMCL nomotion updates (3.0/6.0s, L0)...
[ INFO] [1774970011.178749750, 1110.516000000]: [Multi Floor Nav] Waiting for AMCL nomotion updates (4.2/6.0s, L0)...
[ INFO] [1774970012.392376201, 1111.714000000]: [Multi Floor Nav] Waiting for AMCL nomotion updates (5.4/6.0s, L0)...
[ INFO] [1774970013.000027933, 1112.314000000]: [Multi Floor Nav] Current Robot Pose, x: 4.84, y: -0.09, yaw: 0.10
[ INFO] [1774970013.000047837, 1112.314000000]: [Multi Floor Nav] Linear Error: 0.44, Angular Error: 0.10
[ INFO] [1774970013.000058872, 1112.314000000]: [Multi Floor Nav] Robot at correct pose
[ INFO] [1774970013.001303221, 1112.315000000]: [Multi Floor Nav] RELOC_PASS: linear_error=0.4423, angular_error=0.1031, linear_error_init=0.4928, angular_error_init=0.0969, tr_sigma=0.0271, C_t=0.9732
[ INFO] [1774970014.014775794, 1113.315000000]: [Multi Floor Nav] POST_PASS: dt=1.000s, linear_error=0.4415, angular_error=0.1042
[ INFO] [1774970014.014843958, 1113.315000000]: [Multi Floor Nav] Will send goal to x: 3, y: -0, at level: 0
[ INFO] [1774970014.014894034, 1113.315000000]: [Multi Floor Nav] Sending Robot to x: 3.0, y: -0.5, yaw: 3.1
[ INFO] [1774970014.217845381, 1113.516000000]: [Multi Floor Nav] POST_PASS: dt=1.201s, linear_error=0.4415, angular_error=0.1042
[ INFO] [1774970014.419664752, 1113.716000000]: [Multi Floor Nav] POST_PASS: dt=1.400s, linear_error=0.4415, angular_error=0.1042
[ INFO] [1774970014.622729310, 1113.915000000]: [Multi Floor Nav] POST_PASS: dt=1.600s, linear_error=0.4125, angular_error=0.2961
[ INFO] [1774970014.825475325, 1114.115000000]: [Multi Floor Nav] POST_PASS: dt=1.800s, linear_error=0.3676, angular_error=0.6786
[ INFO] [1774970015.027289458, 1114.315000000]: [Multi Floor Nav] POST_PASS: dt=2.000s, linear_error=0.2963, angular_error=1.1120
[ INFO] [1774970034.016838786, 1133.115000000]: [Multi Floor Nav] Requesting Lift to Level 0
[ INFO] [1774970034.218028834, 1133.315000000]: [Multi Floor Nav] Entering Lift at Level 0
[ INFO] [1774970051.583645152, 1150.515000000]: [Multi Floor Nav] Requesting Lift to Level 1
[ INFO] [1774970058.662391558, 1157.515000000]: [Multi Floor Nav] Exiting Lift at Level 1
[ INFO] [1774970071.355411726, 1170.027000000]: [Multi Floor Nav] Successfully loaded map for level: 1
[ INFO] [1774970071.448938019, 1170.118000000]: [Multi Floor Nav] Adaptive sigma: offset_planar=0.453, adaptive_scale=0.158, adaptive_yaw=0.090 ??? sigma(0.158, 0.158, 0.090)
[ INFO] [1774970071.448989981, 1170.118000000]: [Multi Floor Nav] Initializing Robot at x: 3.3, y: -0.2, yaw: 3.3 (level=1, sigma: x=0.158, y=0.158, yaw=0.090, retry=0)
[ INFO] [1774970071.449039637, 1170.118000000]: [Multi Floor Nav] Initializing Pose to x: 3.00, y: -0.50 at level: 1
[ INFO] [1774970072.473837273, 1171.121000000]: [Multi Floor Nav] Waiting for AMCL nomotion updates (1.0/12.0s, L1)...
[ INFO] [1774970073.491874414, 1172.121000000]: [Multi Floor Nav] Waiting for AMCL nomotion updates (2.0/12.0s, L1)...
[ INFO] [1774970074.508630612, 1173.121000000]: [Multi Floor Nav] Waiting for AMCL nomotion updates (3.0/12.0s, L1)...
[ INFO] [1774970075.529360461, 1174.122000000]: [Multi Floor Nav] Waiting for AMCL nomotion updates (4.0/12.0s, L1)...
[ INFO] [1774970076.755227487, 1175.321000000]: [Multi Floor Nav] Waiting for AMCL nomotion updates (5.2/12.0s, L1)...
[ INFO] [1774970077.982064602, 1176.522000000]: [Multi Floor Nav] Waiting for AMCL nomotion updates (6.4/12.0s, L1)...
[ INFO] [1774970079.205009367, 1177.721000000]: [Multi Floor Nav] Waiting for AMCL nomotion updates (7.6/12.0s, L1)...
[ INFO] [1774970080.226739412, 1178.721000000]: [Multi Floor Nav] Waiting for AMCL nomotion updates (8.6/12.0s, L1)...
[ INFO] [1774970081.247528149, 1179.722000000]: [Multi Floor Nav] Waiting for AMCL nomotion updates (9.6/12.0s, L1)...
[ INFO] [1774970082.470481372, 1180.921000000]: [Multi Floor Nav] Waiting for AMCL nomotion updates (10.8/12.0s, L1)...
[ INFO] [1774970083.693341222, 1182.121000000]: [Multi Floor Nav] Current Robot Pose, x: 3.32, y: -0.46, yaw: -3.04
[ INFO] [1774970083.693361196, 1182.121000000]: [Multi Floor Nav] Linear Error: 0.33, Angular Error: 0.10
[ INFO] [1774970083.693369368, 1182.121000000]: [Multi Floor Nav] Robot at correct pose
[ INFO] [1774970083.695107141, 1182.123000000]: [Multi Floor Nav] RELOC_PASS: linear_error=0.3274, angular_error=0.0981, linear_error_init=0.2792, angular_error_init=0.1019, tr_sigma=0.0035, C_t=0.9965
[ INFO] [1774970084.709947774, 1183.123000000]: [Multi Floor Nav] POST_PASS: dt=1.000s, linear_error=0.3256, angular_error=0.0980
[ INFO] [1774970084.709995754, 1183.123000000]: [Multi Floor Nav] Will send goal to x: 4, y: 5, at level: 1
[ INFO] [1774970084.710023271, 1183.123000000]: [Multi Floor Nav] Sending Robot to x: 4.0, y: 5.0, yaw: 0.0
[ INFO] [1774970084.913157283, 1183.323000000]: [Multi Floor Nav] POST_PASS: dt=1.200s, linear_error=0.3256, angular_error=0.0980
[ INFO] [1774970085.117270320, 1183.523000000]: [Multi Floor Nav] POST_PASS: dt=1.400s, linear_error=0.3256, angular_error=0.0980
[ INFO] [1774970085.319947785, 1183.723000000]: [Multi Floor Nav] POST_PASS: dt=1.600s, linear_error=0.2255, angular_error=0.0050
[ INFO] [1774970085.525227020, 1183.923000000]: [Multi Floor Nav] POST_PASS: dt=1.800s, linear_error=0.1243, angular_error=0.2679
[ INFO] [1774970085.728135727, 1184.123000000]: [Multi Floor Nav] POST_PASS: dt=2.000s, linear_error=0.0984, angular_error=0.6786
[ INFO] [1774970104.877639216, 1202.923000000]: [Multi Floor Nav] Robot arrived at Goal
[ INFO] [1774969956.147444966, 1056.185000000]: global_costmap: Using plugin "static_layer"
[ INFO] [1774969956.152270389, 1056.190000000]: Requesting the map...
[ INFO] [1774969988.081960924, 1087.693000000]: Resizing costmap to 992 X 992 at 0.020000 m/pix
[ INFO] [1774969988.181172150, 1087.792000000]: Received a 992 X 992 map at 0.020000 m/pix
[ INFO] [1774969988.186337767, 1087.797000000]: global_costmap: Using plugin "obstacles_layer"
[ INFO] [1774969988.193128364, 1087.804000000]:     Subscribed to Topics: scan
[ INFO] [1774969988.201162541, 1087.812000000]: global_costmap: Using plugin "inflater_layer"
[ INFO] [1774969988.221676178, 1087.832000000]: local_costmap: Using plugin "obstacles_layer"
[ INFO] [1774969988.224036090, 1087.835000000]:     Subscribed to Topics: scan
[ INFO] [1774969988.231326675, 1087.842000000]: local_costmap: Using plugin "inflater_layer"
[ INFO] [1774969988.248719696, 1087.859000000]: Created local_planner base_local_planner/TrajectoryPlannerROS
[ INFO] [1774969988.253299560, 1087.864000000]: Sim period is set to 0.05
[ INFO] [1774969988.303514358, 1087.914000000]: Recovery behavior will clear layer 'obstacles'
[ INFO] [1774969988.310431855, 1087.921000000]: Recovery behavior will clear layer 'obstacles'
[ INFO] [1774969988.407863614, 1088.017000000]: odom received!
[31m[urdf_spawner-8] process has died [pid 112988, exit code 1, cmd /opt/ros/noetic/lib/gazebo_ros/spawn_model -urdf -model jackal -param robot_description -x 5.0 -y -0.5 -z 0.5 __name:=urdf_spawner __log:=/home/eethanhe/.ros/log/0a540a18-2d14-11f1-8422-679edff71d44/urdf_spawner-8.log].
log file: /home/eethanhe/.ros/log/0a540a18-2d14-11f1-8422-679edff71d44/urdf_spawner-8*.log[0m

auto-starting new master
[1mprocess[master]: started with pid [112936][0m
[1mROS_MASTER_URI=http://localhost:11311[0m
]2;/home/eethanhe/catkin_ws/src/robot-multi-floor-navigation/multi_floor_nav/launch/nav.launch http://localhost:11311
[1msetting /run_id to 0a540a18-2d14-11f1-8422-679edff71d44[0m
[1mprocess[rosout-1]: started with pid [112961][0m
started core service [/rosout]
[1mprocess[gazebo-2]: started with pid [112968][0m
[1mprocess[robot_state_publisher-3]: started with pid [112971][0m
[1mprocess[controller_spawner-4]: started with pid [112974][0m
[1mprocess[ekf_localization-5]: started with pid [112975][0m
[1mprocess[twist_mux-6]: started with pid [112976][0m
[1mprocess[twist_marker_server-7]: started with pid [112981][0m
[1mprocess[urdf_spawner-8]: started with pid [112988][0m
[1mprocess[map_server0-9]: started with pid [112994][0m
[1mprocess[map_server1-10]: started with pid [113001][0m
[1mprocess[amcl-11]: started with pid [113003][0m
[1mprocess[move_base-12]: started with pid [113005][0m
[1mprocess[rviz-13]: started with pid [113011][0m
[1mprocess[change_map_node-14]: started with pid [113020][0m
[1mprocess[multi_floor_navigation_node-15]: started with pid [113027][0m
[multi_floor_navigation_node-15] killing on exit
[change_map_node-14] killing on exit
[rviz-13] killing on exit
[move_base-12] killing on exit
[amcl-11] killing on exit
[map_server1-10] killing on exit
[map_server0-9] killing on exit
[twist_marker_server-7] killing on exit
[twist_mux-6] killing on exit
[ekf_localization-5] killing on exit
[controller_spawner-4] killing on exit
[robot_state_publisher-3] killing on exit
[gazebo-2] killing on exit
[rosout-1] killing on exit
[master] killing on exit
shutting down processing monitor...
... shutting down processing monitor complete
[1mdone[0m
