xacro: in-order processing became default in ROS Melodic. You can drop the option.
... logging to /home/eethanhe/.ros/log/dded9916-280f-11f1-8845-1536d44dd856/roslaunch-eethanhe-Lenovo-Legion-R9000P2021H-523263.log
Checking log directory for disk usage. This may take a while.
Press Ctrl-C to interrupt
Done checking log file disk usage. Usage is <1GB.
]2;/home/eethanhe/catkin_ws/src/robot-multi-floor-navigation/multi_floor_nav/launch/nav.launch
[1mstarted roslaunch server http://eethanhe-Lenovo-Legion-R9000P2021H:46389/[0m

SUMMARY
========

PARAMETERS
 * /amcl/auto_update_noise: 0.0
 * /amcl/base_frame_id: base_link
 * /amcl/expected_laser_freq: 5.0
 * /amcl/first_map_only: False
 * /amcl/global_frame_id: map
 * /amcl/gui_publish_rate: 10.0
 * /amcl/initial_pose_a: 0.0
 * /amcl/initial_pose_x: 0.0
 * /amcl/initial_pose_y: 0.0
 * /amcl/kld_err: 0.05
 * /amcl/kld_z: 0.99
 * /amcl/laser_lambda_short: 0.1
 * /amcl/laser_likelihood_max_dist: 2.0
 * /amcl/laser_max_beams: 720
 * /amcl/laser_max_range: 30.0
 * /amcl/laser_min_range: 0.1
 * /amcl/laser_model_type: likelihood_field
 * /amcl/laser_sigma_hit: 0.2
 * /amcl/laser_z_hit: 0.5
 * /amcl/laser_z_max: 0.05
 * /amcl/laser_z_rand: 0.5
 * /amcl/laser_z_short: 0.05
 * /amcl/max_particles: 2000
 * /amcl/min_particles: 500
 * /amcl/odom_alpha1: 0.2
 * /amcl/odom_alpha2: 0.2
 * /amcl/odom_alpha3: 0.2
 * /amcl/odom_alpha4: 0.2
 * /amcl/odom_alpha5: 0.1
 * /amcl/odom_frame_id: odom
 * /amcl/odom_model_type: diff
 * /amcl/odom_update_interval: 0.1
 * /amcl/recovery_alpha_fast: 0.1
 * /amcl/recovery_alpha_slow: 0.001
 * /amcl/resample_interval: 1
 * /amcl/transform_tolerance: 1.0
 * /amcl/update_min_a: 0.3927
 * /amcl/update_min_d: 0.1
 * /amcl/use_map_topic: False
 * /ekf_localization/base_link_frame: base_link
 * /ekf_localization/frequency: 50
 * /ekf_localization/imu0: /imu/data
 * /ekf_localization/imu0_config: [False, False, Fa...
 * /ekf_localization/imu0_differential: False
 * /ekf_localization/odom0: /jackal_velocity_...
 * /ekf_localization/odom0_config: [False, False, Fa...
 * /ekf_localization/odom0_differential: False
 * /ekf_localization/odom_frame: odom
 * /ekf_localization/predict_to_current_time: True
 * /ekf_localization/world_frame: odom
 * /gazebo/enable_ros_network: True
 * /jackal_joint_publisher/publish_rate: 50
 * /jackal_joint_publisher/type: joint_state_contr...
 * /jackal_velocity_controller/angular/z/has_acceleration_limits: True
 * /jackal_velocity_controller/angular/z/has_velocity_limits: True
 * /jackal_velocity_controller/angular/z/max_acceleration: 25.0
 * /jackal_velocity_controller/angular/z/max_velocity: 4.0
 * /jackal_velocity_controller/cmd_vel_timeout: 0.25
 * /jackal_velocity_controller/enable_odom_tf: False
 * /jackal_velocity_controller/k_l: 0.1
 * /jackal_velocity_controller/k_r: 0.1
 * /jackal_velocity_controller/left_wheel: ['front_left_whee...
 * /jackal_velocity_controller/linear/x/has_acceleration_limits: True
 * /jackal_velocity_controller/linear/x/has_velocity_limits: True
 * /jackal_velocity_controller/linear/x/max_acceleration: 20.0
 * /jackal_velocity_controller/linear/x/max_velocity: 2.0
 * /jackal_velocity_controller/pose_covariance_diagonal: [0.001, 0.001, 10...
 * /jackal_velocity_controller/publish_cmd: True
 * /jackal_velocity_controller/publish_rate: 50
 * /jackal_velocity_controller/right_wheel: ['front_right_whe...
 * /jackal_velocity_controller/twist_covariance_diagonal: [0.001, 0.001, 0....
 * /jackal_velocity_controller/type: diff_drive_contro...
 * /jackal_velocity_controller/wheel_radius_multiplier: 1.0
 * /jackal_velocity_controller/wheel_separation_multiplier: 1.5
 * /move_base/NavfnROS/allow_unknown: True
 * /move_base/TrajectoryPlannerROS/acc_lim_theta: 20.0
 * /move_base/TrajectoryPlannerROS/acc_lim_x: 10.0
 * /move_base/TrajectoryPlannerROS/angular_sim_granularity: 0.02
 * /move_base/TrajectoryPlannerROS/controller_frequency: 20.0
 * /move_base/TrajectoryPlannerROS/dwa: True
 * /move_base/TrajectoryPlannerROS/escape_reset_dist: 0.1
 * /move_base/TrajectoryPlannerROS/escape_reset_theta: 0.1
 * /move_base/TrajectoryPlannerROS/escape_vel: -0.5
 * /move_base/TrajectoryPlannerROS/gdist_scale: 1.0
 * /move_base/TrajectoryPlannerROS/heading_lookahead: 0.325
 * /move_base/TrajectoryPlannerROS/heading_scoring: False
 * /move_base/TrajectoryPlannerROS/heading_scoring_timestep: 0.8
 * /move_base/TrajectoryPlannerROS/holonomic_robot: False
 * /move_base/TrajectoryPlannerROS/latch_xy_goal_tolerance: False
 * /move_base/TrajectoryPlannerROS/max_vel_theta: 1.57
 * /move_base/TrajectoryPlannerROS/max_vel_x: 0.5
 * /move_base/TrajectoryPlannerROS/meter_scoring: True
 * /move_base/TrajectoryPlannerROS/min_in_place_vel_theta: 0.314
 * /move_base/TrajectoryPlannerROS/min_vel_theta: -1.57
 * /move_base/TrajectoryPlannerROS/min_vel_x: 0.1
 * /move_base/TrajectoryPlannerROS/occdist_scale: 0.1
 * /move_base/TrajectoryPlannerROS/oscillation_reset_dist: 0.05
 * /move_base/TrajectoryPlannerROS/pdist_scale: 0.75
 * /move_base/TrajectoryPlannerROS/publish_cost_grid_pc: True
 * /move_base/TrajectoryPlannerROS/sim_granularity: 0.02
 * /move_base/TrajectoryPlannerROS/sim_time: 2.0
 * /move_base/TrajectoryPlannerROS/simple_attractor: False
 * /move_base/TrajectoryPlannerROS/vtheta_samples: 20
 * /move_base/TrajectoryPlannerROS/vx_samples: 6
 * /move_base/TrajectoryPlannerROS/xy_goal_tolerance: 0.25
 * /move_base/TrajectoryPlannerROS/yaw_goal_tolerance: 0.157
 * /move_base/base_global_planner: navfn/NavfnROS
 * /move_base/base_local_planner: base_local_planne...
 * /move_base/clearing_rotation_allowed: True
 * /move_base/controller_frequency: 20.0
 * /move_base/controller_patience: 15.0
 * /move_base/global_costmap/footprint: [[-0.21, -0.165],...
 * /move_base/global_costmap/footprint_padding: 0.1
 * /move_base/global_costmap/global_frame: map
 * /move_base/global_costmap/height: 40.0
 * /move_base/global_costmap/inflater_layer/inflation_radius: 0.3
 * /move_base/global_costmap/map_type: costmap
 * /move_base/global_costmap/meter_scoring: True
 * /move_base/global_costmap/obstacle_range: 2.5
 * /move_base/global_costmap/obstacles_layer/observation_sources: scan
 * /move_base/global_costmap/obstacles_layer/scan/clearing: True
 * /move_base/global_costmap/obstacles_layer/scan/data_type: LaserScan
 * /move_base/global_costmap/obstacles_layer/scan/marking: True
 * /move_base/global_costmap/obstacles_layer/scan/max_obstacle_height: 2.0
 * /move_base/global_costmap/obstacles_layer/scan/min_obstacle_height: -2.0
 * /move_base/global_costmap/obstacles_layer/scan/obstacle_range: 2.5
 * /move_base/global_costmap/obstacles_layer/scan/raytrace_range: 3.0
 * /move_base/global_costmap/obstacles_layer/scan/sensor_frame: front_laser
 * /move_base/global_costmap/obstacles_layer/scan/topic: front/scan
 * /move_base/global_costmap/origin_x: -20.0
 * /move_base/global_costmap/origin_y: -20.0
 * /move_base/global_costmap/origin_z: 0.0
 * /move_base/global_costmap/plugins: [{'name': 'static...
 * /move_base/global_costmap/publish_frequency: 5.0
 * /move_base/global_costmap/publish_voxel_map: False
 * /move_base/global_costmap/raytrace_range: 3.0
 * /move_base/global_costmap/resolution: 0.05
 * /move_base/global_costmap/robot_base_frame: base_link
 * /move_base/global_costmap/rolling_window: False
 * /move_base/global_costmap/static_map: True
 * /move_base/global_costmap/transform_tolerance: 0.5
 * /move_base/global_costmap/update_frequency: 20.0
 * /move_base/global_costmap/width: 40.0
 * /move_base/global_costmap/z_resolution: 1
 * /move_base/global_costmap/z_voxels: 2
 * /move_base/local_costmap/footprint: [[-0.21, -0.165],...
 * /move_base/local_costmap/footprint_padding: 0.1
 * /move_base/local_costmap/global_frame: map
 * /move_base/local_costmap/height: 10.0
 * /move_base/local_costmap/inflater_layer/inflation_radius: 0.3
 * /move_base/local_costmap/map_type: costmap
 * /move_base/local_costmap/meter_scoring: True
 * /move_base/local_costmap/obstacle_range: 2.5
 * /move_base/local_costmap/obstacles_layer/observation_sources: scan
 * /move_base/local_costmap/obstacles_layer/scan/clearing: True
 * /move_base/local_costmap/obstacles_layer/scan/data_type: LaserScan
 * /move_base/local_costmap/obstacles_layer/scan/marking: True
 * /move_base/local_costmap/obstacles_layer/scan/max_obstacle_height: 2.0
 * /move_base/local_costmap/obstacles_layer/scan/min_obstacle_height: -2.0
 * /move_base/local_costmap/obstacles_layer/scan/obstacle_range: 2.5
 * /move_base/local_costmap/obstacles_layer/scan/raytrace_range: 3.0
 * /move_base/local_costmap/obstacles_layer/scan/sensor_frame: front_laser
 * /move_base/local_costmap/obstacles_layer/scan/topic: front/scan
 * /move_base/local_costmap/origin_z: 0.0
 * /move_base/local_costmap/plugins: [{'name': 'obstac...
 * /move_base/local_costmap/publish_frequency: 5.0
 * /move_base/local_costmap/publish_voxel_map: False
 * /move_base/local_costmap/raytrace_range: 3.0
 * /move_base/local_costmap/resolution: 0.05
 * /move_base/local_costmap/robot_base_frame: base_link
 * /move_base/local_costmap/rolling_window: True
 * /move_base/local_costmap/static_map: False
 * /move_base/local_costmap/transform_tolerance: 0.5
 * /move_base/local_costmap/update_frequency: 20.0
 * /move_base/local_costmap/width: 10.0
 * /move_base/local_costmap/z_resolution: 1
 * /move_base/local_costmap/z_voxels: 2
 * /move_base/oscillation_distance: 0.5
 * /move_base/oscillation_timeout: 0.0
 * /move_base/planner_frequency: 20.0
 * /move_base/planner_patience: 5.0
 * /move_base/recovery_behavior_enabled: True
 * /move_base/shutdown_costmaps: False
 * /multi_floor_navigation_node/init_pose_offset_theta: 0.1
 * /multi_floor_navigation_node/init_pose_offset_x: 0.2
 * /multi_floor_navigation_node/init_pose_offset_y: 0.2
 * /multi_floor_navigation_node/region_init_backoff_factor: 1.3
 * /multi_floor_navigation_node/region_init_max_backoff: 2.0
 * /multi_floor_navigation_node/region_init_sigma_x: 0.15
 * /multi_floor_navigation_node/region_init_sigma_x_L0: 0.15
 * /multi_floor_navigation_node/region_init_sigma_x_L1: 0.2
 * /multi_floor_navigation_node/region_init_sigma_y: 0.15
 * /multi_floor_navigation_node/region_init_sigma_y_L0: 0.15
 * /multi_floor_navigation_node/region_init_sigma_y_L1: 0.2
 * /multi_floor_navigation_node/region_init_sigma_yaw: 0.1
 * /multi_floor_navigation_node/region_init_sigma_yaw_L0: 0.1
 * /multi_floor_navigation_node/region_init_sigma_yaw_L1: 0.12
 * /multi_floor_navigation_node/reloc_min_check_delay_L0: 6.0
 * /multi_floor_navigation_node/reloc_min_check_delay_L1: 8.0
 * /multi_floor_navigation_node/reloc_min_check_delay_sec: 6.0
 * /robot_description: <?xml version="1....
 * /rosdistro: noetic
 * /rosversion: 1.17.0
 * /twist_marker_server/link_name: base_link
 * /twist_mux/locks: [{'name': 'e_stop...
 * /twist_mux/topics: [{'name': 'joy', ...
 * /use_gui: True
 * /use_sim_time: True

NODES
  /
    amcl (amcl/amcl)
    change_map_node (multi_floor_nav/change_map_node)
    controller_spawner (controller_manager/spawner)
    ekf_localization (robot_localization/ekf_localization_node)
    gazebo (gazebo_ros/gzserver)
    map_server0 (map_server/map_server)
    map_server1 (map_server/map_server)
    move_base (move_base/move_base)
    multi_floor_navigation_node (multi_floor_nav/multi_floor_navigation_node)
    robot_state_publisher (robot_state_publisher/robot_state_publisher)
    rviz (rviz/rviz)
    twist_marker_server (interactive_marker_twist_server/marker_server)
    twist_mux (twist_mux/twist_mux)
    urdf_spawner (gazebo_ros/spawn_model)
[ INFO] [1774418405.120406072]: Finished loading Gazebo ROS API Plugin.
[ INFO] [1774418405.121236831]: waitForService: Service [/gazebo/set_physics_properties] has not been advertised, waiting...
[1;33mWarning [Model.cc:216][0m Non-unique name[door] detected 2 times in XML children of model with name[elevator].
[1;33mWarning [Model.cc:309][0m Joint with name [door] in model with name [elevator] has a name collision, changing joint name to [door_joint].
[ WARN] [1774418407.099339524, 1055.049000000]: Failed to meet update rate! Took 1055.0489999999999782
[ WARN] [1774418407.100453280, 1055.050000000]: Failed to meet update rate! Took 1055.0299999999999727
[ INFO] [1774418406.814828117]: waitForService: Service [/gazebo/set_physics_properties] is now available.
[ INFO] [1774418406.828812251]: Physics dynamic reconfigure ready.
[1;33mWarning [parser_urdf.cc:1161][0m multiple inconsistent <gravity> exists due to fixed joint reduction overwriting previous value [true] with [false].
[1;33mWarning [parser_urdf.cc:1161][0m multiple inconsistent <gravity> exists due to fixed joint reduction overwriting previous value [false] with [true].
[ERROR] [1774418407.587670716, 1055.094000000]: No p gain specified for pid.  Namespace: /gazebo_ros_control/pid_gains/front_left_wheel
[ERROR] [1774418407.588189286, 1055.094000000]: No p gain specified for pid.  Namespace: /gazebo_ros_control/pid_gains/front_right_wheel
[ERROR] [1774418407.588608123, 1055.094000000]: No p gain specified for pid.  Namespace: /gazebo_ros_control/pid_gains/rear_left_wheel
[ERROR] [1774418407.588999582, 1055.094000000]: No p gain specified for pid.  Namespace: /gazebo_ros_control/pid_gains/rear_right_wheel
[ WARN] [1774418407.634344650, 1055.096000000]: Timed out waiting for transform from base_link to map to become available before running costmap, tf error: canTransform: target_frame map does not exist.. canTransform returned after 1055.1 timeout was 0.1.
[ WARN] [1774418407.895471319]: Interactive marker 'robot_twist_marker' contains unnormalized quaternions. This warning will only be output once but may be true for others; enable DEBUG messages for ros.rviz.quaternions to see more details.
[ WARN] [1774418408.903937290, 1056.352000000]: global_costmap: Pre-Hydro parameter "static_map" unused since "plugins" is provided
[ WARN] [1774418408.904669783, 1056.353000000]: global_costmap: Pre-Hydro parameter "map_type" unused since "plugins" is provided
[ WARN] [1774418439.784907961, 1087.030000000]: [Multi Floor Nav] Initial pose perturbation applied: offset_x=0.20, offset_y=0.20, offset_theta=0.10
[ WARN] [1774418439.855537235, 1087.101000000]: local_costmap: Pre-Hydro parameter "static_map" unused since "plugins" is provided
[ WARN] [1774418439.855853406, 1087.102000000]: local_costmap: Pre-Hydro parameter "map_type" unused since "plugins" is provided
[ WARN] [1774418439.891744092, 1087.137000000]: Parameter pdist_scale is deprecated. Please use the name path_distance_bias instead.
[ WARN] [1774418439.892289830, 1087.138000000]: Parameter gdist_scale is deprecated. Please use the name goal_distance_bias instead.
[ WARN] [1774418501.351386861, 1148.236000000]: [Multi Floor Nav] Initial pose perturbation applied: offset_x=0.20, offset_y=0.20, offset_theta=0.10
[ INFO] [1774418404.790160791]: [Multi Floor Nav] Module A sigma: L0=(0.150,0.150,0.100) L1=(0.200,0.200,0.120)
[ INFO] [1774418404.790857455]: [Multi Floor Nav] Module A delay: L0=6.0s  L1=8.0s  backoff: factor=1.30 max=2.00
[ INFO] [1774418439.651953862, 1086.899000000]: [Multi Floor Nav] Successfully loaded map for level: 0
[ INFO] [1774418439.785064405, 1087.031000000]: [Multi Floor Nav] Initializing Robot at x: 5.2, y: -0.3, yaw: 0.1 (level=0, sigma: x=0.150, y=0.150, yaw=0.100, retry=0)
[ INFO] [1774418439.785141090, 1087.031000000]: [Multi Floor Nav] Initializing Pose to x: 5.00, y: -0.50 at level: 0
[ INFO] [1774418440.793944465, 1088.033000000]: [Multi Floor Nav] Waiting for AMCL nomotion updates (1.0/6.0s, L0)...
[ INFO] [1774418442.004061938, 1089.234000000]: [Multi Floor Nav] Waiting for AMCL nomotion updates (2.2/6.0s, L0)...
[ INFO] [1774418443.209438460, 1090.433000000]: [Multi Floor Nav] Waiting for AMCL nomotion updates (3.4/6.0s, L0)...
[ INFO] [1774418444.213197356, 1091.433000000]: [Multi Floor Nav] Waiting for AMCL nomotion updates (4.4/6.0s, L0)...
[ INFO] [1774418445.216109709, 1092.433000000]: [Multi Floor Nav] Waiting for AMCL nomotion updates (5.4/6.0s, L0)...
[ INFO] [1774418445.818239556, 1093.032000000]: [Multi Floor Nav] Current Robot Pose, x: 5.00, y: -0.11, yaw: 0.09
[ INFO] [1774418445.818260928, 1093.032000000]: [Multi Floor Nav] Linear Error: 0.39, Angular Error: 0.09
[ INFO] [1774418445.818270077, 1093.032000000]: [Multi Floor Nav] Robot at correct pose
[ INFO] [1774418445.819458282, 1093.034000000]: [Multi Floor Nav] RELOC_PASS: linear_error=0.3896, angular_error=0.0911, linear_error_init=0.2724, angular_error_init=0.0089, tr_sigma=0.0314, C_t=0.9691
[ INFO] [1774418446.824562527, 1094.035000000]: [Multi Floor Nav] POST_PASS: dt=1.001s, linear_error=0.3971, angular_error=0.0925
[ INFO] [1774418446.824587320, 1094.035000000]: [Multi Floor Nav] Will send goal to x: 3, y: -0, at level: 0
[ INFO] [1774418446.824598285, 1094.035000000]: [Multi Floor Nav] Sending Robot to x: 3.0, y: -0.5, yaw: 3.1
[ INFO] [1774418447.026605555, 1094.235000000]: [Multi Floor Nav] POST_PASS: dt=1.201s, linear_error=0.3971, angular_error=0.0925
[ INFO] [1774418447.229095496, 1094.435000000]: [Multi Floor Nav] POST_PASS: dt=1.401s, linear_error=0.3971, angular_error=0.0925
[ INFO] [1774418447.430780799, 1094.635000000]: [Multi Floor Nav] POST_PASS: dt=1.601s, linear_error=0.4022, angular_error=0.3113
[ INFO] [1774418447.633281356, 1094.835000000]: [Multi Floor Nav] POST_PASS: dt=1.801s, linear_error=0.3877, angular_error=0.7153
[ INFO] [1774418464.125098929, 1111.235000000]: [Multi Floor Nav] Requesting Lift to Level 0
[ INFO] [1774418464.325631715, 1111.435000000]: [Multi Floor Nav] Entering Lift at Level 0
[ INFO] [1774418481.641850453, 1128.635000000]: [Multi Floor Nav] Requesting Lift to Level 1
[ INFO] [1774418488.682499711, 1135.635000000]: [Multi Floor Nav] Exiting Lift at Level 1
[ INFO] [1774418501.212961414, 1148.098000000]: [Multi Floor Nav] Successfully loaded map for level: 1
[ INFO] [1774418501.351415496, 1148.237000000]: [Multi Floor Nav] Initializing Robot at x: 3.2, y: -0.3, yaw: 3.2 (level=1, sigma: x=0.200, y=0.200, yaw=0.120, retry=0)
[ INFO] [1774418501.351434004, 1148.237000000]: [Multi Floor Nav] Initializing Pose to x: 3.00, y: -0.50 at level: 1
[ INFO] [1774418502.356703704, 1149.239000000]: [Multi Floor Nav] Waiting for AMCL nomotion updates (1.0/8.0s, L1)...
[ INFO] [1774418503.359892491, 1150.239000000]: [Multi Floor Nav] Waiting for AMCL nomotion updates (2.0/8.0s, L1)...
[ INFO] [1774418504.368615483, 1151.240000000]: [Multi Floor Nav] Waiting for AMCL nomotion updates (3.0/8.0s, L1)...
[ INFO] [1774418505.579568817, 1152.439000000]: [Multi Floor Nav] Waiting for AMCL nomotion updates (4.2/8.0s, L1)...
[ INFO] [1774418506.589040365, 1153.440000000]: [Multi Floor Nav] Waiting for AMCL nomotion updates (5.2/8.0s, L1)...
[ INFO] [1774418507.796978033, 1154.638000000]: [Multi Floor Nav] Waiting for AMCL nomotion updates (6.4/8.0s, L1)...
[ INFO] [1774418508.805247127, 1155.640000000]: [Multi Floor Nav] Waiting for AMCL nomotion updates (7.4/8.0s, L1)...
[ INFO] [1774418509.406309316, 1156.239000000]: [Multi Floor Nav] Current Robot Pose, x: 3.16, y: -0.53, yaw: -3.10
[ INFO] [1774418509.406333202, 1156.239000000]: [Multi Floor Nav] Linear Error: 0.16, Angular Error: 0.04
[ INFO] [1774418509.406342701, 1156.239000000]: [Multi Floor Nav] Robot at correct pose
[ INFO] [1774418509.407610385, 1156.240000000]: [Multi Floor Nav] RELOC_PASS: linear_error=0.1642, angular_error=0.0388, linear_error_init=0.2330, angular_error_init=0.0612, tr_sigma=0.0478, C_t=0.9533
[ INFO] [1774418510.412321149, 1157.240000000]: [Multi Floor Nav] POST_PASS: dt=1.000s, linear_error=0.1778, angular_error=0.0382
[ INFO] [1774418510.412347479, 1157.240000000]: [Multi Floor Nav] Will send goal to x: 4, y: 5, at level: 1
[ INFO] [1774418510.412359701, 1157.240000000]: [Multi Floor Nav] Sending Robot to x: 4.0, y: 5.0, yaw: 0.0
[ INFO] [1774418510.613784707, 1157.440000000]: [Multi Floor Nav] POST_PASS: dt=1.200s, linear_error=0.1778, angular_error=0.0382
[ INFO] [1774418510.814461715, 1157.640000000]: [Multi Floor Nav] POST_PASS: dt=1.400s, linear_error=0.0884, angular_error=0.1213
[ INFO] [1774418511.015393224, 1157.840000000]: [Multi Floor Nav] POST_PASS: dt=1.600s, linear_error=0.0324, angular_error=0.4394
[ INFO] [1774418511.216168777, 1158.040000000]: [Multi Floor Nav] POST_PASS: dt=1.800s, linear_error=0.1473, angular_error=0.8564
[ INFO] [1774418511.416447971, 1158.240000000]: [Multi Floor Nav] POST_PASS: dt=2.000s, linear_error=0.1473, angular_error=0.8564
[ INFO] [1774418533.947400386, 1180.640000000]: [Multi Floor Nav] Robot arrived at Goal
[ INFO] [1774418408.906055848, 1056.354000000]: global_costmap: Using plugin "static_layer"
[ INFO] [1774418408.914412260, 1056.362000000]: Requesting the map...
[ INFO] [1774418439.718486400, 1086.965000000]: Resizing costmap to 992 X 992 at 0.020000 m/pix
[ INFO] [1774418439.818050053, 1087.064000000]: Received a 992 X 992 map at 0.020000 m/pix
[ INFO] [1774418439.820001831, 1087.066000000]: global_costmap: Using plugin "obstacles_layer"
[ INFO] [1774418439.822972310, 1087.069000000]:     Subscribed to Topics: scan
[ INFO] [1774418439.831944999, 1087.078000000]: global_costmap: Using plugin "inflater_layer"
[ INFO] [1774418439.856363385, 1087.102000000]: local_costmap: Using plugin "obstacles_layer"
[ INFO] [1774418439.859205497, 1087.105000000]:     Subscribed to Topics: scan
[ INFO] [1774418439.868600445, 1087.114000000]: local_costmap: Using plugin "inflater_layer"
[ INFO] [1774418439.885081954, 1087.131000000]: Created local_planner base_local_planner/TrajectoryPlannerROS
[ INFO] [1774418439.889981513, 1087.136000000]: Sim period is set to 0.05
[ INFO] [1774418439.942043265, 1087.187000000]: Recovery behavior will clear layer 'obstacles'
[ INFO] [1774418439.945769355, 1087.191000000]: Recovery behavior will clear layer 'obstacles'
[ INFO] [1774418440.066720501, 1087.310000000]: odom received!

auto-starting new master
[1mprocess[master]: started with pid [523375][0m
[1mROS_MASTER_URI=http://localhost:11311[0m
]2;/home/eethanhe/catkin_ws/src/robot-multi-floor-navigation/multi_floor_nav/launch/nav.launch http://localhost:11311
[1msetting /run_id to dded9916-280f-11f1-8845-1536d44dd856[0m
[1mprocess[rosout-1]: started with pid [523400][0m
started core service [/rosout]
[1mprocess[gazebo-2]: started with pid [523407][0m
[1mprocess[robot_state_publisher-3]: started with pid [523411][0m
[1mprocess[controller_spawner-4]: started with pid [523413][0m
[1mprocess[ekf_localization-5]: started with pid [523414][0m
[1mprocess[twist_mux-6]: started with pid [523415][0m
[1mprocess[twist_marker_server-7]: started with pid [523421][0m
[1mprocess[urdf_spawner-8]: started with pid [523427][0m
[1mprocess[map_server0-9]: started with pid [523433][0m
[1mprocess[map_server1-10]: started with pid [523440][0m
[1mprocess[amcl-11]: started with pid [523442][0m
[1mprocess[move_base-12]: started with pid [523445][0m
[1mprocess[rviz-13]: started with pid [523450][0m
[1mprocess[change_map_node-14]: started with pid [523455][0m
[1mprocess[multi_floor_navigation_node-15]: started with pid [523483][0m
[1m[urdf_spawner-8] process has finished cleanly
log file: /home/eethanhe/.ros/log/dded9916-280f-11f1-8845-1536d44dd856/urdf_spawner-8*.log[0m
[multi_floor_navigation_node-15] killing on exit
[change_map_node-14] killing on exit
[rviz-13] killing on exit
[move_base-12] killing on exit
[amcl-11] killing on exit
[map_server1-10] killing on exit
[map_server0-9] killing on exit
[twist_marker_server-7] killing on exit
[twist_mux-6] killing on exit
[ekf_localization-5] killing on exit
[controller_spawner-4] killing on exit
[robot_state_publisher-3] killing on exit
[gazebo-2] killing on exit
[rosout-1] killing on exit
[master] killing on exit
shutting down processing monitor...
... shutting down processing monitor complete
[1mdone[0m
