xacro: in-order processing became default in ROS Melodic. You can drop the option.
... logging to /home/eethanhe/.ros/log/6db18260-2806-11f1-8845-1536d44dd856/roslaunch-eethanhe-Lenovo-Legion-R9000P2021H-446202.log
Checking log directory for disk usage. This may take a while.
Press Ctrl-C to interrupt
Done checking log file disk usage. Usage is <1GB.
]2;/home/eethanhe/catkin_ws/src/robot-multi-floor-navigation/multi_floor_nav/launch/nav.launch
[1mstarted roslaunch server http://eethanhe-Lenovo-Legion-R9000P2021H:42653/[0m

SUMMARY
========

PARAMETERS
 * /amcl/auto_update_noise: 0.0
 * /amcl/base_frame_id: base_link
 * /amcl/expected_laser_freq: 5.0
 * /amcl/first_map_only: False
 * /amcl/global_frame_id: map
 * /amcl/gui_publish_rate: 10.0
 * /amcl/initial_pose_a: 0.0
 * /amcl/initial_pose_x: 0.0
 * /amcl/initial_pose_y: 0.0
 * /amcl/kld_err: 0.05
 * /amcl/kld_z: 0.99
 * /amcl/laser_lambda_short: 0.1
 * /amcl/laser_likelihood_max_dist: 2.0
 * /amcl/laser_max_beams: 720
 * /amcl/laser_max_range: 30.0
 * /amcl/laser_min_range: 0.1
 * /amcl/laser_model_type: likelihood_field
 * /amcl/laser_sigma_hit: 0.2
 * /amcl/laser_z_hit: 0.5
 * /amcl/laser_z_max: 0.05
 * /amcl/laser_z_rand: 0.5
 * /amcl/laser_z_short: 0.05
 * /amcl/max_particles: 2000
 * /amcl/min_particles: 500
 * /amcl/odom_alpha1: 0.2
 * /amcl/odom_alpha2: 0.2
 * /amcl/odom_alpha3: 0.2
 * /amcl/odom_alpha4: 0.2
 * /amcl/odom_alpha5: 0.1
 * /amcl/odom_frame_id: odom
 * /amcl/odom_model_type: diff
 * /amcl/odom_update_interval: 0.1
 * /amcl/recovery_alpha_fast: 0.1
 * /amcl/recovery_alpha_slow: 0.001
 * /amcl/resample_interval: 1
 * /amcl/transform_tolerance: 1.0
 * /amcl/update_min_a: 0.3927
 * /amcl/update_min_d: 0.1
 * /amcl/use_map_topic: False
 * /ekf_localization/base_link_frame: base_link
 * /ekf_localization/frequency: 50
 * /ekf_localization/imu0: /imu/data
 * /ekf_localization/imu0_config: [False, False, Fa...
 * /ekf_localization/imu0_differential: False
 * /ekf_localization/odom0: /jackal_velocity_...
 * /ekf_localization/odom0_config: [False, False, Fa...
 * /ekf_localization/odom0_differential: False
 * /ekf_localization/odom_frame: odom
 * /ekf_localization/predict_to_current_time: True
 * /ekf_localization/world_frame: odom
 * /gazebo/enable_ros_network: True
 * /jackal_joint_publisher/publish_rate: 50
 * /jackal_joint_publisher/type: joint_state_contr...
 * /jackal_velocity_controller/angular/z/has_acceleration_limits: True
 * /jackal_velocity_controller/angular/z/has_velocity_limits: True
 * /jackal_velocity_controller/angular/z/max_acceleration: 25.0
 * /jackal_velocity_controller/angular/z/max_velocity: 4.0
 * /jackal_velocity_controller/cmd_vel_timeout: 0.25
 * /jackal_velocity_controller/enable_odom_tf: False
 * /jackal_velocity_controller/k_l: 0.1
 * /jackal_velocity_controller/k_r: 0.1
 * /jackal_velocity_controller/left_wheel: ['front_left_whee...
 * /jackal_velocity_controller/linear/x/has_acceleration_limits: True
 * /jackal_velocity_controller/linear/x/has_velocity_limits: True
 * /jackal_velocity_controller/linear/x/max_acceleration: 20.0
 * /jackal_velocity_controller/linear/x/max_velocity: 2.0
 * /jackal_velocity_controller/pose_covariance_diagonal: [0.001, 0.001, 10...
 * /jackal_velocity_controller/publish_cmd: True
 * /jackal_velocity_controller/publish_rate: 50
 * /jackal_velocity_controller/right_wheel: ['front_right_whe...
 * /jackal_velocity_controller/twist_covariance_diagonal: [0.001, 0.001, 0....
 * /jackal_velocity_controller/type: diff_drive_contro...
 * /jackal_velocity_controller/wheel_radius_multiplier: 1.0
 * /jackal_velocity_controller/wheel_separation_multiplier: 1.5
 * /move_base/NavfnROS/allow_unknown: True
 * /move_base/TrajectoryPlannerROS/acc_lim_theta: 20.0
 * /move_base/TrajectoryPlannerROS/acc_lim_x: 10.0
 * /move_base/TrajectoryPlannerROS/angular_sim_granularity: 0.02
 * /move_base/TrajectoryPlannerROS/controller_frequency: 20.0
 * /move_base/TrajectoryPlannerROS/dwa: True
 * /move_base/TrajectoryPlannerROS/escape_reset_dist: 0.1
 * /move_base/TrajectoryPlannerROS/escape_reset_theta: 0.1
 * /move_base/TrajectoryPlannerROS/escape_vel: -0.5
 * /move_base/TrajectoryPlannerROS/gdist_scale: 1.0
 * /move_base/TrajectoryPlannerROS/heading_lookahead: 0.325
 * /move_base/TrajectoryPlannerROS/heading_scoring: False
 * /move_base/TrajectoryPlannerROS/heading_scoring_timestep: 0.8
 * /move_base/TrajectoryPlannerROS/holonomic_robot: False
 * /move_base/TrajectoryPlannerROS/latch_xy_goal_tolerance: False
 * /move_base/TrajectoryPlannerROS/max_vel_theta: 1.57
 * /move_base/TrajectoryPlannerROS/max_vel_x: 0.5
 * /move_base/TrajectoryPlannerROS/meter_scoring: True
 * /move_base/TrajectoryPlannerROS/min_in_place_vel_theta: 0.314
 * /move_base/TrajectoryPlannerROS/min_vel_theta: -1.57
 * /move_base/TrajectoryPlannerROS/min_vel_x: 0.1
 * /move_base/TrajectoryPlannerROS/occdist_scale: 0.1
 * /move_base/TrajectoryPlannerROS/oscillation_reset_dist: 0.05
 * /move_base/TrajectoryPlannerROS/pdist_scale: 0.75
 * /move_base/TrajectoryPlannerROS/publish_cost_grid_pc: True
 * /move_base/TrajectoryPlannerROS/sim_granularity: 0.02
 * /move_base/TrajectoryPlannerROS/sim_time: 2.0
 * /move_base/TrajectoryPlannerROS/simple_attractor: False
 * /move_base/TrajectoryPlannerROS/vtheta_samples: 20
 * /move_base/TrajectoryPlannerROS/vx_samples: 6
 * /move_base/TrajectoryPlannerROS/xy_goal_tolerance: 0.25
 * /move_base/TrajectoryPlannerROS/yaw_goal_tolerance: 0.157
 * /move_base/base_global_planner: navfn/NavfnROS
 * /move_base/base_local_planner: base_local_planne...
 * /move_base/clearing_rotation_allowed: True
 * /move_base/controller_frequency: 20.0
 * /move_base/controller_patience: 15.0
 * /move_base/global_costmap/footprint: [[-0.21, -0.165],...
 * /move_base/global_costmap/footprint_padding: 0.1
 * /move_base/global_costmap/global_frame: map
 * /move_base/global_costmap/height: 40.0
 * /move_base/global_costmap/inflater_layer/inflation_radius: 0.3
 * /move_base/global_costmap/map_type: costmap
 * /move_base/global_costmap/meter_scoring: True
 * /move_base/global_costmap/obstacle_range: 2.5
 * /move_base/global_costmap/obstacles_layer/observation_sources: scan
 * /move_base/global_costmap/obstacles_layer/scan/clearing: True
 * /move_base/global_costmap/obstacles_layer/scan/data_type: LaserScan
 * /move_base/global_costmap/obstacles_layer/scan/marking: True
 * /move_base/global_costmap/obstacles_layer/scan/max_obstacle_height: 2.0
 * /move_base/global_costmap/obstacles_layer/scan/min_obstacle_height: -2.0
 * /move_base/global_costmap/obstacles_layer/scan/obstacle_range: 2.5
 * /move_base/global_costmap/obstacles_layer/scan/raytrace_range: 3.0
 * /move_base/global_costmap/obstacles_layer/scan/sensor_frame: front_laser
 * /move_base/global_costmap/obstacles_layer/scan/topic: front/scan
 * /move_base/global_costmap/origin_x: -20.0
 * /move_base/global_costmap/origin_y: -20.0
 * /move_base/global_costmap/origin_z: 0.0
 * /move_base/global_costmap/plugins: [{'name': 'static...
 * /move_base/global_costmap/publish_frequency: 5.0
 * /move_base/global_costmap/publish_voxel_map: False
 * /move_base/global_costmap/raytrace_range: 3.0
 * /move_base/global_costmap/resolution: 0.05
 * /move_base/global_costmap/robot_base_frame: base_link
 * /move_base/global_costmap/rolling_window: False
 * /move_base/global_costmap/static_map: True
 * /move_base/global_costmap/transform_tolerance: 0.5
 * /move_base/global_costmap/update_frequency: 20.0
 * /move_base/global_costmap/width: 40.0
 * /move_base/global_costmap/z_resolution: 1
 * /move_base/global_costmap/z_voxels: 2
 * /move_base/local_costmap/footprint: [[-0.21, -0.165],...
 * /move_base/local_costmap/footprint_padding: 0.1
 * /move_base/local_costmap/global_frame: map
 * /move_base/local_costmap/height: 10.0
 * /move_base/local_costmap/inflater_layer/inflation_radius: 0.3
 * /move_base/local_costmap/map_type: costmap
 * /move_base/local_costmap/meter_scoring: True
 * /move_base/local_costmap/obstacle_range: 2.5
 * /move_base/local_costmap/obstacles_layer/observation_sources: scan
 * /move_base/local_costmap/obstacles_layer/scan/clearing: True
 * /move_base/local_costmap/obstacles_layer/scan/data_type: LaserScan
 * /move_base/local_costmap/obstacles_layer/scan/marking: True
 * /move_base/local_costmap/obstacles_layer/scan/max_obstacle_height: 2.0
 * /move_base/local_costmap/obstacles_layer/scan/min_obstacle_height: -2.0
 * /move_base/local_costmap/obstacles_layer/scan/obstacle_range: 2.5
 * /move_base/local_costmap/obstacles_layer/scan/raytrace_range: 3.0
 * /move_base/local_costmap/obstacles_layer/scan/sensor_frame: front_laser
 * /move_base/local_costmap/obstacles_layer/scan/topic: front/scan
 * /move_base/local_costmap/origin_z: 0.0
 * /move_base/local_costmap/plugins: [{'name': 'obstac...
 * /move_base/local_costmap/publish_frequency: 5.0
 * /move_base/local_costmap/publish_voxel_map: False
 * /move_base/local_costmap/raytrace_range: 3.0
 * /move_base/local_costmap/resolution: 0.05
 * /move_base/local_costmap/robot_base_frame: base_link
 * /move_base/local_costmap/rolling_window: True
 * /move_base/local_costmap/static_map: False
 * /move_base/local_costmap/transform_tolerance: 0.5
 * /move_base/local_costmap/update_frequency: 20.0
 * /move_base/local_costmap/width: 10.0
 * /move_base/local_costmap/z_resolution: 1
 * /move_base/local_costmap/z_voxels: 2
 * /move_base/oscillation_distance: 0.5
 * /move_base/oscillation_timeout: 0.0
 * /move_base/planner_frequency: 20.0
 * /move_base/planner_patience: 5.0
 * /move_base/recovery_behavior_enabled: True
 * /move_base/shutdown_costmaps: False
 * /multi_floor_navigation_node/init_pose_offset_theta: 0
 * /multi_floor_navigation_node/init_pose_offset_x: 0
 * /multi_floor_navigation_node/init_pose_offset_y: 0
 * /multi_floor_navigation_node/region_init_sigma_x: 0.3
 * /multi_floor_navigation_node/region_init_sigma_y: 0.3
 * /multi_floor_navigation_node/region_init_sigma_yaw: 0.2
 * /multi_floor_navigation_node/reloc_min_check_delay_sec: 6.0
 * /robot_description: <?xml version="1....
 * /rosdistro: noetic
 * /rosversion: 1.17.0
 * /twist_marker_server/link_name: base_link
 * /twist_mux/locks: [{'name': 'e_stop...
 * /twist_mux/topics: [{'name': 'joy', ...
 * /use_gui: True
 * /use_sim_time: True

NODES
  /
    amcl (amcl/amcl)
    change_map_node (multi_floor_nav/change_map_node)
    controller_spawner (controller_manager/spawner)
    ekf_localization (robot_localization/ekf_localization_node)
    gazebo (gazebo_ros/gzserver)
    map_server0 (map_server/map_server)
    map_server1 (map_server/map_server)
    move_base (move_base/move_base)
    multi_floor_navigation_node (multi_floor_nav/multi_floor_navigation_node)
    robot_state_publisher (robot_state_publisher/robot_state_publisher)
    rviz (rviz/rviz)
    twist_marker_server (interactive_marker_twist_server/marker_server)
    twist_mux (twist_mux/twist_mux)
    urdf_spawner (gazebo_ros/spawn_model)
[ INFO] [1774414351.310451499]: Finished loading Gazebo ROS API Plugin.
[ INFO] [1774414351.318418136]: waitForService: Service [/gazebo/set_physics_properties] has not been advertised, waiting...
[1;33mWarning [Model.cc:216][0m Non-unique name[door] detected 2 times in XML children of model with name[elevator].
[1;33mWarning [Model.cc:309][0m Joint with name [door] in model with name [elevator] has a name collision, changing joint name to [door_joint].
[ERROR] [1774414353.119317, 0.000000]: Spawn service failed. Exiting.
[ INFO] [1774414353.059974878]: waitForService: Service [/gazebo/set_physics_properties] is now available.
[ INFO] [1774414353.123357154, 1054.803000000]: Physics dynamic reconfigure ready.
[1;33mWarning [parser_urdf.cc:1161][0m multiple inconsistent <gravity> exists due to fixed joint reduction overwriting previous value [true] with [false].
[1;33mWarning [parser_urdf.cc:1161][0m multiple inconsistent <gravity> exists due to fixed joint reduction overwriting previous value [false] with [true].
[ERROR] [1774414353.619708727, 1054.853000000]: No p gain specified for pid.  Namespace: /gazebo_ros_control/pid_gains/front_left_wheel
[ERROR] [1774414353.620165278, 1054.853000000]: No p gain specified for pid.  Namespace: /gazebo_ros_control/pid_gains/front_right_wheel
[ERROR] [1774414353.620624903, 1054.853000000]: No p gain specified for pid.  Namespace: /gazebo_ros_control/pid_gains/rear_left_wheel
[ERROR] [1774414353.621039410, 1054.853000000]: No p gain specified for pid.  Namespace: /gazebo_ros_control/pid_gains/rear_right_wheel
[ WARN] [1774414353.665062917, 1054.854000000]: Failed to meet update rate! Took 1054.8540000000000418
[ WARN] [1774414353.665903245, 1054.855000000]: Timed out waiting for transform from base_link to map to become available before running costmap, tf error: canTransform: target_frame map does not exist.. canTransform returned after 1054.86 timeout was 0.1.
[ WARN] [1774414353.666649358, 1054.855000000]: Failed to meet update rate! Took 1054.8350000000000364
[ WARN] [1774414353.978690442, 1055.163000000]: Interactive marker 'robot_twist_marker' contains unnormalized quaternions. This warning will only be output once but may be true for others; enable DEBUG messages for ros.rviz.quaternions to see more details.
[ WARN] [1774414354.996609720, 1056.178000000]: global_costmap: Pre-Hydro parameter "static_map" unused since "plugins" is provided
[ WARN] [1774414354.996889155, 1056.178000000]: global_costmap: Pre-Hydro parameter "map_type" unused since "plugins" is provided
[ WARN] [1774414385.985602080, 1086.932000000]: local_costmap: Pre-Hydro parameter "static_map" unused since "plugins" is provided
[ WARN] [1774414385.985771724, 1086.932000000]: local_costmap: Pre-Hydro parameter "map_type" unused since "plugins" is provided
[ WARN] [1774414386.024697389, 1086.971000000]: Parameter pdist_scale is deprecated. Please use the name path_distance_bias instead.
[ WARN] [1774414386.025338949, 1086.972000000]: Parameter gdist_scale is deprecated. Please use the name goal_distance_bias instead.
[ INFO] [1774414385.824639757, 1086.772000000]: [Multi Floor Nav] Successfully loaded map for level: 0
[ INFO] [1774414386.002022983, 1086.948000000]: [Multi Floor Nav] Initializing Robot at x: 5.0, y: -0.5, yaw: 0.0 (region sigma: x=0.30, y=0.30, yaw=0.20)
[ INFO] [1774414386.002071732, 1086.948000000]: [Multi Floor Nav] Initializing Pose to x: 5.00, y: -0.50 at level: 0
[ INFO] [1774414387.012795198, 1087.949000000]: [Multi Floor Nav] Waiting for AMCL nomotion updates (1.0/6.0s)...
[ INFO] [1774414388.026400519, 1088.950000000]: [Multi Floor Nav] Waiting for AMCL nomotion updates (2.0/6.0s)...
[ INFO] [1774414389.030274388, 1089.950000000]: [Multi Floor Nav] Waiting for AMCL nomotion updates (3.0/6.0s)...
[ INFO] [1774414390.238450551, 1091.150000000]: [Multi Floor Nav] Waiting for AMCL nomotion updates (4.2/6.0s)...
[ INFO] [1774414391.243800790, 1092.150000000]: [Multi Floor Nav] Waiting for AMCL nomotion updates (5.2/6.0s)...
[ INFO] [1774414392.045844948, 1092.949000000]: [Multi Floor Nav] Current Robot Pose, x: 4.65, y: -0.09, yaw: 0.06
[ INFO] [1774414392.045866459, 1092.950000000]: [Multi Floor Nav] Linear Error: 0.54, Angular Error: 0.06
[ INFO] [1774414392.045875399, 1092.950000000]: [Multi Floor Nav] Setting initial pose failed. Will Retry
[ INFO] [1774414392.249392190, 1093.153000000]: [Multi Floor Nav] Initializing Robot at x: 5.0, y: -0.5, yaw: 0.0 (region sigma: x=0.30, y=0.30, yaw=0.20)
[ INFO] [1774414392.249423689, 1093.153000000]: [Multi Floor Nav] Initializing Pose to x: 5.00, y: -0.50 at level: 0
[ INFO] [1774414393.254365357, 1094.154000000]: [Multi Floor Nav] Waiting for AMCL nomotion updates (1.0/6.0s)...
[ INFO] [1774414394.258452309, 1095.155000000]: [Multi Floor Nav] Waiting for AMCL nomotion updates (2.0/6.0s)...
[ INFO] [1774414395.264221314, 1096.156000000]: [Multi Floor Nav] Waiting for AMCL nomotion updates (3.0/6.0s)...
[ INFO] [1774414396.481199969, 1097.355000000]: [Multi Floor Nav] Waiting for AMCL nomotion updates (4.2/6.0s)...
[ INFO] [1774414397.692525335, 1098.555000000]: [Multi Floor Nav] Waiting for AMCL nomotion updates (5.4/6.0s)...
[ INFO] [1774414398.298385528, 1099.154000000]: [Multi Floor Nav] Current Robot Pose, x: 4.70, y: -0.02, yaw: 0.05
[ INFO] [1774414398.298404664, 1099.154000000]: [Multi Floor Nav] Linear Error: 0.56, Angular Error: 0.05
[ INFO] [1774414398.298413674, 1099.154000000]: [Multi Floor Nav] Setting initial pose failed. Will Retry
[ INFO] [1774414398.505945560, 1099.359000000]: [Multi Floor Nav] Initializing Robot at x: 5.0, y: -0.5, yaw: 0.0 (region sigma: x=0.30, y=0.30, yaw=0.20)
[ INFO] [1774414398.505987465, 1099.359000000]: [Multi Floor Nav] Initializing Pose to x: 5.00, y: -0.50 at level: 0
[ INFO] [1774414399.512963463, 1100.362000000]: [Multi Floor Nav] Waiting for AMCL nomotion updates (1.0/6.0s)...
[ INFO] [1774414400.519464541, 1101.363000000]: [Multi Floor Nav] Waiting for AMCL nomotion updates (2.0/6.0s)...
[ INFO] [1774414401.723163674, 1102.562000000]: [Multi Floor Nav] Waiting for AMCL nomotion updates (3.2/6.0s)...
[ INFO] [1774414402.726792047, 1103.562000000]: [Multi Floor Nav] Waiting for AMCL nomotion updates (4.2/6.0s)...
[ INFO] [1774414403.729282568, 1104.562000000]: [Multi Floor Nav] Waiting for AMCL nomotion updates (5.2/6.0s)...
[ INFO] [1774414404.535646256, 1105.363000000]: [Multi Floor Nav] Current Robot Pose, x: 4.66, y: -0.08, yaw: 0.06
[ INFO] [1774414404.535667348, 1105.363000000]: [Multi Floor Nav] Linear Error: 0.54, Angular Error: 0.06
[ INFO] [1774414404.535676357, 1105.363000000]: [Multi Floor Nav] Setting initial pose failed. Will Retry
[ INFO] [1774414404.739808727, 1105.565000000]: [Multi Floor Nav] Initializing Robot at x: 5.0, y: -0.5, yaw: 0.0 (region sigma: x=0.30, y=0.30, yaw=0.20)
[ INFO] [1774414404.739839178, 1105.565000000]: [Multi Floor Nav] Initializing Pose to x: 5.00, y: -0.50 at level: 0
[ INFO] [1774414405.753688168, 1106.567000000]: [Multi Floor Nav] Waiting for AMCL nomotion updates (1.0/6.0s)...
[ INFO] [1774414406.766158983, 1107.568000000]: [Multi Floor Nav] Waiting for AMCL nomotion updates (2.0/6.0s)...
[ INFO] [1774414407.975115473, 1108.766000000]: [Multi Floor Nav] Waiting for AMCL nomotion updates (3.2/6.0s)...
[ INFO] [1774414408.982192737, 1109.766000000]: [Multi Floor Nav] Waiting for AMCL nomotion updates (4.2/6.0s)...
[ INFO] [1774414409.986089437, 1110.766000000]: [Multi Floor Nav] Waiting for AMCL nomotion updates (5.2/6.0s)...
[ INFO] [1774414410.790499667, 1111.567000000]: [Multi Floor Nav] Current Robot Pose, x: 4.67, y: -0.05, yaw: 0.04
[ INFO] [1774414410.790519083, 1111.567000000]: [Multi Floor Nav] Linear Error: 0.56, Angular Error: 0.04
[ INFO] [1774414410.790528791, 1111.567000000]: [Multi Floor Nav] Setting initial pose failed. Will Retry
[ INFO] [1774414410.992311985, 1111.768000000]: [Multi Floor Nav] Initializing Robot at x: 5.0, y: -0.5, yaw: 0.0 (region sigma: x=0.30, y=0.30, yaw=0.20)
[ INFO] [1774414410.992344391, 1111.768000000]: [Multi Floor Nav] Initializing Pose to x: 5.00, y: -0.50 at level: 0
[ INFO] [1774414411.998222483, 1112.769000000]: [Multi Floor Nav] Waiting for AMCL nomotion updates (1.0/6.0s)...
[ INFO] [1774414413.003083827, 1113.769000000]: [Multi Floor Nav] Waiting for AMCL nomotion updates (2.0/6.0s)...
[ INFO] [1774414414.003856183, 1114.769000000]: [Multi Floor Nav] Waiting for AMCL nomotion updates (3.0/6.0s)...
[ INFO] [1774414415.014103882, 1115.769000000]: [Multi Floor Nav] Waiting for AMCL nomotion updates (4.0/6.0s)...
[ INFO] [1774414416.023503990, 1116.770000000]: [Multi Floor Nav] Waiting for AMCL nomotion updates (5.0/6.0s)...
[ INFO] [1774414417.034875921, 1117.769000000]: [Multi Floor Nav] Current Robot Pose, x: 4.69, y: -0.08, yaw: 0.02
[ INFO] [1774414417.034895407, 1117.769000000]: [Multi Floor Nav] Linear Error: 0.53, Angular Error: 0.02
[ INFO] [1774414417.034906442, 1117.769000000]: [Multi Floor Nav] Setting initial pose failed. Will Retry
[ INFO] [1774414417.240032231, 1117.971000000]: [Multi Floor Nav] Initializing Robot at x: 5.0, y: -0.5, yaw: 0.0 (region sigma: x=0.30, y=0.30, yaw=0.20)
[ INFO] [1774414417.240060028, 1117.971000000]: [Multi Floor Nav] Initializing Pose to x: 5.00, y: -0.50 at level: 0
[ INFO] [1774414418.247820195, 1118.972000000]: [Multi Floor Nav] Waiting for AMCL nomotion updates (1.0/6.0s)...
[ INFO] [1774414419.253242501, 1119.973000000]: [Multi Floor Nav] Waiting for AMCL nomotion updates (2.0/6.0s)...
[ INFO] [1774414420.457656241, 1121.172000000]: [Multi Floor Nav] Waiting for AMCL nomotion updates (3.2/6.0s)...
[ INFO] [1774414421.460730558, 1122.172000000]: [Multi Floor Nav] Waiting for AMCL nomotion updates (4.2/6.0s)...
[ INFO] [1774414422.467648161, 1123.174000000]: [Multi Floor Nav] Waiting for AMCL nomotion updates (5.2/6.0s)...
[ INFO] [1774414423.275451409, 1123.973000000]: [Multi Floor Nav] Current Robot Pose, x: 4.64, y: -0.10, yaw: 0.08
[ INFO] [1774414423.275500507, 1123.973000000]: [Multi Floor Nav] Linear Error: 0.54, Angular Error: 0.08
[ INFO] [1774414423.275526627, 1123.973000000]: [Multi Floor Nav] Setting initial pose failed. Will Retry
[ INFO] [1774414423.483152099, 1124.178000000]: [Multi Floor Nav] Initializing Robot at x: 5.0, y: -0.5, yaw: 0.0 (region sigma: x=0.30, y=0.30, yaw=0.20)
[ INFO] [1774414423.483187369, 1124.178000000]: [Multi Floor Nav] Initializing Pose to x: 5.00, y: -0.50 at level: 0
[ INFO] [1774414424.499239910, 1125.180000000]: [Multi Floor Nav] Waiting for AMCL nomotion updates (1.0/6.0s)...
[ INFO] [1774414425.507101973, 1126.180000000]: [Multi Floor Nav] Waiting for AMCL nomotion updates (2.0/6.0s)...
[ INFO] [1774414426.514858506, 1127.180000000]: [Multi Floor Nav] Waiting for AMCL nomotion updates (3.0/6.0s)...
[ INFO] [1774414427.728477022, 1128.380000000]: [Multi Floor Nav] Waiting for AMCL nomotion updates (4.2/6.0s)...
[ INFO] [1774414428.936786287, 1129.580000000]: [Multi Floor Nav] Waiting for AMCL nomotion updates (5.4/6.0s)...
[ INFO] [1774414429.538274630, 1130.180000000]: [Multi Floor Nav] Current Robot Pose, x: 4.64, y: -0.07, yaw: 0.03
[ INFO] [1774414429.538298027, 1130.180000000]: [Multi Floor Nav] Linear Error: 0.56, Angular Error: 0.03
[ INFO] [1774414429.538311296, 1130.180000000]: [Multi Floor Nav] Setting initial pose failed. Will Retry
[ INFO] [1774414429.739899563, 1130.380000000]: [Multi Floor Nav] Initializing Robot at x: 5.0, y: -0.5, yaw: 0.0 (region sigma: x=0.30, y=0.30, yaw=0.20)
[ INFO] [1774414429.739947683, 1130.380000000]: [Multi Floor Nav] Initializing Pose to x: 5.00, y: -0.50 at level: 0
[ INFO] [1774414430.744647479, 1131.382000000]: [Multi Floor Nav] Waiting for AMCL nomotion updates (1.0/6.0s)...
[ INFO] [1774414431.748472794, 1132.383000000]: [Multi Floor Nav] Waiting for AMCL nomotion updates (2.0/6.0s)...
[ INFO] [1774414432.956148877, 1133.584000000]: [Multi Floor Nav] Waiting for AMCL nomotion updates (3.2/6.0s)...
[ INFO] [1774414434.168897730, 1134.783000000]: [Multi Floor Nav] Waiting for AMCL nomotion updates (4.4/6.0s)...
[ INFO] [1774414435.177427331, 1135.783000000]: [Multi Floor Nav] Waiting for AMCL nomotion updates (5.4/6.0s)...
[ INFO] [1774414435.784140556, 1136.383000000]: [Multi Floor Nav] Current Robot Pose, x: 4.69, y: -0.11, yaw: 0.10
[ INFO] [1774414435.784192937, 1136.383000000]: [Multi Floor Nav] Linear Error: 0.50, Angular Error: 0.10
[ INFO] [1774414435.784232607, 1136.383000000]: [Multi Floor Nav] Robot at correct pose
[ INFO] [1774414435.786048755, 1136.385000000]: [Multi Floor Nav] RELOC_PASS: linear_error=0.4976, angular_error=0.1042, linear_error_init=0.4976, angular_error_init=0.1042, tr_sigma=0.0049, C_t=0.9952
[ INFO] [1774414436.794743949, 1137.385000000]: [Multi Floor Nav] POST_PASS: dt=1.000s, linear_error=0.4981, angular_error=0.1031
[ INFO] [1774414436.794776845, 1137.385000000]: [Multi Floor Nav] Will send goal to x: 3, y: -0, at level: 0
[ INFO] [1774414436.794794584, 1137.385000000]: [Multi Floor Nav] Sending Robot to x: 3.0, y: -0.5, yaw: 3.1
[ INFO] [1774414436.997468321, 1137.585000000]: [Multi Floor Nav] POST_PASS: dt=1.200s, linear_error=0.4981, angular_error=0.1031
[ INFO] [1774414437.199501404, 1137.785000000]: [Multi Floor Nav] POST_PASS: dt=1.400s, linear_error=0.4981, angular_error=0.1031
[ INFO] [1774414437.400185507, 1137.985000000]: [Multi Floor Nav] POST_PASS: dt=1.600s, linear_error=0.4707, angular_error=0.3039
[ INFO] [1774414437.599570705, 1138.185000000]: [Multi Floor Nav] POST_PASS: dt=1.800s, linear_error=0.4086, angular_error=0.7224
[ INFO] [1774414437.800462236, 1138.385000000]: [Multi Floor Nav] POST_PASS: dt=2.000s, linear_error=0.3385, angular_error=1.1538
[ INFO] [1774414454.915250039, 1155.386000000]: [Multi Floor Nav] Requesting Lift to Level 0
[ INFO] [1774414455.115743334, 1155.585000000]: [Multi Floor Nav] Entering Lift at Level 0
[ INFO] [1774414472.408743281, 1172.785000000]: [Multi Floor Nav] Requesting Lift to Level 1
[ INFO] [1774414479.442396874, 1179.785000000]: [Multi Floor Nav] Exiting Lift at Level 1
[ INFO] [1774414492.144186699, 1192.374000000]: [Multi Floor Nav] Successfully loaded map for level: 1
[ INFO] [1774414492.157758712, 1192.387000000]: [Multi Floor Nav] Initializing Robot at x: 3.0, y: -0.5, yaw: 3.1 (region sigma: x=0.30, y=0.30, yaw=0.20)
[ INFO] [1774414492.157803620, 1192.388000000]: [Multi Floor Nav] Initializing Pose to x: 3.00, y: -0.50 at level: 1
[ INFO] [1774414493.179726424, 1193.390000000]: [Multi Floor Nav] Waiting for AMCL nomotion updates (1.0/6.0s)...
[ INFO] [1774414494.193281355, 1194.390000000]: [Multi Floor Nav] Waiting for AMCL nomotion updates (2.0/6.0s)...
[ INFO] [1774414495.201119511, 1195.391000000]: [Multi Floor Nav] Waiting for AMCL nomotion updates (3.0/6.0s)...
[ INFO] [1774414496.209297793, 1196.391000000]: [Multi Floor Nav] Waiting for AMCL nomotion updates (4.0/6.0s)...
[ INFO] [1774414497.413989542, 1197.589000000]: [Multi Floor Nav] Waiting for AMCL nomotion updates (5.2/6.0s)...
[ INFO] [1774414498.217992158, 1198.390000000]: [Multi Floor Nav] Current Robot Pose, x: 3.50, y: -0.69, yaw: 2.96
[ INFO] [1774414498.218010876, 1198.390000000]: [Multi Floor Nav] Linear Error: 0.53, Angular Error: 0.18
[ INFO] [1774414498.218018838, 1198.390000000]: [Multi Floor Nav] Setting initial pose failed. Will Retry
[ INFO] [1774414498.421475629, 1198.592000000]: [Multi Floor Nav] Initializing Robot at x: 3.0, y: -0.5, yaw: 3.1 (region sigma: x=0.30, y=0.30, yaw=0.20)
[ INFO] [1774414498.421519908, 1198.592000000]: [Multi Floor Nav] Initializing Pose to x: 3.00, y: -0.50 at level: 1
[ INFO] [1774414499.436133210, 1199.596000000]: [Multi Floor Nav] Waiting for AMCL nomotion updates (1.0/6.0s)...
[ INFO] [1774414500.450878650, 1200.596000000]: [Multi Floor Nav] Waiting for AMCL nomotion updates (2.0/6.0s)...
[ INFO] [1774414501.666413999, 1201.795000000]: [Multi Floor Nav] Waiting for AMCL nomotion updates (3.2/6.0s)...
[ INFO] [1774414502.680796614, 1202.795000000]: [Multi Floor Nav] Waiting for AMCL nomotion updates (4.2/6.0s)...
[ INFO] [1774414503.892567596, 1203.994000000]: [Multi Floor Nav] Waiting for AMCL nomotion updates (5.4/6.0s)...
[ INFO] [1774414504.496761360, 1204.594000000]: [Multi Floor Nav] Current Robot Pose, x: 3.49, y: -0.74, yaw: 3.00
[ INFO] [1774414504.496781405, 1204.594000000]: [Multi Floor Nav] Linear Error: 0.54, Angular Error: 0.14
[ INFO] [1774414504.496789785, 1204.594000000]: [Multi Floor Nav] Setting initial pose failed. Will Retry
[ INFO] [1774414504.698754281, 1204.795000000]: [Multi Floor Nav] Initializing Robot at x: 3.0, y: -0.5, yaw: 3.1 (region sigma: x=0.30, y=0.30, yaw=0.20)
[ INFO] [1774414504.698783894, 1204.795000000]: [Multi Floor Nav] Initializing Pose to x: 3.00, y: -0.50 at level: 1
[ INFO] [1774414505.707385061, 1205.797000000]: [Multi Floor Nav] Waiting for AMCL nomotion updates (1.0/6.0s)...
[ INFO] [1774414506.711285084, 1206.797000000]: [Multi Floor Nav] Waiting for AMCL nomotion updates (2.0/6.0s)...
[ INFO] [1774414507.714039991, 1207.797000000]: [Multi Floor Nav] Waiting for AMCL nomotion updates (3.0/6.0s)...
[ INFO] [1774414508.727783419, 1208.798000000]: [Multi Floor Nav] Waiting for AMCL nomotion updates (4.0/6.0s)...
[ INFO] [1774414509.745149016, 1209.798000000]: [Multi Floor Nav] Waiting for AMCL nomotion updates (5.0/6.0s)...
[ INFO] [1774414510.758005670, 1210.796000000]: [Multi Floor Nav] Current Robot Pose, x: 3.58, y: -0.81, yaw: 3.01
[ INFO] [1774414510.758029905, 1210.796000000]: [Multi Floor Nav] Linear Error: 0.66, Angular Error: 0.14
[ INFO] [1774414510.758041499, 1210.796000000]: [Multi Floor Nav] Setting initial pose failed. Will Retry
[ INFO] [1774414510.964598117, 1211.000000000]: [Multi Floor Nav] Initializing Robot at x: 3.0, y: -0.5, yaw: 3.1 (region sigma: x=0.30, y=0.30, yaw=0.20)
[ INFO] [1774414510.964629616, 1211.000000000]: [Multi Floor Nav] Initializing Pose to x: 3.00, y: -0.50 at level: 1
[ INFO] [1774414511.976765999, 1212.002000000]: [Multi Floor Nav] Waiting for AMCL nomotion updates (1.0/6.0s)...
[ INFO] [1774414513.188273816, 1213.202000000]: [Multi Floor Nav] Waiting for AMCL nomotion updates (2.2/6.0s)...
[ INFO] [1774414514.197288370, 1214.203000000]: [Multi Floor Nav] Waiting for AMCL nomotion updates (3.2/6.0s)...
[ INFO] [1774414515.402143263, 1215.402000000]: [Multi Floor Nav] Waiting for AMCL nomotion updates (4.4/6.0s)...
[ INFO] [1774414516.406044190, 1216.402000000]: [Multi Floor Nav] Waiting for AMCL nomotion updates (5.4/6.0s)...
[ INFO] [1774414517.010491685, 1217.001000000]: [Multi Floor Nav] Current Robot Pose, x: 3.41, y: -0.74, yaw: 2.98
[ INFO] [1774414517.010510822, 1217.001000000]: [Multi Floor Nav] Linear Error: 0.48, Angular Error: 0.16
[ INFO] [1774414517.010518854, 1217.001000000]: [Multi Floor Nav] Robot at correct pose
[ INFO] [1774414517.011730737, 1217.002000000]: [Multi Floor Nav] RELOC_PASS: linear_error=0.4790, angular_error=0.1583, linear_error_init=0.4790, angular_error_init=0.1583, tr_sigma=0.0102, C_t=0.9898
[ INFO] [1774414518.024896576, 1218.002000000]: [Multi Floor Nav] POST_PASS: dt=1.000s, linear_error=0.4750, angular_error=0.1617
[ INFO] [1774414518.024945953, 1218.002000000]: [Multi Floor Nav] Will send goal to x: 4, y: 5, at level: 1
[ INFO] [1774414518.024970817, 1218.002000000]: [Multi Floor Nav] Sending Robot to x: 4.0, y: 5.0, yaw: 0.0
[ INFO] [1774414518.226626195, 1218.202000000]: [Multi Floor Nav] POST_PASS: dt=1.200s, linear_error=0.4750, angular_error=0.1617
[ INFO] [1774414518.429246917, 1218.402000000]: [Multi Floor Nav] POST_PASS: dt=1.400s, linear_error=0.3543, angular_error=0.2473
[ INFO] [1774414518.630678734, 1218.602000000]: [Multi Floor Nav] POST_PASS: dt=1.600s, linear_error=0.3543, angular_error=0.2473
[ INFO] [1774414518.832765451, 1218.803000000]: [Multi Floor Nav] POST_PASS: dt=1.801s, linear_error=0.2526, angular_error=0.4825
[ INFO] [1774414519.034174011, 1219.002000000]: [Multi Floor Nav] POST_PASS: dt=2.000s, linear_error=0.1539, angular_error=0.7944
[ INFO] [1774414540.302978793, 1240.002000000]: [Multi Floor Nav] Robot arrived at Goal
[ INFO] [1774414354.997409471, 1056.178000000]: global_costmap: Using plugin "static_layer"
[ INFO] [1774414355.001722439, 1056.183000000]: Requesting the map...
[ INFO] [1774414385.837058485, 1086.784000000]: Resizing costmap to 992 X 992 at 0.020000 m/pix
[ INFO] [1774414385.936954812, 1086.884000000]: Received a 992 X 992 map at 0.020000 m/pix
[ INFO] [1774414385.940490797, 1086.887000000]: global_costmap: Using plugin "obstacles_layer"
[ INFO] [1774414385.947548661, 1086.894000000]:     Subscribed to Topics: scan
[ INFO] [1774414385.958617919, 1086.905000000]: global_costmap: Using plugin "inflater_layer"
[ INFO] [1774414385.986112339, 1086.933000000]: local_costmap: Using plugin "obstacles_layer"
[ INFO] [1774414385.988996428, 1086.935000000]:     Subscribed to Topics: scan
[ INFO] [1774414386.000489900, 1086.947000000]: local_costmap: Using plugin "inflater_layer"
[ INFO] [1774414386.019265287, 1086.966000000]: Created local_planner base_local_planner/TrajectoryPlannerROS
[ INFO] [1774414386.022942142, 1086.970000000]: Sim period is set to 0.05
[ INFO] [1774414386.071101290, 1087.017000000]: Recovery behavior will clear layer 'obstacles'
[ INFO] [1774414386.074390318, 1087.020000000]: Recovery behavior will clear layer 'obstacles'
[ INFO] [1774414386.311643580, 1087.256000000]: odom received!
[31m[urdf_spawner-8] process has died [pid 446347, exit code 1, cmd /opt/ros/noetic/lib/gazebo_ros/spawn_model -urdf -model jackal -param robot_description -x 5.0 -y -0.5 -z 0.5 __name:=urdf_spawner __log:=/home/eethanhe/.ros/log/6db18260-2806-11f1-8845-1536d44dd856/urdf_spawner-8.log].
log file: /home/eethanhe/.ros/log/6db18260-2806-11f1-8845-1536d44dd856/urdf_spawner-8*.log[0m

auto-starting new master
[1mprocess[master]: started with pid [446279][0m
[1mROS_MASTER_URI=http://localhost:11311[0m
]2;/home/eethanhe/catkin_ws/src/robot-multi-floor-navigation/multi_floor_nav/launch/nav.launch http://localhost:11311
[1msetting /run_id to 6db18260-2806-11f1-8845-1536d44dd856[0m
[1mprocess[rosout-1]: started with pid [446324][0m
started core service [/rosout]
[1mprocess[gazebo-2]: started with pid [446331][0m
[1mprocess[robot_state_publisher-3]: started with pid [446335][0m
[1mprocess[controller_spawner-4]: started with pid [446337][0m
[1mprocess[ekf_localization-5]: started with pid [446338][0m
[1mprocess[twist_mux-6]: started with pid [446339][0m
[1mprocess[twist_marker_server-7]: started with pid [446344][0m
[1mprocess[urdf_spawner-8]: started with pid [446347][0m
[1mprocess[map_server0-9]: started with pid [446357][0m
[1mprocess[map_server1-10]: started with pid [446361][0m
[1mprocess[amcl-11]: started with pid [446365][0m
[1mprocess[move_base-12]: started with pid [446368][0m
[1mprocess[rviz-13]: started with pid [446374][0m
[1mprocess[change_map_node-14]: started with pid [446380][0m
[1mprocess[multi_floor_navigation_node-15]: started with pid [446391][0m
[multi_floor_navigation_node-15] killing on exit
[change_map_node-14] killing on exit
[rviz-13] killing on exit
[move_base-12] killing on exit
[amcl-11] killing on exit
[map_server1-10] killing on exit
[map_server0-9] killing on exit
[twist_marker_server-7] killing on exit
[ekf_localization-5] killing on exit
[twist_mux-6] killing on exit
[controller_spawner-4] killing on exit
[robot_state_publisher-3] killing on exit
[gazebo-2] killing on exit
[rosout-1] killing on exit
[master] killing on exit
shutting down processing monitor...
... shutting down processing monitor complete
[1mdone[0m
