xacro: in-order processing became default in ROS Melodic. You can drop the option.
... logging to /home/eethanhe/.ros/log/ae24db98-2807-11f1-8845-1536d44dd856/roslaunch-eethanhe-Lenovo-Legion-R9000P2021H-456775.log
Checking log directory for disk usage. This may take a while.
Press Ctrl-C to interrupt
Done checking log file disk usage. Usage is <1GB.
]2;/home/eethanhe/catkin_ws/src/robot-multi-floor-navigation/multi_floor_nav/launch/nav.launch
[1mstarted roslaunch server http://eethanhe-Lenovo-Legion-R9000P2021H:38657/[0m

SUMMARY
========

PARAMETERS
 * /amcl/auto_update_noise: 0.0
 * /amcl/base_frame_id: base_link
 * /amcl/expected_laser_freq: 5.0
 * /amcl/first_map_only: False
 * /amcl/global_frame_id: map
 * /amcl/gui_publish_rate: 10.0
 * /amcl/initial_pose_a: 0.0
 * /amcl/initial_pose_x: 0.0
 * /amcl/initial_pose_y: 0.0
 * /amcl/kld_err: 0.05
 * /amcl/kld_z: 0.99
 * /amcl/laser_lambda_short: 0.1
 * /amcl/laser_likelihood_max_dist: 2.0
 * /amcl/laser_max_beams: 720
 * /amcl/laser_max_range: 30.0
 * /amcl/laser_min_range: 0.1
 * /amcl/laser_model_type: likelihood_field
 * /amcl/laser_sigma_hit: 0.2
 * /amcl/laser_z_hit: 0.5
 * /amcl/laser_z_max: 0.05
 * /amcl/laser_z_rand: 0.5
 * /amcl/laser_z_short: 0.05
 * /amcl/max_particles: 2000
 * /amcl/min_particles: 500
 * /amcl/odom_alpha1: 0.2
 * /amcl/odom_alpha2: 0.2
 * /amcl/odom_alpha3: 0.2
 * /amcl/odom_alpha4: 0.2
 * /amcl/odom_alpha5: 0.1
 * /amcl/odom_frame_id: odom
 * /amcl/odom_model_type: diff
 * /amcl/odom_update_interval: 0.1
 * /amcl/recovery_alpha_fast: 0.1
 * /amcl/recovery_alpha_slow: 0.001
 * /amcl/resample_interval: 1
 * /amcl/transform_tolerance: 1.0
 * /amcl/update_min_a: 0.3927
 * /amcl/update_min_d: 0.1
 * /amcl/use_map_topic: False
 * /ekf_localization/base_link_frame: base_link
 * /ekf_localization/frequency: 50
 * /ekf_localization/imu0: /imu/data
 * /ekf_localization/imu0_config: [False, False, Fa...
 * /ekf_localization/imu0_differential: False
 * /ekf_localization/odom0: /jackal_velocity_...
 * /ekf_localization/odom0_config: [False, False, Fa...
 * /ekf_localization/odom0_differential: False
 * /ekf_localization/odom_frame: odom
 * /ekf_localization/predict_to_current_time: True
 * /ekf_localization/world_frame: odom
 * /gazebo/enable_ros_network: True
 * /jackal_joint_publisher/publish_rate: 50
 * /jackal_joint_publisher/type: joint_state_contr...
 * /jackal_velocity_controller/angular/z/has_acceleration_limits: True
 * /jackal_velocity_controller/angular/z/has_velocity_limits: True
 * /jackal_velocity_controller/angular/z/max_acceleration: 25.0
 * /jackal_velocity_controller/angular/z/max_velocity: 4.0
 * /jackal_velocity_controller/cmd_vel_timeout: 0.25
 * /jackal_velocity_controller/enable_odom_tf: False
 * /jackal_velocity_controller/k_l: 0.1
 * /jackal_velocity_controller/k_r: 0.1
 * /jackal_velocity_controller/left_wheel: ['front_left_whee...
 * /jackal_velocity_controller/linear/x/has_acceleration_limits: True
 * /jackal_velocity_controller/linear/x/has_velocity_limits: True
 * /jackal_velocity_controller/linear/x/max_acceleration: 20.0
 * /jackal_velocity_controller/linear/x/max_velocity: 2.0
 * /jackal_velocity_controller/pose_covariance_diagonal: [0.001, 0.001, 10...
 * /jackal_velocity_controller/publish_cmd: True
 * /jackal_velocity_controller/publish_rate: 50
 * /jackal_velocity_controller/right_wheel: ['front_right_whe...
 * /jackal_velocity_controller/twist_covariance_diagonal: [0.001, 0.001, 0....
 * /jackal_velocity_controller/type: diff_drive_contro...
 * /jackal_velocity_controller/wheel_radius_multiplier: 1.0
 * /jackal_velocity_controller/wheel_separation_multiplier: 1.5
 * /move_base/NavfnROS/allow_unknown: True
 * /move_base/TrajectoryPlannerROS/acc_lim_theta: 20.0
 * /move_base/TrajectoryPlannerROS/acc_lim_x: 10.0
 * /move_base/TrajectoryPlannerROS/angular_sim_granularity: 0.02
 * /move_base/TrajectoryPlannerROS/controller_frequency: 20.0
 * /move_base/TrajectoryPlannerROS/dwa: True
 * /move_base/TrajectoryPlannerROS/escape_reset_dist: 0.1
 * /move_base/TrajectoryPlannerROS/escape_reset_theta: 0.1
 * /move_base/TrajectoryPlannerROS/escape_vel: -0.5
 * /move_base/TrajectoryPlannerROS/gdist_scale: 1.0
 * /move_base/TrajectoryPlannerROS/heading_lookahead: 0.325
 * /move_base/TrajectoryPlannerROS/heading_scoring: False
 * /move_base/TrajectoryPlannerROS/heading_scoring_timestep: 0.8
 * /move_base/TrajectoryPlannerROS/holonomic_robot: False
 * /move_base/TrajectoryPlannerROS/latch_xy_goal_tolerance: False
 * /move_base/TrajectoryPlannerROS/max_vel_theta: 1.57
 * /move_base/TrajectoryPlannerROS/max_vel_x: 0.5
 * /move_base/TrajectoryPlannerROS/meter_scoring: True
 * /move_base/TrajectoryPlannerROS/min_in_place_vel_theta: 0.314
 * /move_base/TrajectoryPlannerROS/min_vel_theta: -1.57
 * /move_base/TrajectoryPlannerROS/min_vel_x: 0.1
 * /move_base/TrajectoryPlannerROS/occdist_scale: 0.1
 * /move_base/TrajectoryPlannerROS/oscillation_reset_dist: 0.05
 * /move_base/TrajectoryPlannerROS/pdist_scale: 0.75
 * /move_base/TrajectoryPlannerROS/publish_cost_grid_pc: True
 * /move_base/TrajectoryPlannerROS/sim_granularity: 0.02
 * /move_base/TrajectoryPlannerROS/sim_time: 2.0
 * /move_base/TrajectoryPlannerROS/simple_attractor: False
 * /move_base/TrajectoryPlannerROS/vtheta_samples: 20
 * /move_base/TrajectoryPlannerROS/vx_samples: 6
 * /move_base/TrajectoryPlannerROS/xy_goal_tolerance: 0.25
 * /move_base/TrajectoryPlannerROS/yaw_goal_tolerance: 0.157
 * /move_base/base_global_planner: navfn/NavfnROS
 * /move_base/base_local_planner: base_local_planne...
 * /move_base/clearing_rotation_allowed: True
 * /move_base/controller_frequency: 20.0
 * /move_base/controller_patience: 15.0
 * /move_base/global_costmap/footprint: [[-0.21, -0.165],...
 * /move_base/global_costmap/footprint_padding: 0.1
 * /move_base/global_costmap/global_frame: map
 * /move_base/global_costmap/height: 40.0
 * /move_base/global_costmap/inflater_layer/inflation_radius: 0.3
 * /move_base/global_costmap/map_type: costmap
 * /move_base/global_costmap/meter_scoring: True
 * /move_base/global_costmap/obstacle_range: 2.5
 * /move_base/global_costmap/obstacles_layer/observation_sources: scan
 * /move_base/global_costmap/obstacles_layer/scan/clearing: True
 * /move_base/global_costmap/obstacles_layer/scan/data_type: LaserScan
 * /move_base/global_costmap/obstacles_layer/scan/marking: True
 * /move_base/global_costmap/obstacles_layer/scan/max_obstacle_height: 2.0
 * /move_base/global_costmap/obstacles_layer/scan/min_obstacle_height: -2.0
 * /move_base/global_costmap/obstacles_layer/scan/obstacle_range: 2.5
 * /move_base/global_costmap/obstacles_layer/scan/raytrace_range: 3.0
 * /move_base/global_costmap/obstacles_layer/scan/sensor_frame: front_laser
 * /move_base/global_costmap/obstacles_layer/scan/topic: front/scan
 * /move_base/global_costmap/origin_x: -20.0
 * /move_base/global_costmap/origin_y: -20.0
 * /move_base/global_costmap/origin_z: 0.0
 * /move_base/global_costmap/plugins: [{'name': 'static...
 * /move_base/global_costmap/publish_frequency: 5.0
 * /move_base/global_costmap/publish_voxel_map: False
 * /move_base/global_costmap/raytrace_range: 3.0
 * /move_base/global_costmap/resolution: 0.05
 * /move_base/global_costmap/robot_base_frame: base_link
 * /move_base/global_costmap/rolling_window: False
 * /move_base/global_costmap/static_map: True
 * /move_base/global_costmap/transform_tolerance: 0.5
 * /move_base/global_costmap/update_frequency: 20.0
 * /move_base/global_costmap/width: 40.0
 * /move_base/global_costmap/z_resolution: 1
 * /move_base/global_costmap/z_voxels: 2
 * /move_base/local_costmap/footprint: [[-0.21, -0.165],...
 * /move_base/local_costmap/footprint_padding: 0.1
 * /move_base/local_costmap/global_frame: map
 * /move_base/local_costmap/height: 10.0
 * /move_base/local_costmap/inflater_layer/inflation_radius: 0.3
 * /move_base/local_costmap/map_type: costmap
 * /move_base/local_costmap/meter_scoring: True
 * /move_base/local_costmap/obstacle_range: 2.5
 * /move_base/local_costmap/obstacles_layer/observation_sources: scan
 * /move_base/local_costmap/obstacles_layer/scan/clearing: True
 * /move_base/local_costmap/obstacles_layer/scan/data_type: LaserScan
 * /move_base/local_costmap/obstacles_layer/scan/marking: True
 * /move_base/local_costmap/obstacles_layer/scan/max_obstacle_height: 2.0
 * /move_base/local_costmap/obstacles_layer/scan/min_obstacle_height: -2.0
 * /move_base/local_costmap/obstacles_layer/scan/obstacle_range: 2.5
 * /move_base/local_costmap/obstacles_layer/scan/raytrace_range: 3.0
 * /move_base/local_costmap/obstacles_layer/scan/sensor_frame: front_laser
 * /move_base/local_costmap/obstacles_layer/scan/topic: front/scan
 * /move_base/local_costmap/origin_z: 0.0
 * /move_base/local_costmap/plugins: [{'name': 'obstac...
 * /move_base/local_costmap/publish_frequency: 5.0
 * /move_base/local_costmap/publish_voxel_map: False
 * /move_base/local_costmap/raytrace_range: 3.0
 * /move_base/local_costmap/resolution: 0.05
 * /move_base/local_costmap/robot_base_frame: base_link
 * /move_base/local_costmap/rolling_window: True
 * /move_base/local_costmap/static_map: False
 * /move_base/local_costmap/transform_tolerance: 0.5
 * /move_base/local_costmap/update_frequency: 20.0
 * /move_base/local_costmap/width: 10.0
 * /move_base/local_costmap/z_resolution: 1
 * /move_base/local_costmap/z_voxels: 2
 * /move_base/oscillation_distance: 0.5
 * /move_base/oscillation_timeout: 0.0
 * /move_base/planner_frequency: 20.0
 * /move_base/planner_patience: 5.0
 * /move_base/recovery_behavior_enabled: True
 * /move_base/shutdown_costmaps: False
 * /multi_floor_navigation_node/init_pose_offset_theta: 0.1
 * /multi_floor_navigation_node/init_pose_offset_x: 0.2
 * /multi_floor_navigation_node/init_pose_offset_y: 0.2
 * /multi_floor_navigation_node/region_init_sigma_x: 0.3
 * /multi_floor_navigation_node/region_init_sigma_y: 0.3
 * /multi_floor_navigation_node/region_init_sigma_yaw: 0.2
 * /multi_floor_navigation_node/reloc_min_check_delay_sec: 6.0
 * /robot_description: <?xml version="1....
 * /rosdistro: noetic
 * /rosversion: 1.17.0
 * /twist_marker_server/link_name: base_link
 * /twist_mux/locks: [{'name': 'e_stop...
 * /twist_mux/topics: [{'name': 'joy', ...
 * /use_gui: True
 * /use_sim_time: True

NODES
  /
    amcl (amcl/amcl)
    change_map_node (multi_floor_nav/change_map_node)
    controller_spawner (controller_manager/spawner)
    ekf_localization (robot_localization/ekf_localization_node)
    gazebo (gazebo_ros/gzserver)
    map_server0 (map_server/map_server)
    map_server1 (map_server/map_server)
    move_base (move_base/move_base)
    multi_floor_navigation_node (multi_floor_nav/multi_floor_navigation_node)
    robot_state_publisher (robot_state_publisher/robot_state_publisher)
    rviz (rviz/rviz)
    twist_marker_server (interactive_marker_twist_server/marker_server)
    twist_mux (twist_mux/twist_mux)
    urdf_spawner (gazebo_ros/spawn_model)
[ INFO] [1774414888.960776123]: Finished loading Gazebo ROS API Plugin.
[ INFO] [1774414888.961594870]: waitForService: Service [/gazebo/set_physics_properties] has not been advertised, waiting...
[1;33mWarning [Model.cc:216][0m Non-unique name[door] detected 2 times in XML children of model with name[elevator].
[1;33mWarning [Model.cc:309][0m Joint with name [door] in model with name [elevator] has a name collision, changing joint name to [door_joint].
[ERROR] [1774414890.767817, 0.000000]: Spawn service failed. Exiting.
[ INFO] [1774414890.662503104]: waitForService: Service [/gazebo/set_physics_properties] is now available.
[ INFO] [1774414890.772155244, 1054.799000000]: Physics dynamic reconfigure ready.
[1;33mWarning [parser_urdf.cc:1161][0m multiple inconsistent <gravity> exists due to fixed joint reduction overwriting previous value [true] with [false].
[1;33mWarning [parser_urdf.cc:1161][0m multiple inconsistent <gravity> exists due to fixed joint reduction overwriting previous value [false] with [true].
[ERROR] [1774414891.222851555, 1054.799000000]: No p gain specified for pid.  Namespace: /gazebo_ros_control/pid_gains/front_left_wheel
[ERROR] [1774414891.223365865, 1054.799000000]: No p gain specified for pid.  Namespace: /gazebo_ros_control/pid_gains/front_right_wheel
[ERROR] [1774414891.223820670, 1054.799000000]: No p gain specified for pid.  Namespace: /gazebo_ros_control/pid_gains/rear_left_wheel
[ERROR] [1774414891.224329253, 1054.799000000]: No p gain specified for pid.  Namespace: /gazebo_ros_control/pid_gains/rear_right_wheel
[ WARN] [1774414891.275191247, 1054.800000000]: Failed to meet update rate! Took 1054.7999999999999545
[ WARN] [1774414891.276170629, 1054.801000000]: Timed out waiting for transform from base_link to map to become available before running costmap, tf error: canTransform: target_frame map does not exist. canTransform: source_frame base_link does not exist.. canTransform returned after 1054.8 timeout was 0.1.
[ WARN] [1774414891.276207714, 1054.801000000]: Failed to meet update rate! Took 1054.7809999999999491
[ WARN] [1774414891.528330051]: Interactive marker 'robot_twist_marker' contains unnormalized quaternions. This warning will only be output once but may be true for others; enable DEBUG messages for ros.rviz.quaternions to see more details.
[ WARN] [1774414892.534070450, 1056.044000000]: global_costmap: Pre-Hydro parameter "static_map" unused since "plugins" is provided
[ WARN] [1774414892.534298062, 1056.044000000]: global_costmap: Pre-Hydro parameter "map_type" unused since "plugins" is provided
[ WARN] [1774414923.558460276, 1086.802000000]: [Multi Floor Nav] Initial pose perturbation applied: offset_x=0.20, offset_y=0.20, offset_theta=0.10
[ WARN] [1774414923.643649731, 1086.887000000]: local_costmap: Pre-Hydro parameter "static_map" unused since "plugins" is provided
[ WARN] [1774414923.643834321, 1086.887000000]: local_costmap: Pre-Hydro parameter "map_type" unused since "plugins" is provided
[ WARN] [1774414923.680502787, 1086.924000000]: Parameter pdist_scale is deprecated. Please use the name path_distance_bias instead.
[ WARN] [1774414923.681240588, 1086.925000000]: Parameter gdist_scale is deprecated. Please use the name goal_distance_bias instead.
[ WARN] [1774414929.805404055, 1093.004000000]: [Multi Floor Nav] Initial pose perturbation applied: offset_x=0.20, offset_y=0.20, offset_theta=0.10
[ WARN] [1774414936.052644793, 1099.210000000]: [Multi Floor Nav] Initial pose perturbation applied: offset_x=0.20, offset_y=0.20, offset_theta=0.10
[ WARN] [1774414942.309118870, 1105.412000000]: [Multi Floor Nav] Initial pose perturbation applied: offset_x=0.20, offset_y=0.20, offset_theta=0.10
[ INFO] [1774414923.492719334, 1086.737000000]: [Multi Floor Nav] Successfully loaded map for level: 0
[ INFO] [1774414923.559611188, 1086.803000000]: [Multi Floor Nav] Initializing Robot at x: 5.2, y: -0.3, yaw: 0.1 (region sigma: x=0.30, y=0.30, yaw=0.20)
[ INFO] [1774414923.559643385, 1086.803000000]: [Multi Floor Nav] Initializing Pose to x: 5.00, y: -0.50 at level: 0
[ INFO] [1774414924.566465479, 1087.806000000]: [Multi Floor Nav] Waiting for AMCL nomotion updates (1.0/6.0s)...
[ INFO] [1774414925.770358287, 1089.004000000]: [Multi Floor Nav] Waiting for AMCL nomotion updates (2.2/6.0s)...
[ INFO] [1774414926.773443254, 1090.005000000]: [Multi Floor Nav] Waiting for AMCL nomotion updates (3.2/6.0s)...
[ INFO] [1774414927.784209275, 1091.005000000]: [Multi Floor Nav] Waiting for AMCL nomotion updates (4.2/6.0s)...
[ INFO] [1774414928.999009657, 1092.205000000]: [Multi Floor Nav] Waiting for AMCL nomotion updates (5.4/6.0s)...
[ INFO] [1774414929.603019062, 1092.804000000]: [Multi Floor Nav] Current Robot Pose, x: 4.64, y: -0.10, yaw: 0.09
[ INFO] [1774414929.603039456, 1092.804000000]: [Multi Floor Nav] Linear Error: 0.54, Angular Error: 0.09
[ INFO] [1774414929.603048675, 1092.804000000]: [Multi Floor Nav] Setting initial pose failed. Will Retry
[ INFO] [1774414929.809680146, 1093.008000000]: [Multi Floor Nav] Initializing Robot at x: 5.2, y: -0.3, yaw: 0.1 (region sigma: x=0.30, y=0.30, yaw=0.20)
[ INFO] [1774414929.809747333, 1093.008000000]: [Multi Floor Nav] Initializing Pose to x: 5.00, y: -0.50 at level: 0
[ INFO] [1774414930.818867688, 1094.010000000]: [Multi Floor Nav] Waiting for AMCL nomotion updates (1.0/6.0s)...
[ INFO] [1774414931.827932240, 1095.010000000]: [Multi Floor Nav] Waiting for AMCL nomotion updates (2.0/6.0s)...
[ INFO] [1774414932.836174413, 1096.010000000]: [Multi Floor Nav] Waiting for AMCL nomotion updates (3.0/6.0s)...
[ INFO] [1774414934.042930705, 1097.209000000]: [Multi Floor Nav] Waiting for AMCL nomotion updates (4.2/6.0s)...
[ INFO] [1774414935.048222580, 1098.210000000]: [Multi Floor Nav] Waiting for AMCL nomotion updates (5.2/6.0s)...
[ INFO] [1774414935.853490580, 1099.010000000]: [Multi Floor Nav] Current Robot Pose, x: 4.91, y: 0.03, yaw: 0.07
[ INFO] [1774414935.853514885, 1099.010000000]: [Multi Floor Nav] Linear Error: 0.54, Angular Error: 0.07
[ INFO] [1774414935.853524523, 1099.010000000]: [Multi Floor Nav] Setting initial pose failed. Will Retry
[ INFO] [1774414936.053847806, 1099.211000000]: [Multi Floor Nav] Initializing Robot at x: 5.2, y: -0.3, yaw: 0.1 (region sigma: x=0.30, y=0.30, yaw=0.20)
[ INFO] [1774414936.053877838, 1099.211000000]: [Multi Floor Nav] Initializing Pose to x: 5.00, y: -0.50 at level: 0
[ INFO] [1774414937.058790894, 1100.213000000]: [Multi Floor Nav] Waiting for AMCL nomotion updates (1.0/6.0s)...
[ INFO] [1774414938.069539454, 1101.213000000]: [Multi Floor Nav] Waiting for AMCL nomotion updates (2.0/6.0s)...
[ INFO] [1774414939.081419230, 1102.213000000]: [Multi Floor Nav] Waiting for AMCL nomotion updates (3.0/6.0s)...
[ INFO] [1774414940.094334540, 1103.214000000]: [Multi Floor Nav] Waiting for AMCL nomotion updates (4.0/6.0s)...
[ INFO] [1774414941.303111055, 1104.413000000]: [Multi Floor Nav] Waiting for AMCL nomotion updates (5.2/6.0s)...
[ INFO] [1774414942.108554076, 1105.213000000]: [Multi Floor Nav] Current Robot Pose, x: 4.70, y: -0.06, yaw: 0.07
[ INFO] [1774414942.108574470, 1105.213000000]: [Multi Floor Nav] Linear Error: 0.53, Angular Error: 0.07
[ INFO] [1774414942.108582641, 1105.213000000]: [Multi Floor Nav] Setting initial pose failed. Will Retry
[ INFO] [1774414942.310311127, 1105.413000000]: [Multi Floor Nav] Initializing Robot at x: 5.2, y: -0.3, yaw: 0.1 (region sigma: x=0.30, y=0.30, yaw=0.20)
[ INFO] [1774414942.310349749, 1105.413000000]: [Multi Floor Nav] Initializing Pose to x: 5.00, y: -0.50 at level: 0
[ INFO] [1774414943.317759136, 1106.415000000]: [Multi Floor Nav] Waiting for AMCL nomotion updates (1.0/6.0s)...
[ INFO] [1774414944.521755166, 1107.614000000]: [Multi Floor Nav] Waiting for AMCL nomotion updates ([ WARN] [1774414948.557192314, 1111.617000000]: [Multi Floor Nav] Initial pose perturbation applied: offset_x=0.20, offset_y=0.20, offset_theta=0.10
[ WARN] [1774414954.803031677, 1117.822000000]: [Multi Floor Nav] Initial pose perturbation applied: offset_x=0.20, offset_y=0.20, offset_theta=0.10
[ WARN] [1774414961.060368208, 1124.026000000]: [Multi Floor Nav] Initial pose perturbation applied: offset_x=0.20, offset_y=0.20, offset_theta=0.10
2.2/6.0s)...
[ INFO] [1774414945.526850926, 1108.614000000]: [Multi Floor Nav] Waiting for AMCL nomotion updates (3.2/6.0s)...
[ INFO] [1774414946.533782668, 1109.615000000]: [Multi Floor Nav] Waiting for AMCL nomotion updates (4.2/6.0s)...
[ INFO] [1774414947.545310025, 1110.615000000]: [Multi Floor Nav] Waiting for AMCL nomotion updates (5.2/6.0s)...
[ INFO] [1774414948.352901987, 1111.415000000]: [Multi Floor Nav] Current Robot Pose, x: 4.67, y: -0.09, yaw: 0.05
[ INFO] [1774414948.352922520, 1111.415000000]: [Multi Floor Nav] Linear Error: 0.53, Angular Error: 0.05
[ INFO] [1774414948.352931529, 1111.415000000]: [Multi Floor Nav] Setting initial pose failed. Will Retry
[ INFO] [1774414948.560239202, 1111.620000000]: [Multi Floor Nav] Initializing Robot at x: 5.2, y: -0.3, yaw: 0.1 (region sigma: x=0.30, y=0.30, yaw=0.20)
[ INFO] [1774414948.560271189, 1111.620000000]: [Multi Floor Nav] Initializing Pose to x: 5.00, y: -0.50 at level: 0
[ INFO] [1774414949.571939625, 1112.621000000]: [Multi Floor Nav] Waiting for AMCL nomotion updates (1.0/6.0s)...
[ INFO] [1774414950.581135057, 1113.621000000]: [Multi Floor Nav] Waiting for AMCL nomotion updates (2.0/6.0s)...
[ INFO] [1774414951.587818863, 1114.622000000]: [Multi Floor Nav] Waiting for AMCL nomotion updates (3.0/6.0s)...
[ INFO] [1774414952.594287838, 1115.622000000]: [Multi Floor Nav] Waiting for AMCL nomotion updates (4.0/6.0s)...
[ INFO] [1774414953.798724075, 1116.822000000]: [Multi Floor Nav] Waiting for AMCL nomotion updates (5.2/6.0s)...
[ INFO] [1774414954.601312969, 1117.622000000]: [Multi Floor Nav] Current Robot Pose, x: 4.66, y: -0.06, yaw: 0.09
[ INFO] [1774414954.601341115, 1117.622000000]: [Multi Floor Nav] Linear Error: 0.56, Angular Error: 0.09
[ INFO] [1774414954.601350683, 1117.622000000]: [Multi Floor Nav] Setting initial pose failed. Will Retry
[ INFO] [1774414954.804286093, 1117.824000000]: [Multi Floor Nav] Initializing Robot at x: 5.2, y: -0.3, yaw: 0.1 (region sigma: x=0.30, y=0.30, yaw=0.20)
[ INFO] [1774414954.804319896, 1117.824000000]: [Multi Floor Nav] Initializing Pose to x: 5.00, y: -0.50 at level: 0
[ INFO] [1774414955.810044923, 1118.826000000]: [Multi Floor Nav] Waiting for AMCL nomotion updates (1.0/6.0s)...
[ INFO] [1774414956.819496252, 1119.826000000]: [Multi Floor Nav] Waiting for AMCL nomotion updates (2.0/6.0s)...
[ INFO] [1774414958.034320096, 1121.025000000]: [Multi Floor Nav] Waiting for AMCL nomotion updates (3.2/6.0s)...
[ INFO] [1774414959.045320919, 1122.027000000]: [Multi Floor Nav] Waiting for AMCL nomotion updates (4.2/6.0s)...
[ INFO] [1774414960.254186479, 1123.226000000]: [Multi Floor Nav] Waiting for AMCL nomotion updates (5.4/6.0s)...
[ INFO] [1774414960.862265593, 1123.826000000]: [Multi Floor Nav] Current Robot Pose, x: 4.65, y: -0.02, yaw: 0.08
[ INFO] [1774414960.862286126, 1123.826000000]: [Multi Floor Nav] Linear Error: 0.59, Angular Error: 0.08
[ INFO] [1774414960.862295135, 1123.826000000]: [Multi Floor Nav] Setting initial pose failed. Will Retry
[ INFO] [1774414961.061686179, 1124.027000000]: [Multi Floor Nav] Initializing Robot at x: 5.2, y: -0.3, yaw: 0.1 (region sigma: x=0.30, y=0.30, yaw=0.20)
[ INFO] [1774414961.061715722, 1124.027000000]: [Multi Floor Nav] Initializing Pose to x: 5.00, y: -0.50 at level: 0
[ INFO] [1774414962.070088913, 1125.029000000]: [Multi Floor Nav] Waiting for AMCL nomotion updates (1.0/6.0s)...
[ INFO] [1774414963.074537453, 1126.029000000]: [Multi Floor Nav] Waiting for AMCL nomotion updates (2.0/6.0s)...
[ INFO] [1774414964.078871244, 1127.029000000]: [Multi Floor Nav] Waiting for AMCL nomotion updates (3.0/6.0s)...
[ INFO] [1774414965.282766980, 1128.229000000]: [Multi Floor Nav] Waiting for AMCL nomotion updates (4.2/6.0s)...
[ INFO] [1774414966.293166750, 1129.231000000]: [Multi Floor Nav] Waiting for AMCL nomotion updates (5.2/6.0s)...
[ INFO] [1774414967.090207046, 1130.029000000]: [Multi Floor Nav] Current Robot Pose, x: 4.67, y: 0.02, yaw: 0.08
[ INFO] [1774414967.090227998, 1130.029000000]: [Multi Floor Nav] Linear Error: 0.62, Angular Error: 0.08
[ INFO] [17744[ WARN] [1774414967.290987509, 1130.228000000]: [Multi Floor Nav] Initial pose perturbation applied: offset_x=0.20, offset_y=0.20, offset_theta=0.10
[ WARN] [1774414973.544764718, 1136.434000000]: [Multi Floor Nav] Initial pose perturbation applied: offset_x=0.20, offset_y=0.20, offset_theta=0.10
[ WARN] [1774414979.801844011, 1142.637000000]: [Multi Floor Nav] Initial pose perturbation applied: offset_x=0.20, offset_y=0.20, offset_theta=0.10
14967.090236379, 1130.029000000]: [Multi Floor Nav] Setting initial pose failed. Will Retry
[ INFO] [1774414967.292430705, 1130.230000000]: [Multi Floor Nav] Initializing Robot at x: 5.2, y: -0.3, yaw: 0.1 (region sigma: x=0.30, y=0.30, yaw=0.20)
[ INFO] [1774414967.292461435, 1130.230000000]: [Multi Floor Nav] Initializing Pose to x: 5.00, y: -0.50 at level: 0
[ INFO] [1774414968.305713655, 1131.232000000]: [Multi Floor Nav] Waiting for AMCL nomotion updates (1.0/6.0s)...
[ INFO] [1774414969.316062162, 1132.232000000]: [Multi Floor Nav] Waiting for AMCL nomotion updates (2.0/6.0s)...
[ INFO] [1774414970.324615961, 1133.232000000]: [Multi Floor Nav] Waiting for AMCL nomotion updates (3.0/6.0s)...
[ INFO] [1774414971.534524945, 1134.432000000]: [Multi Floor Nav] Waiting for AMCL nomotion updates (4.2/6.0s)...
[ INFO] [1774414972.739479122, 1135.632000000]: [Multi Floor Nav] Waiting for AMCL nomotion updates (5.4/6.0s)...
[ INFO] [1774414973.341383862, 1136.232000000]: [Multi Floor Nav] Current Robot Pose, x: 4.75, y: -0.05, yaw: 0.07
[ INFO] [1774414973.341404465, 1136.232000000]: [Multi Floor Nav] Linear Error: 0.51, Angular Error: 0.07
[ INFO] [1774414973.341412986, 1136.232000000]: [Multi Floor Nav] Setting initial pose failed. Will Retry
[ INFO] [1774414973.546041065, 1136.435000000]: [Multi Floor Nav] Initializing Robot at x: 5.2, y: -0.3, yaw: 0.1 (region sigma: x=0.30, y=0.30, yaw=0.20)
[ INFO] [1774414973.546074239, 1136.435000000]: [Multi Floor Nav] Initializing Pose to x: 5.00, y: -0.50 at level: 0
[ INFO] [1774414974.550135858, 1137.437000000]: [Multi Floor Nav] Waiting for AMCL nomotion updates (1.0/6.0s)...
[ INFO] [1774414975.557839342, 1138.438000000]: [Multi Floor Nav] Waiting for AMCL nomotion updates (2.0/6.0s)...
[ INFO] [1774414976.769409356, 1139.637000000]: [Multi Floor Nav] Waiting for AMCL nomotion updates (3.2/6.0s)...
[ INFO] [1774414977.781836612, 1140.637000000]: [Multi Floor Nav] Waiting for AMCL nomotion updates (4.2/6.0s)...
[ INFO] [1774414978.792669535, 1141.637000000]: [Multi Floor Nav] Waiting for AMCL nomotion updates (5.2/6.0s)...
[ INFO] [1774414979.599538988, 1142.436000000]: [Multi Floor Nav] Current Robot Pose, x: 4.62, y: -0.04, yaw: 0.09
[ INFO] [1774414979.599559241, 1142.436000000]: [Multi Floor Nav] Linear Error: 0.60, Angular Error: 0.09
[ INFO] [1774414979.599568321, 1142.436000000]: [Multi Floor Nav] Setting initial pose failed. Will Retry
[ INFO] [1774414979.803316471, 1142.639000000]: [Multi Floor Nav] Initializing Robot at x: 5.2, y: -0.3, yaw: 0.1 (region sigma: x=0.30, y=0.30, yaw=0.20)
[ INFO] [1774414979.803353976, 1142.639000000]: [Multi Floor Nav] Initializing Pose to x: 5.00, y: -0.50 at level: 0
[ INFO] [1774414980.813502177, 1143.641000000]: [Multi Floor Nav] Waiting for AMCL nomotion updates (1.0/6.0s)...
[ INFO] [1774414982.020043631, 1144.840000000]: [Multi Floor Nav] Waiting for AMCL nomotion updates (2.2/6.0s)...
[ INFO] [1774414983.024650498, 1145.841000000]: [Multi Floor Nav] Waiting for AMCL nomotion updates (3.2/6.0s)...
[ INFO] [1774414984.029519061, 1146.842000000]: [Multi Floor Nav] Waiting for AMCL nomotion updates (4.2/6.0s)...
[ INFO] [1774414985.033457130, 1147.842000000]: [Multi Floor Nav] Waiting for AMCL nomotion updates (5.2/6.0s)...
[ INFO] [1774414985.837566391, 1148.641000000]: [Multi Floor Nav] Current Robot Pose, x: 4.71, y: -0.24, yaw: 0.08
[ INFO] [1774414985.837591534, 1148.641000000]: [Multi Floor Nav] Linear Error: 0.39, Angular Error: 0.08
[ INFO] [1774414985.837604036, 1148.641000000]: [Multi Floor Nav] Robot at correct pose
[ INFO] [1774414985.839775675, 1148.643000000]: [Multi Floor Nav] RELOC_PASS: linear_error=0.3860, angular_error=0.0827, linear_error_init=0.4915, angular_error_init=0.0173, tr_sigma=0.0792, C_t=0.9239
[ INFO] [1774414986.852578396, 1149.643000000]: [Multi Floor Nav] POST_PASS: dt=1.000s, linear_error=0.3940, angular_error=0.0828
[ INFO] [1774414986.852601723, 1149.643000000]: [Multi Floor Nav] Will send goal to x: 3, y: -0, at level: 0
[ INFO] [1774414986.852612758, 1149.643000000]: [Multi Floor Nav] Sending [ WARN] [1774415049.445368064, 1211.845000000]: [Multi Floor Nav] Initial pose perturbation applied: offset_x=0.20, offset_y=0.20, offset_theta=0.10
Robot to x: 3.0, y: -0.5, yaw: 3.1
[ INFO] [1774414987.055429577, 1149.843000000]: [Multi Floor Nav] POST_PASS: dt=1.200s, linear_error=0.3940, angular_error=0.0828
[ INFO] [1774414987.257629908, 1150.043000000]: [Multi Floor Nav] POST_PASS: dt=1.400s, linear_error=0.3940, angular_error=0.0828
[ INFO] [1774414987.460324156, 1150.244000000]: [Multi Floor Nav] POST_PASS: dt=1.600s, linear_error=0.3805, angular_error=0.3463
[ INFO] [1774414987.660808911, 1150.443000000]: [Multi Floor Nav] POST_PASS: dt=1.800s, linear_error=0.3572, angular_error=0.7505
[ INFO] [1774414987.862069740, 1150.644000000]: [Multi Floor Nav] POST_PASS: dt=2.000s, linear_error=0.3045, angular_error=1.1772
[ INFO] [1774415012.195426102, 1174.843000000]: [Multi Floor Nav] Requesting Lift to Level 0
[ INFO] [1774415012.396030495, 1175.043000000]: [Multi Floor Nav] Entering Lift at Level 0
[ INFO] [1774415029.697742535, 1192.244000000]: [Multi Floor Nav] Requesting Lift to Level 1
[ INFO] [1774415036.767399841, 1199.244000000]: [Multi Floor Nav] Exiting Lift at Level 1
[ INFO] [1774415049.337117427, 1211.737000000]: [Multi Floor Nav] Successfully loaded map for level: 1
[ INFO] [1774415049.446709572, 1211.846000000]: [Multi Floor Nav] Initializing Robot at x: 3.2, y: -0.3, yaw: 3.2 (region sigma: x=0.30, y=0.30, yaw=0.20)
[ INFO] [1774415049.446734924, 1211.846000000]: [Multi Floor Nav] Initializing Pose to x: 3.00, y: -0.50 at level: 1
[ INFO] [1774415050.451293455, 1212.847000000]: [Multi Floor Nav] Waiting for AMCL nomotion updates (1.0/6.0s)...
[ INFO] [1774415051.456871526, 1213.848000000]: [Multi Floor Nav] Waiting for AMCL nomotion updates (2.0/6.0s)...
[ INFO] [1774415052.459983927, 1214.848000000]: [Multi Floor Nav] Waiting for AMCL nomotion updates (3.0/6.0s)...
[ INFO] [1774415053.467183917, 1215.849000000]: [Multi Floor Nav] Waiting for AMCL nomotion updates (4.0/6.0s)...
[ INFO] [1774415054.480944781, 1216.849000000]: [Multi Floor Nav] Waiting for AMCL nomotion updates (5.0/6.0s)...
[ INFO] [1774415055.487271828, 1217.849000000]: [Multi Floor Nav] Current Robot Pose, x: 3.19, y: -0.16, yaw: 2.59
[ INFO] [1774415055.487336710, 1217.849000000]: [Multi Floor Nav] Linear Error: 0.39, Angular Error: 0.55
[ INFO] [1774415055.487376170, 1217.849000000]: [Multi Floor Nav] Robot at correct pose
[ INFO] [1774415055.489282623, 1217.851000000]: [Multi Floor Nav] RELOC_PASS: linear_error=0.3892, angular_error=0.5474, linear_error_init=0.1372, angular_error_init=0.6474, tr_sigma=0.0239, C_t=0.9764
[ INFO] [1774415056.494214175, 1218.851000000]: [Multi Floor Nav] POST_PASS: dt=1.000s, linear_error=0.3892, angular_error=0.5475
[ INFO] [1774415056.494240435, 1218.851000000]: [Multi Floor Nav] Will send goal to x: 4, y: 5, at level: 1
[ INFO] [1774415056.494257546, 1218.851000000]: [Multi Floor Nav] Sending Robot to x: 4.0, y: 5.0, yaw: 0.0
[ INFO] [1774415056.695068457, 1219.052000000]: [Multi Floor Nav] POST_PASS: dt=1.201s, linear_error=0.3892, angular_error=0.5475
[ INFO] [1774415056.895651477, 1219.251000000]: [Multi Floor Nav] POST_PASS: dt=1.400s, linear_error=0.4090, angular_error=0.6445
[ INFO] [1774415057.098413958, 1219.451000000]: [Multi Floor Nav] POST_PASS: dt=1.600s, linear_error=0.4090, angular_error=0.6445
[ INFO] [1774415057.299968398, 1219.651000000]: [Multi Floor Nav] POST_PASS: dt=1.800s, linear_error=0.4954, angular_error=0.8901
[ INFO] [1774415057.500653665, 1219.851000000]: [Multi Floor Nav] POST_PASS: dt=2.000s, linear_error=0.6049, angular_error=1.1853
[ INFO] [1774415103.325845181, 1265.451000000]: [Multi Floor Nav] Robot arrived at Goal
[ INFO] [1774414892.534765579, 1056.044000000]: global_costmap: Using plugin "static_layer"
[ INFO] [1774414892.539191130, 1056.049000000]: Requesting the map...
[ INFO] [1774414923.506911046, 1086.751000000]: Resizing costmap to 992 X 992 at 0.020000 m/pix
[ INFO] [1774414923.606512283, 1086.850000000]: Received a 992 X 992 map at 0.020000 m/pix
[ INFO] [1774414923.608882690, 1086.852000000]: global_costmap: Using plugin "obstacles_layer"
[ INFO] [1774414923.611874264, 1086.855000000]:     Subscribed to Topics: scan
[ INFO] [1774414923.621516597, 1086.865000000]: global_costmap: Using plugin "inflater_layer"
[ INFO] [1774414923.644307635, 1086.888000000]: local_costmap: Using plugin "obstacles_layer"
[ INFO] [1774414923.646855787, 1086.890000000]:     Subscribed to Topics: scan
[ INFO] [1774414923.654293236, 1086.898000000]: local_costmap: Using plugin "inflater_layer"
[ INFO] [1774414923.673577971, 1086.917000000]: Created local_planner base_local_planner/TrajectoryPlannerROS
[ INFO] [1774414923.678177357, 1086.922000000]: Sim period is set to 0.05
[ INFO] [1774414923.728354280, 1086.972000000]: Recovery behavior will clear layer 'obstacles'
[ INFO] [1774414923.731678646, 1086.975000000]: Recovery behavior will clear layer 'obstacles'
[ INFO] [1774414923.858037826, 1087.101000000]: odom received!
[31m[urdf_spawner-8] process has died [pid 456924, exit code 1, cmd /opt/ros/noetic/lib/gazebo_ros/spawn_model -urdf -model jackal -param robot_description -x 5.0 -y -0.5 -z 0.5 __name:=urdf_spawner __log:=/home/eethanhe/.ros/log/ae24db98-2807-11f1-8845-1536d44dd856/urdf_spawner-8.log].
log file: /home/eethanhe/.ros/log/ae24db98-2807-11f1-8845-1536d44dd856/urdf_spawner-8*.log[0m

auto-starting new master
[1mprocess[master]: started with pid [456852][0m
[1mROS_MASTER_URI=http://localhost:11311[0m
]2;/home/eethanhe/catkin_ws/src/robot-multi-floor-navigation/multi_floor_nav/launch/nav.launch http://localhost:11311
[1msetting /run_id to ae24db98-2807-11f1-8845-1536d44dd856[0m
[1mprocess[rosout-1]: started with pid [456883][0m
started core service [/rosout]
[1mprocess[gazebo-2]: started with pid [456905][0m
[1mprocess[robot_state_publisher-3]: started with pid [456908][0m
[1mprocess[controller_spawner-4]: started with pid [456911][0m
[1mprocess[ekf_localization-5]: started with pid [456912][0m
[1mprocess[twist_mux-6]: started with pid [456913][0m
[1mprocess[twist_marker_server-7]: started with pid [456918][0m
[1mprocess[urdf_spawner-8]: started with pid [456924][0m
[1mprocess[map_server0-9]: started with pid [456931][0m
[1mprocess[map_server1-10]: started with pid [456938][0m
[1mprocess[amcl-11]: started with pid [456939][0m
[1mprocess[move_base-12]: started with pid [456942][0m
[1mprocess[rviz-13]: started with pid [456948][0m
[1mprocess[change_map_node-14]: started with pid [456954][0m
[1mprocess[multi_floor_navigation_node-15]: started with pid [456966][0m
[multi_floor_navigation_node-15] killing on exit
[change_map_node-14] killing on exit
[rviz-13] killing on exit
[move_base-12] killing on exit
[amcl-11] killing on exit
[map_server1-10] killing on exit
[map_server0-9] killing on exit
[twist_marker_server-7] killing on exit
[twist_mux-6] killing on exit
[ekf_localization-5] killing on exit
[controller_spawner-4] killing on exit
[robot_state_publisher-3] killing on exit
[gazebo-2] killing on exit
[rosout-1] killing on exit
[master] killing on exit
shutting down processing monitor...
... shutting down processing monitor complete
[1mdone[0m
