xacro: in-order processing became default in ROS Melodic. You can drop the option.
... logging to /home/eethanhe/.ros/log/ead57e8e-2808-11f1-8845-1536d44dd856/roslaunch-eethanhe-Lenovo-Legion-R9000P2021H-467212.log
Checking log directory for disk usage. This may take a while.
Press Ctrl-C to interrupt
Done checking log file disk usage. Usage is <1GB.
]2;/home/eethanhe/catkin_ws/src/robot-multi-floor-navigation/multi_floor_nav/launch/nav.launch
[1mstarted roslaunch server http://eethanhe-Lenovo-Legion-R9000P2021H:40335/[0m

SUMMARY
========

PARAMETERS
 * /amcl/auto_update_noise: 0.0
 * /amcl/base_frame_id: base_link
 * /amcl/expected_laser_freq: 5.0
 * /amcl/first_map_only: False
 * /amcl/global_frame_id: map
 * /amcl/gui_publish_rate: 10.0
 * /amcl/initial_pose_a: 0.0
 * /amcl/initial_pose_x: 0.0
 * /amcl/initial_pose_y: 0.0
 * /amcl/kld_err: 0.05
 * /amcl/kld_z: 0.99
 * /amcl/laser_lambda_short: 0.1
 * /amcl/laser_likelihood_max_dist: 2.0
 * /amcl/laser_max_beams: 720
 * /amcl/laser_max_range: 30.0
 * /amcl/laser_min_range: 0.1
 * /amcl/laser_model_type: likelihood_field
 * /amcl/laser_sigma_hit: 0.2
 * /amcl/laser_z_hit: 0.5
 * /amcl/laser_z_max: 0.05
 * /amcl/laser_z_rand: 0.5
 * /amcl/laser_z_short: 0.05
 * /amcl/max_particles: 2000
 * /amcl/min_particles: 500
 * /amcl/odom_alpha1: 0.2
 * /amcl/odom_alpha2: 0.2
 * /amcl/odom_alpha3: 0.2
 * /amcl/odom_alpha4: 0.2
 * /amcl/odom_alpha5: 0.1
 * /amcl/odom_frame_id: odom
 * /amcl/odom_model_type: diff
 * /amcl/odom_update_interval: 0.1
 * /amcl/recovery_alpha_fast: 0.1
 * /amcl/recovery_alpha_slow: 0.001
 * /amcl/resample_interval: 1
 * /amcl/transform_tolerance: 1.0
 * /amcl/update_min_a: 0.3927
 * /amcl/update_min_d: 0.1
 * /amcl/use_map_topic: False
 * /ekf_localization/base_link_frame: base_link
 * /ekf_localization/frequency: 50
 * /ekf_localization/imu0: /imu/data
 * /ekf_localization/imu0_config: [False, False, Fa...
 * /ekf_localization/imu0_differential: False
 * /ekf_localization/odom0: /jackal_velocity_...
 * /ekf_localization/odom0_config: [False, False, Fa...
 * /ekf_localization/odom0_differential: False
 * /ekf_localization/odom_frame: odom
 * /ekf_localization/predict_to_current_time: True
 * /ekf_localization/world_frame: odom
 * /gazebo/enable_ros_network: True
 * /jackal_joint_publisher/publish_rate: 50
 * /jackal_joint_publisher/type: joint_state_contr...
 * /jackal_velocity_controller/angular/z/has_acceleration_limits: True
 * /jackal_velocity_controller/angular/z/has_velocity_limits: True
 * /jackal_velocity_controller/angular/z/max_acceleration: 25.0
 * /jackal_velocity_controller/angular/z/max_velocity: 4.0
 * /jackal_velocity_controller/cmd_vel_timeout: 0.25
 * /jackal_velocity_controller/enable_odom_tf: False
 * /jackal_velocity_controller/k_l: 0.1
 * /jackal_velocity_controller/k_r: 0.1
 * /jackal_velocity_controller/left_wheel: ['front_left_whee...
 * /jackal_velocity_controller/linear/x/has_acceleration_limits: True
 * /jackal_velocity_controller/linear/x/has_velocity_limits: True
 * /jackal_velocity_controller/linear/x/max_acceleration: 20.0
 * /jackal_velocity_controller/linear/x/max_velocity: 2.0
 * /jackal_velocity_controller/pose_covariance_diagonal: [0.001, 0.001, 10...
 * /jackal_velocity_controller/publish_cmd: True
 * /jackal_velocity_controller/publish_rate: 50
 * /jackal_velocity_controller/right_wheel: ['front_right_whe...
 * /jackal_velocity_controller/twist_covariance_diagonal: [0.001, 0.001, 0....
 * /jackal_velocity_controller/type: diff_drive_contro...
 * /jackal_velocity_controller/wheel_radius_multiplier: 1.0
 * /jackal_velocity_controller/wheel_separation_multiplier: 1.5
 * /move_base/NavfnROS/allow_unknown: True
 * /move_base/TrajectoryPlannerROS/acc_lim_theta: 20.0
 * /move_base/TrajectoryPlannerROS/acc_lim_x: 10.0
 * /move_base/TrajectoryPlannerROS/angular_sim_granularity: 0.02
 * /move_base/TrajectoryPlannerROS/controller_frequency: 20.0
 * /move_base/TrajectoryPlannerROS/dwa: True
 * /move_base/TrajectoryPlannerROS/escape_reset_dist: 0.1
 * /move_base/TrajectoryPlannerROS/escape_reset_theta: 0.1
 * /move_base/TrajectoryPlannerROS/escape_vel: -0.5
 * /move_base/TrajectoryPlannerROS/gdist_scale: 1.0
 * /move_base/TrajectoryPlannerROS/heading_lookahead: 0.325
 * /move_base/TrajectoryPlannerROS/heading_scoring: False
 * /move_base/TrajectoryPlannerROS/heading_scoring_timestep: 0.8
 * /move_base/TrajectoryPlannerROS/holonomic_robot: False
 * /move_base/TrajectoryPlannerROS/latch_xy_goal_tolerance: False
 * /move_base/TrajectoryPlannerROS/max_vel_theta: 1.57
 * /move_base/TrajectoryPlannerROS/max_vel_x: 0.5
 * /move_base/TrajectoryPlannerROS/meter_scoring: True
 * /move_base/TrajectoryPlannerROS/min_in_place_vel_theta: 0.314
 * /move_base/TrajectoryPlannerROS/min_vel_theta: -1.57
 * /move_base/TrajectoryPlannerROS/min_vel_x: 0.1
 * /move_base/TrajectoryPlannerROS/occdist_scale: 0.1
 * /move_base/TrajectoryPlannerROS/oscillation_reset_dist: 0.05
 * /move_base/TrajectoryPlannerROS/pdist_scale: 0.75
 * /move_base/TrajectoryPlannerROS/publish_cost_grid_pc: True
 * /move_base/TrajectoryPlannerROS/sim_granularity: 0.02
 * /move_base/TrajectoryPlannerROS/sim_time: 2.0
 * /move_base/TrajectoryPlannerROS/simple_attractor: False
 * /move_base/TrajectoryPlannerROS/vtheta_samples: 20
 * /move_base/TrajectoryPlannerROS/vx_samples: 6
 * /move_base/TrajectoryPlannerROS/xy_goal_tolerance: 0.25
 * /move_base/TrajectoryPlannerROS/yaw_goal_tolerance: 0.157
 * /move_base/base_global_planner: navfn/NavfnROS
 * /move_base/base_local_planner: base_local_planne...
 * /move_base/clearing_rotation_allowed: True
 * /move_base/controller_frequency: 20.0
 * /move_base/controller_patience: 15.0
 * /move_base/global_costmap/footprint: [[-0.21, -0.165],...
 * /move_base/global_costmap/footprint_padding: 0.1
 * /move_base/global_costmap/global_frame: map
 * /move_base/global_costmap/height: 40.0
 * /move_base/global_costmap/inflater_layer/inflation_radius: 0.3
 * /move_base/global_costmap/map_type: costmap
 * /move_base/global_costmap/meter_scoring: True
 * /move_base/global_costmap/obstacle_range: 2.5
 * /move_base/global_costmap/obstacles_layer/observation_sources: scan
 * /move_base/global_costmap/obstacles_layer/scan/clearing: True
 * /move_base/global_costmap/obstacles_layer/scan/data_type: LaserScan
 * /move_base/global_costmap/obstacles_layer/scan/marking: True
 * /move_base/global_costmap/obstacles_layer/scan/max_obstacle_height: 2.0
 * /move_base/global_costmap/obstacles_layer/scan/min_obstacle_height: -2.0
 * /move_base/global_costmap/obstacles_layer/scan/obstacle_range: 2.5
 * /move_base/global_costmap/obstacles_layer/scan/raytrace_range: 3.0
 * /move_base/global_costmap/obstacles_layer/scan/sensor_frame: front_laser
 * /move_base/global_costmap/obstacles_layer/scan/topic: front/scan
 * /move_base/global_costmap/origin_x: -20.0
 * /move_base/global_costmap/origin_y: -20.0
 * /move_base/global_costmap/origin_z: 0.0
 * /move_base/global_costmap/plugins: [{'name': 'static...
 * /move_base/global_costmap/publish_frequency: 5.0
 * /move_base/global_costmap/publish_voxel_map: False
 * /move_base/global_costmap/raytrace_range: 3.0
 * /move_base/global_costmap/resolution: 0.05
 * /move_base/global_costmap/robot_base_frame: base_link
 * /move_base/global_costmap/rolling_window: False
 * /move_base/global_costmap/static_map: True
 * /move_base/global_costmap/transform_tolerance: 0.5
 * /move_base/global_costmap/update_frequency: 20.0
 * /move_base/global_costmap/width: 40.0
 * /move_base/global_costmap/z_resolution: 1
 * /move_base/global_costmap/z_voxels: 2
 * /move_base/local_costmap/footprint: [[-0.21, -0.165],...
 * /move_base/local_costmap/footprint_padding: 0.1
 * /move_base/local_costmap/global_frame: map
 * /move_base/local_costmap/height: 10.0
 * /move_base/local_costmap/inflater_layer/inflation_radius: 0.3
 * /move_base/local_costmap/map_type: costmap
 * /move_base/local_costmap/meter_scoring: True
 * /move_base/local_costmap/obstacle_range: 2.5
 * /move_base/local_costmap/obstacles_layer/observation_sources: scan
 * /move_base/local_costmap/obstacles_layer/scan/clearing: True
 * /move_base/local_costmap/obstacles_layer/scan/data_type: LaserScan
 * /move_base/local_costmap/obstacles_layer/scan/marking: True
 * /move_base/local_costmap/obstacles_layer/scan/max_obstacle_height: 2.0
 * /move_base/local_costmap/obstacles_layer/scan/min_obstacle_height: -2.0
 * /move_base/local_costmap/obstacles_layer/scan/obstacle_range: 2.5
 * /move_base/local_costmap/obstacles_layer/scan/raytrace_range: 3.0
 * /move_base/local_costmap/obstacles_layer/scan/sensor_frame: front_laser
 * /move_base/local_costmap/obstacles_layer/scan/topic: front/scan
 * /move_base/local_costmap/origin_z: 0.0
 * /move_base/local_costmap/plugins: [{'name': 'obstac...
 * /move_base/local_costmap/publish_frequency: 5.0
 * /move_base/local_costmap/publish_voxel_map: False
 * /move_base/local_costmap/raytrace_range: 3.0
 * /move_base/local_costmap/resolution: 0.05
 * /move_base/local_costmap/robot_base_frame: base_link
 * /move_base/local_costmap/rolling_window: True
 * /move_base/local_costmap/static_map: False
 * /move_base/local_costmap/transform_tolerance: 0.5
 * /move_base/local_costmap/update_frequency: 20.0
 * /move_base/local_costmap/width: 10.0
 * /move_base/local_costmap/z_resolution: 1
 * /move_base/local_costmap/z_voxels: 2
 * /move_base/oscillation_distance: 0.5
 * /move_base/oscillation_timeout: 0.0
 * /move_base/planner_frequency: 20.0
 * /move_base/planner_patience: 5.0
 * /move_base/recovery_behavior_enabled: True
 * /move_base/shutdown_costmaps: False
 * /multi_floor_navigation_node/init_pose_offset_theta: 0.15
 * /multi_floor_navigation_node/init_pose_offset_x: 0.3
 * /multi_floor_navigation_node/init_pose_offset_y: 0.3
 * /multi_floor_navigation_node/region_init_sigma_x: 0.3
 * /multi_floor_navigation_node/region_init_sigma_y: 0.3
 * /multi_floor_navigation_node/region_init_sigma_yaw: 0.2
 * /multi_floor_navigation_node/reloc_min_check_delay_sec: 6.0
 * /robot_description: <?xml version="1....
 * /rosdistro: noetic
 * /rosversion: 1.17.0
 * /twist_marker_server/link_name: base_link
 * /twist_mux/locks: [{'name': 'e_stop...
 * /twist_mux/topics: [{'name': 'joy', ...
 * /use_gui: True
 * /use_sim_time: True

NODES
  /
    amcl (amcl/amcl)
    change_map_node (multi_floor_nav/change_map_node)
    controller_spawner (controller_manager/spawner)
    ekf_localization (robot_localization/ekf_localization_node)
    gazebo (gazebo_ros/gzserver)
    map_server0 (map_server/map_server)
    map_server1 (map_server/map_server)
    move_base (move_base/move_base)
    multi_floor_navigation_node (multi_floor_nav/multi_floor_navigation_node)
    robot_state_publisher (robot_state_publisher/robot_state_publisher)
    rviz (rviz/rviz)
    twist_marker_server (interactive_marker_twist_server/marker_server)
    twist_mux (twist_mux/twist_mux)
    urdf_spawner (gazebo_ros/spawn_model)
[ INFO] [1774415420.276004009]: Finished loading Gazebo ROS API Plugin.
[ INFO] [1774415420.280207605]: waitForService: Service [/gazebo/set_physics_properties] has not been advertised, waiting...
[1;33mWarning [Model.cc:216][0m Non-unique name[door] detected 2 times in XML children of model with name[elevator].
[1;33mWarning [Model.cc:309][0m Joint with name [door] in model with name [elevator] has a name collision, changing joint name to [door_joint].
[ INFO] [1774415421.960188787]: waitForService: Service [/gazebo/set_physics_properties] is now available.
[ INFO] [1774415421.977529494]: Physics dynamic reconfigure ready.
[1;33mWarning [parser_urdf.cc:1161][0m multiple inconsistent <gravity> exists due to fixed joint reduction overwriting previous value [true] with [false].
[1;33mWarning [parser_urdf.cc:1161][0m multiple inconsistent <gravity> exists due to fixed joint reduction overwriting previous value [false] with [true].
[ERROR] [1774415422.534405771, 1054.891000000]: No p gain specified for pid.  Namespace: /gazebo_ros_control/pid_gains/front_left_wheel
[ERROR] [1774415422.534934118, 1054.891000000]: No p gain specified for pid.  Namespace: /gazebo_ros_control/pid_gains/front_right_wheel
[ERROR] [1774415422.535407501, 1054.891000000]: No p gain specified for pid.  Namespace: /gazebo_ros_control/pid_gains/rear_left_wheel
[ERROR] [1774415422.535815304, 1054.891000000]: No p gain specified for pid.  Namespace: /gazebo_ros_control/pid_gains/rear_right_wheel
[ WARN] [1774415422.581061442, 1054.893000000]: Failed to meet update rate! Took 1054.8920000000000528
[ WARN] [1774415422.581181639, 1054.893000000]: Timed out waiting for transform from base_link to map to become available before running costmap, tf error: canTransform: target_frame map does not exist.. canTransform returned after 1054.89 timeout was 0.1.
[ WARN] [1774415422.582065897, 1054.893000000]: Failed to meet update rate! Took 1054.8730000000000473
[ WARN] [1774415422.854852668]: Interactive marker 'robot_twist_marker' contains unnormalized quaternions. This warning will only be output once but may be true for others; enable DEBUG messages for ros.rviz.quaternions to see more details.
[ WARN] [1774415423.374839084, 1055.678000000]: No laser scan received (and thus no pose updates have been published) for 1055.678000 seconds.  Verify that data is being published on the /front/scan topic.
[ WARN] [1774415423.375062436, 1055.679000000]: No laser scan received (and thus no pose updates have been published) for 1055.679000 seconds.  Verify that data is being published on the /front/scan topic.
[ WARN] [1774415423.876417272, 1056.178000000]: global_costmap: Pre-Hydro parameter "static_map" unused since "plugins" is provided
[ WARN] [1774415423.876968807, 1056.178000000]: global_costmap: Pre-Hydro parameter "map_type" unused since "plugins" is provided
[ WARN] [1774415454.921437699, 1086.993000000]: [Multi Floor Nav] Initial pose perturbation applied: offset_x=0.30, offset_y=0.30, offset_theta=0.15
[ WARN] [1774415455.051323710, 1087.122000000]: local_costmap: Pre-Hydro parameter "static_map" unused since "plugins" is provided
[ WARN] [1774415455.051547900, 1087.122000000]: local_costmap: Pre-Hydro parameter "map_type" unused since "plugins" is provided
[ WARN] [1774415455.089348558, 1087.160000000]: Parameter pdist_scale is deprecated. Please use the name path_distance_bias instead.
[ WARN] [1774415455.090098023, 1087.161000000]: Parameter gdist_scale is deprecated. Please use the name goal_distance_bias instead.
[ WARN] [1774415519.296614240, 1150.999000000]: [Multi Floor Nav] Initial pose perturbation applied: offset_x=0.30, offset_y=0.30, offset_theta=0.15
[ INFO] [1774415454.824588835, 1086.896000000]: [Multi Floor Nav] Successfully loaded map for level: 0
[ INFO] [1774415454.922797087, 1086.994000000]: [Multi Floor Nav] Initializing Robot at x: 5.3, y: -0.2, yaw: 0.1 (region sigma: x=0.30, y=0.30, yaw=0.20)
[ INFO] [1774415454.922843880, 1086.994000000]: [Multi Floor Nav] Initializing Pose to x: 5.00, y: -0.50 at level: 0
[ INFO] [1774415455.933265824, 1087.996000000]: [Multi Floor Nav] Waiting for AMCL nomotion updates (1.0/6.0s)...
[ INFO] [1774415456.938184079, 1088.997000000]: [Multi Floor Nav] Waiting for AMCL nomotion updates (2.0/6.0s)...
[ INFO] [1774415457.942164089, 1089.997000000]: [Multi Floor Nav] Waiting for AMCL nomotion updates (3.0/6.0s)...
[ INFO] [1774415459.147855535, 1091.197000000]: [Multi Floor Nav] Waiting for AMCL nomotion updates (4.2/6.0s)...
[ INFO] [1774415460.151620504, 1092.197000000]: [Multi Floor Nav] Waiting for AMCL nomotion updates (5.2/6.0s)...
[ INFO] [1774415460.955537117, 1092.997000000]: [Multi Floor Nav] Current Robot Pose, x: 4.86, y: -0.02, yaw: 0.05
[ INFO] [1774415460.955557022, 1092.997000000]: [Multi Floor Nav] Linear Error: 0.50, Angular Error: 0.05
[ INFO] [1774415460.955564844, 1092.997000000]: [Multi Floor Nav] Robot at correct pose
[ INFO] [1774415460.956863540, 1092.998000000]: [Multi Floor Nav] RELOC_PASS: linear_error=0.4989, angular_error=0.0547, linear_error_init=0.4728, angular_error_init=0.0953, tr_sigma=0.0847, C_t=0.9188
[ INFO] [1774415461.960419334, 1093.998000000]: [Multi Floor Nav] POST_PASS: dt=1.000s, linear_error=0.5098, angular_error=0.0537
[ INFO] [1774415461.960447969, 1093.998000000]: [Multi Floor Nav] Will send goal to x: 3, y: -0, at level: 0
[ INFO] [1774415461.960462426, 1093.998000000]: [Multi Floor Nav] Sending Robot to x: 3.0, y: -0.5, yaw: 3.1
[ INFO] [1774415462.160844578, 1094.198000000]: [Multi Floor Nav] POST_PASS: dt=1.200s, linear_error=0.5098, angular_error=0.0537
[ INFO] [1774415462.361380240, 1094.398000000]: [Multi Floor Nav] POST_PASS: dt=1.400s, linear_error=0.5098, angular_error=0.0537
[ INFO] [1774415462.561829928, 1094.598000000]: [Multi Floor Nav] POST_PASS: dt=1.600s, linear_error=0.4809, angular_error=0.3583
[ INFO] [1774415462.763500648, 1094.799000000]: [Multi Floor Nav] POST_PASS: dt=1.800s, linear_error=0.4377, angular_error=0.7694
[ INFO] [1774415462.962977449, 1094.998000000]: [Multi Floor Nav] POST_PASS: dt=2.000s, linear_error=0.3607, angular_error=1.1773
[ INFO] [1774415482.077808232, 1113.998000000]: [Multi Floor Nav] Requesting Lift to Level 0
[ INFO] [1774415482.281499874, 1114.198000000]: [Multi Floor Nav] Entering Lift at Level 0
[ INFO] [1774415499.574973058, 1131.398000000]: [Multi Floor Nav] Requesting Lift to Level 1
[ INFO] [1774415506.618995532, 1138.398000000]: [Multi Floor Nav] Exiting Lift at Level 1
[ INFO] [1774415519.193350191, 1150.896000000]: [Multi Floor Nav] Successfully loaded map for level: 1
[ INFO] [1774415519.298031107, 1151.000000000]: [Multi Floor Nav] Initializing Robot at x: 3.3, y: -0.2, yaw: 3.3 (region sigma: x=0.30, y=0.30, yaw=0.20)
[ INFO] [1774415519.298061208, 1151.000000000]: [Multi Floor Nav] Initializing Pose to x: 3.00, y: -0.50 at level: 1
[ INFO] [1774415520.307907728, 1152.002000000]: [Multi Floor Nav] Waiting for AMCL nomotion updates (1.0/6.0s)...
[ INFO] [1774415521.324473521, 1153.003000000]: [Multi Floor Nav] Waiting for AMCL nomotion updates (2.0/6.0s)...
[ INFO] [1774415522.338876614, 1154.003000000]: [Multi Floor Nav] Waiting for AMCL nomotion updates (3.0/6.0s)...
[ INFO] [1774415523.352321836, 1155.003000000]: [Multi Floor Nav] Waiting for AMCL nomotion updates (4.0/6.0s)...
[ INFO] [1774415524.563986790, 1156.202000000]: [Multi Floor Nav] Waiting for AMCL nomotion updates (5.2/6.0s)...
[ INFO] [1774415525.369842119, 1157.002000000]: [Multi Floor Nav] Current Robot Pose, x: 3.33, y: -0.74, yaw: 3.01
[ INFO] [1774415525.369860627, 1157.002000000]: [Multi Floor Nav] Linear Error: 0.41, Angular Error: 0.13
[ INFO] [1774415525.369868310, 1157.002000000]: [Multi Floor Nav] Robot at correct pose
[ INFO] [1774415525.371187469, 1157.003000000]: [Multi Floor Nav] RELOC_PASS: linear_error=0.4094, angular_error=0.1324, linear_error_init=0.5389, angular_error_init=0.2824, tr_sigma=0.0042, C_t=0.9958
[ INFO] [1774415526.375975747, 1158.003000000]: [Multi Floor Nav] POST_PASS: dt=1.000s, linear_error=0.4099, angular_error=0.1327
[ INFO] [1774415526.376010108, 1158.003000000]: [Multi Floor Nav] Will send goal to x: 4, y: 5, at level: 1
[ INFO] [1774415526.376031410, 1158.003000000]: [Multi Floor Nav] Sending Robot to x: 4.0, y: 5.0, yaw: 0.0
[ INFO] [1774415526.577965710, 1158.203000000]: [Multi Floor Nav] POST_PASS: dt=1.200s, linear_error=0.4099, angular_error=0.1327
[ INFO] [1774415526.779571547, 1158.403000000]: [Multi Floor Nav] POST_PASS: dt=1.400s, linear_error=0.3143, angular_error=0.2174
[ INFO] [1774415526.981267967, 1158.604000000]: [Multi Floor Nav] POST_PASS: dt=1.601s, linear_error=0.2249, angular_error=0.4033
[ INFO] [1774415527.181768359, 1158.803000000]: [Multi Floor Nav] POST_PASS: dt=1.800s, linear_error=0.2249, angular_error=0.4033
[ INFO] [1774415551.826224973, 1183.203000000]: [Multi Floor Nav] Robot arrived at Goal
[ INFO] [1774415423.877509866, 1056.179000000]: global_costmap: Using plugin "static_layer"
[ INFO] [1774415423.881599202, 1056.183000000]: Requesting the map...
[ INFO] [1774415454.915335333, 1086.987000000]: Resizing costmap to 992 X 992 at 0.020000 m/pix
[ INFO] [1774415455.013888181, 1087.085000000]: Received a 992 X 992 map at 0.020000 m/pix
[ INFO] [1774415455.017357328, 1087.088000000]: global_costmap: Using plugin "obstacles_layer"
[ INFO] [1774415455.020392832, 1087.091000000]:     Subscribed to Topics: scan
[ INFO] [1774415455.029230246, 1087.100000000]: global_costmap: Using plugin "inflater_layer"
[ INFO] [1774415455.052042514, 1087.123000000]: local_costmap: Using plugin "obstacles_layer"
[ INFO] [1774415455.054821352, 1087.126000000]:     Subscribed to Topics: scan
[ INFO] [1774415455.063916410, 1087.135000000]: local_costmap: Using plugin "inflater_layer"
[ INFO] [1774415455.081760671, 1087.153000000]: Created local_planner base_local_planner/TrajectoryPlannerROS
[ INFO] [1774415455.086548419, 1087.157000000]: Sim period is set to 0.05
[ INFO] [1774415455.139793877, 1087.211000000]: Recovery behavior will clear layer 'obstacles'
[ INFO] [1774415455.143459488, 1087.214000000]: Recovery behavior will clear layer 'obstacles'
[ INFO] [1774415455.263308703, 1087.334000000]: odom received!

auto-starting new master
[1mprocess[master]: started with pid [467289][0m
[1mROS_MASTER_URI=http://localhost:11311[0m
]2;/home/eethanhe/catkin_ws/src/robot-multi-floor-navigation/multi_floor_nav/launch/nav.launch http://localhost:11311
[1msetting /run_id to ead57e8e-2808-11f1-8845-1536d44dd856[0m
[1mprocess[rosout-1]: started with pid [467332][0m
started core service [/rosout]
[1mprocess[gazebo-2]: started with pid [467339][0m
[1mprocess[robot_state_publisher-3]: started with pid [467342][0m
[1mprocess[controller_spawner-4]: started with pid [467345][0m
[1mprocess[ekf_localization-5]: started with pid [467346][0m
[1mprocess[twist_mux-6]: started with pid [467347][0m
[1mprocess[twist_marker_server-7]: started with pid [467352][0m
[1mprocess[urdf_spawner-8]: started with pid [467355][0m
[1mprocess[map_server0-9]: started with pid [467365][0m
[1mprocess[map_server1-10]: started with pid [467368][0m
[1mprocess[amcl-11]: started with pid [467373][0m
[1mprocess[move_base-12]: started with pid [467377][0m
[1mprocess[rviz-13]: started with pid [467382][0m
[1mprocess[change_map_node-14]: started with pid [467391][0m
[1mprocess[multi_floor_navigation_node-15]: started with pid [467398][0m
[1m[urdf_spawner-8] process has finished cleanly
log file: /home/eethanhe/.ros/log/ead57e8e-2808-11f1-8845-1536d44dd856/urdf_spawner-8*.log[0m
[multi_floor_navigation_node-15] killing on exit
[change_map_node-14] killing on exit
[rviz-13] killing on exit
[move_base-12] killing on exit
[amcl-11] killing on exit
[map_server1-10] killing on exit
[map_server0-9] killing on exit
[twist_marker_server-7] killing on exit
[twist_mux-6] killing on exit
[ekf_localization-5] killing on exit
[controller_spawner-4] killing on exit
[robot_state_publisher-3] killing on exit
[gazebo-2] killing on exit
[rosout-1] killing on exit
[master] killing on exit
shutting down processing monitor...
... shutting down processing monitor complete
[1mdone[0m
