xacro: in-order processing became default in ROS Melodic. You can drop the option.
... logging to /home/eethanhe/.ros/log/fdf4ae68-1aed-11f1-93f4-0759ca495b11/roslaunch-eethanhe-Lenovo-Legion-R9000P2021H-547458.log
Checking log directory for disk usage. This may take a while.
Press Ctrl-C to interrupt
Done checking log file disk usage. Usage is <1GB.
]2;/home/eethanhe/catkin_ws/src/robot-multi-floor-navigation/multi_floor_nav/launch/nav.launch
[1mstarted roslaunch server http://eethanhe-Lenovo-Legion-R9000P2021H:42453/[0m

SUMMARY
========

PARAMETERS
 * /amcl/auto_update_noise: 0.0
 * /amcl/base_frame_id: base_link
 * /amcl/expected_laser_freq: 5.0
 * /amcl/first_map_only: False
 * /amcl/global_frame_id: map
 * /amcl/gui_publish_rate: 10.0
 * /amcl/initial_pose_a: 0.0
 * /amcl/initial_pose_x: 0.0
 * /amcl/initial_pose_y: 0.0
 * /amcl/kld_err: 0.05
 * /amcl/kld_z: 0.99
 * /amcl/laser_lambda_short: 0.1
 * /amcl/laser_likelihood_max_dist: 2.0
 * /amcl/laser_max_beams: 720
 * /amcl/laser_max_range: 30.0
 * /amcl/laser_min_range: 0.1
 * /amcl/laser_model_type: likelihood_field
 * /amcl/laser_sigma_hit: 0.2
 * /amcl/laser_z_hit: 0.5
 * /amcl/laser_z_max: 0.05
 * /amcl/laser_z_rand: 0.5
 * /amcl/laser_z_short: 0.05
 * /amcl/max_particles: 2000
 * /amcl/min_particles: 500
 * /amcl/odom_alpha1: 0.2
 * /amcl/odom_alpha2: 0.2
 * /amcl/odom_alpha3: 0.2
 * /amcl/odom_alpha4: 0.2
 * /amcl/odom_alpha5: 0.1
 * /amcl/odom_frame_id: odom
 * /amcl/odom_model_type: diff
 * /amcl/odom_update_interval: 0.1
 * /amcl/recovery_alpha_fast: 0.1
 * /amcl/recovery_alpha_slow: 0.001
 * /amcl/resample_interval: 1
 * /amcl/transform_tolerance: 1.0
 * /amcl/update_min_a: 0.3927
 * /amcl/update_min_d: 0.1
 * /amcl/use_map_topic: False
 * /ekf_localization/base_link_frame: base_link
 * /ekf_localization/frequency: 50
 * /ekf_localization/imu0: /imu/data
 * /ekf_localization/imu0_config: [False, False, Fa...
 * /ekf_localization/imu0_differential: False
 * /ekf_localization/odom0: /jackal_velocity_...
 * /ekf_localization/odom0_config: [False, False, Fa...
 * /ekf_localization/odom0_differential: False
 * /ekf_localization/odom_frame: odom
 * /ekf_localization/predict_to_current_time: True
 * /ekf_localization/world_frame: odom
 * /gazebo/enable_ros_network: True
 * /jackal_joint_publisher/publish_rate: 50
 * /jackal_joint_publisher/type: joint_state_contr...
 * /jackal_velocity_controller/angular/z/has_acceleration_limits: True
 * /jackal_velocity_controller/angular/z/has_velocity_limits: True
 * /jackal_velocity_controller/angular/z/max_acceleration: 25.0
 * /jackal_velocity_controller/angular/z/max_velocity: 4.0
 * /jackal_velocity_controller/cmd_vel_timeout: 0.25
 * /jackal_velocity_controller/enable_odom_tf: False
 * /jackal_velocity_controller/k_l: 0.1
 * /jackal_velocity_controller/k_r: 0.1
 * /jackal_velocity_controller/left_wheel: ['front_left_whee...
 * /jackal_velocity_controller/linear/x/has_acceleration_limits: True
 * /jackal_velocity_controller/linear/x/has_velocity_limits: True
 * /jackal_velocity_controller/linear/x/max_acceleration: 20.0
 * /jackal_velocity_controller/linear/x/max_velocity: 2.0
 * /jackal_velocity_controller/pose_covariance_diagonal: [0.001, 0.001, 10...
 * /jackal_velocity_controller/publish_cmd: True
 * /jackal_velocity_controller/publish_rate: 50
 * /jackal_velocity_controller/right_wheel: ['front_right_whe...
 * /jackal_velocity_controller/twist_covariance_diagonal: [0.001, 0.001, 0....
 * /jackal_velocity_controller/type: diff_drive_contro...
 * /jackal_velocity_controller/wheel_radius_multiplier: 1.0
 * /jackal_velocity_controller/wheel_separation_multiplier: 1.5
 * /move_base/NavfnROS/allow_unknown: True
 * /move_base/TrajectoryPlannerROS/acc_lim_theta: 20.0
 * /move_base/TrajectoryPlannerROS/acc_lim_x: 10.0
 * /move_base/TrajectoryPlannerROS/angular_sim_granularity: 0.02
 * /move_base/TrajectoryPlannerROS/controller_frequency: 20.0
 * /move_base/TrajectoryPlannerROS/dwa: True
 * /move_base/TrajectoryPlannerROS/escape_reset_dist: 0.1
 * /move_base/TrajectoryPlannerROS/escape_reset_theta: 0.1
 * /move_base/TrajectoryPlannerROS/escape_vel: -0.5
 * /move_base/TrajectoryPlannerROS/gdist_scale: 1.0
 * /move_base/TrajectoryPlannerROS/heading_lookahead: 0.325
 * /move_base/TrajectoryPlannerROS/heading_scoring: False
 * /move_base/TrajectoryPlannerROS/heading_scoring_timestep: 0.8
 * /move_base/TrajectoryPlannerROS/holonomic_robot: False
 * /move_base/TrajectoryPlannerROS/latch_xy_goal_tolerance: False
 * /move_base/TrajectoryPlannerROS/max_vel_theta: 1.57
 * /move_base/TrajectoryPlannerROS/max_vel_x: 0.5
 * /move_base/TrajectoryPlannerROS/meter_scoring: True
 * /move_base/TrajectoryPlannerROS/min_in_place_vel_theta: 0.314
 * /move_base/TrajectoryPlannerROS/min_vel_theta: -1.57
 * /move_base/TrajectoryPlannerROS/min_vel_x: 0.1
 * /move_base/TrajectoryPlannerROS/occdist_scale: 0.1
 * /move_base/TrajectoryPlannerROS/oscillation_reset_dist: 0.05
 * /move_base/TrajectoryPlannerROS/pdist_scale: 0.75
 * /move_base/TrajectoryPlannerROS/publish_cost_grid_pc: True
 * /move_base/TrajectoryPlannerROS/sim_granularity: 0.02
 * /move_base/TrajectoryPlannerROS/sim_time: 2.0
 * /move_base/TrajectoryPlannerROS/simple_attractor: False
 * /move_base/TrajectoryPlannerROS/vtheta_samples: 20
 * /move_base/TrajectoryPlannerROS/vx_samples: 6
 * /move_base/TrajectoryPlannerROS/xy_goal_tolerance: 0.25
 * /move_base/TrajectoryPlannerROS/yaw_goal_tolerance: 0.157
 * /move_base/base_global_planner: navfn/NavfnROS
 * /move_base/base_local_planner: base_local_planne...
 * /move_base/clearing_rotation_allowed: True
 * /move_base/controller_frequency: 20.0
 * /move_base/controller_patience: 15.0
 * /move_base/global_costmap/footprint: [[-0.21, -0.165],...
 * /move_base/global_costmap/footprint_padding: 0.1
 * /move_base/global_costmap/global_frame: map
 * /move_base/global_costmap/height: 40.0
 * /move_base/global_costmap/inflater_layer/inflation_radius: 0.3
 * /move_base/global_costmap/map_type: costmap
 * /move_base/global_costmap/meter_scoring: True
 * /move_base/global_costmap/obstacle_range: 2.5
 * /move_base/global_costmap/obstacles_layer/observation_sources: scan
 * /move_base/global_costmap/obstacles_layer/scan/clearing: True
 * /move_base/global_costmap/obstacles_layer/scan/data_type: LaserScan
 * /move_base/global_costmap/obstacles_layer/scan/marking: True
 * /move_base/global_costmap/obstacles_layer/scan/max_obstacle_height: 2.0
 * /move_base/global_costmap/obstacles_layer/scan/min_obstacle_height: -2.0
 * /move_base/global_costmap/obstacles_layer/scan/obstacle_range: 2.5
 * /move_base/global_costmap/obstacles_layer/scan/raytrace_range: 3.0
 * /move_base/global_costmap/obstacles_layer/scan/sensor_frame: front_laser
 * /move_base/global_costmap/obstacles_layer/scan/topic: front/scan
 * /move_base/global_costmap/origin_x: -20.0
 * /move_base/global_costmap/origin_y: -20.0
 * /move_base/global_costmap/origin_z: 0.0
 * /move_base/global_costmap/plugins: [{'name': 'static...
 * /move_base/global_costmap/publish_frequency: 5.0
 * /move_base/global_costmap/publish_voxel_map: False
 * /move_base/global_costmap/raytrace_range: 3.0
 * /move_base/global_costmap/resolution: 0.05
 * /move_base/global_costmap/robot_base_frame: base_link
 * /move_base/global_costmap/rolling_window: False
 * /move_base/global_costmap/static_map: True
 * /move_base/global_costmap/transform_tolerance: 0.5
 * /move_base/global_costmap/update_frequency: 20.0
 * /move_base/global_costmap/width: 40.0
 * /move_base/global_costmap/z_resolution: 1
 * /move_base/global_costmap/z_voxels: 2
 * /move_base/local_costmap/footprint: [[-0.21, -0.165],...
 * /move_base/local_costmap/footprint_padding: 0.1
 * /move_base/local_costmap/global_frame: map
 * /move_base/local_costmap/height: 10.0
 * /move_base/local_costmap/inflater_layer/inflation_radius: 0.3
 * /move_base/local_costmap/map_type: costmap
 * /move_base/local_costmap/meter_scoring: True
 * /move_base/local_costmap/obstacle_range: 2.5
 * /move_base/local_costmap/obstacles_layer/observation_sources: scan
 * /move_base/local_costmap/obstacles_layer/scan/clearing: True
 * /move_base/local_costmap/obstacles_layer/scan/data_type: LaserScan
 * /move_base/local_costmap/obstacles_layer/scan/marking: True
 * /move_base/local_costmap/obstacles_layer/scan/max_obstacle_height: 2.0
 * /move_base/local_costmap/obstacles_layer/scan/min_obstacle_height: -2.0
 * /move_base/local_costmap/obstacles_layer/scan/obstacle_range: 2.5
 * /move_base/local_costmap/obstacles_layer/scan/raytrace_range: 3.0
 * /move_base/local_costmap/obstacles_layer/scan/sensor_frame: front_laser
 * /move_base/local_costmap/obstacles_layer/scan/topic: front/scan
 * /move_base/local_costmap/origin_z: 0.0
 * /move_base/local_costmap/plugins: [{'name': 'obstac...
 * /move_base/local_costmap/publish_frequency: 5.0
 * /move_base/local_costmap/publish_voxel_map: False
 * /move_base/local_costmap/raytrace_range: 3.0
 * /move_base/local_costmap/resolution: 0.05
 * /move_base/local_costmap/robot_base_frame: base_link
 * /move_base/local_costmap/rolling_window: True
 * /move_base/local_costmap/static_map: False
 * /move_base/local_costmap/transform_tolerance: 0.5
 * /move_base/local_costmap/update_frequency: 20.0
 * /move_base/local_costmap/width: 10.0
 * /move_base/local_costmap/z_resolution: 1
 * /move_base/local_costmap/z_voxels: 2
 * /move_base/oscillation_distance: 0.5
 * /move_base/oscillation_timeout: 0.0
 * /move_base/planner_frequency: 20.0
 * /move_base/planner_patience: 5.0
 * /move_base/recovery_behavior_enabled: True
 * /move_base/shutdown_costmaps: False
 * /multi_floor_navigation_node/init_pose_offset_theta: 0
 * /multi_floor_navigation_node/init_pose_offset_x: 0
 * /multi_floor_navigation_node/init_pose_offset_y: 0
 * /multi_floor_navigation_node/reloc_confidence_K: 2
 * /multi_floor_navigation_node/reloc_confidence_lambda: 1.0
 * /multi_floor_navigation_node/reloc_confidence_tau: 0.5
 * /multi_floor_navigation_node/use_covariance_reloc: True
 * /robot_description: <?xml version="1....
 * /rosdistro: noetic
 * /rosversion: 1.17.0
 * /twist_marker_server/link_name: base_link
 * /twist_mux/locks: [{'name': 'e_stop...
 * /twist_mux/topics: [{'name': 'joy', ...
 * /use_gui: True
 * /use_sim_time: True

NODES
  /
    amcl (amcl/amcl)
    change_map_node (multi_floor_nav/change_map_node)
    controller_spawner (controller_manager/spawner)
    ekf_localization (robot_localization/ekf_localization_node)
    gazebo (gazebo_ros/gzserver)
    map_server0 (map_server/map_server)
    map_server1 (map_server/map_server)
    move_base (move_base/move_base)
    multi_floor_navigation_node (multi_floor_nav/multi_floor_navigation_node)
    robot_state_publisher (robot_state_publisher/robot_state_publisher)
    rviz (rviz/rviz)
    twist_marker_server (interactive_marker_twist_server/marker_server)
    twist_mux (twist_mux/twist_mux)
    urdf_spawner (gazebo_ros/spawn_model)
[ INFO] [1772974490.768349479]: Finished loading Gazebo ROS API Plugin.
[ INFO] [1772974490.769055362]: waitForService: Service [/gazebo/set_physics_properties] has not been advertised, waiting...
[1;33mWarning [Model.cc:216][0m Non-unique name[door] detected 2 times in XML children of model with name[elevator].
[1;33mWarning [Model.cc:309][0m Joint with name [door] in model with name [elevator] has a name collision, changing joint name to [door_joint].
[ INFO] [1772974491.795351422]: waitForService: Service [/gazebo/set_physics_properties] is now available.
[ INFO] [1772974491.817258216]: Physics dynamic reconfigure ready.
[1;33mWarning [parser_urdf.cc:1161][0m multiple inconsistent <gravity> exists due to fixed joint reduction overwriting previous value [true] with [false].
[1;33mWarning [parser_urdf.cc:1161][0m multiple inconsistent <gravity> exists due to fixed joint reduction overwriting previous value [false] with [true].
[ERROR] [1772974492.580850499, 1055.087000000]: No p gain specified for pid.  Namespace: /gazebo_ros_control/pid_gains/front_left_wheel
[ERROR] [1772974492.581255088, 1055.087000000]: No p gain specified for pid.  Namespace: /gazebo_ros_control/pid_gains/front_right_wheel
[ERROR] [1772974492.581617632, 1055.087000000]: No p gain specified for pid.  Namespace: /gazebo_ros_control/pid_gains/rear_left_wheel
[ERROR] [1772974492.581968443, 1055.087000000]: No p gain specified for pid.  Namespace: /gazebo_ros_control/pid_gains/rear_right_wheel
[ WARN] [1772974492.623130310, 1055.088000000]: Failed to meet update rate! Took 1055.0879999999999654
[ WARN] [1772974492.623858821, 1055.089000000]: Timed out waiting for transform from base_link to map to become available before running costmap, tf error: canTransform: target_frame map does not exist. canTransform: source_frame base_link does not exist.. canTransform returned after 1055.09 timeout was 0.1.
[ WARN] [1772974492.624007722, 1055.089000000]: Failed to meet update rate! Took 1055.06899999999996
[ WARN] [1772974492.914381358]: Interactive marker 'robot_twist_marker' contains unnormalized quaternions. This warning will only be output once but may be true for others; enable DEBUG messages for ros.rviz.quaternions to see more details.
[ WARN] [1772974493.916251047, 1056.371000000]: global_costmap: Pre-Hydro parameter "static_map" unused since "plugins" is provided
[ WARN] [1772974493.916479566, 1056.371000000]: global_costmap: Pre-Hydro parameter "map_type" unused since "plugins" is provided
[ WARN] [1772974525.597871234, 1087.713000000]: local_costmap: Pre-Hydro parameter "static_map" unused since "plugins" is provided
[ WARN] [1772974525.598116516, 1087.714000000]: local_costmap: Pre-Hydro parameter "map_type" unused since "plugins" is provided
[ WARN] [1772974525.632103486, 1087.748000000]: Parameter pdist_scale is deprecated. Please use the name path_distance_bias instead.
[ WARN] [1772974525.632760061, 1087.748000000]: Parameter gdist_scale is deprecated. Please use the name goal_distance_bias instead.
[ WARN] [1772974526.583287138, 1088.688000000]: The origin for the sensor at (0.15, 0.10) is out of map bounds. So, the costmap cannot raytrace for it.
[ INFO] [1772974490.512994852]: [Multi Floor Nav] Module C: covariance reloc criterion enabled (lambda=1.00, tau=0.50, K=2)
[ INFO] [1772974525.374126601, 1087.491000000]: [Multi Floor Nav] Successfully loaded map for level: 0
[ INFO] [1772974525.525506674, 1087.641000000]: [Multi Floor Nav] Initializing Robot at x: 4.0, y: -5.0, yaw: 0.0 (region sigma: x=0.00, y=0.00, yaw=0.00)
[ INFO] [1772974525.525612902, 1087.641000000]: [Multi Floor Nav] Initializing Pose to x: 4.00, y: -5.00 at level: 0
[ INFO] [1772974526.535979058, 1088.641000000]: [Multi Floor Nav] Current Robot Pose, x: 4.00, y: -5.00, yaw: 0.00
[ INFO] [1772974526.536038492, 1088.641000000]: [Multi Floor Nav] Linear Error: 0.00, Angular Error: 0.00
[ INFO] [1772974526.536109381, 1088.641000000]: [Multi Floor Nav] Module C: tr(??)=-0.0000, C_t=1.0000 (tau=0.50), frame_ok=1
[ INFO] [1772974526.739268960, 1088.842000000]: [Multi Floor Nav] Current Robot Pose, x: 4.00, y: -5.00, yaw: 0.00
[ INFO] [1772974526.739323995, 1088.842000000]: [Multi Floor Nav] Linear Error: 0.00, Angular Error: 0.00
[ INFO] [1772974526.739378750, 1088.842000000]: [Multi Floor Nav] Module C: tr(??)=-0.0000, C_t=1.0000 (tau=0.50), frame_ok=1
[ INFO] [1772974526.739414578, 1088.842000000]: [Multi Floor Nav] Module C: reloc passed (consecutive 2 >= K=2)
[ INFO] [1772974526.739450407, 1088.842000000]: [Multi Floor Nav] Robot at correct pose
[ INFO] [1772974527.749982995, 1089.842000000]: [Multi Floor Nav] Will send goal to x: 3, y: -0, at level: 0
[ INFO] [1772974527.750007859, 1089.842000000]: [Multi Floor Nav] Sending Robot to x: 3.0, y: -0.5, yaw: 3.1
[ INFO] [1772974561.668244187, 1123.442000000]: [Multi Floor Nav] Requesting Lift to Level 0
[ INFO] [1772974561.870362725, 1123.642000000]: [Multi Floor Nav] Entering Lift at Level 0
[ INFO] [1772974579.225725328, 1140.842000000]: [Multi Floor Nav] Requesting Lift to Level 1
[ INFO] [1772974586.305149964, 1147.842000000]: [Multi Floor Nav] Exiting Lift at Level 1
[ INFO] [1772974598.951707381, 1160.291000000]: [Multi Floor Nav] Successfully loaded map for level: 1
[ INFO] [1772974599.106216480, 1160.444000000]: [Multi Floor Nav] Initializing Robot at x: 3.0, y: -0.5, yaw: 3.1 (region sigma: x=0.00, y=0.00, yaw=0.00)
[ INFO] [1772974599.106246582, 1160.444000000]: [Multi Floor Nav] Initializing Pose to x: 3.00, y: -0.50 at level: 1
[ INFO] [1772974600.124819477, 1161.444000000]: [Multi Floor Nav] Current Robot Pose, x: 3.00, y: -0.50, yaw: -3.14
[ INFO] [1772974600.124844480, 1161.444000000]: [Multi Floor Nav] Linear Error: 0.00, Angular Error: 0.00
[ INFO] [1772974600.124863546, 1161.444000000]: [Multi Floor Nav] Module C: tr(??)=-0.0000, C_t=1.0000 (tau=0.50), frame_ok=1
[ INFO] [1772974600.327978304, 1161.644000000]: [Multi Floor Nav] Current Robot Pose, x: 3.00, y: -0.50, yaw: -3.14
[ INFO] [1772974600.328027961, 1161.644000000]: [Multi Floor Nav] Linear Error: 0.00, Angular Error: 0.00
[ INFO] [1772974600.328066024, 1161.644000000]: [Multi Floor Nav] Module C: tr(??)=-0.0000, C_t=1.0000 (tau=0.50), frame_ok=1
[ INFO] [1772974600.328088583, 1161.644000000]: [Multi Floor Nav] Module C: reloc passed (consecutive 2 >= K=2)
[ INFO] [1772974600.328108068, 1161.644000000]: [Multi Floor Nav] Robot at correct pose
[ INFO] [1772974601.348085745, 1162.644000000]: [Multi Floor Nav] Will send goal to x: 4, y: 5, at level: 1
[ INFO] [1772974601.348152932, 1162.644000000]: [Multi Floor Nav] Sending Robot to x: 4.0, y: 5.0, yaw: 0.0
[ INFO] [1772974621.478121446, 1182.444000000]: [Multi Floor Nav] Robot arrived at Goal
[ INFO] [1772974493.916969710, 1056.372000000]: global_costmap: Using plugin "static_layer"
[ INFO] [1772974493.921110159, 1056.376000000]: Requesting the map...
[ INFO] [1772974525.462892465, 1087.579000000]: Resizing costmap to 992 X 992 at 0.020000 m/pix
[ INFO] [1772974525.561804611, 1087.677000000]: Received a 992 X 992 map at 0.020000 m/pix
[ INFO] [1772974525.564019755, 1087.679000000]: global_costmap: Using plugin "obstacles_layer"
[ INFO] [1772974525.567418145, 1087.683000000]:     Subscribed to Topics: scan
[ INFO] [1772974525.576806722, 1087.692000000]: global_costmap: Using plugin "inflater_layer"
[ INFO] [1772974525.598582285, 1087.714000000]: local_costmap: Using plugin "obstacles_layer"
[ INFO] [1772974525.601241967, 1087.717000000]:     Subscribed to Topics: scan
[ INFO] [1772974525.609831633, 1087.725000000]: local_costmap: Using plugin "inflater_layer"
[ INFO] [1772974525.626437990, 1087.742000000]: Created local_planner base_local_planner/TrajectoryPlannerROS
[ INFO] [1772974525.630018246, 1087.745000000]: Sim period is set to 0.05
[ INFO] [1772974525.683277401, 1087.798000000]: Recovery behavior will clear layer 'obstacles'
[ INFO] [1772974525.687661805, 1087.802000000]: Recovery behavior will clear layer 'obstacles'
[ INFO] [1772974525.794586870, 1087.909000000]: odom received!
[ERROR] [1772974732.959722735, 1287.601000000]: SpawnModel: Failure - model name jackal already exist.
[WARN] [1772974744.593774, 1287.601000]: Controller Spawner error while taking down controllers: transport error completing service call: unable to receive data from sender, check sender's logs for details
[31m[controller_spawner-4] escalating to SIGTERM[0m
[31m[gazebo-2] escalating to SIGTERM[0m

auto-starting new master
[1mprocess[master]: started with pid [547534][0m
[1mROS_MASTER_URI=http://localhost:11311[0m
]2;/home/eethanhe/catkin_ws/src/robot-multi-floor-navigation/multi_floor_nav/launch/nav.launch http://localhost:11311
[1msetting /run_id to fdf4ae68-1aed-11f1-93f4-0759ca495b11[0m
[1mprocess[rosout-1]: started with pid [547594][0m
started core service [/rosout]
[1mprocess[gazebo-2]: started with pid [547601][0m
[1mprocess[robot_state_publisher-3]: started with pid [547605][0m
[1mprocess[controller_spawner-4]: started with pid [547607][0m
[1mprocess[ekf_localization-5]: started with pid [547608][0m
[1mprocess[twist_mux-6]: started with pid [547609][0m
[1mprocess[twist_marker_server-7]: started with pid [547611][0m
[1mprocess[urdf_spawner-8]: started with pid [547620][0m
[1mprocess[map_server0-9]: started with pid [547627][0m
[1mprocess[map_server1-10]: started with pid [547634][0m
[1mprocess[amcl-11]: started with pid [547636][0m
[1mprocess[move_base-12]: started with pid [547637][0m
[1mprocess[rviz-13]: started with pid [547644][0m
[1mprocess[change_map_node-14]: started with pid [547652][0m
[1mprocess[multi_floor_navigation_node-15]: started with pid [547662][0m
[1m[urdf_spawner-8] process has finished cleanly
log file: /home/eethanhe/.ros/log/fdf4ae68-1aed-11f1-93f4-0759ca495b11/urdf_spawner-8*.log[0m
[multi_floor_navigation_node-15] killing on exit
[change_map_node-14] killing on exit
[rviz-13] killing on exit
[move_base-12] killing on exit
[amcl-11] killing on exit
[map_server1-10] killing on exit
[map_server0-9] killing on exit
[twist_marker_server-7] killing on exit
[twist_mux-6] killing on exit
[ekf_localization-5] killing on exit
[controller_spawner-4] killing on exit
[robot_state_publisher-3] killing on exit
[gazebo-2] killing on exit
[rosout-1] killing on exit
[master] killing on exit
shutting down processing monitor...
... shutting down processing monitor complete
[1mdone[0m
