xacro: in-order processing became default in ROS Melodic. You can drop the option.
... logging to /home/eethanhe/.ros/log/9083a8d2-1a09-11f1-93f4-0759ca495b11/roslaunch-eethanhe-Lenovo-Legion-R9000P2021H-142908.log
Checking log directory for disk usage. This may take a while.
Press Ctrl-C to interrupt
Done checking log file disk usage. Usage is <1GB.
]2;/home/eethanhe/catkin_ws/src/robot-multi-floor-navigation/multi_floor_nav/launch/nav.launch
[1mstarted roslaunch server http://eethanhe-Lenovo-Legion-R9000P2021H:46461/[0m

SUMMARY
========

PARAMETERS
 * /amcl/auto_update_noise: 0.0
 * /amcl/base_frame_id: base_link
 * /amcl/expected_laser_freq: 5.0
 * /amcl/first_map_only: False
 * /amcl/global_frame_id: map
 * /amcl/gui_publish_rate: 10.0
 * /amcl/initial_pose_a: 0.0
 * /amcl/initial_pose_x: 0.0
 * /amcl/initial_pose_y: 0.0
 * /amcl/kld_err: 0.05
 * /amcl/kld_z: 0.99
 * /amcl/laser_lambda_short: 0.1
 * /amcl/laser_likelihood_max_dist: 2.0
 * /amcl/laser_max_beams: 720
 * /amcl/laser_max_range: 30.0
 * /amcl/laser_min_range: 0.1
 * /amcl/laser_model_type: likelihood_field
 * /amcl/laser_sigma_hit: 0.2
 * /amcl/laser_z_hit: 0.5
 * /amcl/laser_z_max: 0.05
 * /amcl/laser_z_rand: 0.5
 * /amcl/laser_z_short: 0.05
 * /amcl/max_particles: 2000
 * /amcl/min_particles: 500
 * /amcl/odom_alpha1: 0.2
 * /amcl/odom_alpha2: 0.2
 * /amcl/odom_alpha3: 0.2
 * /amcl/odom_alpha4: 0.2
 * /amcl/odom_alpha5: 0.1
 * /amcl/odom_frame_id: odom
 * /amcl/odom_model_type: diff
 * /amcl/odom_update_interval: 0.1
 * /amcl/recovery_alpha_fast: 0.1
 * /amcl/recovery_alpha_slow: 0.001
 * /amcl/resample_interval: 1
 * /amcl/transform_tolerance: 1.0
 * /amcl/update_min_a: 0.3927
 * /amcl/update_min_d: 0.1
 * /amcl/use_map_topic: False
 * /ekf_localization/base_link_frame: base_link
 * /ekf_localization/frequency: 50
 * /ekf_localization/imu0: /imu/data
 * /ekf_localization/imu0_config: [False, False, Fa...
 * /ekf_localization/imu0_differential: False
 * /ekf_localization/odom0: /jackal_velocity_...
 * /ekf_localization/odom0_config: [False, False, Fa...
 * /ekf_localization/odom0_differential: False
 * /ekf_localization/odom_frame: odom
 * /ekf_localization/predict_to_current_time: True
 * /ekf_localization/world_frame: odom
 * /gazebo/enable_ros_network: True
 * /jackal_joint_publisher/publish_rate: 50
 * /jackal_joint_publisher/type: joint_state_contr...
 * /jackal_velocity_controller/angular/z/has_acceleration_limits: True
 * /jackal_velocity_controller/angular/z/has_velocity_limits: True
 * /jackal_velocity_controller/angular/z/max_acceleration: 25.0
 * /jackal_velocity_controller/angular/z/max_velocity: 4.0
 * /jackal_velocity_controller/cmd_vel_timeout: 0.25
 * /jackal_velocity_controller/enable_odom_tf: False
 * /jackal_velocity_controller/k_l: 0.1
 * /jackal_velocity_controller/k_r: 0.1
 * /jackal_velocity_controller/left_wheel: ['front_left_whee...
 * /jackal_velocity_controller/linear/x/has_acceleration_limits: True
 * /jackal_velocity_controller/linear/x/has_velocity_limits: True
 * /jackal_velocity_controller/linear/x/max_acceleration: 20.0
 * /jackal_velocity_controller/linear/x/max_velocity: 2.0
 * /jackal_velocity_controller/pose_covariance_diagonal: [0.001, 0.001, 10...
 * /jackal_velocity_controller/publish_cmd: True
 * /jackal_velocity_controller/publish_rate: 50
 * /jackal_velocity_controller/right_wheel: ['front_right_whe...
 * /jackal_velocity_controller/twist_covariance_diagonal: [0.001, 0.001, 0....
 * /jackal_velocity_controller/type: diff_drive_contro...
 * /jackal_velocity_controller/wheel_radius_multiplier: 1.0
 * /jackal_velocity_controller/wheel_separation_multiplier: 1.5
 * /move_base/NavfnROS/allow_unknown: True
 * /move_base/TrajectoryPlannerROS/acc_lim_theta: 20.0
 * /move_base/TrajectoryPlannerROS/acc_lim_x: 10.0
 * /move_base/TrajectoryPlannerROS/angular_sim_granularity: 0.02
 * /move_base/TrajectoryPlannerROS/controller_frequency: 20.0
 * /move_base/TrajectoryPlannerROS/dwa: True
 * /move_base/TrajectoryPlannerROS/escape_reset_dist: 0.1
 * /move_base/TrajectoryPlannerROS/escape_reset_theta: 0.1
 * /move_base/TrajectoryPlannerROS/escape_vel: -0.5
 * /move_base/TrajectoryPlannerROS/gdist_scale: 1.0
 * /move_base/TrajectoryPlannerROS/heading_lookahead: 0.325
 * /move_base/TrajectoryPlannerROS/heading_scoring: False
 * /move_base/TrajectoryPlannerROS/heading_scoring_timestep: 0.8
 * /move_base/TrajectoryPlannerROS/holonomic_robot: False
 * /move_base/TrajectoryPlannerROS/latch_xy_goal_tolerance: False
 * /move_base/TrajectoryPlannerROS/max_vel_theta: 1.57
 * /move_base/TrajectoryPlannerROS/max_vel_x: 0.5
 * /move_base/TrajectoryPlannerROS/meter_scoring: True
 * /move_base/TrajectoryPlannerROS/min_in_place_vel_theta: 0.314
 * /move_base/TrajectoryPlannerROS/min_vel_theta: -1.57
 * /move_base/TrajectoryPlannerROS/min_vel_x: 0.1
 * /move_base/TrajectoryPlannerROS/occdist_scale: 0.1
 * /move_base/TrajectoryPlannerROS/oscillation_reset_dist: 0.05
 * /move_base/TrajectoryPlannerROS/pdist_scale: 0.75
 * /move_base/TrajectoryPlannerROS/publish_cost_grid_pc: True
 * /move_base/TrajectoryPlannerROS/sim_granularity: 0.02
 * /move_base/TrajectoryPlannerROS/sim_time: 2.0
 * /move_base/TrajectoryPlannerROS/simple_attractor: False
 * /move_base/TrajectoryPlannerROS/vtheta_samples: 20
 * /move_base/TrajectoryPlannerROS/vx_samples: 6
 * /move_base/TrajectoryPlannerROS/xy_goal_tolerance: 0.25
 * /move_base/TrajectoryPlannerROS/yaw_goal_tolerance: 0.157
 * /move_base/base_global_planner: navfn/NavfnROS
 * /move_base/base_local_planner: base_local_planne...
 * /move_base/clearing_rotation_allowed: True
 * /move_base/controller_frequency: 20.0
 * /move_base/controller_patience: 15.0
 * /move_base/global_costmap/footprint: [[-0.21, -0.165],...
 * /move_base/global_costmap/footprint_padding: 0.1
 * /move_base/global_costmap/global_frame: map
 * /move_base/global_costmap/height: 40.0
 * /move_base/global_costmap/inflater_layer/inflation_radius: 0.3
 * /move_base/global_costmap/map_type: costmap
 * /move_base/global_costmap/meter_scoring: True
 * /move_base/global_costmap/obstacle_range: 2.5
 * /move_base/global_costmap/obstacles_layer/observation_sources: scan
 * /move_base/global_costmap/obstacles_layer/scan/clearing: True
 * /move_base/global_costmap/obstacles_layer/scan/data_type: LaserScan
 * /move_base/global_costmap/obstacles_layer/scan/marking: True
 * /move_base/global_costmap/obstacles_layer/scan/max_obstacle_height: 2.0
 * /move_base/global_costmap/obstacles_layer/scan/min_obstacle_height: -2.0
 * /move_base/global_costmap/obstacles_layer/scan/obstacle_range: 2.5
 * /move_base/global_costmap/obstacles_layer/scan/raytrace_range: 3.0
 * /move_base/global_costmap/obstacles_layer/scan/sensor_frame: front_laser
 * /move_base/global_costmap/obstacles_layer/scan/topic: front/scan
 * /move_base/global_costmap/origin_x: -20.0
 * /move_base/global_costmap/origin_y: -20.0
 * /move_base/global_costmap/origin_z: 0.0
 * /move_base/global_costmap/plugins: [{'name': 'static...
 * /move_base/global_costmap/publish_frequency: 5.0
 * /move_base/global_costmap/publish_voxel_map: False
 * /move_base/global_costmap/raytrace_range: 3.0
 * /move_base/global_costmap/resolution: 0.05
 * /move_base/global_costmap/robot_base_frame: base_link
 * /move_base/global_costmap/rolling_window: False
 * /move_base/global_costmap/static_map: True
 * /move_base/global_costmap/transform_tolerance: 0.5
 * /move_base/global_costmap/update_frequency: 20.0
 * /move_base/global_costmap/width: 40.0
 * /move_base/global_costmap/z_resolution: 1
 * /move_base/global_costmap/z_voxels: 2
 * /move_base/local_costmap/footprint: [[-0.21, -0.165],...
 * /move_base/local_costmap/footprint_padding: 0.1
 * /move_base/local_costmap/global_frame: map
 * /move_base/local_costmap/height: 10.0
 * /move_base/local_costmap/inflater_layer/inflation_radius: 0.3
 * /move_base/local_costmap/map_type: costmap
 * /move_base/local_costmap/meter_scoring: True
 * /move_base/local_costmap/obstacle_range: 2.5
 * /move_base/local_costmap/obstacles_layer/observation_sources: scan
 * /move_base/local_costmap/obstacles_layer/scan/clearing: True
 * /move_base/local_costmap/obstacles_layer/scan/data_type: LaserScan
 * /move_base/local_costmap/obstacles_layer/scan/marking: True
 * /move_base/local_costmap/obstacles_layer/scan/max_obstacle_height: 2.0
 * /move_base/local_costmap/obstacles_layer/scan/min_obstacle_height: -2.0
 * /move_base/local_costmap/obstacles_layer/scan/obstacle_range: 2.5
 * /move_base/local_costmap/obstacles_layer/scan/raytrace_range: 3.0
 * /move_base/local_costmap/obstacles_layer/scan/sensor_frame: front_laser
 * /move_base/local_costmap/obstacles_layer/scan/topic: front/scan
 * /move_base/local_costmap/origin_z: 0.0
 * /move_base/local_costmap/plugins: [{'name': 'obstac...
 * /move_base/local_costmap/publish_frequency: 5.0
 * /move_base/local_costmap/publish_voxel_map: False
 * /move_base/local_costmap/raytrace_range: 3.0
 * /move_base/local_costmap/resolution: 0.05
 * /move_base/local_costmap/robot_base_frame: base_link
 * /move_base/local_costmap/rolling_window: True
 * /move_base/local_costmap/static_map: False
 * /move_base/local_costmap/transform_tolerance: 0.5
 * /move_base/local_costmap/update_frequency: 20.0
 * /move_base/local_costmap/width: 10.0
 * /move_base/local_costmap/z_resolution: 1
 * /move_base/local_costmap/z_voxels: 2
 * /move_base/oscillation_distance: 0.5
 * /move_base/oscillation_timeout: 0.0
 * /move_base/planner_frequency: 20.0
 * /move_base/planner_patience: 5.0
 * /move_base/recovery_behavior_enabled: True
 * /move_base/shutdown_costmaps: False
 * /multi_floor_navigation_node/init_pose_offset_theta: 0
 * /multi_floor_navigation_node/init_pose_offset_x: 0
 * /multi_floor_navigation_node/init_pose_offset_y: 0
 * /robot_description: <?xml version="1....
 * /rosdistro: noetic
 * /rosversion: 1.17.0
 * /twist_marker_server/link_name: base_link
 * /twist_mux/locks: [{'name': 'e_stop...
 * /twist_mux/topics: [{'name': 'joy', ...
 * /use_gui: True
 * /use_sim_time: True

NODES
  /
    amcl (amcl/amcl)
    change_map_node (multi_floor_nav/change_map_node)
    controller_spawner (controller_manager/spawner)
    ekf_localization (robot_localization/ekf_localization_node)
    gazebo (gazebo_ros/gzserver)
    map_server0 (map_server/map_server)
    map_server1 (map_server/map_server)
    move_base (move_base/move_base)
    multi_floor_navigation_node (multi_floor_nav/multi_floor_navigation_node)
    robot_state_publisher (robot_state_publisher/robot_state_publisher)
    rviz (rviz/rviz)
    twist_marker_server (interactive_marker_twist_server/marker_server)
    twist_mux (twist_mux/twist_mux)
    urdf_spawner (gazebo_ros/spawn_model)
[ WARN] [1772876396.775285796, 1067.734000000]: Failed to meet update rate! Took 1067.7339999999999236
[ WARN] [1772876396.792117496, 1067.740000000]: Failed to meet update rate! Took 1067.7200000000000273
[ WARN] [1772876396.822311316, 1067.772000000]: Timed out waiting for transform from base_link to map to become available before running costmap, tf error: canTransform: target_frame map does not exist. canTransform: source_frame base_link does not exist.. canTransform returned after 1067.77 timeout was 0.1.
[ERROR] [1772876396.983976, 0.000000]: Spawn service failed. Exiting.
[ WARN] [1772876397.008706820, 1067.959000000]: Shutdown request received.
[ WARN] [1772876397.009885323, 1067.961000000]: Reason given for shutdown: [[/change_map_node] Reason: new node registered with same name]
[ WARN] [1772876397.014661006, 1067.966000000]: Shutdown request received.
[ WARN] [1772876397.022869601, 1067.972000000]: Reason given for shutdown: [[/multi_floor_navigation_node] Reason: new node registered with same name]
[ WARN] [1772876397.567692388, 1068.526000000]: Shutdown request received.
[ WARN] [1772876397.568675755, 1068.527000000]: Reason given for shutdown: [[/robot_state_publisher] Reason: new node registered with same name]
[ERROR] [1772876398.009680, 1068.097000]: Failed to load jackal_joint_publisher
Traceback (most recent call last):
  File "/opt/ros/noetic/lib/controller_manager/spawner", line 220, in <module>
    if __name__ == '__main__': main()
  File "/opt/ros/noetic/lib/controller_manager/spawner", line 198, in main
    resp = load_controller(name)
  File "/opt/ros/noetic/lib/python3/dist-packages/rospy/impl/tcpros_service.py", line 442, in __call__
    return self.call(*args, **kwds)
  File "/opt/ros/noetic/lib/python3/dist-packages/rospy/impl/tcpros_service.py", line 525, in call
    raise ServiceException("service [%s] returned no response"%self.resolved_name)
rospy.service.ServiceException: service [/controller_manager/load_controller] returned no response
[ WARN] [1772876398.423182413, 1069.376000000]: Interactive marker 'robot_twist_marker' contains unnormalized quaternions. This warning will only be output once but may be true for others; enable DEBUG messages for ros.rviz.quaternions to see more details.
[ WARN] [1772876401.957763375, 1072.873000000]: Timed out waiting for transform from base_link to map to become available before running costmap, tf error: canTransform: target_frame map does not exist.. canTransform returned after 0.1 timeout was 0.1.
[ WARN] [1772876407.107144348, 1077.973000000]: Timed out waiting for transform from base_link to map to become available before running costmap, tf error: canTransform: target_frame map does not exist.. canTransform returned after 0.1 timeout was 0.1.
[ WARN] [1772876412.240445925, 1083.056000000]: No laser scan received (and thus no pose updates have been published) for 1083.056000 seconds.  Verify that data is being published on the /front/scan topic.
[ WARN] [1772876412.257483861, 1083.073000000]: Timed out waiting for transform from base_link to map to become available before running costmap, tf error: canTransform: target_frame map does not exist.. canTransform returned after 0.1 timeout was 0.1.
[ WARN] [1772876417.409427742, 1088.173000000]: Timed out waiting for transform from base_link to map to become available before running costmap, tf error: canTransform: target_frame map does not exist.. canTransform returned after 0.1 timeout was 0.1.
[ WARN] [1772876422.468550166, 1093.174000000]: Timed out waiting for transform from base_link to map to become available before running costmap, tf error: canTransform: target_frame map does not exist.. canTransform returned after 0.1 timeout was 0.1.
[ WARN] [1772876427.403712690, 1098.056000000]: No laser scan received (and thus no pose updates have been published) for 1098.055000 seconds.  Verify that data is being published on the /front/scan topic.
[ WARN] [1772876427.621872615, 1098.274000000]: Timed out waiting for transform from base_link to map to become available before running costmap, tf error: canTransform: target_frame map does not exist.. canTransform returned after 0.1 timeout was 0.1.
[ WARN] [1772876432.769241778, 1103.374000000]: Timed out waiting for transform from base_link to map to become available before running costmap, tf error: canTransform: target_frame map does not exist.. canTransform returned after 0.1 timeout was 0.1.
[ WARN] [1772876437.914851422, 1108.474000000]: Timed out waiting for transform from base_link to map to become available before running costmap, tf error: canTransform: target_frame map does not exist.. canTransform returned after 0.1 timeout was 0.1.
[ WARN] [1772876442.541554343, 1113.055000000]: No laser scan received (and thus no pose updates have been published) for 1113.055000 seconds.  Verify that data is being published on the /front/scan topic.
[ WARN] [1772876443.069238790, 1113.574000000]: Timed out waiting for transform from base_link to map to become available before running costmap, tf error: canTransform: target_frame map does not exist.. canTransform returned after 0.1 timeout was 0.1.
[ WARN] [1772876448.131302178, 1118.575000000]: Timed out waiting for transform from base_link to map to become available before running costmap, tf error: canTransform: target_frame map does not exist.. canTransform returned after 0.1 timeout was 0.1.
[ WARN] [1772876453.182456940, 1123.578000000]: Timed out waiting for transform from base_link to map to become available before running costmap, tf error: canTransform: target_frame map does not exist.. canTransform returned after 0.1 timeout was 0.1.
[ WARN] [1772876457.702740154, 1128.055000000]: No laser scan received (and thus no pose updates have been published) for 1128.055000 seconds.  Verify that data is being published on the /front/scan topic.
[ WARN] [1772876458.329340807, 1128.678000000]: Timed out waiting for transform from base_link to map to become available before running costmap, tf error: canTransform: target_frame map does not exist.. canTransform returned after 0.1 timeout was 0.1.
[ WARN] [1772876463.480540255, 1133.778000000]: Timed out waiting for transform from base_link to map to become available before running costmap, tf error: canTransform: target_frame map does not exist.. canTransform returned after 0.1 timeout was 0.1.
[ WARN] [1772876468.625791833, 1138.878000000]: Timed out waiting for transform from base_link to map to become available before running costmap, tf error: canTransform: target_frame map does not exist.. canTransform returned after 0.1 timeout was 0.1.
[ WARN] [1772876472.841309226, 1143.055000000]: No laser scan received (and thus no pose updates have been published) for 1143.055000 seconds.  Verify that data is being published on the /front/scan topic.
[ WARN] [1772876473.773504156, 1143.978000000]: Timed out waiting for transform from base_link to map to become available before running costmap, tf error: canTransform: target_frame map does not exist.. canTransform returned after 0.1 timeout was 0.1.
[ WARN] [1772876478.919349305, 1149.078000000]: Timed out waiting for transform from base_link to map to become available before running costmap, tf error: canTransform: target_frame map does not exist.. canTransform returned after 0.1 timeout was 0.1.
[ WARN] [1772876484.067687473, 1154.178000000]: Timed out waiting for transform from base_link to map to become available before running costmap, tf error: canTransform: target_frame map does not exist.. canTransform returned after 0.1 timeout was 0.1.
[ WARN] [1772876487.984493426, 1158.055000000]: No laser scan received (and thus no pose updates have been published) for 1158.055000 seconds.  Verify that data is being published on the /front/scan topic.
[ WARN] [1772876489.216270894, 1159.278000000]: Timed out waiting for transform from base_link to map to become available before running costmap, tf error: canTransform: target_frame map does not exist.. canTransform returned after 0.1 timeout was 0.1.
[ WARN] [1772876494.364457383, 1164.378000000]: Timed out waiting for transform from base_link to map to become available before running costmap, tf error: canTransform: target_frame map does not exist.. canTransform returned after 0.1 timeout was 0.1.
[ WARN] [1772876499.511453058, 1169.478000000]: Timed out waiting for transform from base_link to map to become available before running costmap, tf error: canTransform: target_frame map does not exist.. canTransform returned after 0.1 timeout was 0.1.
[ WARN] [1772876503.126266545, 1173.055000000]: No laser scan received (and thus no pose updates have been published) for 1173.055000 seconds.  Verify that data is being published on the /front/scan topic.
[ WARN] [1772876504.663771179, 1174.578000000]: Timed out waiting for transform from base_link to map to become available before running costmap, tf error: canTransform: target_frame map does not exist.. canTransform returned after 0.1 timeout was 0.1.
[ WARN] [1772876509.805837644, 1179.678000000]: Timed out waiting for transform from base_link to map to become available before running costmap, tf error: canTransform: target_frame map does not exist.. canTransform returned after 0.1 timeout was 0.1.
[ WARN] [1772876514.955255938, 1184.778000000]: Timed out waiting for transform from base_link to map to become available before running costmap, tf error: canTransform: target_frame map does not exist.. canTransform returned after 0.1 timeout was 0.1.
[ WARN] [1772876518.267460297, 1188.055000000]: No laser scan received (and thus no pose updates have been published) for 1188.055000 seconds.  Verify that data is being published on the /front/scan topic.
[ WARN] [1772876520.105076794, 1189.878000000]: Timed out waiting for transform from base_link to map to become available before running costmap, tf error: canTransform: target_frame map does not exist.. canTransform returned after 0.1 timeout was 0.1.
[ WARN] [1772876525.250278073, 1194.978000000]: Timed out waiting for transform from base_link to map to become available before running costmap, tf error: canTransform: target_frame map does not exist.. canTransform returned after 0.1 timeout was 0.1.
[ WARN] [1772876530.398282644, 1200.078000000]: Timed out waiting for transform from base_link to map to become available before running costmap, tf error: canTransform: target_frame map does not exist.. canTransform returned after 0.1 timeout was 0.1.
[ WARN] [1772876533.403032258, 1203.055000000]: No laser scan received (and thus no pose updates have been published) for 1203.055000 seconds.  Verify that data is being published on the /front/scan topic.
[ WARN] [1772876535.545516179, 1205.178000000]: Timed out waiting for transform from base_link to map to become available before running costmap, tf error: canTransform: target_frame map does not exist.. canTransform returned after 0.1 timeout was 0.1.
[ WARN] [1772876540.698086084, 1210.278000000]: Timed out waiting for transform from base_link to map to become available before running costmap, tf error: canTransform: target_frame map does not exist.. canTransform returned after 0.1 timeout was 0.1.
[ WARN] [1772876545.843785380, 1215.378000000]: Timed out waiting for transform from base_link to map to become available before running costmap, tf error: canTransform: target_frame map does not exist.. canTransform returned after 0.1 timeout was 0.1.
[ WARN] [1772876548.548476662, 1218.055000000]: No laser scan received (and thus no pose updates have been published) for 1218.055000 seconds.  Verify that data is being published on the /front/scan topic.
[ WARN] [1772876550.997427945, 1220.478000000]: Timed out waiting for transform from base_link to map to become available before running costmap, tf error: canTransform: target_frame map does not exist.. canTransform returned after 0.1 timeout was 0.1.
[ WARN] [1772876556.142381313, 1225.578000000]: Timed out waiting for transform from base_link to map to become available before running costmap, tf error: canTransform: target_frame map does not exist.. canTransform returned after 0.1 timeout was 0.1.
[ WARN] [1772876561.299955361, 1230.678000000]: Timed out waiting for transform from base_link to map to become available before running costmap, tf error: canTransform: target_frame map does not exist.. canTransform returned after 0.1 timeout was 0.1.
[ WARN] [1772876563.695158725, 1233.055000000]: No laser scan received (and thus no pose updates have been published) for 1233.055000 seconds.  Verify that data is being published on the /front/scan topic.
[ WARN] [1772876566.442276130, 1235.778000000]: Timed out waiting for transform from base_link to map to become available before running costmap, tf error: canTransform: target_frame map does not exist.. canTransform returned after 0.1 timeout was 0.1.
[ WARN] [1772876571.588341054, 1240.878000000]: Timed out waiting for transform from base_link to map to become available before running costmap, tf error: canTransform: target_frame map does not exist.. canTransform returned after 0.1 timeout was 0.1.
[ WARN] [1772876576.733247074, 1245.978000000]: Timed out waiting for transform from base_link to map to become available before running costmap, tf error: canTransform: target_frame map does not exist.. canTransform returned after 0.1 timeout was 0.1.
[ WARN] [1772876578.830953631, 1248.055000000]: No laser scan received (and thus no pose updates have been published) for 1248.055000 seconds.  Verify that data is being published on the /front/scan topic.
[ WARN] [1772876581.879591310, 1251.078000000]: Timed out waiting for transform from base_link to map to become available before running costmap, tf error: canTransform: target_frame map does not exist.. canTransform returned after 0.1 timeout was 0.1.
[ WARN] [1772876587.029122516, 1256.178000000]: Timed out waiting for transform from base_link to map to become available before running costmap, tf error: canTransform: target_frame map does not exist.. canTransform returned after 0.1 timeout was 0.1.
[ WARN] [1772876592.177374703, 1261.278000000]: Timed out waiting for transform from base_link to map to become available before running costmap, tf error: canTransform: target_frame map does not exist.. canTransform returned after 0.1 timeout was 0.1.
[ WARN] [1772876593.976534183, 1263.055000000]: No laser scan received (and thus no pose updates have been published) for 1263.055000 seconds.  Verify that data is being published on the /front/scan topic.
[ WARN] [1772876597.239791563, 1266.284000000]: Timed out waiting for transform from base_link to map to become available before running costmap, tf error: canTransform: target_frame map does not exist.. canTransform returned after 0.1 timeout was 0.1.
[ WARN] [1772876602.385535948, 1271.384000000]: Timed out waiting for transform from base_link to map to become available before running costmap, tf error: canTransform: target_frame map does not exist.. canTransform returned after 0.1 timeout was 0.1.
[ WARN] [1772876607.528241608, 1276.484000000]: Timed out waiting for transform from base_link to map to become available before running costmap, tf error: canTransform: target_frame map does not exist.. canTransform returned after 0.1 timeout was 0.1.
[ WARN] [1772876609.115164788, 1278.055000000]: No laser scan received (and thus no pose updates have been published) for 1278.055000 seconds.  Verify that data is being published on the /front/scan topic.
[ WARN] [1772876612.676372316, 1281.584000000]: Timed out waiting for transform from base_link to map to become available before running costmap, tf error: canTransform: target_frame map does not exist.. canTransform returned after 0.1 timeout was 0.1.
[ WARN] [1772876617.822119836, 1286.684000000]: Timed out waiting for transform from base_link to map to become available before running costmap, tf error: canTransform: target_frame map does not exist.. canTransform returned after 0.1 timeout was 0.1.
[ERROR] [1772876635.661314168, 1289.335000000]: [setParam] Failed to contact master at [localhost:11311].  Retrying...
[31m[gazebo-1] process has died [pid 143001, exit code 255, cmd /opt/ros/noetic/lib/gazebo_ros/gzserver -e ode /home/eethanhe/catkin_ws/src/jackal_elevator/worlds/modified_elevator.world __name:=gazebo __log:=/home/eethanhe/.ros/log/9083a8d2-1a09-11f1-93f4-0759ca495b11/gazebo-1.log].
log file: /home/eethanhe/.ros/log/9083a8d2-1a09-11f1-93f4-0759ca495b11/gazebo-1*.log[0m
[31m[urdf_spawner-7] process has died [pid 143021, exit code 1, cmd /opt/ros/noetic/lib/gazebo_ros/spawn_model -urdf -model jackal -param robot_description -x 4.0 -y -5.0 -z 0.5 __name:=urdf_spawner __log:=/home/eethanhe/.ros/log/9083a8d2-1a09-11f1-93f4-0759ca495b11/urdf_spawner-7.log].
log file: /home/eethanhe/.ros/log/9083a8d2-1a09-11f1-93f4-0759ca495b11/urdf_spawner-7*.log[0m
[31m[controller_spawner-3] process has died [pid 143007, exit code 1, cmd /opt/ros/noetic/lib/controller_manager/spawner jackal_joint_publisher jackal_velocity_controller __name:=controller_spawner __log:=/home/eethanhe/.ros/log/9083a8d2-1a09-11f1-93f4-0759ca495b11/controller_spawner-3.log].
log file: /home/eethanhe/.ros/log/9083a8d2-1a09-11f1-93f4-0759ca495b11/controller_spawner-3*.log[0m
[31m[amcl-10] escalating to SIGTERM[0m

[1mROS_MASTER_URI=http://localhost:11311[0m
]2;/home/eethanhe/catkin_ws/src/robot-multi-floor-navigation/multi_floor_nav/launch/nav.launch http://localhost:11311
[1mprocess[gazebo-1]: started with pid [143001][0m
[1mprocess[robot_state_publisher-2]: started with pid [143006][0m
[1mprocess[controller_spawner-3]: started with pid [143007][0m
[1mprocess[ekf_localization-4]: started with pid [143008][0m
[1mprocess[twist_mux-5]: started with pid [143010][0m
[1mprocess[twist_marker_server-6]: started with pid [143015][0m
[1mprocess[urdf_spawner-7]: started with pid [143021][0m
[1mprocess[map_server0-8]: started with pid [143026][0m
[1mprocess[map_server1-9]: started with pid [143027][0m
[1mprocess[amcl-10]: started with pid [143032][0m
[1mprocess[move_base-11]: started with pid [143036][0m
[1mprocess[rviz-12]: started with pid [143045][0m
[1mprocess[change_map_node-13]: started with pid [143067][0m
[1mprocess[multi_floor_navigation_node-14]: started with pid [143087][0m
[1m[change_map_node-13] process has finished cleanly
log file: /home/eethanhe/.ros/log/9083a8d2-1a09-11f1-93f4-0759ca495b11/change_map_node-13*.log[0m
[1m[multi_floor_navigation_node-14] process has finished cleanly
log file: /home/eethanhe/.ros/log/9083a8d2-1a09-11f1-93f4-0759ca495b11/multi_floor_navigation_node-14*.log[0m
[1m[robot_state_publisher-2] process has finished cleanly
log file: /home/eethanhe/.ros/log/9083a8d2-1a09-11f1-93f4-0759ca495b11/robot_state_publisher-2*.log[0m
[rviz-12] killing on exit
[move_base-11] killing on exit
[amcl-10] killing on exit
[map_server1-9] killing on exit
[map_server0-8] killing on exit
[twist_marker_server-6] killing on exit
[twist_mux-5] killing on exit
[ekf_localization-4] killing on exit
shutting down processing monitor...
... shutting down processing monitor complete
[1mdone[0m
