xacro: in-order processing became default in ROS Melodic. You can drop the option.
... logging to /home/eethanhe/.ros/log/65dfff4e-3030-11f1-a0c4-b3a95fcbe21c/roslaunch-eethanhe-Lenovo-Legion-R9000P2021H-120343.log
Checking log directory for disk usage. This may take a while.
Press Ctrl-C to interrupt
Done checking log file disk usage. Usage is <1GB.
]2;/home/eethanhe/catkin_ws/src/robot-multi-floor-navigation/multi_floor_nav/launch/nav.launch
[1mstarted roslaunch server http://eethanhe-Lenovo-Legion-R9000P2021H:40891/[0m

SUMMARY
========

PARAMETERS
 * /amcl/auto_update_noise: 0.0
 * /amcl/base_frame_id: base_link
 * /amcl/expected_laser_freq: 5.0
 * /amcl/first_map_only: False
 * /amcl/global_frame_id: map
 * /amcl/gui_publish_rate: 10.0
 * /amcl/initial_pose_a: 0.0
 * /amcl/initial_pose_x: 0.0
 * /amcl/initial_pose_y: 0.0
 * /amcl/kld_err: 0.05
 * /amcl/kld_z: 0.99
 * /amcl/laser_lambda_short: 0.1
 * /amcl/laser_likelihood_max_dist: 2.0
 * /amcl/laser_max_beams: 720
 * /amcl/laser_max_range: 30.0
 * /amcl/laser_min_range: 0.1
 * /amcl/laser_model_type: likelihood_field
 * /amcl/laser_sigma_hit: 0.2
 * /amcl/laser_z_hit: 0.5
 * /amcl/laser_z_max: 0.05
 * /amcl/laser_z_rand: 0.5
 * /amcl/laser_z_short: 0.05
 * /amcl/max_particles: 2000
 * /amcl/min_particles: 500
 * /amcl/odom_alpha1: 0.2
 * /amcl/odom_alpha2: 0.2
 * /amcl/odom_alpha3: 0.2
 * /amcl/odom_alpha4: 0.2
 * /amcl/odom_alpha5: 0.1
 * /amcl/odom_frame_id: odom
 * /amcl/odom_model_type: diff
 * /amcl/odom_update_interval: 0.1
 * /amcl/recovery_alpha_fast: 0.1
 * /amcl/recovery_alpha_slow: 0.001
 * /amcl/resample_interval: 1
 * /amcl/transform_tolerance: 1.0
 * /amcl/update_min_a: 0.3927
 * /amcl/update_min_d: 0.1
 * /amcl/use_map_topic: False
 * /ekf_localization/base_link_frame: base_link
 * /ekf_localization/frequency: 50
 * /ekf_localization/imu0: /imu/data
 * /ekf_localization/imu0_config: [False, False, Fa...
 * /ekf_localization/imu0_differential: False
 * /ekf_localization/odom0: /jackal_velocity_...
 * /ekf_localization/odom0_config: [False, False, Fa...
 * /ekf_localization/odom0_differential: False
 * /ekf_localization/odom_frame: odom
 * /ekf_localization/predict_to_current_time: True
 * /ekf_localization/world_frame: odom
 * /gazebo/enable_ros_network: True
 * /jackal_joint_publisher/publish_rate: 50
 * /jackal_joint_publisher/type: joint_state_contr...
 * /jackal_velocity_controller/angular/z/has_acceleration_limits: True
 * /jackal_velocity_controller/angular/z/has_velocity_limits: True
 * /jackal_velocity_controller/angular/z/max_acceleration: 25.0
 * /jackal_velocity_controller/angular/z/max_velocity: 4.0
 * /jackal_velocity_controller/cmd_vel_timeout: 0.25
 * /jackal_velocity_controller/enable_odom_tf: False
 * /jackal_velocity_controller/k_l: 0.1
 * /jackal_velocity_controller/k_r: 0.1
 * /jackal_velocity_controller/left_wheel: ['front_left_whee...
 * /jackal_velocity_controller/linear/x/has_acceleration_limits: True
 * /jackal_velocity_controller/linear/x/has_velocity_limits: True
 * /jackal_velocity_controller/linear/x/max_acceleration: 20.0
 * /jackal_velocity_controller/linear/x/max_velocity: 2.0
 * /jackal_velocity_controller/pose_covariance_diagonal: [0.001, 0.001, 10...
 * /jackal_velocity_controller/publish_cmd: True
 * /jackal_velocity_controller/publish_rate: 50
 * /jackal_velocity_controller/right_wheel: ['front_right_whe...
 * /jackal_velocity_controller/twist_covariance_diagonal: [0.001, 0.001, 0....
 * /jackal_velocity_controller/type: diff_drive_contro...
 * /jackal_velocity_controller/wheel_radius_multiplier: 1.0
 * /jackal_velocity_controller/wheel_separation_multiplier: 1.5
 * /move_base/NavfnROS/allow_unknown: True
 * /move_base/TrajectoryPlannerROS/acc_lim_theta: 20.0
 * /move_base/TrajectoryPlannerROS/acc_lim_x: 10.0
 * /move_base/TrajectoryPlannerROS/angular_sim_granularity: 0.02
 * /move_base/TrajectoryPlannerROS/controller_frequency: 20.0
 * /move_base/TrajectoryPlannerROS/dwa: True
 * /move_base/TrajectoryPlannerROS/escape_reset_dist: 0.1
 * /move_base/TrajectoryPlannerROS/escape_reset_theta: 0.1
 * /move_base/TrajectoryPlannerROS/escape_vel: -0.5
 * /move_base/TrajectoryPlannerROS/gdist_scale: 1.0
 * /move_base/TrajectoryPlannerROS/heading_lookahead: 0.325
 * /move_base/TrajectoryPlannerROS/heading_scoring: False
 * /move_base/TrajectoryPlannerROS/heading_scoring_timestep: 0.8
 * /move_base/TrajectoryPlannerROS/holonomic_robot: False
 * /move_base/TrajectoryPlannerROS/latch_xy_goal_tolerance: False
 * /move_base/TrajectoryPlannerROS/max_vel_theta: 1.57
 * /move_base/TrajectoryPlannerROS/max_vel_x: 0.5
 * /move_base/TrajectoryPlannerROS/meter_scoring: True
 * /move_base/TrajectoryPlannerROS/min_in_place_vel_theta: 0.314
 * /move_base/TrajectoryPlannerROS/min_vel_theta: -1.57
 * /move_base/TrajectoryPlannerROS/min_vel_x: 0.1
 * /move_base/TrajectoryPlannerROS/occdist_scale: 0.1
 * /move_base/TrajectoryPlannerROS/oscillation_reset_dist: 0.05
 * /move_base/TrajectoryPlannerROS/pdist_scale: 0.75
 * /move_base/TrajectoryPlannerROS/publish_cost_grid_pc: True
 * /move_base/TrajectoryPlannerROS/sim_granularity: 0.02
 * /move_base/TrajectoryPlannerROS/sim_time: 2.0
 * /move_base/TrajectoryPlannerROS/simple_attractor: False
 * /move_base/TrajectoryPlannerROS/vtheta_samples: 20
 * /move_base/TrajectoryPlannerROS/vx_samples: 6
 * /move_base/TrajectoryPlannerROS/xy_goal_tolerance: 0.25
 * /move_base/TrajectoryPlannerROS/yaw_goal_tolerance: 0.157
 * /move_base/base_global_planner: navfn/NavfnROS
 * /move_base/base_local_planner: base_local_planne...
 * /move_base/clearing_rotation_allowed: True
 * /move_base/controller_frequency: 20.0
 * /move_base/controller_patience: 15.0
 * /move_base/global_costmap/footprint: [[-0.21, -0.165],...
 * /move_base/global_costmap/footprint_padding: 0.1
 * /move_base/global_costmap/global_frame: map
 * /move_base/global_costmap/height: 40.0
 * /move_base/global_costmap/inflater_layer/inflation_radius: 0.3
 * /move_base/global_costmap/map_type: costmap
 * /move_base/global_costmap/meter_scoring: True
 * /move_base/global_costmap/obstacle_range: 2.5
 * /move_base/global_costmap/obstacles_layer/observation_sources: scan
 * /move_base/global_costmap/obstacles_layer/scan/clearing: True
 * /move_base/global_costmap/obstacles_layer/scan/data_type: LaserScan
 * /move_base/global_costmap/obstacles_layer/scan/marking: True
 * /move_base/global_costmap/obstacles_layer/scan/max_obstacle_height: 2.0
 * /move_base/global_costmap/obstacles_layer/scan/min_obstacle_height: -2.0
 * /move_base/global_costmap/obstacles_layer/scan/obstacle_range: 2.5
 * /move_base/global_costmap/obstacles_layer/scan/raytrace_range: 3.0
 * /move_base/global_costmap/obstacles_layer/scan/sensor_frame: front_laser
 * /move_base/global_costmap/obstacles_layer/scan/topic: front/scan
 * /move_base/global_costmap/origin_x: -20.0
 * /move_base/global_costmap/origin_y: -20.0
 * /move_base/global_costmap/origin_z: 0.0
 * /move_base/global_costmap/plugins: [{'name': 'static...
 * /move_base/global_costmap/publish_frequency: 5.0
 * /move_base/global_costmap/publish_voxel_map: False
 * /move_base/global_costmap/raytrace_range: 3.0
 * /move_base/global_costmap/resolution: 0.05
 * /move_base/global_costmap/robot_base_frame: base_link
 * /move_base/global_costmap/rolling_window: False
 * /move_base/global_costmap/static_map: True
 * /move_base/global_costmap/transform_tolerance: 0.5
 * /move_base/global_costmap/update_frequency: 20.0
 * /move_base/global_costmap/width: 40.0
 * /move_base/global_costmap/z_resolution: 1
 * /move_base/global_costmap/z_voxels: 2
 * /move_base/local_costmap/footprint: [[-0.21, -0.165],...
 * /move_base/local_costmap/footprint_padding: 0.1
 * /move_base/local_costmap/global_frame: map
 * /move_base/local_costmap/height: 10.0
 * /move_base/local_costmap/inflater_layer/inflation_radius: 0.3
 * /move_base/local_costmap/map_type: costmap
 * /move_base/local_costmap/meter_scoring: True
 * /move_base/local_costmap/obstacle_range: 2.5
 * /move_base/local_costmap/obstacles_layer/observation_sources: scan
 * /move_base/local_costmap/obstacles_layer/scan/clearing: True
 * /move_base/local_costmap/obstacles_layer/scan/data_type: LaserScan
 * /move_base/local_costmap/obstacles_layer/scan/marking: True
 * /move_base/local_costmap/obstacles_layer/scan/max_obstacle_height: 2.0
 * /move_base/local_costmap/obstacles_layer/scan/min_obstacle_height: -2.0
 * /move_base/local_costmap/obstacles_layer/scan/obstacle_range: 2.5
 * /move_base/local_costmap/obstacles_layer/scan/raytrace_range: 3.0
 * /move_base/local_costmap/obstacles_layer/scan/sensor_frame: front_laser
 * /move_base/local_costmap/obstacles_layer/scan/topic: front/scan
 * /move_base/local_costmap/origin_z: 0.0
 * /move_base/local_costmap/plugins: [{'name': 'obstac...
 * /move_base/local_costmap/publish_frequency: 5.0
 * /move_base/local_costmap/publish_voxel_map: False
 * /move_base/local_costmap/raytrace_range: 3.0
 * /move_base/local_costmap/resolution: 0.05
 * /move_base/local_costmap/robot_base_frame: base_link
 * /move_base/local_costmap/rolling_window: True
 * /move_base/local_costmap/static_map: False
 * /move_base/local_costmap/transform_tolerance: 0.5
 * /move_base/local_costmap/update_frequency: 20.0
 * /move_base/local_costmap/width: 10.0
 * /move_base/local_costmap/z_resolution: 1
 * /move_base/local_costmap/z_voxels: 2
 * /move_base/oscillation_distance: 0.5
 * /move_base/oscillation_timeout: 0.0
 * /move_base/planner_frequency: 20.0
 * /move_base/planner_patience: 5.0
 * /move_base/recovery_behavior_enabled: True
 * /move_base/shutdown_costmaps: False
 * /multi_floor_navigation_node/init_pose_offset_theta: 0.2
 * /multi_floor_navigation_node/init_pose_offset_x: 0.32
 * /multi_floor_navigation_node/init_pose_offset_y: 0.32
 * /multi_floor_navigation_node/max_linear_error_L1: -1
 * /multi_floor_navigation_node/region_init_sigma_x: 0.15
 * /multi_floor_navigation_node/region_init_sigma_y: 0.15
 * /multi_floor_navigation_node/region_init_sigma_yaw: 0.1
 * /robot_description: <?xml version="1....
 * /rosdistro: noetic
 * /rosversion: 1.17.0
 * /twist_marker_server/link_name: base_link
 * /twist_mux/locks: [{'name': 'e_stop...
 * /twist_mux/topics: [{'name': 'joy', ...
 * /use_gui: True
 * /use_sim_time: True

NODES
  /
    amcl (amcl/amcl)
    change_map_node (multi_floor_nav/change_map_node)
    controller_spawner (controller_manager/spawner)
    ekf_localization (robot_localization/ekf_localization_node)
    gazebo (gazebo_ros/gzserver)
    map_server0 (map_server/map_server)
    map_server1 (map_server/map_server)
    move_base (move_base/move_base)
    multi_floor_navigation_node (multi_floor_nav/multi_floor_navigation_node)
    robot_state_publisher (robot_state_publisher/robot_state_publisher)
    rviz (rviz/rviz)
    twist_marker_server (interactive_marker_twist_server/marker_server)
    twist_mux (twist_mux/twist_mux)
    urdf_spawner (gazebo_ros/spawn_model)
[ INFO] [1775311986.397769598]: Finished loading Gazebo ROS API Plugin.
[ INFO] [1775311986.403909620]: waitForService: Service [/gazebo/set_physics_properties] has not been advertised, waiting...
[1;33mWarning [Model.cc:216][0m Non-unique name[door] detected 2 times in XML children of model with name[elevator].
[1;33mWarning [Model.cc:309][0m Joint with name [door] in model with name [elevator] has a name collision, changing joint name to [door_joint].
[ INFO] [1775311988.063076600]: waitForService: Service [/gazebo/set_physics_properties] is now available.
[ INFO] [1775311988.080136309, 1054.802000000]: Physics dynamic reconfigure ready.
[1;33mWarning [parser_urdf.cc:1161][0m multiple inconsistent <gravity> exists due to fixed joint reduction overwriting previous value [true] with [false].
[1;33mWarning [parser_urdf.cc:1161][0m multiple inconsistent <gravity> exists due to fixed joint reduction overwriting previous value [false] with [true].
[ERROR] [1775311988.661497579, 1054.897000000]: No p gain specified for pid.  Namespace: /gazebo_ros_control/pid_gains/front_left_wheel
[ERROR] [1775311988.661932456, 1054.897000000]: No p gain specified for pid.  Namespace: /gazebo_ros_control/pid_gains/front_right_wheel
[ERROR] [1775311988.662325710, 1054.897000000]: No p gain specified for pid.  Namespace: /gazebo_ros_control/pid_gains/rear_left_wheel
[ERROR] [1775311988.662698431, 1054.897000000]: No p gain specified for pid.  Namespace: /gazebo_ros_control/pid_gains/rear_right_wheel
[ WARN] [1775311988.705398405, 1054.899000000]: Failed to meet update rate! Took 1054.8989999999998872
[ WARN] [1775311988.705493594, 1054.899000000]: Timed out waiting for transform from base_link to map to become available before running costmap, tf error: canTransform: target_frame map does not exist. canTransform: source_frame base_link does not exist.. canTransform returned after 1054.9 timeout was 0.1.
[ WARN] [1775311988.706676358, 1054.900000000]: Failed to meet update rate! Took 1054.8800000000001091
[ WARN] [1775311988.976801475]: Interactive marker 'robot_twist_marker' contains unnormalized quaternions. This warning will only be output once but may be true for others; enable DEBUG messages for ros.rviz.quaternions to see more details.
[ WARN] [1775311989.978993023, 1056.163000000]: global_costmap: Pre-Hydro parameter "static_map" unused since "plugins" is provided
[ WARN] [1775311989.979194224, 1056.163000000]: global_costmap: Pre-Hydro parameter "map_type" unused since "plugins" is provided
[ WARN] [1775312021.034096345, 1086.876000000]: [Multi Floor Nav] Initial pose perturbation applied: offset_x=0.32, offset_y=0.32, offset_theta=0.20
[ WARN] [1775312021.164151582, 1087.005000000]: local_costmap: Pre-Hydro parameter "static_map" unused since "plugins" is provided
[ WARN] [1775312021.164426462, 1087.006000000]: local_costmap: Pre-Hydro parameter "map_type" unused since "plugins" is provided
[ WARN] [1775312021.203342363, 1087.044000000]: Parameter pdist_scale is deprecated. Please use the name path_distance_bias instead.
[ WARN] [1775312021.205416048, 1087.046000000]: Parameter gdist_scale is deprecated. Please use the name goal_distance_bias instead.
[ WARN] [1775312022.098711871, 1087.930000000]: The origin for the sensor at (0.20, 0.18) is out of map bounds. So, the costmap cannot raytrace for it.
[ WARN] [1775312027.306266851, 1093.078000000]: [Multi Floor Nav] Initial pose perturbation applied: offset_x=0.32, offset_y=0.32, offset_theta=0.20
[ WARN] [1775312027.306388997, 1093.078000000]: [Multi Floor Nav] Retry #1: sigma scaled by 1.300 ??? (0.195, 0.195, 0.130)
[ INFO] [1775311986.094272245]: [Multi Floor Nav] Module A sigma: L0=(0.150,0.150,0.100) L1=(0.150,0.150,0.100)
[ INFO] [1775311986.095137110]: [Multi Floor Nav] Module A delay: L0=6.0s  L1=6.0s  backoff: factor=1.30 max=2.00
[ INFO] [1775312020.959845467, 1086.803000000]: [Multi Floor Nav] Successfully loaded map for level: 0
[ INFO] [1775312021.034193489, 1086.876000000]: [Multi Floor Nav] Adaptive sigma: offset_planar=0.453, adaptive_scale=0.226, adaptive_yaw=0.120 ??? sigma(0.150, 0.150, 0.100)
[ INFO] [1775312021.034226592, 1086.876000000]: [Multi Floor Nav] Initializing Robot at x: 5.3, y: -0.2, yaw: 0.2 (level=0, sigma: x=0.150, y=0.150, yaw=0.100, retry=0)
[ INFO] [1775312021.034265771, 1086.876000000]: [Multi Floor Nav] Initializing Pose to x: 5.00, y: -0.50 at level: 0
[ INFO] [1775312022.047069408, 1087.878000000]: [Multi Floor Nav] Waiting for AMCL nomotion updates (1.0/6.0s, L0)...
[ INFO] [1775312023.058018679, 1088.879000000]: [Multi Floor Nav] Waiting for AMCL nomotion updates (2.0/6.0s, L0)...
[ INFO] [1775312024.271608882, 1090.080000000]: [Multi Floor Nav] Waiting for AMCL nomotion updates (3.2/6.0s, L0)...
[ INFO] [1775312025.486006754, 1091.279000000]: [Multi Floor Nav] Waiting for AMCL nomotion updates (4.4/6.0s, L0)...
[ INFO] [1775312026.698826225, 1092.479000000]: [Multi Floor Nav] Waiting for AMCL nomotion updates (5.6/6.0s, L0)...
[ INFO] [1775312027.104739520, 1092.879000000]: [Multi Floor Nav] Current Robot Pose, x: 5.32, y: -0.03, yaw: 0.11
[ INFO] [1775312027.104797136, 1092.879000000]: [Multi Floor Nav] Linear Error: 0.57, Angular Error: 0.11
[ INFO] [1775312027.104827655, 1092.879000000]: [Multi Floor Nav] Setting initial pose failed. Will Retry (retry #1)
[ INFO] [1775312027.306338575, 1093.078000000]: [Multi Floor Nav] Adaptive sigma: offset_planar=0.453, adaptive_scale=0.226, adaptive_yaw=0.120 ??? sigma(0.150, 0.150, 0.100)
[ INFO] [1775312027.306435858, 1093.078000000]: [Multi Floor Nav] Initializing Robot at x: 5.3, y: -0.2, yaw: 0.2 (level=0, sigma: x=0.195, y=0.195, yaw=0.130, retry=1)
[ INFO] [1775312027.306472523, 1093.078000000]: [Multi Floor Nav] Initializing Pose to x: 5.00, y: -0.50 at level: 0
[ INFO] [1775312028.317770864, 1094.081000000]: [Multi Floor Nav] Waiting for AMCL nomotion updates (1.0/6.0s, L0)...
[ INFO] [1775312029.334423330, 1095.081000000]: [Multi Floor Nav] Waiting for AMCL nomotion updates (2.0/6.0s, L0)...
[ INFO] [1775312030.542574749, 1096.281000000]: [Multi Floor Nav] Waiting for AMCL nomotion updates (3.2/6.0s, L0)...
[ INFO] [1775312031.755634558, 1097.480000000]: [Multi Floor Nav] Waiting for AMCL nomotion updates (4.4/6.0s, L0)...
[ INFO] [1775312032.770392941, 1098.481000000]: [Multi Floor Nav] Waiting for AMCL nomotion updates (5.4/6.0s, L0)...
[ INFO] [1775312033.378145328, 1099.082000000]: [Multi Floor Nav] Current Robot Pose, x: 5.02, y: -0.03, yaw: 0.06
[ INFO] [1775312033.378164742, 1099.082000000]: [Multi Floor Nav] Linear Error: 0.47, Angular Error: 0.06
[ INFO] [1775312033.378176824, 1099.082000000]: [Multi Floor Nav] Robot at correct pose
[ INFO] [1775312033.379695093, 1099.083000000]: [Multi Floor Nav] RELOC_PASS: linear_error=0.4688, angular_error=0.0624, linear_error_init=0.3364, angular_error_init=0.1376, tr_sigma=0.0341, C_t=0.9665
[ INFO] [1775312034.394687101, 1100.083000000]: [Multi Floor Nav] POST_PASS: dt=1.000s, linear_error=0.4648, angular_error=0.0608
[ INFO] [1775312034.394737663, 1100.083000000]: [Multi Floor Nav] Will send goal to x: 3, y: -0, at level: 0
[ INFO] [1775312034.394762595, 1100.083000000]: [Multi Floor Nav] Sending Robot to x: 3.0, y: -0.5, yaw: 3.1
[ INFO] [1775312034.597381762, 1100.283000000]: [Multi Floor Nav] POST_PASS: dt=1.200s, linear_error=0.4648, angular_error=0.0608
[ INFO] [1775312034.800070069, 1100.483000000]: [Multi Floor Nav] POST_PASS: dt=1.400s, linear_error=0.4648, angular_error=0.0608
[ INFO] [1775312035.003595937, 1100.683000000]: [Multi Floor Nav] POST_PASS: dt=1.600s, linear_error=0.4588, angular_error=0.3382
[ INFO] [1775312035.204962447, 1100.883000000]: [Multi Floor Nav] POST_PASS: d[ WARN] [1775312089.538881606, 1154.688000000]: [Multi Floor Nav] Initial pose perturbation applied: offset_x=0.32, offset_y=0.32, offset_theta=0.20
t=1.800s, linear_error=0.4292, angular_error=0.7482
[ INFO] [1775312035.407200529, 1101.083000000]: [Multi Floor Nav] POST_PASS: dt=2.000s, linear_error=0.3781, angular_error=1.1531
[ INFO] [1775312052.184343958, 1117.683000000]: [Multi Floor Nav] Requesting Lift to Level 0
[ INFO] [1775312052.386440169, 1117.883000000]: [Multi Floor Nav] Entering Lift at Level 0
[ INFO] [1775312069.716125006, 1135.083000000]: [Multi Floor Nav] Requesting Lift to Level 1
[ INFO] [1775312076.775259374, 1142.084000000]: [Multi Floor Nav] Exiting Lift at Level 1
[ INFO] [1775312089.450481449, 1154.601000000]: [Multi Floor Nav] Successfully loaded map for level: 1
[ INFO] [1775312089.538953050, 1154.688000000]: [Multi Floor Nav] Adaptive sigma: offset_planar=0.453, adaptive_scale=0.226, adaptive_yaw=0.120 ??? sigma(0.150, 0.150, 0.100)
[ INFO] [1775312089.538980077, 1154.688000000]: [Multi Floor Nav] Initializing Robot at x: 3.3, y: -0.2, yaw: 3.3 (level=1, sigma: x=0.150, y=0.150, yaw=0.100, retry=0)
[ INFO] [1775312089.539016184, 1154.688000000]: [Multi Floor Nav] Initializing Pose to x: 3.00, y: -0.50 at level: 1
[ INFO] [1775312090.558249665, 1155.691000000]: [Multi Floor Nav] Waiting for AMCL nomotion updates (1.0/6.0s, L1)...
[ INFO] [1775312091.573816393, 1156.691000000]: [Multi Floor Nav] Waiting for AMCL nomotion updates (2.0/6.0s, L1)...
[ INFO] [1775312092.595062360, 1157.691000000]: [Multi Floor Nav] Waiting for AMCL nomotion updates (3.0/6.0s, L1)...
[ INFO] [1775312093.608617370, 1158.691000000]: [Multi Floor Nav] Waiting for AMCL nomotion updates (4.0/6.0s, L1)...
[ INFO] [1775312094.824909906, 1159.891000000]: [Multi Floor Nav] Waiting for AMCL nomotion updates (5.2/6.0s, L1)...
[ INFO] [1775312095.636285097, 1160.691000000]: [Multi Floor Nav] Current Robot Pose, x: 3.27, y: -0.14, yaw: 3.07
[ INFO] [1775312095.636347672, 1160.691000000]: [Multi Floor Nav] Linear Error: 0.45, Angular Error: 0.07
[ INFO] [1775312095.636378680, 1160.691000000]: [Multi Floor Nav] Robot at correct pose
[ INFO] [1775312095.638930769, 1160.693000000]: [Multi Floor Nav] RELOC_PASS: linear_error=0.4520, angular_error=0.0725, linear_error_init=0.0697, angular_error_init=0.2725, tr_sigma=0.0243, C_t=0.9760
[ INFO] [1775312096.657365338, 1161.693000000]: [Multi Floor Nav] POST_PASS: dt=1.000s, linear_error=0.4515, angular_error=0.0730
[ INFO] [1775312096.657412968, 1161.693000000]: [Multi Floor Nav] Will send goal to x: 4, y: 5, at level: 1
[ INFO] [1775312096.657436084, 1161.693000000]: [Multi Floor Nav] Sending Robot to x: 4.0, y: 5.0, yaw: 0.0
[ INFO] [1775312096.862582828, 1161.893000000]: [Multi Floor Nav] POST_PASS: dt=1.200s, linear_error=0.4515, angular_error=0.0730
[ INFO] [1775312097.064303185, 1162.093000000]: [Multi Floor Nav] POST_PASS: dt=1.400s, linear_error=0.4515, angular_error=0.0730
[ INFO] [1775312097.265939679, 1162.293000000]: [Multi Floor Nav] POST_PASS: dt=1.600s, linear_error=0.3938, angular_error=0.2131
[ INFO] [1775312097.467244373, 1162.493000000]: [Multi Floor Nav] POST_PASS: dt=1.800s, linear_error=0.4064, angular_error=0.4856
[ INFO] [1775312097.670639247, 1162.693000000]: [Multi Floor Nav] POST_PASS: dt=2.000s, linear_error=0.4864, angular_error=0.7978
[ INFO] [1775312120.329308914, 1184.893000000]: [Multi Floor Nav] Robot arrived at Goal
[ INFO] [1775311989.979691396, 1056.164000000]: global_costmap: Using plugin "static_layer"
[ INFO] [1775311989.983388860, 1056.167000000]: Requesting the map...
[ INFO] [1775312021.028349557, 1086.870000000]: Resizing costmap to 992 X 992 at 0.020000 m/pix
[ INFO] [1775312021.127815689, 1086.969000000]: Received a 992 X 992 map at 0.020000 m/pix
[ INFO] [1775312021.131381312, 1086.973000000]: global_costmap: Using plugin "obstacles_layer"
[ INFO] [1775312021.134336905, 1086.976000000]:     Subscribed to Topics: scan
[ INFO] [1775312021.143496303, 1086.985000000]: global_costmap: Using plugin "inflater_layer"
[ INFO] [1775312021.164810080, 1087.006000000]: local_costmap: Using plugin "obstacles_layer"
[ INFO] [1775312021.167244894, 1087.009000000]:     Subscribed to Topics: scan
[ INFO] [1775312021.175634194, 1087.017000000]: local_costmap: Using plugin "inflater_layer"
[ INFO] [1775312021.193914230, 1087.035000000]: Created local_planner base_local_planner/TrajectoryPlannerROS
[ INFO] [1775312021.197757877, 1087.039000000]: Sim period is set to 0.05
[ INFO] [1775312021.253435685, 1087.094000000]: Recovery behavior will clear layer 'obstacles'
[ INFO] [1775312021.259456516, 1087.100000000]: Recovery behavior will clear layer 'obstacles'
[ INFO] [1775312021.402214216, 1087.240000000]: odom received!
[ INFO] [1775311988.445371967, 1054.897000000]: Laser Plugin: Using the 'robotNamespace' param: '/'
[ INFO] [1775311988.445403953, 1054.897000000]: Starting Laser Plugin (ns = /)
[ INFO] [1775311988.446486011, 1054.897000000]: Laser Plugin (ns = /)  <tf_prefix_>, set to ""
[ INFO] [1775311988.547347652, 1054.897000000]: Loading gazebo_ros_control plugin
[ INFO] [1775311988.547413159, 1054.897000000]: Starting gazebo_ros_control plugin in namespace: /
[ INFO] [1775311988.548044279, 1054.897000000]: gazebo_ros_control plugin is waiting for model URDF in parameter [robot_description] on the ROS param server.
[ INFO] [1775311988.664841248, 1054.897000000]: Loaded gazebo_ros_control.
[ INFO] [1775311988.979643502, 1055.170000000]: Controller state will be published at 50Hz.
[ INFO] [1775311988.980334612, 1055.171000000]: Wheel separation will be multiplied by 1.5.
[ INFO] [1775311988.980744417, 1055.171000000]: Left wheel radius will be multiplied by 1.
[ INFO] [1775311988.980761527, 1055.171000000]: Right wheel radius will be multiplied by 1.
[ INFO] [1775311988.980998136, 1055.172000000]: Velocity rolling window size of 10.
[ INFO] [1775311988.981437692, 1055.172000000]: Velocity commands will be considered old if they are older than 0.25s.
[ INFO] [1775311988.981653000, 1055.172000000]: Allow mutiple cmd_vel publishers is enabled
[ INFO] [1775311988.981861814, 1055.173000000]: Base frame_id set to base_link
[ INFO] [1775311988.982090880, 1055.173000000]: Odometry frame_id set to odom
[ INFO] [1775311988.982493143, 1055.173000000]: Publishing to tf is disabled
[ INFO] [1775311988.989515839, 1055.180000000]: left wheel to origin: 0.131,0.187795, 0.0345
[ INFO] [1775311988.989546847, 1055.180000000]: right wheel to origin: 0.131,-0.187795, 0.0345
[ INFO] [1775311988.989610538, 1055.180000000]: Odometry params : wheel separation 0.563385, left wheel radius 0.098, right wheel radius 0.098
[ INFO] [1775311988.991727655, 1055.182000000]: Adding left wheel with joint name: front_left_wheel and right wheel with joint name: front_right_wheel
[ INFO] [1775311988.991821586, 1055.182000000]: Adding left wheel with joint name: rear_left_wheel and right wheel with joint name: rear_right_wheel
[ INFO] [1775311988.998740085, 1055.189000000]: Dynamic Reconfigure:
DynamicParams:
	Odometry parameters:
		left wheel radius multiplier: 1
		right wheel radius multiplier: 1
		wheel separation multiplier: 1.5
	Publication parameters:
		Publish executed velocity command: disabled
		Publication rate: 50
		Publish frame odom on tf: disabled

auto-starting new master
[1mprocess[master]: started with pid [120431][0m
[1mROS_MASTER_URI=http://localhost:11311[0m
]2;/home/eethanhe/catkin_ws/src/robot-multi-floor-navigation/multi_floor_nav/launch/nav.launch http://localhost:11311
[1msetting /run_id to 65dfff4e-3030-11f1-a0c4-b3a95fcbe21c[0m
[1mprocess[rosout-1]: started with pid [120463][0m
started core service [/rosout]
[1mprocess[gazebo-2]: started with pid [120470][0m
[1mprocess[robot_state_publisher-3]: started with pid [120473][0m
[1mprocess[controller_spawner-4]: started with pid [120476][0m
[1mprocess[ekf_localization-5]: started with pid [120477][0m
[1mprocess[twist_mux-6]: started with pid [120478][0m
[1mprocess[twist_marker_server-7]: started with pid [120483][0m
[1mprocess[urdf_spawner-8]: started with pid [120486][0m
[1mprocess[map_server0-9]: started with pid [120495][0m
[1mprocess[map_server1-10]: started with pid [120499][0m
[1mprocess[amcl-11]: started with pid [120504][0m
[1mprocess[move_base-12]: started with pid [120505][0m
[1mprocess[rviz-13]: started with pid [120508][0m
[1mprocess[change_map_node-14]: started with pid [120518][0m
[1mprocess[multi_floor_navigation_node-15]: started with pid [120527][0m
[1m[urdf_spawner-8] process has finished cleanly
log file: /home/eethanhe/.ros/log/65dfff4e-3030-11f1-a0c4-b3a95fcbe21c/urdf_spawner-8*.log[0m
[multi_floor_navigation_node-15] killing on exit
[change_map_node-14] killing on exit
[rviz-13] killing on exit
[move_base-12] killing on exit
[amcl-11] killing on exit
[map_server1-10] killing on exit
[map_server0-9] killing on exit
[twist_marker_server-7] killing on exit
[twist_mux-6] killing on exit
[ekf_localization-5] killing on exit
[controller_spawner-4] killing on exit
[robot_state_publisher-3] killing on exit
[gazebo-2] killing on exit
[rosout-1] killing on exit
[master] killing on exit
shutting down processing monitor...
... shutting down processing monitor complete
[1mdone[0m
