xacro: in-order processing became default in ROS Melodic. You can drop the option.
... logging to /home/eethanhe/.ros/log/cbf4261a-3031-11f1-a0c4-b3a95fcbe21c/roslaunch-eethanhe-Lenovo-Legion-R9000P2021H-128661.log
Checking log directory for disk usage. This may take a while.
Press Ctrl-C to interrupt
Done checking log file disk usage. Usage is <1GB.
]2;/home/eethanhe/catkin_ws/src/robot-multi-floor-navigation/multi_floor_nav/launch/nav.launch
[1mstarted roslaunch server http://eethanhe-Lenovo-Legion-R9000P2021H:41579/[0m

SUMMARY
========

PARAMETERS
 * /amcl/auto_update_noise: 0.0
 * /amcl/base_frame_id: base_link
 * /amcl/expected_laser_freq: 5.0
 * /amcl/first_map_only: False
 * /amcl/global_frame_id: map
 * /amcl/gui_publish_rate: 10.0
 * /amcl/initial_pose_a: 0.0
 * /amcl/initial_pose_x: 0.0
 * /amcl/initial_pose_y: 0.0
 * /amcl/kld_err: 0.05
 * /amcl/kld_z: 0.99
 * /amcl/laser_lambda_short: 0.1
 * /amcl/laser_likelihood_max_dist: 2.0
 * /amcl/laser_max_beams: 720
 * /amcl/laser_max_range: 30.0
 * /amcl/laser_min_range: 0.1
 * /amcl/laser_model_type: likelihood_field
 * /amcl/laser_sigma_hit: 0.2
 * /amcl/laser_z_hit: 0.5
 * /amcl/laser_z_max: 0.05
 * /amcl/laser_z_rand: 0.5
 * /amcl/laser_z_short: 0.05
 * /amcl/max_particles: 2000
 * /amcl/min_particles: 500
 * /amcl/odom_alpha1: 0.2
 * /amcl/odom_alpha2: 0.2
 * /amcl/odom_alpha3: 0.2
 * /amcl/odom_alpha4: 0.2
 * /amcl/odom_alpha5: 0.1
 * /amcl/odom_frame_id: odom
 * /amcl/odom_model_type: diff
 * /amcl/odom_update_interval: 0.1
 * /amcl/recovery_alpha_fast: 0.1
 * /amcl/recovery_alpha_slow: 0.001
 * /amcl/resample_interval: 1
 * /amcl/transform_tolerance: 1.0
 * /amcl/update_min_a: 0.3927
 * /amcl/update_min_d: 0.1
 * /amcl/use_map_topic: False
 * /ekf_localization/base_link_frame: base_link
 * /ekf_localization/frequency: 50
 * /ekf_localization/imu0: /imu/data
 * /ekf_localization/imu0_config: [False, False, Fa...
 * /ekf_localization/imu0_differential: False
 * /ekf_localization/odom0: /jackal_velocity_...
 * /ekf_localization/odom0_config: [False, False, Fa...
 * /ekf_localization/odom0_differential: False
 * /ekf_localization/odom_frame: odom
 * /ekf_localization/predict_to_current_time: True
 * /ekf_localization/world_frame: odom
 * /gazebo/enable_ros_network: True
 * /jackal_joint_publisher/publish_rate: 50
 * /jackal_joint_publisher/type: joint_state_contr...
 * /jackal_velocity_controller/angular/z/has_acceleration_limits: True
 * /jackal_velocity_controller/angular/z/has_velocity_limits: True
 * /jackal_velocity_controller/angular/z/max_acceleration: 25.0
 * /jackal_velocity_controller/angular/z/max_velocity: 4.0
 * /jackal_velocity_controller/cmd_vel_timeout: 0.25
 * /jackal_velocity_controller/enable_odom_tf: False
 * /jackal_velocity_controller/k_l: 0.1
 * /jackal_velocity_controller/k_r: 0.1
 * /jackal_velocity_controller/left_wheel: ['front_left_whee...
 * /jackal_velocity_controller/linear/x/has_acceleration_limits: True
 * /jackal_velocity_controller/linear/x/has_velocity_limits: True
 * /jackal_velocity_controller/linear/x/max_acceleration: 20.0
 * /jackal_velocity_controller/linear/x/max_velocity: 2.0
 * /jackal_velocity_controller/pose_covariance_diagonal: [0.001, 0.001, 10...
 * /jackal_velocity_controller/publish_cmd: True
 * /jackal_velocity_controller/publish_rate: 50
 * /jackal_velocity_controller/right_wheel: ['front_right_whe...
 * /jackal_velocity_controller/twist_covariance_diagonal: [0.001, 0.001, 0....
 * /jackal_velocity_controller/type: diff_drive_contro...
 * /jackal_velocity_controller/wheel_radius_multiplier: 1.0
 * /jackal_velocity_controller/wheel_separation_multiplier: 1.5
 * /move_base/NavfnROS/allow_unknown: True
 * /move_base/TrajectoryPlannerROS/acc_lim_theta: 20.0
 * /move_base/TrajectoryPlannerROS/acc_lim_x: 10.0
 * /move_base/TrajectoryPlannerROS/angular_sim_granularity: 0.02
 * /move_base/TrajectoryPlannerROS/controller_frequency: 20.0
 * /move_base/TrajectoryPlannerROS/dwa: True
 * /move_base/TrajectoryPlannerROS/escape_reset_dist: 0.1
 * /move_base/TrajectoryPlannerROS/escape_reset_theta: 0.1
 * /move_base/TrajectoryPlannerROS/escape_vel: -0.5
 * /move_base/TrajectoryPlannerROS/gdist_scale: 1.0
 * /move_base/TrajectoryPlannerROS/heading_lookahead: 0.325
 * /move_base/TrajectoryPlannerROS/heading_scoring: False
 * /move_base/TrajectoryPlannerROS/heading_scoring_timestep: 0.8
 * /move_base/TrajectoryPlannerROS/holonomic_robot: False
 * /move_base/TrajectoryPlannerROS/latch_xy_goal_tolerance: False
 * /move_base/TrajectoryPlannerROS/max_vel_theta: 1.57
 * /move_base/TrajectoryPlannerROS/max_vel_x: 0.5
 * /move_base/TrajectoryPlannerROS/meter_scoring: True
 * /move_base/TrajectoryPlannerROS/min_in_place_vel_theta: 0.314
 * /move_base/TrajectoryPlannerROS/min_vel_theta: -1.57
 * /move_base/TrajectoryPlannerROS/min_vel_x: 0.1
 * /move_base/TrajectoryPlannerROS/occdist_scale: 0.1
 * /move_base/TrajectoryPlannerROS/oscillation_reset_dist: 0.05
 * /move_base/TrajectoryPlannerROS/pdist_scale: 0.75
 * /move_base/TrajectoryPlannerROS/publish_cost_grid_pc: True
 * /move_base/TrajectoryPlannerROS/sim_granularity: 0.02
 * /move_base/TrajectoryPlannerROS/sim_time: 2.0
 * /move_base/TrajectoryPlannerROS/simple_attractor: False
 * /move_base/TrajectoryPlannerROS/vtheta_samples: 20
 * /move_base/TrajectoryPlannerROS/vx_samples: 6
 * /move_base/TrajectoryPlannerROS/xy_goal_tolerance: 0.25
 * /move_base/TrajectoryPlannerROS/yaw_goal_tolerance: 0.157
 * /move_base/base_global_planner: navfn/NavfnROS
 * /move_base/base_local_planner: base_local_planne...
 * /move_base/clearing_rotation_allowed: True
 * /move_base/controller_frequency: 20.0
 * /move_base/controller_patience: 15.0
 * /move_base/global_costmap/footprint: [[-0.21, -0.165],...
 * /move_base/global_costmap/footprint_padding: 0.1
 * /move_base/global_costmap/global_frame: map
 * /move_base/global_costmap/height: 40.0
 * /move_base/global_costmap/inflater_layer/inflation_radius: 0.3
 * /move_base/global_costmap/map_type: costmap
 * /move_base/global_costmap/meter_scoring: True
 * /move_base/global_costmap/obstacle_range: 2.5
 * /move_base/global_costmap/obstacles_layer/observation_sources: scan
 * /move_base/global_costmap/obstacles_layer/scan/clearing: True
 * /move_base/global_costmap/obstacles_layer/scan/data_type: LaserScan
 * /move_base/global_costmap/obstacles_layer/scan/marking: True
 * /move_base/global_costmap/obstacles_layer/scan/max_obstacle_height: 2.0
 * /move_base/global_costmap/obstacles_layer/scan/min_obstacle_height: -2.0
 * /move_base/global_costmap/obstacles_layer/scan/obstacle_range: 2.5
 * /move_base/global_costmap/obstacles_layer/scan/raytrace_range: 3.0
 * /move_base/global_costmap/obstacles_layer/scan/sensor_frame: front_laser
 * /move_base/global_costmap/obstacles_layer/scan/topic: front/scan
 * /move_base/global_costmap/origin_x: -20.0
 * /move_base/global_costmap/origin_y: -20.0
 * /move_base/global_costmap/origin_z: 0.0
 * /move_base/global_costmap/plugins: [{'name': 'static...
 * /move_base/global_costmap/publish_frequency: 5.0
 * /move_base/global_costmap/publish_voxel_map: False
 * /move_base/global_costmap/raytrace_range: 3.0
 * /move_base/global_costmap/resolution: 0.05
 * /move_base/global_costmap/robot_base_frame: base_link
 * /move_base/global_costmap/rolling_window: False
 * /move_base/global_costmap/static_map: True
 * /move_base/global_costmap/transform_tolerance: 0.5
 * /move_base/global_costmap/update_frequency: 20.0
 * /move_base/global_costmap/width: 40.0
 * /move_base/global_costmap/z_resolution: 1
 * /move_base/global_costmap/z_voxels: 2
 * /move_base/local_costmap/footprint: [[-0.21, -0.165],...
 * /move_base/local_costmap/footprint_padding: 0.1
 * /move_base/local_costmap/global_frame: map
 * /move_base/local_costmap/height: 10.0
 * /move_base/local_costmap/inflater_layer/inflation_radius: 0.3
 * /move_base/local_costmap/map_type: costmap
 * /move_base/local_costmap/meter_scoring: True
 * /move_base/local_costmap/obstacle_range: 2.5
 * /move_base/local_costmap/obstacles_layer/observation_sources: scan
 * /move_base/local_costmap/obstacles_layer/scan/clearing: True
 * /move_base/local_costmap/obstacles_layer/scan/data_type: LaserScan
 * /move_base/local_costmap/obstacles_layer/scan/marking: True
 * /move_base/local_costmap/obstacles_layer/scan/max_obstacle_height: 2.0
 * /move_base/local_costmap/obstacles_layer/scan/min_obstacle_height: -2.0
 * /move_base/local_costmap/obstacles_layer/scan/obstacle_range: 2.5
 * /move_base/local_costmap/obstacles_layer/scan/raytrace_range: 3.0
 * /move_base/local_costmap/obstacles_layer/scan/sensor_frame: front_laser
 * /move_base/local_costmap/obstacles_layer/scan/topic: front/scan
 * /move_base/local_costmap/origin_z: 0.0
 * /move_base/local_costmap/plugins: [{'name': 'obstac...
 * /move_base/local_costmap/publish_frequency: 5.0
 * /move_base/local_costmap/publish_voxel_map: False
 * /move_base/local_costmap/raytrace_range: 3.0
 * /move_base/local_costmap/resolution: 0.05
 * /move_base/local_costmap/robot_base_frame: base_link
 * /move_base/local_costmap/rolling_window: True
 * /move_base/local_costmap/static_map: False
 * /move_base/local_costmap/transform_tolerance: 0.5
 * /move_base/local_costmap/update_frequency: 20.0
 * /move_base/local_costmap/width: 10.0
 * /move_base/local_costmap/z_resolution: 1
 * /move_base/local_costmap/z_voxels: 2
 * /move_base/oscillation_distance: 0.5
 * /move_base/oscillation_timeout: 0.0
 * /move_base/planner_frequency: 20.0
 * /move_base/planner_patience: 5.0
 * /move_base/recovery_behavior_enabled: True
 * /move_base/shutdown_costmaps: False
 * /multi_floor_navigation_node/init_pose_offset_theta: 0.2
 * /multi_floor_navigation_node/init_pose_offset_x: 0.32
 * /multi_floor_navigation_node/init_pose_offset_y: 0.32
 * /multi_floor_navigation_node/max_linear_error_L1: 0.65
 * /multi_floor_navigation_node/region_init_sigma_x: 0.15
 * /multi_floor_navigation_node/region_init_sigma_y: 0.15
 * /multi_floor_navigation_node/region_init_sigma_yaw: 0.1
 * /multi_floor_navigation_node/reloc_check_timeout_L0: 25.0
 * /multi_floor_navigation_node/reloc_check_timeout_L1: 45.0
 * /multi_floor_navigation_node/reloc_check_timeout_sec: 45.0
 * /multi_floor_navigation_node/reloc_confidence_K: 3
 * /multi_floor_navigation_node/reloc_confidence_lambda: 20.0
 * /multi_floor_navigation_node/reloc_confidence_tau: 0.85
 * /multi_floor_navigation_node/reloc_min_check_delay_sec: 6.0
 * /multi_floor_navigation_node/use_covariance_reloc: True
 * /robot_description: <?xml version="1....
 * /rosdistro: noetic
 * /rosversion: 1.17.0
 * /twist_marker_server/link_name: base_link
 * /twist_mux/locks: [{'name': 'e_stop...
 * /twist_mux/topics: [{'name': 'joy', ...
 * /use_gui: True
 * /use_sim_time: True

NODES
  /
    amcl (amcl/amcl)
    change_map_node (multi_floor_nav/change_map_node)
    controller_spawner (controller_manager/spawner)
    ekf_localization (robot_localization/ekf_localization_node)
    gazebo (gazebo_ros/gzserver)
    map_server0 (map_server/map_server)
    map_server1 (map_server/map_server)
    move_base (move_base/move_base)
    multi_floor_navigation_node (multi_floor_nav/multi_floor_navigation_node)
    robot_state_publisher (robot_state_publisher/robot_state_publisher)
    rviz (rviz/rviz)
    twist_marker_server (interactive_marker_twist_server/marker_server)
    twist_mux (twist_mux/twist_mux)
    urdf_spawner (gazebo_ros/spawn_model)
[ INFO] [1775312587.143703831]: Finished loading Gazebo ROS API Plugin.
[ INFO] [1775312587.150996993]: waitForService: Service [/gazebo/set_physics_properties] has not been advertised, waiting...
[1;33mWarning [Model.cc:216][0m Non-unique name[door] detected 2 times in XML children of model with name[elevator].
[1;33mWarning [Model.cc:309][0m Joint with name [door] in model with name [elevator] has a name collision, changing joint name to [door_joint].
[ INFO] [1775312588.913645084]: waitForService: Service [/gazebo/set_physics_properties] is now available.
[ INFO] [1775312588.930181477]: Physics dynamic reconfigure ready.
[1;33mWarning [parser_urdf.cc:1161][0m multiple inconsistent <gravity> exists due to fixed joint reduction overwriting previous value [true] with [false].
[1;33mWarning [parser_urdf.cc:1161][0m multiple inconsistent <gravity> exists due to fixed joint reduction overwriting previous value [false] with [true].
[ERROR] [1775312589.706126278, 1055.094000000]: No p gain specified for pid.  Namespace: /gazebo_ros_control/pid_gains/front_left_wheel
[ERROR] [1775312589.706573533, 1055.094000000]: No p gain specified for pid.  Namespace: /gazebo_ros_control/pid_gains/front_right_wheel
[ERROR] [1775312589.706954648, 1055.094000000]: No p gain specified for pid.  Namespace: /gazebo_ros_control/pid_gains/rear_left_wheel
[ERROR] [1775312589.707307759, 1055.094000000]: No p gain specified for pid.  Namespace: /gazebo_ros_control/pid_gains/rear_right_wheel
[ WARN] [1775312589.754895706, 1055.095000000]: Failed to meet update rate! Took 1055.0950000000000273
[ WARN] [1775312589.755745726, 1055.096000000]: Failed to meet update rate! Took 1055.0760000000000218
[ WARN] [1775312589.755839661, 1055.096000000]: Timed out waiting for transform from base_link to map to become available before running costmap, tf error: canTransform: target_frame map does not exist.. canTransform returned after 1055.1 timeout was 0.1.
[ WARN] [1775312590.092863740, 1055.432000000]: Interactive marker 'robot_twist_marker' contains unnormalized quaternions. This warning will only be output once but may be true for others; enable DEBUG messages for ros.rviz.quaternions to see more details.
[ WARN] [1775312591.071894331, 1056.400000000]: global_costmap: Pre-Hydro parameter "static_map" unused since "plugins" is provided
[ WARN] [1775312591.072958760, 1056.401000000]: global_costmap: Pre-Hydro parameter "map_type" unused since "plugins" is provided
[ WARN] [1775312621.730433818, 1086.689000000]: [Multi Floor Nav] Initial pose perturbation applied: offset_x=0.32, offset_y=0.32, offset_theta=0.20
[ WARN] [1775312621.902595855, 1086.861000000]: local_costmap: Pre-Hydro parameter "static_map" unused since "plugins" is provided
[ WARN] [1775312621.902782817, 1086.861000000]: local_costmap: Pre-Hydro parameter "map_type" unused since "plugins" is provided
[ WARN] [1775312621.935837619, 1086.894000000]: Parameter pdist_scale is deprecated. Please use the name path_distance_bias instead.
[ WARN] [1775312621.936355970, 1086.895000000]: Parameter gdist_scale is deprecated. Please use the name goal_distance_bias instead.
[ WARN] [1775312622.782720570, 1087.735000000]: The origin for the sensor at (0.21, 0.23) is out of map bounds. So, the costmap cannot raytrace for it.
[ INFO] [1775312586.757240595]: [Multi Floor Nav] L1 linear error threshold: 0.650 m (L0: 0.500 m)
[ INFO] [1775312586.826842746]: [Multi Floor Nav] Module C: covariance reloc criterion enabled (lambda=20.00, tau=0.85, K=3, post_monitor=2.0s, min_delay=6.0s)
[ INFO] [1775312586.873869526]: [Multi Floor Nav] Module A sigma: L0=(0.150,0.150,0.100) L1=(0.150,0.150,0.100)
[ INFO] [1775312586.873929868]: [Multi Floor Nav] Module A delay: L0=6.0s  L1=6.0s  backoff: factor=1.30 max=2.00
[ INFO] [1775312586.873948655]: [Multi Floor Nav] Module C timeout: L0=25.0s  L1=45.0s
[ INFO] [1775312621.729088701, 1086.688000000]: [Multi Floor Nav] Successfully loaded map for level: 0
[ INFO] [1775312621.730494578, 1086.689000000]: [Multi Floor Nav] Adaptive sigma: offset_planar=0.453, adaptive_scale=0.226, adaptive_yaw=0.120 ??? sigma(0.150, 0.150, 0.100)
[ INFO] [1775312621.730513295, 1086.689000000]: [Multi Floor Nav] Initializing Robot at x: 5.3, y: -0.2, yaw: 0.2 (level=0, sigma: x=0.150, y=0.150, yaw=0.100, retry=0)
[ INFO] [1775312621.730537600, 1086.689000000]: [Multi Floor Nav] Initializing Pose to x: 5.00, y: -0.50 at level: 0
[ INFO] [1775312622.739229173, 1087.691000000]: [Multi Floor Nav] Waiting for AMCL nomotion updates (1.0/6.0s, L0)...
[ INFO] [1775312623.751506566, 1088.692000000]: [Multi Floor Nav] Waiting for AMCL nomotion updates (2.0/6.0s, L0)...
[ INFO] [1775312624.960248162, 1089.892000000]: [Multi Floor Nav] Waiting for AMCL nomotion updates (3.2/6.0s, L0)...
[ INFO] [1775312626.172629303, 1091.093000000]: [Multi Floor Nav] Waiting for AMCL nomotion updates (4.4/6.0s, L0)...
[ INFO] [1775312627.383089331, 1092.292000000]: [Multi Floor Nav] Waiting for AMCL nomotion updates (5.6/6.0s, L0)...
[ INFO] [1775312627.785411807, 1092.691000000]: [Multi Floor Nav] Current Robot Pose, x: 5.35, y: -0.01, yaw: 0.16
[ INFO] [1775312627.785431781, 1092.691000000]: [Multi Floor Nav] Linear Error: 0.60, Angular Error: 0.16
[ INFO] [1775312627.785443515, 1092.691000000]: [Multi Floor Nav] Module C: tr(??)=0.0205, C_t=0.6631 (tau=0.85), frame_ok=0
[ INFO] [1775312627.989525283, 1092.893000000]: [Multi Floor Nav] Current Robot Pose, x: 5.35, y: -0.01, yaw: 0.16
[ INFO] [1775312627.989545187, 1092.893000000]: [Multi Floor Nav] Linear Error: 0.60, Angular Error: 0.16
[ INFO] [1775312627.989558178, 1092.893000000]: [Multi Floor Nav] Module C: tr(??)=0.0178, C_t=0.7010 (tau=0.85), frame_ok=0
[ INFO] [1775312628.191497263, 1093.093000000]: [Multi Floor Nav] Current Robot Pose, x: 5.35, y: -0.01, yaw: 0.16
[ INFO] [1775312628.191517237, 1093.093000000]: [Multi Floor Nav] Linear Error: 0.60, Angular Error: 0.16
[ INFO] [1775312628.191529250, 1093.093000000]: [Multi Floor Nav] Module C: tr(??)=0.0168, C_t=0.7142 (tau=0.85), frame_ok=0
[ INFO] [1775312628.391922011, 1093.292000000]: [Multi Floor Nav] Current Robot Pose, x: 5.36, y: -0.01, yaw: 0.16
[ INFO] [1775312628.391939680, 1093.292000000]: [Multi Floor Nav] Linear Error: 0.61, Angular Error: 0.16
[ INFO] [1775312628.391951553, 1093.292000000]: [Multi Floor Nav] Module C: tr(??)=0.0149, C_t=0.7416 (tau=0.85), frame_ok=0
[ INFO] [1775312628.592300035, 1093.491000000]: [Multi Floor Nav] Current Robot Pose, x: 5.36, y: -0.01, yaw: 0.16
[ INFO] [1775312628.592321057, 1093.491000000]: [Multi Floor Nav] Linear Error: 0.61, Angular Error: 0.16
[ INFO] [1775312628.592331463, 1093.491000000]: [Multi Floor Nav] Module C: tr(??)=0.0139, C_t=0.7568 (tau=0.85), frame_ok=0
[ INFO] [1775312628.795963329, 1093.693000000]: [Multi Floor Nav] Current Robot Pose, x: 5.37, y: -0.01, yaw: 0.16
[ INFO] [1775312628.796007677, 1093.693000000]: [Multi Floor Nav] Linear Error: 0.62, Angular Error: 0.16
[ INFO] [1775312628.796036311, 1093.693000000]: [Multi Floor Nav] Module C: tr(??)=0.0136, C_t=0.7625 (tau=0.85), frame_ok=0
[ INFO] [1775312628.995893540, 1093.891000000]: [Multi Floor Nav] Current Robot Pose, x: 5.36, y: -0.01, yaw: 0.16
[ INFO] [1775312628.995912606, 1093.891000000]: [Multi Floor Nav] Linear Error: 0.61, Angular Error: 0.16
[ INFO] [1775312628.995924060, 1093.891000000]: [Multi Floor Nav] Module C: tr(??)=0.0122, C_t=0.7834 (tau=0.85), frame_ok=0
[ INFO] [1775312629.198330800, 1094.092000000]: [Multi Floor Nav] Current Robot Pose, x: 5.36, y: -0.00, yaw: 0.16
[ INFO] [1775312629.198375846, 1094.092000000]: [Multi Floor Nav] Linear Error: 0.61, Angular Error: 0.16
[ INFO] [1775312629.198403503, 1094.092000000]: [Multi Floor Nav] Module C: tr(??)=0.0107, C_t=0.8074 (tau=0.85), frame_ok=0
[ INFO] [1775312629.399454511, 1094.291000000]: [Multi Floor Nav] Current Robot Pose, x: 5.36, y: -0.01, yaw: 0.16
[ INFO] [1775312629.399491666, 1094.291000000]: [Multi Floor Nav] Linear Error: 0.61, Angular Error: 0.16
[ INFO] [1775312629.399512548, 1094.291000000]: [Multi Floor Nav] Module C: tr(??)=0.0100, C_t=0.8187 (tau=0.85), frame_ok=0
[ INFO] [1775312629.603054326, 1094.492000000]: [Multi Floor Nav] Current Robot Pose, x: 5.36, y: -0.00, yaw: 0.16
[ INFO] [1775312629.603112712, 1094.492000000]: [Multi Floor Nav] Linear Error: 0.61, Angular Error: 0.16
[ INFO] [1775312629.603150915, 1094.492000000]: [Multi Floor Nav] Module C: tr(??)=0.0091, C_t=0.8331 (tau=0.85), frame_ok=0
[ INFO] [1775312629.807576168, 1094.694000000]: [Multi Floor Nav] Current Robot Pose, x: 5.35, y: -0.01, yaw: 0.16
[ INFO] [1775312629.807641189, 1094.694000000]: [Multi Floor Nav] Linear Error: 0.61, Angular Error: 0.16
[ INFO] [1775312629.807692730, 1094.694000000]: [Multi Floor Nav] Module C: tr(??)=0.0086, C_t=0.8423 (tau=0.85), frame_ok=0
[ INFO] [1775312630.008227412, 1094.893000000]: [Multi Floor Nav] Current Robot Pose, x: 5.35, y: -0.01, yaw: 0.16
[ INFO] [1775312630.008249691, 1094.893000000]: [Multi Floor Nav] Linear Error: 0.61, Angular Error: 0.16
[ INFO] [1775312630.008266033, 1094.893000000]: [Multi Floor Nav] Module C: tr(??)=0.0082, C_t=0.8495 (tau=0.85), frame_ok=0
[ INFO] [1775312630.210845913, 1095.093000000]: [Multi Floor Nav] Current Robot Pose, x: 5.35, y: -0.01, yaw: 0.17
[ INFO] [1775312630.210893194, 1095.093000000]: [Multi Floor Nav] Linear Error: 0.61, Angular Error: 0.17
[ INFO] [1775312630.210923156, 1095.093000000]: [Multi Floor Nav] Module C: tr(??)=0.0071, C_t=0.8679 (tau=0.85), frame_ok=0
[ INFO] [1775312630.411680981, 1095.291000000]: [Multi Floor Nav] Current Robot Pose, x: 5.35, y: -0.01, yaw: 0.16
[ INFO] [1775312630.411711082, 1095.291000000]: [Multi Floor Nav] Linear Error: 0.61, Angular Error: 0.16
[ INFO] [1775312630.411731476, 1095.291000000]: [Multi Floor Nav] Module C: tr(??)=0.0066, C_t=0.8764 (tau=0.85), frame_ok=0
[ INFO] [1775312630.613042154, 1095.491000000]: [Multi Floor Nav] Current Robot Pose, x: 5.35, y: -0.01, yaw: 0.17
[ INFO] [1775312630.613061081, 1095.491000000]: [Multi Floor Nav] Linear Error: 0.61, Angular Error: 0.17
[ INFO] [1775312630.613072604, 1095.491000000]: [Multi Floor Nav] Module C: tr(??)=0.0064, C_t=0.8795 (tau=0.85), frame_ok=0
[ INFO] [1775312630.815722882, 1095.692000000]: [Multi Floor Nav] Current Robot Pose, x: 5.35, y: -0.01, yaw: 0.17
[ INFO] [1775312630.815765973, 1095.692000000]: [Multi Floor Nav] Linear Error: 0.60, Angular Error: 0.17
[ INFO] [1775312630.815795516, 1095.692000000]: [Multi Floor Nav] Module C: tr(??)=0.0059, C_t=0.8882 (tau=0.85), frame_ok=0
[ INFO] [1775312631.017520974, 1095.892000000]: [Multi Floor Nav] Current Robot Pose, x: 5.35, y: -0.01, yaw: 0.17
[ INFO] [1775312631.017537875, 1095.892000000]: [Multi Floor Nav] Linear Error: 0.61, Angular Error: 0.17
[ INFO] [1775312631.017548840, 1095.892000000]: [Multi Floor Nav] Module C: tr(??)=0.0063, C_t=0.8813 (tau=0.85), frame_ok=0
[ INFO] [1775312631.219356156, 1096.091000000]: [Multi Floor Nav] Current Robot Pose, x: 5.35, y: -0.00, yaw: 0.17
[ INFO] [1775312631.219373825, 1096.091000000]: [Multi Floor Nav] Linear Error: 0.61, Angular Error: 0.17
[ INFO] [1775312631.219384720, 1096.091000000]: [Multi Floor Nav] Module C: tr(??)=0.0059, C_t=0.8888 (tau=0.85), frame_ok=0
[ INFO] [1775312631.422917362, 1096.293000000]: [Multi Floor Nav] Current Robot Pose, x: 5.35, y: -0.00, yaw: 0.17
[ INFO] [1775312631.422942085, 1096.293000000]: [Multi Floor Nav] Linear Error: 0.61, Angular Error: 0.17
[ INFO] [1775312631.422957031, 1096.293000000]: [Multi Floor Nav] Module C: tr(??)=0.0063, C_t=0.8809 (tau=0.85), frame_ok=0
[ INFO] [1775312631.625942756, 1096.493000000]: [Multi Floor Nav] Current Robot Pose, x: 5.35, y: -0.01, yaw: 0.17
[ INFO] [1775312631.625999046, 1096.493000000]: [Multi Floor Nav] Linear Error: 0.61, Angular Error: 0.17
[ INFO] [1775312631.626031662, 1096.493000000]: [Multi Floor Nav] Module C: tr(??)=0.0060, C_t=0.8870 (tau=0.85), frame_ok=0
[ INFO] [1775312631.827943109, 1096.692000000]: [Multi Floor Nav] Current Robot Pose, x: 5.35, y: -0.00, yaw: 0.17
[ INFO] [1775312631.827987737, 1096.692000000]: [Multi Floor Nav] Linear Error: 0.61, Angular Error: 0.17
[ INFO] [1775312631.828017558, 1096.692000000]: [Multi Floor Nav] Module C: tr(??)=0.0066, C_t=0.8761 (tau=0.85), frame_ok=0
[ INFO] [1775312632.027189676, 1096.891000000]: [Multi Floor Nav] Current Robot Pose, x: 5.35, y: -0.01, yaw: 0.18
[ INFO] [1775312632.027207834, 1096.891000000]: [Multi Floor Nav] Linear Error: 0.61, Angular Error: 0.18
[ INFO] [1775312632.027217332, 1096.891000000]: [Multi Floor Nav] Module C: tr(??)=0.0060, C_t=0.8869 (tau=0.85), frame_ok=0
[ INFO] [1775312632.231360660, 1097.092000000]: [Multi Floor Nav] Current Robot Pose, x: 5.36, y: -0.01, yaw: 0.18
[ INFO] [1775312632.231405916, 1097.092000000]: [Multi Floor Nav] Linear Error: 0.61, Angular Error: 0.18
[ INFO] [1775312632.231434620, 1097.092000000]: [Multi Floor Nav] Module C: tr(??)=0.0062, C_t=0.8830 (tau=0.85), frame_ok=0
[ INFO] [1775312632.435939090, 1097.293000000]: [Multi Floor Nav] Current Robot Pose, x: 5.35, y: -0.01, yaw: 0.18
[ INFO] [1775312632.435983089, 1097.293000000]: [Multi Floor Nav] Linear Error: 0.61, Angular Error: 0.18
[ INFO] [1775312632.436011234, 1097.293000000]: [Multi Floor Nav] Module C: tr(??)=0.0053, C_t=0.8996 (tau=0.85), frame_ok=0
[ INFO] [1775312632.635428634, 1097.491000000]: [Multi Floor Nav] Current Robot Pose, x: 5.36, y: -0.01, yaw: 0.18
[ INFO] [1775312632.635452450, 1097.491000000]: [Multi Floor Nav] Linear Error: 0.61, Angular Error: 0.18
[ INFO] [1775312632.635466837, 1097.491000000]: [Multi Floor Nav] Module C: tr(??)=0.0052, C_t=0.9016 (tau=0.85), frame_ok=0
[ INFO] [1775312632.840483303, 1097.693000000]: [Multi Floor Nav] Current Robot Pose, x: 5.36, y: -0.00, yaw: 0.18
[ INFO] [1775312632.840556425, 1097.693000000]: [Multi Floor Nav] Linear Error: 0.61, Angular Error: 0.18
[ INFO] [1775312632.840588831, 1097.693000000]: [Multi Floor Nav] Module C: tr(??)=0.0055, C_t=0.8952 (tau=0.85), frame_ok=0
[ INFO] [1775312633.041828355, 1097.891000000]: [Multi Floor Nav] Current Robot Pose, x: 5.36, y: -0.00, yaw: 0.18
[ INFO] [1775312633.041876475, 1097.891000000]: [Multi Floor Nav] Linear Error: 0.61, Angular Error: 0.18
[ INFO] [1775312633.041906856, 1097.891000000]: [Multi Floor Nav] Module C: tr(??)=0.0051, C_t=0.9031 (tau=0.85), frame_ok=0
[ INFO] [1775312633.242393790, 1098.091000000]: [Multi Floor Nav] Current Robot Pose, x: 5.36, y: -0.00, yaw: 0.18
[ INFO] [1775312633.242421447, 1098.091000000]: [Multi Floor Nav] Linear Error: 0.61, Angular Error: 0.18
[ INFO] [1775312633.242438767, 1098.091000000]: [Multi Floor Nav] Module C: tr(??)=0.0052, C_t=0.9017 (tau=0.85), frame_ok=0
[ INFO] [1775312633.445323934, 1098.292000000]: [Multi Floor Nav] Current Robot Pose, x: 5.36, y: -0.00, yaw: 0.18
[ INFO] [1775312633.445340626, 1098.292000000]: [Multi Floor Nav] Linear Error: 0.61, Angular Error: 0.18
[ INFO] [1775312633.445352080, 1098.292000000]: [Multi Floor Nav] Module C: tr(??)=0.0049, C_t=0.9066 (tau=0.85), frame_ok=0
[ INFO] [1775312633.648303385, 1098.492000000]: [Multi Floor Nav] Current Robot Pose, x: 5.36, y: -0.00, yaw: 0.18
[ INFO] [1775312633.648349759, 1098.492000000]: [Multi Floor Nav] Linear Error: 0.61, Angular Error: 0.18
[ INFO] [1775312633.648378324, 1098.492000000]: [Multi Floor Nav] Module C: tr(??)=0.0050, C_t=0.9051 (tau=0.85), frame_ok=0
[ INFO] [1775312633.849195252, 1098.692000000]: [Multi Floor Nav] Current Robot Pose, x: 5.36, y: -0.01, yaw: 0.18
[ INFO] [1775312633.849214877, 1098.692000000]: [Multi Floor Nav] Linear Error: 0.61, Angular Error: 0.18
[ INFO] [1775312633.849232406, 1098.692000000]: [Multi Floor Nav] Module C: tr(??)=0.0048, C_t=0.9092 (tau=0.85), frame_ok=0
[ INFO] [1775312634.050828400, 1098.891000000]: [Multi Floor Nav] Current Robot Pose, x: 5.36, y: -0.01, yaw: 0.18
[ INFO] [1775312634.050852495, 1098.891000000]: [Multi Floor Nav] Linear Error: 0.61, Angular Error: 0.18
[ INFO] [1775312634.050864926, 1098.891000000]: [Multi Floor Nav] Module C: tr(??)=0.0050, C_t=0.9049 (tau=0.85), frame_ok=0
[ INFO] [1775312634.254984241, 1099.091000000]: [Multi Floor Nav] Current Robot Pose, x: 5.37, y: -0.01, yaw: 0.18
[ INFO] [1775312634.255004844, 1099.091000000]: [Multi Floor Nav] Linear Error: 0.62, Angular Error: 0.18
[ INFO] [1775312634.255017135, 1099.091000000]: [Multi Floor Nav] Module C: tr(??)=0.0050, C_t=0.9041 (tau=0.85), frame_ok=0
[ INFO] [1775312634.457005843, 1099.292000000]: [Multi Floor Nav] Current Robot Pose, x: 5.37, y: -0.01, yaw: 0.18
[ INFO] [1775312634.457068350, 1099.292000000]: [Multi Floor Nav] Linear Error: 0.62, Angular Error: 0.18
[ INFO] [1775312634.457113676, 1099.292000000]: [Multi Floor Nav] Module C: tr(??)=0.0052, C_t=0.9005 (tau=0.85), frame_ok=0
[ INFO] [1775312634.658183920, 1099.491000000]: [Multi Floor Nav] Current Robot Pose, x: 5.37, y: -0.01, yaw: 0.18
[ INFO] [1775312634.658217303, 1099.491000000]: [Multi Floor Nav] Linear Error: 0.62, Angular Error: 0.18
[ INFO] [1775312634.658240071, 1099.491000000]: [Multi Floor Nav] Module C: tr(??)=0.0053, C_t=0.9002 (tau=0.85), frame_ok=0
[ INFO] [1775312634.863098222, 1099.692000000]: [Multi Floor Nav] Current Robot Pose, x: 5.37, y: -0.01, yaw: 0.18
[ INFO] [1775312634.863116869, 1099.692000000]: [Multi Floor Nav] Linear Error: 0.62, Angular Error: 0.18
[ INFO] [1775312634.863129091, 1099.692000000]: [Multi Floor Nav] Module C: tr(??)=0.0048, C_t=0.9083 (tau=0.85), frame_ok=0
[ INFO] [1775312635.064974978, 1099.892000000]: [Multi Floor Nav] Current Robot Pose, x: 5.37, y: -0.01, yaw: 0.18
[ INFO] [1775312635.065000749, 1099.892000000]: [Multi Floor Nav] Linear Error: 0.62, Angular Error: 0.18
[ INFO] [1775312635.065013600, 1099.892000000]: [Multi Floor Nav] Module C: tr(??)=0.0055, C_t=0.8967 (tau=0.85), frame_ok=0
[ INFO] [1775312635.266868151, 1100.092000000]: [Multi Floor Nav] Current Robot Pose, x: 5.37, y: -0.01, yaw: 0.18
[ INFO] [1775312635.266935407, 1100.092000000]: [Multi Floor Nav] Linear Error: 0.62, Angular Error: 0.18
[ INFO] [1775312635.266981711, 1100.092000000]: [Multi Floor Nav] Module C: tr(??)=0.0049, C_t=0.9062 (tau=0.85), frame_ok=0
[ INFO] [1775312635.467977581, 1100.293000000]: [Multi Floor Nav] Current Robot Pose, x: 5.38, y: -0.01, yaw: 0.18
[ INFO] [1775312635.468021440, 1100.293000000]: [Multi Floor Nav] Linear Error: 0.62, Angular Error: 0.18
[ INFO] [1775312635.468054893, 1100.293000000]: [Multi Floor Nav] Module C: tr(??)=0.0056, C_t=0.8937 (tau=0.85), frame_ok=0
[ INFO] [1775312635.670704433, 1100.493000000]: [Multi Floor Nav] Current Robot Pose, x: 5.38, y: -0.01, yaw: 0.18
[ INFO] [1775312635.670750038, 1100.493000000]: [Multi Floor Nav] Linear Error: 0.62, Angular Error: 0.18
[ INFO] [1775312635.670812056, 1100.493000000]: [Multi Floor Nav] Module C: tr(??)=0.0056, C_t=0.8944 (tau=0.85), frame_ok=0
[ INFO] [1775312635.870158865, 1100.691000000]: [Multi Floor Nav] Current Robot Pose, x: 5.38, y: -0.01, yaw: 0.18
[ INFO] [1775312635.870177932, 1100.691000000]: [Multi Floor Nav] Linear Error: 0.62, Angular Error: 0.18
[ INFO] [1775312635.870190363, 1100.691000000]: [Multi Floor Nav] Module C: tr(??)=0.0055, C_t=0.8957 (tau=0.85), frame_ok=0
[ INFO] [1775312636.072414370, 1100.892000000]: [Multi Floor Nav] Current Robot Pose, x: 5.38, y: -0.01, yaw: 0.18
[ INFO] [1775312636.072433017, 1100.892000000]: [Multi Floor Nav] Linear Error: 0.62, Angular Error: 0.18
[ INFO] [1775312636.072444331, 1100.892000000]: [Multi Floor Nav] Module C: tr(??)=0.0054, C_t=0.8977 (tau=0.85), frame_ok=0
[ INFO] [1775312636.274274095, 1101.093000000]: [Multi Floor Nav] Current Robot Pose, x: 5.39, y: -0.01, yaw: 0.18
[ INFO] [1775312636.274294698, 1101.093000000]: [Multi Floor Nav] Linear Error: 0.62, Angular Error: 0.18
[ INFO] [1775312636.274311879, 1101.093000000]: [Multi Floor Nav] Module C: tr(??)=0.0063, C_t=0.8825 (tau=0.85), frame_ok=0
[ INFO] [1775312636.472298212, 1101.291000000]: [Multi Floor Nav] Current Robot Pose, x: 5.39, y: -0.02, yaw: 0.18
[ INFO] [1775312636.472317628, 1101.291000000]: [Multi Floor Nav] Linear Error: 0.62, Angular Error: 0.18
[ INFO] [1775312636.472329221, 1101.291000000]: [Multi Floor Nav] Module C: tr(??)=0.0057, C_t=0.8924 (tau=0.85), frame_ok=0
[ INFO] [1775312636.674861994, 1101.491000000]: [Multi Floor Nav] Current Robot Pose, x: 5.39, y: -0.02, yaw: 0.18
[ INFO] [1775312636.674881200, 1101.491000000]: [Multi Floor Nav] Linear Error: 0.62, Angular Error: 0.18
[ INFO] [1775312636.674893003, 1101.491000000]: [Multi Floor Nav] Module C: tr(??)=0.0061, C_t=0.8843 (tau=0.85), frame_ok=0
[ INFO] [1775312636.878477286, 1101.692000000]: [Multi Floor Nav] Current Robot Pose, x: 5.39, y: -0.02, yaw: 0.18
[ INFO] [1775312636.878495863, 1101.692000000]: [Multi Floor Nav] Linear Error: 0.62, Angular Error: 0.18
[ INFO] [1775312636.878508295, 1101.692000000]: [Multi Floor Nav] Module C: tr(??)=0.0063, C_t=0.8824 (tau=0.85), frame_ok=0
[ INFO] [1775312637.082719742, 1101.893000000]: [Multi Floor Nav] Current Robot Pose, x: 5.40, y: -0.02, yaw: 0.17
[ INFO] [1775312637.082790699, 1101.893000000]: [Multi Floor Nav] Linear Error: 0.62, Angular Error: 0.17
[ INFO] [1775312637.082820591, 1101.893000000]: [Multi Floor Nav] Module C: tr(??)=0.0064, C_t=0.8793 (tau=0.85), frame_ok=0
[ INFO] [1775312637.285872560, 1102.093000000]: [Multi Floor Nav] Current Robot Pose, x: 5.40, y: -0.02, yaw: 0.17
[ INFO] [1775312637.285918444, 1102.093000000]: [Multi Floor Nav] Linear Error: 0.62, Angular Error: 0.17
[ INFO] [1775312637.285947568, 1102.093000000]: [Multi Floor Nav] Module C: tr(??)=0.0060, C_t=0.8869 (tau=0.85), frame_ok=0
[ INFO] [1775312637.485245501, 1102.291000000]: [Multi Floor Nav] Current Robot Pose, x: 5.40, y: -0.02, yaw: 0.17
[ INFO] [1775312637.485280281, 1102.291000000]: [Multi Floor Nav] Linear Error: 0.62, Angular Error: 0.17
[ INFO] [1775312637.485291246, 1102.291000000]: [Multi Floor Nav] Module C: tr(??)=0.0061, C_t=0.8845 (tau=0.85), frame_ok=0
[ INFO] [1775312637.688752896, 1102.493000000]: [Multi Floor Nav] Current Robot Pose, x: 5.40, y: -0.03, yaw: 0.17
[ INFO] [1775312637.688808628, 1102.493000000]: [Multi Floor Nav] Linear Error: 0.62, Angular Error: 0.17
[ INFO] [1775312637.688849694, 1102.493000000]: [Multi Floor Nav] Module C: tr(??)=0.0057, C_t=0.8927 (tau=0.85), frame_ok=0
[ INFO] [1775312637.889856261, 1102.692000000]: [Multi Floor Nav] Current Robot Pose, x: 5.40, y: -0.03, yaw: 0.17
[ INFO] [1775312637.889887689, 1102.692000000]: [Multi Floor Nav] Linear Error: 0.61, Angular Error: 0.17
[ INFO] [1775312637.889900190, 1102.693000000]: [Multi Floor Nav] Module C: tr(??)=0.0037, C_t=0.9282 (tau=0.85), frame_ok=0
[ INFO] [1775312638.092048293, 1102.891000000]: [Multi Floor Nav] Current Robot Pose, x: 5.40, y: -0.03, yaw: 0.17
[ INFO] [1775312638.092101301, 1102.891000000]: [Multi Floor Nav] Linear Error: 0.61, Angular Error: 0.17
[ INFO] [1775312638.092163319, 1102.891000000]: [Multi Floor Nav] Module C: tr(??)=0.0032, C_t=0.9376 (tau=0.85), frame_ok=0
[ INFO] [1775312638.293880653, 1103.091000000]: [Multi Floor Nav] Current Robot Pose, x: 5.40, y: -0.03, yaw: 0.16
[ INFO] [1775312638.293901186, 1103.091000000]: [Multi Floor Nav] Linear Error: 0.61, Angular Error: 0.16
[ INFO] [1775312638.293913547, 1103.091000000]: [Multi Floor Nav] Module C: tr(??)=0.0024, C_t=0.9525 (tau=0.85), frame_ok=0
[ INFO] [1775312638.496080650, 1103.292000000]: [Multi Floor Nav] Current Robot Pose, x: 5.40, y: -0.04, yaw: 0.16
[ INFO] [1775312638.496122624, 1103.292000000]: [Multi Floor Nav] Linear Error: 0.61, Angular Error: 0.16
[ INFO] [1775312638.496150700, 1103.292000000]: [Multi Floor Nav] Module C: tr(??)=0.0021, C_t=0.9594 (tau=0.85), frame_ok=0
[ INFO] [1775312638.711560570, 1103.502000000]: [Multi Floor Nav] Current Robot Pose, x: 5.39, y: -0.04, yaw: 0.16
[ INFO] [1775312638.711590601, 1103.502000000]: [Multi Floor Nav] Linear Error: 0.61, Angular Error: 0.16
[ INFO] [1775312638.711607852, 1103.502000000]: [Multi Floor Nav] Module C: tr(??)=0.0017, C_t=0.9667 (tau=0.85), frame_ok=0
[ INFO] [1775312638.900239627, 1103.692000000]: [Multi Floor Nav] Current Robot Pose, x: 5.40, y: -0.04, yaw: 0.16
[ INFO] [1775312638.900310794, 1103.692000000]: [Multi Floor Nav] Linear Error: 0.61, Angular Error: 0.16
[ INFO] [1775312638.900355492, 1103.692000000]: [Multi Floor Nav] Module C: tr(??)=0.0014, C_t=0.9727 (tau=0.85), frame_ok=0
[ INFO] [1775312639.102582310, 1103.891000000]: [Multi Floor Nav] Current Robot Pose, x: 5.40, y: -0.04, yaw: 0.16
[ INFO] [1775312639.102611853, 1103.892000000]: [Multi Floor Nav] Linear Error: 0.61, Angular Error: 0.16
[ INFO] [1775312639.102631198, 1103.892000000]: [Multi Floor Nav] Module C: tr(??)=0.0012, C_t=0.9772 (tau=0.85), frame_ok=0
[ INFO] [1775312639.306822338, 1104.093000000]: [Multi Floor Nav] Current Robot Pose, x: 5.39, y: -0.04, yaw: 0.16
[ INFO] [1775312639.306844757, 1104.093000000]: [Multi Floor Nav] Linear Error: 0.61, Angular Error: 0.16
[ INFO] [1775312639.306861518, 1104.093000000]: [Multi Floor Nav] Module C: tr(??)=0.0007, C_t=0.9859 (tau=0.85), frame_ok=0
[ INFO] [1775312639.508496447, 1104.292000000]: [Multi Floor Nav] Current Robot Pose, x: 5.39, y: -0.04, yaw: 0.16
[ INFO] [1775312639.508558953, 1104.292000000]: [Multi Floor Nav] Linear Error: 0.60, Angular Error: 0.16
[ INFO] [1775312639.508606514, 1104.292000000]: [Multi Floor Nav] Module C: tr(??)=0.0005, C_t=0.9901 (tau=0.85), frame_ok=0
[ INFO] [1775312639.709375497, 1104.492000000]: [Multi Floor Nav] Current Robot Pose, x: 5.39, y: -0.04, yaw: 0.17
[ INFO] [1775312639.709418589, 1104.492000000]: [Multi Floor Nav] Linear Error: 0.60, Angular Error: 0.17
[ INFO] [1775312639.709451483, 1104.492000000]: [Multi Floor Nav] Module C: tr(??)=0.0004, C_t=0.9921 (tau=0.85), frame_ok=0
[ INFO] [1775312639.909204295, 1104.691000000]: [Multi Floor Nav] Current Robot Pose, x: 5.39, y: -0.04, yaw: 0.17
[ INFO] [1775312639.909226295, 1104.691000000]: [Multi Floor Nav] Linear Error: 0.60, Angular Error: 0.17
[ INFO] [1775312639.909242917, 1104.691000000]: [Multi Floor Nav] Module C: tr(??)=0.0004, C_t=0.9920 (tau=0.85), frame_ok=0
[ INFO] [1775312640.110288748, 1104.892000000]: [Multi Floor Nav] Current Robot Pose, x: 5.39, y: -0.04, yaw: 0.17
[ INFO] [1775312640.110308234, 1104.892000000]: [Multi Floor Nav] Linear Error: 0.60, Angular Error: 0.17
[ INFO] [1775312640.110319967, 1104.892000000]: [Multi Floor Nav] Module C: tr(??)=0.0002, C_t=0.9955 (tau=0.85), frame_ok=0
[ INFO] [1775312640.311431800, 1105.092000000]: [Multi Floor Nav] Current Robot Pose, x: 5.39, y: -0.04, yaw: 0.17
[ INFO] [1775312640.311455126, 1105.092000000]: [Multi Floor Nav] Linear Error: 0.60, Angular Error: 0.17
[ INFO] [1775312640.311467767, 1105.092000000]: [Multi Floor Nav] Module C: tr(??)=0.0002, C_t=0.9963 (tau=0.85), frame_ok=0
[ INFO] [1775312640.514810358, 1105.291000000]: [Multi Floor Nav] Current Robot Pose, x: 5.39, y: -0.04, yaw: 0.17
[ INFO] [1775312640.514874750, 1105.291000000]: [Multi Floor Nav] Linear Error: 0.60, Angular Error: 0.17
[ INFO] [1775312640.514920426, 1105.291000000]: [Multi Floor Nav] Module C: tr(??)=0.0002, C_t=0.9962 (tau=0.85), frame_ok=0
[ INFO] [1775312640.717937911, 1105.492000000]: [Multi Floor Nav] Current Robot Pose, x: 5.39, y: -0.04, yaw: 0.17
[ INFO] [1775312640.717956838, 1105.492000000]: [Multi Floor Nav] Linear Error: 0.60, Angular Error: 0.17
[ INFO] [1775312640.717968850, 1105.492000000]: [Multi Floor Nav] Module C: tr(??)=0.0001, C_t=0.9980 (tau=0.85), frame_ok=0
[ INFO] [1775312640.919748283, 1105.692000000]: [Multi Floor Nav] Current Robot Pose, x: 5.39, y: -0.04, yaw: 0.17
[ INFO] [1775312640.919767000, 1105.692000000]: [Multi Floor Nav] Linear Error: 0.60, Angular Error: 0.17
[ INFO] [1775312640.919779781, 1105.692000000]: [Multi Floor Nav] Module C: tr(??)=0.0001, C_t=0.9987 (tau=0.85), frame_ok=0
[ INFO] [1775312641.121460533, 1105.891000000]: [Multi Floor Nav] Current Robot Pose, x: 5.39, y: -0.04, yaw: 0.18
[ INFO] [1775312641.121483860, 1105.891000000]: [Multi Floor Nav] Linear Error: 0.60, Angular Error: 0.18
[ INFO] [1775312641.121496291, 1105.891000000]: [Multi Floor Nav] Module C: tr(??)=0.0000, C_t=0.9993 (tau=0.85), frame_ok=0
[ INFO] [1775312641.323705525, 1106.091000000]: [Multi Floor Nav] Current Robot Pose, x: 5.39, y: -0.04, yaw: 0.18
[ INFO] [1775312641.323731785, 1106.091000000]: [Multi Floor Nav] Linear Error: 0.60, Angular Error: 0.18
[ INFO] [1775312641.323747010, 1106.091000000]: [Multi Floor Nav] Module C: tr(??)=0.0001, C_t=0.9987 (tau=0.85), frame_ok=0
[ INFO] [1775312641.525263990, 1106.291000000]: [Multi Floor Nav] Current Robot Pose, x: 5.39, y: -0.04, yaw: 0.18
[ INFO] [1775312641.525303520, 1106.291000000]: [Multi Floor Nav] Linear Error: 0.60, Angular Error: 0.18
[ INFO] [1775312641.525332364, 1106.291000000]: [Multi Floor Nav] Module C: tr(??)=0.0001, C_t=0.9980 (tau=0.85), frame_ok=0
[ INFO] [1775312641.726357461, 1106.492000000]: [Multi Floor Nav] Current Robot Pose, x: 5.39, y: -0.04, yaw: 0.18
[ INFO] [1775312641.726384210, 1106.492000000]: [Multi Floor Nav] Linear Error: 0.60, Angular Error: 0.18
[ INFO] [1775312641.726401950, 1106.493000000]: [Multi Floor Nav] Module C: tr(??)=0.0001, C_t=0.9987 (tau=0.85), frame_ok=0
[ INFO] [1775312641.926256809, 1106.692000000]: [Multi Floor Nav] Current Robot Pose, x: 5.39, y: -0.04, yaw: 0.18
[ INFO] [1775312641.926289215, 1106.692000000]: [Multi Floor Nav] Linear Error: 0.60, Angular Error: 0.18
[ INFO] [1775312641.926310237, 1106.692000000]: [Multi Floor Nav] Module C: tr(??)=0.0000, C_t=0.9993 (tau=0.85), frame_ok=0
[ INFO] [1775312642.129097050, 1106.891000000]: [Multi Floor Nav] Current Robot Pose, x: 5.39, y: -0.04, yaw: 0.18
[ INFO] [1775312642.129157183, 1106.891000000]: [Multi Floor Nav] Linear Error: 0.60, Angular Error: 0.18
[ INFO] [1775312642.129200064, 1106.891000000]: [Multi Floor Nav] Module C: tr(??)=0.0000, C_t=0.9997 (tau=0.85), frame_ok=0
[ INFO] [1775312642.331730707, 1107.091000000]: [Multi Floor Nav] Current Robot Pose, x: 5.39, y: -0.04, yaw: 0.18
[ INFO] [1775312642.331752567, 1107.091000000]: [Multi Floor Nav] Linear Error: 0.60, Angular Error: 0.18
[ INFO] [1775312642.331769399, 1107.091000000]: [Multi Floor Nav] Module C: tr(??)=0.0000, C_t=0.9997 (tau=0.85), frame_ok=0
[ INFO] [1775312642.536989717, 1107.292000000]: [Multi Floor Nav] Current Robot Pose, x: 5.39, y: -0.04, yaw: 0.19
[ INFO] [1775312642.537055437, 1107.292000000]: [Multi Floor Nav] Linear Error: 0.60, Angular Error: 0.19
[ INFO] [1775312642.537104115, 1107.292000000]: [Multi Floor Nav] Module C: tr(??)=0.0000, C_t=0.9996 (tau=0.85), frame_ok=0
[ INFO] [1775312642.738809040, 1107.493000000]: [Multi Floor Nav] Current Robot Pose, x: 5.39, y: -0.04, yaw: 0.19
[ INFO] [1775312642.738860652, 1107.493000000]: [Multi Floor Nav] Linear Error: 0.60, Angular Error: 0.19
[ INFO] [1775312642.738904442, 1107.493000000]: [Multi Floor Nav] Module C: tr(??)=0.0001, C_t=0.9987 (tau=0.85), frame_ok=0
[ INFO] [1775312642.940135852, 1107.692000000]: [Multi Floor Nav] Current Robot Pose, x: 5.39, y: -0.04, yaw: 0.19
[ INFO] [1775312642.940181598, 1107.692000000]: [Multi Floor Nav] Linear Error: 0.60, Angular Error: 0.19
[ INFO] [1775312642.940216867, 1107.692000000]: [Multi Floor Nav] Module C: tr(??)=0.0002, C_t=0.9967 (tau=0.85), frame_ok=0
[ INFO] [1775312643.142033750, 1107.892000000]: [Multi Floor Nav] Current Robot Pose, x: 5.39, y: -0.04, yaw: 0.19
[ INFO] [1775312643.142056517, 1107.892000000]: [Multi Floor Nav] Linear Error: 0.60, Angular Error: 0.19
[ INFO] [1775312643.142068460, 1107.892000000]: [Multi Floor Nav] Module C: tr(??)=0.0002, C_t=0.9967 (tau=0.85), frame_ok=0
[ INFO] [1775312643.345123607, 1108.091000000]: [Multi Floor Nav] Current Robot Pose, x: 5.39, y: -0.04, yaw: 0.19
[ INFO] [1775312643.345152171, 1108.091000000]: [Multi Floor Nav] Linear Error: 0.60, Angular Error: 0.19
[ INFO] [1775312643.345163625, 1108.091000000]: [Multi Floor Nav] Module C: tr(??)=0.0003, C_t=0.9948 (tau=0.85), frame_ok=0
[ INFO] [1775312643.546938745, 1108.291000000]: [Multi Floor Nav] Current Robot Pose, x: 5.39, y: -0.04, yaw: 0.19
[ INFO] [1775312643.546962421, 1108.291000000]: [Multi Floor Nav] Linear Error: 0.60, Angular Error: 0.19
[ INFO] [1775312643.546976249, 1108.291000000]: [Multi Floor Nav] Module C: tr(??)=0.0002, C_t=0.9967 (tau=0.85), frame_ok=0
[ INFO] [1775312643.748887558, 1108.490000000]: [Multi Floor Nav] Current Robot Pose, x: 5.39, y: -0.04, yaw: 0.20
[ INFO] [1775312643.748910395, 1108.491000000]: [Multi Floor Nav] Linear Error: 0.60, Angular Error: 0.20
[ INFO] [1775312643.748925341, 1108.491000000]: [Multi Floor Nav] Module C: tr(??)=0.0001, C_t=0.9974 (tau=0.85), frame_ok=0
[ INFO] [1775312643.956046080, 1108.693000000]: [Multi Floor Nav] Current Robot Pose, x: 5.39, y: -0.04, yaw: 0.20
[ INFO] [1775312643.956099019, 1108.693000000]: [Multi Floor Nav] Linear Error: 0.60, Angular Error: 0.20
[ INFO] [1775312643.956133310, 1108.693000000]: [Multi Floor Nav] Module C: tr(??)=0.0001, C_t=0.9980 (tau=0.85), frame_ok=0
[ INFO] [1775312644.156961405, 1108.893000000]: [Multi Floor Nav] Current Robot Pose, x: 5.39, y: -0.04, yaw: 0.20
[ INFO] [1775312644.156980052, 1108.893000000]: [Multi Floor Nav] Linear Error: 0.60, Angular Error: 0.20
[ INFO] [1775312644.156991855, 1108.893000000]: [Multi Floor Nav] Module C: tr(??)=0.0001, C_t=0.9987 (tau=0.85), frame_ok=0
[ INFO] [1775312644.358591055, 1109.092000000]: [Multi Floor Nav] Current Robot Pose, x: 5.39, y: -0.04, yaw: 0.20
[ INFO] [1775312644.358639314, 1109.092000000]: [Multi Floor Nav] Linear Error: 0.60, Angular Error: 0.20
[ INFO] [1775312644.358667390, 1109.092000000]: [Multi Floor Nav] Module C: tr(??)=0.0001, C_t=0.9980 (tau=0.85), frame_ok=0
[ INFO] [1775312644.561594665, 1109.291000000]: [Multi Floor Nav] Current Robot Pose, x: 5.39, y: -0.04, yaw: 0.20
[ INFO] [1775312644.561615757, 1109.291000000]: [Multi Floor Nav] Linear Error: 0.60, Angular Error: 0.20
[ INFO] [1775312644.561628049, 1109.291000000]: [Multi Floor Nav] Module C: tr(??)=0.0000, C_t=0.9993 (tau=0.85), frame_ok=0
[ INFO] [1775312644.764983513, 1109.492000000]: [Multi Floor Nav] Current Robot Pose, x: 5.39, y: -0.04, yaw: 0.20
[ INFO] [1775312644.765034147, 1109.492000000]: [Multi Floor Nav] Linear Error: 0.60, Angular Error: 0.20
[ INFO] [1775312644.765062991, 1109.492000000]: [Multi Floor Nav] Module C: tr(??)=0.0000, C_t=0.9997 (tau=0.85), frame_ok=0
[ INFO] [1775312644.967093522, 1109.691000000]: [Multi Floor Nav] Current Robot Pose, x: 5.39, y: -0.04, yaw: 0.20
[ INFO] [1775312644.967120829, 1109.691000000]: [Multi Floor Nav] Linear Error: 0.60, Angular Error: 0.20
[ INFO] [1775312644.967139407, 1109.691000000]: [Multi Floor Nav] Module C: tr(??)=0.0000, C_t=1.0000 (tau=0.85), frame_ok=0
[ INFO] [1775312645.169104153, 1109.892000000]: [Multi Floor Nav] Current Robot Pose, x: 5.39, y: -0.04, yaw: 0.21
[ INFO] [1775312645.169123778, 1109.892000000]: [Multi Floor Nav] Linear Error: 0.60, Angular Error: 0.21
[ INFO] [1775312645.169135651, 1109.892000000]: [Multi Floor Nav] Module C: tr(??)=0.0000, C_t=1.0000 (tau=0.85), frame_ok=0
[ INFO] [1775312645.368542021, 1110.091000000]: [Multi Floor Nav] Current Robot Pose, x: 5.39, y: -0.04, yaw: 0.21
[ INFO] [1775312645.368561786, 1110.091000000]: [Multi Floor Nav] Linear Error: 0.60, Angular Error: 0.21
[ INFO] [1775312645.368574218, 1110.091000000]: [Multi Floor Nav] Module C: tr(??)=0.0000, C_t=1.0000 (tau=0.85), frame_ok=0
[ INFO] [1775312645.572532895, 1110.292000000]: [Multi Floor Nav] Current Robot Pose, x: 5.39, y: -0.04, yaw: 0.21
[ INFO] [1775312645.572560971, 1110.292000000]: [Multi Floor Nav] Linear Error: 0.60, Angular Error: 0.21
[ INFO] [1775312645.572574380, 1110.292000000]: [Multi Floor Nav] Module C: tr(??)=0.0000, C_t=1.0000 (tau=0.85), frame_ok=0
[ INFO] [1775312645.774863604, 1110.491000000]: [Multi Floor Nav] Current Robot Pose, x: 5.39, y: -0.04, yaw: 0.21
[ INFO] [1775312645.774883648, 1110.491000000]: [Multi Floor Nav] Linear Error: 0.60, Angular Error: 0.21
[ INFO] [1775312645.7748945[ WARN] [1775312647.188732739, 1111.893000000]: [Multi Floor Nav] Initial pose perturbation applied: offset_x=0.32, offset_y=0.32, offset_theta=0.20
[ WARN] [1775312647.188778833, 1111.893000000]: [Multi Floor Nav] Retry #1: sigma scaled by 1.300 ??? (0.195, 0.195, 0.130)
43, 1110.491000000]: [Multi Floor Nav] Module C: tr(??)=0.0000, C_t=1.0000 (tau=0.85), frame_ok=0
[ INFO] [1775312645.976268584, 1110.691000000]: [Multi Floor Nav] Current Robot Pose, x: 5.39, y: -0.04, yaw: 0.21
[ INFO] [1775312645.976287441, 1110.691000000]: [Multi Floor Nav] Linear Error: 0.60, Angular Error: 0.21
[ INFO] [1775312645.976300292, 1110.691000000]: [Multi Floor Nav] Module C: tr(??)=0.0000, C_t=1.0000 (tau=0.85), frame_ok=0
[ INFO] [1775312646.181298751, 1110.893000000]: [Multi Floor Nav] Current Robot Pose, x: 5.39, y: -0.04, yaw: 0.21
[ INFO] [1775312646.181344427, 1110.893000000]: [Multi Floor Nav] Linear Error: 0.60, Angular Error: 0.21
[ INFO] [1775312646.181373480, 1110.893000000]: [Multi Floor Nav] Module C: tr(??)=0.0000, C_t=1.0000 (tau=0.85), frame_ok=0
[ INFO] [1775312646.380701286, 1111.091000000]: [Multi Floor Nav] Current Robot Pose, x: 5.39, y: -0.04, yaw: 0.22
[ INFO] [1775312646.380721680, 1111.091000000]: [Multi Floor Nav] Linear Error: 0.60, Angular Error: 0.22
[ INFO] [1775312646.380733413, 1111.091000000]: [Multi Floor Nav] Module C: tr(??)=0.0000, C_t=1.0000 (tau=0.85), frame_ok=0
[ INFO] [1775312646.583498811, 1111.291000000]: [Multi Floor Nav] Current Robot Pose, x: 5.39, y: -0.04, yaw: 0.22
[ INFO] [1775312646.583517319, 1111.291000000]: [Multi Floor Nav] Linear Error: 0.60, Angular Error: 0.22
[ INFO] [1775312646.583528912, 1111.291000000]: [Multi Floor Nav] Module C: tr(??)=0.0000, C_t=1.0000 (tau=0.85), frame_ok=0
[ INFO] [1775312646.786701198, 1111.493000000]: [Multi Floor Nav] Current Robot Pose, x: 5.39, y: -0.04, yaw: 0.22
[ INFO] [1775312646.786745616, 1111.493000000]: [Multi Floor Nav] Linear Error: 0.60, Angular Error: 0.22
[ INFO] [1775312646.786775228, 1111.493000000]: [Multi Floor Nav] Module C: tr(??)=0.0000, C_t=1.0000 (tau=0.85), frame_ok=0
[ INFO] [1775312646.987298904, 1111.692000000]: [Multi Floor Nav] Current Robot Pose, x: 5.39, y: -0.04, yaw: 0.22
[ INFO] [1775312646.987342135, 1111.692000000]: [Multi Floor Nav] Linear Error: 0.60, Angular Error: 0.22
[ INFO] [1775312646.987373772, 1111.692000000]: [Multi Floor Nav] Module C: tr(??)=0.0000, C_t=1.0000 (tau=0.85), frame_ok=0
[ INFO] [1775312646.987401988, 1111.692000000]: [Multi Floor Nav] Setting initial pose failed. Will Retry (retry #1)
[ INFO] [1775312647.188761373, 1111.893000000]: [Multi Floor Nav] Adaptive sigma: offset_planar=0.453, adaptive_scale=0.226, adaptive_yaw=0.120 ??? sigma(0.150, 0.150, 0.100)
[ INFO] [1775312647.188789938, 1111.893000000]: [Multi Floor Nav] Initializing Robot at x: 5.3, y: -0.2, yaw: 0.2 (level=0, sigma: x=0.195, y=0.195, yaw=0.130, retry=1)
[ INFO] [1775312647.188802788, 1111.893000000]: [Multi Floor Nav] Initializing Pose to x: 5.00, y: -0.50 at level: 0
[ INFO] [1775312648.199027819, 1112.895000000]: [Multi Floor Nav] Waiting for AMCL nomotion updates (1.0/6.0s, L0)...
[ INFO] [1775312649.210879451, 1113.896000000]: [Multi Floor Nav] Waiting for AMCL nomotion updates (2.0/6.0s, L0)...
[ INFO] [1775312650.223494323, 1114.896000000]: [Multi Floor Nav] Waiting for AMCL nomotion updates (3.0/6.0s, L0)...
[ INFO] [1775312651.231644146, 1115.896000000]: [Multi Floor Nav] Waiting for AMCL nomotion updates (4.0/6.0s, L0)...
[ INFO] [1775312652.238525844, 1116.896000000]: [Multi Floor Nav] Waiting for AMCL nomotion updates (5.0/6.0s, L0)...
[ INFO] [1775312653.252914039, 1117.897000000]: [Multi Floor Nav] Current Robot Pose, x: 4.82, y: -0.14, yaw: 0.09
[ INFO] [1775312653.252958877, 1117.897000000]: [Multi Floor Nav] Linear Error: 0.41, Angular Error: 0.09
[ INFO] [1775312653.252987511, 1117.897000000]: [Multi Floor Nav] Module C: tr(??)=0.0021, C_t=0.9587 (tau=0.85), frame_ok=1
[ INFO] [1775312653.454902508, 1118.097000000]: [Multi Floor Nav] Current Robot Pose, x: 4.81, y: -0.14, yaw: 0.09
[ INFO] [1775312653.454923530, 1118.097000000]: [Multi Floor Nav] Linear Error: 0.41, Angular Error: 0.09
[ INFO] [1775312653.454935892, 1118.097000000]: [Multi Floor Nav] Module C: tr(??)=0.0010, C_t=0.9805 (tau=0.85), frame_ok=1
[ INFO] [1775312653.656034320, 1118.296000000]: [Multi Floor N[ WARN] [1775312712.044603650, 1176.103000000]: [Multi Floor Nav] Initial pose perturbation applied: offset_x=0.32, offset_y=0.32, offset_theta=0.20
av] Current Robot Pose, x: 4.81, y: -0.14, yaw: 0.09
[ INFO] [1775312653.656057088, 1118.296000000]: [Multi Floor Nav] Linear Error: 0.41, Angular Error: 0.09
[ INFO] [1775312653.656069101, 1118.296000000]: [Multi Floor Nav] Module C: tr(??)=0.0011, C_t=0.9777 (tau=0.85), frame_ok=1
[ INFO] [1775312653.656080415, 1118.296000000]: [Multi Floor Nav] Module C: reloc passed (consecutive 3 >= K=3)
[ INFO] [1775312653.656089005, 1118.296000000]: [Multi Floor Nav] Robot at correct pose
[ INFO] [1775312653.657377901, 1118.298000000]: [Multi Floor Nav] RELOC_PASS: linear_error=0.4059, angular_error=0.0910, linear_error_init=0.5072, angular_error_init=0.1090, tr_sigma=0.0011, C_t=0.9777
[ INFO] [1775312654.667522033, 1119.298000000]: [Multi Floor Nav] POST_PASS: dt=1.000s, linear_error=0.4059, angular_error=0.0921
[ INFO] [1775312654.667571200, 1119.298000000]: [Multi Floor Nav] Will send goal to x: 3, y: -0, at level: 0
[ INFO] [1775312654.667595993, 1119.298000000]: [Multi Floor Nav] Sending Robot to x: 3.0, y: -0.5, yaw: 3.1
[ INFO] [1775312654.872443227, 1119.498000000]: [Multi Floor Nav] POST_PASS: dt=1.200s, linear_error=0.4059, angular_error=0.0921
[ INFO] [1775312655.072796051, 1119.698000000]: [Multi Floor Nav] POST_PASS: dt=1.400s, linear_error=0.4059, angular_error=0.0921
[ INFO] [1775312655.275681277, 1119.899000000]: [Multi Floor Nav] POST_PASS: dt=1.601s, linear_error=0.3749, angular_error=0.3063
[ INFO] [1775312655.477317624, 1120.098000000]: [Multi Floor Nav] POST_PASS: dt=1.800s, linear_error=0.3293, angular_error=0.7083
[ INFO] [1775312655.679900093, 1120.298000000]: [Multi Floor Nav] POST_PASS: dt=2.000s, linear_error=0.2688, angular_error=1.1288
[ INFO] [1775312674.729857047, 1139.098000000]: [Multi Floor Nav] Requesting Lift to Level 0
[ INFO] [1775312674.930555409, 1139.298000000]: [Multi Floor Nav] Entering Lift at Level 0
[ INFO] [1775312692.259641052, 1156.498000000]: [Multi Floor Nav] Requesting Lift to Level 1
[ INFO] [1775312699.325490177, 1163.498000000]: [Multi Floor Nav] Exiting Lift at Level 1
[ INFO] [1775312712.029028337, 1176.087000000]: [Multi Floor Nav] Successfully loaded map for level: 1
[ INFO] [1775312712.044634589, 1176.103000000]: [Multi Floor Nav] Adaptive sigma: offset_planar=0.453, adaptive_scale=0.226, adaptive_yaw=0.120 ??? sigma(0.150, 0.150, 0.100)
[ INFO] [1775312712.044647160, 1176.103000000]: [Multi Floor Nav] Initializing Robot at x: 3.3, y: -0.2, yaw: 3.3 (level=1, sigma: x=0.150, y=0.150, yaw=0.100, retry=0)
[ INFO] [1775312712.044660919, 1176.103000000]: [Multi Floor Nav] Initializing Pose to x: 3.00, y: -0.50 at level: 1
[ INFO] [1775312713.057046947, 1177.104000000]: [Multi Floor Nav] Waiting for AMCL nomotion updates (1.0/6.0s, L1)...
[ INFO] [1775312714.068790473, 1178.106000000]: [Multi Floor Nav] Waiting for AMCL nomotion updates (2.0/6.0s, L1)...
[ INFO] [1775312715.286103107, 1179.306000000]: [Multi Floor Nav] Waiting for AMCL nomotion updates (3.2/6.0s, L1)...
[ INFO] [1775312716.298977120, 1180.306000000]: [Multi Floor Nav] Waiting for AMCL nomotion updates (4.2/6.0s, L1)...
[ INFO] [1775312717.309314847, 1181.306000000]: [Multi Floor Nav] Waiting for AMCL nomotion updates (5.2/6.0s, L1)...
[ INFO] [1775312718.117122243, 1182.106000000]: [Multi Floor Nav] Current Robot Pose, x: 3.50, y: -0.55, yaw: -2.84
[ INFO] [1775312718.117179302, 1182.106000000]: [Multi Floor Nav] Linear Error: 0.50, Angular Error: 0.30
[ INFO] [1775312718.117225327, 1182.106000000]: [Multi Floor Nav] Module C: tr(??)=0.0091, C_t=0.8338 (tau=0.85), frame_ok=0
[ INFO] [1775312718.317891512, 1182.305000000]: [Multi Floor Nav] Current Robot Pose, x: 3.50, y: -0.54, yaw: -2.83
[ INFO] [1775312718.317910508, 1182.305000000]: [Multi Floor Nav] Linear Error: 0.50, Angular Error: 0.31
[ INFO] [1775312718.317920565, 1182.305000000]: [Multi Floor Nav] Module C: tr(??)=0.0083, C_t=0.8475 (tau=0.85), frame_ok=0
[ INFO] [1775312718.518670139, 1182.505000000]: [Multi Floor Nav] Current Robot Pose, x: 3.49, y: -0.54, yaw: -2.83
[ INFO] [1775312718.518695351, 1182.505000000]: [Multi Floor Nav] Linear Error: 0[ WARN] [1775312733.791553331, 1197.657000000]: Clearing both costmaps outside a square (3.00m) large centered on the robot.
[ WARN] [1775312738.871694299, 1202.707000000]: Rotate recovery behavior started.
[ WARN] [1775312747.824825698, 1211.607000000]: Clearing both costmaps outside a square (3.00m) large centered on the robot.
[ WARN] [1775312752.900758526, 1216.657000000]: Rotate recovery behavior started.
[ WARN] [1775312790.656403416, 1254.158000000]: Clearing both costmaps outside a square (3.00m) large centered on the robot.
[ WARN] [1775312795.765320136, 1259.208000000]: Rotate recovery behavior started.
[ WARN] [1775312804.403459883, 1267.758000000]: Clearing both costmaps outside a square (1.84m) large centered on the robot.
[ WARN] [1775312809.492530126, 1272.808000000]: Rotate recovery behavior started.
[ERROR] [1775312818.205549946, 1281.458000000]: Aborting because a valid plan could not be found. Even after executing all recovery behaviors
.50, Angular Error: 0.32
[ INFO] [1775312718.518717351, 1182.505000000]: [Multi Floor Nav] Module C: tr(??)=0.0081, C_t=0.8506 (tau=0.85), frame_ok=1
[ INFO] [1775312718.719923888, 1182.705000000]: [Multi Floor Nav] Current Robot Pose, x: 3.49, y: -0.54, yaw: -2.82
[ INFO] [1775312718.719981576, 1182.705000000]: [Multi Floor Nav] Linear Error: 0.50, Angular Error: 0.32
[ INFO] [1775312718.720029766, 1182.705000000]: [Multi Floor Nav] Module C: tr(??)=0.0081, C_t=0.8503 (tau=0.85), frame_ok=1
[ INFO] [1775312718.920484684, 1182.905000000]: [Multi Floor Nav] Current Robot Pose, x: 3.49, y: -0.54, yaw: -2.82
[ INFO] [1775312718.920504728, 1182.905000000]: [Multi Floor Nav] Linear Error: 0.49, Angular Error: 0.32
[ INFO] [1775312718.920516671, 1182.905000000]: [Multi Floor Nav] Module C: tr(??)=0.0076, C_t=0.8583 (tau=0.85), frame_ok=1
[ INFO] [1775312718.920524912, 1182.905000000]: [Multi Floor Nav] Module C: reloc passed (consecutive 3 >= K=3)
[ INFO] [1775312718.920531128, 1182.905000000]: [Multi Floor Nav] Robot at correct pose
[ INFO] [1775312718.921723298, 1182.906000000]: [Multi Floor Nav] RELOC_PASS: linear_error=0.4949, angular_error=0.3231, linear_error_init=0.3999, angular_error_init=0.1231, tr_sigma=0.0076, C_t=0.8583
[ INFO] [1775312719.933240480, 1183.906000000]: [Multi Floor Nav] POST_PASS: dt=1.000s, linear_error=0.4941, angular_error=0.3266
[ INFO] [1775312719.933339234, 1183.906000000]: [Multi Floor Nav] Will send goal to x: 4, y: 5, at level: 1
[ INFO] [1775312719.933387842, 1183.906000000]: [Multi Floor Nav] Sending Robot to x: 4.0, y: 5.0, yaw: 0.0
[ INFO] [1775312720.135206886, 1184.106000000]: [Multi Floor Nav] POST_PASS: dt=1.200s, linear_error=0.4941, angular_error=0.3266
[ INFO] [1775312720.337886640, 1184.307000000]: [Multi Floor Nav] POST_PASS: dt=1.400s, linear_error=0.4941, angular_error=0.3266
[ INFO] [1775312720.539374573, 1184.506000000]: [Multi Floor Nav] POST_PASS: dt=1.600s, linear_error=0.3780, angular_error=0.0275
[ INFO] [1775312720.741924354, 1184.706000000]: [Multi Floor Nav] POST_PASS: dt=1.800s, linear_error=0.2662, angular_error=0.3594
[ INFO] [1775312720.943328340, 1184.906000000]: [Multi Floor Nav] POST_PASS: dt=2.000s, linear_error=0.1700, angular_error=0.7581
[ INFO] [1775312591.074775992, 1056.403000000]: global_costmap: Using plugin "static_layer"
[ INFO] [1775312591.080079769, 1056.408000000]: Requesting the map...
[ INFO] [1775312621.751226480, 1086.710000000]: Resizing costmap to 992 X 992 at 0.020000 m/pix
[ INFO] [1775312621.851734675, 1086.810000000]: Received a 992 X 992 map at 0.020000 m/pix
[ INFO] [1775312621.853717918, 1086.812000000]: global_costmap: Using plugin "obstacles_layer"
[ INFO] [1775312621.862912340, 1086.822000000]:     Subscribed to Topics: scan
[ INFO] [1775312621.881788666, 1086.840000000]: global_costmap: Using plugin "inflater_layer"
[ INFO] [1775312621.903153038, 1086.862000000]: local_costmap: Using plugin "obstacles_layer"
[ INFO] [1775312621.905409635, 1086.864000000]:     Subscribed to Topics: scan
[ INFO] [1775312621.913118213, 1086.872000000]: local_costmap: Using plugin "inflater_layer"
[ INFO] [1775312621.930346667, 1086.889000000]: Created local_planner base_local_planner/TrajectoryPlannerROS
[ INFO] [1775312621.934014239, 1086.892000000]: Sim period is set to 0.05
[ INFO] [1775312621.980593256, 1086.939000000]: Recovery behavior will clear layer 'obstacles'
[ INFO] [1775312621.987114766, 1086.945000000]: Recovery behavior will clear layer 'obstacles'
[ INFO] [1775312622.097896551, 1087.056000000]: odom received!
[WARN] [1775312840.827180, 1288.973000]: Controller Spawner error while taking down controllers: transport error completing service call: unable to receive data from sender, check sender's logs for details
[31m[controller_spawner-4] escalating to SIGTERM[0m
[31m[gazebo-2] escalating to SIGTERM[0m

auto-starting new master
[1mprocess[master]: started with pid [128738][0m
[1mROS_MASTER_URI=http://localhost:11311[0m
]2;/home/eethanhe/catkin_ws/src/robot-multi-floor-navigation/multi_floor_nav/launch/nav.launch http://localhost:11311
[1msetting /run_id to cbf4261a-3031-11f1-a0c4-b3a95fcbe21c[0m
[1mprocess[rosout-1]: started with pid [128773][0m
started core service [/rosout]
[1mprocess[gazebo-2]: started with pid [128780][0m
[1mprocess[robot_state_publisher-3]: started with pid [128783][0m
[1mprocess[controller_spawner-4]: started with pid [128786][0m
[1mprocess[ekf_localization-5]: started with pid [128787][0m
[1mprocess[twist_mux-6]: started with pid [128788][0m
[1mprocess[twist_marker_server-7]: started with pid [128790][0m
[1mprocess[urdf_spawner-8]: started with pid [128796][0m
[1mprocess[map_server0-9]: started with pid [128806][0m
[1mprocess[map_server1-10]: started with pid [128813][0m
[1mprocess[amcl-11]: started with pid [128814][0m
[1mprocess[move_base-12]: started with pid [128818][0m
[1mprocess[rviz-13]: started with pid [128824][0m
[1mprocess[change_map_node-14]: started with pid [128830][0m
[1mprocess[multi_floor_navigation_node-15]: started with pid [128842][0m
[1m[urdf_spawner-8] process has finished cleanly
log file: /home/eethanhe/.ros/log/cbf4261a-3031-11f1-a0c4-b3a95fcbe21c/urdf_spawner-8*.log[0m
[multi_floor_navigation_node-15] killing on exit
[change_map_node-14] killing on exit
[rviz-13] killing on exit
[move_base-12] killing on exit
[amcl-11] killing on exit
[map_server1-10] killing on exit
[map_server0-9] killing on exit
[twist_marker_server-7] killing on exit
[twist_mux-6] killing on exit
[ekf_localization-5] killing on exit
[controller_spawner-4] killing on exit
[robot_state_publisher-3] killing on exit
[gazebo-2] killing on exit
[rosout-1] killing on exit
[master] killing on exit
shutting down processing monitor...
... shutting down processing monitor complete
[1mdone[0m
