xacro: in-order processing became default in ROS Melodic. You can drop the option.
... logging to /home/eethanhe/.ros/log/19c4e3ba-2787-11f1-8845-1536d44dd856/roslaunch-eethanhe-Lenovo-Legion-R9000P2021H-80458.log
Checking log directory for disk usage. This may take a while.
Press Ctrl-C to interrupt
Done checking log file disk usage. Usage is <1GB.
]2;/home/eethanhe/catkin_ws/src/robot-multi-floor-navigation/multi_floor_nav/launch/nav.launch
[1mstarted roslaunch server http://eethanhe-Lenovo-Legion-R9000P2021H:42309/[0m

SUMMARY
========

PARAMETERS
 * /amcl/auto_update_noise: 0.0
 * /amcl/base_frame_id: base_link
 * /amcl/expected_laser_freq: 5.0
 * /amcl/first_map_only: False
 * /amcl/global_frame_id: map
 * /amcl/gui_publish_rate: 10.0
 * /amcl/initial_pose_a: 0.0
 * /amcl/initial_pose_x: 0.0
 * /amcl/initial_pose_y: 0.0
 * /amcl/kld_err: 0.05
 * /amcl/kld_z: 0.99
 * /amcl/laser_lambda_short: 0.1
 * /amcl/laser_likelihood_max_dist: 2.0
 * /amcl/laser_max_beams: 720
 * /amcl/laser_max_range: 30.0
 * /amcl/laser_min_range: 0.1
 * /amcl/laser_model_type: likelihood_field
 * /amcl/laser_sigma_hit: 0.2
 * /amcl/laser_z_hit: 0.5
 * /amcl/laser_z_max: 0.05
 * /amcl/laser_z_rand: 0.5
 * /amcl/laser_z_short: 0.05
 * /amcl/max_particles: 2000
 * /amcl/min_particles: 500
 * /amcl/odom_alpha1: 0.2
 * /amcl/odom_alpha2: 0.2
 * /amcl/odom_alpha3: 0.2
 * /amcl/odom_alpha4: 0.2
 * /amcl/odom_alpha5: 0.1
 * /amcl/odom_frame_id: odom
 * /amcl/odom_model_type: diff
 * /amcl/odom_update_interval: 0.1
 * /amcl/recovery_alpha_fast: 0.1
 * /amcl/recovery_alpha_slow: 0.001
 * /amcl/resample_interval: 1
 * /amcl/transform_tolerance: 1.0
 * /amcl/update_min_a: 0.3927
 * /amcl/update_min_d: 0.1
 * /amcl/use_map_topic: False
 * /ekf_localization/base_link_frame: base_link
 * /ekf_localization/frequency: 50
 * /ekf_localization/imu0: /imu/data
 * /ekf_localization/imu0_config: [False, False, Fa...
 * /ekf_localization/imu0_differential: False
 * /ekf_localization/odom0: /jackal_velocity_...
 * /ekf_localization/odom0_config: [False, False, Fa...
 * /ekf_localization/odom0_differential: False
 * /ekf_localization/odom_frame: odom
 * /ekf_localization/predict_to_current_time: True
 * /ekf_localization/world_frame: odom
 * /gazebo/enable_ros_network: True
 * /jackal_joint_publisher/publish_rate: 50
 * /jackal_joint_publisher/type: joint_state_contr...
 * /jackal_velocity_controller/angular/z/has_acceleration_limits: True
 * /jackal_velocity_controller/angular/z/has_velocity_limits: True
 * /jackal_velocity_controller/angular/z/max_acceleration: 25.0
 * /jackal_velocity_controller/angular/z/max_velocity: 4.0
 * /jackal_velocity_controller/cmd_vel_timeout: 0.25
 * /jackal_velocity_controller/enable_odom_tf: False
 * /jackal_velocity_controller/k_l: 0.1
 * /jackal_velocity_controller/k_r: 0.1
 * /jackal_velocity_controller/left_wheel: ['front_left_whee...
 * /jackal_velocity_controller/linear/x/has_acceleration_limits: True
 * /jackal_velocity_controller/linear/x/has_velocity_limits: True
 * /jackal_velocity_controller/linear/x/max_acceleration: 20.0
 * /jackal_velocity_controller/linear/x/max_velocity: 2.0
 * /jackal_velocity_controller/pose_covariance_diagonal: [0.001, 0.001, 10...
 * /jackal_velocity_controller/publish_cmd: True
 * /jackal_velocity_controller/publish_rate: 50
 * /jackal_velocity_controller/right_wheel: ['front_right_whe...
 * /jackal_velocity_controller/twist_covariance_diagonal: [0.001, 0.001, 0....
 * /jackal_velocity_controller/type: diff_drive_contro...
 * /jackal_velocity_controller/wheel_radius_multiplier: 1.0
 * /jackal_velocity_controller/wheel_separation_multiplier: 1.5
 * /move_base/NavfnROS/allow_unknown: True
 * /move_base/TrajectoryPlannerROS/acc_lim_theta: 20.0
 * /move_base/TrajectoryPlannerROS/acc_lim_x: 10.0
 * /move_base/TrajectoryPlannerROS/angular_sim_granularity: 0.02
 * /move_base/TrajectoryPlannerROS/controller_frequency: 20.0
 * /move_base/TrajectoryPlannerROS/dwa: True
 * /move_base/TrajectoryPlannerROS/escape_reset_dist: 0.1
 * /move_base/TrajectoryPlannerROS/escape_reset_theta: 0.1
 * /move_base/TrajectoryPlannerROS/escape_vel: -0.5
 * /move_base/TrajectoryPlannerROS/gdist_scale: 1.0
 * /move_base/TrajectoryPlannerROS/heading_lookahead: 0.325
 * /move_base/TrajectoryPlannerROS/heading_scoring: False
 * /move_base/TrajectoryPlannerROS/heading_scoring_timestep: 0.8
 * /move_base/TrajectoryPlannerROS/holonomic_robot: False
 * /move_base/TrajectoryPlannerROS/latch_xy_goal_tolerance: False
 * /move_base/TrajectoryPlannerROS/max_vel_theta: 1.57
 * /move_base/TrajectoryPlannerROS/max_vel_x: 0.5
 * /move_base/TrajectoryPlannerROS/meter_scoring: True
 * /move_base/TrajectoryPlannerROS/min_in_place_vel_theta: 0.314
 * /move_base/TrajectoryPlannerROS/min_vel_theta: -1.57
 * /move_base/TrajectoryPlannerROS/min_vel_x: 0.1
 * /move_base/TrajectoryPlannerROS/occdist_scale: 0.1
 * /move_base/TrajectoryPlannerROS/oscillation_reset_dist: 0.05
 * /move_base/TrajectoryPlannerROS/pdist_scale: 0.75
 * /move_base/TrajectoryPlannerROS/publish_cost_grid_pc: True
 * /move_base/TrajectoryPlannerROS/sim_granularity: 0.02
 * /move_base/TrajectoryPlannerROS/sim_time: 2.0
 * /move_base/TrajectoryPlannerROS/simple_attractor: False
 * /move_base/TrajectoryPlannerROS/vtheta_samples: 20
 * /move_base/TrajectoryPlannerROS/vx_samples: 6
 * /move_base/TrajectoryPlannerROS/xy_goal_tolerance: 0.25
 * /move_base/TrajectoryPlannerROS/yaw_goal_tolerance: 0.157
 * /move_base/base_global_planner: navfn/NavfnROS
 * /move_base/base_local_planner: base_local_planne...
 * /move_base/clearing_rotation_allowed: True
 * /move_base/controller_frequency: 20.0
 * /move_base/controller_patience: 15.0
 * /move_base/global_costmap/footprint: [[-0.21, -0.165],...
 * /move_base/global_costmap/footprint_padding: 0.1
 * /move_base/global_costmap/global_frame: map
 * /move_base/global_costmap/height: 40.0
 * /move_base/global_costmap/inflater_layer/inflation_radius: 0.3
 * /move_base/global_costmap/map_type: costmap
 * /move_base/global_costmap/meter_scoring: True
 * /move_base/global_costmap/obstacle_range: 2.5
 * /move_base/global_costmap/obstacles_layer/observation_sources: scan
 * /move_base/global_costmap/obstacles_layer/scan/clearing: True
 * /move_base/global_costmap/obstacles_layer/scan/data_type: LaserScan
 * /move_base/global_costmap/obstacles_layer/scan/marking: True
 * /move_base/global_costmap/obstacles_layer/scan/max_obstacle_height: 2.0
 * /move_base/global_costmap/obstacles_layer/scan/min_obstacle_height: -2.0
 * /move_base/global_costmap/obstacles_layer/scan/obstacle_range: 2.5
 * /move_base/global_costmap/obstacles_layer/scan/raytrace_range: 3.0
 * /move_base/global_costmap/obstacles_layer/scan/sensor_frame: front_laser
 * /move_base/global_costmap/obstacles_layer/scan/topic: front/scan
 * /move_base/global_costmap/origin_x: -20.0
 * /move_base/global_costmap/origin_y: -20.0
 * /move_base/global_costmap/origin_z: 0.0
 * /move_base/global_costmap/plugins: [{'name': 'static...
 * /move_base/global_costmap/publish_frequency: 5.0
 * /move_base/global_costmap/publish_voxel_map: False
 * /move_base/global_costmap/raytrace_range: 3.0
 * /move_base/global_costmap/resolution: 0.05
 * /move_base/global_costmap/robot_base_frame: base_link
 * /move_base/global_costmap/rolling_window: False
 * /move_base/global_costmap/static_map: True
 * /move_base/global_costmap/transform_tolerance: 0.5
 * /move_base/global_costmap/update_frequency: 20.0
 * /move_base/global_costmap/width: 40.0
 * /move_base/global_costmap/z_resolution: 1
 * /move_base/global_costmap/z_voxels: 2
 * /move_base/local_costmap/footprint: [[-0.21, -0.165],...
 * /move_base/local_costmap/footprint_padding: 0.1
 * /move_base/local_costmap/global_frame: map
 * /move_base/local_costmap/height: 10.0
 * /move_base/local_costmap/inflater_layer/inflation_radius: 0.3
 * /move_base/local_costmap/map_type: costmap
 * /move_base/local_costmap/meter_scoring: True
 * /move_base/local_costmap/obstacle_range: 2.5
 * /move_base/local_costmap/obstacles_layer/observation_sources: scan
 * /move_base/local_costmap/obstacles_layer/scan/clearing: True
 * /move_base/local_costmap/obstacles_layer/scan/data_type: LaserScan
 * /move_base/local_costmap/obstacles_layer/scan/marking: True
 * /move_base/local_costmap/obstacles_layer/scan/max_obstacle_height: 2.0
 * /move_base/local_costmap/obstacles_layer/scan/min_obstacle_height: -2.0
 * /move_base/local_costmap/obstacles_layer/scan/obstacle_range: 2.5
 * /move_base/local_costmap/obstacles_layer/scan/raytrace_range: 3.0
 * /move_base/local_costmap/obstacles_layer/scan/sensor_frame: front_laser
 * /move_base/local_costmap/obstacles_layer/scan/topic: front/scan
 * /move_base/local_costmap/origin_z: 0.0
 * /move_base/local_costmap/plugins: [{'name': 'obstac...
 * /move_base/local_costmap/publish_frequency: 5.0
 * /move_base/local_costmap/publish_voxel_map: False
 * /move_base/local_costmap/raytrace_range: 3.0
 * /move_base/local_costmap/resolution: 0.05
 * /move_base/local_costmap/robot_base_frame: base_link
 * /move_base/local_costmap/rolling_window: True
 * /move_base/local_costmap/static_map: False
 * /move_base/local_costmap/transform_tolerance: 0.5
 * /move_base/local_costmap/update_frequency: 20.0
 * /move_base/local_costmap/width: 10.0
 * /move_base/local_costmap/z_resolution: 1
 * /move_base/local_costmap/z_voxels: 2
 * /move_base/oscillation_distance: 0.5
 * /move_base/oscillation_timeout: 0.0
 * /move_base/planner_frequency: 20.0
 * /move_base/planner_patience: 5.0
 * /move_base/recovery_behavior_enabled: True
 * /move_base/shutdown_costmaps: False
 * /multi_floor_navigation_node/init_pose_offset_theta: 0.15
 * /multi_floor_navigation_node/init_pose_offset_x: 0.3
 * /multi_floor_navigation_node/init_pose_offset_y: 0.3
 * /multi_floor_navigation_node/region_init_sigma_x: 0.15
 * /multi_floor_navigation_node/region_init_sigma_y: 0.15
 * /multi_floor_navigation_node/region_init_sigma_yaw: 0.05
 * /robot_description: <?xml version="1....
 * /rosdistro: noetic
 * /rosversion: 1.17.0
 * /twist_marker_server/link_name: base_link
 * /twist_mux/locks: [{'name': 'e_stop...
 * /twist_mux/topics: [{'name': 'joy', ...
 * /use_gui: True
 * /use_sim_time: True

NODES
  /
    amcl (amcl/amcl)
    change_map_node (multi_floor_nav/change_map_node)
    controller_spawner (controller_manager/spawner)
    ekf_localization (robot_localization/ekf_localization_node)
    gazebo (gazebo_ros/gzserver)
    map_server0 (map_server/map_server)
    map_server1 (map_server/map_server)
    move_base (move_base/move_base)
    multi_floor_navigation_node (multi_floor_nav/multi_floor_navigation_node)
    robot_state_publisher (robot_state_publisher/robot_state_publisher)
    rviz (rviz/rviz)
    twist_marker_server (interactive_marker_twist_server/marker_server)
    twist_mux (twist_mux/twist_mux)
    urdf_spawner (gazebo_ros/spawn_model)
[ INFO] [1774359664.516030212]: Finished loading Gazebo ROS API Plugin.
[ INFO] [1774359664.521557133]: waitForService: Service [/gazebo/set_physics_properties] has not been advertised, waiting...
[1;33mWarning [Model.cc:216][0m Non-unique name[door] detected 2 times in XML children of model with name[elevator].
[1;33mWarning [Model.cc:309][0m Joint with name [door] in model with name [elevator] has a name collision, changing joint name to [door_joint].
[ERROR] [1774359666.302007, 0.000000]: Spawn service failed. Exiting.
[ INFO] [1774359666.203260753]: waitForService: Service [/gazebo/set_physics_properties] is now available.
[ INFO] [1774359666.307592144, 1054.804000000]: Physics dynamic reconfigure ready.
[1;33mWarning [parser_urdf.cc:1161][0m multiple inconsistent <gravity> exists due to fixed joint reduction overwriting previous value [true] with [false].
[1;33mWarning [parser_urdf.cc:1161][0m multiple inconsistent <gravity> exists due to fixed joint reduction overwriting previous value [false] with [true].
[ERROR] [1774359666.792633338, 1054.822000000]: No p gain specified for pid.  Namespace: /gazebo_ros_control/pid_gains/front_left_wheel
[ERROR] [1774359666.793154636, 1054.822000000]: No p gain specified for pid.  Namespace: /gazebo_ros_control/pid_gains/front_right_wheel
[ERROR] [1774359666.793617407, 1054.822000000]: No p gain specified for pid.  Namespace: /gazebo_ros_control/pid_gains/rear_left_wheel
[ERROR] [1774359666.794088280, 1054.822000000]: No p gain specified for pid.  Namespace: /gazebo_ros_control/pid_gains/rear_right_wheel
[ WARN] [1774359666.840361956, 1054.823000000]: Failed to meet update rate! Took 1054.8230000000000928
[ WARN] [1774359666.841416985, 1054.824000000]: Failed to meet update rate! Took 1054.8040000000000873
[ WARN] [1774359667.095430066]: Interactive marker 'robot_twist_marker' contains unnormalized quaternions. This warning will only be output once but may be true for others; enable DEBUG messages for ros.rviz.quaternions to see more details.
[ WARN] [1774359667.561020421, 1055.537000000]: Timed out waiting for transform from base_link to map to become available before running costmap, tf error: Lookup would require extrapolation 0.538000000s into the past.  Requested time 1055.524000000 but the earliest data is at time 1056.062000000, when looking up transform from frame [base_link] to frame [map]. canTransform returned after 1055.54 timeout was 0.1.
[ WARN] [1774359668.092132891, 1056.066000000]: global_costmap: Pre-Hydro parameter "static_map" unused since "plugins" is provided
[ WARN] [1774359668.092401991, 1056.066000000]: global_costmap: Pre-Hydro parameter "map_type" unused since "plugins" is provided
[ WARN] [1774359699.201960734, 1086.962000000]: [Multi Floor Nav] Initial pose perturbation applied: offset_x=0.30, offset_y=0.30, offset_theta=0.15
[ WARN] [1774359699.248993240, 1087.010000000]: local_costmap: Pre-Hydro parameter "static_map" unused since "plugins" is provided
[ WARN] [1774359699.249300055, 1087.010000000]: local_costmap: Pre-Hydro parameter "map_type" unused since "plugins" is provided
[ WARN] [1774359699.284141137, 1087.045000000]: Parameter pdist_scale is deprecated. Please use the name path_distance_bias instead.
[ WARN] [1774359699.284818182, 1087.046000000]: Parameter gdist_scale is deprecated. Please use the name goal_distance_bias instead.
[ WARN] [1774359781.590338467, 1168.371000000]: [Multi Floor Nav] Initial pose perturbation applied: offset_x=0.30, offset_y=0.30, offset_theta=0.15
[ WARN] [1774359784.843043357, 1171.577000000]: [Multi Floor Nav] Initial pose perturbation applied: offset_x=0.30, offset_y=0.30, offset_theta=0.15
[ INFO] [1774359699.064371642, 1086.827000000]: [Multi Floor Nav] Successfully loaded map for level: 0
[ INFO] [1774359699.203475181, 1086.964000000]: [Multi Floor Nav] Initializing Robot at x: 4.3, y: -4.7, yaw: 0.1 (region sigma: x=0.15, y=0.15, yaw=0.05)
[ INFO] [1774359699.203560109, 1086.964000000]: [Multi Floor Nav] Initializing Pose to x: 4.00, y: -5.00 at level: 0
[ INFO] [1774359700.217112310, 1087.967000000]: [Multi Floor Nav] Waiting for AMCL nomotion updates (1.0/3.0s)...
[ INFO] [1774359701.228530708, 1088.967000000]: [Multi Floor Nav] Waiting for AMCL nomotion updates (2.0/3.0s)...
[ INFO] [1774359702.232075224, 1089.966000000]: [Multi Floor Nav] Current Robot Pose, x: 4.17, y: -4.81, yaw: 0.13
[ INFO] [1774359702.232096386, 1089.966000000]: [Multi Floor Nav] Linear Error: 0.25, Angular Error: 0.13
[ INFO] [1774359702.232105745, 1089.966000000]: [Multi Floor Nav] Robot at correct pose
[ INFO] [1774359702.232116361, 1089.966000000]: [Multi Floor Nav] RELOC_PASS: linear_error=0.2539, angular_error=0.1287, tr_sigma=0.0205, C_t=0.9797
[ INFO] [1774359703.246952183, 1090.966000000]: [Multi Floor Nav] POST_PASS: dt=1.000s, linear_error=0.2478, angular_error=0.1264
[ INFO] [1774359703.247001351, 1090.966000000]: [Multi Floor Nav] Will send goal to x: 3, y: -0, at level: 0
[ INFO] [1774359703.247028939, 1090.966000000]: [Multi Floor Nav] Sending Robot to x: 3.0, y: -0.5, yaw: 3.1
[ INFO] [1774359703.449574985, 1091.166000000]: [Multi Floor Nav] POST_PASS: dt=1.200s, linear_error=0.2478, angular_error=0.1264
[ INFO] [1774359703.650826307, 1091.366000000]: [Multi Floor Nav] POST_PASS: dt=1.400s, linear_error=0.3189, angular_error=0.2547
[ INFO] [1774359703.852435568, 1091.566000000]: [Multi Floor Nav] POST_PASS: dt=1.600s, linear_error=0.4217, angular_error=0.4094
[ INFO] [1774359704.054036866, 1091.766000000]: [Multi Floor Nav] POST_PASS: dt=1.800s, linear_error=0.4217, angular_error=0.4094
[ INFO] [1774359704.256008884, 1091.966000000]: [Multi Floor Nav] POST_PASS: dt=2.000s, linear_error=0.5194, angular_error=0.7241
[ INFO] [1774359744.144114362, 1131.366000000]: [Multi Floor Nav] Requesting Lift to Level 0
[ INFO] [1774359744.347057668, 1131.566000000]: [Multi Floor Nav] Entering Lift at Level 0
[ INFO] [1774359761.744821446, 1148.766000000]: [Multi Floor Nav] Requesting Lift to Level 1
[ INFO] [1774359768.834549789, 1155.766000000]: [Multi Floor Nav] Exiting Lift at Level 1
[ INFO] [1774359781.444317389, 1168.226000000]: [Multi Floor Nav] Successfully loaded map for level: 1
[ INFO] [1774359781.592244097, 1168.373000000]: [Multi Floor Nav] Initializing Robot at x: 3.3, y: -0.2, yaw: 3.3 (region sigma: x=0.15, y=0.15, yaw=0.05)
[ INFO] [1774359781.592271685, 1168.373000000]: [Multi Floor Nav] Initializing Pose to x: 3.00, y: -0.50 at level: 1
[ INFO] [1774359782.610314566, 1169.376000000]: [Multi Floor Nav] Waiting for AMCL nomotion updates (1.0/3.0s)...
[ INFO] [1774359783.625443862, 1170.377000000]: [Multi Floor Nav] Waiting for AMCL nomotion updates (2.0/3.0s)...
[ INFO] [1774359784.638122344, 1171.375000000]: [Multi Floor Nav] Current Robot Pose, x: 3.43, y: -0.20, yaw: -2.97
[ INFO] [1774359784.638164249, 1171.375000000]: [Multi Floor Nav] Linear Error: 0.52, Angular Error: 0.17
[ INFO] [1774359784.638191906, 1171.375000000]: [Multi Floor Nav] Setting initial pose failed. Will Retry
[ INFO] [1774359784.845924606, 1171.580000000]: [Multi Floor Nav] Initializing Robot at x: 3.3, y: -0.2, yaw: 3.3 (region sigma: x=0.15, y=0.15, yaw=0.05)
[ INFO] [1774359784.845952822, 1171.580000000]: [Multi Floor Nav] Initializing Pose to x: 3.00, y: -0.50 at level: 1
[ INFO] [1774359785.863568063, 1172.584000000]: [Multi Floor Nav] Waiting for AMCL nomotion updates (1.0/3.0s)...
[ INFO] [1774359787.079732660, 1173.784000000]: [Multi Floor Nav] Waiting for AMCL nomotion updates (2.2/3.0s)...
[ INFO] [1774359787.888009262, 1174.583000000]: [Multi Floor Nav] Current Robot Pose, x: 3.40, y: -0.22, yaw: -2.96
[ INFO] [1774359787.888073167, 1174.583000000]: [Multi Floor Nav] Linear Error: 0.49, Angular Error: 0.18
[ INFO] [17743597[ WARN] [1774359802.482202688, 1189.033000000]: Clearing both costmaps outside a square (3.00m) large centered on the robot.
[ WARN] [1774359807.591408097, 1194.084000000]: Rotate recovery behavior started.
[ERROR] [1774359809.663199582, 1196.134000000]: Rotate recovery can't rotate in place because there is a potential collision. Cost: -1.00
[ WARN] [1774359814.778336017, 1201.184000000]: Clearing both costmaps outside a square (1.84m) large centered on the robot.
[ WARN] [1774359819.898823162, 1206.234000000]: Rotate recovery behavior started.
[ERROR] [1774359819.898890699, 1206.234000000]: Rotate recovery can't rotate in place because there is a potential collision. Cost: -1.00
[ERROR] [1774359825.017990789, 1211.284000000]: Aborting because a valid plan could not be found. Even after executing all recovery behaviors
87.888097472, 1174.583000000]: [Multi Floor Nav] Robot at correct pose
[ INFO] [1774359787.888163123, 1174.583000000]: [Multi Floor Nav] RELOC_PASS: linear_error=0.4914, angular_error=0.1801, tr_sigma=0.0291, C_t=0.9713
[ INFO] [1774359788.901706035, 1175.583000000]: [Multi Floor Nav] POST_PASS: dt=1.000s, linear_error=0.4957, angular_error=0.1779
[ INFO] [1774359788.901753877, 1175.583000000]: [Multi Floor Nav] Will send goal to x: 4, y: 5, at level: 1
[ INFO] [1774359788.901779160, 1175.583000000]: [Multi Floor Nav] Sending Robot to x: 4.0, y: 5.0, yaw: 0.0
[ INFO] [1774359789.104699558, 1175.783000000]: [Multi Floor Nav] POST_PASS: dt=1.200s, linear_error=0.4957, angular_error=0.1779
[ INFO] [1774359789.306610465, 1175.983000000]: [Multi Floor Nav] POST_PASS: dt=1.400s, linear_error=0.4957, angular_error=0.1779
[ INFO] [1774359789.508330773, 1176.183000000]: [Multi Floor Nav] POST_PASS: dt=1.600s, linear_error=0.4157, angular_error=0.0298
[ INFO] [1774359789.711047793, 1176.384000000]: [Multi Floor Nav] POST_PASS: dt=1.801s, linear_error=0.3388, angular_error=0.1200
[ INFO] [1774359789.911596018, 1176.583000000]: [Multi Floor Nav] POST_PASS: dt=2.000s, linear_error=0.3202, angular_error=0.3912
[ INFO] [1774359668.092902686, 1056.067000000]: global_costmap: Using plugin "static_layer"
[ INFO] [1774359668.097379468, 1056.071000000]: Requesting the map...
[ INFO] [1774359699.114145225, 1086.874000000]: Resizing costmap to 992 X 992 at 0.020000 m/pix
[ INFO] [1774359699.212997885, 1086.974000000]: Received a 992 X 992 map at 0.020000 m/pix
[ INFO] [1774359699.214694340, 1086.975000000]: global_costmap: Using plugin "obstacles_layer"
[ INFO] [1774359699.217658071, 1086.978000000]:     Subscribed to Topics: scan
[ INFO] [1774359699.229260311, 1086.990000000]: global_costmap: Using plugin "inflater_layer"
[ INFO] [1774359699.250039539, 1087.011000000]: local_costmap: Using plugin "obstacles_layer"
[ INFO] [1774359699.252266161, 1087.013000000]:     Subscribed to Topics: scan
[ INFO] [1774359699.260094925, 1087.021000000]: local_costmap: Using plugin "inflater_layer"
[ INFO] [1774359699.277046759, 1087.038000000]: Created local_planner base_local_planner/TrajectoryPlannerROS
[ INFO] [1774359699.281547077, 1087.042000000]: Sim period is set to 0.05
[ INFO] [1774359699.328512605, 1087.090000000]: Recovery behavior will clear layer 'obstacles'
[ INFO] [1774359699.331989953, 1087.093000000]: Recovery behavior will clear layer 'obstacles'
[ INFO] [1774359699.423966699, 1087.185000000]: odom received!
[WARN] [1774359918.175684, 1288.317000]: Controller Spawner error while taking down controllers: transport error completing service call: unable to receive data from sender, check sender's logs for details
[31m[urdf_spawner-8] process has died [pid 80598, exit code 1, cmd /opt/ros/noetic/lib/gazebo_ros/spawn_model -urdf -model jackal -param robot_description -x 4.0 -y -5.0 -z 0.5 __name:=urdf_spawner __log:=/home/eethanhe/.ros/log/19c4e3ba-2787-11f1-8845-1536d44dd856/urdf_spawner-8.log].
log file: /home/eethanhe/.ros/log/19c4e3ba-2787-11f1-8845-1536d44dd856/urdf_spawner-8*.log[0m
[31m[controller_spawner-4] escalating to SIGTERM[0m
[31m[gazebo-2] escalating to SIGTERM[0m

auto-starting new master
[1mprocess[master]: started with pid [80535][0m
[1mROS_MASTER_URI=http://localhost:11311[0m
]2;/home/eethanhe/catkin_ws/src/robot-multi-floor-navigation/multi_floor_nav/launch/nav.launch http://localhost:11311
[1msetting /run_id to 19c4e3ba-2787-11f1-8845-1536d44dd856[0m
[1mprocess[rosout-1]: started with pid [80560][0m
started core service [/rosout]
[1mprocess[gazebo-2]: started with pid [80578][0m
[1mprocess[robot_state_publisher-3]: started with pid [80582][0m
[1mprocess[controller_spawner-4]: started with pid [80584][0m
[1mprocess[ekf_localization-5]: started with pid [80585][0m
[1mprocess[twist_mux-6]: started with pid [80587][0m
[1mprocess[twist_marker_server-7]: started with pid [80592][0m
[1mprocess[urdf_spawner-8]: started with pid [80598][0m
[1mprocess[map_server0-9]: started with pid [80604][0m
[1mprocess[map_server1-10]: started with pid [80608][0m
[1mprocess[amcl-11]: started with pid [80612][0m
[1mprocess[move_base-12]: started with pid [80615][0m
[1mprocess[rviz-13]: started with pid [80621][0m
[1mprocess[change_map_node-14]: started with pid [80631][0m
[1mprocess[multi_floor_navigation_node-15]: started with pid [80636][0m
[multi_floor_navigation_node-15] killing on exit
[change_map_node-14] killing on exit
[rviz-13] killing on exit
[move_base-12] killing on exit
[amcl-11] killing on exit
[map_server1-10] killing on exit
[map_server0-9] killing on exit
[twist_marker_server-7] killing on exit
[twist_mux-6] killing on exit
[ekf_localization-5] killing on exit
[controller_spawner-4] killing on exit
[robot_state_publisher-3] killing on exit
[gazebo-2] killing on exit
[rosout-1] killing on exit
[master] killing on exit
shutting down processing monitor...
... shutting down processing monitor complete
[1mdone[0m
