xacro: in-order processing became default in ROS Melodic. You can drop the option.
... logging to /home/eethanhe/.ros/log/e457fa00-2790-11f1-8845-1536d44dd856/roslaunch-eethanhe-Lenovo-Legion-R9000P2021H-159255.log
Checking log directory for disk usage. This may take a while.
Press Ctrl-C to interrupt
Done checking log file disk usage. Usage is <1GB.
]2;/home/eethanhe/catkin_ws/src/robot-multi-floor-navigation/multi_floor_nav/launch/nav.launch
[1mstarted roslaunch server http://eethanhe-Lenovo-Legion-R9000P2021H:39043/[0m

SUMMARY
========

PARAMETERS
 * /amcl/auto_update_noise: 0.0
 * /amcl/base_frame_id: base_link
 * /amcl/expected_laser_freq: 5.0
 * /amcl/first_map_only: False
 * /amcl/global_frame_id: map
 * /amcl/gui_publish_rate: 10.0
 * /amcl/initial_pose_a: 0.0
 * /amcl/initial_pose_x: 0.0
 * /amcl/initial_pose_y: 0.0
 * /amcl/kld_err: 0.05
 * /amcl/kld_z: 0.99
 * /amcl/laser_lambda_short: 0.1
 * /amcl/laser_likelihood_max_dist: 2.0
 * /amcl/laser_max_beams: 720
 * /amcl/laser_max_range: 30.0
 * /amcl/laser_min_range: 0.1
 * /amcl/laser_model_type: likelihood_field
 * /amcl/laser_sigma_hit: 0.2
 * /amcl/laser_z_hit: 0.5
 * /amcl/laser_z_max: 0.05
 * /amcl/laser_z_rand: 0.5
 * /amcl/laser_z_short: 0.05
 * /amcl/max_particles: 2000
 * /amcl/min_particles: 500
 * /amcl/odom_alpha1: 0.2
 * /amcl/odom_alpha2: 0.2
 * /amcl/odom_alpha3: 0.2
 * /amcl/odom_alpha4: 0.2
 * /amcl/odom_alpha5: 0.1
 * /amcl/odom_frame_id: odom
 * /amcl/odom_model_type: diff
 * /amcl/odom_update_interval: 0.1
 * /amcl/recovery_alpha_fast: 0.1
 * /amcl/recovery_alpha_slow: 0.001
 * /amcl/resample_interval: 1
 * /amcl/transform_tolerance: 1.0
 * /amcl/update_min_a: 0.3927
 * /amcl/update_min_d: 0.1
 * /amcl/use_map_topic: False
 * /ekf_localization/base_link_frame: base_link
 * /ekf_localization/frequency: 50
 * /ekf_localization/imu0: /imu/data
 * /ekf_localization/imu0_config: [False, False, Fa...
 * /ekf_localization/imu0_differential: False
 * /ekf_localization/odom0: /jackal_velocity_...
 * /ekf_localization/odom0_config: [False, False, Fa...
 * /ekf_localization/odom0_differential: False
 * /ekf_localization/odom_frame: odom
 * /ekf_localization/predict_to_current_time: True
 * /ekf_localization/world_frame: odom
 * /gazebo/enable_ros_network: True
 * /jackal_joint_publisher/publish_rate: 50
 * /jackal_joint_publisher/type: joint_state_contr...
 * /jackal_velocity_controller/angular/z/has_acceleration_limits: True
 * /jackal_velocity_controller/angular/z/has_velocity_limits: True
 * /jackal_velocity_controller/angular/z/max_acceleration: 25.0
 * /jackal_velocity_controller/angular/z/max_velocity: 4.0
 * /jackal_velocity_controller/cmd_vel_timeout: 0.25
 * /jackal_velocity_controller/enable_odom_tf: False
 * /jackal_velocity_controller/k_l: 0.1
 * /jackal_velocity_controller/k_r: 0.1
 * /jackal_velocity_controller/left_wheel: ['front_left_whee...
 * /jackal_velocity_controller/linear/x/has_acceleration_limits: True
 * /jackal_velocity_controller/linear/x/has_velocity_limits: True
 * /jackal_velocity_controller/linear/x/max_acceleration: 20.0
 * /jackal_velocity_controller/linear/x/max_velocity: 2.0
 * /jackal_velocity_controller/pose_covariance_diagonal: [0.001, 0.001, 10...
 * /jackal_velocity_controller/publish_cmd: True
 * /jackal_velocity_controller/publish_rate: 50
 * /jackal_velocity_controller/right_wheel: ['front_right_whe...
 * /jackal_velocity_controller/twist_covariance_diagonal: [0.001, 0.001, 0....
 * /jackal_velocity_controller/type: diff_drive_contro...
 * /jackal_velocity_controller/wheel_radius_multiplier: 1.0
 * /jackal_velocity_controller/wheel_separation_multiplier: 1.5
 * /move_base/NavfnROS/allow_unknown: True
 * /move_base/TrajectoryPlannerROS/acc_lim_theta: 20.0
 * /move_base/TrajectoryPlannerROS/acc_lim_x: 10.0
 * /move_base/TrajectoryPlannerROS/angular_sim_granularity: 0.02
 * /move_base/TrajectoryPlannerROS/controller_frequency: 20.0
 * /move_base/TrajectoryPlannerROS/dwa: True
 * /move_base/TrajectoryPlannerROS/escape_reset_dist: 0.1
 * /move_base/TrajectoryPlannerROS/escape_reset_theta: 0.1
 * /move_base/TrajectoryPlannerROS/escape_vel: -0.5
 * /move_base/TrajectoryPlannerROS/gdist_scale: 1.0
 * /move_base/TrajectoryPlannerROS/heading_lookahead: 0.325
 * /move_base/TrajectoryPlannerROS/heading_scoring: False
 * /move_base/TrajectoryPlannerROS/heading_scoring_timestep: 0.8
 * /move_base/TrajectoryPlannerROS/holonomic_robot: False
 * /move_base/TrajectoryPlannerROS/latch_xy_goal_tolerance: False
 * /move_base/TrajectoryPlannerROS/max_vel_theta: 1.57
 * /move_base/TrajectoryPlannerROS/max_vel_x: 0.5
 * /move_base/TrajectoryPlannerROS/meter_scoring: True
 * /move_base/TrajectoryPlannerROS/min_in_place_vel_theta: 0.314
 * /move_base/TrajectoryPlannerROS/min_vel_theta: -1.57
 * /move_base/TrajectoryPlannerROS/min_vel_x: 0.1
 * /move_base/TrajectoryPlannerROS/occdist_scale: 0.1
 * /move_base/TrajectoryPlannerROS/oscillation_reset_dist: 0.05
 * /move_base/TrajectoryPlannerROS/pdist_scale: 0.75
 * /move_base/TrajectoryPlannerROS/publish_cost_grid_pc: True
 * /move_base/TrajectoryPlannerROS/sim_granularity: 0.02
 * /move_base/TrajectoryPlannerROS/sim_time: 2.0
 * /move_base/TrajectoryPlannerROS/simple_attractor: False
 * /move_base/TrajectoryPlannerROS/vtheta_samples: 20
 * /move_base/TrajectoryPlannerROS/vx_samples: 6
 * /move_base/TrajectoryPlannerROS/xy_goal_tolerance: 0.25
 * /move_base/TrajectoryPlannerROS/yaw_goal_tolerance: 0.157
 * /move_base/base_global_planner: navfn/NavfnROS
 * /move_base/base_local_planner: base_local_planne...
 * /move_base/clearing_rotation_allowed: True
 * /move_base/controller_frequency: 20.0
 * /move_base/controller_patience: 15.0
 * /move_base/global_costmap/footprint: [[-0.21, -0.165],...
 * /move_base/global_costmap/footprint_padding: 0.1
 * /move_base/global_costmap/global_frame: map
 * /move_base/global_costmap/height: 40.0
 * /move_base/global_costmap/inflater_layer/inflation_radius: 0.3
 * /move_base/global_costmap/map_type: costmap
 * /move_base/global_costmap/meter_scoring: True
 * /move_base/global_costmap/obstacle_range: 2.5
 * /move_base/global_costmap/obstacles_layer/observation_sources: scan
 * /move_base/global_costmap/obstacles_layer/scan/clearing: True
 * /move_base/global_costmap/obstacles_layer/scan/data_type: LaserScan
 * /move_base/global_costmap/obstacles_layer/scan/marking: True
 * /move_base/global_costmap/obstacles_layer/scan/max_obstacle_height: 2.0
 * /move_base/global_costmap/obstacles_layer/scan/min_obstacle_height: -2.0
 * /move_base/global_costmap/obstacles_layer/scan/obstacle_range: 2.5
 * /move_base/global_costmap/obstacles_layer/scan/raytrace_range: 3.0
 * /move_base/global_costmap/obstacles_layer/scan/sensor_frame: front_laser
 * /move_base/global_costmap/obstacles_layer/scan/topic: front/scan
 * /move_base/global_costmap/origin_x: -20.0
 * /move_base/global_costmap/origin_y: -20.0
 * /move_base/global_costmap/origin_z: 0.0
 * /move_base/global_costmap/plugins: [{'name': 'static...
 * /move_base/global_costmap/publish_frequency: 5.0
 * /move_base/global_costmap/publish_voxel_map: False
 * /move_base/global_costmap/raytrace_range: 3.0
 * /move_base/global_costmap/resolution: 0.05
 * /move_base/global_costmap/robot_base_frame: base_link
 * /move_base/global_costmap/rolling_window: False
 * /move_base/global_costmap/static_map: True
 * /move_base/global_costmap/transform_tolerance: 0.5
 * /move_base/global_costmap/update_frequency: 20.0
 * /move_base/global_costmap/width: 40.0
 * /move_base/global_costmap/z_resolution: 1
 * /move_base/global_costmap/z_voxels: 2
 * /move_base/local_costmap/footprint: [[-0.21, -0.165],...
 * /move_base/local_costmap/footprint_padding: 0.1
 * /move_base/local_costmap/global_frame: map
 * /move_base/local_costmap/height: 10.0
 * /move_base/local_costmap/inflater_layer/inflation_radius: 0.3
 * /move_base/local_costmap/map_type: costmap
 * /move_base/local_costmap/meter_scoring: True
 * /move_base/local_costmap/obstacle_range: 2.5
 * /move_base/local_costmap/obstacles_layer/observation_sources: scan
 * /move_base/local_costmap/obstacles_layer/scan/clearing: True
 * /move_base/local_costmap/obstacles_layer/scan/data_type: LaserScan
 * /move_base/local_costmap/obstacles_layer/scan/marking: True
 * /move_base/local_costmap/obstacles_layer/scan/max_obstacle_height: 2.0
 * /move_base/local_costmap/obstacles_layer/scan/min_obstacle_height: -2.0
 * /move_base/local_costmap/obstacles_layer/scan/obstacle_range: 2.5
 * /move_base/local_costmap/obstacles_layer/scan/raytrace_range: 3.0
 * /move_base/local_costmap/obstacles_layer/scan/sensor_frame: front_laser
 * /move_base/local_costmap/obstacles_layer/scan/topic: front/scan
 * /move_base/local_costmap/origin_z: 0.0
 * /move_base/local_costmap/plugins: [{'name': 'obstac...
 * /move_base/local_costmap/publish_frequency: 5.0
 * /move_base/local_costmap/publish_voxel_map: False
 * /move_base/local_costmap/raytrace_range: 3.0
 * /move_base/local_costmap/resolution: 0.05
 * /move_base/local_costmap/robot_base_frame: base_link
 * /move_base/local_costmap/rolling_window: True
 * /move_base/local_costmap/static_map: False
 * /move_base/local_costmap/transform_tolerance: 0.5
 * /move_base/local_costmap/update_frequency: 20.0
 * /move_base/local_costmap/width: 10.0
 * /move_base/local_costmap/z_resolution: 1
 * /move_base/local_costmap/z_voxels: 2
 * /move_base/oscillation_distance: 0.5
 * /move_base/oscillation_timeout: 0.0
 * /move_base/planner_frequency: 20.0
 * /move_base/planner_patience: 5.0
 * /move_base/recovery_behavior_enabled: True
 * /move_base/shutdown_costmaps: False
 * /multi_floor_navigation_node/init_pose_offset_theta: 0.15
 * /multi_floor_navigation_node/init_pose_offset_x: 0.3
 * /multi_floor_navigation_node/init_pose_offset_y: 0.3
 * /multi_floor_navigation_node/region_init_sigma_x: 0.15
 * /multi_floor_navigation_node/region_init_sigma_y: 0.15
 * /multi_floor_navigation_node/region_init_sigma_yaw: 0.05
 * /robot_description: <?xml version="1....
 * /rosdistro: noetic
 * /rosversion: 1.17.0
 * /twist_marker_server/link_name: base_link
 * /twist_mux/locks: [{'name': 'e_stop...
 * /twist_mux/topics: [{'name': 'joy', ...
 * /use_gui: True
 * /use_sim_time: True

NODES
  /
    amcl (amcl/amcl)
    change_map_node (multi_floor_nav/change_map_node)
    controller_spawner (controller_manager/spawner)
    ekf_localization (robot_localization/ekf_localization_node)
    gazebo (gazebo_ros/gzserver)
    map_server0 (map_server/map_server)
    map_server1 (map_server/map_server)
    move_base (move_base/move_base)
    multi_floor_navigation_node (multi_floor_nav/multi_floor_navigation_node)
    robot_state_publisher (robot_state_publisher/robot_state_publisher)
    rviz (rviz/rviz)
    twist_marker_server (interactive_marker_twist_server/marker_server)
    twist_mux (twist_mux/twist_mux)
    urdf_spawner (gazebo_ros/spawn_model)
[ INFO] [1774363869.767838893]: Finished loading Gazebo ROS API Plugin.
[ INFO] [1774363869.768681143]: waitForService: Service [/gazebo/set_physics_properties] has not been advertised, waiting...
[1;33mWarning [Model.cc:216][0m Non-unique name[door] detected 2 times in XML children of model with name[elevator].
[1;33mWarning [Model.cc:309][0m Joint with name [door] in model with name [elevator] has a name collision, changing joint name to [door_joint].
[ INFO] [1774363871.569983886]: waitForService: Service [/gazebo/set_physics_properties] is now available.
[ INFO] [1774363871.586663099]: Physics dynamic reconfigure ready.
[1;33mWarning [parser_urdf.cc:1161][0m multiple inconsistent <gravity> exists due to fixed joint reduction overwriting previous value [true] with [false].
[1;33mWarning [parser_urdf.cc:1161][0m multiple inconsistent <gravity> exists due to fixed joint reduction overwriting previous value [false] with [true].
[ERROR] [1774363872.347408027, 1055.088000000]: No p gain specified for pid.  Namespace: /gazebo_ros_control/pid_gains/front_left_wheel
[ERROR] [1774363872.347901296, 1055.088000000]: No p gain specified for pid.  Namespace: /gazebo_ros_control/pid_gains/front_right_wheel
[ERROR] [1774363872.348303634, 1055.088000000]: No p gain specified for pid.  Namespace: /gazebo_ros_control/pid_gains/rear_left_wheel
[ERROR] [1774363872.348693053, 1055.088000000]: No p gain specified for pid.  Namespace: /gazebo_ros_control/pid_gains/rear_right_wheel
[ WARN] [1774363872.395189471, 1055.089000000]: Failed to meet update rate! Took 1055.0889999999999418
[ WARN] [1774363872.396099395, 1055.090000000]: Timed out waiting for transform from base_link to map to become available before running costmap, tf error: canTransform: target_frame map does not exist. canTransform: source_frame base_link does not exist.. canTransform returned after 1055.09 timeout was 0.1.
[ WARN] [1774363872.396451380, 1055.090000000]: Failed to meet update rate! Took 1055.0699999999999363
[ WARN] [1774363872.740135401]: Interactive marker 'robot_twist_marker' contains unnormalized quaternions. This warning will only be output once but may be true for others; enable DEBUG messages for ros.rviz.quaternions to see more details.
[ WARN] [1774363873.750121061, 1056.432000000]: global_costmap: Pre-Hydro parameter "static_map" unused since "plugins" is provided
[ WARN] [1774363873.750836346, 1056.432000000]: global_costmap: Pre-Hydro parameter "map_type" unused since "plugins" is provided
[ WARN] [1774363904.555797319, 1086.976000000]: [Multi Floor Nav] Initial pose perturbation applied: offset_x=0.30, offset_y=0.30, offset_theta=0.15
[ WARN] [1774363904.668633661, 1087.089000000]: local_costmap: Pre-Hydro parameter "static_map" unused since "plugins" is provided
[ WARN] [1774363904.668888432, 1087.089000000]: local_costmap: Pre-Hydro parameter "map_type" unused since "plugins" is provided
[ WARN] [1774363904.703532036, 1087.124000000]: Parameter pdist_scale is deprecated. Please use the name path_distance_bias instead.
[ WARN] [1774363904.704222250, 1087.125000000]: Parameter gdist_scale is deprecated. Please use the name goal_distance_bias instead.
[ WARN] [1774363966.265322394, 1147.986000000]: [Multi Floor Nav] Initial pose perturbation applied: offset_x=0.30, offset_y=0.30, offset_theta=0.15
[ INFO] [1774363904.472421935, 1086.893000000]: [Multi Floor Nav] Successfully loaded map for level: 0
[ INFO] [1774363904.557963081, 1086.979000000]: [Multi Floor Nav] Initializing Robot at x: 4.3, y: -4.7, yaw: 0.1 (region sigma: x=0.15, y=0.15, yaw=0.05)
[ INFO] [1774363904.558006032, 1086.979000000]: [Multi Floor Nav] Initializing Pose to x: 4.00, y: -5.00 at level: 0
[ INFO] [1774363905.568740688, 1087.982000000]: [Multi Floor Nav] Waiting for AMCL nomotion updates (1.0/3.0s)...
[ INFO] [1774363906.578044422, 1088.983000000]: [Multi Floor Nav] Waiting for AMCL nomotion updates (2.0/3.0s)...
[ INFO] [1774363907.582422515, 1089.981000000]: [Multi Floor Nav] Current Robot Pose, x: 4.18, y: -4.80, yaw: 0.14
[ INFO] [1774363907.582453523, 1089.981000000]: [Multi Floor Nav] Linear Error: 0.27, Angular Error: 0.14
[ INFO] [1774363907.582468888, 1089.981000000]: [Multi Floor Nav] Robot at correct pose
[ INFO] [1774363907.582491655, 1089.981000000]: [Multi Floor Nav] RELOC_PASS: linear_error=0.2700, angular_error=0.1362, tr_sigma=0.0210, C_t=0.9792
[ INFO] [1774363908.591231372, 1090.981000000]: [Multi Floor Nav] POST_PASS: dt=1.000s, linear_error=0.2578, angular_error=0.1319
[ INFO] [1774363908.591254629, 1090.981000000]: [Multi Floor Nav] Will send goal to x: 3, y: -0, at level: 0
[ INFO] [1774363908.591265174, 1090.981000000]: [Multi Floor Nav] Sending Robot to x: 3.0, y: -0.5, yaw: 3.1
[ INFO] [1774363908.793754948, 1091.181000000]: [Multi Floor Nav] POST_PASS: dt=1.200s, linear_error=0.2578, angular_error=0.1319
[ INFO] [1774363908.996373994, 1091.381000000]: [Multi Floor Nav] POST_PASS: dt=1.400s, linear_error=0.3312, angular_error=0.2656
[ INFO] [1774363909.198027325, 1091.581000000]: [Multi Floor Nav] POST_PASS: dt=1.600s, linear_error=0.4296, angular_error=0.4178
[ INFO] [1774363909.398259861, 1091.781000000]: [Multi Floor Nav] POST_PASS: dt=1.800s, linear_error=0.4296, angular_error=0.4178
[ INFO] [1774363909.601980274, 1091.981000000]: [Multi Floor Nav] POST_PASS: dt=2.000s, linear_error=0.5281, angular_error=0.7052
[ INFO] [1774363928.779672977, 1110.982000000]: [Multi Floor Nav] Requesting Lift to Level 0
[ INFO] [1774363928.981832958, 1111.181000000]: [Multi Floor Nav] Entering Lift at Level 0
[ INFO] [1774363946.363706320, 1128.382000000]: [Multi Floor Nav] Requesting Lift to Level 1
[ INFO] [1774363953.449336400, 1135.382000000]: [Multi Floor Nav] Exiting Lift at Level 1
[ INFO] [1774363966.168432960, 1147.892000000]: [Multi Floor Nav] Successfully loaded map for level: 1
[ INFO] [1774363966.268771312, 1147.990000000]: [Multi Floor Nav] Initializing Robot at x: 3.3, y: -0.2, yaw: 3.3 (region sigma: x=0.15, y=0.15, yaw=0.05)
[ INFO] [1774363966.268846738, 1147.990000000]: [Multi Floor Nav] Initializing Pose to x: 3.00, y: -0.50 at level: 1
[ INFO] [1774363967.290962009, 1148.994000000]: [Multi Floor Nav] Waiting for AMCL nomotion updates (1.0/3.0s)...
[ INFO] [1774363968.507064344, 1150.194000000]: [Multi Floor Nav] Waiting for AMCL nomotion updates (2.2/3.0s)...
[ INFO] [1774363969.320419023, 1150.992000000]: [Multi Floor Nav] Current Robot Pose, x: 3.40, y: -0.51, yaw: -3.09
[ INFO] [1774363969.320439765, 1150.992000000]: [Multi Floor Nav] Linear Error: 0.40, Angular Error: 0.05
[ INFO] [1774363969.320448355, 1150.992000000]: [Multi Floor Nav] Robot at correct pose
[ INFO] [1774363969.320461275, 1150.992000000]: [Multi Floor Nav] RELOC_PASS: linear_error=0.3999, angular_error=0.0505, tr_sigma=0.0241, C_t=0.9762
[ INFO] [1774363970.336038196, 1151.993000000]: [Multi Floor Nav] POST_PASS: dt=1.000s, linear_error=0.3922, angular_error=0.0466
[ INFO] [1774363970.336061522, 1151.993000000]: [Multi Floor Nav] Will send goal to x: 4, y: 5, at level: 1
[ INFO] [1774363970.336072487, 1151.993000000]: [Multi Floor Nav] Sending Robot to x: 4.0, y: 5.0, yaw: 0.0
[ INFO] [1774363970.538770997, 1152.192000000]: [Multi Floor Nav] POST_PASS: dt=1.200s, linear_error=0.3922, angular_error=0.0466
[ INFO] [1774363970.742582807, 1152.392000000]: [Multi Floor Nav] POST_PASS: dt=1.400s, linear_error=0.3922, angular_error=0.0466
[ INFO] [1774363970.944012904, 1152.592000000]: [Multi Floor Nav] POST_PASS: dt=1.600s, linear_error=0.2779, angular_error=0.1979
[ INFO] [1774363971.147701387, 1152.793000000]: [Multi Floor Nav] POST_PASS: dt=1.801s, linear_error=0.1663, angular_error=0.5757
[ INFO] [1774363971.350559908, 1152.992000000]: [Multi Floor Nav] POST_PASS: dt=2.000s, linear_error=0.1680, angular_error=0.9829
[ INFO] [1774363994.120128542, 1175.392000000]: [Multi Floor Nav] Robot arrived at Goal
[ INFO] [1774363873.752878559, 1056.434000000]: global_costmap: Using plugin "static_layer"
[ INFO] [1774363873.758763348, 1056.441000000]: Requesting the map...
[ INFO] [1774363904.521986678, 1086.943000000]: Resizing costmap to 992 X 992 at 0.020000 m/pix
[ INFO] [1774363904.621419263, 1087.042000000]: Received a 992 X 992 map at 0.020000 m/pix
[ INFO] [1774363904.623624554, 1087.044000000]: global_costmap: Using plugin "obstacles_layer"
[ INFO] [1774363904.626955991, 1087.048000000]:     Subscribed to Topics: scan
[ INFO] [1774363904.641855898, 1087.062000000]: global_costmap: Using plugin "inflater_layer"
[ INFO] [1774363904.669386590, 1087.090000000]: local_costmap: Using plugin "obstacles_layer"
[ INFO] [1774363904.671790012, 1087.092000000]:     Subscribed to Topics: scan
[ INFO] [1774363904.680486723, 1087.101000000]: local_costmap: Using plugin "inflater_layer"
[ INFO] [1774363904.697372070, 1087.118000000]: Created local_planner base_local_planner/TrajectoryPlannerROS
[ INFO] [1774363904.701466213, 1087.122000000]: Sim period is set to 0.05
[ INFO] [1774363904.806199262, 1087.225000000]: Recovery behavior will clear layer 'obstacles'
[ INFO] [1774363904.810786325, 1087.230000000]: Recovery behavior will clear layer 'obstacles'
[ INFO] [1774363904.954084621, 1087.371000000]: odom received!
[WARN] [1774364123.473690, 1286.344000]: Controller Spawner error while taking down controllers: transport error completing service call: unable to receive data from sender, check sender's logs for details
[31m[gazebo-2] escalating to SIGTERM[0m
[31m[controller_spawner-4] escalating to SIGTERM[0m

auto-starting new master
[1mprocess[master]: started with pid [159332][0m
[1mROS_MASTER_URI=http://localhost:11311[0m
]2;/home/eethanhe/catkin_ws/src/robot-multi-floor-navigation/multi_floor_nav/launch/nav.launch http://localhost:11311
[1msetting /run_id to e457fa00-2790-11f1-8845-1536d44dd856[0m
[1mprocess[rosout-1]: started with pid [159357][0m
started core service [/rosout]
[1mprocess[gazebo-2]: started with pid [159387][0m
[1mprocess[robot_state_publisher-3]: started with pid [159391][0m
[1mprocess[controller_spawner-4]: started with pid [159393][0m
[1mprocess[ekf_localization-5]: started with pid [159394][0m
[1mprocess[twist_mux-6]: started with pid [159395][0m
[1mprocess[twist_marker_server-7]: started with pid [159400][0m
[1mprocess[urdf_spawner-8]: started with pid [159403][0m
[1mprocess[map_server0-9]: started with pid [159413][0m
[1mprocess[map_server1-10]: started with pid [159420][0m
[1mprocess[amcl-11]: started with pid [159421][0m
[1mprocess[move_base-12]: started with pid [159423][0m
[1mprocess[rviz-13]: started with pid [159429][0m
[1mprocess[change_map_node-14]: started with pid [159436][0m
[1mprocess[multi_floor_navigation_node-15]: started with pid [159446][0m
[1m[urdf_spawner-8] process has finished cleanly
log file: /home/eethanhe/.ros/log/e457fa00-2790-11f1-8845-1536d44dd856/urdf_spawner-8*.log[0m
[multi_floor_navigation_node-15] killing on exit
[change_map_node-14] killing on exit
[rviz-13] killing on exit
[move_base-12] killing on exit
[amcl-11] killing on exit
[map_server1-10] killing on exit
[map_server0-9] killing on exit
[twist_marker_server-7] killing on exit
[twist_mux-6] killing on exit
[ekf_localization-5] killing on exit
[controller_spawner-4] killing on exit
[robot_state_publisher-3] killing on exit
[gazebo-2] killing on exit
[rosout-1] killing on exit
[master] killing on exit
shutting down processing monitor...
... shutting down processing monitor complete
[1mdone[0m
