xacro: in-order processing became default in ROS Melodic. You can drop the option.
... logging to /home/eethanhe/.ros/log/89c56cf0-278e-11f1-8845-1536d44dd856/roslaunch-eethanhe-Lenovo-Legion-R9000P2021H-140201.log
Checking log directory for disk usage. This may take a while.
Press Ctrl-C to interrupt
Done checking log file disk usage. Usage is <1GB.
]2;/home/eethanhe/catkin_ws/src/robot-multi-floor-navigation/multi_floor_nav/launch/nav.launch
[1mstarted roslaunch server http://eethanhe-Lenovo-Legion-R9000P2021H:46843/[0m

SUMMARY
========

PARAMETERS
 * /amcl/auto_update_noise: 0.0
 * /amcl/base_frame_id: base_link
 * /amcl/expected_laser_freq: 5.0
 * /amcl/first_map_only: False
 * /amcl/global_frame_id: map
 * /amcl/gui_publish_rate: 10.0
 * /amcl/initial_pose_a: 0.0
 * /amcl/initial_pose_x: 0.0
 * /amcl/initial_pose_y: 0.0
 * /amcl/kld_err: 0.05
 * /amcl/kld_z: 0.99
 * /amcl/laser_lambda_short: 0.1
 * /amcl/laser_likelihood_max_dist: 2.0
 * /amcl/laser_max_beams: 720
 * /amcl/laser_max_range: 30.0
 * /amcl/laser_min_range: 0.1
 * /amcl/laser_model_type: likelihood_field
 * /amcl/laser_sigma_hit: 0.2
 * /amcl/laser_z_hit: 0.5
 * /amcl/laser_z_max: 0.05
 * /amcl/laser_z_rand: 0.5
 * /amcl/laser_z_short: 0.05
 * /amcl/max_particles: 2000
 * /amcl/min_particles: 500
 * /amcl/odom_alpha1: 0.2
 * /amcl/odom_alpha2: 0.2
 * /amcl/odom_alpha3: 0.2
 * /amcl/odom_alpha4: 0.2
 * /amcl/odom_alpha5: 0.1
 * /amcl/odom_frame_id: odom
 * /amcl/odom_model_type: diff
 * /amcl/odom_update_interval: 0.1
 * /amcl/recovery_alpha_fast: 0.1
 * /amcl/recovery_alpha_slow: 0.001
 * /amcl/resample_interval: 1
 * /amcl/transform_tolerance: 1.0
 * /amcl/update_min_a: 0.3927
 * /amcl/update_min_d: 0.1
 * /amcl/use_map_topic: False
 * /ekf_localization/base_link_frame: base_link
 * /ekf_localization/frequency: 50
 * /ekf_localization/imu0: /imu/data
 * /ekf_localization/imu0_config: [False, False, Fa...
 * /ekf_localization/imu0_differential: False
 * /ekf_localization/odom0: /jackal_velocity_...
 * /ekf_localization/odom0_config: [False, False, Fa...
 * /ekf_localization/odom0_differential: False
 * /ekf_localization/odom_frame: odom
 * /ekf_localization/predict_to_current_time: True
 * /ekf_localization/world_frame: odom
 * /gazebo/enable_ros_network: True
 * /jackal_joint_publisher/publish_rate: 50
 * /jackal_joint_publisher/type: joint_state_contr...
 * /jackal_velocity_controller/angular/z/has_acceleration_limits: True
 * /jackal_velocity_controller/angular/z/has_velocity_limits: True
 * /jackal_velocity_controller/angular/z/max_acceleration: 25.0
 * /jackal_velocity_controller/angular/z/max_velocity: 4.0
 * /jackal_velocity_controller/cmd_vel_timeout: 0.25
 * /jackal_velocity_controller/enable_odom_tf: False
 * /jackal_velocity_controller/k_l: 0.1
 * /jackal_velocity_controller/k_r: 0.1
 * /jackal_velocity_controller/left_wheel: ['front_left_whee...
 * /jackal_velocity_controller/linear/x/has_acceleration_limits: True
 * /jackal_velocity_controller/linear/x/has_velocity_limits: True
 * /jackal_velocity_controller/linear/x/max_acceleration: 20.0
 * /jackal_velocity_controller/linear/x/max_velocity: 2.0
 * /jackal_velocity_controller/pose_covariance_diagonal: [0.001, 0.001, 10...
 * /jackal_velocity_controller/publish_cmd: True
 * /jackal_velocity_controller/publish_rate: 50
 * /jackal_velocity_controller/right_wheel: ['front_right_whe...
 * /jackal_velocity_controller/twist_covariance_diagonal: [0.001, 0.001, 0....
 * /jackal_velocity_controller/type: diff_drive_contro...
 * /jackal_velocity_controller/wheel_radius_multiplier: 1.0
 * /jackal_velocity_controller/wheel_separation_multiplier: 1.5
 * /move_base/NavfnROS/allow_unknown: True
 * /move_base/TrajectoryPlannerROS/acc_lim_theta: 20.0
 * /move_base/TrajectoryPlannerROS/acc_lim_x: 10.0
 * /move_base/TrajectoryPlannerROS/angular_sim_granularity: 0.02
 * /move_base/TrajectoryPlannerROS/controller_frequency: 20.0
 * /move_base/TrajectoryPlannerROS/dwa: True
 * /move_base/TrajectoryPlannerROS/escape_reset_dist: 0.1
 * /move_base/TrajectoryPlannerROS/escape_reset_theta: 0.1
 * /move_base/TrajectoryPlannerROS/escape_vel: -0.5
 * /move_base/TrajectoryPlannerROS/gdist_scale: 1.0
 * /move_base/TrajectoryPlannerROS/heading_lookahead: 0.325
 * /move_base/TrajectoryPlannerROS/heading_scoring: False
 * /move_base/TrajectoryPlannerROS/heading_scoring_timestep: 0.8
 * /move_base/TrajectoryPlannerROS/holonomic_robot: False
 * /move_base/TrajectoryPlannerROS/latch_xy_goal_tolerance: False
 * /move_base/TrajectoryPlannerROS/max_vel_theta: 1.57
 * /move_base/TrajectoryPlannerROS/max_vel_x: 0.5
 * /move_base/TrajectoryPlannerROS/meter_scoring: True
 * /move_base/TrajectoryPlannerROS/min_in_place_vel_theta: 0.314
 * /move_base/TrajectoryPlannerROS/min_vel_theta: -1.57
 * /move_base/TrajectoryPlannerROS/min_vel_x: 0.1
 * /move_base/TrajectoryPlannerROS/occdist_scale: 0.1
 * /move_base/TrajectoryPlannerROS/oscillation_reset_dist: 0.05
 * /move_base/TrajectoryPlannerROS/pdist_scale: 0.75
 * /move_base/TrajectoryPlannerROS/publish_cost_grid_pc: True
 * /move_base/TrajectoryPlannerROS/sim_granularity: 0.02
 * /move_base/TrajectoryPlannerROS/sim_time: 2.0
 * /move_base/TrajectoryPlannerROS/simple_attractor: False
 * /move_base/TrajectoryPlannerROS/vtheta_samples: 20
 * /move_base/TrajectoryPlannerROS/vx_samples: 6
 * /move_base/TrajectoryPlannerROS/xy_goal_tolerance: 0.25
 * /move_base/TrajectoryPlannerROS/yaw_goal_tolerance: 0.157
 * /move_base/base_global_planner: navfn/NavfnROS
 * /move_base/base_local_planner: base_local_planne...
 * /move_base/clearing_rotation_allowed: True
 * /move_base/controller_frequency: 20.0
 * /move_base/controller_patience: 15.0
 * /move_base/global_costmap/footprint: [[-0.21, -0.165],...
 * /move_base/global_costmap/footprint_padding: 0.1
 * /move_base/global_costmap/global_frame: map
 * /move_base/global_costmap/height: 40.0
 * /move_base/global_costmap/inflater_layer/inflation_radius: 0.3
 * /move_base/global_costmap/map_type: costmap
 * /move_base/global_costmap/meter_scoring: True
 * /move_base/global_costmap/obstacle_range: 2.5
 * /move_base/global_costmap/obstacles_layer/observation_sources: scan
 * /move_base/global_costmap/obstacles_layer/scan/clearing: True
 * /move_base/global_costmap/obstacles_layer/scan/data_type: LaserScan
 * /move_base/global_costmap/obstacles_layer/scan/marking: True
 * /move_base/global_costmap/obstacles_layer/scan/max_obstacle_height: 2.0
 * /move_base/global_costmap/obstacles_layer/scan/min_obstacle_height: -2.0
 * /move_base/global_costmap/obstacles_layer/scan/obstacle_range: 2.5
 * /move_base/global_costmap/obstacles_layer/scan/raytrace_range: 3.0
 * /move_base/global_costmap/obstacles_layer/scan/sensor_frame: front_laser
 * /move_base/global_costmap/obstacles_layer/scan/topic: front/scan
 * /move_base/global_costmap/origin_x: -20.0
 * /move_base/global_costmap/origin_y: -20.0
 * /move_base/global_costmap/origin_z: 0.0
 * /move_base/global_costmap/plugins: [{'name': 'static...
 * /move_base/global_costmap/publish_frequency: 5.0
 * /move_base/global_costmap/publish_voxel_map: False
 * /move_base/global_costmap/raytrace_range: 3.0
 * /move_base/global_costmap/resolution: 0.05
 * /move_base/global_costmap/robot_base_frame: base_link
 * /move_base/global_costmap/rolling_window: False
 * /move_base/global_costmap/static_map: True
 * /move_base/global_costmap/transform_tolerance: 0.5
 * /move_base/global_costmap/update_frequency: 20.0
 * /move_base/global_costmap/width: 40.0
 * /move_base/global_costmap/z_resolution: 1
 * /move_base/global_costmap/z_voxels: 2
 * /move_base/local_costmap/footprint: [[-0.21, -0.165],...
 * /move_base/local_costmap/footprint_padding: 0.1
 * /move_base/local_costmap/global_frame: map
 * /move_base/local_costmap/height: 10.0
 * /move_base/local_costmap/inflater_layer/inflation_radius: 0.3
 * /move_base/local_costmap/map_type: costmap
 * /move_base/local_costmap/meter_scoring: True
 * /move_base/local_costmap/obstacle_range: 2.5
 * /move_base/local_costmap/obstacles_layer/observation_sources: scan
 * /move_base/local_costmap/obstacles_layer/scan/clearing: True
 * /move_base/local_costmap/obstacles_layer/scan/data_type: LaserScan
 * /move_base/local_costmap/obstacles_layer/scan/marking: True
 * /move_base/local_costmap/obstacles_layer/scan/max_obstacle_height: 2.0
 * /move_base/local_costmap/obstacles_layer/scan/min_obstacle_height: -2.0
 * /move_base/local_costmap/obstacles_layer/scan/obstacle_range: 2.5
 * /move_base/local_costmap/obstacles_layer/scan/raytrace_range: 3.0
 * /move_base/local_costmap/obstacles_layer/scan/sensor_frame: front_laser
 * /move_base/local_costmap/obstacles_layer/scan/topic: front/scan
 * /move_base/local_costmap/origin_z: 0.0
 * /move_base/local_costmap/plugins: [{'name': 'obstac...
 * /move_base/local_costmap/publish_frequency: 5.0
 * /move_base/local_costmap/publish_voxel_map: False
 * /move_base/local_costmap/raytrace_range: 3.0
 * /move_base/local_costmap/resolution: 0.05
 * /move_base/local_costmap/robot_base_frame: base_link
 * /move_base/local_costmap/rolling_window: True
 * /move_base/local_costmap/static_map: False
 * /move_base/local_costmap/transform_tolerance: 0.5
 * /move_base/local_costmap/update_frequency: 20.0
 * /move_base/local_costmap/width: 10.0
 * /move_base/local_costmap/z_resolution: 1
 * /move_base/local_costmap/z_voxels: 2
 * /move_base/oscillation_distance: 0.5
 * /move_base/oscillation_timeout: 0.0
 * /move_base/planner_frequency: 20.0
 * /move_base/planner_patience: 5.0
 * /move_base/recovery_behavior_enabled: True
 * /move_base/shutdown_costmaps: False
 * /multi_floor_navigation_node/init_pose_offset_theta: 0.15
 * /multi_floor_navigation_node/init_pose_offset_x: 0.3
 * /multi_floor_navigation_node/init_pose_offset_y: 0.3
 * /multi_floor_navigation_node/region_init_sigma_x: 0.15
 * /multi_floor_navigation_node/region_init_sigma_y: 0.15
 * /multi_floor_navigation_node/region_init_sigma_yaw: 0.05
 * /robot_description: <?xml version="1....
 * /rosdistro: noetic
 * /rosversion: 1.17.0
 * /twist_marker_server/link_name: base_link
 * /twist_mux/locks: [{'name': 'e_stop...
 * /twist_mux/topics: [{'name': 'joy', ...
 * /use_gui: True
 * /use_sim_time: True

NODES
  /
    amcl (amcl/amcl)
    change_map_node (multi_floor_nav/change_map_node)
    controller_spawner (controller_manager/spawner)
    ekf_localization (robot_localization/ekf_localization_node)
    gazebo (gazebo_ros/gzserver)
    map_server0 (map_server/map_server)
    map_server1 (map_server/map_server)
    move_base (move_base/move_base)
    multi_floor_navigation_node (multi_floor_nav/multi_floor_navigation_node)
    robot_state_publisher (robot_state_publisher/robot_state_publisher)
    rviz (rviz/rviz)
    twist_marker_server (interactive_marker_twist_server/marker_server)
    twist_mux (twist_mux/twist_mux)
    urdf_spawner (gazebo_ros/spawn_model)
[ INFO] [1774362858.825711789]: Finished loading Gazebo ROS API Plugin.
[ INFO] [1774362858.826729731]: waitForService: Service [/gazebo/set_physics_properties] has not been advertised, waiting...
[1;33mWarning [Model.cc:216][0m Non-unique name[door] detected 2 times in XML children of model with name[elevator].
[1;33mWarning [Model.cc:309][0m Joint with name [door] in model with name [elevator] has a name collision, changing joint name to [door_joint].
[ERROR] [1774362860.687517, 0.000000]: Spawn service failed. Exiting.
[ INFO] [1774362860.569486854]: waitForService: Service [/gazebo/set_physics_properties] is now available.
[ INFO] [1774362860.693433910, 1054.799000000]: Physics dynamic reconfigure ready.
[1;33mWarning [parser_urdf.cc:1161][0m multiple inconsistent <gravity> exists due to fixed joint reduction overwriting previous value [true] with [false].
[1;33mWarning [parser_urdf.cc:1161][0m multiple inconsistent <gravity> exists due to fixed joint reduction overwriting previous value [false] with [true].
[ERROR] [1774362861.134495797, 1054.799000000]: No p gain specified for pid.  Namespace: /gazebo_ros_control/pid_gains/front_left_wheel
[ERROR] [1774362861.134986994, 1054.799000000]: No p gain specified for pid.  Namespace: /gazebo_ros_control/pid_gains/front_right_wheel
[ERROR] [1774362861.135403041, 1054.799000000]: No p gain specified for pid.  Namespace: /gazebo_ros_control/pid_gains/rear_left_wheel
[ERROR] [1774362861.135771106, 1054.799000000]: No p gain specified for pid.  Namespace: /gazebo_ros_control/pid_gains/rear_right_wheel
[ WARN] [1774362861.182149476, 1054.801000000]: Failed to meet update rate! Took 1054.7999999999999545
[ WARN] [1774362861.182323940, 1054.801000000]: Timed out waiting for transform from base_link to map to become available before running costmap, tf error: canTransform: target_frame map does not exist.. canTransform returned after 1054.8 timeout was 0.1.
[ WARN] [1774362861.183172586, 1054.802000000]: Failed to meet update rate! Took 1054.7819999999999254
[ WARN] [1774362861.413163202]: Interactive marker 'robot_twist_marker' contains unnormalized quaternions. This warning will only be output once but may be true for others; enable DEBUG messages for ros.rviz.quaternions to see more details.
[ WARN] [1774362861.902284687, 1055.510000000]: No laser scan received (and thus no pose updates have been published) for 1055.510000 seconds.  Verify that data is being published on the /front/scan topic.
[ WARN] [1774362861.902353411, 1055.510000000]: No laser scan received (and thus no pose updates have been published) for 1055.510000 seconds.  Verify that data is being published on the /front/scan topic.
[ WARN] [1774362862.443201043, 1056.045000000]: global_costmap: Pre-Hydro parameter "static_map" unused since "plugins" is provided
[ WARN] [1774362862.443433476, 1056.045000000]: global_costmap: Pre-Hydro parameter "map_type" unused since "plugins" is provided
[ WARN] [1774362893.548331055, 1086.793000000]: local_costmap: Pre-Hydro parameter "static_map" unused since "plugins" is provided
[ WARN] [1774362893.548660079, 1086.793000000]: local_costmap: Pre-Hydro parameter "map_type" unused since "plugins" is provided
[ WARN] [1774362893.557743619, 1086.802000000]: [Multi Floor Nav] Initial pose perturbation applied: offset_x=0.30, offset_y=0.30, offset_theta=0.15
[ WARN] [1774362893.599896566, 1086.844000000]: Parameter pdist_scale is deprecated. Please use the name path_distance_bias instead.
[ WARN] [1774362893.600809816, 1086.845000000]: Parameter gdist_scale is deprecated. Please use the name goal_distance_bias instead.
[ WARN] [1774362975.361330101, 1167.812000000]: [Multi Floor Nav] Initial pose perturbation applied: offset_x=0.30, offset_y=0.30, offset_theta=0.15
[ WARN] [1774362978.597949544, 1171.016000000]: [Multi Floor Nav] Initial pose perturbation applied: offset_x=0.30, offset_y=0.30, offset_theta=0.15
[ WARN] [1774362981.834824398, 1174.222000000]: [Multi Floor Nav] Initial pose perturbation applied: offset_x=0.30, offset_y=0.30, offset_theta=0.15
[ INFO] [1774362893.356442779, 1086.603000000]: [Multi Floor Nav] Successfully loaded map for level: 0
[ INFO] [1774362893.559480791, 1086.804000000]: [Multi Floor Nav] Initializing Robot at x: 4.3, y: -4.7, yaw: 0.1 (region sigma: x=0.15, y=0.15, yaw=0.05)
[ INFO] [1774362893.559524931, 1086.804000000]: [Multi Floor Nav] Initializing Pose to x: 4.00, y: -5.00 at level: 0
[ INFO] [1774362894.573079157, 1087.806000000]: [Multi Floor Nav] Waiting for AMCL nomotion updates (1.0/3.0s)...
[ INFO] [1774362895.583976187, 1088.806000000]: [Multi Floor Nav] Waiting for AMCL nomotion updates (2.0/3.0s)...
[ INFO] [1774362896.591866463, 1089.806000000]: [Multi Floor Nav] Current Robot Pose, x: 4.18, y: -4.78, yaw: 0.12
[ INFO] [1774362896.591888044, 1089.806000000]: [Multi Floor Nav] Linear Error: 0.28, Angular Error: 0.12
[ INFO] [1774362896.591900406, 1089.807000000]: [Multi Floor Nav] Robot at correct pose
[ INFO] [1774362896.591918495, 1089.807000000]: [Multi Floor Nav] RELOC_PASS: linear_error=0.2801, angular_error=0.1215, tr_sigma=0.0210, C_t=0.9792
[ INFO] [1774362897.605178339, 1090.807000000]: [Multi Floor Nav] POST_PASS: dt=1.000s, linear_error=0.2665, angular_error=0.1181
[ INFO] [1774362897.605233723, 1090.807000000]: [Multi Floor Nav] Will send goal to x: 3, y: -0, at level: 0
[ INFO] [1774362897.605261869, 1090.807000000]: [Multi Floor Nav] Sending Robot to x: 3.0, y: -0.5, yaw: 3.1
[ INFO] [1774362897.807123118, 1091.007000000]: [Multi Floor Nav] POST_PASS: dt=1.200s, linear_error=0.2665, angular_error=0.1181
[ INFO] [1774362898.008666099, 1091.207000000]: [Multi Floor Nav] POST_PASS: dt=1.400s, linear_error=0.3503, angular_error=0.2238
[ INFO] [1774362898.212661012, 1091.407000000]: [Multi Floor Nav] POST_PASS: dt=1.600s, linear_error=0.3503, angular_error=0.2238
[ INFO] [1774362898.411937490, 1091.607000000]: [Multi Floor Nav] POST_PASS: dt=1.800s, linear_error=0.4325, angular_error=0.3497
[ INFO] [1774362937.960444283, 1130.807000000]: [Multi Floor Nav] Requesting Lift to Level 0
[ INFO] [1774362938.162463514, 1131.007000000]: [Multi Floor Nav] Entering Lift at Level 0
[ INFO] [1774362955.554492103, 1148.209000000]: [Multi Floor Nav] Requesting Lift to Level 1
[ INFO] [1774362962.632517144, 1155.210000000]: [Multi Floor Nav] Exiting Lift at Level 1
[ INFO] [1774362975.352671967, 1167.804000000]: [Multi Floor Nav] Successfully loaded map for level: 1
[ INFO] [1774362975.362559734, 1167.814000000]: [Multi Floor Nav] Initializing Robot at x: 3.3, y: -0.2, yaw: 3.3 (region sigma: x=0.15, y=0.15, yaw=0.05)
[ INFO] [1774362975.362583201, 1167.814000000]: [Multi Floor Nav] Initializing Pose to x: 3.00, y: -0.50 at level: 1
[ INFO] [1774362976.376333333, 1168.818000000]: [Multi Floor Nav] Waiting for AMCL nomotion updates (1.0/3.0s)...
[ INFO] [1774362977.587451101, 1170.016000000]: [Multi Floor Nav] Waiting for AMCL nomotion updates (2.2/3.0s)...
[ INFO] [1774362978.396826941, 1170.817000000]: [Multi Floor Nav] Current Robot Pose, x: 3.50, y: 0.09, yaw: -2.99
[ INFO] [1774362978.396847544, 1170.817000000]: [Multi Floor Nav] Linear Error: 0.78, Angular Error: 0.15
[ INFO] [1774362978.396859906, 1170.817000000]: [Multi Floor Nav] Setting initial pose failed. Will Retry
[ INFO] [1774362978.599124491, 1171.017000000]: [Multi Floor Nav] Initializing Robot at x: 3.3, y: -0.2, yaw: 3.3 (region sigma: x=0.15, y=0.15, yaw=0.05)
[ INFO] [1774362978.599150681, 1171.017000000]: [Multi Floor Nav] Initializing Pose to x: 3.00, y: -0.50 at level: 1
[ INFO] [1774362979.612457179, 1172.021000000]: [Multi Floor Nav] Waiting for AMCL nomotion updates (1.0/3.0s)...
[ INFO] [1774362980.624078677, 1173.021000000]: [Multi Floor Nav] Waiting for AMCL nomotion updates (2.0/3.0s)...
[ INFO] [1774362981.631187075, 1174.020000000]: [Multi Floor Nav] Current Robot Pose, x: 3.56, y: 0.07, yaw: -2.93
[ INFO] [1774362981.631207189, 1174.020000000]: [Multi Floor Nav] Linear Error: 0.79, Angular Error: 0.21
[ INFO] [1774362981.631216688, 1174.020000000]: [Multi Floor Nav] Setting initial pose failed. Will Retry
[ INFO] [1774362981.836469729, 1174.2240000[ WARN] [1774362985.068291537, 1177.425000000]: [Multi Floor Nav] Initial pose perturbation applied: offset_x=0.30, offset_y=0.30, offset_theta=0.15
[ WARN] [1774362988.309115519, 1180.631000000]: [Multi Floor Nav] Initial pose perturbation applied: offset_x=0.30, offset_y=0.30, offset_theta=0.15
[ WARN] [1774362991.543298535, 1183.834000000]: [Multi Floor Nav] Initial pose perturbation applied: offset_x=0.30, offset_y=0.30, offset_theta=0.15
[ WARN] [1774362994.780267396, 1187.038000000]: [Multi Floor Nav] Initial pose perturbation applied: offset_x=0.30, offset_y=0.30, offset_theta=0.15
[ WARN] [1774362998.016382652, 1190.243000000]: [Multi Floor Nav] Initial pose perturbation applied: offset_x=0.30, offset_y=0.30, offset_theta=0.15
00]: [Multi Floor Nav] Initializing Robot at x: 3.3, y: -0.2, yaw: 3.3 (region sigma: x=0.15, y=0.15, yaw=0.05)
[ INFO] [1774362981.836508980, 1174.224000000]: [Multi Floor Nav] Initializing Pose to x: 3.00, y: -0.50 at level: 1
[ INFO] [1774362982.851106222, 1175.227000000]: [Multi Floor Nav] Waiting for AMCL nomotion updates (1.0/3.0s)...
[ INFO] [1774362983.857547003, 1176.227000000]: [Multi Floor Nav] Waiting for AMCL nomotion updates (2.0/3.0s)...
[ INFO] [1774362984.868137288, 1177.228000000]: [Multi Floor Nav] Current Robot Pose, x: 3.38, y: 0.04, yaw: -2.96
[ INFO] [1774362984.868187854, 1177.228000000]: [Multi Floor Nav] Linear Error: 0.66, Angular Error: 0.18
[ INFO] [1774362984.868220749, 1177.228000000]: [Multi Floor Nav] Setting initial pose failed. Will Retry
[ INFO] [1774362985.069528363, 1177.426000000]: [Multi Floor Nav] Initializing Robot at x: 3.3, y: -0.2, yaw: 3.3 (region sigma: x=0.15, y=0.15, yaw=0.05)
[ INFO] [1774362985.069560211, 1177.426000000]: [Multi Floor Nav] Initializing Pose to x: 3.00, y: -0.50 at level: 1
[ INFO] [1774362986.082869852, 1178.428000000]: [Multi Floor Nav] Waiting for AMCL nomotion updates (1.0/3.0s)...
[ INFO] [1774362987.094450283, 1179.430000000]: [Multi Floor Nav] Waiting for AMCL nomotion updates (2.0/3.0s)...
[ INFO] [1774362988.104559289, 1180.428000000]: [Multi Floor Nav] Current Robot Pose, x: 3.54, y: 0.17, yaw: -3.00
[ INFO] [1774362988.104585968, 1180.428000000]: [Multi Floor Nav] Linear Error: 0.86, Angular Error: 0.14
[ INFO] [1774362988.104596445, 1180.429000000]: [Multi Floor Nav] Setting initial pose failed. Will Retry
[ INFO] [1774362988.310136046, 1180.632000000]: [Multi Floor Nav] Initializing Robot at x: 3.3, y: -0.2, yaw: 3.3 (region sigma: x=0.15, y=0.15, yaw=0.05)
[ INFO] [1774362988.310159722, 1180.632000000]: [Multi Floor Nav] Initializing Pose to x: 3.00, y: -0.50 at level: 1
[ INFO] [1774362989.325492188, 1181.635000000]: [Multi Floor Nav] Waiting for AMCL nomotion updates (1.0/3.0s)...
[ INFO] [1774362990.336224810, 1182.636000000]: [Multi Floor Nav] Waiting for AMCL nomotion updates (2.0/3.0s)...
[ INFO] [1774362991.342580734, 1183.635000000]: [Multi Floor Nav] Current Robot Pose, x: 3.43, y: 0.05, yaw: -2.96
[ INFO] [1774362991.342600150, 1183.635000000]: [Multi Floor Nav] Linear Error: 0.70, Angular Error: 0.19
[ INFO] [1774362991.342609369, 1183.635000000]: [Multi Floor Nav] Setting initial pose failed. Will Retry
[ INFO] [1774362991.544425500, 1183.835000000]: [Multi Floor Nav] Initializing Robot at x: 3.3, y: -0.2, yaw: 3.3 (region sigma: x=0.15, y=0.15, yaw=0.05)
[ INFO] [1774362991.544451062, 1183.835000000]: [Multi Floor Nav] Initializing Pose to x: 3.00, y: -0.50 at level: 1
[ INFO] [1774362992.556707770, 1184.838000000]: [Multi Floor Nav] Waiting for AMCL nomotion updates (1.0/3.0s)...
[ INFO] [1774362993.768809049, 1186.037000000]: [Multi Floor Nav] Waiting for AMCL nomotion updates (2.2/3.0s)...
[ INFO] [1774362994.576799998, 1186.838000000]: [Multi Floor Nav] Current Robot Pose, x: 3.34, y: 0.10, yaw: -2.97
[ INFO] [1774362994.576820531, 1186.838000000]: [Multi Floor Nav] Linear Error: 0.68, Angular Error: 0.17
[ INFO] [1774362994.576829541, 1186.838000000]: [Multi Floor Nav] Setting initial pose failed. Will Retry
[ INFO] [1774362994.782524889, 1187.041000000]: [Multi Floor Nav] Initializing Robot at x: 3.3, y: -0.2, yaw: 3.3 (region sigma: x=0.15, y=0.15, yaw=0.05)
[ INFO] [1774362994.782554921, 1187.041000000]: [Multi Floor Nav] Initializing Pose to x: 3.00, y: -0.50 at level: 1
[ INFO] [1774362995.796113966, 1188.043000000]: [Multi Floor Nav] Waiting for AMCL nomotion updates (1.0/3.0s)...
[ INFO] [1774362996.808723305, 1189.045000000]: [Multi Floor Nav] Waiting for AMCL nomotion updates (2.0/3.0s)...
[ INFO] [1774362997.815610304, 1190.044000000]: [Multi Floor Nav] Current Robot Pose, x: 3.37, y: 0.06, yaw: -2.98
[ INFO] [1774362997.815631187, 1190.044000000]: [Multi Floor Nav] Linear Error: 0.67, Angular Error: 0.16
[ INFO] [1774362997.815639917, 1190.044000000]: [Multi Floor Nav] Setting initial pose failed. Will Retry
[ IN[ WARN] [1774363001.248450582, 1193.447000000]: [Multi Floor Nav] Initial pose perturbation applied: offset_x=0.30, offset_y=0.30, offset_theta=0.15
[ WARN] [1774363004.480426741, 1196.650000000]: [Multi Floor Nav] Initial pose perturbation applied: offset_x=0.30, offset_y=0.30, offset_theta=0.15
[ WARN] [1774363007.719313385, 1199.854000000]: [Multi Floor Nav] Initial pose perturbation applied: offset_x=0.30, offset_y=0.30, offset_theta=0.15
[ WARN] [1774363010.958003703, 1203.058000000]: [Multi Floor Nav] Initial pose perturbation applied: offset_x=0.30, offset_y=0.30, offset_theta=0.15
FO] [1774362998.017886693, 1190.244000000]: [Multi Floor Nav] Initializing Robot at x: 3.3, y: -0.2, yaw: 3.3 (region sigma: x=0.15, y=0.15, yaw=0.05)
[ INFO] [1774362998.017918680, 1190.244000000]: [Multi Floor Nav] Initializing Pose to x: 3.00, y: -0.50 at level: 1
[ INFO] [1774362999.031736489, 1191.248000000]: [Multi Floor Nav] Waiting for AMCL nomotion updates (1.0/3.0s)...
[ INFO] [1774363000.040238717, 1192.249000000]: [Multi Floor Nav] Waiting for AMCL nomotion updates (2.0/3.0s)...
[ INFO] [1774363001.047158613, 1193.248000000]: [Multi Floor Nav] Current Robot Pose, x: 3.49, y: 0.10, yaw: -2.97
[ INFO] [1774363001.047179007, 1193.248000000]: [Multi Floor Nav] Linear Error: 0.77, Angular Error: 0.18
[ INFO] [1774363001.047188016, 1193.248000000]: [Multi Floor Nav] Setting initial pose failed. Will Retry
[ INFO] [1774363001.249825486, 1193.448000000]: [Multi Floor Nav] Initializing Robot at x: 3.3, y: -0.2, yaw: 3.3 (region sigma: x=0.15, y=0.15, yaw=0.05)
[ INFO] [1774363001.249847905, 1193.448000000]: [Multi Floor Nav] Initializing Pose to x: 3.00, y: -0.50 at level: 1
[ INFO] [1774363002.259457962, 1194.450000000]: [Multi Floor Nav] Waiting for AMCL nomotion updates (1.0/3.0s)...
[ INFO] [1774363003.269578352, 1195.451000000]: [Multi Floor Nav] Waiting for AMCL nomotion updates (2.0/3.0s)...
[ INFO] [1774363004.280642723, 1196.452000000]: [Multi Floor Nav] Current Robot Pose, x: 3.43, y: 0.19, yaw: -2.97
[ INFO] [1774363004.280660044, 1196.452000000]: [Multi Floor Nav] Linear Error: 0.82, Angular Error: 0.17
[ INFO] [1774363004.280668704, 1196.452000000]: [Multi Floor Nav] Setting initial pose failed. Will Retry
[ INFO] [1774363004.483263780, 1196.652000000]: [Multi Floor Nav] Initializing Robot at x: 3.3, y: -0.2, yaw: 3.3 (region sigma: x=0.15, y=0.15, yaw=0.05)
[ INFO] [1774363004.483332434, 1196.652000000]: [Multi Floor Nav] Initializing Pose to x: 3.00, y: -0.50 at level: 1
[ INFO] [1774363005.495494995, 1197.655000000]: [Multi Floor Nav] Waiting for AMCL nomotion updates (1.0/3.0s)...
[ INFO] [1774363006.505632427, 1198.656000000]: [Multi Floor Nav] Waiting for AMCL nomotion updates (2.0/3.0s)...
[ INFO] [1774363007.519607939, 1199.656000000]: [Multi Floor Nav] Current Robot Pose, x: 3.47, y: 0.05, yaw: -2.98
[ INFO] [1774363007.519659412, 1199.656000000]: [Multi Floor Nav] Linear Error: 0.72, Angular Error: 0.17
[ INFO] [1774363007.519682180, 1199.656000000]: [Multi Floor Nav] Setting initial pose failed. Will Retry
[ INFO] [1774363007.720310724, 1199.855000000]: [Multi Floor Nav] Initializing Robot at x: 3.3, y: -0.2, yaw: 3.3 (region sigma: x=0.15, y=0.15, yaw=0.05)
[ INFO] [1774363007.720341454, 1199.855000000]: [Multi Floor Nav] Initializing Pose to x: 3.00, y: -0.50 at level: 1
[ INFO] [1774363008.735150596, 1200.858000000]: [Multi Floor Nav] Waiting for AMCL nomotion updates (1.0/3.0s)...
[ INFO] [1774363009.946694887, 1202.057000000]: [Multi Floor Nav] Waiting for AMCL nomotion updates (2.2/3.0s)...
[ INFO] [1774363010.755718725, 1202.858000000]: [Multi Floor Nav] Current Robot Pose, x: 3.46, y: 0.09, yaw: -2.97
[ INFO] [1774363010.755788357, 1202.858000000]: [Multi Floor Nav] Linear Error: 0.75, Angular Error: 0.17
[ INFO] [1774363010.755829633, 1202.858000000]: [Multi Floor Nav] Setting initial pose failed. Will Retry
[ INFO] [1774363010.960784450, 1203.061000000]: [Multi Floor Nav] Initializing Robot at x: 3.3, y: -0.2, yaw: 3.3 (region sigma: x=0.15, y=0.15, yaw=0.05)
[ INFO] [1774363010.960816437, 1203.061000000]: [Multi Floor Nav] Initializing Pose to x: 3.00, y: -0.50 at level: 1
[ INFO] [1774363011.974715822, 1204.064000000]: [Multi Floor Nav] Waiting for AMCL nomotion updates (1.0/3.0s)...
[ INFO] [1774363012.987772845, 1205.065000000]: [Multi Floor Nav] Waiting for AMCL nomotion updates (2.0/3.0s)...
[ INFO] [1774363013.997943871, 1206.063000000]: [Multi Floor Nav] Current Robot Pose, x: 3.36, y: 0.15, yaw: -2.96
[ INFO] [1774363013.997989966, 1206.063000000]: [Multi Floor Nav] Linear Error: 0.74, Angular Error: 0.18
[ INFO] [1774363013.998025236, 1206.063000000]: [Multi Floor Nav] Setti[ WARN] [1774363014.201113534, 1206.264000000]: [Multi Floor Nav] Initial pose perturbation applied: offset_x=0.30, offset_y=0.30, offset_theta=0.15
[ WARN] [1774363017.438420219, 1209.470000000]: [Multi Floor Nav] Initial pose perturbation applied: offset_x=0.30, offset_y=0.30, offset_theta=0.15
[ WARN] [1774363020.673065797, 1212.675000000]: [Multi Floor Nav] Initial pose perturbation applied: offset_x=0.30, offset_y=0.30, offset_theta=0.15
[ WARN] [1774363023.907318165, 1215.878000000]: [Multi Floor Nav] Initial pose perturbation applied: offset_x=0.30, offset_y=0.30, offset_theta=0.15
[ WARN] [1774363027.148678182, 1219.084000000]: [Multi Floor Nav] Initial pose perturbation applied: offset_x=0.30, offset_y=0.30, offset_theta=0.15
ng initial pose failed. Will Retry
[ INFO] [1774363014.202423834, 1206.266000000]: [Multi Floor Nav] Initializing Robot at x: 3.3, y: -0.2, yaw: 3.3 (region sigma: x=0.15, y=0.15, yaw=0.05)
[ INFO] [1774363014.202460570, 1206.266000000]: [Multi Floor Nav] Initializing Pose to x: 3.00, y: -0.50 at level: 1
[ INFO] [1774363015.214380991, 1207.268000000]: [Multi Floor Nav] Waiting for AMCL nomotion updates (1.0/3.0s)...
[ INFO] [1774363016.225527495, 1208.269000000]: [Multi Floor Nav] Waiting for AMCL nomotion updates (2.0/3.0s)...
[ INFO] [1774363017.235565472, 1209.269000000]: [Multi Floor Nav] Current Robot Pose, x: 3.38, y: 0.11, yaw: -2.97
[ INFO] [1774363017.235586844, 1209.269000000]: [Multi Floor Nav] Linear Error: 0.72, Angular Error: 0.17
[ INFO] [1774363017.235595504, 1209.269000000]: [Multi Floor Nav] Setting initial pose failed. Will Retry
[ INFO] [1774363017.441241195, 1209.473000000]: [Multi Floor Nav] Initializing Robot at x: 3.3, y: -0.2, yaw: 3.3 (region sigma: x=0.15, y=0.15, yaw=0.05)
[ INFO] [1774363017.441267944, 1209.473000000]: [Multi Floor Nav] Initializing Pose to x: 3.00, y: -0.50 at level: 1
[ INFO] [1774363018.452294530, 1210.476000000]: [Multi Floor Nav] Waiting for AMCL nomotion updates (1.0/3.0s)...
[ INFO] [1774363019.663013502, 1211.675000000]: [Multi Floor Nav] Waiting for AMCL nomotion updates (2.2/3.0s)...
[ INFO] [1774363020.471899891, 1212.475000000]: [Multi Floor Nav] Current Robot Pose, x: 3.38, y: -0.02, yaw: -2.92
[ INFO] [1774363020.471920425, 1212.475000000]: [Multi Floor Nav] Linear Error: 0.62, Angular Error: 0.22
[ INFO] [1774363020.471929434, 1212.475000000]: [Multi Floor Nav] Setting initial pose failed. Will Retry
[ INFO] [1774363020.674314775, 1212.676000000]: [Multi Floor Nav] Initializing Robot at x: 3.3, y: -0.2, yaw: 3.3 (region sigma: x=0.15, y=0.15, yaw=0.05)
[ INFO] [1774363020.674339709, 1212.676000000]: [Multi Floor Nav] Initializing Pose to x: 3.00, y: -0.50 at level: 1
[ INFO] [1774363021.685823758, 1213.678000000]: [Multi Floor Nav] Waiting for AMCL nomotion updates (1.0/3.0s)...
[ INFO] [1774363022.698843346, 1214.679000000]: [Multi Floor Nav] Waiting for AMCL nomotion updates (2.0/3.0s)...
[ INFO] [1774363023.705812550, 1215.678000000]: [Multi Floor Nav] Current Robot Pose, x: 3.55, y: 0.09, yaw: -2.97
[ INFO] [1774363023.705832874, 1215.678000000]: [Multi Floor Nav] Linear Error: 0.81, Angular Error: 0.17
[ INFO] [1774363023.705841604, 1215.678000000]: [Multi Floor Nav] Setting initial pose failed. Will Retry
[ INFO] [1774363023.909657512, 1215.880000000]: [Multi Floor Nav] Initializing Robot at x: 3.3, y: -0.2, yaw: 3.3 (region sigma: x=0.15, y=0.15, yaw=0.05)
[ INFO] [1774363023.909729519, 1215.880000000]: [Multi Floor Nav] Initializing Pose to x: 3.00, y: -0.50 at level: 1
[ INFO] [1774363024.921947954, 1216.883000000]: [Multi Floor Nav] Waiting for AMCL nomotion updates (1.0/3.0s)...
[ INFO] [1774363026.136181778, 1218.084000000]: [Multi Floor Nav] Waiting for AMCL nomotion updates (2.2/3.0s)...
[ INFO] [1774363026.945253946, 1218.883000000]: [Multi Floor Nav] Current Robot Pose, x: 3.43, y: 0.07, yaw: -2.97
[ INFO] [1774363026.945283489, 1218.883000000]: [Multi Floor Nav] Linear Error: 0.71, Angular Error: 0.17
[ INFO] [1774363026.945297318, 1218.883000000]: [Multi Floor Nav] Setting initial pose failed. Will Retry
[ INFO] [1774363027.152653082, 1219.088000000]: [Multi Floor Nav] Initializing Robot at x: 3.3, y: -0.2, yaw: 3.3 (region sigma: x=0.15, y=0.15, yaw=0.05)
[ INFO] [1774363027.152685070, 1219.088000000]: [Multi Floor Nav] Initializing Pose to x: 3.00, y: -0.50 at level: 1
[ INFO] [1774363028.168184457, 1220.091000000]: [Multi Floor Nav] Waiting for AMCL nomotion updates (1.0/3.0s)...
[ INFO] [1774363029.181657108, 1221.092000000]: [Multi Floor Nav] Waiting for AMCL nomotion updates (2.0/3.0s)...
[ INFO] [1774363030.193423108, 1222.092000000]: [Multi Floor Nav] Current Robot Pose, x: 3.47, y: 0.14, yaw: -2.94
[ INFO] [1774363030.193449229, 1222.093000000]: [Multi Floor Nav] Linear Error: 0.80, Angular Error: 0.20
[ INFO] [1774363030.193457750, [ WARN] [1774363030.393371743, 1222.291000000]: [Multi Floor Nav] Initial pose perturbation applied: offset_x=0.30, offset_y=0.30, offset_theta=0.15
[ WARN] [1774363033.636927792, 1225.494000000]: [Multi Floor Nav] Initial pose perturbation applied: offset_x=0.30, offset_y=0.30, offset_theta=0.15
[ WARN] [1774363036.877341035, 1228.696000000]: [Multi Floor Nav] Initial pose perturbation applied: offset_x=0.30, offset_y=0.30, offset_theta=0.15
[ WARN] [1774363040.115881404, 1231.899000000]: [Multi Floor Nav] Initial pose perturbation applied: offset_x=0.30, offset_y=0.30, offset_theta=0.15
[ WARN] [1774363043.357559131, 1235.104000000]: [Multi Floor Nav] Initial pose perturbation applied: offset_x=0.30, offset_y=0.30, offset_theta=0.15
1222.093000000]: [Multi Floor Nav] Setting initial pose failed. Will Retry
[ INFO] [1774363030.394288974, 1222.292000000]: [Multi Floor Nav] Initializing Robot at x: 3.3, y: -0.2, yaw: 3.3 (region sigma: x=0.15, y=0.15, yaw=0.05)
[ INFO] [1774363030.394309926, 1222.292000000]: [Multi Floor Nav] Initializing Pose to x: 3.00, y: -0.50 at level: 1
[ INFO] [1774363031.412099003, 1223.295000000]: [Multi Floor Nav] Waiting for AMCL nomotion updates (1.0/3.0s)...
[ INFO] [1774363032.624037550, 1224.495000000]: [Multi Floor Nav] Waiting for AMCL nomotion updates (2.2/3.0s)...
[ INFO] [1774363033.434823214, 1225.294000000]: [Multi Floor Nav] Current Robot Pose, x: 3.46, y: 0.10, yaw: -2.96
[ INFO] [1774363033.434846961, 1225.295000000]: [Multi Floor Nav] Linear Error: 0.76, Angular Error: 0.18
[ INFO] [1774363033.434860021, 1225.295000000]: [Multi Floor Nav] Setting initial pose failed. Will Retry
[ INFO] [1774363033.638829022, 1225.495000000]: [Multi Floor Nav] Initializing Robot at x: 3.3, y: -0.2, yaw: 3.3 (region sigma: x=0.15, y=0.15, yaw=0.05)
[ INFO] [1774363033.638910877, 1225.495000000]: [Multi Floor Nav] Initializing Pose to x: 3.00, y: -0.50 at level: 1
[ INFO] [1774363034.654112319, 1226.498000000]: [Multi Floor Nav] Waiting for AMCL nomotion updates (1.0/3.0s)...
[ INFO] [1774363035.665160207, 1227.498000000]: [Multi Floor Nav] Waiting for AMCL nomotion updates (2.0/3.0s)...
[ INFO] [1774363036.676515957, 1228.498000000]: [Multi Floor Nav] Current Robot Pose, x: 3.44, y: 0.13, yaw: -2.94
[ INFO] [1774363036.676536910, 1228.498000000]: [Multi Floor Nav] Linear Error: 0.77, Angular Error: 0.20
[ INFO] [1774363036.676546059, 1228.498000000]: [Multi Floor Nav] Setting initial pose failed. Will Retry
[ INFO] [1774363036.878440902, 1228.697000000]: [Multi Floor Nav] Initializing Robot at x: 3.3, y: -0.2, yaw: 3.3 (region sigma: x=0.15, y=0.15, yaw=0.05)
[ INFO] [1774363036.878478477, 1228.697000000]: [Multi Floor Nav] Initializing Pose to x: 3.00, y: -0.50 at level: 1
[ INFO] [1774363037.891663730, 1229.701000000]: [Multi Floor Nav] Waiting for AMCL nomotion updates (1.0/3.0s)...
[ INFO] [1774363039.102885701, 1230.900000000]: [Multi Floor Nav] Waiting for AMCL nomotion updates (2.2/3.0s)...
[ INFO] [1774363039.912393053, 1231.699000000]: [Multi Floor Nav] Current Robot Pose, x: 3.42, y: 0.07, yaw: -2.96
[ INFO] [1774363039.912418266, 1231.699000000]: [Multi Floor Nav] Linear Error: 0.71, Angular Error: 0.18
[ INFO] [1774363039.912427206, 1231.699000000]: [Multi Floor Nav] Setting initial pose failed. Will Retry
[ INFO] [1774363040.117259241, 1231.900000000]: [Multi Floor Nav] Initializing Robot at x: 3.3, y: -0.2, yaw: 3.3 (region sigma: x=0.15, y=0.15, yaw=0.05)
[ INFO] [1774363040.117293393, 1231.900000000]: [Multi Floor Nav] Initializing Pose to x: 3.00, y: -0.50 at level: 1
[ INFO] [1774363041.131370664, 1232.903000000]: [Multi Floor Nav] Waiting for AMCL nomotion updates (1.0/3.0s)...
[ INFO] [1774363042.143971901, 1233.904000000]: [Multi Floor Nav] Waiting for AMCL nomotion updates (2.0/3.0s)...
[ INFO] [1774363043.152759642, 1234.903000000]: [Multi Floor Nav] Current Robot Pose, x: 3.47, y: 0.10, yaw: -2.99
[ INFO] [1774363043.152822779, 1234.903000000]: [Multi Floor Nav] Linear Error: 0.76, Angular Error: 0.15
[ INFO] [1774363043.152844360, 1234.903000000]: [Multi Floor Nav] Setting initial pose failed. Will Retry
[ INFO] [1774363043.358750141, 1235.106000000]: [Multi Floor Nav] Initializing Robot at x: 3.3, y: -0.2, yaw: 3.3 (region sigma: x=0.15, y=0.15, yaw=0.05)
[ INFO] [1774363043.358777379, 1235.106000000]: [Multi Floor Nav] Initializing Pose to x: 3.00, y: -0.50 at level: 1
[ INFO] [1774363044.370926950, 1236.108000000]: [Multi Floor Nav] Waiting for AMCL nomotion updates (1.0/3.0s)...
[ INFO] [1774363045.384118908, 1237.108000000]: [Multi Floor Nav] Waiting for AMCL nomotion updates (2.0/3.0s)...
[ INFO] [1774363046.395851803, 1238.108000000]: [Multi Floor Nav] Current Robot Pose, x: 3.49, y: 0.14, yaw: -2.97
[ INFO] [1774363046.395880927, 1238.108000000]: [Multi Floor Nav] Linear Error: 0.81, Angular Erro[ WARN] [1774363046.596939136, 1238.308000000]: [Multi Floor Nav] Initial pose perturbation applied: offset_x=0.30, offset_y=0.30, offset_theta=0.15
[ WARN] [1774363049.841044909, 1241.511000000]: [Multi Floor Nav] Initial pose perturbation applied: offset_x=0.30, offset_y=0.30, offset_theta=0.15
[ WARN] [1774363053.073910222, 1244.714000000]: [Multi Floor Nav] Initial pose perturbation applied: offset_x=0.30, offset_y=0.30, offset_theta=0.15
[ WARN] [1774363056.312599842, 1247.919000000]: [Multi Floor Nav] Initial pose perturbation applied: offset_x=0.30, offset_y=0.30, offset_theta=0.15
[ WARN] [1774363059.560471688, 1251.129000000]: [Multi Floor Nav] Initial pose perturbation applied: offset_x=0.30, offset_y=0.30, offset_theta=0.15
r: 0.17
[ INFO] [1774363046.395899155, 1238.108000000]: [Multi Floor Nav] Setting initial pose failed. Will Retry
[ INFO] [1774363046.598162762, 1238.309000000]: [Multi Floor Nav] Initializing Robot at x: 3.3, y: -0.2, yaw: 3.3 (region sigma: x=0.15, y=0.15, yaw=0.05)
[ INFO] [1774363046.598192305, 1238.309000000]: [Multi Floor Nav] Initializing Pose to x: 3.00, y: -0.50 at level: 1
[ INFO] [1774363047.613662499, 1239.312000000]: [Multi Floor Nav] Waiting for AMCL nomotion updates (1.0/3.0s)...
[ INFO] [1774363048.827106134, 1240.512000000]: [Multi Floor Nav] Waiting for AMCL nomotion updates (2.2/3.0s)...
[ INFO] [1774363049.638986357, 1241.312000000]: [Multi Floor Nav] Current Robot Pose, x: 3.43, y: 0.15, yaw: -2.98
[ INFO] [1774363049.639065767, 1241.312000000]: [Multi Floor Nav] Linear Error: 0.78, Angular Error: 0.16
[ INFO] [1774363049.639108161, 1241.313000000]: [Multi Floor Nav] Setting initial pose failed. Will Retry
[ INFO] [1774363049.842402282, 1241.512000000]: [Multi Floor Nav] Initializing Robot at x: 3.3, y: -0.2, yaw: 3.3 (region sigma: x=0.15, y=0.15, yaw=0.05)
[ INFO] [1774363049.842429590, 1241.512000000]: [Multi Floor Nav] Initializing Pose to x: 3.00, y: -0.50 at level: 1
[ INFO] [1774363050.853576374, 1242.515000000]: [Multi Floor Nav] Waiting for AMCL nomotion updates (1.0/3.0s)...
[ INFO] [1774363051.864885749, 1243.516000000]: [Multi Floor Nav] Waiting for AMCL nomotion updates (2.0/3.0s)...
[ INFO] [1774363052.871789022, 1244.515000000]: [Multi Floor Nav] Current Robot Pose, x: 3.48, y: 0.08, yaw: -2.97
[ INFO] [1774363052.871812838, 1244.515000000]: [Multi Floor Nav] Linear Error: 0.75, Angular Error: 0.17
[ INFO] [1774363052.871822337, 1244.515000000]: [Multi Floor Nav] Setting initial pose failed. Will Retry
[ INFO] [1774363053.075158014, 1244.716000000]: [Multi Floor Nav] Initializing Robot at x: 3.3, y: -0.2, yaw: 3.3 (region sigma: x=0.15, y=0.15, yaw=0.05)
[ INFO] [1774363053.075184763, 1244.716000000]: [Multi Floor Nav] Initializing Pose to x: 3.00, y: -0.50 at level: 1
[ INFO] [1774363054.088486163, 1245.719000000]: [Multi Floor Nav] Waiting for AMCL nomotion updates (1.0/3.0s)...
[ INFO] [1774363055.099707328, 1246.719000000]: [Multi Floor Nav] Waiting for AMCL nomotion updates (2.0/3.0s)...
[ INFO] [1774363056.110173295, 1247.719000000]: [Multi Floor Nav] Current Robot Pose, x: 3.47, y: 0.19, yaw: -3.01
[ INFO] [1774363056.110193479, 1247.719000000]: [Multi Floor Nav] Linear Error: 0.83, Angular Error: 0.13
[ INFO] [1774363056.110201092, 1247.719000000]: [Multi Floor Nav] Setting initial pose failed. Will Retry
[ INFO] [1774363056.316624958, 1247.923000000]: [Multi Floor Nav] Initializing Robot at x: 3.3, y: -0.2, yaw: 3.3 (region sigma: x=0.15, y=0.15, yaw=0.05)
[ INFO] [1774363056.316717429, 1247.923000000]: [Multi Floor Nav] Initializing Pose to x: 3.00, y: -0.50 at level: 1
[ INFO] [1774363057.328251764, 1248.926000000]: [Multi Floor Nav] Waiting for AMCL nomotion updates (1.0/3.0s)...
[ INFO] [1774363058.342509995, 1249.927000000]: [Multi Floor Nav] Waiting for AMCL nomotion updates (2.0/3.0s)...
[ INFO] [1774363059.355989281, 1250.927000000]: [Multi Floor Nav] Current Robot Pose, x: 3.31, y: 0.12, yaw: -2.95
[ INFO] [1774363059.356009814, 1250.927000000]: [Multi Floor Nav] Linear Error: 0.70, Angular Error: 0.19
[ INFO] [1774363059.356022176, 1250.927000000]: [Multi Floor Nav] Setting initial pose failed. Will Retry
[ INFO] [1774363059.562081749, 1251.131000000]: [Multi Floor Nav] Initializing Robot at x: 3.3, y: -0.2, yaw: 3.3 (region sigma: x=0.15, y=0.15, yaw=0.05)
[ INFO] [1774363059.562107031, 1251.131000000]: [Multi Floor Nav] Initializing Pose to x: 3.00, y: -0.50 at level: 1
[ INFO] [1774363060.574641988, 1252.134000000]: [Multi Floor Nav] Waiting for AMCL nomotion updates (1.0/3.0s)...
[ INFO] [1774363061.586210965, 1253.134000000]: [Multi Floor Nav] Waiting for AMCL nomotion updates (2.0/3.0s)...
[ INFO] [1774363062.597808437, 1254.134000000]: [Multi Floor Nav] Current Robot Pose, x: 3.44, y: 0.08, yaw: -2.99
[ INFO] [1774363062.597832044, 1254.134000000]: [Multi Floo[ WARN] [1774363062.799676252, 1254.334000000]: [Multi Floor Nav] Initial pose perturbation applied: offset_x=0.30, offset_y=0.30, offset_theta=0.15
[ WARN] [1774363066.047555850, 1257.542000000]: [Multi Floor Nav] Initial pose perturbation applied: offset_x=0.30, offset_y=0.30, offset_theta=0.15
[ WARN] [1774363069.288182320, 1260.746000000]: [Multi Floor Nav] Initial pose perturbation applied: offset_x=0.30, offset_y=0.30, offset_theta=0.15
[ WARN] [1774363072.525130508, 1263.952000000]: [Multi Floor Nav] Initial pose perturbation applied: offset_x=0.30, offset_y=0.30, offset_theta=0.15
[ WARN] [1774363075.760699741, 1267.156000000]: [Multi Floor Nav] Initial pose perturbation applied: offset_x=0.30, offset_y=0.30, offset_theta=0.15
r Nav] Linear Error: 0.73, Angular Error: 0.15
[ INFO] [1774363062.597844964, 1254.134000000]: [Multi Floor Nav] Setting initial pose failed. Will Retry
[ INFO] [1774363062.804155059, 1254.338000000]: [Multi Floor Nav] Initializing Robot at x: 3.3, y: -0.2, yaw: 3.3 (region sigma: x=0.15, y=0.15, yaw=0.05)
[ INFO] [1774363062.804231605, 1254.338000000]: [Multi Floor Nav] Initializing Pose to x: 3.00, y: -0.50 at level: 1
[ INFO] [1774363063.820541366, 1255.342000000]: [Multi Floor Nav] Waiting for AMCL nomotion updates (1.0/3.0s)...
[ INFO] [1774363064.836835342, 1256.342000000]: [Multi Floor Nav] Waiting for AMCL nomotion updates (2.0/3.0s)...
[ INFO] [1774363065.843139024, 1257.340000000]: [Multi Floor Nav] Current Robot Pose, x: 3.48, y: 0.08, yaw: -2.96
[ INFO] [1774363065.843159976, 1257.340000000]: [Multi Floor Nav] Linear Error: 0.75, Angular Error: 0.18
[ INFO] [1774363065.843169405, 1257.340000000]: [Multi Floor Nav] Setting initial pose failed. Will Retry
[ INFO] [1774363066.048749374, 1257.544000000]: [Multi Floor Nav] Initializing Robot at x: 3.3, y: -0.2, yaw: 3.3 (region sigma: x=0.15, y=0.15, yaw=0.05)
[ INFO] [1774363066.048779895, 1257.544000000]: [Multi Floor Nav] Initializing Pose to x: 3.00, y: -0.50 at level: 1
[ INFO] [1774363067.061521304, 1258.545000000]: [Multi Floor Nav] Waiting for AMCL nomotion updates (1.0/3.0s)...
[ INFO] [1774363068.074925092, 1259.548000000]: [Multi Floor Nav] Waiting for AMCL nomotion updates (2.0/3.0s)...
[ INFO] [1774363069.085530742, 1260.546000000]: [Multi Floor Nav] Current Robot Pose, x: 3.43, y: 0.04, yaw: -3.00
[ INFO] [1774363069.085550787, 1260.546000000]: [Multi Floor Nav] Linear Error: 0.69, Angular Error: 0.14
[ INFO] [1774363069.085560285, 1260.547000000]: [Multi Floor Nav] Setting initial pose failed. Will Retry
[ INFO] [1774363069.293234039, 1260.751000000]: [Multi Floor Nav] Initializing Robot at x: 3.3, y: -0.2, yaw: 3.3 (region sigma: x=0.15, y=0.15, yaw=0.05)
[ INFO] [1774363069.293298921, 1260.751000000]: [Multi Floor Nav] Initializing Pose to x: 3.00, y: -0.50 at level: 1
[ INFO] [1774363070.305372504, 1261.754000000]: [Multi Floor Nav] Waiting for AMCL nomotion updates (1.0/3.0s)...
[ INFO] [1774363071.516797087, 1262.953000000]: [Multi Floor Nav] Waiting for AMCL nomotion updates (2.2/3.0s)...
[ INFO] [1774363072.326192831, 1263.754000000]: [Multi Floor Nav] Current Robot Pose, x: 3.42, y: 0.01, yaw: -2.97
[ INFO] [1774363072.326222374, 1263.755000000]: [Multi Floor Nav] Linear Error: 0.66, Angular Error: 0.17
[ INFO] [1774363072.326235155, 1263.755000000]: [Multi Floor Nav] Setting initial pose failed. Will Retry
[ INFO] [1774363072.526283873, 1263.954000000]: [Multi Floor Nav] Initializing Robot at x: 3.3, y: -0.2, yaw: 3.3 (region sigma: x=0.15, y=0.15, yaw=0.05)
[ INFO] [1774363072.526308597, 1263.954000000]: [Multi Floor Nav] Initializing Pose to x: 3.00, y: -0.50 at level: 1
[ INFO] [1774363073.540009282, 1264.958000000]: [Multi Floor Nav] Waiting for AMCL nomotion updates (1.0/3.0s)...
[ INFO] [1774363074.748723448, 1266.156000000]: [Multi Floor Nav] Waiting for AMCL nomotion updates (2.2/3.0s)...
[ INFO] [1774363075.559572668, 1266.956000000]: [Multi Floor Nav] Current Robot Pose, x: 3.49, y: 0.00, yaw: -2.95
[ INFO] [1774363075.559594668, 1266.956000000]: [Multi Floor Nav] Linear Error: 0.70, Angular Error: 0.20
[ INFO] [1774363075.559603747, 1266.956000000]: [Multi Floor Nav] Setting initial pose failed. Will Retry
[ INFO] [1774363075.761717474, 1267.157000000]: [Multi Floor Nav] Initializing Robot at x: 3.3, y: -0.2, yaw: 3.3 (region sigma: x=0.15, y=0.15, yaw=0.05)
[ INFO] [1774363075.761743106, 1267.157000000]: [Multi Floor Nav] Initializing Pose to x: 3.00, y: -0.50 at level: 1
[ INFO] [1774363076.775440718, 1268.160000000]: [Multi Floor Nav] Waiting for AMCL nomotion updates (1.0/3.0s)...
[ INFO] [1774363077.787430491, 1269.160000000]: [Multi Floor Nav] Waiting for AMCL nomotion updates (2.0/3.0s)...
[ INFO] [1774363078.796080085, 1270.161000000]: [Multi Floor Nav] Current Robot Pose, x: 3.38, y: 0.02, yaw: -2.96
[ INFO] [1774363078.[ WARN] [1774363078.996900204, 1270.360000000]: [Multi Floor Nav] Initial pose perturbation applied: offset_x=0.30, offset_y=0.30, offset_theta=0.15
[ WARN] [1774363082.241161026, 1273.570000000]: [Multi Floor Nav] Initial pose perturbation applied: offset_x=0.30, offset_y=0.30, offset_theta=0.15
[ WARN] [1774363085.475641078, 1276.774000000]: [Multi Floor Nav] Initial pose perturbation applied: offset_x=0.30, offset_y=0.30, offset_theta=0.15
[ WARN] [1774363088.718247350, 1279.977000000]: [Multi Floor Nav] Initial pose perturbation applied: offset_x=0.30, offset_y=0.30, offset_theta=0.15
[ WARN] [1774363091.956193925, 1283.182000000]: [Multi Floor Nav] Initial pose perturbation applied: offset_x=0.30, offset_y=0.30, offset_theta=0.15
796124015, 1270.161000000]: [Multi Floor Nav] Linear Error: 0.64, Angular Error: 0.18
[ INFO] [1774363078.796154815, 1270.161000000]: [Multi Floor Nav] Setting initial pose failed. Will Retry
[ INFO] [1774363079.000576600, 1270.364000000]: [Multi Floor Nav] Initializing Robot at x: 3.3, y: -0.2, yaw: 3.3 (region sigma: x=0.15, y=0.15, yaw=0.05)
[ INFO] [1774363079.000647071, 1270.364000000]: [Multi Floor Nav] Initializing Pose to x: 3.00, y: -0.50 at level: 1
[ INFO] [1774363080.013915784, 1271.368000000]: [Multi Floor Nav] Waiting for AMCL nomotion updates (1.0/3.0s)...
[ INFO] [1774363081.024888034, 1272.368000000]: [Multi Floor Nav] Waiting for AMCL nomotion updates (2.0/3.0s)...
[ INFO] [1774363082.035124990, 1273.367000000]: [Multi Floor Nav] Current Robot Pose, x: 3.47, y: 0.17, yaw: -2.99
[ INFO] [1774363082.035196438, 1273.367000000]: [Multi Floor Nav] Linear Error: 0.82, Angular Error: 0.15
[ INFO] [1774363082.035230730, 1273.367000000]: [Multi Floor Nav] Setting initial pose failed. Will Retry
[ INFO] [1774363082.242359579, 1273.571000000]: [Multi Floor Nav] Initializing Robot at x: 3.3, y: -0.2, yaw: 3.3 (region sigma: x=0.15, y=0.15, yaw=0.05)
[ INFO] [1774363082.242387795, 1273.571000000]: [Multi Floor Nav] Initializing Pose to x: 3.00, y: -0.50 at level: 1
[ INFO] [1774363083.251854397, 1274.573000000]: [Multi Floor Nav] Waiting for AMCL nomotion updates (1.0/3.0s)...
[ INFO] [1774363084.263269024, 1275.573000000]: [Multi Floor Nav] Waiting for AMCL nomotion updates (2.0/3.0s)...
[ INFO] [1774363085.275138110, 1276.574000000]: [Multi Floor Nav] Current Robot Pose, x: 3.48, y: 0.08, yaw: -2.97
[ INFO] [1774363085.275205787, 1276.574000000]: [Multi Floor Nav] Linear Error: 0.75, Angular Error: 0.17
[ INFO] [1774363085.275241476, 1276.574000000]: [Multi Floor Nav] Setting initial pose failed. Will Retry
[ INFO] [1774363085.476692265, 1276.775000000]: [Multi Floor Nav] Initializing Robot at x: 3.3, y: -0.2, yaw: 3.3 (region sigma: x=0.15, y=0.15, yaw=0.05)
[ INFO] [1774363085.476740316, 1276.775000000]: [Multi Floor Nav] Initializing Pose to x: 3.00, y: -0.50 at level: 1
[ INFO] [1774363086.491937289, 1277.778000000]: [Multi Floor Nav] Waiting for AMCL nomotion updates (1.0/3.0s)...
[ INFO] [1774363087.505998636, 1278.778000000]: [Multi Floor Nav] Waiting for AMCL nomotion updates (2.0/3.0s)...
[ INFO] [1774363088.517741030, 1279.777000000]: [Multi Floor Nav] Current Robot Pose, x: 3.50, y: 0.19, yaw: -2.99
[ INFO] [1774363088.517761773, 1279.777000000]: [Multi Floor Nav] Linear Error: 0.85, Angular Error: 0.15
[ INFO] [1774363088.517771271, 1279.777000000]: [Multi Floor Nav] Setting initial pose failed. Will Retry
[ INFO] [1774363088.719682108, 1279.979000000]: [Multi Floor Nav] Initializing Robot at x: 3.3, y: -0.2, yaw: 3.3 (region sigma: x=0.15, y=0.15, yaw=0.05)
[ INFO] [1774363088.719775556, 1279.979000000]: [Multi Floor Nav] Initializing Pose to x: 3.00, y: -0.50 at level: 1
[ INFO] [1774363089.734221242, 1280.982000000]: [Multi Floor Nav] Waiting for AMCL nomotion updates (1.0/3.0s)...
[ INFO] [1774363090.946013191, 1282.181000000]: [Multi Floor Nav] Waiting for AMCL nomotion updates (2.2/3.0s)...
[ INFO] [1774363091.756333989, 1282.983000000]: [Multi Floor Nav] Current Robot Pose, x: 3.46, y: 0.12, yaw: -3.00
[ INFO] [1774363091.756400688, 1282.983000000]: [Multi Floor Nav] Linear Error: 0.78, Angular Error: 0.15
[ INFO] [1774363091.756437425, 1282.983000000]: [Multi Floor Nav] Setting initial pose failed. Will Retry
[ INFO] [1774363091.957440040, 1283.183000000]: [Multi Floor Nav] Initializing Robot at x: 3.3, y: -0.2, yaw: 3.3 (region sigma: x=0.15, y=0.15, yaw=0.05)
[ INFO] [1774363091.957478802, 1283.183000000]: [Multi Floor Nav] Initializing Pose to x: 3.00, y: -0.50 at level: 1
[ INFO] [1774363092.972722918, 1284.187000000]: [Multi Floor Nav] Waiting for AMCL nomotion updates (1.0/3.0s)...
[ INFO] [1774363093.986897828, 1285.188000000]: [Multi Floor Nav] Waiting for AMCL nomotion updates (2.0/3.0s)...
[ INFO] [1774363094.995144645, 1286.185000000]: [Multi Floor Nav] Current Robot Pose, x: 3.43, y[ WARN] [1774363095.200351940, 1286.388000000]: [Multi Floor Nav] Initial pose perturbation applied: offset_x=0.30, offset_y=0.30, offset_theta=0.15
: 0.05, yaw: -2.98
[ INFO] [1774363094.995173769, 1286.185000000]: [Multi Floor Nav] Linear Error: 0.70, Angular Error: 0.16
[ INFO] [1774363094.995187109, 1286.185000000]: [Multi Floor Nav] Setting initial pose failed. Will Retry
[ INFO] [1774363095.201678163, 1286.390000000]: [Multi Floor Nav] Initializing Robot at x: 3.3, y: -0.2, yaw: 3.3 (region sigma: x=0.15, y=0.15, yaw=0.05)
[ INFO] [1774363095.201713503, 1286.390000000]: [Multi Floor Nav] Initializing Pose to x: 3.00, y: -0.50 at level: 1
[ INFO] [1774363096.214329476, 1287.392000000]: [Multi Floor Nav] Waiting for AMCL nomotion updates (1.0/3.0s)...
[ INFO] [1774363097.229808051, 1288.394000000]: [Multi Floor Nav] Waiting for AMCL nomotion updates (2.0/3.0s)...
[ INFO] [1774362862.443874456, 1056.045000000]: global_costmap: Using plugin "static_layer"
[ INFO] [1774362862.447988760, 1056.049000000]: Requesting the map...
[ INFO] [1774362893.406407309, 1086.652000000]: Resizing costmap to 992 X 992 at 0.020000 m/pix
[ INFO] [1774362893.507022354, 1086.751000000]: Received a 992 X 992 map at 0.020000 m/pix
[ INFO] [1774362893.513259356, 1086.757000000]: global_costmap: Using plugin "obstacles_layer"
[ INFO] [1774362893.518395094, 1086.763000000]:     Subscribed to Topics: scan
[ INFO] [1774362893.527565237, 1086.772000000]: global_costmap: Using plugin "inflater_layer"
[ INFO] [1774362893.549264070, 1086.794000000]: local_costmap: Using plugin "obstacles_layer"
[ INFO] [1774362893.551732974, 1086.796000000]:     Subscribed to Topics: scan
[ INFO] [1774362893.561098534, 1086.806000000]: local_costmap: Using plugin "inflater_layer"
[ INFO] [1774362893.592289340, 1086.836000000]: Created local_planner base_local_planner/TrajectoryPlannerROS
[ INFO] [1774362893.597147807, 1086.841000000]: Sim period is set to 0.05
[ INFO] [1774362893.686965188, 1086.931000000]: Recovery behavior will clear layer 'obstacles'
[ INFO] [1774362893.690434434, 1086.934000000]: Recovery behavior will clear layer 'obstacles'
[ INFO] [1774362893.778841502, 1087.022000000]: odom received!
[WARN] [1774363112.585486, 1288.696000]: Controller Spawner error while taking down controllers: transport error completing service call: unable to receive data from sender, check sender's logs for details
[31m[urdf_spawner-8] process has died [pid 140328, exit code 1, cmd /opt/ros/noetic/lib/gazebo_ros/spawn_model -urdf -model jackal -param robot_description -x 4.0 -y -5.0 -z 0.5 __name:=urdf_spawner __log:=/home/eethanhe/.ros/log/89c56cf0-278e-11f1-8845-1536d44dd856/urdf_spawner-8.log].
log file: /home/eethanhe/.ros/log/89c56cf0-278e-11f1-8845-1536d44dd856/urdf_spawner-8*.log[0m
[31m[controller_spawner-4] escalating to SIGTERM[0m
[31m[gazebo-2] escalating to SIGTERM[0m

auto-starting new master
[1mprocess[master]: started with pid [140277][0m
[1mROS_MASTER_URI=http://localhost:11311[0m
]2;/home/eethanhe/catkin_ws/src/robot-multi-floor-navigation/multi_floor_nav/launch/nav.launch http://localhost:11311
[1msetting /run_id to 89c56cf0-278e-11f1-8845-1536d44dd856[0m
[1mprocess[rosout-1]: started with pid [140302][0m
started core service [/rosout]
[1mprocess[gazebo-2]: started with pid [140309][0m
[1mprocess[robot_state_publisher-3]: started with pid [140312][0m
[1mprocess[controller_spawner-4]: started with pid [140315][0m
[1mprocess[ekf_localization-5]: started with pid [140316][0m
[1mprocess[twist_mux-6]: started with pid [140317][0m
[1mprocess[twist_marker_server-7]: started with pid [140319][0m
[1mprocess[urdf_spawner-8]: started with pid [140328][0m
[1mprocess[map_server0-9]: started with pid [140334][0m
[1mprocess[map_server1-10]: started with pid [140340][0m
[1mprocess[amcl-11]: started with pid [140344][0m
[1mprocess[move_base-12]: started with pid [140346][0m
[1mprocess[rviz-13]: started with pid [140351][0m
[1mprocess[change_map_node-14]: started with pid [140357][0m
[1mprocess[multi_floor_navigation_node-15]: started with pid [140369][0m
[multi_floor_navigation_node-15] killing on exit
[change_map_node-14] killing on exit
[rviz-13] killing on exit
[move_base-12] killing on exit
[amcl-11] killing on exit
[map_server1-10] killing on exit
[map_server0-9] killing on exit
[twist_marker_server-7] killing on exit
[twist_mux-6] killing on exit
[ekf_localization-5] killing on exit
[controller_spawner-4] killing on exit
[robot_state_publisher-3] killing on exit
[gazebo-2] killing on exit
[rosout-1] killing on exit
[master] killing on exit
shutting down processing monitor...
... shutting down processing monitor complete
[1mdone[0m
