xacro: in-order processing became default in ROS Melodic. You can drop the option.
... logging to /home/eethanhe/.ros/log/0079fd76-2789-11f1-8845-1536d44dd856/roslaunch-eethanhe-Lenovo-Legion-R9000P2021H-96028.log
Checking log directory for disk usage. This may take a while.
Press Ctrl-C to interrupt
Done checking log file disk usage. Usage is <1GB.
]2;/home/eethanhe/catkin_ws/src/robot-multi-floor-navigation/multi_floor_nav/launch/nav.launch
[1mstarted roslaunch server http://eethanhe-Lenovo-Legion-R9000P2021H:44835/[0m

SUMMARY
========

PARAMETERS
 * /amcl/auto_update_noise: 0.0
 * /amcl/base_frame_id: base_link
 * /amcl/expected_laser_freq: 5.0
 * /amcl/first_map_only: False
 * /amcl/global_frame_id: map
 * /amcl/gui_publish_rate: 10.0
 * /amcl/initial_pose_a: 0.0
 * /amcl/initial_pose_x: 0.0
 * /amcl/initial_pose_y: 0.0
 * /amcl/kld_err: 0.05
 * /amcl/kld_z: 0.99
 * /amcl/laser_lambda_short: 0.1
 * /amcl/laser_likelihood_max_dist: 2.0
 * /amcl/laser_max_beams: 720
 * /amcl/laser_max_range: 30.0
 * /amcl/laser_min_range: 0.1
 * /amcl/laser_model_type: likelihood_field
 * /amcl/laser_sigma_hit: 0.2
 * /amcl/laser_z_hit: 0.5
 * /amcl/laser_z_max: 0.05
 * /amcl/laser_z_rand: 0.5
 * /amcl/laser_z_short: 0.05
 * /amcl/max_particles: 2000
 * /amcl/min_particles: 500
 * /amcl/odom_alpha1: 0.2
 * /amcl/odom_alpha2: 0.2
 * /amcl/odom_alpha3: 0.2
 * /amcl/odom_alpha4: 0.2
 * /amcl/odom_alpha5: 0.1
 * /amcl/odom_frame_id: odom
 * /amcl/odom_model_type: diff
 * /amcl/odom_update_interval: 0.1
 * /amcl/recovery_alpha_fast: 0.1
 * /amcl/recovery_alpha_slow: 0.001
 * /amcl/resample_interval: 1
 * /amcl/transform_tolerance: 1.0
 * /amcl/update_min_a: 0.3927
 * /amcl/update_min_d: 0.1
 * /amcl/use_map_topic: False
 * /ekf_localization/base_link_frame: base_link
 * /ekf_localization/frequency: 50
 * /ekf_localization/imu0: /imu/data
 * /ekf_localization/imu0_config: [False, False, Fa...
 * /ekf_localization/imu0_differential: False
 * /ekf_localization/odom0: /jackal_velocity_...
 * /ekf_localization/odom0_config: [False, False, Fa...
 * /ekf_localization/odom0_differential: False
 * /ekf_localization/odom_frame: odom
 * /ekf_localization/predict_to_current_time: True
 * /ekf_localization/world_frame: odom
 * /gazebo/enable_ros_network: True
 * /jackal_joint_publisher/publish_rate: 50
 * /jackal_joint_publisher/type: joint_state_contr...
 * /jackal_velocity_controller/angular/z/has_acceleration_limits: True
 * /jackal_velocity_controller/angular/z/has_velocity_limits: True
 * /jackal_velocity_controller/angular/z/max_acceleration: 25.0
 * /jackal_velocity_controller/angular/z/max_velocity: 4.0
 * /jackal_velocity_controller/cmd_vel_timeout: 0.25
 * /jackal_velocity_controller/enable_odom_tf: False
 * /jackal_velocity_controller/k_l: 0.1
 * /jackal_velocity_controller/k_r: 0.1
 * /jackal_velocity_controller/left_wheel: ['front_left_whee...
 * /jackal_velocity_controller/linear/x/has_acceleration_limits: True
 * /jackal_velocity_controller/linear/x/has_velocity_limits: True
 * /jackal_velocity_controller/linear/x/max_acceleration: 20.0
 * /jackal_velocity_controller/linear/x/max_velocity: 2.0
 * /jackal_velocity_controller/pose_covariance_diagonal: [0.001, 0.001, 10...
 * /jackal_velocity_controller/publish_cmd: True
 * /jackal_velocity_controller/publish_rate: 50
 * /jackal_velocity_controller/right_wheel: ['front_right_whe...
 * /jackal_velocity_controller/twist_covariance_diagonal: [0.001, 0.001, 0....
 * /jackal_velocity_controller/type: diff_drive_contro...
 * /jackal_velocity_controller/wheel_radius_multiplier: 1.0
 * /jackal_velocity_controller/wheel_separation_multiplier: 1.5
 * /move_base/NavfnROS/allow_unknown: True
 * /move_base/TrajectoryPlannerROS/acc_lim_theta: 20.0
 * /move_base/TrajectoryPlannerROS/acc_lim_x: 10.0
 * /move_base/TrajectoryPlannerROS/angular_sim_granularity: 0.02
 * /move_base/TrajectoryPlannerROS/controller_frequency: 20.0
 * /move_base/TrajectoryPlannerROS/dwa: True
 * /move_base/TrajectoryPlannerROS/escape_reset_dist: 0.1
 * /move_base/TrajectoryPlannerROS/escape_reset_theta: 0.1
 * /move_base/TrajectoryPlannerROS/escape_vel: -0.5
 * /move_base/TrajectoryPlannerROS/gdist_scale: 1.0
 * /move_base/TrajectoryPlannerROS/heading_lookahead: 0.325
 * /move_base/TrajectoryPlannerROS/heading_scoring: False
 * /move_base/TrajectoryPlannerROS/heading_scoring_timestep: 0.8
 * /move_base/TrajectoryPlannerROS/holonomic_robot: False
 * /move_base/TrajectoryPlannerROS/latch_xy_goal_tolerance: False
 * /move_base/TrajectoryPlannerROS/max_vel_theta: 1.57
 * /move_base/TrajectoryPlannerROS/max_vel_x: 0.5
 * /move_base/TrajectoryPlannerROS/meter_scoring: True
 * /move_base/TrajectoryPlannerROS/min_in_place_vel_theta: 0.314
 * /move_base/TrajectoryPlannerROS/min_vel_theta: -1.57
 * /move_base/TrajectoryPlannerROS/min_vel_x: 0.1
 * /move_base/TrajectoryPlannerROS/occdist_scale: 0.1
 * /move_base/TrajectoryPlannerROS/oscillation_reset_dist: 0.05
 * /move_base/TrajectoryPlannerROS/pdist_scale: 0.75
 * /move_base/TrajectoryPlannerROS/publish_cost_grid_pc: True
 * /move_base/TrajectoryPlannerROS/sim_granularity: 0.02
 * /move_base/TrajectoryPlannerROS/sim_time: 2.0
 * /move_base/TrajectoryPlannerROS/simple_attractor: False
 * /move_base/TrajectoryPlannerROS/vtheta_samples: 20
 * /move_base/TrajectoryPlannerROS/vx_samples: 6
 * /move_base/TrajectoryPlannerROS/xy_goal_tolerance: 0.25
 * /move_base/TrajectoryPlannerROS/yaw_goal_tolerance: 0.157
 * /move_base/base_global_planner: navfn/NavfnROS
 * /move_base/base_local_planner: base_local_planne...
 * /move_base/clearing_rotation_allowed: True
 * /move_base/controller_frequency: 20.0
 * /move_base/controller_patience: 15.0
 * /move_base/global_costmap/footprint: [[-0.21, -0.165],...
 * /move_base/global_costmap/footprint_padding: 0.1
 * /move_base/global_costmap/global_frame: map
 * /move_base/global_costmap/height: 40.0
 * /move_base/global_costmap/inflater_layer/inflation_radius: 0.3
 * /move_base/global_costmap/map_type: costmap
 * /move_base/global_costmap/meter_scoring: True
 * /move_base/global_costmap/obstacle_range: 2.5
 * /move_base/global_costmap/obstacles_layer/observation_sources: scan
 * /move_base/global_costmap/obstacles_layer/scan/clearing: True
 * /move_base/global_costmap/obstacles_layer/scan/data_type: LaserScan
 * /move_base/global_costmap/obstacles_layer/scan/marking: True
 * /move_base/global_costmap/obstacles_layer/scan/max_obstacle_height: 2.0
 * /move_base/global_costmap/obstacles_layer/scan/min_obstacle_height: -2.0
 * /move_base/global_costmap/obstacles_layer/scan/obstacle_range: 2.5
 * /move_base/global_costmap/obstacles_layer/scan/raytrace_range: 3.0
 * /move_base/global_costmap/obstacles_layer/scan/sensor_frame: front_laser
 * /move_base/global_costmap/obstacles_layer/scan/topic: front/scan
 * /move_base/global_costmap/origin_x: -20.0
 * /move_base/global_costmap/origin_y: -20.0
 * /move_base/global_costmap/origin_z: 0.0
 * /move_base/global_costmap/plugins: [{'name': 'static...
 * /move_base/global_costmap/publish_frequency: 5.0
 * /move_base/global_costmap/publish_voxel_map: False
 * /move_base/global_costmap/raytrace_range: 3.0
 * /move_base/global_costmap/resolution: 0.05
 * /move_base/global_costmap/robot_base_frame: base_link
 * /move_base/global_costmap/rolling_window: False
 * /move_base/global_costmap/static_map: True
 * /move_base/global_costmap/transform_tolerance: 0.5
 * /move_base/global_costmap/update_frequency: 20.0
 * /move_base/global_costmap/width: 40.0
 * /move_base/global_costmap/z_resolution: 1
 * /move_base/global_costmap/z_voxels: 2
 * /move_base/local_costmap/footprint: [[-0.21, -0.165],...
 * /move_base/local_costmap/footprint_padding: 0.1
 * /move_base/local_costmap/global_frame: map
 * /move_base/local_costmap/height: 10.0
 * /move_base/local_costmap/inflater_layer/inflation_radius: 0.3
 * /move_base/local_costmap/map_type: costmap
 * /move_base/local_costmap/meter_scoring: True
 * /move_base/local_costmap/obstacle_range: 2.5
 * /move_base/local_costmap/obstacles_layer/observation_sources: scan
 * /move_base/local_costmap/obstacles_layer/scan/clearing: True
 * /move_base/local_costmap/obstacles_layer/scan/data_type: LaserScan
 * /move_base/local_costmap/obstacles_layer/scan/marking: True
 * /move_base/local_costmap/obstacles_layer/scan/max_obstacle_height: 2.0
 * /move_base/local_costmap/obstacles_layer/scan/min_obstacle_height: -2.0
 * /move_base/local_costmap/obstacles_layer/scan/obstacle_range: 2.5
 * /move_base/local_costmap/obstacles_layer/scan/raytrace_range: 3.0
 * /move_base/local_costmap/obstacles_layer/scan/sensor_frame: front_laser
 * /move_base/local_costmap/obstacles_layer/scan/topic: front/scan
 * /move_base/local_costmap/origin_z: 0.0
 * /move_base/local_costmap/plugins: [{'name': 'obstac...
 * /move_base/local_costmap/publish_frequency: 5.0
 * /move_base/local_costmap/publish_voxel_map: False
 * /move_base/local_costmap/raytrace_range: 3.0
 * /move_base/local_costmap/resolution: 0.05
 * /move_base/local_costmap/robot_base_frame: base_link
 * /move_base/local_costmap/rolling_window: True
 * /move_base/local_costmap/static_map: False
 * /move_base/local_costmap/transform_tolerance: 0.5
 * /move_base/local_costmap/update_frequency: 20.0
 * /move_base/local_costmap/width: 10.0
 * /move_base/local_costmap/z_resolution: 1
 * /move_base/local_costmap/z_voxels: 2
 * /move_base/oscillation_distance: 0.5
 * /move_base/oscillation_timeout: 0.0
 * /move_base/planner_frequency: 20.0
 * /move_base/planner_patience: 5.0
 * /move_base/recovery_behavior_enabled: True
 * /move_base/shutdown_costmaps: False
 * /multi_floor_navigation_node/init_pose_offset_theta: 0.15
 * /multi_floor_navigation_node/init_pose_offset_x: 0.3
 * /multi_floor_navigation_node/init_pose_offset_y: 0.3
 * /multi_floor_navigation_node/region_init_sigma_x: 0.15
 * /multi_floor_navigation_node/region_init_sigma_y: 0.15
 * /multi_floor_navigation_node/region_init_sigma_yaw: 0.05
 * /robot_description: <?xml version="1....
 * /rosdistro: noetic
 * /rosversion: 1.17.0
 * /twist_marker_server/link_name: base_link
 * /twist_mux/locks: [{'name': 'e_stop...
 * /twist_mux/topics: [{'name': 'joy', ...
 * /use_gui: True
 * /use_sim_time: True

NODES
  /
    amcl (amcl/amcl)
    change_map_node (multi_floor_nav/change_map_node)
    controller_spawner (controller_manager/spawner)
    ekf_localization (robot_localization/ekf_localization_node)
    gazebo (gazebo_ros/gzserver)
    map_server0 (map_server/map_server)
    map_server1 (map_server/map_server)
    move_base (move_base/move_base)
    multi_floor_navigation_node (multi_floor_nav/multi_floor_navigation_node)
    robot_state_publisher (robot_state_publisher/robot_state_publisher)
    rviz (rviz/rviz)
    twist_marker_server (interactive_marker_twist_server/marker_server)
    twist_mux (twist_mux/twist_mux)
    urdf_spawner (gazebo_ros/spawn_model)
[ INFO] [1774360481.086084208]: Finished loading Gazebo ROS API Plugin.
[ INFO] [1774360481.091428634]: waitForService: Service [/gazebo/set_physics_properties] has not been advertised, waiting...
[1;33mWarning [Model.cc:216][0m Non-unique name[door] detected 2 times in XML children of model with name[elevator].
[1;33mWarning [Model.cc:309][0m Joint with name [door] in model with name [elevator] has a name collision, changing joint name to [door_joint].
[ INFO] [1774360482.670402821]: waitForService: Service [/gazebo/set_physics_properties] is now available.
[ INFO] [1774360482.784867961, 1054.801000000]: Physics dynamic reconfigure ready.
[1;33mWarning [parser_urdf.cc:1161][0m multiple inconsistent <gravity> exists due to fixed joint reduction overwriting previous value [true] with [false].
[1;33mWarning [parser_urdf.cc:1161][0m multiple inconsistent <gravity> exists due to fixed joint reduction overwriting previous value [false] with [true].
[ERROR] [1774360483.443596619, 1055.000000000]: No p gain specified for pid.  Namespace: /gazebo_ros_control/pid_gains/front_left_wheel
[ERROR] [1774360483.444061345, 1055.000000000]: No p gain specified for pid.  Namespace: /gazebo_ros_control/pid_gains/front_right_wheel
[ERROR] [1774360483.444493875, 1055.000000000]: No p gain specified for pid.  Namespace: /gazebo_ros_control/pid_gains/rear_left_wheel
[ERROR] [1774360483.444910201, 1055.000000000]: No p gain specified for pid.  Namespace: /gazebo_ros_control/pid_gains/rear_right_wheel
[ WARN] [1774360483.488979046, 1055.002000000]: Failed to meet update rate! Took 1055.0019999999999527
[ WARN] [1774360483.489033941, 1055.002000000]: Timed out waiting for transform from base_link to map to become available before running costmap, tf error: canTransform: target_frame map does not exist.. canTransform returned after 1055 timeout was 0.1.
[ WARN] [1774360483.490061801, 1055.003000000]: Failed to meet update rate! Took 1054.9829999999999472
[ WARN] [1774360483.743461532]: Interactive marker 'robot_twist_marker' contains unnormalized quaternions. This warning will only be output once but may be true for others; enable DEBUG messages for ros.rviz.quaternions to see more details.
[ WARN] [1774360484.742620201, 1056.246000000]: global_costmap: Pre-Hydro parameter "static_map" unused since "plugins" is provided
[ WARN] [1774360484.742876380, 1056.247000000]: global_costmap: Pre-Hydro parameter "map_type" unused since "plugins" is provided
[ WARN] [1774360515.679082830, 1086.804000000]: [Multi Floor Nav] Initial pose perturbation applied: offset_x=0.30, offset_y=0.30, offset_theta=0.15
[ WARN] [1774360515.764746098, 1086.889000000]: local_costmap: Pre-Hydro parameter "static_map" unused since "plugins" is provided
[ WARN] [1774360515.764949337, 1086.889000000]: local_costmap: Pre-Hydro parameter "map_type" unused since "plugins" is provided
[ WARN] [1774360515.801581439, 1086.926000000]: Parameter pdist_scale is deprecated. Please use the name path_distance_bias instead.
[ WARN] [1774360515.802141430, 1086.926000000]: Parameter gdist_scale is deprecated. Please use the name goal_distance_bias instead.
[ WARN] [1774360598.569174293, 1168.811000000]: [Multi Floor Nav] Initial pose perturbation applied: offset_x=0.30, offset_y=0.30, offset_theta=0.15
[ INFO] [1774360515.560093626, 1086.686000000]: [Multi Floor Nav] Successfully loaded map for level: 0
[ INFO] [1774360515.680618579, 1086.805000000]: [Multi Floor Nav] Initializing Robot at x: 4.3, y: -4.7, yaw: 0.1 (region sigma: x=0.15, y=0.15, yaw=0.05)
[ INFO] [1774360515.680659157, 1086.805000000]: [Multi Floor Nav] Initializing Pose to x: 4.00, y: -5.00 at level: 0
[ INFO] [1774360516.695791177, 1087.808000000]: [Multi Floor Nav] Waiting for AMCL nomotion updates (1.0/3.0s)...
[ INFO] [1774360517.707337944, 1088.809000000]: [Multi Floor Nav] Waiting for AMCL nomotion updates (2.0/3.0s)...
[ INFO] [1774360518.713783334, 1089.808000000]: [Multi Floor Nav] Current Robot Pose, x: 4.17, y: -4.80, yaw: 0.14
[ INFO] [1774360518.713804427, 1089.808000000]: [Multi Floor Nav] Linear Error: 0.26, Angular Error: 0.14
[ INFO] [1774360518.713821468, 1089.808000000]: [Multi Floor Nav] Robot at correct pose
[ INFO] [1774360518.713838300, 1089.808000000]: [Multi Floor Nav] RELOC_PASS: linear_error=0.2619, angular_error=0.1360, tr_sigma=0.0226, C_t=0.9777
[ INFO] [1774360519.725142996, 1090.808000000]: [Multi Floor Nav] POST_PASS: dt=1.000s, linear_error=0.2527, angular_error=0.1365
[ INFO] [1774360519.725167370, 1090.808000000]: [Multi Floor Nav] Will send goal to x: 3, y: -0, at level: 0
[ INFO] [1774360519.725179174, 1090.808000000]: [Multi Floor Nav] Sending Robot to x: 3.0, y: -0.5, yaw: 3.1
[ INFO] [1774360519.926778726, 1091.008000000]: [Multi Floor Nav] POST_PASS: dt=1.200s, linear_error=0.2527, angular_error=0.1365
[ INFO] [1774360520.129756674, 1091.208000000]: [Multi Floor Nav] POST_PASS: dt=1.400s, linear_error=0.3265, angular_error=0.2724
[ INFO] [1774360520.331058771, 1091.408000000]: [Multi Floor Nav] POST_PASS: dt=1.600s, linear_error=0.4156, angular_error=0.4254
[ INFO] [1774360520.533698405, 1091.608000000]: [Multi Floor Nav] POST_PASS: dt=1.800s, linear_error=0.4156, angular_error=0.4254
[ INFO] [1774360520.737083251, 1091.808000000]: [Multi Floor Nav] POST_PASS: dt=2.000s, linear_error=0.5272, angular_error=0.7450
[ INFO] [1774360561.159992610, 1131.808000000]: [Multi Floor Nav] Requesting Lift to Level 0
[ INFO] [1774360561.362652778, 1132.008000000]: [Multi Floor Nav] Entering Lift at Level 0
[ INFO] [1774360578.733766926, 1149.208000000]: [Multi Floor Nav] Requesting Lift to Level 1
[ INFO] [1774360585.793586616, 1156.210000000]: [Multi Floor Nav] Exiting Lift at Level 1
[ INFO] [1774360598.442795350, 1168.687000000]: [Multi Floor Nav] Successfully loaded map for level: 1
[ INFO] [1774360598.570441990, 1168.813000000]: [Multi Floor Nav] Initializing Robot at x: 3.3, y: -0.2, yaw: 3.3 (region sigma: x=0.15, y=0.15, yaw=0.05)
[ INFO] [1774360598.570470136, 1168.813000000]: [Multi Floor Nav] Initializing Pose to x: 3.00, y: -0.50 at level: 1
[ INFO] [1774360599.590977591, 1169.817000000]: [Multi Floor Nav] Waiting for AMCL nomotion updates (1.0/3.0s)...
[ INFO] [1774360600.812521604, 1171.016000000]: [Multi Floor Nav] Waiting for AMCL nomotion updates (2.2/3.0s)...
[ INFO] [1774360601.624458678, 1171.816000000]: [Multi Floor Nav] Current Robot Pose, x: 3.39, y: -0.53, yaw: -3.09
[ INFO] [1774360601.624486824, 1171.817000000]: [Multi Floor Nav] Linear Error: 0.39, Angular Error: 0.06
[ INFO] [1774360601.624495974, 1171.817000000]: [Multi Floor Nav] Robot at correct pose
[ INFO] [1774360601.624512177, 1171.817000000]: [Multi Floor Nav] RELOC_PASS: linear_error=0.3947, angular_error=0.0556, tr_sigma=0.0039, C_t=0.9961
[ INFO] [1774360602.642214301, 1172.818000000]: [Multi Floor Nav] POST_PASS: dt=1.001s, linear_error=0.3981, angular_error=0.0549
[ INFO] [1774360602.642271990, 1172.818000000]: [Multi Floor Nav] Will send goal to x: 4, y: 5, at level: 1
[ INFO] [1774360602.642299229, 1172.818000000]: [Multi Floor Nav] Sending Robot to x: 4.0, y: 5.0, yaw: 0.0
[ INFO] [1774360602.845083924, 1173.017000000]: [Multi Floor Nav] POST_PASS: dt=1.200s, linear_error=0.3981, angular_error=0.0549
[ INFO] [1774360603.049415125, 1173.217000000]: [Multi Floor Nav] POST_PASS: dt=1.400s, linear_error=0.3981, angular_error=0.0549
[ [ WARN] [1774360633.277543621, 1202.968000000]: Clearing both costmaps outside a square (3.00m) large centered on the robot.
[ WARN] [1774360638.386879215, 1208.018000000]: Rotate recovery behavior started.
[ WARN] [1774360647.831871904, 1217.319000000]: Clearing both costmaps outside a square (1.84m) large centered on the robot.
[ WARN] [1774360652.950696538, 1222.368000000]: Rotate recovery behavior started.
[ERROR] [1774360661.546393348, 1230.818000000]: Aborting because a valid plan could not be found. Even after executing all recovery behaviors
INFO] [1774360603.251173218, 1173.417000000]: [Multi Floor Nav] POST_PASS: dt=1.600s, linear_error=0.2864, angular_error=0.0948
[ INFO] [1774360603.455056593, 1173.617000000]: [Multi Floor Nav] POST_PASS: dt=1.800s, linear_error=0.1795, angular_error=0.3672
[ INFO] [1774360603.658873898, 1173.817000000]: [Multi Floor Nav] POST_PASS: dt=2.000s, linear_error=0.0990, angular_error=0.7254
[ INFO] [1774360484.743320504, 1056.247000000]: global_costmap: Using plugin "static_layer"
[ INFO] [1774360484.747247841, 1056.251000000]: Requesting the map...
[ INFO] [1774360515.628721599, 1086.753000000]: Resizing costmap to 992 X 992 at 0.020000 m/pix
[ INFO] [1774360515.728178948, 1086.852000000]: Received a 992 X 992 map at 0.020000 m/pix
[ INFO] [1774360515.730401590, 1086.855000000]: global_costmap: Using plugin "obstacles_layer"
[ INFO] [1774360515.733815382, 1086.858000000]:     Subscribed to Topics: scan
[ INFO] [1774360515.743246802, 1086.867000000]: global_costmap: Using plugin "inflater_layer"
[ INFO] [1774360515.765364825, 1086.890000000]: local_costmap: Using plugin "obstacles_layer"
[ INFO] [1774360515.767657658, 1086.892000000]:     Subscribed to Topics: scan
[ INFO] [1774360515.777961052, 1086.902000000]: local_costmap: Using plugin "inflater_layer"
[ INFO] [1774360515.795219700, 1086.919000000]: Created local_planner base_local_planner/TrajectoryPlannerROS
[ INFO] [1774360515.799309000, 1086.923000000]: Sim period is set to 0.05
[ INFO] [1774360515.849120437, 1086.973000000]: Recovery behavior will clear layer 'obstacles'
[ INFO] [1774360515.852799627, 1086.977000000]: Recovery behavior will clear layer 'obstacles'
[ INFO] [1774360515.941154942, 1087.063000000]: odom received!
[ INFO] [1774360483.223281032, 1055.000000000]: Laser Plugin: Using the 'robotNamespace' param: '/'
[ INFO] [1774360483.223311483, 1055.000000000]: Starting Laser Plugin (ns = /)
[ INFO] [1774360483.224236327, 1055.000000000]: Laser Plugin (ns = /)  <tf_prefix_>, set to ""
[ INFO] [1774360483.331689501, 1055.000000000]: Loading gazebo_ros_control plugin
[ INFO] [1774360483.331757177, 1055.000000000]: Starting gazebo_ros_control plugin in namespace: /
[ INFO] [1774360483.332421442, 1055.000000000]: gazebo_ros_control plugin is waiting for model URDF in parameter [robot_description] on the ROS param server.
[ INFO] [1774360483.447219726, 1055.000000000]: Loaded gazebo_ros_control.
[ INFO] [1774360483.659764378, 1055.171000000]: Controller state will be published at 50Hz.
[ INFO] [1774360483.660381359, 1055.171000000]: Wheel separation will be multiplied by 1.5.
[ INFO] [1774360483.660777152, 1055.172000000]: Left wheel radius will be multiplied by 1.
[ INFO] [1774360483.660803482, 1055.172000000]: Right wheel radius will be multiplied by 1.
[ INFO] [1774360483.661468375, 1055.173000000]: Velocity rolling window size of 10.
[ INFO] [1774360483.661967743, 1055.173000000]: Velocity commands will be considered old if they are older than 0.25s.
[ INFO] [1774360483.662186068, 1055.173000000]: Allow mutiple cmd_vel publishers is enabled
[ INFO] [1774360483.662411098, 1055.174000000]: Base frame_id set to base_link
[ INFO] [1774360483.662636268, 1055.174000000]: Odometry frame_id set to odom
[ INFO] [1774360483.663006708, 1055.174000000]: Publishing to tf is disabled
[ INFO] [1774360483.669206205, 1055.180000000]: left wheel to origin: 0.131,0.187795, 0.0345
[ INFO] [1774360483.669234770, 1055.180000000]: right wheel to origin: 0.131,-0.187795, 0.0345
[ INFO] [1774360483.669293996, 1055.180000000]: Odometry params : wheel separation 0.563385, left wheel radius 0.098, right wheel radius 0.098
[ INFO] [1774360483.670994222, 1055.182000000]: Adding left wheel with joint name: front_left_wheel and right wheel with joint name: front_right_wheel
[ INFO] [1774360483.671034940, 1055.182000000]: Adding left wheel with joint name: rear_left_wheel and right wheel with joint name: rear_right_wheel
[ INFO] [1774360483.677140430, 1055.188000000]: Dynamic Reconfigure:
DynamicParams:
	Odometry parameters:
		left wheel radius multiplier: 1
		right wheel radius multiplier: 1
		wheel separation multiplier: 1.5
	Publication parameters:
		Publish executed velocity command: disabled
		Publication rate: 50
		Publish frame odom on tf: disabled

auto-starting new master
[1mprocess[master]: started with pid [96127][0m
[1mROS_MASTER_URI=http://localhost:11311[0m
]2;/home/eethanhe/catkin_ws/src/robot-multi-floor-navigation/multi_floor_nav/launch/nav.launch http://localhost:11311
[1msetting /run_id to 0079fd76-2789-11f1-8845-1536d44dd856[0m
[1mprocess[rosout-1]: started with pid [96152][0m
started core service [/rosout]
[1mprocess[gazebo-2]: started with pid [96159][0m
[1mprocess[robot_state_publisher-3]: started with pid [96163][0m
[1mprocess[controller_spawner-4]: started with pid [96165][0m
[1mprocess[ekf_localization-5]: started with pid [96166][0m
[1mprocess[twist_mux-6]: started with pid [96167][0m
[1mprocess[twist_marker_server-7]: started with pid [96172][0m
[1mprocess[urdf_spawner-8]: started with pid [96175][0m
[1mprocess[map_server0-9]: started with pid [96182][0m
[1mprocess[map_server1-10]: started with pid [96191][0m
[1mprocess[amcl-11]: started with pid [96193][0m
[1mprocess[move_base-12]: started with pid [96196][0m
[1mprocess[rviz-13]: started with pid [96201][0m
[1mprocess[change_map_node-14]: started with pid [96208][0m
[1mprocess[multi_floor_navigation_node-15]: started with pid [96216][0m
[1m[urdf_spawner-8] process has finished cleanly
log file: /home/eethanhe/.ros/log/0079fd76-2789-11f1-8845-1536d44dd856/urdf_spawner-8*.log[0m
[multi_floor_navigation_node-15] killing on exit
[change_map_node-14] killing on exit
[rviz-13] killing on exit
[move_base-12] killing on exit
[amcl-11] killing on exit
[map_server1-10] killing on exit
[map_server0-9] killing on exit
[twist_marker_server-7] killing on exit
[twist_mux-6] killing on exit
[ekf_localization-5] killing on exit
[controller_spawner-4] killing on exit
[robot_state_publisher-3] killing on exit
[gazebo-2] killing on exit
[rosout-1] killing on exit
[master] killing on exit
shutting down processing monitor...
... shutting down processing monitor complete
[1mdone[0m
