xacro: in-order processing became default in ROS Melodic. You can drop the option.
... logging to /home/eethanhe/.ros/log/3a62e884-2795-11f1-8845-1536d44dd856/roslaunch-eethanhe-Lenovo-Legion-R9000P2021H-195096.log
Checking log directory for disk usage. This may take a while.
Press Ctrl-C to interrupt
Done checking log file disk usage. Usage is <1GB.
]2;/home/eethanhe/catkin_ws/src/robot-multi-floor-navigation/multi_floor_nav/launch/nav.launch
[1mstarted roslaunch server http://eethanhe-Lenovo-Legion-R9000P2021H:41115/[0m

SUMMARY
========

PARAMETERS
 * /amcl/auto_update_noise: 0.0
 * /amcl/base_frame_id: base_link
 * /amcl/expected_laser_freq: 5.0
 * /amcl/first_map_only: False
 * /amcl/global_frame_id: map
 * /amcl/gui_publish_rate: 10.0
 * /amcl/initial_pose_a: 0.0
 * /amcl/initial_pose_x: 0.0
 * /amcl/initial_pose_y: 0.0
 * /amcl/kld_err: 0.05
 * /amcl/kld_z: 0.99
 * /amcl/laser_lambda_short: 0.1
 * /amcl/laser_likelihood_max_dist: 2.0
 * /amcl/laser_max_beams: 720
 * /amcl/laser_max_range: 30.0
 * /amcl/laser_min_range: 0.1
 * /amcl/laser_model_type: likelihood_field
 * /amcl/laser_sigma_hit: 0.2
 * /amcl/laser_z_hit: 0.5
 * /amcl/laser_z_max: 0.05
 * /amcl/laser_z_rand: 0.5
 * /amcl/laser_z_short: 0.05
 * /amcl/max_particles: 2000
 * /amcl/min_particles: 500
 * /amcl/odom_alpha1: 0.2
 * /amcl/odom_alpha2: 0.2
 * /amcl/odom_alpha3: 0.2
 * /amcl/odom_alpha4: 0.2
 * /amcl/odom_alpha5: 0.1
 * /amcl/odom_frame_id: odom
 * /amcl/odom_model_type: diff
 * /amcl/odom_update_interval: 0.1
 * /amcl/recovery_alpha_fast: 0.1
 * /amcl/recovery_alpha_slow: 0.001
 * /amcl/resample_interval: 1
 * /amcl/transform_tolerance: 1.0
 * /amcl/update_min_a: 0.3927
 * /amcl/update_min_d: 0.1
 * /amcl/use_map_topic: False
 * /ekf_localization/base_link_frame: base_link
 * /ekf_localization/frequency: 50
 * /ekf_localization/imu0: /imu/data
 * /ekf_localization/imu0_config: [False, False, Fa...
 * /ekf_localization/imu0_differential: False
 * /ekf_localization/odom0: /jackal_velocity_...
 * /ekf_localization/odom0_config: [False, False, Fa...
 * /ekf_localization/odom0_differential: False
 * /ekf_localization/odom_frame: odom
 * /ekf_localization/predict_to_current_time: True
 * /ekf_localization/world_frame: odom
 * /gazebo/enable_ros_network: True
 * /jackal_joint_publisher/publish_rate: 50
 * /jackal_joint_publisher/type: joint_state_contr...
 * /jackal_velocity_controller/angular/z/has_acceleration_limits: True
 * /jackal_velocity_controller/angular/z/has_velocity_limits: True
 * /jackal_velocity_controller/angular/z/max_acceleration: 25.0
 * /jackal_velocity_controller/angular/z/max_velocity: 4.0
 * /jackal_velocity_controller/cmd_vel_timeout: 0.25
 * /jackal_velocity_controller/enable_odom_tf: False
 * /jackal_velocity_controller/k_l: 0.1
 * /jackal_velocity_controller/k_r: 0.1
 * /jackal_velocity_controller/left_wheel: ['front_left_whee...
 * /jackal_velocity_controller/linear/x/has_acceleration_limits: True
 * /jackal_velocity_controller/linear/x/has_velocity_limits: True
 * /jackal_velocity_controller/linear/x/max_acceleration: 20.0
 * /jackal_velocity_controller/linear/x/max_velocity: 2.0
 * /jackal_velocity_controller/pose_covariance_diagonal: [0.001, 0.001, 10...
 * /jackal_velocity_controller/publish_cmd: True
 * /jackal_velocity_controller/publish_rate: 50
 * /jackal_velocity_controller/right_wheel: ['front_right_whe...
 * /jackal_velocity_controller/twist_covariance_diagonal: [0.001, 0.001, 0....
 * /jackal_velocity_controller/type: diff_drive_contro...
 * /jackal_velocity_controller/wheel_radius_multiplier: 1.0
 * /jackal_velocity_controller/wheel_separation_multiplier: 1.5
 * /move_base/NavfnROS/allow_unknown: True
 * /move_base/TrajectoryPlannerROS/acc_lim_theta: 20.0
 * /move_base/TrajectoryPlannerROS/acc_lim_x: 10.0
 * /move_base/TrajectoryPlannerROS/angular_sim_granularity: 0.02
 * /move_base/TrajectoryPlannerROS/controller_frequency: 20.0
 * /move_base/TrajectoryPlannerROS/dwa: True
 * /move_base/TrajectoryPlannerROS/escape_reset_dist: 0.1
 * /move_base/TrajectoryPlannerROS/escape_reset_theta: 0.1
 * /move_base/TrajectoryPlannerROS/escape_vel: -0.5
 * /move_base/TrajectoryPlannerROS/gdist_scale: 1.0
 * /move_base/TrajectoryPlannerROS/heading_lookahead: 0.325
 * /move_base/TrajectoryPlannerROS/heading_scoring: False
 * /move_base/TrajectoryPlannerROS/heading_scoring_timestep: 0.8
 * /move_base/TrajectoryPlannerROS/holonomic_robot: False
 * /move_base/TrajectoryPlannerROS/latch_xy_goal_tolerance: False
 * /move_base/TrajectoryPlannerROS/max_vel_theta: 1.57
 * /move_base/TrajectoryPlannerROS/max_vel_x: 0.5
 * /move_base/TrajectoryPlannerROS/meter_scoring: True
 * /move_base/TrajectoryPlannerROS/min_in_place_vel_theta: 0.314
 * /move_base/TrajectoryPlannerROS/min_vel_theta: -1.57
 * /move_base/TrajectoryPlannerROS/min_vel_x: 0.1
 * /move_base/TrajectoryPlannerROS/occdist_scale: 0.1
 * /move_base/TrajectoryPlannerROS/oscillation_reset_dist: 0.05
 * /move_base/TrajectoryPlannerROS/pdist_scale: 0.75
 * /move_base/TrajectoryPlannerROS/publish_cost_grid_pc: True
 * /move_base/TrajectoryPlannerROS/sim_granularity: 0.02
 * /move_base/TrajectoryPlannerROS/sim_time: 2.0
 * /move_base/TrajectoryPlannerROS/simple_attractor: False
 * /move_base/TrajectoryPlannerROS/vtheta_samples: 20
 * /move_base/TrajectoryPlannerROS/vx_samples: 6
 * /move_base/TrajectoryPlannerROS/xy_goal_tolerance: 0.25
 * /move_base/TrajectoryPlannerROS/yaw_goal_tolerance: 0.157
 * /move_base/base_global_planner: navfn/NavfnROS
 * /move_base/base_local_planner: base_local_planne...
 * /move_base/clearing_rotation_allowed: True
 * /move_base/controller_frequency: 20.0
 * /move_base/controller_patience: 15.0
 * /move_base/global_costmap/footprint: [[-0.21, -0.165],...
 * /move_base/global_costmap/footprint_padding: 0.1
 * /move_base/global_costmap/global_frame: map
 * /move_base/global_costmap/height: 40.0
 * /move_base/global_costmap/inflater_layer/inflation_radius: 0.3
 * /move_base/global_costmap/map_type: costmap
 * /move_base/global_costmap/meter_scoring: True
 * /move_base/global_costmap/obstacle_range: 2.5
 * /move_base/global_costmap/obstacles_layer/observation_sources: scan
 * /move_base/global_costmap/obstacles_layer/scan/clearing: True
 * /move_base/global_costmap/obstacles_layer/scan/data_type: LaserScan
 * /move_base/global_costmap/obstacles_layer/scan/marking: True
 * /move_base/global_costmap/obstacles_layer/scan/max_obstacle_height: 2.0
 * /move_base/global_costmap/obstacles_layer/scan/min_obstacle_height: -2.0
 * /move_base/global_costmap/obstacles_layer/scan/obstacle_range: 2.5
 * /move_base/global_costmap/obstacles_layer/scan/raytrace_range: 3.0
 * /move_base/global_costmap/obstacles_layer/scan/sensor_frame: front_laser
 * /move_base/global_costmap/obstacles_layer/scan/topic: front/scan
 * /move_base/global_costmap/origin_x: -20.0
 * /move_base/global_costmap/origin_y: -20.0
 * /move_base/global_costmap/origin_z: 0.0
 * /move_base/global_costmap/plugins: [{'name': 'static...
 * /move_base/global_costmap/publish_frequency: 5.0
 * /move_base/global_costmap/publish_voxel_map: False
 * /move_base/global_costmap/raytrace_range: 3.0
 * /move_base/global_costmap/resolution: 0.05
 * /move_base/global_costmap/robot_base_frame: base_link
 * /move_base/global_costmap/rolling_window: False
 * /move_base/global_costmap/static_map: True
 * /move_base/global_costmap/transform_tolerance: 0.5
 * /move_base/global_costmap/update_frequency: 20.0
 * /move_base/global_costmap/width: 40.0
 * /move_base/global_costmap/z_resolution: 1
 * /move_base/global_costmap/z_voxels: 2
 * /move_base/local_costmap/footprint: [[-0.21, -0.165],...
 * /move_base/local_costmap/footprint_padding: 0.1
 * /move_base/local_costmap/global_frame: map
 * /move_base/local_costmap/height: 10.0
 * /move_base/local_costmap/inflater_layer/inflation_radius: 0.3
 * /move_base/local_costmap/map_type: costmap
 * /move_base/local_costmap/meter_scoring: True
 * /move_base/local_costmap/obstacle_range: 2.5
 * /move_base/local_costmap/obstacles_layer/observation_sources: scan
 * /move_base/local_costmap/obstacles_layer/scan/clearing: True
 * /move_base/local_costmap/obstacles_layer/scan/data_type: LaserScan
 * /move_base/local_costmap/obstacles_layer/scan/marking: True
 * /move_base/local_costmap/obstacles_layer/scan/max_obstacle_height: 2.0
 * /move_base/local_costmap/obstacles_layer/scan/min_obstacle_height: -2.0
 * /move_base/local_costmap/obstacles_layer/scan/obstacle_range: 2.5
 * /move_base/local_costmap/obstacles_layer/scan/raytrace_range: 3.0
 * /move_base/local_costmap/obstacles_layer/scan/sensor_frame: front_laser
 * /move_base/local_costmap/obstacles_layer/scan/topic: front/scan
 * /move_base/local_costmap/origin_z: 0.0
 * /move_base/local_costmap/plugins: [{'name': 'obstac...
 * /move_base/local_costmap/publish_frequency: 5.0
 * /move_base/local_costmap/publish_voxel_map: False
 * /move_base/local_costmap/raytrace_range: 3.0
 * /move_base/local_costmap/resolution: 0.05
 * /move_base/local_costmap/robot_base_frame: base_link
 * /move_base/local_costmap/rolling_window: True
 * /move_base/local_costmap/static_map: False
 * /move_base/local_costmap/transform_tolerance: 0.5
 * /move_base/local_costmap/update_frequency: 20.0
 * /move_base/local_costmap/width: 10.0
 * /move_base/local_costmap/z_resolution: 1
 * /move_base/local_costmap/z_voxels: 2
 * /move_base/oscillation_distance: 0.5
 * /move_base/oscillation_timeout: 0.0
 * /move_base/planner_frequency: 20.0
 * /move_base/planner_patience: 5.0
 * /move_base/recovery_behavior_enabled: True
 * /move_base/shutdown_costmaps: False
 * /multi_floor_navigation_node/init_pose_offset_theta: 0.15
 * /multi_floor_navigation_node/init_pose_offset_x: 0.3
 * /multi_floor_navigation_node/init_pose_offset_y: 0.3
 * /multi_floor_navigation_node/region_init_sigma_x: 0.15
 * /multi_floor_navigation_node/region_init_sigma_y: 0.15
 * /multi_floor_navigation_node/region_init_sigma_yaw: 0.05
 * /multi_floor_navigation_node/reloc_confidence_K: 2
 * /multi_floor_navigation_node/reloc_confidence_lambda: 20.0
 * /multi_floor_navigation_node/reloc_confidence_tau: 0.75
 * /multi_floor_navigation_node/reloc_min_check_delay_sec: 3.0
 * /multi_floor_navigation_node/use_covariance_reloc: True
 * /robot_description: <?xml version="1....
 * /rosdistro: noetic
 * /rosversion: 1.17.0
 * /twist_marker_server/link_name: base_link
 * /twist_mux/locks: [{'name': 'e_stop...
 * /twist_mux/topics: [{'name': 'joy', ...
 * /use_gui: True
 * /use_sim_time: True

NODES
  /
    amcl (amcl/amcl)
    change_map_node (multi_floor_nav/change_map_node)
    controller_spawner (controller_manager/spawner)
    ekf_localization (robot_localization/ekf_localization_node)
    gazebo (gazebo_ros/gzserver)
    map_server0 (map_server/map_server)
    map_server1 (map_server/map_server)
    move_base (move_base/move_base)
    multi_floor_navigation_node (multi_floor_nav/multi_floor_navigation_node)
    robot_state_publisher (robot_state_publisher/robot_state_publisher)
    rviz (rviz/rviz)
    twist_marker_server (interactive_marker_twist_server/marker_server)
    twist_mux (twist_mux/twist_mux)
    urdf_spawner (gazebo_ros/spawn_model)
[ INFO] [1774365732.183471170]: Finished loading Gazebo ROS API Plugin.
[ INFO] [1774365732.188977964]: waitForService: Service [/gazebo/set_physics_properties] has not been advertised, waiting...
[1;33mWarning [Model.cc:216][0m Non-unique name[door] detected 2 times in XML children of model with name[elevator].
[1;33mWarning [Model.cc:309][0m Joint with name [door] in model with name [elevator] has a name collision, changing joint name to [door_joint].
[ERROR] [1774365732.993067, 0.000000]: Spawn service failed. Exiting.
[ INFO] [1774365732.969043746]: waitForService: Service [/gazebo/set_physics_properties] is now available.
[ INFO] [1774365732.998116704, 1054.805000000]: Physics dynamic reconfigure ready.
[1;33mWarning [parser_urdf.cc:1161][0m multiple inconsistent <gravity> exists due to fixed joint reduction overwriting previous value [true] with [false].
[1;33mWarning [parser_urdf.cc:1161][0m multiple inconsistent <gravity> exists due to fixed joint reduction overwriting previous value [false] with [true].
[ERROR] [1774365733.529993832, 1054.897000000]: No p gain specified for pid.  Namespace: /gazebo_ros_control/pid_gains/front_left_wheel
[ERROR] [1774365733.530407493, 1054.897000000]: No p gain specified for pid.  Namespace: /gazebo_ros_control/pid_gains/front_right_wheel
[ERROR] [1774365733.530801040, 1054.897000000]: No p gain specified for pid.  Namespace: /gazebo_ros_control/pid_gains/rear_left_wheel
[ERROR] [1774365733.531185578, 1054.897000000]: No p gain specified for pid.  Namespace: /gazebo_ros_control/pid_gains/rear_right_wheel
[ WARN] [1774365733.572028907, 1054.898000000]: Failed to meet update rate! Took 1054.8979999999999109
[ WARN] [1774365733.572714803, 1054.899000000]: Timed out waiting for transform from base_link to map to become available before running costmap, tf error: canTransform: target_frame map does not exist. canTransform: source_frame base_link does not exist.. canTransform returned after 1054.9 timeout was 0.1.
[ WARN] [1774365733.573103461, 1054.899000000]: Failed to meet update rate! Took 1054.8789999999999054
[ WARN] [1774365734.598876212, 1055.909000000]: Interactive marker 'robot_twist_marker' contains unnormalized quaternions. This warning will only be output once but may be true for others; enable DEBUG messages for ros.rviz.quaternions to see more details.
[ WARN] [1774365734.877062083, 1056.183000000]: global_costmap: Pre-Hydro parameter "static_map" unused since "plugins" is provided
[ WARN] [1774365734.877643219, 1056.183000000]: global_costmap: Pre-Hydro parameter "map_type" unused since "plugins" is provided
[ WARN] [1774365766.805569270, 1087.701000000]: [Multi Floor Nav] Initial pose perturbation applied: offset_x=0.30, offset_y=0.30, offset_theta=0.15
[ WARN] [1774365766.937409104, 1087.832000000]: local_costmap: Pre-Hydro parameter "static_map" unused since "plugins" is provided
[ WARN] [1774365766.937626655, 1087.833000000]: local_costmap: Pre-Hydro parameter "map_type" unused since "plugins" is provided
[ WARN] [1774365766.972880150, 1087.868000000]: Parameter pdist_scale is deprecated. Please use the name path_distance_bias instead.
[ WARN] [1774365766.973904141, 1087.869000000]: Parameter gdist_scale is deprecated. Please use the name goal_distance_bias instead.
[ INFO] [1774365731.794556413]: [Multi Floor Nav] Module C: covariance reloc criterion enabled (lambda=20.00, tau=0.75, K=2, post_monitor=2.0s, min_delay=3.0s)
[ INFO] [1774365766.723795103, 1087.620000000]: [Multi Floor Nav] Successfully loaded map for level: 0
[ INFO] [1774365766.806819052, 1087.703000000]: [Multi Floor Nav] Initializing Robot at x: 4.3, y: -4.7, yaw: 0.1 (region sigma: x=0.15, y=0.15, yaw=0.05)
[ INFO] [1774365766.806851039, 1087.703000000]: [Multi Floor Nav] Initializing Pose to x: 4.00, y: -5.00 at level: 0
[ INFO] [1774365767.821361504, 1088.706000000]: [Multi Floor Nav] Waiting for AMCL nomotion updates (1.0/3.0s)...
[ INFO] [1774365768.833637447, 1089.706000000]: [Multi Floor Nav] Waiting for AMCL nomotion updates (2.0/3.0s)...
[ INFO] [1774365769.840185484, 1090.706000000]: [Multi Floor Nav] Current Robot Pose, x: 4.18, y: -4.81, yaw: 0.14
[ INFO] [1774365769.840217191, 1090.707000000]: [Multi Floor Nav] Linear Error: 0.26, Angular Error: 0.14
[ INFO] [1774365769.840250086, 1090.707000000]: [Multi Floor Nav] Module C: tr(??)=0.0201, C_t=0.6689 (tau=0.75), frame_ok=0
[ INFO] [1774365770.042158876, 1090.907000000]: [Multi Floor Nav] Current Robot Pose, x: 4.18, y: -4.82, yaw: 0.14
[ INFO] [1774365770.042183599, 1090.907000000]: [Multi Floor Nav] Linear Error: 0.26, Angular Error: 0.14
[ INFO] [1774365770.042196380, 1090.907000000]: [Multi Floor Nav] Module C: tr(??)=0.0185, C_t=0.6901 (tau=0.75), frame_ok=0
[ INFO] [1774365770.244453601, 1091.107000000]: [Multi Floor Nav] Current Robot Pose, x: 4.17, y: -4.83, yaw: 0.13
[ INFO] [1774365770.244472597, 1091.107000000]: [Multi Floor Nav] Linear Error: 0.24, Angular Error: 0.13
[ INFO] [1774365770.244485099, 1091.107000000]: [Multi Floor Nav] Module C: tr(??)=0.0146, C_t=0.7464 (tau=0.75), frame_ok=0
[ INFO] [1774365770.447712603, 1091.307000000]: [Multi Floor Nav] Current Robot Pose, x: 4.17, y: -4.84, yaw: 0.13
[ INFO] [1774365770.447758767, 1091.307000000]: [Multi Floor Nav] Linear Error: 0.23, Angular Error: 0.13
[ INFO] [1774365770.447787890, 1091.307000000]: [Multi Floor Nav] Module C: tr(??)=0.0121, C_t=0.7851 (tau=0.75), frame_ok=1
[ INFO] [1774365770.649565871, 1091.506000000]: [Multi Floor Nav] Current Robot Pose, x: 4.16, y: -4.84, yaw: 0.12
[ INFO] [1774365770.649587312, 1091.506000000]: [Multi Floor Nav] Linear Error: 0.22, Angular Error: 0.12
[ INFO] [1774365770.649601559, 1091.507000000]: [Multi Floor Nav] Module C: tr(??)=0.0100, C_t=0.8195 (tau=0.75), frame_ok=1
[ INFO] [1774365770.649620486, 1091.507000000]: [Multi Floor Nav] Module C: reloc passed (consecutive 2 >= K=2)
[ INFO] [1774365770.649629076, 1091.507000000]: [Multi Floor Nav] Robot at correct pose
[ INFO] [1774365770.649639552, 1091.507000000]: [Multi Floor Nav] RELOC_PASS: linear_error=0.2229, angular_error=0.1226, tr_sigma=0.0100, C_t=0.8195
[ INFO] [1774365771.663971368, 1092.507000000]: [Multi Floor Nav] POST_PASS: dt=1.000s, linear_error=0.2142, angular_error=0.1199
[ INFO] [1774365771.664018509, 1092.507000000]: [Multi Floor Nav] Will send goal to x: 3, y: -0, at level: 0
[ INFO] [1774365771.664050426, 1092.507000000]: [Multi Floor Nav] Sending Robot to x: 3.0, y: -0.5, yaw: 3.1
[ INFO] [1774365771.864909805, 1092.707000000]: [Multi Floor Nav] POST_PASS: dt=1.200s, linear_error=0.2142, angular_error=0.1199
[ INFO] [1774365772.067737127, 1092.907000000]: [Multi Floor Nav] POST_PASS: dt=1.400s, linear_error=0.3016, angular_error=0.2754
[ INFO] [1774365772.270622766, 1093.107000000]: [Multi Floor Nav] POST_PASS: dt=1.600s, linear_error=0.3016, angular_error=0.2754
[ INFO] [1774365772.473497650, 1093.307000000]: [Multi Floor Nav] POST_PASS: dt=1.800s, linear_error=0.4049, angular_error=0.4356
[ INFO] [1774365772.675344353, 1093.507000000]: [Multi Floor Nav] POST_PASS: dt=2.000s, linear_error=0.5215, angular_error=0.7340
[ INFO] [1774365797.162761498, 1117.707000000]: [Multi Floor Nav] Requesting Lift to Level 0
[ INFO] [1774365797.364340645, 1117.907000000]: [Multi Floor Nav] Entering Lift at Level 0
[ INFO] [1774365814.704427847, 1135.108000000]: [Multi Floor Nav] Reques[ WARN] [1774365834.600431599, 1154.709000000]: [Multi Floor Nav] Initial pose perturbation applied: offset_x=0.30, offset_y=0.30, offset_theta=0.15
ting Lift to Level 1
[ INFO] [1774365821.780014591, 1142.108000000]: [Multi Floor Nav] Exiting Lift at Level 1
[ INFO] [1774365834.510346922, 1154.620000000]: [Multi Floor Nav] Successfully loaded map for level: 1
[ INFO] [1774365834.601932316, 1154.711000000]: [Multi Floor Nav] Initializing Robot at x: 3.3, y: -0.2, yaw: 3.3 (region sigma: x=0.15, y=0.15, yaw=0.05)
[ INFO] [1774365834.601961229, 1154.711000000]: [Multi Floor Nav] Initializing Pose to x: 3.00, y: -0.50 at level: 1
[ INFO] [1774365835.625018965, 1155.713000000]: [Multi Floor Nav] Waiting for AMCL nomotion updates (1.0/3.0s)...
[ INFO] [1774365836.651769616, 1156.713000000]: [Multi Floor Nav] Waiting for AMCL nomotion updates (2.0/3.0s)...
[ INFO] [1774365837.682016795, 1157.714000000]: [Multi Floor Nav] Current Robot Pose, x: 3.39, y: -0.50, yaw: -3.09
[ INFO] [1774365837.682065263, 1157.714000000]: [Multi Floor Nav] Linear Error: 0.39, Angular Error: 0.05
[ INFO] [1774365837.682110729, 1157.714000000]: [Multi Floor Nav] Module C: tr(??)=0.0138, C_t=0.7583 (tau=0.75), frame_ok=1
[ INFO] [1774365837.884911583, 1157.913000000]: [Multi Floor Nav] Current Robot Pose, x: 3.39, y: -0.50, yaw: -3.09
[ INFO] [1774365837.884932046, 1157.913000000]: [Multi Floor Nav] Linear Error: 0.39, Angular Error: 0.05
[ INFO] [1774365837.884944966, 1157.913000000]: [Multi Floor Nav] Module C: tr(??)=0.0122, C_t=0.7834 (tau=0.75), frame_ok=1
[ INFO] [1774365837.884958864, 1157.913000000]: [Multi Floor Nav] Module C: reloc passed (consecutive 2 >= K=2)
[ INFO] [1774365837.884970598, 1157.913000000]: [Multi Floor Nav] Robot at correct pose
[ INFO] [1774365837.884987778, 1157.913000000]: [Multi Floor Nav] RELOC_PASS: linear_error=0.3898, angular_error=0.0493, tr_sigma=0.0122, C_t=0.7834
[ INFO] [1774365838.908449537, 1158.913000000]: [Multi Floor Nav] POST_PASS: dt=1.000s, linear_error=0.3884, angular_error=0.0487
[ INFO] [1774365838.908509599, 1158.914000000]: [Multi Floor Nav] Will send goal to x: 4, y: 5, at level: 1
[ INFO] [1774365838.908550734, 1158.914000000]: [Multi Floor Nav] Sending Robot to x: 4.0, y: 5.0, yaw: 0.0
[ INFO] [1774365839.111670756, 1159.113000000]: [Multi Floor Nav] POST_PASS: dt=1.200s, linear_error=0.3884, angular_error=0.0487
[ INFO] [1774365839.314694748, 1159.313000000]: [Multi Floor Nav] POST_PASS: dt=1.400s, linear_error=0.3884, angular_error=0.0487
[ INFO] [1774365839.520018074, 1159.513000000]: [Multi Floor Nav] POST_PASS: dt=1.600s, linear_error=0.2882, angular_error=0.2049
[ INFO] [1774365839.723846829, 1159.714000000]: [Multi Floor Nav] POST_PASS: dt=1.800s, linear_error=0.1809, angular_error=0.5499
[ INFO] [1774365839.929119801, 1159.913000000]: [Multi Floor Nav] POST_PASS: dt=2.000s, linear_error=0.1484, angular_error=0.9583
[ INFO] [1774365878.813173055, 1197.913000000]: [Multi Floor Nav] Robot arrived at Goal
[ INFO] [1774365734.878940911, 1056.185000000]: global_costmap: Using plugin "static_layer"
[ INFO] [1774365734.887688479, 1056.194000000]: Requesting the map...
[ INFO] [1774365766.800755915, 1087.696000000]: Resizing costmap to 992 X 992 at 0.020000 m/pix
[ INFO] [1774365766.900442300, 1087.795000000]: Received a 992 X 992 map at 0.020000 m/pix
[ INFO] [1774365766.905440171, 1087.800000000]: global_costmap: Using plugin "obstacles_layer"
[ INFO] [1774365766.908337753, 1087.803000000]:     Subscribed to Topics: scan
[ INFO] [1774365766.916780400, 1087.812000000]: global_costmap: Using plugin "inflater_layer"
[ INFO] [1774365766.937983187, 1087.833000000]: local_costmap: Using plugin "obstacles_layer"
[ INFO] [1774365766.940135857, 1087.835000000]:     Subscribed to Topics: scan
[ INFO] [1774365766.950140889, 1087.845000000]: local_costmap: Using plugin "inflater_layer"
[ INFO] [1774365766.967254210, 1087.862000000]: Created local_planner base_local_planner/TrajectoryPlannerROS
[ INFO] [1774365766.970720426, 1087.866000000]: Sim period is set to 0.05
[ INFO] [1774365767.026986885, 1087.922000000]: Recovery behavior will clear layer 'obstacles'
[ INFO] [1774365767.033395100, 1087.928000000]: Recovery behavior will clear layer 'obstacles'
[ INFO] [1774365767.125159842, 1088.019000000]: odom received!
[WARN] [1774365985.874199, 1287.261000]: Controller Spawner error while taking down controllers: transport error completing service call: unable to receive data from sender, check sender's logs for details
[31m[urdf_spawner-8] process has died [pid 195251, exit code 1, cmd /opt/ros/noetic/lib/gazebo_ros/spawn_model -urdf -model jackal -param robot_description -x 4.0 -y -5.0 -z 0.5 __name:=urdf_spawner __log:=/home/eethanhe/.ros/log/3a62e884-2795-11f1-8845-1536d44dd856/urdf_spawner-8.log].
log file: /home/eethanhe/.ros/log/3a62e884-2795-11f1-8845-1536d44dd856/urdf_spawner-8*.log[0m
[31m[controller_spawner-4] escalating to SIGTERM[0m
[31m[gazebo-2] escalating to SIGTERM[0m

auto-starting new master
[1mprocess[master]: started with pid [195184][0m
[1mROS_MASTER_URI=http://localhost:11311[0m
]2;/home/eethanhe/catkin_ws/src/robot-multi-floor-navigation/multi_floor_nav/launch/nav.launch http://localhost:11311
[1msetting /run_id to 3a62e884-2795-11f1-8845-1536d44dd856[0m
[1mprocess[rosout-1]: started with pid [195228][0m
started core service [/rosout]
[1mprocess[gazebo-2]: started with pid [195235][0m
[1mprocess[robot_state_publisher-3]: started with pid [195238][0m
[1mprocess[controller_spawner-4]: started with pid [195241][0m
[1mprocess[ekf_localization-5]: started with pid [195242][0m
[1mprocess[twist_mux-6]: started with pid [195243][0m
[1mprocess[twist_marker_server-7]: started with pid [195245][0m
[1mprocess[urdf_spawner-8]: started with pid [195251][0m
[1mprocess[map_server0-9]: started with pid [195257][0m
[1mprocess[map_server1-10]: started with pid [195263][0m
[1mprocess[amcl-11]: started with pid [195269][0m
[1mprocess[move_base-12]: started with pid [195271][0m
[1mprocess[rviz-13]: started with pid [195278][0m
[1mprocess[change_map_node-14]: started with pid [195283][0m
[1mprocess[multi_floor_navigation_node-15]: started with pid [195292][0m
[multi_floor_navigation_node-15] killing on exit
[change_map_node-14] killing on exit
[rviz-13] killing on exit
[move_base-12] killing on exit
[amcl-11] killing on exit
[map_server1-10] killing on exit
[map_server0-9] killing on exit
[twist_marker_server-7] killing on exit
[twist_mux-6] killing on exit
[ekf_localization-5] killing on exit
[controller_spawner-4] killing on exit
[robot_state_publisher-3] killing on exit
[gazebo-2] killing on exit
[rosout-1] killing on exit
[master] killing on exit
shutting down processing monitor...
... shutting down processing monitor complete
[1mdone[0m
