xacro: in-order processing became default in ROS Melodic. You can drop the option.
... logging to /home/eethanhe/.ros/log/d2ca0502-2787-11f1-8845-1536d44dd856/roslaunch-eethanhe-Lenovo-Legion-R9000P2021H-86362.log
Checking log directory for disk usage. This may take a while.
Press Ctrl-C to interrupt
Done checking log file disk usage. Usage is <1GB.
]2;/home/eethanhe/catkin_ws/src/robot-multi-floor-navigation/multi_floor_nav/launch/nav.launch
[1mstarted roslaunch server http://eethanhe-Lenovo-Legion-R9000P2021H:44699/[0m

SUMMARY
========

PARAMETERS
 * /amcl/auto_update_noise: 0.0
 * /amcl/base_frame_id: base_link
 * /amcl/expected_laser_freq: 5.0
 * /amcl/first_map_only: False
 * /amcl/global_frame_id: map
 * /amcl/gui_publish_rate: 10.0
 * /amcl/initial_pose_a: 0.0
 * /amcl/initial_pose_x: 0.0
 * /amcl/initial_pose_y: 0.0
 * /amcl/kld_err: 0.05
 * /amcl/kld_z: 0.99
 * /amcl/laser_lambda_short: 0.1
 * /amcl/laser_likelihood_max_dist: 2.0
 * /amcl/laser_max_beams: 720
 * /amcl/laser_max_range: 30.0
 * /amcl/laser_min_range: 0.1
 * /amcl/laser_model_type: likelihood_field
 * /amcl/laser_sigma_hit: 0.2
 * /amcl/laser_z_hit: 0.5
 * /amcl/laser_z_max: 0.05
 * /amcl/laser_z_rand: 0.5
 * /amcl/laser_z_short: 0.05
 * /amcl/max_particles: 2000
 * /amcl/min_particles: 500
 * /amcl/odom_alpha1: 0.2
 * /amcl/odom_alpha2: 0.2
 * /amcl/odom_alpha3: 0.2
 * /amcl/odom_alpha4: 0.2
 * /amcl/odom_alpha5: 0.1
 * /amcl/odom_frame_id: odom
 * /amcl/odom_model_type: diff
 * /amcl/odom_update_interval: 0.1
 * /amcl/recovery_alpha_fast: 0.1
 * /amcl/recovery_alpha_slow: 0.001
 * /amcl/resample_interval: 1
 * /amcl/transform_tolerance: 1.0
 * /amcl/update_min_a: 0.3927
 * /amcl/update_min_d: 0.1
 * /amcl/use_map_topic: False
 * /ekf_localization/base_link_frame: base_link
 * /ekf_localization/frequency: 50
 * /ekf_localization/imu0: /imu/data
 * /ekf_localization/imu0_config: [False, False, Fa...
 * /ekf_localization/imu0_differential: False
 * /ekf_localization/odom0: /jackal_velocity_...
 * /ekf_localization/odom0_config: [False, False, Fa...
 * /ekf_localization/odom0_differential: False
 * /ekf_localization/odom_frame: odom
 * /ekf_localization/predict_to_current_time: True
 * /ekf_localization/world_frame: odom
 * /gazebo/enable_ros_network: True
 * /jackal_joint_publisher/publish_rate: 50
 * /jackal_joint_publisher/type: joint_state_contr...
 * /jackal_velocity_controller/angular/z/has_acceleration_limits: True
 * /jackal_velocity_controller/angular/z/has_velocity_limits: True
 * /jackal_velocity_controller/angular/z/max_acceleration: 25.0
 * /jackal_velocity_controller/angular/z/max_velocity: 4.0
 * /jackal_velocity_controller/cmd_vel_timeout: 0.25
 * /jackal_velocity_controller/enable_odom_tf: False
 * /jackal_velocity_controller/k_l: 0.1
 * /jackal_velocity_controller/k_r: 0.1
 * /jackal_velocity_controller/left_wheel: ['front_left_whee...
 * /jackal_velocity_controller/linear/x/has_acceleration_limits: True
 * /jackal_velocity_controller/linear/x/has_velocity_limits: True
 * /jackal_velocity_controller/linear/x/max_acceleration: 20.0
 * /jackal_velocity_controller/linear/x/max_velocity: 2.0
 * /jackal_velocity_controller/pose_covariance_diagonal: [0.001, 0.001, 10...
 * /jackal_velocity_controller/publish_cmd: True
 * /jackal_velocity_controller/publish_rate: 50
 * /jackal_velocity_controller/right_wheel: ['front_right_whe...
 * /jackal_velocity_controller/twist_covariance_diagonal: [0.001, 0.001, 0....
 * /jackal_velocity_controller/type: diff_drive_contro...
 * /jackal_velocity_controller/wheel_radius_multiplier: 1.0
 * /jackal_velocity_controller/wheel_separation_multiplier: 1.5
 * /move_base/NavfnROS/allow_unknown: True
 * /move_base/TrajectoryPlannerROS/acc_lim_theta: 20.0
 * /move_base/TrajectoryPlannerROS/acc_lim_x: 10.0
 * /move_base/TrajectoryPlannerROS/angular_sim_granularity: 0.02
 * /move_base/TrajectoryPlannerROS/controller_frequency: 20.0
 * /move_base/TrajectoryPlannerROS/dwa: True
 * /move_base/TrajectoryPlannerROS/escape_reset_dist: 0.1
 * /move_base/TrajectoryPlannerROS/escape_reset_theta: 0.1
 * /move_base/TrajectoryPlannerROS/escape_vel: -0.5
 * /move_base/TrajectoryPlannerROS/gdist_scale: 1.0
 * /move_base/TrajectoryPlannerROS/heading_lookahead: 0.325
 * /move_base/TrajectoryPlannerROS/heading_scoring: False
 * /move_base/TrajectoryPlannerROS/heading_scoring_timestep: 0.8
 * /move_base/TrajectoryPlannerROS/holonomic_robot: False
 * /move_base/TrajectoryPlannerROS/latch_xy_goal_tolerance: False
 * /move_base/TrajectoryPlannerROS/max_vel_theta: 1.57
 * /move_base/TrajectoryPlannerROS/max_vel_x: 0.5
 * /move_base/TrajectoryPlannerROS/meter_scoring: True
 * /move_base/TrajectoryPlannerROS/min_in_place_vel_theta: 0.314
 * /move_base/TrajectoryPlannerROS/min_vel_theta: -1.57
 * /move_base/TrajectoryPlannerROS/min_vel_x: 0.1
 * /move_base/TrajectoryPlannerROS/occdist_scale: 0.1
 * /move_base/TrajectoryPlannerROS/oscillation_reset_dist: 0.05
 * /move_base/TrajectoryPlannerROS/pdist_scale: 0.75
 * /move_base/TrajectoryPlannerROS/publish_cost_grid_pc: True
 * /move_base/TrajectoryPlannerROS/sim_granularity: 0.02
 * /move_base/TrajectoryPlannerROS/sim_time: 2.0
 * /move_base/TrajectoryPlannerROS/simple_attractor: False
 * /move_base/TrajectoryPlannerROS/vtheta_samples: 20
 * /move_base/TrajectoryPlannerROS/vx_samples: 6
 * /move_base/TrajectoryPlannerROS/xy_goal_tolerance: 0.25
 * /move_base/TrajectoryPlannerROS/yaw_goal_tolerance: 0.157
 * /move_base/base_global_planner: navfn/NavfnROS
 * /move_base/base_local_planner: base_local_planne...
 * /move_base/clearing_rotation_allowed: True
 * /move_base/controller_frequency: 20.0
 * /move_base/controller_patience: 15.0
 * /move_base/global_costmap/footprint: [[-0.21, -0.165],...
 * /move_base/global_costmap/footprint_padding: 0.1
 * /move_base/global_costmap/global_frame: map
 * /move_base/global_costmap/height: 40.0
 * /move_base/global_costmap/inflater_layer/inflation_radius: 0.3
 * /move_base/global_costmap/map_type: costmap
 * /move_base/global_costmap/meter_scoring: True
 * /move_base/global_costmap/obstacle_range: 2.5
 * /move_base/global_costmap/obstacles_layer/observation_sources: scan
 * /move_base/global_costmap/obstacles_layer/scan/clearing: True
 * /move_base/global_costmap/obstacles_layer/scan/data_type: LaserScan
 * /move_base/global_costmap/obstacles_layer/scan/marking: True
 * /move_base/global_costmap/obstacles_layer/scan/max_obstacle_height: 2.0
 * /move_base/global_costmap/obstacles_layer/scan/min_obstacle_height: -2.0
 * /move_base/global_costmap/obstacles_layer/scan/obstacle_range: 2.5
 * /move_base/global_costmap/obstacles_layer/scan/raytrace_range: 3.0
 * /move_base/global_costmap/obstacles_layer/scan/sensor_frame: front_laser
 * /move_base/global_costmap/obstacles_layer/scan/topic: front/scan
 * /move_base/global_costmap/origin_x: -20.0
 * /move_base/global_costmap/origin_y: -20.0
 * /move_base/global_costmap/origin_z: 0.0
 * /move_base/global_costmap/plugins: [{'name': 'static...
 * /move_base/global_costmap/publish_frequency: 5.0
 * /move_base/global_costmap/publish_voxel_map: False
 * /move_base/global_costmap/raytrace_range: 3.0
 * /move_base/global_costmap/resolution: 0.05
 * /move_base/global_costmap/robot_base_frame: base_link
 * /move_base/global_costmap/rolling_window: False
 * /move_base/global_costmap/static_map: True
 * /move_base/global_costmap/transform_tolerance: 0.5
 * /move_base/global_costmap/update_frequency: 20.0
 * /move_base/global_costmap/width: 40.0
 * /move_base/global_costmap/z_resolution: 1
 * /move_base/global_costmap/z_voxels: 2
 * /move_base/local_costmap/footprint: [[-0.21, -0.165],...
 * /move_base/local_costmap/footprint_padding: 0.1
 * /move_base/local_costmap/global_frame: map
 * /move_base/local_costmap/height: 10.0
 * /move_base/local_costmap/inflater_layer/inflation_radius: 0.3
 * /move_base/local_costmap/map_type: costmap
 * /move_base/local_costmap/meter_scoring: True
 * /move_base/local_costmap/obstacle_range: 2.5
 * /move_base/local_costmap/obstacles_layer/observation_sources: scan
 * /move_base/local_costmap/obstacles_layer/scan/clearing: True
 * /move_base/local_costmap/obstacles_layer/scan/data_type: LaserScan
 * /move_base/local_costmap/obstacles_layer/scan/marking: True
 * /move_base/local_costmap/obstacles_layer/scan/max_obstacle_height: 2.0
 * /move_base/local_costmap/obstacles_layer/scan/min_obstacle_height: -2.0
 * /move_base/local_costmap/obstacles_layer/scan/obstacle_range: 2.5
 * /move_base/local_costmap/obstacles_layer/scan/raytrace_range: 3.0
 * /move_base/local_costmap/obstacles_layer/scan/sensor_frame: front_laser
 * /move_base/local_costmap/obstacles_layer/scan/topic: front/scan
 * /move_base/local_costmap/origin_z: 0.0
 * /move_base/local_costmap/plugins: [{'name': 'obstac...
 * /move_base/local_costmap/publish_frequency: 5.0
 * /move_base/local_costmap/publish_voxel_map: False
 * /move_base/local_costmap/raytrace_range: 3.0
 * /move_base/local_costmap/resolution: 0.05
 * /move_base/local_costmap/robot_base_frame: base_link
 * /move_base/local_costmap/rolling_window: True
 * /move_base/local_costmap/static_map: False
 * /move_base/local_costmap/transform_tolerance: 0.5
 * /move_base/local_costmap/update_frequency: 20.0
 * /move_base/local_costmap/width: 10.0
 * /move_base/local_costmap/z_resolution: 1
 * /move_base/local_costmap/z_voxels: 2
 * /move_base/oscillation_distance: 0.5
 * /move_base/oscillation_timeout: 0.0
 * /move_base/planner_frequency: 20.0
 * /move_base/planner_patience: 5.0
 * /move_base/recovery_behavior_enabled: True
 * /move_base/shutdown_costmaps: False
 * /multi_floor_navigation_node/init_pose_offset_theta: 0.15
 * /multi_floor_navigation_node/init_pose_offset_x: 0.3
 * /multi_floor_navigation_node/init_pose_offset_y: 0.3
 * /multi_floor_navigation_node/region_init_sigma_x: 0.15
 * /multi_floor_navigation_node/region_init_sigma_y: 0.15
 * /multi_floor_navigation_node/region_init_sigma_yaw: 0.05
 * /multi_floor_navigation_node/reloc_confidence_K: 3
 * /multi_floor_navigation_node/reloc_confidence_lambda: 20.0
 * /multi_floor_navigation_node/reloc_confidence_tau: 0.75
 * /multi_floor_navigation_node/reloc_min_check_delay_sec: 3.0
 * /multi_floor_navigation_node/use_covariance_reloc: True
 * /robot_description: <?xml version="1....
 * /rosdistro: noetic
 * /rosversion: 1.17.0
 * /twist_marker_server/link_name: base_link
 * /twist_mux/locks: [{'name': 'e_stop...
 * /twist_mux/topics: [{'name': 'joy', ...
 * /use_gui: True
 * /use_sim_time: True

NODES
  /
    amcl (amcl/amcl)
    change_map_node (multi_floor_nav/change_map_node)
    controller_spawner (controller_manager/spawner)
    ekf_localization (robot_localization/ekf_localization_node)
    gazebo (gazebo_ros/gzserver)
    map_server0 (map_server/map_server)
    map_server1 (map_server/map_server)
    move_base (move_base/move_base)
    multi_floor_navigation_node (multi_floor_nav/multi_floor_navigation_node)
    robot_state_publisher (robot_state_publisher/robot_state_publisher)
    rviz (rviz/rviz)
    twist_marker_server (interactive_marker_twist_server/marker_server)
    twist_mux (twist_mux/twist_mux)
    urdf_spawner (gazebo_ros/spawn_model)
[ INFO] [1774359974.814523393]: Finished loading Gazebo ROS API Plugin.
[ INFO] [1774359974.815357651]: waitForService: Service [/gazebo/set_physics_properties] has not been advertised, waiting...
[1;33mWarning [Model.cc:216][0m Non-unique name[door] detected 2 times in XML children of model with name[elevator].
[1;33mWarning [Model.cc:309][0m Joint with name [door] in model with name [elevator] has a name collision, changing joint name to [door_joint].
[ERROR] [1774359976.077008, 0.000000]: Spawn service failed. Exiting.
[ INFO] [1774359975.960761311]: waitForService: Service [/gazebo/set_physics_properties] is now available.
[ INFO] [1774359976.071959186]: Physics dynamic reconfigure ready.
[1;33mWarning [parser_urdf.cc:1161][0m multiple inconsistent <gravity> exists due to fixed joint reduction overwriting previous value [true] with [false].
[1;33mWarning [parser_urdf.cc:1161][0m multiple inconsistent <gravity> exists due to fixed joint reduction overwriting previous value [false] with [true].
[ERROR] [1774359976.531804714, 1054.802000000]: No p gain specified for pid.  Namespace: /gazebo_ros_control/pid_gains/front_left_wheel
[ERROR] [1774359976.532342146, 1054.802000000]: No p gain specified for pid.  Namespace: /gazebo_ros_control/pid_gains/front_right_wheel
[ERROR] [1774359976.532808758, 1054.802000000]: No p gain specified for pid.  Namespace: /gazebo_ros_control/pid_gains/rear_left_wheel
[ERROR] [1774359976.533250647, 1054.802000000]: No p gain specified for pid.  Namespace: /gazebo_ros_control/pid_gains/rear_right_wheel
[ WARN] [1774359976.575434255, 1054.804000000]: Failed to meet update rate! Took 1054.8040000000000873
[ WARN] [1774359976.575602084, 1054.804000000]: Timed out waiting for transform from base_link to map to become available before running costmap, tf error: canTransform: target_frame map does not exist. canTransform: source_frame base_link does not exist.. canTransform returned after 1054.8 timeout was 0.1.
[ WARN] [1774359976.576307136, 1054.804000000]: Failed to meet update rate! Took 1054.7840000000001055
[ WARN] [1774359976.912028420]: Interactive marker 'robot_twist_marker' contains unnormalized quaternions. This warning will only be output once but may be true for others; enable DEBUG messages for ros.rviz.quaternions to see more details.
[ WARN] [1774359977.922524698, 1056.129000000]: global_costmap: Pre-Hydro parameter "static_map" unused since "plugins" is provided
[ WARN] [1774359977.923454431, 1056.130000000]: global_costmap: Pre-Hydro parameter "map_type" unused since "plugins" is provided
[ WARN] [1774360009.481632979, 1087.252000000]: [Multi Floor Nav] Initial pose perturbation applied: offset_x=0.30, offset_y=0.30, offset_theta=0.15
[ WARN] [1774360009.718402637, 1087.486000000]: local_costmap: Pre-Hydro parameter "static_map" unused since "plugins" is provided
[ WARN] [1774360009.718623826, 1087.487000000]: local_costmap: Pre-Hydro parameter "map_type" unused since "plugins" is provided
[ WARN] [1774360009.753334374, 1087.521000000]: Parameter pdist_scale is deprecated. Please use the name path_distance_bias instead.
[ WARN] [1774360009.753964136, 1087.522000000]: Parameter gdist_scale is deprecated. Please use the name goal_distance_bias instead.
[ INFO] [1774359974.575640814]: [Multi Floor Nav] Module C: covariance reloc criterion enabled (lambda=20.00, tau=0.75, K=3, post_monitor=2.0s, min_delay=3.0s)
[ INFO] [1774360009.465804479, 1087.236000000]: [Multi Floor Nav] Successfully loaded map for level: 0
[ INFO] [1774360009.482739620, 1087.253000000]: [Multi Floor Nav] Initializing Robot at x: 4.3, y: -4.7, yaw: 0.1 (region sigma: x=0.15, y=0.15, yaw=0.05)
[ INFO] [1774360009.482769722, 1087.253000000]: [Multi Floor Nav] Initializing Pose to x: 4.00, y: -5.00 at level: 0
[ INFO] [1774360010.496577544, 1088.255000000]: [Multi Floor Nav] Waiting for AMCL nomotion updates (1.0/3.0s)...
[ INFO] [1774360011.509437963, 1089.256000000]: [Multi Floor Nav] Waiting for AMCL nomotion updates (2.0/3.0s)...
[ INFO] [1774360012.521197677, 1090.255000000]: [Multi Floor Nav] Current Robot Pose, x: 4.18, y: -4.80, yaw: 0.12
[ INFO] [1774360012.521222541, 1090.255000000]: [Multi Floor Nav] Linear Error: 0.27, Angular Error: 0.12
[ INFO] [1774360012.521255855, 1090.255000000]: [Multi Floor Nav] Module C: tr(??)=0.0201, C_t=0.6689 (tau=0.75), frame_ok=0
[ INFO] [1774360012.724230032, 1090.455000000]: [Multi Floor Nav] Current Robot Pose, x: 4.17, y: -4.80, yaw: 0.11
[ INFO] [1774360012.724253010, 1090.455000000]: [Multi Floor Nav] Linear Error: 0.26, Angular Error: 0.11
[ INFO] [1774360012.724269981, 1090.455000000]: [Multi Floor Nav] Module C: tr(??)=0.0177, C_t=0.7016 (tau=0.75), frame_ok=0
[ INFO] [1774360012.926034150, 1090.655000000]: [Multi Floor Nav] Current Robot Pose, x: 4.16, y: -4.80, yaw: 0.11
[ INFO] [1774360012.926053776, 1090.655000000]: [Multi Floor Nav] Linear Error: 0.25, Angular Error: 0.11
[ INFO] [1774360012.926065160, 1090.655000000]: [Multi Floor Nav] Module C: tr(??)=0.0160, C_t=0.7263 (tau=0.75), frame_ok=0
[ INFO] [1774360013.130327566, 1090.856000000]: [Multi Floor Nav] Current Robot Pose, x: 4.15, y: -4.81, yaw: 0.11
[ INFO] [1774360013.130381763, 1090.856000000]: [Multi Floor Nav] Linear Error: 0.25, Angular Error: 0.11
[ INFO] [1774360013.130420805, 1090.856000000]: [Multi Floor Nav] Module C: tr(??)=0.0145, C_t=0.7478 (tau=0.75), frame_ok=0
[ INFO] [1774360013.330193089, 1091.055000000]: [Multi Floor Nav] Current Robot Pose, x: 4.15, y: -4.81, yaw: 0.11
[ INFO] [1774360013.330217883, 1091.055000000]: [Multi Floor Nav] Linear Error: 0.25, Angular Error: 0.11
[ INFO] [1774360013.330229756, 1091.055000000]: [Multi Floor Nav] Module C: tr(??)=0.0141, C_t=0.7549 (tau=0.75), frame_ok=1
[ INFO] [1774360013.534050484, 1091.256000000]: [Multi Floor Nav] Current Robot Pose, x: 4.15, y: -4.81, yaw: 0.11
[ INFO] [1774360013.534069900, 1091.256000000]: [Multi Floor Nav] Linear Error: 0.24, Angular Error: 0.11
[ INFO] [1774360013.534082960, 1091.256000000]: [Multi Floor Nav] Module C: tr(??)=0.0135, C_t=0.7630 (tau=0.75), frame_ok=1
[ INFO] [1774360013.738459976, 1091.457000000]: [Multi Floor Nav] Current Robot Pose, x: 4.14, y: -4.82, yaw: 0.11
[ INFO] [1774360013.738505862, 1091.457000000]: [Multi Floor Nav] Linear Error: 0.23, Angular Error: 0.11
[ INFO] [1774360013.738534986, 1091.457000000]: [Multi Floor Nav] Module C: tr(??)=0.0133, C_t=0.7670 (tau=0.75), frame_ok=1
[ INFO] [1774360013.738571164, 1091.457000000]: [Multi Floor Nav] Module C: reloc passed (consecutive 3 >= K=3)
[ INFO] [1774360013.738590999, 1091.457000000]: [Multi Floor Nav] Robot at correct pose
[ INFO] [1774360013.738624663, 1091.457000000]: [Multi Floor Nav] RELOC_PASS: linear_error=0.2330, angular_error=0.1052, tr_sigma=0.0133, C_t=0.7670
[ INFO] [1774360014.753538637, 1092.457000000]: [Multi Floor Nav] POST_PASS: dt=1.000s, linear_error=0.2280, angular_error=0.1029
[ INFO] [1774360014.753568180, 1092.457000000]: [Multi Floor Nav] Will send goal to x: 3, y: -0, at level: 0
[ INFO] [1774360014.753588714, 1092.457000000]: [Multi Floor Nav] Sending Robot to x: 3.0, y: -0.5, yaw: 3.1
[ INFO] [1774360014.956231282, 1092.657000000]: [Multi Floor Nav] POST_PASS: dt=1.200s, linear_error=0.2280, angular_error=0.1029
[ INFO] [1774360015.159063610, 1092.857000000]: [Multi Floor Nav] POST_PASS: dt=1.40[ WARN] [1774360086.881511494, 1163.860000000]: [Multi Floor Nav] Initial pose perturbation applied: offset_x=0.30, offset_y=0.30, offset_theta=0.15
0s, linear_error=0.2995, angular_error=0.2153
[ INFO] [1774360015.361116644, 1093.058000000]: [Multi Floor Nav] POST_PASS: dt=1.601s, linear_error=0.3857, angular_error=0.3230
[ INFO] [1774360015.562525669, 1093.257000000]: [Multi Floor Nav] POST_PASS: dt=1.800s, linear_error=0.3857, angular_error=0.3230
[ INFO] [1774360015.765071785, 1093.457000000]: [Multi Floor Nav] POST_PASS: dt=2.000s, linear_error=0.4880, angular_error=0.5851
[ INFO] [1774360049.484855568, 1126.857000000]: [Multi Floor Nav] Requesting Lift to Level 0
[ INFO] [1774360049.686742169, 1127.057000000]: [Multi Floor Nav] Entering Lift at Level 0
[ INFO] [1774360067.028776755, 1144.257000000]: [Multi Floor Nav] Requesting Lift to Level 1
[ INFO] [1774360074.101802739, 1151.257000000]: [Multi Floor Nav] Exiting Lift at Level 1
[ INFO] [1774360086.856269244, 1163.836000000]: [Multi Floor Nav] Successfully loaded map for level: 1
[ INFO] [1774360086.883352172, 1163.862000000]: [Multi Floor Nav] Initializing Robot at x: 3.3, y: -0.2, yaw: 3.3 (region sigma: x=0.15, y=0.15, yaw=0.05)
[ INFO] [1774360086.883377245, 1163.862000000]: [Multi Floor Nav] Initializing Pose to x: 3.00, y: -0.50 at level: 1
[ INFO] [1774360087.900295047, 1164.864000000]: [Multi Floor Nav] Waiting for AMCL nomotion updates (1.0/3.0s)...
[ INFO] [1774360088.919342042, 1165.865000000]: [Multi Floor Nav] Waiting for AMCL nomotion updates (2.0/3.0s)...
[ INFO] [1774360089.936824864, 1166.865000000]: [Multi Floor Nav] Current Robot Pose, x: 3.41, y: -0.48, yaw: -3.07
[ INFO] [1774360089.936889886, 1166.865000000]: [Multi Floor Nav] Linear Error: 0.41, Angular Error: 0.07
[ INFO] [1774360089.936937728, 1166.865000000]: [Multi Floor Nav] Module C: tr(??)=0.0194, C_t=0.6782 (tau=0.75), frame_ok=0
[ INFO] [1774360090.140318173, 1167.066000000]: [Multi Floor Nav] Current Robot Pose, x: 3.40, y: -0.50, yaw: -3.07
[ INFO] [1774360090.140381450, 1167.066000000]: [Multi Floor Nav] Linear Error: 0.40, Angular Error: 0.07
[ INFO] [1774360090.140423983, 1167.066000000]: [Multi Floor Nav] Module C: tr(??)=0.0168, C_t=0.7149 (tau=0.75), frame_ok=0
[ INFO] [1774360090.342073892, 1167.266000000]: [Multi Floor Nav] Current Robot Pose, x: 3.40, y: -0.51, yaw: -3.08
[ INFO] [1774360090.342124527, 1167.266000000]: [Multi Floor Nav] Linear Error: 0.40, Angular Error: 0.06
[ INFO] [1774360090.342153092, 1167.266000000]: [Multi Floor Nav] Module C: tr(??)=0.0143, C_t=0.7511 (tau=0.75), frame_ok=1
[ INFO] [1774360090.544186990, 1167.466000000]: [Multi Floor Nav] Current Robot Pose, x: 3.40, y: -0.51, yaw: -3.08
[ INFO] [1774360090.544253270, 1167.466000000]: [Multi Floor Nav] Linear Error: 0.40, Angular Error: 0.06
[ INFO] [1774360090.544336940, 1167.466000000]: [Multi Floor Nav] Module C: tr(??)=0.0139, C_t=0.7567 (tau=0.75), frame_ok=1
[ INFO] [1774360090.745789266, 1167.664000000]: [Multi Floor Nav] Current Robot Pose, x: 3.40, y: -0.52, yaw: -3.08
[ INFO] [1774360090.745823139, 1167.664000000]: [Multi Floor Nav] Linear Error: 0.40, Angular Error: 0.06
[ INFO] [1774360090.745843184, 1167.664000000]: [Multi Floor Nav] Module C: tr(??)=0.0121, C_t=0.7857 (tau=0.75), frame_ok=1
[ INFO] [1774360090.745857920, 1167.664000000]: [Multi Floor Nav] Module C: reloc passed (consecutive 3 >= K=3)
[ INFO] [1774360090.745870911, 1167.664000000]: [Multi Floor Nav] Robot at correct pose
[ INFO] [1774360090.745892283, 1167.664000000]: [Multi Floor Nav] RELOC_PASS: linear_error=0.3977, angular_error=0.0579, tr_sigma=0.0121, C_t=0.7857
[ INFO] [1774360091.757697534, 1168.664000000]: [Multi Floor Nav] POST_PASS: dt=1.000s, linear_error=0.3992, angular_error=0.0558
[ INFO] [1774360091.757751940, 1168.664000000]: [Multi Floor Nav] Will send goal to x: 4, y: 5, at level: 1
[ INFO] [1774360091.757778271, 1168.664000000]: [Multi Floor Nav] Sending Robot to x: 4.0, y: 5.0, yaw: 0.0
[ INFO] [1774360091.962692020, 1168.864000000]: [Multi Floor Nav] POST_PASS: dt=1.200s, linear_error=0.3992, angular_error=0.0558
[ INFO] [1774360092.166339052, 1169.064000000]: [Multi Floor Nav] POST_PASS: dt=1.400s, linear_error=0.2797, angular_error=0.0960
[ INFO] [1774360092.371632181, 1169.265000000]: [Multi Floor Nav] POST_PASS: dt=1.600s, linear_error=0.2797, angular_error=0.0960
[ INFO] [1774360092.576384457, 1169.464000000]: [Multi Floor Nav] POST_PASS: dt=1.800s, linear_error=0.1509, angular_error=0.4921
[ INFO] [1774360092.778953831, 1169.664000000]: [Multi Floor Nav] POST_PASS: dt=2.000s, linear_error=0.1012, angular_error=0.8607
[ INFO] [1774360117.102288456, 1193.464000000]: [Multi Floor Nav] Robot arrived at Goal
[ INFO] [1774359977.923878789, 1056.131000000]: global_costmap: Using plugin "static_layer"
[ INFO] [1774359977.928237329, 1056.135000000]: Requesting the map...
[ INFO] [1774360009.567998644, 1087.337000000]: Resizing costmap to 992 X 992 at 0.020000 m/pix
[ INFO] [1774360009.667572629, 1087.436000000]: Received a 992 X 992 map at 0.020000 m/pix
[ INFO] [1774360009.670196581, 1087.438000000]: global_costmap: Using plugin "obstacles_layer"
[ INFO] [1774360009.678945649, 1087.447000000]:     Subscribed to Topics: scan
[ INFO] [1774360009.688429311, 1087.456000000]: global_costmap: Using plugin "inflater_layer"
[ INFO] [1774360009.719006628, 1087.487000000]: local_costmap: Using plugin "obstacles_layer"
[ INFO] [1774360009.721939001, 1087.490000000]:     Subscribed to Topics: scan
[ INFO] [1774360009.730085474, 1087.498000000]: local_costmap: Using plugin "inflater_layer"
[ INFO] [1774360009.746244744, 1087.514000000]: Created local_planner base_local_planner/TrajectoryPlannerROS
[ INFO] [1774360009.750887959, 1087.519000000]: Sim period is set to 0.05
[ INFO] [1774360009.849465722, 1087.616000000]: Recovery behavior will clear layer 'obstacles'
[ INFO] [1774360009.852583664, 1087.619000000]: Recovery behavior will clear layer 'obstacles'
[ INFO] [1774360009.877807198, 1087.645000000]: odom received!
[WARN] [1774360228.560257, 1287.288000]: Controller Spawner error while taking down controllers: transport error completing service call: unable to receive data from sender, check sender's logs for details
[31m[urdf_spawner-8] process has died [pid 86518, exit code 1, cmd /opt/ros/noetic/lib/gazebo_ros/spawn_model -urdf -model jackal -param robot_description -x 4.0 -y -5.0 -z 0.5 __name:=urdf_spawner __log:=/home/eethanhe/.ros/log/d2ca0502-2787-11f1-8845-1536d44dd856/urdf_spawner-8.log].
log file: /home/eethanhe/.ros/log/d2ca0502-2787-11f1-8845-1536d44dd856/urdf_spawner-8*.log[0m
[31m[controller_spawner-4] escalating to SIGTERM[0m
[31m[gazebo-2] escalating to SIGTERM[0m

auto-starting new master
[1mprocess[master]: started with pid [86459][0m
[1mROS_MASTER_URI=http://localhost:11311[0m
]2;/home/eethanhe/catkin_ws/src/robot-multi-floor-navigation/multi_floor_nav/launch/nav.launch http://localhost:11311
[1msetting /run_id to d2ca0502-2787-11f1-8845-1536d44dd856[0m
[1mprocess[rosout-1]: started with pid [86485][0m
started core service [/rosout]
[1mprocess[gazebo-2]: started with pid [86503][0m
[1mprocess[robot_state_publisher-3]: started with pid [86507][0m
[1mprocess[controller_spawner-4]: started with pid [86509][0m
[1mprocess[ekf_localization-5]: started with pid [86510][0m
[1mprocess[twist_mux-6]: started with pid [86511][0m
[1mprocess[twist_marker_server-7]: started with pid [86516][0m
[1mprocess[urdf_spawner-8]: started with pid [86518][0m
[1mprocess[map_server0-9]: started with pid [86525][0m
[1mprocess[map_server1-10]: started with pid [86534][0m
[1mprocess[amcl-11]: started with pid [86538][0m
[1mprocess[move_base-12]: started with pid [86540][0m
[1mprocess[rviz-13]: started with pid [86546][0m
[1mprocess[change_map_node-14]: started with pid [86552][0m
[1mprocess[multi_floor_navigation_node-15]: started with pid [86559][0m
[multi_floor_navigation_node-15] killing on exit
[change_map_node-14] killing on exit
[rviz-13] killing on exit
[move_base-12] killing on exit
[amcl-11] killing on exit
[map_server1-10] killing on exit
[map_server0-9] killing on exit
[twist_marker_server-7] killing on exit
[twist_mux-6] killing on exit
[ekf_localization-5] killing on exit
[controller_spawner-4] killing on exit
[robot_state_publisher-3] killing on exit
[gazebo-2] killing on exit
[rosout-1] killing on exit
[master] killing on exit
shutting down processing monitor...
... shutting down processing monitor complete
[1mdone[0m
