xacro: in-order processing became default in ROS Melodic. You can drop the option.
... logging to /home/eethanhe/.ros/log/e4e67eac-3027-11f1-a0c4-b3a95fcbe21c/roslaunch-eethanhe-Lenovo-Legion-R9000P2021H-72309.log
Checking log directory for disk usage. This may take a while.
Press Ctrl-C to interrupt
Done checking log file disk usage. Usage is <1GB.
]2;/home/eethanhe/catkin_ws/src/robot-multi-floor-navigation/multi_floor_nav/launch/nav.launch
[1mstarted roslaunch server http://eethanhe-Lenovo-Legion-R9000P2021H:33477/[0m

SUMMARY
========

PARAMETERS
 * /amcl/auto_update_noise: 0.0
 * /amcl/base_frame_id: base_link
 * /amcl/expected_laser_freq: 5.0
 * /amcl/first_map_only: False
 * /amcl/global_frame_id: map
 * /amcl/gui_publish_rate: 10.0
 * /amcl/initial_pose_a: 0.0
 * /amcl/initial_pose_x: 0.0
 * /amcl/initial_pose_y: 0.0
 * /amcl/kld_err: 0.05
 * /amcl/kld_z: 0.99
 * /amcl/laser_lambda_short: 0.1
 * /amcl/laser_likelihood_max_dist: 2.0
 * /amcl/laser_max_beams: 720
 * /amcl/laser_max_range: 30.0
 * /amcl/laser_min_range: 0.1
 * /amcl/laser_model_type: likelihood_field
 * /amcl/laser_sigma_hit: 0.2
 * /amcl/laser_z_hit: 0.5
 * /amcl/laser_z_max: 0.05
 * /amcl/laser_z_rand: 0.5
 * /amcl/laser_z_short: 0.05
 * /amcl/max_particles: 2000
 * /amcl/min_particles: 500
 * /amcl/odom_alpha1: 0.2
 * /amcl/odom_alpha2: 0.2
 * /amcl/odom_alpha3: 0.2
 * /amcl/odom_alpha4: 0.2
 * /amcl/odom_alpha5: 0.1
 * /amcl/odom_frame_id: odom
 * /amcl/odom_model_type: diff
 * /amcl/odom_update_interval: 0.1
 * /amcl/recovery_alpha_fast: 0.1
 * /amcl/recovery_alpha_slow: 0.001
 * /amcl/resample_interval: 1
 * /amcl/transform_tolerance: 1.0
 * /amcl/update_min_a: 0.3927
 * /amcl/update_min_d: 0.1
 * /amcl/use_map_topic: False
 * /ekf_localization/base_link_frame: base_link
 * /ekf_localization/frequency: 50
 * /ekf_localization/imu0: /imu/data
 * /ekf_localization/imu0_config: [False, False, Fa...
 * /ekf_localization/imu0_differential: False
 * /ekf_localization/odom0: /jackal_velocity_...
 * /ekf_localization/odom0_config: [False, False, Fa...
 * /ekf_localization/odom0_differential: False
 * /ekf_localization/odom_frame: odom
 * /ekf_localization/predict_to_current_time: True
 * /ekf_localization/world_frame: odom
 * /gazebo/enable_ros_network: True
 * /jackal_joint_publisher/publish_rate: 50
 * /jackal_joint_publisher/type: joint_state_contr...
 * /jackal_velocity_controller/angular/z/has_acceleration_limits: True
 * /jackal_velocity_controller/angular/z/has_velocity_limits: True
 * /jackal_velocity_controller/angular/z/max_acceleration: 25.0
 * /jackal_velocity_controller/angular/z/max_velocity: 4.0
 * /jackal_velocity_controller/cmd_vel_timeout: 0.25
 * /jackal_velocity_controller/enable_odom_tf: False
 * /jackal_velocity_controller/k_l: 0.1
 * /jackal_velocity_controller/k_r: 0.1
 * /jackal_velocity_controller/left_wheel: ['front_left_whee...
 * /jackal_velocity_controller/linear/x/has_acceleration_limits: True
 * /jackal_velocity_controller/linear/x/has_velocity_limits: True
 * /jackal_velocity_controller/linear/x/max_acceleration: 20.0
 * /jackal_velocity_controller/linear/x/max_velocity: 2.0
 * /jackal_velocity_controller/pose_covariance_diagonal: [0.001, 0.001, 10...
 * /jackal_velocity_controller/publish_cmd: True
 * /jackal_velocity_controller/publish_rate: 50
 * /jackal_velocity_controller/right_wheel: ['front_right_whe...
 * /jackal_velocity_controller/twist_covariance_diagonal: [0.001, 0.001, 0....
 * /jackal_velocity_controller/type: diff_drive_contro...
 * /jackal_velocity_controller/wheel_radius_multiplier: 1.0
 * /jackal_velocity_controller/wheel_separation_multiplier: 1.5
 * /move_base/NavfnROS/allow_unknown: True
 * /move_base/TrajectoryPlannerROS/acc_lim_theta: 20.0
 * /move_base/TrajectoryPlannerROS/acc_lim_x: 10.0
 * /move_base/TrajectoryPlannerROS/angular_sim_granularity: 0.02
 * /move_base/TrajectoryPlannerROS/controller_frequency: 20.0
 * /move_base/TrajectoryPlannerROS/dwa: True
 * /move_base/TrajectoryPlannerROS/escape_reset_dist: 0.1
 * /move_base/TrajectoryPlannerROS/escape_reset_theta: 0.1
 * /move_base/TrajectoryPlannerROS/escape_vel: -0.5
 * /move_base/TrajectoryPlannerROS/gdist_scale: 1.0
 * /move_base/TrajectoryPlannerROS/heading_lookahead: 0.325
 * /move_base/TrajectoryPlannerROS/heading_scoring: False
 * /move_base/TrajectoryPlannerROS/heading_scoring_timestep: 0.8
 * /move_base/TrajectoryPlannerROS/holonomic_robot: False
 * /move_base/TrajectoryPlannerROS/latch_xy_goal_tolerance: False
 * /move_base/TrajectoryPlannerROS/max_vel_theta: 1.57
 * /move_base/TrajectoryPlannerROS/max_vel_x: 0.5
 * /move_base/TrajectoryPlannerROS/meter_scoring: True
 * /move_base/TrajectoryPlannerROS/min_in_place_vel_theta: 0.314
 * /move_base/TrajectoryPlannerROS/min_vel_theta: -1.57
 * /move_base/TrajectoryPlannerROS/min_vel_x: 0.1
 * /move_base/TrajectoryPlannerROS/occdist_scale: 0.1
 * /move_base/TrajectoryPlannerROS/oscillation_reset_dist: 0.05
 * /move_base/TrajectoryPlannerROS/pdist_scale: 0.75
 * /move_base/TrajectoryPlannerROS/publish_cost_grid_pc: True
 * /move_base/TrajectoryPlannerROS/sim_granularity: 0.02
 * /move_base/TrajectoryPlannerROS/sim_time: 2.0
 * /move_base/TrajectoryPlannerROS/simple_attractor: False
 * /move_base/TrajectoryPlannerROS/vtheta_samples: 20
 * /move_base/TrajectoryPlannerROS/vx_samples: 6
 * /move_base/TrajectoryPlannerROS/xy_goal_tolerance: 0.25
 * /move_base/TrajectoryPlannerROS/yaw_goal_tolerance: 0.157
 * /move_base/base_global_planner: navfn/NavfnROS
 * /move_base/base_local_planner: base_local_planne...
 * /move_base/clearing_rotation_allowed: True
 * /move_base/controller_frequency: 20.0
 * /move_base/controller_patience: 15.0
 * /move_base/global_costmap/footprint: [[-0.21, -0.165],...
 * /move_base/global_costmap/footprint_padding: 0.1
 * /move_base/global_costmap/global_frame: map
 * /move_base/global_costmap/height: 40.0
 * /move_base/global_costmap/inflater_layer/inflation_radius: 0.3
 * /move_base/global_costmap/map_type: costmap
 * /move_base/global_costmap/meter_scoring: True
 * /move_base/global_costmap/obstacle_range: 2.5
 * /move_base/global_costmap/obstacles_layer/observation_sources: scan
 * /move_base/global_costmap/obstacles_layer/scan/clearing: True
 * /move_base/global_costmap/obstacles_layer/scan/data_type: LaserScan
 * /move_base/global_costmap/obstacles_layer/scan/marking: True
 * /move_base/global_costmap/obstacles_layer/scan/max_obstacle_height: 2.0
 * /move_base/global_costmap/obstacles_layer/scan/min_obstacle_height: -2.0
 * /move_base/global_costmap/obstacles_layer/scan/obstacle_range: 2.5
 * /move_base/global_costmap/obstacles_layer/scan/raytrace_range: 3.0
 * /move_base/global_costmap/obstacles_layer/scan/sensor_frame: front_laser
 * /move_base/global_costmap/obstacles_layer/scan/topic: front/scan
 * /move_base/global_costmap/origin_x: -20.0
 * /move_base/global_costmap/origin_y: -20.0
 * /move_base/global_costmap/origin_z: 0.0
 * /move_base/global_costmap/plugins: [{'name': 'static...
 * /move_base/global_costmap/publish_frequency: 5.0
 * /move_base/global_costmap/publish_voxel_map: False
 * /move_base/global_costmap/raytrace_range: 3.0
 * /move_base/global_costmap/resolution: 0.05
 * /move_base/global_costmap/robot_base_frame: base_link
 * /move_base/global_costmap/rolling_window: False
 * /move_base/global_costmap/static_map: True
 * /move_base/global_costmap/transform_tolerance: 0.5
 * /move_base/global_costmap/update_frequency: 20.0
 * /move_base/global_costmap/width: 40.0
 * /move_base/global_costmap/z_resolution: 1
 * /move_base/global_costmap/z_voxels: 2
 * /move_base/local_costmap/footprint: [[-0.21, -0.165],...
 * /move_base/local_costmap/footprint_padding: 0.1
 * /move_base/local_costmap/global_frame: map
 * /move_base/local_costmap/height: 10.0
 * /move_base/local_costmap/inflater_layer/inflation_radius: 0.3
 * /move_base/local_costmap/map_type: costmap
 * /move_base/local_costmap/meter_scoring: True
 * /move_base/local_costmap/obstacle_range: 2.5
 * /move_base/local_costmap/obstacles_layer/observation_sources: scan
 * /move_base/local_costmap/obstacles_layer/scan/clearing: True
 * /move_base/local_costmap/obstacles_layer/scan/data_type: LaserScan
 * /move_base/local_costmap/obstacles_layer/scan/marking: True
 * /move_base/local_costmap/obstacles_layer/scan/max_obstacle_height: 2.0
 * /move_base/local_costmap/obstacles_layer/scan/min_obstacle_height: -2.0
 * /move_base/local_costmap/obstacles_layer/scan/obstacle_range: 2.5
 * /move_base/local_costmap/obstacles_layer/scan/raytrace_range: 3.0
 * /move_base/local_costmap/obstacles_layer/scan/sensor_frame: front_laser
 * /move_base/local_costmap/obstacles_layer/scan/topic: front/scan
 * /move_base/local_costmap/origin_z: 0.0
 * /move_base/local_costmap/plugins: [{'name': 'obstac...
 * /move_base/local_costmap/publish_frequency: 5.0
 * /move_base/local_costmap/publish_voxel_map: False
 * /move_base/local_costmap/raytrace_range: 3.0
 * /move_base/local_costmap/resolution: 0.05
 * /move_base/local_costmap/robot_base_frame: base_link
 * /move_base/local_costmap/rolling_window: True
 * /move_base/local_costmap/static_map: False
 * /move_base/local_costmap/transform_tolerance: 0.5
 * /move_base/local_costmap/update_frequency: 20.0
 * /move_base/local_costmap/width: 10.0
 * /move_base/local_costmap/z_resolution: 1
 * /move_base/local_costmap/z_voxels: 2
 * /move_base/oscillation_distance: 0.5
 * /move_base/oscillation_timeout: 0.0
 * /move_base/planner_frequency: 20.0
 * /move_base/planner_patience: 5.0
 * /move_base/recovery_behavior_enabled: True
 * /move_base/shutdown_costmaps: False
 * /multi_floor_navigation_node/init_pose_offset_theta: 0.2
 * /multi_floor_navigation_node/init_pose_offset_x: 0.32
 * /multi_floor_navigation_node/init_pose_offset_y: 0.32
 * /multi_floor_navigation_node/region_init_sigma_x: 0.15
 * /multi_floor_navigation_node/region_init_sigma_y: 0.15
 * /multi_floor_navigation_node/region_init_sigma_yaw: 0.1
 * /robot_description: <?xml version="1....
 * /rosdistro: noetic
 * /rosversion: 1.17.0
 * /twist_marker_server/link_name: base_link
 * /twist_mux/locks: [{'name': 'e_stop...
 * /twist_mux/topics: [{'name': 'joy', ...
 * /use_gui: True
 * /use_sim_time: True

NODES
  /
    amcl (amcl/amcl)
    change_map_node (multi_floor_nav/change_map_node)
    controller_spawner (controller_manager/spawner)
    ekf_localization (robot_localization/ekf_localization_node)
    gazebo (gazebo_ros/gzserver)
    map_server0 (map_server/map_server)
    map_server1 (map_server/map_server)
    move_base (move_base/move_base)
    multi_floor_navigation_node (multi_floor_nav/multi_floor_navigation_node)
    robot_state_publisher (robot_state_publisher/robot_state_publisher)
    rviz (rviz/rviz)
    twist_marker_server (interactive_marker_twist_server/marker_server)
    twist_mux (twist_mux/twist_mux)
    urdf_spawner (gazebo_ros/spawn_model)
[ INFO] [1775308334.090129540]: Finished loading Gazebo ROS API Plugin.
[ INFO] [1775308334.097058957]: waitForService: Service [/gazebo/set_physics_properties] has not been advertised, waiting...
[1;33mWarning [Model.cc:216][0m Non-unique name[door] detected 2 times in XML children of model with name[elevator].
[1;33mWarning [Model.cc:309][0m Joint with name [door] in model with name [elevator] has a name collision, changing joint name to [door_joint].
[ERROR] [1775308335.794166, 0.000000]: Spawn service failed. Exiting.
[ INFO] [1775308335.774502189]: waitForService: Service [/gazebo/set_physics_properties] is now available.
[ INFO] [1775308335.797756408, 1054.803000000]: Physics dynamic reconfigure ready.
[1;33mWarning [parser_urdf.cc:1161][0m multiple inconsistent <gravity> exists due to fixed joint reduction overwriting previous value [true] with [false].
[1;33mWarning [parser_urdf.cc:1161][0m multiple inconsistent <gravity> exists due to fixed joint reduction overwriting previous value [false] with [true].
[ERROR] [1775308336.409756463, 1054.896000000]: No p gain specified for pid.  Namespace: /gazebo_ros_control/pid_gains/front_left_wheel
[ERROR] [1775308336.410213843, 1054.896000000]: No p gain specified for pid.  Namespace: /gazebo_ros_control/pid_gains/front_right_wheel
[ERROR] [1775308336.410585389, 1054.896000000]: No p gain specified for pid.  Namespace: /gazebo_ros_control/pid_gains/rear_left_wheel
[ERROR] [1775308336.410941711, 1054.896000000]: No p gain specified for pid.  Namespace: /gazebo_ros_control/pid_gains/rear_right_wheel
[ WARN] [1775308336.463712809, 1054.897000000]: Failed to meet update rate! Took 1054.8969999999999345
[ WARN] [1775308336.464227178, 1054.898000000]: Timed out waiting for transform from base_link to map to become available before running costmap, tf error: canTransform: target_frame map does not exist. canTransform: source_frame base_link does not exist.. canTransform returned after 1054.9 timeout was 0.1.
[ WARN] [1775308336.464711515, 1054.898000000]: Failed to meet update rate! Took 1054.8779999999999291
[ WARN] [1775308336.753096634]: Interactive marker 'robot_twist_marker' contains unnormalized quaternions. This warning will only be output once but may be true for others; enable DEBUG messages for ros.rviz.quaternions to see more details.
[ WARN] [1775308337.764295412, 1056.183000000]: global_costmap: Pre-Hydro parameter "static_map" unused since "plugins" is provided
[ WARN] [1775308337.765239504, 1056.184000000]: global_costmap: Pre-Hydro parameter "map_type" unused since "plugins" is provided
[ WARN] [1775308368.662067225, 1086.699000000]: [Multi Floor Nav] Initial pose perturbation applied: offset_x=0.32, offset_y=0.32, offset_theta=0.20
[ WARN] [1775308368.694643204, 1086.732000000]: local_costmap: Pre-Hydro parameter "static_map" unused since "plugins" is provided
[ WARN] [1775308368.694904684, 1086.732000000]: local_costmap: Pre-Hydro parameter "map_type" unused since "plugins" is provided
[ WARN] [1775308368.731229452, 1086.768000000]: Parameter pdist_scale is deprecated. Please use the name path_distance_bias instead.
[ WARN] [1775308368.731837686, 1086.769000000]: Parameter gdist_scale is deprecated. Please use the name goal_distance_bias instead.
[ WARN] [1775308374.921794064, 1092.900000000]: [Multi Floor Nav] Initial pose perturbation applied: offset_x=0.32, offset_y=0.32, offset_theta=0.20
[ WARN] [1775308374.921838832, 1092.900000000]: [Multi Floor Nav] Retry #1: sigma scaled by 1.300 ??? (0.195, 0.195, 0.130)
[ INFO] [1775308333.757381785]: [Multi Floor Nav] Module A sigma: L0=(0.150,0.150,0.100) L1=(0.150,0.150,0.100)
[ INFO] [1775308333.760772568]: [Multi Floor Nav] Module A delay: L0=6.0s  L1=6.0s  backoff: factor=1.30 max=2.00
[ INFO] [1775308368.464891334, 1086.504000000]: [Multi Floor Nav] Successfully loaded map for level: 0
[ INFO] [1775308368.662119674, 1086.699000000]: [Multi Floor Nav] Adaptive sigma: offset_planar=0.453, adaptive_scale=0.226, adaptive_yaw=0.120 ??? sigma(0.150, 0.150, 0.100)
[ INFO] [1775308368.662130220, 1086.699000000]: [Multi Floor Nav] Initializing Robot at x: 5.3, y: -0.2, yaw: 0.2 (level=0, sigma: x=0.150, y=0.150, yaw=0.100, retry=0)
[ INFO] [1775308368.662147890, 1086.699000000]: [Multi Floor Nav] Initializing Pose to x: 5.00, y: -0.50 at level: 0
[ INFO] [1775308369.679315234, 1087.702000000]: [Multi Floor Nav] Waiting for AMCL nomotion updates (1.0/6.0s, L0)...
[ INFO] [1775308370.694417541, 1088.702000000]: [Multi Floor Nav] Waiting for AMCL nomotion updates (2.0/6.0s, L0)...
[ INFO] [1775308371.907675046, 1089.902000000]: [Multi Floor Nav] Waiting for AMCL nomotion updates (3.2/6.0s, L0)...
[ INFO] [1775308373.116491800, 1091.101000000]: [Multi Floor Nav] Waiting for AMCL nomotion updates (4.4/6.0s, L0)...
[ INFO] [1775308374.120528526, 1092.102000000]: [Multi Floor Nav] Waiting for AMCL nomotion updates (5.4/6.0s, L0)...
[ INFO] [1775308374.722517542, 1092.702000000]: [Multi Floor Nav] Current Robot Pose, x: 5.44, y: -0.01, yaw: 0.10
[ INFO] [1775308374.722540798, 1092.702000000]: [Multi Floor Nav] Linear Error: 0.66, Angular Error: 0.10
[ INFO] [1775308374.722550436, 1092.702000000]: [Multi Floor Nav] Setting initial pose failed. Will Retry (retry #1)
[ INFO] [1775308374.921824584, 1092.900000000]: [Multi Floor Nav] Adaptive sigma: offset_planar=0.453, adaptive_scale=0.226, adaptive_yaw=0.120 ??? sigma(0.150, 0.150, 0.100)
[ INFO] [1775308374.921855593, 1092.900000000]: [Multi Floor Nav] Initializing Robot at x: 5.3, y: -0.2, yaw: 0.2 (level=0, sigma: x=0.195, y=0.195, yaw=0.130, retry=1)
[ INFO] [1775308374.921882272, 1092.900000000]: [Multi Floor Nav] Initializing Pose to x: 5.00, y: -0.50 at level: 0
[ INFO] [1775308375.943269944, 1093.908000000]: [Multi Floor Nav] Waiting for AMCL nomotion updates (1.0/6.0s, L0)...
[ INFO] [1775308376.941549017, 1094.908000000]: [Multi Floor Nav] Waiting for AMCL nomotion updates (2.0/6.0s, L0)...
[ INFO] [1775308377.946207167, 1095.909000000]: [Multi Floor Nav] Waiting for AMCL nomotion updates (3.0/6.0s, L0)...
[ INFO] [1775308379.167272101, 1097.109000000]: [Multi Floor Nav] Waiting for AMCL nomotion updates (4.2/6.0s, L0)...
[ INFO] [1775308380.179510776, 1098.109000000]: [Multi Floor Nav] Waiting for AMCL nomotion updates (5.2/6.0s, L0)...
[ INFO] [1775308380.988505450, 1098.908000000]: [Multi Floor Nav] Current Robot Pose, x: 5.11, y: -0.03, yaw: 0.11
[ INFO] [1775308380.988526961, 1098.908000000]: [Multi Floor Nav] Linear Error: 0.48, Angular Error: 0.11
[ INFO] [1775308380.988543094, 1098.908000000]: [Multi Floor Nav] Robot at correct pose
[ INFO] [1775308380.991444448, 1098.911000000]: [Multi Floor Nav] RELOC_PASS: linear_error=0.4842, angular_error=0.1099, linear_error_init=0.2588, angular_error_init=0.0901, tr_sigma=0.0473, C_t=0.9538
[ INFO] [1775308382.003047046, 1099.911000000]: [Multi Floor Nav] POST_PASS: dt=1.000s, linear_error=0.4849, angular_error=0.1141
[ INFO] [1775308382.003142936, 1099.912000000]: [Multi Floor Nav] Will send goal to x: 3, y: -0, at level: 0
[ INFO] [1775308382.003202230, 1099.912000000]: [Multi Floor Nav] Sending Robot to x: 3.0, y: -0.5, yaw: 3.1
[ INFO] [1775308382.204001481, 1100.111000000]: [Multi Floor Nav] POST_PASS: dt=1.200s, linear_error=0.4849, angular_error=0.1141
[ INFO] [1775308382.404816936, 1100.311000000]: [Multi Floor Nav] POST_PASS: dt=1.400s, linear_error=0.4849, angular_error=0.1141
[ INFO] [1775308382.609494112, 1100.511000000]: [Multi Floor Nav] POST_PASS: dt=1.600s, linear_error=0.5014, angular_error=0.2855
[ INFO] [1775308382.811023678, 1100.711000000]: [Multi Floor Nav] POST_PASS: d[ WARN] [1775308439.880121302, 1157.314000000]: [Multi Floor Nav] Initial pose perturbation applied: offset_x=0.32, offset_y=0.32, offset_theta=0.20
t=1.800s, linear_error=0.4901, angular_error=0.7004
[ INFO] [1775308383.012473488, 1100.911000000]: [Multi Floor Nav] POST_PASS: dt=2.000s, linear_error=0.4561, angular_error=1.1001
[ INFO] [1775308402.585029658, 1120.311000000]: [Multi Floor Nav] Requesting Lift to Level 0
[ INFO] [1775308402.786866721, 1120.511000000]: [Multi Floor Nav] Entering Lift at Level 0
[ INFO] [1775308420.096895015, 1137.711000000]: [Multi Floor Nav] Requesting Lift to Level 1
[ INFO] [1775308427.153503415, 1144.711000000]: [Multi Floor Nav] Exiting Lift at Level 1
[ INFO] [1775308439.868694782, 1157.304000000]: [Multi Floor Nav] Successfully loaded map for level: 1
[ INFO] [1775308439.880218589, 1157.314000000]: [Multi Floor Nav] Adaptive sigma: offset_planar=0.453, adaptive_scale=0.226, adaptive_yaw=0.120 ??? sigma(0.150, 0.150, 0.100)
[ INFO] [1775308439.880272016, 1157.314000000]: [Multi Floor Nav] Initializing Robot at x: 3.3, y: -0.2, yaw: 3.3 (level=1, sigma: x=0.150, y=0.150, yaw=0.100, retry=0)
[ INFO] [1775308439.880363297, 1157.315000000]: [Multi Floor Nav] Initializing Pose to x: 3.00, y: -0.50 at level: 1
[ INFO] [1775308440.892930807, 1158.317000000]: [Multi Floor Nav] Waiting for AMCL nomotion updates (1.0/6.0s, L1)...
[ INFO] [1775308441.902740662, 1159.319000000]: [Multi Floor Nav] Waiting for AMCL nomotion updates (2.0/6.0s, L1)...
[ INFO] [1775308443.120497124, 1160.519000000]: [Multi Floor Nav] Waiting for AMCL nomotion updates (3.2/6.0s, L1)...
[ INFO] [1775308444.338207632, 1161.717000000]: [Multi Floor Nav] Waiting for AMCL nomotion updates (4.4/6.0s, L1)...
[ INFO] [1775308445.348229468, 1162.718000000]: [Multi Floor Nav] Waiting for AMCL nomotion updates (5.4/6.0s, L1)...
[ INFO] [1775308445.953834346, 1163.319000000]: [Multi Floor Nav] Current Robot Pose, x: 3.24, y: -0.12, yaw: 3.11
[ INFO] [1775308445.953889240, 1163.319000000]: [Multi Floor Nav] Linear Error: 0.45, Angular Error: 0.03
[ INFO] [1775308445.953906840, 1163.319000000]: [Multi Floor Nav] Robot at correct pose
[ INFO] [1775308445.955325849, 1163.321000000]: [Multi Floor Nav] RELOC_PASS: linear_error=0.4500, angular_error=0.0287, linear_error_init=0.1057, angular_error_init=0.2287, tr_sigma=0.0386, C_t=0.9622
[ INFO] [1775308446.973352751, 1164.321000000]: [Multi Floor Nav] POST_PASS: dt=1.000s, linear_error=0.4749, angular_error=0.0784
[ INFO] [1775308446.973384039, 1164.321000000]: [Multi Floor Nav] Will send goal to x: 4, y: 5, at level: 1
[ INFO] [1775308446.973402127, 1164.321000000]: [Multi Floor Nav] Sending Robot to x: 4.0, y: 5.0, yaw: 0.0
[ INFO] [1775308447.174822180, 1164.521000000]: [Multi Floor Nav] POST_PASS: dt=1.200s, linear_error=0.4749, angular_error=0.0784
[ INFO] [1775308447.377284736, 1164.721000000]: [Multi Floor Nav] POST_PASS: dt=1.400s, linear_error=0.4749, angular_error=0.0784
[ INFO] [1775308447.580531316, 1164.921000000]: [Multi Floor Nav] POST_PASS: dt=1.600s, linear_error=0.4525, angular_error=0.1928
[ INFO] [1775308447.782936463, 1165.121000000]: [Multi Floor Nav] POST_PASS: dt=1.800s, linear_error=0.4747, angular_error=0.5174
[ INFO] [1775308447.984567714, 1165.321000000]: [Multi Floor Nav] POST_PASS: dt=2.000s, linear_error=0.5563, angular_error=0.9349
[ INFO] [1775308464.804479202, 1181.921000000]: [Multi Floor Nav] Robot arrived at Goal
[ INFO] [1775308337.766822839, 1056.186000000]: global_costmap: Using plugin "static_layer"
[ INFO] [1775308337.772236667, 1056.191000000]: Requesting the map...
[ INFO] [1775308368.555870938, 1086.594000000]: Resizing costmap to 992 X 992 at 0.020000 m/pix
[ INFO] [1775308368.656803613, 1086.693000000]: Received a 992 X 992 map at 0.020000 m/pix
[ INFO] [1775308368.661622625, 1086.698000000]: global_costmap: Using plugin "obstacles_layer"
[ INFO] [1775308368.665171741, 1086.702000000]:     Subscribed to Topics: scan
[ INFO] [1775308368.674512318, 1086.711000000]: global_costmap: Using plugin "inflater_layer"
[ INFO] [1775308368.695334268, 1086.732000000]: local_costmap: Using plugin "obstacles_layer"
[ INFO] [1775308368.698160613, 1086.735000000]:     Subscribed to Topics: scan
[ INFO] [1775308368.707309130, 1086.744000000]: local_costmap: Using plugin "inflater_layer"
[ INFO] [1775308368.724624428, 1086.762000000]: Created local_planner base_local_planner/TrajectoryPlannerROS
[ INFO] [1775308368.728884093, 1086.766000000]: Sim period is set to 0.05
[ INFO] [1775308368.829855250, 1086.866000000]: Recovery behavior will clear layer 'obstacles'
[ INFO] [1775308368.833037289, 1086.869000000]: Recovery behavior will clear layer 'obstacles'
[ INFO] [1775308368.923008965, 1086.958000000]: odom received!
[ INFO] [1775308336.191844132, 1054.896000000]: Laser Plugin: Using the 'robotNamespace' param: '/'
[ INFO] [1775308336.191878982, 1054.896000000]: Starting Laser Plugin (ns = /)
[ INFO] [1775308336.192821817, 1054.896000000]: Laser Plugin (ns = /)  <tf_prefix_>, set to ""
[ INFO] [1775308336.293857261, 1054.896000000]: Loading gazebo_ros_control plugin
[ INFO] [1775308336.293924656, 1054.896000000]: Starting gazebo_ros_control plugin in namespace: /
[ INFO] [1775308336.294532540, 1054.896000000]: gazebo_ros_control plugin is waiting for model URDF in parameter [robot_description] on the ROS param server.
[ INFO] [1775308336.413402859, 1054.896000000]: Loaded gazebo_ros_control.
[ INFO] [1775308336.566539639, 1054.999000000]: Controller state will be published at 50Hz.
[ INFO] [1775308336.567150108, 1054.999000000]: Wheel separation will be multiplied by 1.5.
[ INFO] [1775308336.567756944, 1055.000000000]: Left wheel radius will be multiplied by 1.
[ INFO] [1775308336.567773217, 1055.000000000]: Right wheel radius will be multiplied by 1.
[ INFO] [1775308336.568001732, 1055.000000000]: Velocity rolling window size of 10.
[ INFO] [1775308336.568838690, 1055.001000000]: Velocity commands will be considered old if they are older than 0.25s.
[ INFO] [1775308336.569214287, 1055.001000000]: Allow mutiple cmd_vel publishers is enabled
[ INFO] [1775308336.569538343, 1055.002000000]: Base frame_id set to base_link
[ INFO] [1775308336.569826502, 1055.002000000]: Odometry frame_id set to odom
[ INFO] [1775308336.570468817, 1055.003000000]: Publishing to tf is disabled
[ INFO] [1775308336.582432623, 1055.015000000]: left wheel to origin: 0.131,0.187795, 0.0345
[ INFO] [1775308336.582471454, 1055.015000000]: right wheel to origin: 0.131,-0.187795, 0.0345
[ INFO] [1775308336.582540595, 1055.015000000]: Odometry params : wheel separation 0.563385, left wheel radius 0.098, right wheel radius 0.098
[ INFO] [1775308336.586143063, 1055.018000000]: Adding left wheel with joint name: front_left_wheel and right wheel with joint name: front_right_wheel
[ INFO] [1775308336.586196839, 1055.018000000]: Adding left wheel with joint name: rear_left_wheel and right wheel with joint name: rear_right_wheel
[ INFO] [1775308336.598261005, 1055.030000000]: Dynamic Reconfigure:
DynamicParams:
	Odometry parameters:
		left wheel radius multiplier: 1
		right wheel radius multiplier: 1
		wheel separation multiplier: 1.5
	Publication parameters:
		Publish executed velocity command: disabled
		Publication rate: 50
		Publish frame odom on tf: disabled
[31m[urdf_spawner-8] process has died [pid 72442, exit code 1, cmd /opt/ros/noetic/lib/gazebo_ros/spawn_model -urdf -model jackal -param robot_description -x 5.0 -y -0.5 -z 0.5 __name:=urdf_spawner __log:=/home/eethanhe/.ros/log/e4e67eac-3027-11f1-a0c4-b3a95fcbe21c/urdf_spawner-8.log].
log file: /home/eethanhe/.ros/log/e4e67eac-3027-11f1-a0c4-b3a95fcbe21c/urdf_spawner-8*.log[0m

auto-starting new master
[1mprocess[master]: started with pid [72394][0m
[1mROS_MASTER_URI=http://localhost:11311[0m
]2;/home/eethanhe/catkin_ws/src/robot-multi-floor-navigation/multi_floor_nav/launch/nav.launch http://localhost:11311
[1msetting /run_id to e4e67eac-3027-11f1-a0c4-b3a95fcbe21c[0m
[1mprocess[rosout-1]: started with pid [72419][0m
started core service [/rosout]
[1mprocess[gazebo-2]: started with pid [72426][0m
[1mprocess[robot_state_publisher-3]: started with pid [72430][0m
[1mprocess[controller_spawner-4]: started with pid [72432][0m
[1mprocess[ekf_localization-5]: started with pid [72433][0m
[1mprocess[twist_mux-6]: started with pid [72434][0m
[1mprocess[twist_marker_server-7]: started with pid [72436][0m
[1mprocess[urdf_spawner-8]: started with pid [72442][0m
[1mprocess[map_server0-9]: started with pid [72448][0m
[1mprocess[map_server1-10]: started with pid [72454][0m
[1mprocess[amcl-11]: started with pid [72460][0m
[1mprocess[move_base-12]: started with pid [72462][0m
[1mprocess[rviz-13]: started with pid [72467][0m
[1mprocess[change_map_node-14]: started with pid [72473][0m
[1mprocess[multi_floor_navigation_node-15]: started with pid [72484][0m
[multi_floor_navigation_node-15] killing on exit
[change_map_node-14] killing on exit
[rviz-13] killing on exit
[move_base-12] killing on exit
[amcl-11] killing on exit
[map_server1-10] killing on exit
[map_server0-9] killing on exit
[twist_marker_server-7] killing on exit
[twist_mux-6] killing on exit
[ekf_localization-5] killing on exit
[controller_spawner-4] killing on exit
[robot_state_publisher-3] killing on exit
[gazebo-2] killing on exit
[rosout-1] killing on exit
[master] killing on exit
shutting down processing monitor...
... shutting down processing monitor complete
[1mdone[0m
