xacro: in-order processing became default in ROS Melodic. You can drop the option.
... logging to /home/eethanhe/.ros/log/c7544898-302b-11f1-a0c4-b3a95fcbe21c/roslaunch-eethanhe-Lenovo-Legion-R9000P2021H-94021.log
Checking log directory for disk usage. This may take a while.
Press Ctrl-C to interrupt
Done checking log file disk usage. Usage is <1GB.
]2;/home/eethanhe/catkin_ws/src/robot-multi-floor-navigation/multi_floor_nav/launch/nav.launch
[1mstarted roslaunch server http://eethanhe-Lenovo-Legion-R9000P2021H:42735/[0m

SUMMARY
========

PARAMETERS
 * /amcl/auto_update_noise: 0.0
 * /amcl/base_frame_id: base_link
 * /amcl/expected_laser_freq: 5.0
 * /amcl/first_map_only: False
 * /amcl/global_frame_id: map
 * /amcl/gui_publish_rate: 10.0
 * /amcl/initial_pose_a: 0.0
 * /amcl/initial_pose_x: 0.0
 * /amcl/initial_pose_y: 0.0
 * /amcl/kld_err: 0.05
 * /amcl/kld_z: 0.99
 * /amcl/laser_lambda_short: 0.1
 * /amcl/laser_likelihood_max_dist: 2.0
 * /amcl/laser_max_beams: 720
 * /amcl/laser_max_range: 30.0
 * /amcl/laser_min_range: 0.1
 * /amcl/laser_model_type: likelihood_field
 * /amcl/laser_sigma_hit: 0.2
 * /amcl/laser_z_hit: 0.5
 * /amcl/laser_z_max: 0.05
 * /amcl/laser_z_rand: 0.5
 * /amcl/laser_z_short: 0.05
 * /amcl/max_particles: 2000
 * /amcl/min_particles: 500
 * /amcl/odom_alpha1: 0.2
 * /amcl/odom_alpha2: 0.2
 * /amcl/odom_alpha3: 0.2
 * /amcl/odom_alpha4: 0.2
 * /amcl/odom_alpha5: 0.1
 * /amcl/odom_frame_id: odom
 * /amcl/odom_model_type: diff
 * /amcl/odom_update_interval: 0.1
 * /amcl/recovery_alpha_fast: 0.1
 * /amcl/recovery_alpha_slow: 0.001
 * /amcl/resample_interval: 1
 * /amcl/transform_tolerance: 1.0
 * /amcl/update_min_a: 0.3927
 * /amcl/update_min_d: 0.1
 * /amcl/use_map_topic: False
 * /ekf_localization/base_link_frame: base_link
 * /ekf_localization/frequency: 50
 * /ekf_localization/imu0: /imu/data
 * /ekf_localization/imu0_config: [False, False, Fa...
 * /ekf_localization/imu0_differential: False
 * /ekf_localization/odom0: /jackal_velocity_...
 * /ekf_localization/odom0_config: [False, False, Fa...
 * /ekf_localization/odom0_differential: False
 * /ekf_localization/odom_frame: odom
 * /ekf_localization/predict_to_current_time: True
 * /ekf_localization/world_frame: odom
 * /gazebo/enable_ros_network: True
 * /jackal_joint_publisher/publish_rate: 50
 * /jackal_joint_publisher/type: joint_state_contr...
 * /jackal_velocity_controller/angular/z/has_acceleration_limits: True
 * /jackal_velocity_controller/angular/z/has_velocity_limits: True
 * /jackal_velocity_controller/angular/z/max_acceleration: 25.0
 * /jackal_velocity_controller/angular/z/max_velocity: 4.0
 * /jackal_velocity_controller/cmd_vel_timeout: 0.25
 * /jackal_velocity_controller/enable_odom_tf: False
 * /jackal_velocity_controller/k_l: 0.1
 * /jackal_velocity_controller/k_r: 0.1
 * /jackal_velocity_controller/left_wheel: ['front_left_whee...
 * /jackal_velocity_controller/linear/x/has_acceleration_limits: True
 * /jackal_velocity_controller/linear/x/has_velocity_limits: True
 * /jackal_velocity_controller/linear/x/max_acceleration: 20.0
 * /jackal_velocity_controller/linear/x/max_velocity: 2.0
 * /jackal_velocity_controller/pose_covariance_diagonal: [0.001, 0.001, 10...
 * /jackal_velocity_controller/publish_cmd: True
 * /jackal_velocity_controller/publish_rate: 50
 * /jackal_velocity_controller/right_wheel: ['front_right_whe...
 * /jackal_velocity_controller/twist_covariance_diagonal: [0.001, 0.001, 0....
 * /jackal_velocity_controller/type: diff_drive_contro...
 * /jackal_velocity_controller/wheel_radius_multiplier: 1.0
 * /jackal_velocity_controller/wheel_separation_multiplier: 1.5
 * /move_base/NavfnROS/allow_unknown: True
 * /move_base/TrajectoryPlannerROS/acc_lim_theta: 20.0
 * /move_base/TrajectoryPlannerROS/acc_lim_x: 10.0
 * /move_base/TrajectoryPlannerROS/angular_sim_granularity: 0.02
 * /move_base/TrajectoryPlannerROS/controller_frequency: 20.0
 * /move_base/TrajectoryPlannerROS/dwa: True
 * /move_base/TrajectoryPlannerROS/escape_reset_dist: 0.1
 * /move_base/TrajectoryPlannerROS/escape_reset_theta: 0.1
 * /move_base/TrajectoryPlannerROS/escape_vel: -0.5
 * /move_base/TrajectoryPlannerROS/gdist_scale: 1.0
 * /move_base/TrajectoryPlannerROS/heading_lookahead: 0.325
 * /move_base/TrajectoryPlannerROS/heading_scoring: False
 * /move_base/TrajectoryPlannerROS/heading_scoring_timestep: 0.8
 * /move_base/TrajectoryPlannerROS/holonomic_robot: False
 * /move_base/TrajectoryPlannerROS/latch_xy_goal_tolerance: False
 * /move_base/TrajectoryPlannerROS/max_vel_theta: 1.57
 * /move_base/TrajectoryPlannerROS/max_vel_x: 0.5
 * /move_base/TrajectoryPlannerROS/meter_scoring: True
 * /move_base/TrajectoryPlannerROS/min_in_place_vel_theta: 0.314
 * /move_base/TrajectoryPlannerROS/min_vel_theta: -1.57
 * /move_base/TrajectoryPlannerROS/min_vel_x: 0.1
 * /move_base/TrajectoryPlannerROS/occdist_scale: 0.1
 * /move_base/TrajectoryPlannerROS/oscillation_reset_dist: 0.05
 * /move_base/TrajectoryPlannerROS/pdist_scale: 0.75
 * /move_base/TrajectoryPlannerROS/publish_cost_grid_pc: True
 * /move_base/TrajectoryPlannerROS/sim_granularity: 0.02
 * /move_base/TrajectoryPlannerROS/sim_time: 2.0
 * /move_base/TrajectoryPlannerROS/simple_attractor: False
 * /move_base/TrajectoryPlannerROS/vtheta_samples: 20
 * /move_base/TrajectoryPlannerROS/vx_samples: 6
 * /move_base/TrajectoryPlannerROS/xy_goal_tolerance: 0.25
 * /move_base/TrajectoryPlannerROS/yaw_goal_tolerance: 0.157
 * /move_base/base_global_planner: navfn/NavfnROS
 * /move_base/base_local_planner: base_local_planne...
 * /move_base/clearing_rotation_allowed: True
 * /move_base/controller_frequency: 20.0
 * /move_base/controller_patience: 15.0
 * /move_base/global_costmap/footprint: [[-0.21, -0.165],...
 * /move_base/global_costmap/footprint_padding: 0.1
 * /move_base/global_costmap/global_frame: map
 * /move_base/global_costmap/height: 40.0
 * /move_base/global_costmap/inflater_layer/inflation_radius: 0.3
 * /move_base/global_costmap/map_type: costmap
 * /move_base/global_costmap/meter_scoring: True
 * /move_base/global_costmap/obstacle_range: 2.5
 * /move_base/global_costmap/obstacles_layer/observation_sources: scan
 * /move_base/global_costmap/obstacles_layer/scan/clearing: True
 * /move_base/global_costmap/obstacles_layer/scan/data_type: LaserScan
 * /move_base/global_costmap/obstacles_layer/scan/marking: True
 * /move_base/global_costmap/obstacles_layer/scan/max_obstacle_height: 2.0
 * /move_base/global_costmap/obstacles_layer/scan/min_obstacle_height: -2.0
 * /move_base/global_costmap/obstacles_layer/scan/obstacle_range: 2.5
 * /move_base/global_costmap/obstacles_layer/scan/raytrace_range: 3.0
 * /move_base/global_costmap/obstacles_layer/scan/sensor_frame: front_laser
 * /move_base/global_costmap/obstacles_layer/scan/topic: front/scan
 * /move_base/global_costmap/origin_x: -20.0
 * /move_base/global_costmap/origin_y: -20.0
 * /move_base/global_costmap/origin_z: 0.0
 * /move_base/global_costmap/plugins: [{'name': 'static...
 * /move_base/global_costmap/publish_frequency: 5.0
 * /move_base/global_costmap/publish_voxel_map: False
 * /move_base/global_costmap/raytrace_range: 3.0
 * /move_base/global_costmap/resolution: 0.05
 * /move_base/global_costmap/robot_base_frame: base_link
 * /move_base/global_costmap/rolling_window: False
 * /move_base/global_costmap/static_map: True
 * /move_base/global_costmap/transform_tolerance: 0.5
 * /move_base/global_costmap/update_frequency: 20.0
 * /move_base/global_costmap/width: 40.0
 * /move_base/global_costmap/z_resolution: 1
 * /move_base/global_costmap/z_voxels: 2
 * /move_base/local_costmap/footprint: [[-0.21, -0.165],...
 * /move_base/local_costmap/footprint_padding: 0.1
 * /move_base/local_costmap/global_frame: map
 * /move_base/local_costmap/height: 10.0
 * /move_base/local_costmap/inflater_layer/inflation_radius: 0.3
 * /move_base/local_costmap/map_type: costmap
 * /move_base/local_costmap/meter_scoring: True
 * /move_base/local_costmap/obstacle_range: 2.5
 * /move_base/local_costmap/obstacles_layer/observation_sources: scan
 * /move_base/local_costmap/obstacles_layer/scan/clearing: True
 * /move_base/local_costmap/obstacles_layer/scan/data_type: LaserScan
 * /move_base/local_costmap/obstacles_layer/scan/marking: True
 * /move_base/local_costmap/obstacles_layer/scan/max_obstacle_height: 2.0
 * /move_base/local_costmap/obstacles_layer/scan/min_obstacle_height: -2.0
 * /move_base/local_costmap/obstacles_layer/scan/obstacle_range: 2.5
 * /move_base/local_costmap/obstacles_layer/scan/raytrace_range: 3.0
 * /move_base/local_costmap/obstacles_layer/scan/sensor_frame: front_laser
 * /move_base/local_costmap/obstacles_layer/scan/topic: front/scan
 * /move_base/local_costmap/origin_z: 0.0
 * /move_base/local_costmap/plugins: [{'name': 'obstac...
 * /move_base/local_costmap/publish_frequency: 5.0
 * /move_base/local_costmap/publish_voxel_map: False
 * /move_base/local_costmap/raytrace_range: 3.0
 * /move_base/local_costmap/resolution: 0.05
 * /move_base/local_costmap/robot_base_frame: base_link
 * /move_base/local_costmap/rolling_window: True
 * /move_base/local_costmap/static_map: False
 * /move_base/local_costmap/transform_tolerance: 0.5
 * /move_base/local_costmap/update_frequency: 20.0
 * /move_base/local_costmap/width: 10.0
 * /move_base/local_costmap/z_resolution: 1
 * /move_base/local_costmap/z_voxels: 2
 * /move_base/oscillation_distance: 0.5
 * /move_base/oscillation_timeout: 0.0
 * /move_base/planner_frequency: 20.0
 * /move_base/planner_patience: 5.0
 * /move_base/recovery_behavior_enabled: True
 * /move_base/shutdown_costmaps: False
 * /multi_floor_navigation_node/init_pose_offset_theta: 0.2
 * /multi_floor_navigation_node/init_pose_offset_x: 0.32
 * /multi_floor_navigation_node/init_pose_offset_y: 0.32
 * /multi_floor_navigation_node/region_init_sigma_x: 0.15
 * /multi_floor_navigation_node/region_init_sigma_y: 0.15
 * /multi_floor_navigation_node/region_init_sigma_yaw: 0.1
 * /robot_description: <?xml version="1....
 * /rosdistro: noetic
 * /rosversion: 1.17.0
 * /twist_marker_server/link_name: base_link
 * /twist_mux/locks: [{'name': 'e_stop...
 * /twist_mux/topics: [{'name': 'joy', ...
 * /use_gui: True
 * /use_sim_time: True

NODES
  /
    amcl (amcl/amcl)
    change_map_node (multi_floor_nav/change_map_node)
    controller_spawner (controller_manager/spawner)
    ekf_localization (robot_localization/ekf_localization_node)
    gazebo (gazebo_ros/gzserver)
    map_server0 (map_server/map_server)
    map_server1 (map_server/map_server)
    move_base (move_base/move_base)
    multi_floor_navigation_node (multi_floor_nav/multi_floor_navigation_node)
    robot_state_publisher (robot_state_publisher/robot_state_publisher)
    rviz (rviz/rviz)
    twist_marker_server (interactive_marker_twist_server/marker_server)
    twist_mux (twist_mux/twist_mux)
    urdf_spawner (gazebo_ros/spawn_model)
[ INFO] [1775310002.407640993]: Finished loading Gazebo ROS API Plugin.
[ INFO] [1775310002.414373304]: waitForService: Service [/gazebo/set_physics_properties] has not been advertised, waiting...
[1;33mWarning [Model.cc:216][0m Non-unique name[door] detected 2 times in XML children of model with name[elevator].
[1;33mWarning [Model.cc:309][0m Joint with name [door] in model with name [elevator] has a name collision, changing joint name to [door_joint].
[ INFO] [1775310004.158231450]: waitForService: Service [/gazebo/set_physics_properties] is now available.
[ INFO] [1775310004.174812428]: Physics dynamic reconfigure ready.
[1;33mWarning [parser_urdf.cc:1161][0m multiple inconsistent <gravity> exists due to fixed joint reduction overwriting previous value [true] with [false].
[1;33mWarning [parser_urdf.cc:1161][0m multiple inconsistent <gravity> exists due to fixed joint reduction overwriting previous value [false] with [true].
[ERROR] [1775310004.927342112, 1055.092000000]: No p gain specified for pid.  Namespace: /gazebo_ros_control/pid_gains/front_left_wheel
[ERROR] [1775310004.927764876, 1055.092000000]: No p gain specified for pid.  Namespace: /gazebo_ros_control/pid_gains/front_right_wheel
[ERROR] [1775310004.928159912, 1055.092000000]: No p gain specified for pid.  Namespace: /gazebo_ros_control/pid_gains/rear_left_wheel
[ERROR] [1775310004.928602372, 1055.092000000]: No p gain specified for pid.  Namespace: /gazebo_ros_control/pid_gains/rear_right_wheel
[ WARN] [1775310004.979470699, 1055.093000000]: Failed to meet update rate! Took 1055.0930000000000746
[ WARN] [1775310004.980138405, 1055.093000000]: Failed to meet update rate! Took 1055.0730000000000928
[ WARN] [1775310004.980557747, 1055.094000000]: Timed out waiting for transform from base_link to map to become available before running costmap, tf error: canTransform: target_frame map does not exist.. canTransform returned after 1055.09 timeout was 0.1.
[ WARN] [1775310005.301393764]: Interactive marker 'robot_twist_marker' contains unnormalized quaternions. This warning will only be output once but may be true for others; enable DEBUG messages for ros.rviz.quaternions to see more details.
[ WARN] [1775310006.312131215, 1056.415000000]: global_costmap: Pre-Hydro parameter "static_map" unused since "plugins" is provided
[ WARN] [1775310006.312413314, 1056.415000000]: global_costmap: Pre-Hydro parameter "map_type" unused since "plugins" is provided
[ WARN] [1775310037.131227714, 1086.894000000]: [Multi Floor Nav] Initial pose perturbation applied: offset_x=0.32, offset_y=0.32, offset_theta=0.20
[ WARN] [1775310037.305011489, 1087.067000000]: local_costmap: Pre-Hydro parameter "static_map" unused since "plugins" is provided
[ WARN] [1775310037.305188403, 1087.067000000]: local_costmap: Pre-Hydro parameter "map_type" unused since "plugins" is provided
[ WARN] [1775310037.346080601, 1087.108000000]: Parameter pdist_scale is deprecated. Please use the name path_distance_bias instead.
[ WARN] [1775310037.346660513, 1087.109000000]: Parameter gdist_scale is deprecated. Please use the name goal_distance_bias instead.
[ WARN] [1775310038.192378365, 1087.947000000]: The origin for the sensor at (0.21, 0.21) is out of map bounds. So, the costmap cannot raytrace for it.
[ WARN] [1775310043.394321205, 1093.099000000]: [Multi Floor Nav] Initial pose perturbation applied: offset_x=0.32, offset_y=0.32, offset_theta=0.20
[ WARN] [1775310043.394365346, 1093.099000000]: [Multi Floor Nav] Retry #1: sigma scaled by 1.300 ??? (0.195, 0.195, 0.130)
[ INFO] [1775310002.111012429]: [Multi Floor Nav] Module A sigma: L0=(0.150,0.150,0.100) L1=(0.150,0.150,0.100)
[ INFO] [1775310002.111684396]: [Multi Floor Nav] Module A delay: L0=6.0s  L1=6.0s  backoff: factor=1.30 max=2.00
[ INFO] [1775310037.059181827, 1086.823000000]: [Multi Floor Nav] Successfully loaded map for level: 0
[ INFO] [1775310037.131311387, 1086.895000000]: [Multi Floor Nav] Adaptive sigma: offset_planar=0.453, adaptive_scale=0.226, adaptive_yaw=0.120 ??? sigma(0.150, 0.150, 0.100)
[ INFO] [1775310037.131331362, 1086.895000000]: [Multi Floor Nav] Initializing Robot at x: 5.3, y: -0.2, yaw: 0.2 (level=0, sigma: x=0.150, y=0.150, yaw=0.100, retry=0)
[ INFO] [1775310037.131357065, 1086.895000000]: [Multi Floor Nav] Initializing Pose to x: 5.00, y: -0.50 at level: 0
[ INFO] [1775310038.143197684, 1087.898000000]: [Multi Floor Nav] Waiting for AMCL nomotion updates (1.0/6.0s, L0)...
[ INFO] [1775310039.152977170, 1088.899000000]: [Multi Floor Nav] Waiting for AMCL nomotion updates (2.0/6.0s, L0)...
[ INFO] [1775310040.361913504, 1090.099000000]: [Multi Floor Nav] Waiting for AMCL nomotion updates (3.2/6.0s, L0)...
[ INFO] [1775310041.373072647, 1091.099000000]: [Multi Floor Nav] Waiting for AMCL nomotion updates (4.2/6.0s, L0)...
[ INFO] [1775310042.586413408, 1092.298000000]: [Multi Floor Nav] Waiting for AMCL nomotion updates (5.4/6.0s, L0)...
[ INFO] [1775310043.192223361, 1092.898000000]: [Multi Floor Nav] Current Robot Pose, x: 5.27, y: -0.05, yaw: 0.12
[ INFO] [1775310043.192272950, 1092.898000000]: [Multi Floor Nav] Linear Error: 0.53, Angular Error: 0.12
[ INFO] [1775310043.192297186, 1092.898000000]: [Multi Floor Nav] Setting initial pose failed. Will Retry (retry #1)
[ INFO] [1775310043.394350958, 1093.099000000]: [Multi Floor Nav] Adaptive sigma: offset_planar=0.453, adaptive_scale=0.226, adaptive_yaw=0.120 ??? sigma(0.150, 0.150, 0.100)
[ INFO] [1775310043.394377220, 1093.099000000]: [Multi Floor Nav] Initializing Robot at x: 5.3, y: -0.2, yaw: 0.2 (level=0, sigma: x=0.195, y=0.195, yaw=0.130, retry=1)
[ INFO] [1775310043.394394401, 1093.099000000]: [Multi Floor Nav] Initializing Pose to x: 5.00, y: -0.50 at level: 0
[ INFO] [1775310044.409420993, 1094.101000000]: [Multi Floor Nav] Waiting for AMCL nomotion updates (1.0/6.0s, L0)...
[ INFO] [1775310045.420808755, 1095.102000000]: [Multi Floor Nav] Waiting for AMCL nomotion updates (2.0/6.0s, L0)...
[ INFO] [1775310046.631007375, 1096.301000000]: [Multi Floor Nav] Waiting for AMCL nomotion updates (3.2/6.0s, L0)...
[ INFO] [1775310047.642530530, 1097.301000000]: [Multi Floor Nav] Waiting for AMCL nomotion updates (4.2/6.0s, L0)...
[ INFO] [1775310048.654837493, 1098.304000000]: [Multi Floor Nav] Waiting for AMCL nomotion updates (5.2/6.0s, L0)...
[ INFO] [1775310049.459244503, 1099.102000000]: [Multi Floor Nav] Current Robot Pose, x: 4.99, y: -0.09, yaw: 0.09
[ INFO] [1775310049.459262523, 1099.102000000]: [Multi Floor Nav] Linear Error: 0.41, Angular Error: 0.09
[ INFO] [1775310049.459273139, 1099.102000000]: [Multi Floor Nav] Robot at correct pose
[ INFO] [1775310049.460423184, 1099.103000000]: [Multi Floor Nav] RELOC_PASS: linear_error=0.4133, angular_error=0.0920, linear_error_init=0.3386, angular_error_init=0.1080, tr_sigma=0.0578, C_t=0.9439
[ INFO] [1775310050.474019027, 1100.103000000]: [Multi Floor Nav] POST_PASS: dt=1.000s, linear_error=0.4092, angular_error=0.0870
[ INFO] [1775310050.474057231, 1100.103000000]: [Multi Floor Nav] Will send goal to x: 3, y: -0, at level: 0
[ INFO] [1775310050.474078603, 1100.103000000]: [Multi Floor Nav] Sending Robot to x: 3.0, y: -0.5, yaw: 3.1
[ INFO] [1775310050.675639634, 1100.303000000]: [Multi Floor Nav] POST_PASS: dt=1.200s, linear_error=0.4092, angular_error=0.0870
[ INFO] [1775310050.877307666, 1100.503000000]: [Multi Floor Nav] POST_PASS: dt=1.400s, linear_error=0.4092, angular_error=0.0870
[ INFO] [1775310051.078741927, 1100.703000000]: [Multi Floor Nav] POST_PASS: dt=1.600s, linear_error=0.3985, angular_error=0.3170
[ INFO] [1775310051.281349834, 1100.903000000]: [Multi Floor Nav] POST_PASS: d[ WARN] [1775310110.457316366, 1159.505000000]: [Multi Floor Nav] Initial pose perturbation applied: offset_x=0.32, offset_y=0.32, offset_theta=0.20
[ WARN] [1775310116.742521635, 1165.707000000]: [Multi Floor Nav] Initial pose perturbation applied: offset_x=0.32, offset_y=0.32, offset_theta=0.20
[ WARN] [1775310116.742579744, 1165.708000000]: [Multi Floor Nav] Retry #1: sigma scaled by 1.300 ??? (0.195, 0.195, 0.130)
t=1.800s, linear_error=0.3822, angular_error=0.7363
[ INFO] [1775310051.483193024, 1101.103000000]: [Multi Floor Nav] POST_PASS: dt=2.000s, linear_error=0.3241, angular_error=1.1432
[ INFO] [1775310073.121033451, 1122.503000000]: [Multi Floor Nav] Requesting Lift to Level 0
[ INFO] [1775310073.323506712, 1122.703000000]: [Multi Floor Nav] Entering Lift at Level 0
[ INFO] [1775310090.654623908, 1139.903000000]: [Multi Floor Nav] Requesting Lift to Level 1
[ INFO] [1775310097.719532894, 1146.903000000]: [Multi Floor Nav] Exiting Lift at Level 1
[ INFO] [1775310110.372762099, 1159.421000000]: [Multi Floor Nav] Successfully loaded map for level: 1
[ INFO] [1775310110.457352614, 1159.505000000]: [Multi Floor Nav] Adaptive sigma: offset_planar=0.453, adaptive_scale=0.226, adaptive_yaw=0.120 ??? sigma(0.150, 0.150, 0.100)
[ INFO] [1775310110.457368888, 1159.505000000]: [Multi Floor Nav] Initializing Robot at x: 3.3, y: -0.2, yaw: 3.3 (level=1, sigma: x=0.150, y=0.150, yaw=0.100, retry=0)
[ INFO] [1775310110.457398432, 1159.505000000]: [Multi Floor Nav] Initializing Pose to x: 3.00, y: -0.50 at level: 1
[ INFO] [1775310111.474615656, 1160.507000000]: [Multi Floor Nav] Waiting for AMCL nomotion updates (1.0/6.0s, L1)...
[ INFO] [1775310112.694675380, 1161.707000000]: [Multi Floor Nav] Waiting for AMCL nomotion updates (2.2/6.0s, L1)...
[ INFO] [1775310113.709422361, 1162.708000000]: [Multi Floor Nav] Waiting for AMCL nomotion updates (3.2/6.0s, L1)...
[ INFO] [1775310114.923071749, 1163.907000000]: [Multi Floor Nav] Waiting for AMCL nomotion updates (4.4/6.0s, L1)...
[ INFO] [1775310115.933562172, 1164.908000000]: [Multi Floor Nav] Waiting for AMCL nomotion updates (5.4/6.0s, L1)...
[ INFO] [1775310116.538310824, 1165.507000000]: [Multi Floor Nav] Current Robot Pose, x: 3.60, y: -0.64, yaw: 2.96
[ INFO] [1775310116.538340856, 1165.507000000]: [Multi Floor Nav] Linear Error: 0.62, Angular Error: 0.18
[ INFO] [1775310116.538356990, 1165.507000000]: [Multi Floor Nav] Setting initial pose failed. Will Retry (retry #1)
[ INFO] [1775310116.742562982, 1165.707000000]: [Multi Floor Nav] Adaptive sigma: offset_planar=0.453, adaptive_scale=0.226, adaptive_yaw=0.120 ??? sigma(0.150, 0.150, 0.100)
[ INFO] [1775310116.742597764, 1165.708000000]: [Multi Floor Nav] Initializing Robot at x: 3.3, y: -0.2, yaw: 3.3 (level=1, sigma: x=0.195, y=0.195, yaw=0.130, retry=1)
[ INFO] [1775310116.742623606, 1165.708000000]: [Multi Floor Nav] Initializing Pose to x: 3.00, y: -0.50 at level: 1
[ INFO] [1775310117.755965522, 1166.712000000]: [Multi Floor Nav] Waiting for AMCL nomotion updates (1.0/6.0s, L1)...
[ INFO] [1775310118.768270572, 1167.712000000]: [Multi Floor Nav] Waiting for AMCL nomotion updates (2.0/6.0s, L1)...
[ INFO] [1775310119.781616387, 1168.712000000]: [Multi Floor Nav] Waiting for AMCL nomotion updates (3.0/6.0s, L1)...
[ INFO] [1775310121.000908129, 1169.911000000]: [Multi Floor Nav] Waiting for AMCL nomotion updates (4.2/6.0s, L1)...
[ INFO] [1775310122.219339964, 1171.112000000]: [Multi Floor Nav] Waiting for AMCL nomotion updates (5.4/6.0s, L1)...
[ INFO] [1775310122.828221242, 1171.711000000]: [Multi Floor Nav] Current Robot Pose, x: 3.16, y: -0.47, yaw: 2.98
[ INFO] [1775310122.828240938, 1171.711000000]: [Multi Floor Nav] Linear Error: 0.16, Angular Error: 0.16
[ INFO] [1775310122.828249878, 1171.711000000]: [Multi Floor Nav] Robot at correct pose
[ INFO] [1775310122.830099610, 1171.712000000]: [Multi Floor Nav] RELOC_PASS: linear_error=0.1629, angular_error=0.1642, linear_error_init=0.3301, angular_error_init=0.3642, tr_sigma=0.0088, C_t=0.9913
[ INFO] [1775310123.847263531, 1172.713000000]: [Multi Floor Nav] POST_PASS: dt=1.001s, linear_error=0.1576, angular_error=0.1629
[ INFO] [1775310123.847316123, 1172.713000000]: [Multi Floor Nav] Will send goal to x: 4, y: 5, at level: 1
[ INFO] [1775310123.847347552, 1172.713000000]: [Multi Floor Nav] Sending Robot to x: 4.0, y: 5.0, yaw: 0.0
[ INFO] [1775310124.049707595, 1172.913000000]: [Multi Floor Nav] POST_PASS: dt=1.201s, linear_error=0.1576, angular_error=0.1629
[ INFO] [1775310124.253552571, 1173.113000000]: [Multi Floor Nav] POST_PASS: dt=1.401s, linear_error=0.0669, angular_error=0.2149
[ INFO] [1775310124.456049431, 1173.314000000]: [Multi Floor Nav] POST_PASS: dt=1.602s, linear_error=0.0669, angular_error=0.2149
[ INFO] [1775310124.658318670, 1173.513000000]: [Multi Floor Nav] POST_PASS: dt=1.801s, linear_error=0.0946, angular_error=0.4311
[ INFO] [1775310146.187408146, 1194.713000000]: [Multi Floor Nav] Robot arrived at Goal
[ INFO] [1775310006.312889718, 1056.416000000]: global_costmap: Using plugin "static_layer"
[ INFO] [1775310006.316936395, 1056.420000000]: Requesting the map...
[ INFO] [1775310037.159807525, 1086.923000000]: Resizing costmap to 992 X 992 at 0.020000 m/pix
[ INFO] [1775310037.259587067, 1087.022000000]: Received a 992 X 992 map at 0.020000 m/pix
[ INFO] [1775310037.261239079, 1087.024000000]: global_costmap: Using plugin "obstacles_layer"
[ INFO] [1775310037.263920306, 1087.026000000]:     Subscribed to Topics: scan
[ INFO] [1775310037.278081176, 1087.040000000]: global_costmap: Using plugin "inflater_layer"
[ INFO] [1775310037.305552987, 1087.068000000]: local_costmap: Using plugin "obstacles_layer"
[ INFO] [1775310037.308516802, 1087.071000000]:     Subscribed to Topics: scan
[ INFO] [1775310037.317405523, 1087.079000000]: local_costmap: Using plugin "inflater_layer"
[ INFO] [1775310037.339684739, 1087.102000000]: Created local_planner base_local_planner/TrajectoryPlannerROS
[ INFO] [1775310037.343940382, 1087.106000000]: Sim period is set to 0.05
[ INFO] [1775310037.395553091, 1087.157000000]: Recovery behavior will clear layer 'obstacles'
[ INFO] [1775310037.400130015, 1087.162000000]: Recovery behavior will clear layer 'obstacles'
[ INFO] [1775310037.492861495, 1087.254000000]: odom received!
[WARN] [1775310256.089286, 1287.661000]: Controller Spawner error while taking down controllers: transport error completing service call: unable to receive data from sender, check sender's logs for details
[31m[controller_spawner-4] escalating to SIGTERM[0m
[31m[gazebo-2] escalating to SIGTERM[0m

auto-starting new master
[1mprocess[master]: started with pid [94110][0m
[1mROS_MASTER_URI=http://localhost:11311[0m
]2;/home/eethanhe/catkin_ws/src/robot-multi-floor-navigation/multi_floor_nav/launch/nav.launch http://localhost:11311
[1msetting /run_id to c7544898-302b-11f1-a0c4-b3a95fcbe21c[0m
[1mprocess[rosout-1]: started with pid [94135][0m
started core service [/rosout]
[1mprocess[gazebo-2]: started with pid [94142][0m
[1mprocess[robot_state_publisher-3]: started with pid [94145][0m
[1mprocess[controller_spawner-4]: started with pid [94148][0m
[1mprocess[ekf_localization-5]: started with pid [94149][0m
[1mprocess[twist_mux-6]: started with pid [94150][0m
[1mprocess[twist_marker_server-7]: started with pid [94152][0m
[1mprocess[urdf_spawner-8]: started with pid [94157][0m
[1mprocess[map_server0-9]: started with pid [94163][0m
[1mprocess[map_server1-10]: started with pid [94174][0m
[1mprocess[amcl-11]: started with pid [94176][0m
[1mprocess[move_base-12]: started with pid [94178][0m
[1mprocess[rviz-13]: started with pid [94185][0m
[1mprocess[change_map_node-14]: started with pid [94191][0m
[1mprocess[multi_floor_navigation_node-15]: started with pid [94199][0m
[1m[urdf_spawner-8] process has finished cleanly
log file: /home/eethanhe/.ros/log/c7544898-302b-11f1-a0c4-b3a95fcbe21c/urdf_spawner-8*.log[0m
[multi_floor_navigation_node-15] killing on exit
[change_map_node-14] killing on exit
[rviz-13] killing on exit
[move_base-12] killing on exit
[amcl-11] killing on exit
[map_server0-9] killing on exit
[map_server1-10] killing on exit
[twist_marker_server-7] killing on exit
[twist_mux-6] killing on exit
[ekf_localization-5] killing on exit
[controller_spawner-4] killing on exit
[robot_state_publisher-3] killing on exit
[gazebo-2] killing on exit
[rosout-1] killing on exit
[master] killing on exit
shutting down processing monitor...
... shutting down processing monitor complete
[1mdone[0m
