xacro: in-order processing became default in ROS Melodic. You can drop the option.
... logging to /home/eethanhe/.ros/log/a3502290-2c1c-11f1-8d1e-01badb8e21cf/roslaunch-eethanhe-Lenovo-Legion-R9000P2021H-549132.log
Checking log directory for disk usage. This may take a while.
Press Ctrl-C to interrupt
Done checking log file disk usage. Usage is <1GB.
]2;/home/eethanhe/catkin_ws/src/robot-multi-floor-navigation/multi_floor_nav/launch/nav.launch
[1mstarted roslaunch server http://eethanhe-Lenovo-Legion-R9000P2021H:45893/[0m

SUMMARY
========

PARAMETERS
 * /amcl/auto_update_noise: 0.0
 * /amcl/base_frame_id: base_link
 * /amcl/expected_laser_freq: 5.0
 * /amcl/first_map_only: False
 * /amcl/global_frame_id: map
 * /amcl/gui_publish_rate: 10.0
 * /amcl/initial_pose_a: 0.0
 * /amcl/initial_pose_x: 0.0
 * /amcl/initial_pose_y: 0.0
 * /amcl/kld_err: 0.05
 * /amcl/kld_z: 0.99
 * /amcl/laser_lambda_short: 0.1
 * /amcl/laser_likelihood_max_dist: 2.0
 * /amcl/laser_max_beams: 720
 * /amcl/laser_max_range: 30.0
 * /amcl/laser_min_range: 0.1
 * /amcl/laser_model_type: likelihood_field
 * /amcl/laser_sigma_hit: 0.2
 * /amcl/laser_z_hit: 0.5
 * /amcl/laser_z_max: 0.05
 * /amcl/laser_z_rand: 0.5
 * /amcl/laser_z_short: 0.05
 * /amcl/max_particles: 2000
 * /amcl/min_particles: 500
 * /amcl/odom_alpha1: 0.2
 * /amcl/odom_alpha2: 0.2
 * /amcl/odom_alpha3: 0.2
 * /amcl/odom_alpha4: 0.2
 * /amcl/odom_alpha5: 0.1
 * /amcl/odom_frame_id: odom
 * /amcl/odom_model_type: diff
 * /amcl/odom_update_interval: 0.1
 * /amcl/recovery_alpha_fast: 0.1
 * /amcl/recovery_alpha_slow: 0.001
 * /amcl/resample_interval: 1
 * /amcl/transform_tolerance: 1.0
 * /amcl/update_min_a: 0.3927
 * /amcl/update_min_d: 0.1
 * /amcl/use_map_topic: False
 * /ekf_localization/base_link_frame: base_link
 * /ekf_localization/frequency: 50
 * /ekf_localization/imu0: /imu/data
 * /ekf_localization/imu0_config: [False, False, Fa...
 * /ekf_localization/imu0_differential: False
 * /ekf_localization/odom0: /jackal_velocity_...
 * /ekf_localization/odom0_config: [False, False, Fa...
 * /ekf_localization/odom0_differential: False
 * /ekf_localization/odom_frame: odom
 * /ekf_localization/predict_to_current_time: True
 * /ekf_localization/world_frame: odom
 * /gazebo/enable_ros_network: True
 * /jackal_joint_publisher/publish_rate: 50
 * /jackal_joint_publisher/type: joint_state_contr...
 * /jackal_velocity_controller/angular/z/has_acceleration_limits: True
 * /jackal_velocity_controller/angular/z/has_velocity_limits: True
 * /jackal_velocity_controller/angular/z/max_acceleration: 25.0
 * /jackal_velocity_controller/angular/z/max_velocity: 4.0
 * /jackal_velocity_controller/cmd_vel_timeout: 0.25
 * /jackal_velocity_controller/enable_odom_tf: False
 * /jackal_velocity_controller/k_l: 0.1
 * /jackal_velocity_controller/k_r: 0.1
 * /jackal_velocity_controller/left_wheel: ['front_left_whee...
 * /jackal_velocity_controller/linear/x/has_acceleration_limits: True
 * /jackal_velocity_controller/linear/x/has_velocity_limits: True
 * /jackal_velocity_controller/linear/x/max_acceleration: 20.0
 * /jackal_velocity_controller/linear/x/max_velocity: 2.0
 * /jackal_velocity_controller/pose_covariance_diagonal: [0.001, 0.001, 10...
 * /jackal_velocity_controller/publish_cmd: True
 * /jackal_velocity_controller/publish_rate: 50
 * /jackal_velocity_controller/right_wheel: ['front_right_whe...
 * /jackal_velocity_controller/twist_covariance_diagonal: [0.001, 0.001, 0....
 * /jackal_velocity_controller/type: diff_drive_contro...
 * /jackal_velocity_controller/wheel_radius_multiplier: 1.0
 * /jackal_velocity_controller/wheel_separation_multiplier: 1.5
 * /move_base/NavfnROS/allow_unknown: True
 * /move_base/TrajectoryPlannerROS/acc_lim_theta: 20.0
 * /move_base/TrajectoryPlannerROS/acc_lim_x: 10.0
 * /move_base/TrajectoryPlannerROS/angular_sim_granularity: 0.02
 * /move_base/TrajectoryPlannerROS/controller_frequency: 20.0
 * /move_base/TrajectoryPlannerROS/dwa: True
 * /move_base/TrajectoryPlannerROS/escape_reset_dist: 0.1
 * /move_base/TrajectoryPlannerROS/escape_reset_theta: 0.1
 * /move_base/TrajectoryPlannerROS/escape_vel: -0.5
 * /move_base/TrajectoryPlannerROS/gdist_scale: 1.0
 * /move_base/TrajectoryPlannerROS/heading_lookahead: 0.325
 * /move_base/TrajectoryPlannerROS/heading_scoring: False
 * /move_base/TrajectoryPlannerROS/heading_scoring_timestep: 0.8
 * /move_base/TrajectoryPlannerROS/holonomic_robot: False
 * /move_base/TrajectoryPlannerROS/latch_xy_goal_tolerance: False
 * /move_base/TrajectoryPlannerROS/max_vel_theta: 1.57
 * /move_base/TrajectoryPlannerROS/max_vel_x: 0.5
 * /move_base/TrajectoryPlannerROS/meter_scoring: True
 * /move_base/TrajectoryPlannerROS/min_in_place_vel_theta: 0.314
 * /move_base/TrajectoryPlannerROS/min_vel_theta: -1.57
 * /move_base/TrajectoryPlannerROS/min_vel_x: 0.1
 * /move_base/TrajectoryPlannerROS/occdist_scale: 0.1
 * /move_base/TrajectoryPlannerROS/oscillation_reset_dist: 0.05
 * /move_base/TrajectoryPlannerROS/pdist_scale: 0.75
 * /move_base/TrajectoryPlannerROS/publish_cost_grid_pc: True
 * /move_base/TrajectoryPlannerROS/sim_granularity: 0.02
 * /move_base/TrajectoryPlannerROS/sim_time: 2.0
 * /move_base/TrajectoryPlannerROS/simple_attractor: False
 * /move_base/TrajectoryPlannerROS/vtheta_samples: 20
 * /move_base/TrajectoryPlannerROS/vx_samples: 6
 * /move_base/TrajectoryPlannerROS/xy_goal_tolerance: 0.25
 * /move_base/TrajectoryPlannerROS/yaw_goal_tolerance: 0.157
 * /move_base/base_global_planner: navfn/NavfnROS
 * /move_base/base_local_planner: base_local_planne...
 * /move_base/clearing_rotation_allowed: True
 * /move_base/controller_frequency: 20.0
 * /move_base/controller_patience: 15.0
 * /move_base/global_costmap/footprint: [[-0.21, -0.165],...
 * /move_base/global_costmap/footprint_padding: 0.1
 * /move_base/global_costmap/global_frame: map
 * /move_base/global_costmap/height: 40.0
 * /move_base/global_costmap/inflater_layer/inflation_radius: 0.3
 * /move_base/global_costmap/map_type: costmap
 * /move_base/global_costmap/meter_scoring: True
 * /move_base/global_costmap/obstacle_range: 2.5
 * /move_base/global_costmap/obstacles_layer/observation_sources: scan
 * /move_base/global_costmap/obstacles_layer/scan/clearing: True
 * /move_base/global_costmap/obstacles_layer/scan/data_type: LaserScan
 * /move_base/global_costmap/obstacles_layer/scan/marking: True
 * /move_base/global_costmap/obstacles_layer/scan/max_obstacle_height: 2.0
 * /move_base/global_costmap/obstacles_layer/scan/min_obstacle_height: -2.0
 * /move_base/global_costmap/obstacles_layer/scan/obstacle_range: 2.5
 * /move_base/global_costmap/obstacles_layer/scan/raytrace_range: 3.0
 * /move_base/global_costmap/obstacles_layer/scan/sensor_frame: front_laser
 * /move_base/global_costmap/obstacles_layer/scan/topic: front/scan
 * /move_base/global_costmap/origin_x: -20.0
 * /move_base/global_costmap/origin_y: -20.0
 * /move_base/global_costmap/origin_z: 0.0
 * /move_base/global_costmap/plugins: [{'name': 'static...
 * /move_base/global_costmap/publish_frequency: 5.0
 * /move_base/global_costmap/publish_voxel_map: False
 * /move_base/global_costmap/raytrace_range: 3.0
 * /move_base/global_costmap/resolution: 0.05
 * /move_base/global_costmap/robot_base_frame: base_link
 * /move_base/global_costmap/rolling_window: False
 * /move_base/global_costmap/static_map: True
 * /move_base/global_costmap/transform_tolerance: 0.5
 * /move_base/global_costmap/update_frequency: 20.0
 * /move_base/global_costmap/width: 40.0
 * /move_base/global_costmap/z_resolution: 1
 * /move_base/global_costmap/z_voxels: 2
 * /move_base/local_costmap/footprint: [[-0.21, -0.165],...
 * /move_base/local_costmap/footprint_padding: 0.1
 * /move_base/local_costmap/global_frame: map
 * /move_base/local_costmap/height: 10.0
 * /move_base/local_costmap/inflater_layer/inflation_radius: 0.3
 * /move_base/local_costmap/map_type: costmap
 * /move_base/local_costmap/meter_scoring: True
 * /move_base/local_costmap/obstacle_range: 2.5
 * /move_base/local_costmap/obstacles_layer/observation_sources: scan
 * /move_base/local_costmap/obstacles_layer/scan/clearing: True
 * /move_base/local_costmap/obstacles_layer/scan/data_type: LaserScan
 * /move_base/local_costmap/obstacles_layer/scan/marking: True
 * /move_base/local_costmap/obstacles_layer/scan/max_obstacle_height: 2.0
 * /move_base/local_costmap/obstacles_layer/scan/min_obstacle_height: -2.0
 * /move_base/local_costmap/obstacles_layer/scan/obstacle_range: 2.5
 * /move_base/local_costmap/obstacles_layer/scan/raytrace_range: 3.0
 * /move_base/local_costmap/obstacles_layer/scan/sensor_frame: front_laser
 * /move_base/local_costmap/obstacles_layer/scan/topic: front/scan
 * /move_base/local_costmap/origin_z: 0.0
 * /move_base/local_costmap/plugins: [{'name': 'obstac...
 * /move_base/local_costmap/publish_frequency: 5.0
 * /move_base/local_costmap/publish_voxel_map: False
 * /move_base/local_costmap/raytrace_range: 3.0
 * /move_base/local_costmap/resolution: 0.05
 * /move_base/local_costmap/robot_base_frame: base_link
 * /move_base/local_costmap/rolling_window: True
 * /move_base/local_costmap/static_map: False
 * /move_base/local_costmap/transform_tolerance: 0.5
 * /move_base/local_costmap/update_frequency: 20.0
 * /move_base/local_costmap/width: 10.0
 * /move_base/local_costmap/z_resolution: 1
 * /move_base/local_costmap/z_voxels: 2
 * /move_base/oscillation_distance: 0.5
 * /move_base/oscillation_timeout: 0.0
 * /move_base/planner_frequency: 20.0
 * /move_base/planner_patience: 5.0
 * /move_base/recovery_behavior_enabled: True
 * /move_base/shutdown_costmaps: False
 * /multi_floor_navigation_node/init_pose_offset_theta: 0.05
 * /multi_floor_navigation_node/init_pose_offset_x: 0.1
 * /multi_floor_navigation_node/init_pose_offset_y: 0.1
 * /multi_floor_navigation_node/region_init_sigma_x: 0
 * /multi_floor_navigation_node/region_init_sigma_y: 0
 * /multi_floor_navigation_node/region_init_sigma_yaw: 0
 * /robot_description: <?xml version="1....
 * /rosdistro: noetic
 * /rosversion: 1.17.0
 * /twist_marker_server/link_name: base_link
 * /twist_mux/locks: [{'name': 'e_stop...
 * /twist_mux/topics: [{'name': 'joy', ...
 * /use_gui: True
 * /use_sim_time: True

NODES
  /
    amcl (amcl/amcl)
    change_map_node (multi_floor_nav/change_map_node)
    controller_spawner (controller_manager/spawner)
    ekf_localization (robot_localization/ekf_localization_node)
    gazebo (gazebo_ros/gzserver)
    map_server0 (map_server/map_server)
    map_server1 (map_server/map_server)
    move_base (move_base/move_base)
    multi_floor_navigation_node (multi_floor_nav/multi_floor_navigation_node)
    robot_state_publisher (robot_state_publisher/robot_state_publisher)
    rviz (rviz/rviz)
    twist_marker_server (interactive_marker_twist_server/marker_server)
    twist_mux (twist_mux/twist_mux)
    urdf_spawner (gazebo_ros/spawn_model)
[ INFO] [1774863694.860319472]: Finished loading Gazebo ROS API Plugin.
[ INFO] [1774863694.861238503]: waitForService: Service [/gazebo/set_physics_properties] has not been advertised, waiting...
[1;33mWarning [Model.cc:216][0m Non-unique name[door] detected 2 times in XML children of model with name[elevator].
[1;33mWarning [Model.cc:309][0m Joint with name [door] in model with name [elevator] has a name collision, changing joint name to [door_joint].
[ INFO] [1774863695.874290234]: waitForService: Service [/gazebo/set_physics_properties] is now available.
[ INFO] [1774863695.890515150]: Physics dynamic reconfigure ready.
[1;33mWarning [parser_urdf.cc:1161][0m multiple inconsistent <gravity> exists due to fixed joint reduction overwriting previous value [true] with [false].
[1;33mWarning [parser_urdf.cc:1161][0m multiple inconsistent <gravity> exists due to fixed joint reduction overwriting previous value [false] with [true].
[ERROR] [1774863696.650638354, 1055.081000000]: No p gain specified for pid.  Namespace: /gazebo_ros_control/pid_gains/front_left_wheel
[ERROR] [1774863696.651040844, 1055.081000000]: No p gain specified for pid.  Namespace: /gazebo_ros_control/pid_gains/front_right_wheel
[ERROR] [1774863696.651420637, 1055.081000000]: No p gain specified for pid.  Namespace: /gazebo_ros_control/pid_gains/rear_left_wheel
[ERROR] [1774863696.651805178, 1055.081000000]: No p gain specified for pid.  Namespace: /gazebo_ros_control/pid_gains/rear_right_wheel
[ WARN] [1774863696.695658001, 1055.082000000]: Failed to meet update rate! Took 1055.0820000000001073
[ WARN] [1774863696.696465496, 1055.083000000]: Timed out waiting for transform from base_link to map to become available before running costmap, tf error: canTransform: target_frame map does not exist. canTransform: source_frame base_link does not exist.. canTransform returned after 1055.08 timeout was 0.1.
[ WARN] [1774863696.696489731, 1055.083000000]: Failed to meet update rate! Took 1055.0630000000001019
[ WARN] [1774863696.881780513]: Interactive marker 'robot_twist_marker' contains unnormalized quaternions. This warning will only be output once but may be true for others; enable DEBUG messages for ros.rviz.quaternions to see more details.
[ WARN] [1774863697.913855834, 1056.286000000]: global_costmap: Pre-Hydro parameter "static_map" unused since "plugins" is provided
[ WARN] [1774863697.914074574, 1056.286000000]: global_costmap: Pre-Hydro parameter "map_type" unused since "plugins" is provided
[ WARN] [1774863729.490100484, 1087.484000000]: [Multi Floor Nav] Initial pose perturbation applied: offset_x=0.10, offset_y=0.10, offset_theta=0.05
[ WARN] [1774863729.540489347, 1087.534000000]: local_costmap: Pre-Hydro parameter "static_map" unused since "plugins" is provided
[ WARN] [1774863729.540757535, 1087.534000000]: local_costmap: Pre-Hydro parameter "map_type" unused since "plugins" is provided
[ WARN] [1774863729.577609775, 1087.571000000]: Parameter pdist_scale is deprecated. Please use the name path_distance_bias instead.
[ WARN] [1774863729.578163889, 1087.571000000]: Parameter gdist_scale is deprecated. Please use the name goal_distance_bias instead.
[ WARN] [1774863796.997603455, 1154.294000000]: [Multi Floor Nav] Initial pose perturbation applied: offset_x=0.10, offset_y=0.10, offset_theta=0.05
[ INFO] [1774863694.595746789]: [Multi Floor Nav] Module A sigma: L0=(0.000,0.000,0.000) L1=(0.000,0.000,0.000)
[ INFO] [1774863694.596540386]: [Multi Floor Nav] Module A delay: L0=6.0s  L1=6.0s  backoff: factor=1.30 max=2.00
[ INFO] [1774863729.395671189, 1087.390000000]: [Multi Floor Nav] Successfully loaded map for level: 0
[ INFO] [1774863729.490157684, 1087.484000000]: [Multi Floor Nav] Initializing Robot at x: 5.1, y: -0.4, yaw: 0.1 (level=0, sigma: x=0.000, y=0.000, yaw=0.000, retry=0)
[ INFO] [1774863729.490197213, 1087.484000000]: [Multi Floor Nav] Initializing Pose to x: 5.00, y: -0.50 at level: 0
[ INFO] [1774863730.509535453, 1088.488000000]: [Multi Floor Nav] Waiting for AMCL nomotion updates (1.0/6.0s, L0)...
[ INFO] [1774863731.521301948, 1089.488000000]: [Multi Floor Nav] Waiting for AMCL nomotion updates (2.0/6.0s, L0)...
[ INFO] [1774863732.732127328, 1090.689000000]: [Multi Floor Nav] Waiting for AMCL nomotion updates (3.2/6.0s, L0)...
[ INFO] [1774863733.943174119, 1091.888000000]: [Multi Floor Nav] Waiting for AMCL nomotion updates (4.4/6.0s, L0)...
[ INFO] [1774863734.952651635, 1092.889000000]: [Multi Floor Nav] Waiting for AMCL nomotion updates (5.4/6.0s, L0)...
[ INFO] [1774863735.559983915, 1093.489000000]: [Multi Floor Nav] Current Robot Pose, x: 5.10, y: -0.40, yaw: 0.05
[ INFO] [1774863735.560031266, 1093.489000000]: [Multi Floor Nav] Linear Error: 0.14, Angular Error: 0.05
[ INFO] [1774863735.560052149, 1093.489000000]: [Multi Floor Nav] Robot at correct pose
[ INFO] [1774863735.562437970, 1093.492000000]: [Multi Floor Nav] RELOC_PASS: linear_error=0.1419, angular_error=0.0537, linear_error_init=0.0007, angular_error_init=0.0037, tr_sigma=0.1494, C_t=0.8612
[ INFO] [1774863736.573122559, 1094.492000000]: [Multi Floor Nav] POST_PASS: dt=1.000s, linear_error=0.1419, angular_error=0.0537
[ INFO] [1774863736.573145816, 1094.492000000]: [Multi Floor Nav] Will send goal to x: 3, y: -0, at level: 0
[ INFO] [1774863736.573159016, 1094.492000000]: [Multi Floor Nav] Sending Robot to x: 3.0, y: -0.5, yaw: 3.1
[ INFO] [1774863736.776261242, 1094.692000000]: [Multi Floor Nav] POST_PASS: dt=1.200s, linear_error=0.1419, angular_error=0.0537
[ INFO] [1774863736.978166681, 1094.892000000]: [Multi Floor Nav] POST_PASS: dt=1.400s, linear_error=0.1419, angular_error=0.0537
[ INFO] [1774863737.178846772, 1095.092000000]: [Multi Floor Nav] POST_PASS: dt=1.600s, linear_error=0.1606, angular_error=0.3517
[ INFO] [1774863737.380432973, 1095.292000000]: [Multi Floor Nav] POST_PASS: dt=1.800s, linear_error=0.1704, angular_error=0.7773
[ INFO] [1774863737.581984673, 1095.492000000]: [Multi Floor Nav] POST_PASS: dt=2.000s, linear_error=0.1760, angular_error=1.1870
[ INFO] [1774863759.615646411, 1117.292000000]: [Multi Floor Nav] Requesting Lift to Level 0
[ INFO] [1774863759.818673823, 1117.492000000]: [Multi Floor Nav] Entering Lift at Level 0
[ INFO] [1774863777.196087638, 1134.692000000]: [Multi Floor Nav] Requesting Lift to Level 1
[ INFO] [1774863784.255136346, 1141.692000000]: [Multi Floor Nav] Exiting Lift at Level 1
[ INFO] [1774863796.891825348, 1154.190000000]: [Multi Floor Nav] Successfully loaded map for level: 1
[ INFO] [1774863796.997629366, 1154.294000000]: [Multi Floor Nav] Initializing Robot at x: 3.1, y: -0.4, yaw: 3.2 (level=1, sigma: x=0.000, y=0.000, yaw=0.000, retry=0)
[ INFO] [1774863796.997654159, 1154.294000000]: [Multi Floor Nav] Initializing Pose to x: 3.00, y: -0.50 at level: 1
[ INFO] [1774863798.015669502, 1155.296000000]: [Multi Floor Nav] Waiting for AMCL nomotion updates (1.0/6.0s, L1)...
[ INFO] [1774863799.030063554, 1156.296000000]: [Multi Floor Nav] Waiting for AMCL nomotion updates (2.0/6.0s, L1)...
[ INFO] [1774863800.046148945, 1157.297000000]: [Multi Floor Nav] Waiting for AMCL nomotion updates (3.0/6.0s, L1)...
[ INFO] [1774863801.063273784, 1158.297000000]: [Multi Floor Nav] Waiting for AMCL nomotion updates (4.0/6.0s, L1)...
[ INFO] [1774863802.078450432, 1159.297000000]: [Multi Floor Nav] Waiting for AMCL nomotion updates (5.0/6.0s, L1)...
[ INFO] [1774863803.095788377, 1160.[ WARN] [1774863803.107762399, 1160.308000000]: The origin for the sensor at (2.98, -0.41) is out of map bounds. So, the costmap cannot raytrace for it.
[ WARN] [1774863803.300315086, 1160.497000000]: [Multi Floor Nav] Initial pose perturbation applied: offset_x=0.10, offset_y=0.10, offset_theta=0.05
[ WARN] [1774863804.330231046, 1161.508000000]: The origin for the sensor at (4.15, 4.84) is out of map bounds. So, the costmap cannot raytrace for it.
[ WARN] [1774863828.271650637, 1185.058000000]: The origin for the sensor at (4.32, 3.92) is out of map bounds. So, the costmap cannot raytrace for it.
[ WARN] [1774863849.467393423, 1205.951000000]: Clearing both costmaps outside a square (3.00m) large centered on the robot.
[ WARN] [1774863854.615644163, 1211.001000000]: Rotate recovery behavior started.
[ERROR] [1774863854.615891119, 1211.001000000]: Rotate recovery can't rotate in place because there is a potential collision. Cost: -1.00
[ WARN] [1774863859.791907657, 1216.051000000]: Clearing both costmaps outside a square (1.84m) large centered on the robot.
[ WARN] [1774863864.976860273, 1221.101000000]: Rotate recovery behavior started.
[ERROR] [1774863864.976979142, 1221.101000000]: Rotate recovery can't rotate in place because there is a potential collision. Cost: -1.00
[ERROR] [1774863870.169612522, 1226.152000000]: Aborting because a valid plan could not be found. Even after executing all recovery behaviors
297000000]: [Multi Floor Nav] Current Robot Pose, x: 4.14, y: 4.72, yaw: 1.48
[ INFO] [1774863803.095815615, 1160.297000000]: [Multi Floor Nav] Linear Error: 5.34, Angular Error: 1.66
[ INFO] [1774863803.095827976, 1160.297000000]: [Multi Floor Nav] Setting initial pose failed. Will Retry (retry #1)
[ INFO] [1774863803.300392888, 1160.497000000]: [Multi Floor Nav] Initializing Robot at x: 3.1, y: -0.4, yaw: 3.2 (level=1, sigma: x=0.000, y=0.000, yaw=0.000, retry=1)
[ INFO] [1774863803.300458678, 1160.497000000]: [Multi Floor Nav] Initializing Pose to x: 3.00, y: -0.50 at level: 1
[ INFO] [1774863804.320686498, 1161.499000000]: [Multi Floor Nav] Waiting for AMCL nomotion updates (1.0/6.0s, L1)...
[ INFO] [1774863805.335086833, 1162.499000000]: [Multi Floor Nav] Waiting for AMCL nomotion updates (2.0/6.0s, L1)...
[ INFO] [1774863806.352970547, 1163.500000000]: [Multi Floor Nav] Waiting for AMCL nomotion updates (3.0/6.0s, L1)...
[ INFO] [1774863807.367711657, 1164.500000000]: [Multi Floor Nav] Waiting for AMCL nomotion updates (4.0/6.0s, L1)...
[ INFO] [1774863808.386462952, 1165.501000000]: [Multi Floor Nav] Waiting for AMCL nomotion updates (5.0/6.0s, L1)...
[ INFO] [1774863809.401631018, 1166.499000000]: [Multi Floor Nav] Current Robot Pose, x: 3.10, y: -0.40, yaw: -3.09
[ INFO] [1774863809.401653437, 1166.499000000]: [Multi Floor Nav] Linear Error: 0.14, Angular Error: 0.05
[ INFO] [1774863809.401662028, 1166.499000000]: [Multi Floor Nav] Robot at correct pose
[ INFO] [1774863809.403463006, 1166.501000000]: [Multi Floor Nav] RELOC_PASS: linear_error=0.1406, angular_error=0.0518, linear_error_init=0.0011, angular_error_init=0.0018, tr_sigma=1.7608, C_t=0.1719
[ INFO] [1774863810.423288051, 1167.501000000]: [Multi Floor Nav] POST_PASS: dt=1.000s, linear_error=0.1406, angular_error=0.0516
[ INFO] [1774863810.423316127, 1167.501000000]: [Multi Floor Nav] Will send goal to x: 4, y: 5, at level: 1
[ INFO] [1774863810.423326673, 1167.501000000]: [Multi Floor Nav] Sending Robot to x: 4.0, y: 5.0, yaw: 0.0
[ INFO] [1774863810.625039591, 1167.701000000]: [Multi Floor Nav] POST_PASS: dt=1.200s, linear_error=0.1406, angular_error=0.0516
[ INFO] [1774863810.827971296, 1167.901000000]: [Multi Floor Nav] POST_PASS: dt=1.400s, linear_error=0.1069, angular_error=0.1480
[ INFO] [1774863811.031862192, 1168.101000000]: [Multi Floor Nav] POST_PASS: dt=1.600s, linear_error=0.1069, angular_error=0.1480
[ INFO] [1774863811.234278477, 1168.301000000]: [Multi Floor Nav] POST_PASS: dt=1.800s, linear_error=0.1769, angular_error=0.3839
[ INFO] [1774863811.438041077, 1168.502000000]: [Multi Floor Nav] POST_PASS: dt=2.000s, linear_error=0.3014, angular_error=0.7518
[ INFO] [1774863697.914560245, 1056.287000000]: global_costmap: Using plugin "static_layer"
[ INFO] [1774863697.918403565, 1056.290000000]: Requesting the map...
[ INFO] [1774863729.397648513, 1087.392000000]: Resizing costmap to 992 X 992 at 0.020000 m/pix
[ INFO] [1774863729.499174789, 1087.492000000]: Received a 992 X 992 map at 0.020000 m/pix
[ INFO] [1774863729.501232848, 1087.495000000]: global_costmap: Using plugin "obstacles_layer"
[ INFO] [1774863729.505901755, 1087.499000000]:     Subscribed to Topics: scan
[ INFO] [1774863729.517449460, 1087.511000000]: global_costmap: Using plugin "inflater_layer"
[ INFO] [1774863729.541239644, 1087.534000000]: local_costmap: Using plugin "obstacles_layer"
[ INFO] [1774863729.544586539, 1087.538000000]:     Subscribed to Topics: scan
[ INFO] [1774863729.552668341, 1087.546000000]: local_costmap: Using plugin "inflater_layer"
[ INFO] [1774863729.570675173, 1087.564000000]: Created local_planner base_local_planner/TrajectoryPlannerROS
[ INFO] [1774863729.575531671, 1087.569000000]: Sim period is set to 0.05
[ INFO] [1774863729.679011456, 1087.671000000]: Recovery behavior will clear layer 'obstacles'
[ INFO] [1774863729.682287952, 1087.675000000]: Recovery behavior will clear layer 'obstacles'
[ INFO] [1774863729.771940228, 1087.763000000]: odom received!
[ INFO] [1774863696.440531162, 1055.081000000]: Laser Plugin: Using the 'robotNamespace' param: '/'
[ INFO] [1774863696.440572997, 1055.081000000]: Starting Laser Plugin (ns = /)
[ INFO] [1774863696.441574230, 1055.081000000]: Laser Plugin (ns = /)  <tf_prefix_>, set to ""
[ INFO] [1774863696.539772147, 1055.081000000]: Loading gazebo_ros_control plugin
[ INFO] [1774863696.539836749, 1055.081000000]: Starting gazebo_ros_control plugin in namespace: /
[ INFO] [1774863696.540604854, 1055.081000000]: gazebo_ros_control plugin is waiting for model URDF in parameter [robot_description] on the ROS param server.
[ INFO] [1774863696.653929935, 1055.081000000]: Loaded gazebo_ros_control.
[ INFO] [1774863696.891574939, 1055.278000000]: Controller state will be published at 50Hz.
[ INFO] [1774863696.892242614, 1055.279000000]: Wheel separation will be multiplied by 1.5.
[ INFO] [1774863696.892652787, 1055.279000000]: Left wheel radius will be multiplied by 1.
[ INFO] [1774863696.892669059, 1055.279000000]: Right wheel radius will be multiplied by 1.
[ INFO] [1774863696.892880676, 1055.279000000]: Velocity rolling window size of 10.
[ INFO] [1774863696.893306214, 1055.280000000]: Velocity commands will be considered old if they are older than 0.25s.
[ INFO] [1774863696.893521392, 1055.280000000]: Allow mutiple cmd_vel publishers is enabled
[ INFO] [1774863696.893733079, 1055.280000000]: Base frame_id set to base_link
[ INFO] [1774863696.893940016, 1055.280000000]: Odometry frame_id set to odom
[ INFO] [1774863696.894355986, 1055.281000000]: Publishing to tf is disabled
[ INFO] [1774863696.901020162, 1055.287000000]: left wheel to origin: 0.131,0.187795, 0.0345
[ INFO] [1774863696.901040625, 1055.287000000]: right wheel to origin: 0.131,-0.187795, 0.0345
[ INFO] [1774863696.901090212, 1055.287000000]: Odometry params : wheel separation 0.563385, left wheel radius 0.098, right wheel radius 0.098
[ INFO] [1774863696.902713235, 1055.289000000]: Adding left wheel with joint name: front_left_wheel and right wheel with joint name: front_right_wheel
[ INFO] [1774863696.902755069, 1055.289000000]: Adding left wheel with joint name: rear_left_wheel and right wheel with joint name: rear_right_wheel
[ INFO] [1774863696.909081148, 1055.295000000]: Dynamic Reconfigure:
DynamicParams:
	Odometry parameters:
		left wheel radius multiplier: 1
		right wheel radius multiplier: 1
		wheel separation multiplier: 1.5
	Publication parameters:
		Publish executed velocity command: disabled
		Publication rate: 50
		Publish frame odom on tf: disabled

auto-starting new master
[1mprocess[master]: started with pid [549243][0m
[1mROS_MASTER_URI=http://localhost:11311[0m
]2;/home/eethanhe/catkin_ws/src/robot-multi-floor-navigation/multi_floor_nav/launch/nav.launch http://localhost:11311
[1msetting /run_id to a3502290-2c1c-11f1-8d1e-01badb8e21cf[0m
[1mprocess[rosout-1]: started with pid [549268][0m
started core service [/rosout]
[1mprocess[gazebo-2]: started with pid [549275][0m
[1mprocess[robot_state_publisher-3]: started with pid [549278][0m
[1mprocess[controller_spawner-4]: started with pid [549281][0m
[1mprocess[ekf_localization-5]: started with pid [549282][0m
[1mprocess[twist_mux-6]: started with pid [549283][0m
[1mprocess[twist_marker_server-7]: started with pid [549285][0m
[1mprocess[urdf_spawner-8]: started with pid [549291][0m
[1mprocess[map_server0-9]: started with pid [549301][0m
[1mprocess[map_server1-10]: started with pid [549307][0m
[1mprocess[amcl-11]: started with pid [549309][0m
[1mprocess[move_base-12]: started with pid [549311][0m
[1mprocess[rviz-13]: started with pid [549318][0m
[1mprocess[change_map_node-14]: started with pid [549326][0m
[1mprocess[multi_floor_navigation_node-15]: started with pid [549337][0m
[1m[urdf_spawner-8] process has finished cleanly
log file: /home/eethanhe/.ros/log/a3502290-2c1c-11f1-8d1e-01badb8e21cf/urdf_spawner-8*.log[0m
[multi_floor_navigation_node-15] killing on exit
[change_map_node-14] killing on exit
[rviz-13] killing on exit
[move_base-12] killing on exit
[amcl-11] killing on exit
[map_server1-10] killing on exit
[map_server0-9] killing on exit
[twist_marker_server-7] killing on exit
[twist_mux-6] killing on exit
[ekf_localization-5] killing on exit
[controller_spawner-4] killing on exit
[robot_state_publisher-3] killing on exit
[gazebo-2] killing on exit
[rosout-1] killing on exit
[master] killing on exit
shutting down processing monitor...
... shutting down processing monitor complete
[1mdone[0m
