xacro: in-order processing became default in ROS Melodic. You can drop the option.
... logging to /home/eethanhe/.ros/log/b942f70e-2c11-11f1-8d1e-01badb8e21cf/roslaunch-eethanhe-Lenovo-Legion-R9000P2021H-457808.log
Checking log directory for disk usage. This may take a while.
Press Ctrl-C to interrupt
Done checking log file disk usage. Usage is <1GB.
]2;/home/eethanhe/catkin_ws/src/robot-multi-floor-navigation/multi_floor_nav/launch/nav.launch
[1mstarted roslaunch server http://eethanhe-Lenovo-Legion-R9000P2021H:35989/[0m

SUMMARY
========

PARAMETERS
 * /amcl/auto_update_noise: 0.0
 * /amcl/base_frame_id: base_link
 * /amcl/expected_laser_freq: 5.0
 * /amcl/first_map_only: False
 * /amcl/global_frame_id: map
 * /amcl/gui_publish_rate: 10.0
 * /amcl/initial_pose_a: 0.0
 * /amcl/initial_pose_x: 0.0
 * /amcl/initial_pose_y: 0.0
 * /amcl/kld_err: 0.05
 * /amcl/kld_z: 0.99
 * /amcl/laser_lambda_short: 0.1
 * /amcl/laser_likelihood_max_dist: 2.0
 * /amcl/laser_max_beams: 720
 * /amcl/laser_max_range: 30.0
 * /amcl/laser_min_range: 0.1
 * /amcl/laser_model_type: likelihood_field
 * /amcl/laser_sigma_hit: 0.2
 * /amcl/laser_z_hit: 0.5
 * /amcl/laser_z_max: 0.05
 * /amcl/laser_z_rand: 0.5
 * /amcl/laser_z_short: 0.05
 * /amcl/max_particles: 2000
 * /amcl/min_particles: 500
 * /amcl/odom_alpha1: 0.2
 * /amcl/odom_alpha2: 0.2
 * /amcl/odom_alpha3: 0.2
 * /amcl/odom_alpha4: 0.2
 * /amcl/odom_alpha5: 0.1
 * /amcl/odom_frame_id: odom
 * /amcl/odom_model_type: diff
 * /amcl/odom_update_interval: 0.1
 * /amcl/recovery_alpha_fast: 0.1
 * /amcl/recovery_alpha_slow: 0.001
 * /amcl/resample_interval: 1
 * /amcl/transform_tolerance: 1.0
 * /amcl/update_min_a: 0.3927
 * /amcl/update_min_d: 0.1
 * /amcl/use_map_topic: False
 * /ekf_localization/base_link_frame: base_link
 * /ekf_localization/frequency: 50
 * /ekf_localization/imu0: /imu/data
 * /ekf_localization/imu0_config: [False, False, Fa...
 * /ekf_localization/imu0_differential: False
 * /ekf_localization/odom0: /jackal_velocity_...
 * /ekf_localization/odom0_config: [False, False, Fa...
 * /ekf_localization/odom0_differential: False
 * /ekf_localization/odom_frame: odom
 * /ekf_localization/predict_to_current_time: True
 * /ekf_localization/world_frame: odom
 * /gazebo/enable_ros_network: True
 * /jackal_joint_publisher/publish_rate: 50
 * /jackal_joint_publisher/type: joint_state_contr...
 * /jackal_velocity_controller/angular/z/has_acceleration_limits: True
 * /jackal_velocity_controller/angular/z/has_velocity_limits: True
 * /jackal_velocity_controller/angular/z/max_acceleration: 25.0
 * /jackal_velocity_controller/angular/z/max_velocity: 4.0
 * /jackal_velocity_controller/cmd_vel_timeout: 0.25
 * /jackal_velocity_controller/enable_odom_tf: False
 * /jackal_velocity_controller/k_l: 0.1
 * /jackal_velocity_controller/k_r: 0.1
 * /jackal_velocity_controller/left_wheel: ['front_left_whee...
 * /jackal_velocity_controller/linear/x/has_acceleration_limits: True
 * /jackal_velocity_controller/linear/x/has_velocity_limits: True
 * /jackal_velocity_controller/linear/x/max_acceleration: 20.0
 * /jackal_velocity_controller/linear/x/max_velocity: 2.0
 * /jackal_velocity_controller/pose_covariance_diagonal: [0.001, 0.001, 10...
 * /jackal_velocity_controller/publish_cmd: True
 * /jackal_velocity_controller/publish_rate: 50
 * /jackal_velocity_controller/right_wheel: ['front_right_whe...
 * /jackal_velocity_controller/twist_covariance_diagonal: [0.001, 0.001, 0....
 * /jackal_velocity_controller/type: diff_drive_contro...
 * /jackal_velocity_controller/wheel_radius_multiplier: 1.0
 * /jackal_velocity_controller/wheel_separation_multiplier: 1.5
 * /move_base/NavfnROS/allow_unknown: True
 * /move_base/TrajectoryPlannerROS/acc_lim_theta: 20.0
 * /move_base/TrajectoryPlannerROS/acc_lim_x: 10.0
 * /move_base/TrajectoryPlannerROS/angular_sim_granularity: 0.02
 * /move_base/TrajectoryPlannerROS/controller_frequency: 20.0
 * /move_base/TrajectoryPlannerROS/dwa: True
 * /move_base/TrajectoryPlannerROS/escape_reset_dist: 0.1
 * /move_base/TrajectoryPlannerROS/escape_reset_theta: 0.1
 * /move_base/TrajectoryPlannerROS/escape_vel: -0.5
 * /move_base/TrajectoryPlannerROS/gdist_scale: 1.0
 * /move_base/TrajectoryPlannerROS/heading_lookahead: 0.325
 * /move_base/TrajectoryPlannerROS/heading_scoring: False
 * /move_base/TrajectoryPlannerROS/heading_scoring_timestep: 0.8
 * /move_base/TrajectoryPlannerROS/holonomic_robot: False
 * /move_base/TrajectoryPlannerROS/latch_xy_goal_tolerance: False
 * /move_base/TrajectoryPlannerROS/max_vel_theta: 1.57
 * /move_base/TrajectoryPlannerROS/max_vel_x: 0.5
 * /move_base/TrajectoryPlannerROS/meter_scoring: True
 * /move_base/TrajectoryPlannerROS/min_in_place_vel_theta: 0.314
 * /move_base/TrajectoryPlannerROS/min_vel_theta: -1.57
 * /move_base/TrajectoryPlannerROS/min_vel_x: 0.1
 * /move_base/TrajectoryPlannerROS/occdist_scale: 0.1
 * /move_base/TrajectoryPlannerROS/oscillation_reset_dist: 0.05
 * /move_base/TrajectoryPlannerROS/pdist_scale: 0.75
 * /move_base/TrajectoryPlannerROS/publish_cost_grid_pc: True
 * /move_base/TrajectoryPlannerROS/sim_granularity: 0.02
 * /move_base/TrajectoryPlannerROS/sim_time: 2.0
 * /move_base/TrajectoryPlannerROS/simple_attractor: False
 * /move_base/TrajectoryPlannerROS/vtheta_samples: 20
 * /move_base/TrajectoryPlannerROS/vx_samples: 6
 * /move_base/TrajectoryPlannerROS/xy_goal_tolerance: 0.25
 * /move_base/TrajectoryPlannerROS/yaw_goal_tolerance: 0.157
 * /move_base/base_global_planner: navfn/NavfnROS
 * /move_base/base_local_planner: base_local_planne...
 * /move_base/clearing_rotation_allowed: True
 * /move_base/controller_frequency: 20.0
 * /move_base/controller_patience: 15.0
 * /move_base/global_costmap/footprint: [[-0.21, -0.165],...
 * /move_base/global_costmap/footprint_padding: 0.1
 * /move_base/global_costmap/global_frame: map
 * /move_base/global_costmap/height: 40.0
 * /move_base/global_costmap/inflater_layer/inflation_radius: 0.3
 * /move_base/global_costmap/map_type: costmap
 * /move_base/global_costmap/meter_scoring: True
 * /move_base/global_costmap/obstacle_range: 2.5
 * /move_base/global_costmap/obstacles_layer/observation_sources: scan
 * /move_base/global_costmap/obstacles_layer/scan/clearing: True
 * /move_base/global_costmap/obstacles_layer/scan/data_type: LaserScan
 * /move_base/global_costmap/obstacles_layer/scan/marking: True
 * /move_base/global_costmap/obstacles_layer/scan/max_obstacle_height: 2.0
 * /move_base/global_costmap/obstacles_layer/scan/min_obstacle_height: -2.0
 * /move_base/global_costmap/obstacles_layer/scan/obstacle_range: 2.5
 * /move_base/global_costmap/obstacles_layer/scan/raytrace_range: 3.0
 * /move_base/global_costmap/obstacles_layer/scan/sensor_frame: front_laser
 * /move_base/global_costmap/obstacles_layer/scan/topic: front/scan
 * /move_base/global_costmap/origin_x: -20.0
 * /move_base/global_costmap/origin_y: -20.0
 * /move_base/global_costmap/origin_z: 0.0
 * /move_base/global_costmap/plugins: [{'name': 'static...
 * /move_base/global_costmap/publish_frequency: 5.0
 * /move_base/global_costmap/publish_voxel_map: False
 * /move_base/global_costmap/raytrace_range: 3.0
 * /move_base/global_costmap/resolution: 0.05
 * /move_base/global_costmap/robot_base_frame: base_link
 * /move_base/global_costmap/rolling_window: False
 * /move_base/global_costmap/static_map: True
 * /move_base/global_costmap/transform_tolerance: 0.5
 * /move_base/global_costmap/update_frequency: 20.0
 * /move_base/global_costmap/width: 40.0
 * /move_base/global_costmap/z_resolution: 1
 * /move_base/global_costmap/z_voxels: 2
 * /move_base/local_costmap/footprint: [[-0.21, -0.165],...
 * /move_base/local_costmap/footprint_padding: 0.1
 * /move_base/local_costmap/global_frame: map
 * /move_base/local_costmap/height: 10.0
 * /move_base/local_costmap/inflater_layer/inflation_radius: 0.3
 * /move_base/local_costmap/map_type: costmap
 * /move_base/local_costmap/meter_scoring: True
 * /move_base/local_costmap/obstacle_range: 2.5
 * /move_base/local_costmap/obstacles_layer/observation_sources: scan
 * /move_base/local_costmap/obstacles_layer/scan/clearing: True
 * /move_base/local_costmap/obstacles_layer/scan/data_type: LaserScan
 * /move_base/local_costmap/obstacles_layer/scan/marking: True
 * /move_base/local_costmap/obstacles_layer/scan/max_obstacle_height: 2.0
 * /move_base/local_costmap/obstacles_layer/scan/min_obstacle_height: -2.0
 * /move_base/local_costmap/obstacles_layer/scan/obstacle_range: 2.5
 * /move_base/local_costmap/obstacles_layer/scan/raytrace_range: 3.0
 * /move_base/local_costmap/obstacles_layer/scan/sensor_frame: front_laser
 * /move_base/local_costmap/obstacles_layer/scan/topic: front/scan
 * /move_base/local_costmap/origin_z: 0.0
 * /move_base/local_costmap/plugins: [{'name': 'obstac...
 * /move_base/local_costmap/publish_frequency: 5.0
 * /move_base/local_costmap/publish_voxel_map: False
 * /move_base/local_costmap/raytrace_range: 3.0
 * /move_base/local_costmap/resolution: 0.05
 * /move_base/local_costmap/robot_base_frame: base_link
 * /move_base/local_costmap/rolling_window: True
 * /move_base/local_costmap/static_map: False
 * /move_base/local_costmap/transform_tolerance: 0.5
 * /move_base/local_costmap/update_frequency: 20.0
 * /move_base/local_costmap/width: 10.0
 * /move_base/local_costmap/z_resolution: 1
 * /move_base/local_costmap/z_voxels: 2
 * /move_base/oscillation_distance: 0.5
 * /move_base/oscillation_timeout: 0.0
 * /move_base/planner_frequency: 20.0
 * /move_base/planner_patience: 5.0
 * /move_base/recovery_behavior_enabled: True
 * /move_base/shutdown_costmaps: False
 * /multi_floor_navigation_node/init_pose_offset_theta: 0.15
 * /multi_floor_navigation_node/init_pose_offset_x: 0.25
 * /multi_floor_navigation_node/init_pose_offset_y: 0.25
 * /multi_floor_navigation_node/region_init_sigma_x: 0
 * /multi_floor_navigation_node/region_init_sigma_y: 0
 * /multi_floor_navigation_node/region_init_sigma_yaw: 0
 * /robot_description: <?xml version="1....
 * /rosdistro: noetic
 * /rosversion: 1.17.0
 * /twist_marker_server/link_name: base_link
 * /twist_mux/locks: [{'name': 'e_stop...
 * /twist_mux/topics: [{'name': 'joy', ...
 * /use_gui: True
 * /use_sim_time: True

NODES
  /
    amcl (amcl/amcl)
    change_map_node (multi_floor_nav/change_map_node)
    controller_spawner (controller_manager/spawner)
    ekf_localization (robot_localization/ekf_localization_node)
    gazebo (gazebo_ros/gzserver)
    map_server0 (map_server/map_server)
    map_server1 (map_server/map_server)
    move_base (move_base/move_base)
    multi_floor_navigation_node (multi_floor_nav/multi_floor_navigation_node)
    robot_state_publisher (robot_state_publisher/robot_state_publisher)
    rviz (rviz/rviz)
    twist_marker_server (interactive_marker_twist_server/marker_server)
    twist_mux (twist_mux/twist_mux)
    urdf_spawner (gazebo_ros/spawn_model)
[ INFO] [1774859007.250992136]: Finished loading Gazebo ROS API Plugin.
[ INFO] [1774859007.258431453]: waitForService: Service [/gazebo/set_physics_properties] has not been advertised, waiting...
[1;33mWarning [Model.cc:216][0m Non-unique name[door] detected 2 times in XML children of model with name[elevator].
[1;33mWarning [Model.cc:309][0m Joint with name [door] in model with name [elevator] has a name collision, changing joint name to [door_joint].
[ERROR] [1774859008.057999, 0.000000]: Spawn service failed. Exiting.
[ INFO] [1774859008.036929871]: waitForService: Service [/gazebo/set_physics_properties] is now available.
[ INFO] [1774859008.062350575, 1054.804000000]: Physics dynamic reconfigure ready.
[1;33mWarning [parser_urdf.cc:1161][0m multiple inconsistent <gravity> exists due to fixed joint reduction overwriting previous value [true] with [false].
[1;33mWarning [parser_urdf.cc:1161][0m multiple inconsistent <gravity> exists due to fixed joint reduction overwriting previous value [false] with [true].
[ERROR] [1774859008.652473877, 1054.894000000]: No p gain specified for pid.  Namespace: /gazebo_ros_control/pid_gains/front_left_wheel
[ERROR] [1774859008.652939437, 1054.894000000]: No p gain specified for pid.  Namespace: /gazebo_ros_control/pid_gains/front_right_wheel
[ERROR] [1774859008.653379156, 1054.894000000]: No p gain specified for pid.  Namespace: /gazebo_ros_control/pid_gains/rear_left_wheel
[ERROR] [1774859008.653805046, 1054.894000000]: No p gain specified for pid.  Namespace: /gazebo_ros_control/pid_gains/rear_right_wheel
[ WARN] [1774859008.697966448, 1054.896000000]: Timed out waiting for transform from base_link to map to become available before running costmap, tf error: canTransform: target_frame map does not exist. canTransform: source_frame base_link does not exist.. canTransform returned after 1054.9 timeout was 0.1.
[ WARN] [1774859008.698160675, 1054.896000000]: Failed to meet update rate! Took 1054.8959999999999582
[ WARN] [1774859008.699437507, 1054.897000000]: Failed to meet update rate! Took 1054.8769999999999527
[ WARN] [1774859009.962745729, 1056.143000000]: global_costmap: Pre-Hydro parameter "static_map" unused since "plugins" is provided
[ WARN] [1774859009.962982141, 1056.143000000]: global_costmap: Pre-Hydro parameter "map_type" unused since "plugins" is provided
[ WARN] [1774859010.661307214, 1056.831000000]: Interactive marker 'robot_twist_marker' contains unnormalized quaternions. This warning will only be output once but may be true for others; enable DEBUG messages for ros.rviz.quaternions to see more details.
[ WARN] [1774859041.979741360, 1087.702000000]: [Multi Floor Nav] Initial pose perturbation applied: offset_x=0.25, offset_y=0.25, offset_theta=0.15
[ WARN] [1774859042.068193161, 1087.791000000]: local_costmap: Pre-Hydro parameter "static_map" unused since "plugins" is provided
[ WARN] [1774859042.068410645, 1087.791000000]: local_costmap: Pre-Hydro parameter "map_type" unused since "plugins" is provided
[ WARN] [1774859042.104155796, 1087.827000000]: Parameter pdist_scale is deprecated. Please use the name path_distance_bias instead.
[ WARN] [1774859042.104644892, 1087.827000000]: Parameter gdist_scale is deprecated. Please use the name goal_distance_bias instead.
[ WARN] [1774859082.884794995, 1128.164000000]: The origin for the sensor at (0.08, -0.60) is out of map bounds. So, the costmap cannot raytrace for it.
[ WARN] [1774859107.262986735, 1152.312000000]: [Multi Floor Nav] Initial pose perturbation applied: offset_x=0.25, offset_y=0.25, offset_theta=0.15
[ INFO] [1774859006.932904382]: [Multi Floor Nav] Module A sigma: L0=(0.000,0.000,0.000) L1=(0.000,0.000,0.000)
[ INFO] [1774859006.933613128]: [Multi Floor Nav] Module A delay: L0=6.0s  L1=6.0s  backoff: factor=1.30 max=2.00
[ INFO] [1774859041.877648297, 1087.601000000]: [Multi Floor Nav] Successfully loaded map for level: 0
[ INFO] [1774859041.979850102, 1087.702000000]: [Multi Floor Nav] Initializing Robot at x: 5.2, y: -0.2, yaw: 0.1 (level=0, sigma: x=0.000, y=0.000, yaw=0.000, retry=0)
[ INFO] [1774859041.979933632, 1087.702000000]: [Multi Floor Nav] Initializing Pose to x: 5.00, y: -0.50 at level: 0
[ INFO] [1774859042.991288718, 1088.704000000]: [Multi Floor Nav] Waiting for AMCL nomotion updates (1.0/6.0s, L0)...
[ INFO] [1774859044.003612428, 1089.705000000]: [Multi Floor Nav] Waiting for AMCL nomotion updates (2.0/6.0s, L0)...
[ INFO] [1774859045.010786835, 1090.706000000]: [Multi Floor Nav] Waiting for AMCL nomotion updates (3.0/6.0s, L0)...
[ INFO] [1774859046.226874831, 1091.906000000]: [Multi Floor Nav] Waiting for AMCL nomotion updates (4.2/6.0s, L0)...
[ INFO] [1774859047.441407470, 1093.105000000]: [Multi Floor Nav] Waiting for AMCL nomotion updates (5.4/6.0s, L0)...
[ INFO] [1774859048.049682711, 1093.706000000]: [Multi Floor Nav] Current Robot Pose, x: 5.25, y: -0.25, yaw: 0.19
[ INFO] [1774859048.049747803, 1093.706000000]: [Multi Floor Nav] Linear Error: 0.35, Angular Error: 0.19
[ INFO] [1774859048.049791802, 1093.706000000]: [Multi Floor Nav] Robot at correct pose
[ INFO] [1774859048.053435893, 1093.709000000]: [Multi Floor Nav] RELOC_PASS: linear_error=0.3541, angular_error=0.1861, linear_error_init=0.0007, angular_error_init=0.0361, tr_sigma=0.0829, C_t=0.9204
[ INFO] [1774859049.064896718, 1094.710000000]: [Multi Floor Nav] POST_PASS: dt=1.001s, linear_error=0.3541, angular_error=0.1873
[ INFO] [1774859049.064945467, 1094.710000000]: [Multi Floor Nav] Will send goal to x: 3, y: -0, at level: 0
[ INFO] [1774859049.064971588, 1094.710000000]: [Multi Floor Nav] Sending Robot to x: 3.0, y: -0.5, yaw: 3.1
[ INFO] [1774859049.266733464, 1094.909000000]: [Multi Floor Nav] POST_PASS: dt=1.200s, linear_error=0.3541, angular_error=0.1873
[ INFO] [1774859049.469362486, 1095.110000000]: [Multi Floor Nav] POST_PASS: dt=1.401s, linear_error=0.3541, angular_error=0.1873
[ INFO] [1774859049.672023355, 1095.309000000]: [Multi Floor Nav] POST_PASS: dt=1.600s, linear_error=0.3835, angular_error=0.2352
[ INFO] [1774859049.872676577, 1095.509000000]: [Multi Floor Nav] POST_PASS: dt=1.800s, linear_error=0.4047, angular_error=0.6623
[ INFO] [1774859050.074625418, 1095.709000000]: [Multi Floor Nav] POST_PASS: dt=2.000s, linear_error=0.4110, angular_error=1.0861
[ INFO] [1774859069.882531352, 1115.309000000]: [Multi Floor Nav] Requesting Lift to Level 0
[ INFO] [1774859070.084727339, 1115.509000000]: [Multi Floor Nav] Entering Lift at Level 0
[ INFO] [1774859087.471600983, 1132.710000000]: [Multi Floor Nav] Requesting Lift to Level 1
[ INFO] [1774859094.531099874, 1139.710000000]: [Multi Floor Nav] Exiting Lift at Level 1
[ INFO] [1774859107.151611221, 1152.202000000]: [Multi Floor Nav] Successfully loaded map for level: 1
[ INFO] [1774859107.263019212, 1152.312000000]: [Multi Floor Nav] Initializing Robot at x: 3.2, y: -0.2, yaw: 3.3 (level=1, sigma: x=0.000, y=0.000, yaw=0.000, retry=0)
[ INFO] [1774859107.263043936, 1152.312000000]: [Multi Floor Nav] Initializing Pose to x: 3.00, y: -0.50 at level: 1
[ INFO] [1774859108.277733073, 1153.315000000]: [Multi Floor Nav] Waiting for AMCL nomotion updates (1.0/6.0s, L1)...
[ INFO] [1774859109.489935269, 1154.516000000]: [Multi Floor Nav] Waiting for AMCL nomotion updates (2.2/6.0s, L1)...
[ INFO] [1774859110.699192227, 1155.714000000]: [Multi Floor Nav] Waiting for AMCL nomotion updates (3.4/6.0s, L1)...
[ INFO] [1774859111.710457141, 1156.716000000]: [Multi Floor Nav] Waiting for AMCL nomotion updates (4.4/6.0s, L1)...
[ INFO] [1774859112.919848869, 1157.915000000]: [Multi Floor Nav] Waiting for AMCL nomotion updates (5.6/6.0s, L1)...
[ INFO] [1774859113.323369802, 1158.[ WARN] [1774859198.419700272, 1241.569000000]: Clearing both costmaps outside a square (3.00m) large centered on the robot.
[ WARN] [1774859209.535906799, 1251.919000000]: Clearing both costmaps outside a square (3.00m) large centered on the robot.
[ WARN] [1774859214.981697211, 1256.969000000]: Rotate recovery behavior started.
[ERROR] [1774859214.981867487, 1256.969000000]: Rotate recovery can't rotate in place because there is a potential collision. Cost: -1.00
[ WARN] [1774859220.454689219, 1262.019000000]: Clearing both costmaps outside a square (1.84m) large centered on the robot.
[ WARN] [1774859225.926499179, 1267.069000000]: Rotate recovery behavior started.
[ERROR] [1774859225.926666521, 1267.069000000]: Rotate recovery can't rotate in place because there is a potential collision. Cost: -1.00
[ERROR] [1774859231.367253783, 1272.119000000]: Aborting because a valid plan could not be found. Even after executing all recovery behaviors
315000000]: [Multi Floor Nav] Current Robot Pose, x: 3.25, y: -0.25, yaw: -2.96
[ INFO] [1774859113.323430356, 1158.315000000]: [Multi Floor Nav] Linear Error: 0.35, Angular Error: 0.19
[ INFO] [1774859113.323451727, 1158.315000000]: [Multi Floor Nav] Robot at correct pose
[ INFO] [1774859113.327535205, 1158.319000000]: [Multi Floor Nav] RELOC_PASS: linear_error=0.3532, angular_error=0.1854, linear_error_init=0.0005, angular_error_init=0.0354, tr_sigma=0.0000, C_t=1.0000
[ INFO] [1774859114.339563400, 1159.319000000]: [Multi Floor Nav] POST_PASS: dt=1.000s, linear_error=0.3532, angular_error=0.1867
[ INFO] [1774859114.339609357, 1159.319000000]: [Multi Floor Nav] Will send goal to x: 4, y: 5, at level: 1
[ INFO] [1774859114.339634570, 1159.319000000]: [Multi Floor Nav] Sending Robot to x: 4.0, y: 5.0, yaw: 0.0
[ INFO] [1774859114.541732017, 1159.519000000]: [Multi Floor Nav] POST_PASS: dt=1.200s, linear_error=0.3532, angular_error=0.1867
[ INFO] [1774859114.745514344, 1159.719000000]: [Multi Floor Nav] POST_PASS: dt=1.400s, linear_error=0.3532, angular_error=0.1867
[ INFO] [1774859114.946996060, 1159.919000000]: [Multi Floor Nav] POST_PASS: dt=1.600s, linear_error=0.2768, angular_error=0.0281
[ INFO] [1774859115.148695820, 1160.119000000]: [Multi Floor Nav] POST_PASS: dt=1.800s, linear_error=0.2454, angular_error=0.1362
[ INFO] [1774859115.350142608, 1160.319000000]: [Multi Floor Nav] POST_PASS: dt=2.000s, linear_error=0.2830, angular_error=0.4058
[ INFO] [1774859009.963441205, 1056.144000000]: global_costmap: Using plugin "static_layer"
[ INFO] [1774859009.968601752, 1056.149000000]: Requesting the map...
[ INFO] [1774859041.926448465, 1087.650000000]: Resizing costmap to 992 X 992 at 0.020000 m/pix
[ INFO] [1774859042.027618579, 1087.750000000]: Received a 992 X 992 map at 0.020000 m/pix
[ INFO] [1774859042.029531104, 1087.752000000]: global_costmap: Using plugin "obstacles_layer"
[ INFO] [1774859042.035274752, 1087.758000000]:     Subscribed to Topics: scan
[ INFO] [1774859042.044975170, 1087.767000000]: global_costmap: Using plugin "inflater_layer"
[ INFO] [1774859042.068830459, 1087.791000000]: local_costmap: Using plugin "obstacles_layer"
[ INFO] [1774859042.072404918, 1087.795000000]:     Subscribed to Topics: scan
[ INFO] [1774859042.080283255, 1087.803000000]: local_costmap: Using plugin "inflater_layer"
[ INFO] [1774859042.096122202, 1087.819000000]: Created local_planner base_local_planner/TrajectoryPlannerROS
[ INFO] [1774859042.102211424, 1087.825000000]: Sim period is set to 0.05
[ INFO] [1774859042.158829935, 1087.881000000]: Recovery behavior will clear layer 'obstacles'
[ INFO] [1774859042.161882543, 1087.884000000]: Recovery behavior will clear layer 'obstacles'
[ INFO] [1774859042.256592860, 1087.977000000]: odom received!
[31m[urdf_spawner-8] process has died [pid 457962, exit code 1, cmd /opt/ros/noetic/lib/gazebo_ros/spawn_model -urdf -model jackal -param robot_description -x 5.0 -y -0.5 -z 0.5 __name:=urdf_spawner __log:=/home/eethanhe/.ros/log/b942f70e-2c11-11f1-8d1e-01badb8e21cf/urdf_spawner-8.log].
log file: /home/eethanhe/.ros/log/b942f70e-2c11-11f1-8d1e-01badb8e21cf/urdf_spawner-8*.log[0m

auto-starting new master
[1mprocess[master]: started with pid [457913][0m
[1mROS_MASTER_URI=http://localhost:11311[0m
]2;/home/eethanhe/catkin_ws/src/robot-multi-floor-navigation/multi_floor_nav/launch/nav.launch http://localhost:11311
[1msetting /run_id to b942f70e-2c11-11f1-8d1e-01badb8e21cf[0m
[1mprocess[rosout-1]: started with pid [457938][0m
started core service [/rosout]
[1mprocess[gazebo-2]: started with pid [457946][0m
[1mprocess[robot_state_publisher-3]: started with pid [457950][0m
[1mprocess[controller_spawner-4]: started with pid [457952][0m
[1mprocess[ekf_localization-5]: started with pid [457953][0m
[1mprocess[twist_mux-6]: started with pid [457954][0m
[1mprocess[twist_marker_server-7]: started with pid [457956][0m
[1mprocess[urdf_spawner-8]: started with pid [457962][0m
[1mprocess[map_server0-9]: started with pid [457968][0m
[1mprocess[map_server1-10]: started with pid [457975][0m
[1mprocess[amcl-11]: started with pid [457981][0m
[1mprocess[move_base-12]: started with pid [457983][0m
[1mprocess[rviz-13]: started with pid [457988][0m
[1mprocess[change_map_node-14]: started with pid [457996][0m
[1mprocess[multi_floor_navigation_node-15]: started with pid [458008][0m
[multi_floor_navigation_node-15] killing on exit
[change_map_node-14] killing on exit
[rviz-13] killing on exit
[move_base-12] killing on exit
[amcl-11] killing on exit
[map_server1-10] killing on exit
[map_server0-9] killing on exit
[twist_marker_server-7] killing on exit
[twist_mux-6] killing on exit
[ekf_localization-5] killing on exit
[controller_spawner-4] killing on exit
[robot_state_publisher-3] killing on exit
[gazebo-2] killing on exit
[rosout-1] killing on exit
[master] killing on exit
shutting down processing monitor...
... shutting down processing monitor complete
[1mdone[0m
