xacro: in-order processing became default in ROS Melodic. You can drop the option.
... logging to /home/eethanhe/.ros/log/fffcbcf0-2c18-11f1-8d1e-01badb8e21cf/roslaunch-eethanhe-Lenovo-Legion-R9000P2021H-518467.log
Checking log directory for disk usage. This may take a while.
Press Ctrl-C to interrupt
Done checking log file disk usage. Usage is <1GB.
]2;/home/eethanhe/catkin_ws/src/robot-multi-floor-navigation/multi_floor_nav/launch/nav.launch
[1mstarted roslaunch server http://eethanhe-Lenovo-Legion-R9000P2021H:44229/[0m

SUMMARY
========

PARAMETERS
 * /amcl/auto_update_noise: 0.0
 * /amcl/base_frame_id: base_link
 * /amcl/expected_laser_freq: 5.0
 * /amcl/first_map_only: False
 * /amcl/global_frame_id: map
 * /amcl/gui_publish_rate: 10.0
 * /amcl/initial_pose_a: 0.0
 * /amcl/initial_pose_x: 0.0
 * /amcl/initial_pose_y: 0.0
 * /amcl/kld_err: 0.05
 * /amcl/kld_z: 0.99
 * /amcl/laser_lambda_short: 0.1
 * /amcl/laser_likelihood_max_dist: 2.0
 * /amcl/laser_max_beams: 720
 * /amcl/laser_max_range: 30.0
 * /amcl/laser_min_range: 0.1
 * /amcl/laser_model_type: likelihood_field
 * /amcl/laser_sigma_hit: 0.2
 * /amcl/laser_z_hit: 0.5
 * /amcl/laser_z_max: 0.05
 * /amcl/laser_z_rand: 0.5
 * /amcl/laser_z_short: 0.05
 * /amcl/max_particles: 2000
 * /amcl/min_particles: 500
 * /amcl/odom_alpha1: 0.2
 * /amcl/odom_alpha2: 0.2
 * /amcl/odom_alpha3: 0.2
 * /amcl/odom_alpha4: 0.2
 * /amcl/odom_alpha5: 0.1
 * /amcl/odom_frame_id: odom
 * /amcl/odom_model_type: diff
 * /amcl/odom_update_interval: 0.1
 * /amcl/recovery_alpha_fast: 0.1
 * /amcl/recovery_alpha_slow: 0.001
 * /amcl/resample_interval: 1
 * /amcl/transform_tolerance: 1.0
 * /amcl/update_min_a: 0.3927
 * /amcl/update_min_d: 0.1
 * /amcl/use_map_topic: False
 * /ekf_localization/base_link_frame: base_link
 * /ekf_localization/frequency: 50
 * /ekf_localization/imu0: /imu/data
 * /ekf_localization/imu0_config: [False, False, Fa...
 * /ekf_localization/imu0_differential: False
 * /ekf_localization/odom0: /jackal_velocity_...
 * /ekf_localization/odom0_config: [False, False, Fa...
 * /ekf_localization/odom0_differential: False
 * /ekf_localization/odom_frame: odom
 * /ekf_localization/predict_to_current_time: True
 * /ekf_localization/world_frame: odom
 * /gazebo/enable_ros_network: True
 * /jackal_joint_publisher/publish_rate: 50
 * /jackal_joint_publisher/type: joint_state_contr...
 * /jackal_velocity_controller/angular/z/has_acceleration_limits: True
 * /jackal_velocity_controller/angular/z/has_velocity_limits: True
 * /jackal_velocity_controller/angular/z/max_acceleration: 25.0
 * /jackal_velocity_controller/angular/z/max_velocity: 4.0
 * /jackal_velocity_controller/cmd_vel_timeout: 0.25
 * /jackal_velocity_controller/enable_odom_tf: False
 * /jackal_velocity_controller/k_l: 0.1
 * /jackal_velocity_controller/k_r: 0.1
 * /jackal_velocity_controller/left_wheel: ['front_left_whee...
 * /jackal_velocity_controller/linear/x/has_acceleration_limits: True
 * /jackal_velocity_controller/linear/x/has_velocity_limits: True
 * /jackal_velocity_controller/linear/x/max_acceleration: 20.0
 * /jackal_velocity_controller/linear/x/max_velocity: 2.0
 * /jackal_velocity_controller/pose_covariance_diagonal: [0.001, 0.001, 10...
 * /jackal_velocity_controller/publish_cmd: True
 * /jackal_velocity_controller/publish_rate: 50
 * /jackal_velocity_controller/right_wheel: ['front_right_whe...
 * /jackal_velocity_controller/twist_covariance_diagonal: [0.001, 0.001, 0....
 * /jackal_velocity_controller/type: diff_drive_contro...
 * /jackal_velocity_controller/wheel_radius_multiplier: 1.0
 * /jackal_velocity_controller/wheel_separation_multiplier: 1.5
 * /move_base/NavfnROS/allow_unknown: True
 * /move_base/TrajectoryPlannerROS/acc_lim_theta: 20.0
 * /move_base/TrajectoryPlannerROS/acc_lim_x: 10.0
 * /move_base/TrajectoryPlannerROS/angular_sim_granularity: 0.02
 * /move_base/TrajectoryPlannerROS/controller_frequency: 20.0
 * /move_base/TrajectoryPlannerROS/dwa: True
 * /move_base/TrajectoryPlannerROS/escape_reset_dist: 0.1
 * /move_base/TrajectoryPlannerROS/escape_reset_theta: 0.1
 * /move_base/TrajectoryPlannerROS/escape_vel: -0.5
 * /move_base/TrajectoryPlannerROS/gdist_scale: 1.0
 * /move_base/TrajectoryPlannerROS/heading_lookahead: 0.325
 * /move_base/TrajectoryPlannerROS/heading_scoring: False
 * /move_base/TrajectoryPlannerROS/heading_scoring_timestep: 0.8
 * /move_base/TrajectoryPlannerROS/holonomic_robot: False
 * /move_base/TrajectoryPlannerROS/latch_xy_goal_tolerance: False
 * /move_base/TrajectoryPlannerROS/max_vel_theta: 1.57
 * /move_base/TrajectoryPlannerROS/max_vel_x: 0.5
 * /move_base/TrajectoryPlannerROS/meter_scoring: True
 * /move_base/TrajectoryPlannerROS/min_in_place_vel_theta: 0.314
 * /move_base/TrajectoryPlannerROS/min_vel_theta: -1.57
 * /move_base/TrajectoryPlannerROS/min_vel_x: 0.1
 * /move_base/TrajectoryPlannerROS/occdist_scale: 0.1
 * /move_base/TrajectoryPlannerROS/oscillation_reset_dist: 0.05
 * /move_base/TrajectoryPlannerROS/pdist_scale: 0.75
 * /move_base/TrajectoryPlannerROS/publish_cost_grid_pc: True
 * /move_base/TrajectoryPlannerROS/sim_granularity: 0.02
 * /move_base/TrajectoryPlannerROS/sim_time: 2.0
 * /move_base/TrajectoryPlannerROS/simple_attractor: False
 * /move_base/TrajectoryPlannerROS/vtheta_samples: 20
 * /move_base/TrajectoryPlannerROS/vx_samples: 6
 * /move_base/TrajectoryPlannerROS/xy_goal_tolerance: 0.25
 * /move_base/TrajectoryPlannerROS/yaw_goal_tolerance: 0.157
 * /move_base/base_global_planner: navfn/NavfnROS
 * /move_base/base_local_planner: base_local_planne...
 * /move_base/clearing_rotation_allowed: True
 * /move_base/controller_frequency: 20.0
 * /move_base/controller_patience: 15.0
 * /move_base/global_costmap/footprint: [[-0.21, -0.165],...
 * /move_base/global_costmap/footprint_padding: 0.1
 * /move_base/global_costmap/global_frame: map
 * /move_base/global_costmap/height: 40.0
 * /move_base/global_costmap/inflater_layer/inflation_radius: 0.3
 * /move_base/global_costmap/map_type: costmap
 * /move_base/global_costmap/meter_scoring: True
 * /move_base/global_costmap/obstacle_range: 2.5
 * /move_base/global_costmap/obstacles_layer/observation_sources: scan
 * /move_base/global_costmap/obstacles_layer/scan/clearing: True
 * /move_base/global_costmap/obstacles_layer/scan/data_type: LaserScan
 * /move_base/global_costmap/obstacles_layer/scan/marking: True
 * /move_base/global_costmap/obstacles_layer/scan/max_obstacle_height: 2.0
 * /move_base/global_costmap/obstacles_layer/scan/min_obstacle_height: -2.0
 * /move_base/global_costmap/obstacles_layer/scan/obstacle_range: 2.5
 * /move_base/global_costmap/obstacles_layer/scan/raytrace_range: 3.0
 * /move_base/global_costmap/obstacles_layer/scan/sensor_frame: front_laser
 * /move_base/global_costmap/obstacles_layer/scan/topic: front/scan
 * /move_base/global_costmap/origin_x: -20.0
 * /move_base/global_costmap/origin_y: -20.0
 * /move_base/global_costmap/origin_z: 0.0
 * /move_base/global_costmap/plugins: [{'name': 'static...
 * /move_base/global_costmap/publish_frequency: 5.0
 * /move_base/global_costmap/publish_voxel_map: False
 * /move_base/global_costmap/raytrace_range: 3.0
 * /move_base/global_costmap/resolution: 0.05
 * /move_base/global_costmap/robot_base_frame: base_link
 * /move_base/global_costmap/rolling_window: False
 * /move_base/global_costmap/static_map: True
 * /move_base/global_costmap/transform_tolerance: 0.5
 * /move_base/global_costmap/update_frequency: 20.0
 * /move_base/global_costmap/width: 40.0
 * /move_base/global_costmap/z_resolution: 1
 * /move_base/global_costmap/z_voxels: 2
 * /move_base/local_costmap/footprint: [[-0.21, -0.165],...
 * /move_base/local_costmap/footprint_padding: 0.1
 * /move_base/local_costmap/global_frame: map
 * /move_base/local_costmap/height: 10.0
 * /move_base/local_costmap/inflater_layer/inflation_radius: 0.3
 * /move_base/local_costmap/map_type: costmap
 * /move_base/local_costmap/meter_scoring: True
 * /move_base/local_costmap/obstacle_range: 2.5
 * /move_base/local_costmap/obstacles_layer/observation_sources: scan
 * /move_base/local_costmap/obstacles_layer/scan/clearing: True
 * /move_base/local_costmap/obstacles_layer/scan/data_type: LaserScan
 * /move_base/local_costmap/obstacles_layer/scan/marking: True
 * /move_base/local_costmap/obstacles_layer/scan/max_obstacle_height: 2.0
 * /move_base/local_costmap/obstacles_layer/scan/min_obstacle_height: -2.0
 * /move_base/local_costmap/obstacles_layer/scan/obstacle_range: 2.5
 * /move_base/local_costmap/obstacles_layer/scan/raytrace_range: 3.0
 * /move_base/local_costmap/obstacles_layer/scan/sensor_frame: front_laser
 * /move_base/local_costmap/obstacles_layer/scan/topic: front/scan
 * /move_base/local_costmap/origin_z: 0.0
 * /move_base/local_costmap/plugins: [{'name': 'obstac...
 * /move_base/local_costmap/publish_frequency: 5.0
 * /move_base/local_costmap/publish_voxel_map: False
 * /move_base/local_costmap/raytrace_range: 3.0
 * /move_base/local_costmap/resolution: 0.05
 * /move_base/local_costmap/robot_base_frame: base_link
 * /move_base/local_costmap/rolling_window: True
 * /move_base/local_costmap/static_map: False
 * /move_base/local_costmap/transform_tolerance: 0.5
 * /move_base/local_costmap/update_frequency: 20.0
 * /move_base/local_costmap/width: 10.0
 * /move_base/local_costmap/z_resolution: 1
 * /move_base/local_costmap/z_voxels: 2
 * /move_base/oscillation_distance: 0.5
 * /move_base/oscillation_timeout: 0.0
 * /move_base/planner_frequency: 20.0
 * /move_base/planner_patience: 5.0
 * /move_base/recovery_behavior_enabled: True
 * /move_base/shutdown_costmaps: False
 * /multi_floor_navigation_node/init_pose_offset_theta: 0.05
 * /multi_floor_navigation_node/init_pose_offset_x: 0.1
 * /multi_floor_navigation_node/init_pose_offset_y: 0.1
 * /multi_floor_navigation_node/region_init_sigma_x: 0
 * /multi_floor_navigation_node/region_init_sigma_y: 0
 * /multi_floor_navigation_node/region_init_sigma_yaw: 0
 * /robot_description: <?xml version="1....
 * /rosdistro: noetic
 * /rosversion: 1.17.0
 * /twist_marker_server/link_name: base_link
 * /twist_mux/locks: [{'name': 'e_stop...
 * /twist_mux/topics: [{'name': 'joy', ...
 * /use_gui: True
 * /use_sim_time: True

NODES
  /
    amcl (amcl/amcl)
    change_map_node (multi_floor_nav/change_map_node)
    controller_spawner (controller_manager/spawner)
    ekf_localization (robot_localization/ekf_localization_node)
    gazebo (gazebo_ros/gzserver)
    map_server0 (map_server/map_server)
    map_server1 (map_server/map_server)
    move_base (move_base/move_base)
    multi_floor_navigation_node (multi_floor_nav/multi_floor_navigation_node)
    robot_state_publisher (robot_state_publisher/robot_state_publisher)
    rviz (rviz/rviz)
    twist_marker_server (interactive_marker_twist_server/marker_server)
    twist_mux (twist_mux/twist_mux)
    urdf_spawner (gazebo_ros/spawn_model)
[ INFO] [1774862132.330726056]: Finished loading Gazebo ROS API Plugin.
[ INFO] [1774862132.331480969]: waitForService: Service [/gazebo/set_physics_properties] has not been advertised, waiting...
[1;33mWarning [Model.cc:216][0m Non-unique name[door] detected 2 times in XML children of model with name[elevator].
[1;33mWarning [Model.cc:309][0m Joint with name [door] in model with name [elevator] has a name collision, changing joint name to [door_joint].
[ INFO] [1774862133.191594426]: waitForService: Service [/gazebo/set_physics_properties] is now available.
[ INFO] [1774862133.208661854, 1054.799000000]: Physics dynamic reconfigure ready.
[1;33mWarning [parser_urdf.cc:1161][0m multiple inconsistent <gravity> exists due to fixed joint reduction overwriting previous value [true] with [false].
[1;33mWarning [parser_urdf.cc:1161][0m multiple inconsistent <gravity> exists due to fixed joint reduction overwriting previous value [false] with [true].
[ERROR] [1774862133.968731162, 1055.092000000]: No p gain specified for pid.  Namespace: /gazebo_ros_control/pid_gains/front_left_wheel
[ERROR] [1774862133.969198330, 1055.092000000]: No p gain specified for pid.  Namespace: /gazebo_ros_control/pid_gains/front_right_wheel
[ERROR] [1774862133.969652088, 1055.092000000]: No p gain specified for pid.  Namespace: /gazebo_ros_control/pid_gains/rear_left_wheel
[ERROR] [1774862133.970121839, 1055.092000000]: No p gain specified for pid.  Namespace: /gazebo_ros_control/pid_gains/rear_right_wheel
[ WARN] [1774862134.008591945, 1055.093000000]: Failed to meet update rate! Took 1055.0930000000000746
[ WARN] [1774862134.009448057, 1055.094000000]: Timed out waiting for transform from base_link to map to become available before running costmap, tf error: canTransform: target_frame map does not exist. canTransform: source_frame base_link does not exist.. canTransform returned after 1055.09 timeout was 0.1.
[ WARN] [1774862134.009888615, 1055.094000000]: Failed to meet update rate! Took 1055.0740000000000691
[ WARN] [1774862135.367907231, 1056.437000000]: global_costmap: Pre-Hydro parameter "static_map" unused since "plugins" is provided
[ WARN] [1774862135.368223682, 1056.437000000]: global_costmap: Pre-Hydro parameter "map_type" unused since "plugins" is provided
[ WARN] [1774862135.841412761, 1056.903000000]: Interactive marker 'robot_twist_marker' contains unnormalized quaternions. This warning will only be output once but may be true for others; enable DEBUG messages for ros.rviz.quaternions to see more details.
[ WARN] [1774862167.096880111, 1087.764000000]: [Multi Floor Nav] Initial pose perturbation applied: offset_x=0.10, offset_y=0.10, offset_theta=0.05
[ WARN] [1774862167.329128645, 1087.994000000]: local_costmap: Pre-Hydro parameter "static_map" unused since "plugins" is provided
[ WARN] [1774862167.329327622, 1087.994000000]: local_costmap: Pre-Hydro parameter "map_type" unused since "plugins" is provided
[ WARN] [1774862167.374660597, 1088.039000000]: Parameter pdist_scale is deprecated. Please use the name path_distance_bias instead.
[ WARN] [1774862167.375193276, 1088.040000000]: Parameter gdist_scale is deprecated. Please use the name goal_distance_bias instead.
[ WARN] [1774862228.860686945, 1148.773000000]: [Multi Floor Nav] Initial pose perturbation applied: offset_x=0.10, offset_y=0.10, offset_theta=0.05
[ INFO] [1774862132.038956249]: [Multi Floor Nav] Module A sigma: L0=(0.000,0.000,0.000) L1=(0.000,0.000,0.000)
[ INFO] [1774862132.039754603]: [Multi Floor Nav] Module A delay: L0=6.0s  L1=6.0s  backoff: factor=1.30 max=2.00
[ INFO] [1774862167.094385734, 1087.761000000]: [Multi Floor Nav] Successfully loaded map for level: 0
[ INFO] [1774862167.096932212, 1087.764000000]: [Multi Floor Nav] Initializing Robot at x: 5.1, y: -0.4, yaw: 0.1 (level=0, sigma: x=0.000, y=0.000, yaw=0.000, retry=0)
[ INFO] [1774862167.096959660, 1087.764000000]: [Multi Floor Nav] Initializing Pose to x: 5.00, y: -0.50 at level: 0
[ INFO] [1774862168.112191400, 1088.767000000]: [Multi Floor Nav] Waiting for AMCL nomotion updates (1.0/6.0s, L0)...
[ INFO] [1774862169.123546537, 1089.768000000]: [Multi Floor Nav] Waiting for AMCL nomotion updates (2.0/6.0s, L0)...
[ INFO] [1774862170.330776944, 1090.967000000]: [Multi Floor Nav] Waiting for AMCL nomotion updates (3.2/6.0s, L0)...
[ INFO] [1774862171.543058332, 1092.166000000]: [Multi Floor Nav] Waiting for AMCL nomotion updates (4.4/6.0s, L0)...
[ INFO] [1774862172.551200637, 1093.167000000]: [Multi Floor Nav] Waiting for AMCL nomotion updates (5.4/6.0s, L0)...
[ INFO] [1774862173.157304803, 1093.767000000]: [Multi Floor Nav] Current Robot Pose, x: 5.10, y: -0.40, yaw: 0.03
[ INFO] [1774862173.157351527, 1093.767000000]: [Multi Floor Nav] Linear Error: 0.14, Angular Error: 0.03
[ INFO] [1774862173.157372619, 1093.767000000]: [Multi Floor Nav] Robot at correct pose
[ INFO] [1774862173.161062396, 1093.770000000]: [Multi Floor Nav] RELOC_PASS: linear_error=0.1419, angular_error=0.0279, linear_error_init=0.0007, angular_error_init=0.0221, tr_sigma=0.0000, C_t=1.0000
[ INFO] [1774862174.170784787, 1094.770000000]: [Multi Floor Nav] POST_PASS: dt=1.000s, linear_error=0.1419, angular_error=0.0276
[ INFO] [1774862174.170836749, 1094.770000000]: [Multi Floor Nav] Will send goal to x: 3, y: -0, at level: 0
[ INFO] [1774862174.170862521, 1094.770000000]: [Multi Floor Nav] Sending Robot to x: 3.0, y: -0.5, yaw: 3.1
[ INFO] [1774862174.372696915, 1094.970000000]: [Multi Floor Nav] POST_PASS: dt=1.200s, linear_error=0.1419, angular_error=0.0276
[ INFO] [1774862174.575638920, 1095.170000000]: [Multi Floor Nav] POST_PASS: dt=1.400s, linear_error=0.1419, angular_error=0.0276
[ INFO] [1774862174.777245353, 1095.370000000]: [Multi Floor Nav] POST_PASS: dt=1.600s, linear_error=0.1590, angular_error=0.3862
[ INFO] [1774862174.980170527, 1095.570000000]: [Multi Floor Nav] POST_PASS: dt=1.800s, linear_error=0.1665, angular_error=0.7896
[ INFO] [1774862175.181846173, 1095.770000000]: [Multi Floor Nav] POST_PASS: dt=2.000s, linear_error=0.1719, angular_error=1.2050
[ INFO] [1774862191.422498507, 1111.770000000]: [Multi Floor Nav] Requesting Lift to Level 0
[ INFO] [1774862191.625439325, 1111.970000000]: [Multi Floor Nav] Entering Lift at Level 0
[ INFO] [1774862208.963075567, 1129.170000000]: [Multi Floor Nav] Requesting Lift to Level 1
[ INFO] [1774862216.040047081, 1136.170000000]: [Multi Floor Nav] Exiting Lift at Level 1
[ INFO] [1774862228.848063299, 1148.761000000]: [Multi Floor Nav] Successfully loaded map for level: 1
[ INFO] [1774862228.860747358, 1148.773000000]: [Multi Floor Nav] Initializing Robot at x: 3.1, y: -0.4, yaw: 3.2 (level=1, sigma: x=0.000, y=0.000, yaw=0.000, retry=0)
[ INFO] [1774862228.860818316, 1148.773000000]: [Multi Floor Nav] Initializing Pose to x: 3.00, y: -0.50 at level: 1
[ INFO] [1774862229.886724081, 1149.776000000]: [Multi Floor Nav] Waiting for AMCL nomotion updates (1.0/6.0s, L1)...
[ INFO] [1774862230.906677775, 1150.776000000]: [Multi Floor Nav] Waiting for AMCL nomotion updates (2.0/6.0s, L1)...
[ INFO] [1774862231.926587329, 1151.777000000]: [Multi Floor Nav] Waiting for AMCL nomotion updates (3.0/6.0s, L1)...
[ INFO] [1774862232.946501841, 1152.777000000]: [Multi Floor Nav] Waiting for AMCL nomotion updates (4.0/6.0s, L1)...
[ INFO] [1774862234.166017577, 1153.975000000]: [Multi Floor Nav] Waiting for AMCL nomotion updates (5.2/6.0s, L1)...
[ INFO] [1774862234.986300695, 1154.776000000]: [Multi Floor Nav] Current Robot Pose, x: 3.10, y: -0.40, yaw: -3.12
[ INFO] [1774862234.986354054, 1154.776000000]: [Multi Floor Nav] Linear Error: 0.14, Angular Error: 0.03
[ INFO] [1774862234.986374168, 1154.776000000]: [Multi Floor Nav] Robot at correct pose
[ INFO] [1774862234.990900502, 1154.781000000]: [Multi Floor Nav] RELOC_PASS: linear_error=0.1407, angular_error=0.0252, linear_error_init=0.0010, angular_error_init=0.0248, tr_sigma=0.0000, C_t=1.0000
[ INFO] [1774862236.011625451, 1155.781000000]: [Multi Floor Nav] POST_PASS: dt=1.000s, linear_error=0.1407, angular_error=0.0245
[ INFO] [1774862236.011647800, 1155.781000000]: [Multi Floor Nav] Will send goal to x: 4, y: 5, at level: 1
[ INFO] [1774862236.011659045, 1155.781000000]: [Multi Floor Nav] Sending Robot to x: 4.0, y: 5.0, yaw: 0.0
[ INFO] [1774862236.218137525, 1155.981000000]: [Multi Floor Nav] POST_PASS: dt=1.200s, linear_error=0.1407, angular_error=0.0245
[ INFO] [1774862236.422928713, 1156.181000000]: [Multi Floor Nav] POST_PASS: dt=1.400s, linear_error=0.1407, angular_error=0.0245
[ INFO] [1774862236.628688597, 1156.382000000]: [Multi Floor Nav] POST_PASS: dt=1.600s, linear_error=0.1165, angular_error=0.2269
[ INFO] [1774862236.834345885, 1156.581000000]: [Multi Floor Nav] POST_PASS: dt=1.800s, linear_error=0.2202, angular_error=0.5806
[ INFO] [1774862237.037259534, 1156.781000000]: [Multi Floor Nav] POST_PASS: dt=2.000s, linear_error=0.3298, angular_error=0.9126
[ INFO] [1774862254.250543494, 1173.582000000]: [Multi Floor Nav] Robot arrived at Goal
[ INFO] [1774862135.368688963, 1056.438000000]: global_costmap: Using plugin "static_layer"
[ INFO] [1774862135.372493769, 1056.442000000]: Requesting the map...
[ INFO] [1774862167.177850225, 1087.844000000]: Resizing costmap to 992 X 992 at 0.020000 m/pix
[ INFO] [1774862167.278831292, 1087.944000000]: Received a 992 X 992 map at 0.020000 m/pix
[ INFO] [1774862167.284228336, 1087.949000000]: global_costmap: Using plugin "obstacles_layer"
[ INFO] [1774862167.291522335, 1087.956000000]:     Subscribed to Topics: scan
[ INFO] [1774862167.301682684, 1087.966000000]: global_costmap: Using plugin "inflater_layer"
[ INFO] [1774862167.329724599, 1087.994000000]: local_costmap: Using plugin "obstacles_layer"
[ INFO] [1774862167.332670708, 1087.997000000]:     Subscribed to Topics: scan
[ INFO] [1774862167.343087933, 1088.007000000]: local_costmap: Using plugin "inflater_layer"
[ INFO] [1774862167.362999711, 1088.028000000]: Created local_planner base_local_planner/TrajectoryPlannerROS
[ INFO] [1774862167.372343408, 1088.037000000]: Sim period is set to 0.05
[ INFO] [1774862167.419315415, 1088.084000000]: Recovery behavior will clear layer 'obstacles'
[ INFO] [1774862167.425373156, 1088.089000000]: Recovery behavior will clear layer 'obstacles'
[ INFO] [1774862167.511643444, 1088.175000000]: odom received!

auto-starting new master
[1mprocess[master]: started with pid [518577][0m
[1mROS_MASTER_URI=http://localhost:11311[0m
]2;/home/eethanhe/catkin_ws/src/robot-multi-floor-navigation/multi_floor_nav/launch/nav.launch http://localhost:11311
[1msetting /run_id to fffcbcf0-2c18-11f1-8d1e-01badb8e21cf[0m
[1mprocess[rosout-1]: started with pid [518602][0m
started core service [/rosout]
[1mprocess[gazebo-2]: started with pid [518609][0m
[1mprocess[robot_state_publisher-3]: started with pid [518612][0m
[1mprocess[controller_spawner-4]: started with pid [518615][0m
[1mprocess[ekf_localization-5]: started with pid [518616][0m
[1mprocess[twist_mux-6]: started with pid [518617][0m
[1mprocess[twist_marker_server-7]: started with pid [518620][0m
[1mprocess[urdf_spawner-8]: started with pid [518628][0m
[1mprocess[map_server0-9]: started with pid [518634][0m
[1mprocess[map_server1-10]: started with pid [518642][0m
[1mprocess[amcl-11]: started with pid [518643][0m
[1mprocess[move_base-12]: started with pid [518645][0m
[1mprocess[rviz-13]: started with pid [518655][0m
[1mprocess[change_map_node-14]: started with pid [518656][0m
[1mprocess[multi_floor_navigation_node-15]: started with pid [518670][0m
[1m[urdf_spawner-8] process has finished cleanly
log file: /home/eethanhe/.ros/log/fffcbcf0-2c18-11f1-8d1e-01badb8e21cf/urdf_spawner-8*.log[0m
[multi_floor_navigation_node-15] killing on exit
[change_map_node-14] killing on exit
[rviz-13] killing on exit
[move_base-12] killing on exit
[amcl-11] killing on exit
[map_server1-10] killing on exit
[map_server0-9] killing on exit
[twist_marker_server-7] killing on exit
[twist_mux-6] killing on exit
[ekf_localization-5] killing on exit
[controller_spawner-4] killing on exit
[robot_state_publisher-3] killing on exit
[gazebo-2] killing on exit
[rosout-1] killing on exit
[master] killing on exit
shutting down processing monitor...
... shutting down processing monitor complete
[1mdone[0m
