xacro: in-order processing became default in ROS Melodic. You can drop the option.
... logging to /home/eethanhe/.ros/log/86e65318-2c0d-11f1-8d1e-01badb8e21cf/roslaunch-eethanhe-Lenovo-Legion-R9000P2021H-423022.log
Checking log directory for disk usage. This may take a while.
Press Ctrl-C to interrupt
Done checking log file disk usage. Usage is <1GB.
]2;/home/eethanhe/catkin_ws/src/robot-multi-floor-navigation/multi_floor_nav/launch/nav.launch
[1mstarted roslaunch server http://eethanhe-Lenovo-Legion-R9000P2021H:34701/[0m

SUMMARY
========

PARAMETERS
 * /amcl/auto_update_noise: 0.0
 * /amcl/base_frame_id: base_link
 * /amcl/expected_laser_freq: 5.0
 * /amcl/first_map_only: False
 * /amcl/global_frame_id: map
 * /amcl/gui_publish_rate: 10.0
 * /amcl/initial_pose_a: 0.0
 * /amcl/initial_pose_x: 0.0
 * /amcl/initial_pose_y: 0.0
 * /amcl/kld_err: 0.05
 * /amcl/kld_z: 0.99
 * /amcl/laser_lambda_short: 0.1
 * /amcl/laser_likelihood_max_dist: 2.0
 * /amcl/laser_max_beams: 720
 * /amcl/laser_max_range: 30.0
 * /amcl/laser_min_range: 0.1
 * /amcl/laser_model_type: likelihood_field
 * /amcl/laser_sigma_hit: 0.2
 * /amcl/laser_z_hit: 0.5
 * /amcl/laser_z_max: 0.05
 * /amcl/laser_z_rand: 0.5
 * /amcl/laser_z_short: 0.05
 * /amcl/max_particles: 2000
 * /amcl/min_particles: 500
 * /amcl/odom_alpha1: 0.2
 * /amcl/odom_alpha2: 0.2
 * /amcl/odom_alpha3: 0.2
 * /amcl/odom_alpha4: 0.2
 * /amcl/odom_alpha5: 0.1
 * /amcl/odom_frame_id: odom
 * /amcl/odom_model_type: diff
 * /amcl/odom_update_interval: 0.1
 * /amcl/recovery_alpha_fast: 0.1
 * /amcl/recovery_alpha_slow: 0.001
 * /amcl/resample_interval: 1
 * /amcl/transform_tolerance: 1.0
 * /amcl/update_min_a: 0.3927
 * /amcl/update_min_d: 0.1
 * /amcl/use_map_topic: False
 * /ekf_localization/base_link_frame: base_link
 * /ekf_localization/frequency: 50
 * /ekf_localization/imu0: /imu/data
 * /ekf_localization/imu0_config: [False, False, Fa...
 * /ekf_localization/imu0_differential: False
 * /ekf_localization/odom0: /jackal_velocity_...
 * /ekf_localization/odom0_config: [False, False, Fa...
 * /ekf_localization/odom0_differential: False
 * /ekf_localization/odom_frame: odom
 * /ekf_localization/predict_to_current_time: True
 * /ekf_localization/world_frame: odom
 * /gazebo/enable_ros_network: True
 * /jackal_joint_publisher/publish_rate: 50
 * /jackal_joint_publisher/type: joint_state_contr...
 * /jackal_velocity_controller/angular/z/has_acceleration_limits: True
 * /jackal_velocity_controller/angular/z/has_velocity_limits: True
 * /jackal_velocity_controller/angular/z/max_acceleration: 25.0
 * /jackal_velocity_controller/angular/z/max_velocity: 4.0
 * /jackal_velocity_controller/cmd_vel_timeout: 0.25
 * /jackal_velocity_controller/enable_odom_tf: False
 * /jackal_velocity_controller/k_l: 0.1
 * /jackal_velocity_controller/k_r: 0.1
 * /jackal_velocity_controller/left_wheel: ['front_left_whee...
 * /jackal_velocity_controller/linear/x/has_acceleration_limits: True
 * /jackal_velocity_controller/linear/x/has_velocity_limits: True
 * /jackal_velocity_controller/linear/x/max_acceleration: 20.0
 * /jackal_velocity_controller/linear/x/max_velocity: 2.0
 * /jackal_velocity_controller/pose_covariance_diagonal: [0.001, 0.001, 10...
 * /jackal_velocity_controller/publish_cmd: True
 * /jackal_velocity_controller/publish_rate: 50
 * /jackal_velocity_controller/right_wheel: ['front_right_whe...
 * /jackal_velocity_controller/twist_covariance_diagonal: [0.001, 0.001, 0....
 * /jackal_velocity_controller/type: diff_drive_contro...
 * /jackal_velocity_controller/wheel_radius_multiplier: 1.0
 * /jackal_velocity_controller/wheel_separation_multiplier: 1.5
 * /move_base/NavfnROS/allow_unknown: True
 * /move_base/TrajectoryPlannerROS/acc_lim_theta: 20.0
 * /move_base/TrajectoryPlannerROS/acc_lim_x: 10.0
 * /move_base/TrajectoryPlannerROS/angular_sim_granularity: 0.02
 * /move_base/TrajectoryPlannerROS/controller_frequency: 20.0
 * /move_base/TrajectoryPlannerROS/dwa: True
 * /move_base/TrajectoryPlannerROS/escape_reset_dist: 0.1
 * /move_base/TrajectoryPlannerROS/escape_reset_theta: 0.1
 * /move_base/TrajectoryPlannerROS/escape_vel: -0.5
 * /move_base/TrajectoryPlannerROS/gdist_scale: 1.0
 * /move_base/TrajectoryPlannerROS/heading_lookahead: 0.325
 * /move_base/TrajectoryPlannerROS/heading_scoring: False
 * /move_base/TrajectoryPlannerROS/heading_scoring_timestep: 0.8
 * /move_base/TrajectoryPlannerROS/holonomic_robot: False
 * /move_base/TrajectoryPlannerROS/latch_xy_goal_tolerance: False
 * /move_base/TrajectoryPlannerROS/max_vel_theta: 1.57
 * /move_base/TrajectoryPlannerROS/max_vel_x: 0.5
 * /move_base/TrajectoryPlannerROS/meter_scoring: True
 * /move_base/TrajectoryPlannerROS/min_in_place_vel_theta: 0.314
 * /move_base/TrajectoryPlannerROS/min_vel_theta: -1.57
 * /move_base/TrajectoryPlannerROS/min_vel_x: 0.1
 * /move_base/TrajectoryPlannerROS/occdist_scale: 0.1
 * /move_base/TrajectoryPlannerROS/oscillation_reset_dist: 0.05
 * /move_base/TrajectoryPlannerROS/pdist_scale: 0.75
 * /move_base/TrajectoryPlannerROS/publish_cost_grid_pc: True
 * /move_base/TrajectoryPlannerROS/sim_granularity: 0.02
 * /move_base/TrajectoryPlannerROS/sim_time: 2.0
 * /move_base/TrajectoryPlannerROS/simple_attractor: False
 * /move_base/TrajectoryPlannerROS/vtheta_samples: 20
 * /move_base/TrajectoryPlannerROS/vx_samples: 6
 * /move_base/TrajectoryPlannerROS/xy_goal_tolerance: 0.25
 * /move_base/TrajectoryPlannerROS/yaw_goal_tolerance: 0.157
 * /move_base/base_global_planner: navfn/NavfnROS
 * /move_base/base_local_planner: base_local_planne...
 * /move_base/clearing_rotation_allowed: True
 * /move_base/controller_frequency: 20.0
 * /move_base/controller_patience: 15.0
 * /move_base/global_costmap/footprint: [[-0.21, -0.165],...
 * /move_base/global_costmap/footprint_padding: 0.1
 * /move_base/global_costmap/global_frame: map
 * /move_base/global_costmap/height: 40.0
 * /move_base/global_costmap/inflater_layer/inflation_radius: 0.3
 * /move_base/global_costmap/map_type: costmap
 * /move_base/global_costmap/meter_scoring: True
 * /move_base/global_costmap/obstacle_range: 2.5
 * /move_base/global_costmap/obstacles_layer/observation_sources: scan
 * /move_base/global_costmap/obstacles_layer/scan/clearing: True
 * /move_base/global_costmap/obstacles_layer/scan/data_type: LaserScan
 * /move_base/global_costmap/obstacles_layer/scan/marking: True
 * /move_base/global_costmap/obstacles_layer/scan/max_obstacle_height: 2.0
 * /move_base/global_costmap/obstacles_layer/scan/min_obstacle_height: -2.0
 * /move_base/global_costmap/obstacles_layer/scan/obstacle_range: 2.5
 * /move_base/global_costmap/obstacles_layer/scan/raytrace_range: 3.0
 * /move_base/global_costmap/obstacles_layer/scan/sensor_frame: front_laser
 * /move_base/global_costmap/obstacles_layer/scan/topic: front/scan
 * /move_base/global_costmap/origin_x: -20.0
 * /move_base/global_costmap/origin_y: -20.0
 * /move_base/global_costmap/origin_z: 0.0
 * /move_base/global_costmap/plugins: [{'name': 'static...
 * /move_base/global_costmap/publish_frequency: 5.0
 * /move_base/global_costmap/publish_voxel_map: False
 * /move_base/global_costmap/raytrace_range: 3.0
 * /move_base/global_costmap/resolution: 0.05
 * /move_base/global_costmap/robot_base_frame: base_link
 * /move_base/global_costmap/rolling_window: False
 * /move_base/global_costmap/static_map: True
 * /move_base/global_costmap/transform_tolerance: 0.5
 * /move_base/global_costmap/update_frequency: 20.0
 * /move_base/global_costmap/width: 40.0
 * /move_base/global_costmap/z_resolution: 1
 * /move_base/global_costmap/z_voxels: 2
 * /move_base/local_costmap/footprint: [[-0.21, -0.165],...
 * /move_base/local_costmap/footprint_padding: 0.1
 * /move_base/local_costmap/global_frame: map
 * /move_base/local_costmap/height: 10.0
 * /move_base/local_costmap/inflater_layer/inflation_radius: 0.3
 * /move_base/local_costmap/map_type: costmap
 * /move_base/local_costmap/meter_scoring: True
 * /move_base/local_costmap/obstacle_range: 2.5
 * /move_base/local_costmap/obstacles_layer/observation_sources: scan
 * /move_base/local_costmap/obstacles_layer/scan/clearing: True
 * /move_base/local_costmap/obstacles_layer/scan/data_type: LaserScan
 * /move_base/local_costmap/obstacles_layer/scan/marking: True
 * /move_base/local_costmap/obstacles_layer/scan/max_obstacle_height: 2.0
 * /move_base/local_costmap/obstacles_layer/scan/min_obstacle_height: -2.0
 * /move_base/local_costmap/obstacles_layer/scan/obstacle_range: 2.5
 * /move_base/local_costmap/obstacles_layer/scan/raytrace_range: 3.0
 * /move_base/local_costmap/obstacles_layer/scan/sensor_frame: front_laser
 * /move_base/local_costmap/obstacles_layer/scan/topic: front/scan
 * /move_base/local_costmap/origin_z: 0.0
 * /move_base/local_costmap/plugins: [{'name': 'obstac...
 * /move_base/local_costmap/publish_frequency: 5.0
 * /move_base/local_costmap/publish_voxel_map: False
 * /move_base/local_costmap/raytrace_range: 3.0
 * /move_base/local_costmap/resolution: 0.05
 * /move_base/local_costmap/robot_base_frame: base_link
 * /move_base/local_costmap/rolling_window: True
 * /move_base/local_costmap/static_map: False
 * /move_base/local_costmap/transform_tolerance: 0.5
 * /move_base/local_costmap/update_frequency: 20.0
 * /move_base/local_costmap/width: 10.0
 * /move_base/local_costmap/z_resolution: 1
 * /move_base/local_costmap/z_voxels: 2
 * /move_base/oscillation_distance: 0.5
 * /move_base/oscillation_timeout: 0.0
 * /move_base/planner_frequency: 20.0
 * /move_base/planner_patience: 5.0
 * /move_base/recovery_behavior_enabled: True
 * /move_base/shutdown_costmaps: False
 * /multi_floor_navigation_node/init_pose_offset_theta: 0.2
 * /multi_floor_navigation_node/init_pose_offset_x: 0.4
 * /multi_floor_navigation_node/init_pose_offset_y: 0.4
 * /multi_floor_navigation_node/region_init_sigma_x: 0
 * /multi_floor_navigation_node/region_init_sigma_y: 0
 * /multi_floor_navigation_node/region_init_sigma_yaw: 0
 * /robot_description: <?xml version="1....
 * /rosdistro: noetic
 * /rosversion: 1.17.0
 * /twist_marker_server/link_name: base_link
 * /twist_mux/locks: [{'name': 'e_stop...
 * /twist_mux/topics: [{'name': 'joy', ...
 * /use_gui: True
 * /use_sim_time: True

NODES
  /
    amcl (amcl/amcl)
    change_map_node (multi_floor_nav/change_map_node)
    controller_spawner (controller_manager/spawner)
    ekf_localization (robot_localization/ekf_localization_node)
    gazebo (gazebo_ros/gzserver)
    map_server0 (map_server/map_server)
    map_server1 (map_server/map_server)
    move_base (move_base/move_base)
    multi_floor_navigation_node (multi_floor_nav/multi_floor_navigation_node)
    robot_state_publisher (robot_state_publisher/robot_state_publisher)
    rviz (rviz/rviz)
    twist_marker_server (interactive_marker_twist_server/marker_server)
    twist_mux (twist_mux/twist_mux)
    urdf_spawner (gazebo_ros/spawn_model)
[ INFO] [1774857204.826726811]: Finished loading Gazebo ROS API Plugin.
[ INFO] [1774857204.831630901]: waitForService: Service [/gazebo/set_physics_properties] has not been advertised, waiting...
[1;33mWarning [Model.cc:216][0m Non-unique name[door] detected 2 times in XML children of model with name[elevator].
[1;33mWarning [Model.cc:309][0m Joint with name [door] in model with name [elevator] has a name collision, changing joint name to [door_joint].
[ INFO] [1774857205.837148123]: waitForService: Service [/gazebo/set_physics_properties] is now available.
[ INFO] [1774857205.852934480]: Physics dynamic reconfigure ready.
[1;33mWarning [parser_urdf.cc:1161][0m multiple inconsistent <gravity> exists due to fixed joint reduction overwriting previous value [true] with [false].
[1;33mWarning [parser_urdf.cc:1161][0m multiple inconsistent <gravity> exists due to fixed joint reduction overwriting previous value [false] with [true].
[ERROR] [1774857206.630969852, 1055.089000000]: No p gain specified for pid.  Namespace: /gazebo_ros_control/pid_gains/front_left_wheel
[ERROR] [1774857206.631437367, 1055.089000000]: No p gain specified for pid.  Namespace: /gazebo_ros_control/pid_gains/front_right_wheel
[ERROR] [1774857206.631853689, 1055.089000000]: No p gain specified for pid.  Namespace: /gazebo_ros_control/pid_gains/rear_left_wheel
[ERROR] [1774857206.632255414, 1055.089000000]: No p gain specified for pid.  Namespace: /gazebo_ros_control/pid_gains/rear_right_wheel
[ WARN] [1774857206.678476146, 1055.090000000]: Failed to meet update rate! Took 1055.0899999999999181
[ WARN] [1774857206.679248098, 1055.091000000]: Failed to meet update rate! Took 1055.0709999999999127
[ WARN] [1774857207.033389350]: Interactive marker 'robot_twist_marker' contains unnormalized quaternions. This warning will only be output once but may be true for others; enable DEBUG messages for ros.rviz.quaternions to see more details.
[ WARN] [1774857207.086760677, 1055.493000000]: Timed out waiting for transform from base_link to map to become available before running costmap, tf error: canTransform: target_frame map does not exist.. canTransform returned after 1055.49 timeout was 0.1.
[ WARN] [1774857208.030514764, 1056.435000000]: global_costmap: Pre-Hydro parameter "static_map" unused since "plugins" is provided
[ WARN] [1774857208.030735182, 1056.435000000]: global_costmap: Pre-Hydro parameter "map_type" unused since "plugins" is provided
[ WARN] [1774857239.442480312, 1087.496000000]: [Multi Floor Nav] Initial pose perturbation applied: offset_x=0.40, offset_y=0.40, offset_theta=0.20
[ WARN] [1774857239.527094284, 1087.580000000]: local_costmap: Pre-Hydro parameter "static_map" unused since "plugins" is provided
[ WARN] [1774857239.527317426, 1087.580000000]: local_costmap: Pre-Hydro parameter "map_type" unused since "plugins" is provided
[ WARN] [1774857239.572238558, 1087.625000000]: Parameter pdist_scale is deprecated. Please use the name path_distance_bias instead.
[ WARN] [1774857239.572701394, 1087.625000000]: Parameter gdist_scale is deprecated. Please use the name goal_distance_bias instead.
[ WARN] [1774857245.719592861, 1093.700000000]: [Multi Floor Nav] Initial pose perturbation applied: offset_x=0.40, offset_y=0.40, offset_theta=0.20
[ WARN] [1774857252.010341852, 1099.903000000]: [Multi Floor Nav] Initial pose perturbation applied: offset_x=0.40, offset_y=0.40, offset_theta=0.20
[ WARN] [1774857258.312786546, 1106.106000000]: [Multi Floor Nav] Initial pose perturbation applied: offset_x=0.40, offset_y=0.40, offset_theta=0.20
[ INFO] [1774857204.496586536]: [Multi Floor Nav] Module A sigma: L0=(0.000,0.000,0.000) L1=(0.000,0.000,0.000)
[ INFO] [1774857204.497197225]: [Multi Floor Nav] Module A delay: L0=6.0s  L1=6.0s  backoff: factor=1.30 max=2.00
[ INFO] [1774857239.308697832, 1087.363000000]: [Multi Floor Nav] Successfully loaded map for level: 0
[ INFO] [1774857239.442536185, 1087.496000000]: [Multi Floor Nav] Initializing Robot at x: 5.4, y: -0.1, yaw: 0.2 (level=0, sigma: x=0.000, y=0.000, yaw=0.000, retry=0)
[ INFO] [1774857239.442566776, 1087.496000000]: [Multi Floor Nav] Initializing Pose to x: 5.00, y: -0.50 at level: 0
[ INFO] [1774857240.456552001, 1088.499000000]: [Multi Floor Nav] Waiting for AMCL nomotion updates (1.0/6.0s, L0)...
[ INFO] [1774857241.468679458, 1089.499000000]: [Multi Floor Nav] Waiting for AMCL nomotion updates (2.0/6.0s, L0)...
[ INFO] [1774857242.474077741, 1090.499000000]: [Multi Floor Nav] Waiting for AMCL nomotion updates (3.0/6.0s, L0)...
[ INFO] [1774857243.488837852, 1091.499000000]: [Multi Floor Nav] Waiting for AMCL nomotion updates (4.0/6.0s, L0)...
[ INFO] [1774857244.502278178, 1092.500000000]: [Multi Floor Nav] Waiting for AMCL nomotion updates (5.0/6.0s, L0)...
[ INFO] [1774857245.517160511, 1093.500000000]: [Multi Floor Nav] Current Robot Pose, x: 5.40, y: -0.10, yaw: 0.15
[ INFO] [1774857245.517206117, 1093.500000000]: [Multi Floor Nav] Linear Error: 0.57, Angular Error: 0.15
[ INFO] [1774857245.517228955, 1093.500000000]: [Multi Floor Nav] Setting initial pose failed. Will Retry (retry #1)
[ INFO] [1774857245.719667102, 1093.701000000]: [Multi Floor Nav] Initializing Robot at x: 5.4, y: -0.1, yaw: 0.2 (level=0, sigma: x=0.000, y=0.000, yaw=0.000, retry=1)
[ INFO] [1774857245.719775495, 1093.701000000]: [Multi Floor Nav] Initializing Pose to x: 5.00, y: -0.50 at level: 0
[ INFO] [1774857246.736978223, 1094.704000000]: [Multi Floor Nav] Waiting for AMCL nomotion updates (1.0/6.0s, L0)...
[ INFO] [1774857247.956372349, 1095.904000000]: [Multi Floor Nav] Waiting for AMCL nomotion updates (2.2/6.0s, L0)...
[ INFO] [1774857248.970014027, 1096.904000000]: [Multi Floor Nav] Waiting for AMCL nomotion updates (3.2/6.0s, L0)...
[ INFO] [1774857250.185930284, 1098.104000000]: [Multi Floor Nav] Waiting for AMCL nomotion updates (4.4/6.0s, L0)...
[ INFO] [1774857251.401957030, 1099.303000000]: [Multi Floor Nav] Waiting for AMCL nomotion updates (5.6/6.0s, L0)...
[ INFO] [1774857251.807488152, 1099.703000000]: [Multi Floor Nav] Current Robot Pose, x: 5.40, y: -0.10, yaw: 0.16
[ INFO] [1774857251.807509104, 1099.703000000]: [Multi Floor Nav] Linear Error: 0.57, Angular Error: 0.16
[ INFO] [1774857251.807516647, 1099.703000000]: [Multi Floor Nav] Setting initial pose failed. Will Retry (retry #2)
[ INFO] [1774857252.010379566, 1099.903000000]: [Multi Floor Nav] Initializing Robot at x: 5.4, y: -0.1, yaw: 0.2 (level=0, sigma: x=0.000, y=0.000, yaw=0.000, retry=2)
[ INFO] [1774857252.010406804, 1099.903000000]: [Multi Floor Nav] Initializing Pose to x: 5.00, y: -0.50 at level: 0
[ INFO] [1774857253.031061280, 1100.906000000]: [Multi Floor Nav] Waiting for AMCL nomotion updates (1.0/6.0s, L0)...
[ INFO] [1774857254.047607992, 1101.908000000]: [Multi Floor Nav] Waiting for AMCL nomotion updates (2.0/6.0s, L0)...
[ INFO] [1774857255.262715282, 1103.107000000]: [Multi Floor Nav] Waiting for AMCL nomotion updates (3.2/6.0s, L0)...
[ INFO] [1774857256.480387620, 1104.306000000]: [Multi Floor Nav] Waiting for AMCL nomotion updates (4.4/6.0s, L0)...
[ INFO] [1774857257.498214516, 1105.307000000]: [Multi Floor Nav] Waiting for AMCL nomotion updates (5.4/6.0s, L0)...
[ INFO] [1774857258.109954566, 1105.907000000]: [Multi Floor Nav] Current Robot Pose, x: 5.40, y: -0.10, yaw: 0.16
[ INFO] [1774857258.109974541, 1105.907000000]: [Multi Floor Nav] Linear Error: 0.57, Angular Error: 0.16
[ INFO] [1774857258.109985366, 1105.907000000]: [Multi Floor Nav] Setting initial pose failed. Will Retry (retry #3)
[ INFO] [1774857258.312815181, 1106.106000000]: [Multi Floor Nav] Initializing Robot at x: 5.4, y: -0.1, yaw: 0.2 (level=0, s[ WARN] [1774857264.609699698, 1112.308000000]: [Multi Floor Nav] Initial pose perturbation applied: offset_x=0.40, offset_y=0.40, offset_theta=0.20
[ WARN] [1774857270.868775615, 1118.512000000]: [Multi Floor Nav] Initial pose perturbation applied: offset_x=0.40, offset_y=0.40, offset_theta=0.20
[ WARN] [1774857277.129199741, 1124.713000000]: [Multi Floor Nav] Initial pose perturbation applied: offset_x=0.40, offset_y=0.40, offset_theta=0.20
igma: x=0.000, y=0.000, yaw=0.000, retry=3)
[ INFO] [1774857258.312834666, 1106.106000000]: [Multi Floor Nav] Initializing Pose to x: 5.00, y: -0.50 at level: 0
[ INFO] [1774857259.338153400, 1107.108000000]: [Multi Floor Nav] Waiting for AMCL nomotion updates (1.0/6.0s, L0)...
[ INFO] [1774857260.356411564, 1108.110000000]: [Multi Floor Nav] Waiting for AMCL nomotion updates (2.0/6.0s, L0)...
[ INFO] [1774857261.577822347, 1109.309000000]: [Multi Floor Nav] Waiting for AMCL nomotion updates (3.2/6.0s, L0)...
[ INFO] [1774857262.591705815, 1110.309000000]: [Multi Floor Nav] Waiting for AMCL nomotion updates (4.2/6.0s, L0)...
[ INFO] [1774857263.805204528, 1111.511000000]: [Multi Floor Nav] Waiting for AMCL nomotion updates (5.4/6.0s, L0)...
[ INFO] [1774857264.408964553, 1112.109000000]: [Multi Floor Nav] Current Robot Pose, x: 5.40, y: -0.10, yaw: 0.16
[ INFO] [1774857264.409010718, 1112.109000000]: [Multi Floor Nav] Linear Error: 0.57, Angular Error: 0.16
[ INFO] [1774857264.409040749, 1112.109000000]: [Multi Floor Nav] Setting initial pose failed. Will Retry (retry #4)
[ INFO] [1774857264.609728333, 1112.308000000]: [Multi Floor Nav] Initializing Robot at x: 5.4, y: -0.1, yaw: 0.2 (level=0, sigma: x=0.000, y=0.000, yaw=0.000, retry=4)
[ INFO] [1774857264.609760320, 1112.308000000]: [Multi Floor Nav] Initializing Pose to x: 5.00, y: -0.50 at level: 0
[ INFO] [1774857265.621382617, 1113.310000000]: [Multi Floor Nav] Waiting for AMCL nomotion updates (1.0/6.0s, L0)...
[ INFO] [1774857266.632331299, 1114.312000000]: [Multi Floor Nav] Waiting for AMCL nomotion updates (2.0/6.0s, L0)...
[ INFO] [1774857267.639771102, 1115.312000000]: [Multi Floor Nav] Waiting for AMCL nomotion updates (3.0/6.0s, L0)...
[ INFO] [1774857268.648136018, 1116.312000000]: [Multi Floor Nav] Waiting for AMCL nomotion updates (4.0/6.0s, L0)...
[ INFO] [1774857269.857124822, 1117.511000000]: [Multi Floor Nav] Waiting for AMCL nomotion updates (5.2/6.0s, L0)...
[ INFO] [1774857270.667081553, 1118.311000000]: [Multi Floor Nav] Current Robot Pose, x: 5.40, y: -0.10, yaw: 0.16
[ INFO] [1774857270.667126461, 1118.311000000]: [Multi Floor Nav] Linear Error: 0.57, Angular Error: 0.16
[ INFO] [1774857270.667149299, 1118.311000000]: [Multi Floor Nav] Setting initial pose failed. Will Retry (retry #5)
[ INFO] [1774857270.868870040, 1118.512000000]: [Multi Floor Nav] Initializing Robot at x: 5.4, y: -0.1, yaw: 0.2 (level=0, sigma: x=0.000, y=0.000, yaw=0.000, retry=5)
[ INFO] [1774857270.868949309, 1118.512000000]: [Multi Floor Nav] Initializing Pose to x: 5.00, y: -0.50 at level: 0
[ INFO] [1774857271.883868029, 1119.515000000]: [Multi Floor Nav] Waiting for AMCL nomotion updates (1.0/6.0s, L0)...
[ INFO] [1774857272.891143007, 1120.515000000]: [Multi Floor Nav] Waiting for AMCL nomotion updates (2.0/6.0s, L0)...
[ INFO] [1774857273.901608529, 1121.516000000]: [Multi Floor Nav] Waiting for AMCL nomotion updates (3.0/6.0s, L0)...
[ INFO] [1774857275.113639325, 1122.715000000]: [Multi Floor Nav] Waiting for AMCL nomotion updates (4.2/6.0s, L0)...
[ INFO] [1774857276.324212681, 1123.915000000]: [Multi Floor Nav] Waiting for AMCL nomotion updates (5.4/6.0s, L0)...
[ INFO] [1774857276.931551216, 1124.517000000]: [Multi Floor Nav] Current Robot Pose, x: 5.40, y: -0.10, yaw: 0.16
[ INFO] [1774857276.931571749, 1124.517000000]: [Multi Floor Nav] Linear Error: 0.57, Angular Error: 0.16
[ INFO] [1774857276.931580758, 1124.517000000]: [Multi Floor Nav] Setting initial pose failed. Will Retry (retry #6)
[ INFO] [1774857277.129231518, 1124.713000000]: [Multi Floor Nav] Initializing Robot at x: 5.4, y: -0.1, yaw: 0.2 (level=0, sigma: x=0.000, y=0.000, yaw=0.000, retry=6)
[ INFO] [1774857277.129261271, 1124.713000000]: [Multi Floor Nav] Initializing Pose to x: 5.00, y: -0.50 at level: 0
[ INFO] [1774857278.144694927, 1125.716000000]: [Multi Floor Nav] Waiting for AMCL nomotion updates (1.0/6.0s, L0)...
[ INFO] [1774857279.154280174, 1126.717000000]: [Multi Floor Nav] Waiting for AMCL nomotion updates (2.0/6.0s, L0)...
[ INFO] [1774857280.362909158, 1127.915000000]: [Multi Fl[ WARN] [1774857283.401000397, 1130.915000000]: [Multi Floor Nav] Initial pose perturbation applied: offset_x=0.40, offset_y=0.40, offset_theta=0.20
[ WARN] [1774857289.684300712, 1137.116000000]: [Multi Floor Nav] Initial pose perturbation applied: offset_x=0.40, offset_y=0.40, offset_theta=0.20
[ WARN] [1774857295.984142504, 1143.319000000]: [Multi Floor Nav] Initial pose perturbation applied: offset_x=0.40, offset_y=0.40, offset_theta=0.20
oor Nav] Waiting for AMCL nomotion updates (3.2/6.0s, L0)...
[ INFO] [1774857281.373950100, 1128.915000000]: [Multi Floor Nav] Waiting for AMCL nomotion updates (4.2/6.0s, L0)...
[ INFO] [1774857282.388649589, 1129.916000000]: [Multi Floor Nav] Waiting for AMCL nomotion updates (5.2/6.0s, L0)...
[ INFO] [1774857283.200557955, 1130.716000000]: [Multi Floor Nav] Current Robot Pose, x: 5.40, y: -0.10, yaw: 0.16
[ INFO] [1774857283.200588964, 1130.716000000]: [Multi Floor Nav] Linear Error: 0.57, Angular Error: 0.16
[ INFO] [1774857283.200602793, 1130.716000000]: [Multi Floor Nav] Setting initial pose failed. Will Retry (retry #7)
[ INFO] [1774857283.401028892, 1130.915000000]: [Multi Floor Nav] Initializing Robot at x: 5.4, y: -0.1, yaw: 0.2 (level=0, sigma: x=0.000, y=0.000, yaw=0.000, retry=7)
[ INFO] [1774857283.401047050, 1130.915000000]: [Multi Floor Nav] Initializing Pose to x: 5.00, y: -0.50 at level: 0
[ INFO] [1774857284.417020787, 1131.917000000]: [Multi Floor Nav] Waiting for AMCL nomotion updates (1.0/6.0s, L0)...
[ INFO] [1774857285.431508100, 1132.919000000]: [Multi Floor Nav] Waiting for AMCL nomotion updates (2.0/6.0s, L0)...
[ INFO] [1774857286.646901737, 1134.119000000]: [Multi Floor Nav] Waiting for AMCL nomotion updates (3.2/6.0s, L0)...
[ INFO] [1774857287.861284636, 1135.317000000]: [Multi Floor Nav] Waiting for AMCL nomotion updates (4.4/6.0s, L0)...
[ INFO] [1774857288.877395611, 1136.317000000]: [Multi Floor Nav] Waiting for AMCL nomotion updates (5.4/6.0s, L0)...
[ INFO] [1774857289.485653532, 1136.918000000]: [Multi Floor Nav] Current Robot Pose, x: 5.40, y: -0.10, yaw: 0.15
[ INFO] [1774857289.485712198, 1136.918000000]: [Multi Floor Nav] Linear Error: 0.57, Angular Error: 0.15
[ INFO] [1774857289.485735525, 1136.918000000]: [Multi Floor Nav] Setting initial pose failed. Will Retry (retry #8)
[ INFO] [1774857289.684330325, 1137.116000000]: [Multi Floor Nav] Initializing Robot at x: 5.4, y: -0.1, yaw: 0.2 (level=0, sigma: x=0.000, y=0.000, yaw=0.000, retry=8)
[ INFO] [1774857289.684355607, 1137.116000000]: [Multi Floor Nav] Initializing Pose to x: 5.00, y: -0.50 at level: 0
[ INFO] [1774857290.703695677, 1138.119000000]: [Multi Floor Nav] Waiting for AMCL nomotion updates (1.0/6.0s, L0)...
[ INFO] [1774857291.721386244, 1139.120000000]: [Multi Floor Nav] Waiting for AMCL nomotion updates (2.0/6.0s, L0)...
[ INFO] [1774857292.735055439, 1140.121000000]: [Multi Floor Nav] Waiting for AMCL nomotion updates (3.0/6.0s, L0)...
[ INFO] [1774857293.747632323, 1141.121000000]: [Multi Floor Nav] Waiting for AMCL nomotion updates (4.0/6.0s, L0)...
[ INFO] [1774857294.966459690, 1142.320000000]: [Multi Floor Nav] Waiting for AMCL nomotion updates (5.2/6.0s, L0)...
[ INFO] [1774857295.781359483, 1143.120000000]: [Multi Floor Nav] Current Robot Pose, x: 5.40, y: -0.10, yaw: 0.15
[ INFO] [1774857295.781380575, 1143.120000000]: [Multi Floor Nav] Linear Error: 0.57, Angular Error: 0.15
[ INFO] [1774857295.781389515, 1143.120000000]: [Multi Floor Nav] Setting initial pose failed. Will Retry (retry #9)
[ INFO] [1774857295.984171069, 1143.319000000]: [Multi Floor Nav] Initializing Robot at x: 5.4, y: -0.1, yaw: 0.2 (level=0, sigma: x=0.000, y=0.000, yaw=0.000, retry=9)
[ INFO] [1774857295.984195374, 1143.319000000]: [Multi Floor Nav] Initializing Pose to x: 5.00, y: -0.50 at level: 0
[ INFO] [1774857297.005643104, 1144.322000000]: [Multi Floor Nav] Waiting for AMCL nomotion updates (1.0/6.0s, L0)...
[ INFO] [1774857298.021540644, 1145.322000000]: [Multi Floor Nav] Waiting for AMCL nomotion updates (2.0/6.0s, L0)...
[ INFO] [1774857299.032803819, 1146.323000000]: [Multi Floor Nav] Waiting for AMCL nomotion updates (3.0/6.0s, L0)...
[ INFO] [1774857300.240774343, 1147.521000000]: [Multi Floor Nav] Waiting for AMCL nomotion updates (4.2/6.0s, L0)...
[ INFO] [1774857301.251177846, 1148.521000000]: [Multi Floor Nav] Waiting for AMCL nomotion updates (5.2/6.0s, L0)...
[ INFO] [1774857302.058532304, 1149.322000000]: [Multi Floor Nav] Current Robot Pose, x: 5.40, y: -0.10, yaw: 0.16
[ INFO] [1774857302.058591529, 1149.322000[ WARN] [1774857302.260996152, 1149.522000000]: [Multi Floor Nav] Initial pose perturbation applied: offset_x=0.40, offset_y=0.40, offset_theta=0.20
[ WARN] [1774857308.525883324, 1155.724000000]: [Multi Floor Nav] Initial pose perturbation applied: offset_x=0.40, offset_y=0.40, offset_theta=0.20
[ WARN] [1774857314.788526855, 1161.926000000]: [Multi Floor Nav] Initial pose perturbation applied: offset_x=0.40, offset_y=0.40, offset_theta=0.20
[ WARN] [1774857321.051260481, 1168.129000000]: [Multi Floor Nav] Initial pose perturbation applied: offset_x=0.40, offset_y=0.40, offset_theta=0.20
000]: [Multi Floor Nav] Linear Error: 0.57, Angular Error: 0.16
[ INFO] [1774857302.058633015, 1149.322000000]: [Multi Floor Nav] Setting initial pose failed. Will Retry (retry #10)
[ INFO] [1774857302.261024787, 1149.522000000]: [Multi Floor Nav] Initializing Robot at x: 5.4, y: -0.1, yaw: 0.2 (level=0, sigma: x=0.000, y=0.000, yaw=0.000, retry=10)
[ INFO] [1774857302.261050628, 1149.522000000]: [Multi Floor Nav] Initializing Pose to x: 5.00, y: -0.50 at level: 0
[ INFO] [1774857303.271446728, 1150.524000000]: [Multi Floor Nav] Waiting for AMCL nomotion updates (1.0/6.0s, L0)...
[ INFO] [1774857304.284064957, 1151.524000000]: [Multi Floor Nav] Waiting for AMCL nomotion updates (2.0/6.0s, L0)...
[ INFO] [1774857305.294729735, 1152.524000000]: [Multi Floor Nav] Waiting for AMCL nomotion updates (3.0/6.0s, L0)...
[ INFO] [1774857306.305242609, 1153.524000000]: [Multi Floor Nav] Waiting for AMCL nomotion updates (4.0/6.0s, L0)...
[ INFO] [1774857307.319797877, 1154.526000000]: [Multi Floor Nav] Waiting for AMCL nomotion updates (5.0/6.0s, L0)...
[ INFO] [1774857308.325062623, 1155.524000000]: [Multi Floor Nav] Current Robot Pose, x: 5.40, y: -0.10, yaw: 0.16
[ INFO] [1774857308.325082318, 1155.524000000]: [Multi Floor Nav] Linear Error: 0.57, Angular Error: 0.16
[ INFO] [1774857308.325091747, 1155.524000000]: [Multi Floor Nav] Setting initial pose failed. Will Retry (retry #11)
[ INFO] [1774857308.525911400, 1155.724000000]: [Multi Floor Nav] Initializing Robot at x: 5.4, y: -0.1, yaw: 0.2 (level=0, sigma: x=0.000, y=0.000, yaw=0.000, retry=11)
[ INFO] [1774857308.525935215, 1155.724000000]: [Multi Floor Nav] Initializing Pose to x: 5.00, y: -0.50 at level: 0
[ INFO] [1774857309.538529978, 1156.727000000]: [Multi Floor Nav] Waiting for AMCL nomotion updates (1.0/6.0s, L0)...
[ INFO] [1774857310.547678719, 1157.727000000]: [Multi Floor Nav] Waiting for AMCL nomotion updates (2.0/6.0s, L0)...
[ INFO] [1774857311.557207045, 1158.727000000]: [Multi Floor Nav] Waiting for AMCL nomotion updates (3.0/6.0s, L0)...
[ INFO] [1774857312.567246118, 1159.727000000]: [Multi Floor Nav] Waiting for AMCL nomotion updates (4.0/6.0s, L0)...
[ INFO] [1774857313.779135487, 1160.927000000]: [Multi Floor Nav] Waiting for AMCL nomotion updates (5.2/6.0s, L0)...
[ INFO] [1774857314.588625122, 1161.727000000]: [Multi Floor Nav] Current Robot Pose, x: 5.40, y: -0.10, yaw: 0.16
[ INFO] [1774857314.588676245, 1161.727000000]: [Multi Floor Nav] Linear Error: 0.57, Angular Error: 0.16
[ INFO] [1774857314.588696220, 1161.727000000]: [Multi Floor Nav] Setting initial pose failed. Will Retry (retry #12)
[ INFO] [1774857314.788553534, 1161.926000000]: [Multi Floor Nav] Initializing Robot at x: 5.4, y: -0.1, yaw: 0.2 (level=0, sigma: x=0.000, y=0.000, yaw=0.000, retry=12)
[ INFO] [1774857314.788580283, 1161.926000000]: [Multi Floor Nav] Initializing Pose to x: 5.00, y: -0.50 at level: 0
[ INFO] [1774857315.804396808, 1162.929000000]: [Multi Floor Nav] Waiting for AMCL nomotion updates (1.0/6.0s, L0)...
[ INFO] [1774857316.812770943, 1163.930000000]: [Multi Floor Nav] Waiting for AMCL nomotion updates (2.0/6.0s, L0)...
[ INFO] [1774857318.025447698, 1165.130000000]: [Multi Floor Nav] Waiting for AMCL nomotion updates (3.2/6.0s, L0)...
[ INFO] [1774857319.034674521, 1166.131000000]: [Multi Floor Nav] Waiting for AMCL nomotion updates (4.2/6.0s, L0)...
[ INFO] [1774857320.244556172, 1167.330000000]: [Multi Floor Nav] Waiting for AMCL nomotion updates (5.4/6.0s, L0)...
[ INFO] [1774857320.851386894, 1167.931000000]: [Multi Floor Nav] Current Robot Pose, x: 5.40, y: -0.10, yaw: 0.16
[ INFO] [1774857320.851409313, 1167.931000000]: [Multi Floor Nav] Linear Error: 0.57, Angular Error: 0.16
[ INFO] [1774857320.851422233, 1167.931000000]: [Multi Floor Nav] Setting initial pose failed. Will Retry (retry #13)
[ INFO] [1774857321.051292468, 1168.129000000]: [Multi Floor Nav] Initializing Robot at x: 5.4, y: -0.1, yaw: 0.2 (level=0, sigma: x=0.000, y=0.000, yaw=0.000, retry=13)
[ INFO] [1774857321.051316703, 1168.129000000]: [Multi Floor Nav] Initializing Pose to x: 5.00, [ WARN] [1774857327.335377167, 1174.332000000]: [Multi Floor Nav] Initial pose perturbation applied: offset_x=0.40, offset_y=0.40, offset_theta=0.20
[ WARN] [1774857333.630685654, 1180.536000000]: [Multi Floor Nav] Initial pose perturbation applied: offset_x=0.40, offset_y=0.40, offset_theta=0.20
[ WARN] [1774857339.904108925, 1186.740000000]: [Multi Floor Nav] Initial pose perturbation applied: offset_x=0.40, offset_y=0.40, offset_theta=0.20
y: -0.50 at level: 0
[ INFO] [1774857322.069113707, 1169.132000000]: [Multi Floor Nav] Waiting for AMCL nomotion updates (1.0/6.0s, L0)...
[ INFO] [1774857323.076961312, 1170.132000000]: [Multi Floor Nav] Waiting for AMCL nomotion updates (2.0/6.0s, L0)...
[ INFO] [1774857324.092828960, 1171.132000000]: [Multi Floor Nav] Waiting for AMCL nomotion updates (3.0/6.0s, L0)...
[ INFO] [1774857325.105619696, 1172.132000000]: [Multi Floor Nav] Waiting for AMCL nomotion updates (4.0/6.0s, L0)...
[ INFO] [1774857326.116846065, 1173.132000000]: [Multi Floor Nav] Waiting for AMCL nomotion updates (5.0/6.0s, L0)...
[ INFO] [1774857327.133491393, 1174.133000000]: [Multi Floor Nav] Current Robot Pose, x: 5.40, y: -0.10, yaw: 0.16
[ INFO] [1774857327.133545380, 1174.133000000]: [Multi Floor Nav] Linear Error: 0.57, Angular Error: 0.16
[ INFO] [1774857327.133582535, 1174.133000000]: [Multi Floor Nav] Setting initial pose failed. Will Retry (retry #14)
[ INFO] [1774857327.335451897, 1174.332000000]: [Multi Floor Nav] Initializing Robot at x: 5.4, y: -0.1, yaw: 0.2 (level=0, sigma: x=0.000, y=0.000, yaw=0.000, retry=14)
[ INFO] [1774857327.335552887, 1174.332000000]: [Multi Floor Nav] Initializing Pose to x: 5.00, y: -0.50 at level: 0
[ INFO] [1774857328.357758880, 1175.336000000]: [Multi Floor Nav] Waiting for AMCL nomotion updates (1.0/6.0s, L0)...
[ INFO] [1774857329.371463904, 1176.337000000]: [Multi Floor Nav] Waiting for AMCL nomotion updates (2.0/6.0s, L0)...
[ INFO] [1774857330.582885967, 1177.534000000]: [Multi Floor Nav] Waiting for AMCL nomotion updates (3.2/6.0s, L0)...
[ INFO] [1774857331.600177253, 1178.536000000]: [Multi Floor Nav] Waiting for AMCL nomotion updates (4.2/6.0s, L0)...
[ INFO] [1774857332.819978272, 1179.736000000]: [Multi Floor Nav] Waiting for AMCL nomotion updates (5.4/6.0s, L0)...
[ INFO] [1774857333.426539408, 1180.335000000]: [Multi Floor Nav] Current Robot Pose, x: 5.40, y: -0.10, yaw: 0.16
[ INFO] [1774857333.426559941, 1180.335000000]: [Multi Floor Nav] Linear Error: 0.57, Angular Error: 0.16
[ INFO] [1774857333.426569998, 1180.335000000]: [Multi Floor Nav] Setting initial pose failed. Will Retry (retry #15)
[ INFO] [1774857333.630777704, 1180.536000000]: [Multi Floor Nav] Initializing Robot at x: 5.4, y: -0.1, yaw: 0.2 (level=0, sigma: x=0.000, y=0.000, yaw=0.000, retry=15)
[ INFO] [1774857333.630848383, 1180.536000000]: [Multi Floor Nav] Initializing Pose to x: 5.00, y: -0.50 at level: 0
[ INFO] [1774857334.645467765, 1181.539000000]: [Multi Floor Nav] Waiting for AMCL nomotion updates (1.0/6.0s, L0)...
[ INFO] [1774857335.655616907, 1182.539000000]: [Multi Floor Nav] Waiting for AMCL nomotion updates (2.0/6.0s, L0)...
[ INFO] [1774857336.666446440, 1183.540000000]: [Multi Floor Nav] Waiting for AMCL nomotion updates (3.0/6.0s, L0)...
[ INFO] [1774857337.875077938, 1184.738000000]: [Multi Floor Nav] Waiting for AMCL nomotion updates (4.2/6.0s, L0)...
[ INFO] [1774857338.889665542, 1185.739000000]: [Multi Floor Nav] Waiting for AMCL nomotion updates (5.2/6.0s, L0)...
[ INFO] [1774857339.701055410, 1186.540000000]: [Multi Floor Nav] Current Robot Pose, x: 5.40, y: -0.10, yaw: 0.16
[ INFO] [1774857339.701101225, 1186.540000000]: [Multi Floor Nav] Linear Error: 0.57, Angular Error: 0.16
[ INFO] [1774857339.701122736, 1186.540000000]: [Multi Floor Nav] Setting initial pose failed. Will Retry (retry #16)
[ INFO] [1774857339.904189521, 1186.740000000]: [Multi Floor Nav] Initializing Robot at x: 5.4, y: -0.1, yaw: 0.2 (level=0, sigma: x=0.000, y=0.000, yaw=0.000, retry=16)
[ INFO] [1774857339.904253914, 1186.740000000]: [Multi Floor Nav] Initializing Pose to x: 5.00, y: -0.50 at level: 0
[ INFO] [1774857340.920300565, 1187.743000000]: [Multi Floor Nav] Waiting for AMCL nomotion updates (1.0/6.0s, L0)...
[ INFO] [1774857341.931706146, 1188.743000000]: [Multi Floor Nav] Waiting for AMCL nomotion updates (2.0/6.0s, L0)...
[ INFO] [1774857343.143668289, 1189.942000000]: [Multi Floor Nav] Waiting for AMCL nomotion updates (3.2/6.0s, L0)...
[ INFO] [1774857344.155837930, 1190.943000000]: [Multi Floor Nav] Waiting[ WARN] [1774857346.173827762, 1192.942000000]: [Multi Floor Nav] Initial pose perturbation applied: offset_x=0.40, offset_y=0.40, offset_theta=0.20
[ WARN] [1774857352.432131238, 1199.145000000]: [Multi Floor Nav] Initial pose perturbation applied: offset_x=0.40, offset_y=0.40, offset_theta=0.20
[ WARN] [1774857358.694780426, 1205.347000000]: [Multi Floor Nav] Initial pose perturbation applied: offset_x=0.40, offset_y=0.40, offset_theta=0.20
 for AMCL nomotion updates (4.2/6.0s, L0)...
[ INFO] [1774857345.165292015, 1191.944000000]: [Multi Floor Nav] Waiting for AMCL nomotion updates (5.2/6.0s, L0)...
[ INFO] [1774857345.973787185, 1192.744000000]: [Multi Floor Nav] Current Robot Pose, x: 5.40, y: -0.10, yaw: 0.16
[ INFO] [1774857345.973807788, 1192.744000000]: [Multi Floor Nav] Linear Error: 0.57, Angular Error: 0.16
[ INFO] [1774857345.973816797, 1192.744000000]: [Multi Floor Nav] Setting initial pose failed. Will Retry (retry #17)
[ INFO] [1774857346.173868549, 1192.942000000]: [Multi Floor Nav] Initializing Robot at x: 5.4, y: -0.1, yaw: 0.2 (level=0, sigma: x=0.000, y=0.000, yaw=0.000, retry=17)
[ INFO] [1774857346.173910803, 1192.942000000]: [Multi Floor Nav] Initializing Pose to x: 5.00, y: -0.50 at level: 0
[ INFO] [1774857347.186792681, 1193.946000000]: [Multi Floor Nav] Waiting for AMCL nomotion updates (1.0/6.0s, L0)...
[ INFO] [1774857348.394819427, 1195.145000000]: [Multi Floor Nav] Waiting for AMCL nomotion updates (2.2/6.0s, L0)...
[ INFO] [1774857349.405334187, 1196.145000000]: [Multi Floor Nav] Waiting for AMCL nomotion updates (3.2/6.0s, L0)...
[ INFO] [1774857350.413294514, 1197.146000000]: [Multi Floor Nav] Waiting for AMCL nomotion updates (4.2/6.0s, L0)...
[ INFO] [1774857351.624855560, 1198.345000000]: [Multi Floor Nav] Waiting for AMCL nomotion updates (5.4/6.0s, L0)...
[ INFO] [1774857352.228887057, 1198.945000000]: [Multi Floor Nav] Current Robot Pose, x: 5.40, y: -0.10, yaw: 0.16
[ INFO] [1774857352.228906752, 1198.945000000]: [Multi Floor Nav] Linear Error: 0.57, Angular Error: 0.16
[ INFO] [1774857352.228918066, 1198.945000000]: [Multi Floor Nav] Setting initial pose failed. Will Retry (retry #18)
[ INFO] [1774857352.432214558, 1199.146000000]: [Multi Floor Nav] Initializing Robot at x: 5.4, y: -0.1, yaw: 0.2 (level=0, sigma: x=0.000, y=0.000, yaw=0.000, retry=18)
[ INFO] [1774857352.432273015, 1199.146000000]: [Multi Floor Nav] Initializing Pose to x: 5.00, y: -0.50 at level: 0
[ INFO] [1774857353.444916596, 1200.148000000]: [Multi Floor Nav] Waiting for AMCL nomotion updates (1.0/6.0s, L0)...
[ INFO] [1774857354.454781975, 1201.149000000]: [Multi Floor Nav] Waiting for AMCL nomotion updates (2.0/6.0s, L0)...
[ INFO] [1774857355.668556560, 1202.349000000]: [Multi Floor Nav] Waiting for AMCL nomotion updates (3.2/6.0s, L0)...
[ INFO] [1774857356.878733987, 1203.550000000]: [Multi Floor Nav] Waiting for AMCL nomotion updates (4.4/6.0s, L0)...
[ INFO] [1774857358.089951556, 1204.749000000]: [Multi Floor Nav] Waiting for AMCL nomotion updates (5.6/6.0s, L0)...
[ INFO] [1774857358.493582026, 1205.148000000]: [Multi Floor Nav] Current Robot Pose, x: 5.40, y: -0.10, yaw: 0.16
[ INFO] [1774857358.493627143, 1205.148000000]: [Multi Floor Nav] Linear Error: 0.57, Angular Error: 0.16
[ INFO] [1774857358.493649492, 1205.148000000]: [Multi Floor Nav] Setting initial pose failed. Will Retry (retry #19)
[ INFO] [1774857358.694824566, 1205.347000000]: [Multi Floor Nav] Initializing Robot at x: 5.4, y: -0.1, yaw: 0.2 (level=0, sigma: x=0.000, y=0.000, yaw=0.000, retry=19)
[ INFO] [1774857358.694853620, 1205.347000000]: [Multi Floor Nav] Initializing Pose to x: 5.00, y: -0.50 at level: 0
[ INFO] [1774857359.708988654, 1206.349000000]: [Multi Floor Nav] Waiting for AMCL nomotion updates (1.0/6.0s, L0)...
[ INFO] [1774857360.722906553, 1207.350000000]: [Multi Floor Nav] Waiting for AMCL nomotion updates (2.0/6.0s, L0)...
[ INFO] [1774857361.737307332, 1208.351000000]: [Multi Floor Nav] Waiting for AMCL nomotion updates (3.0/6.0s, L0)...
[ INFO] [1774857362.748190922, 1209.351000000]: [Multi Floor Nav] Waiting for AMCL nomotion updates (4.0/6.0s, L0)...
[ INFO] [1774857363.764111301, 1210.351000000]: [Multi Floor Nav] Waiting for AMCL nomotion updates (5.0/6.0s, L0)...
[ INFO] [1774857364.777916337, 1211.350000000]: [Multi Floor Nav] Current Robot Pose, x: 5.40, y: -0.10, yaw: 0.16
[ INFO] [1774857364.777939733, 1211.350000000]: [Multi Floor Nav] Linear Error: 0.57, Angular Error: 0.16
[ INFO] [1774857364.777953492, 1211.350000000]: [Multi Floor Nav[ WARN] [1774857364.979687153, 1211.548000000]: [Multi Floor Nav] Initial pose perturbation applied: offset_x=0.40, offset_y=0.40, offset_theta=0.20
[ WARN] [1774857371.296307602, 1217.751000000]: [Multi Floor Nav] Initial pose perturbation applied: offset_x=0.40, offset_y=0.40, offset_theta=0.20
[ WARN] [1774857377.566514418, 1223.956000000]: [Multi Floor Nav] Initial pose perturbation applied: offset_x=0.40, offset_y=0.40, offset_theta=0.20
[ WARN] [1774857383.826955376, 1230.160000000]: [Multi Floor Nav] Initial pose perturbation applied: offset_x=0.40, offset_y=0.40, offset_theta=0.20
] Setting initial pose failed. Will Retry (retry #20)
[ INFO] [1774857364.979716277, 1211.548000000]: [Multi Floor Nav] Initializing Robot at x: 5.4, y: -0.1, yaw: 0.2 (level=0, sigma: x=0.000, y=0.000, yaw=0.000, retry=20)
[ INFO] [1774857364.979741000, 1211.548000000]: [Multi Floor Nav] Initializing Pose to x: 5.00, y: -0.50 at level: 0
[ INFO] [1774857366.005388964, 1212.551000000]: [Multi Floor Nav] Waiting for AMCL nomotion updates (1.0/6.0s, L0)...
[ INFO] [1774857367.023736106, 1213.552000000]: [Multi Floor Nav] Waiting for AMCL nomotion updates (2.0/6.0s, L0)...
[ INFO] [1774857368.241348939, 1214.751000000]: [Multi Floor Nav] Waiting for AMCL nomotion updates (3.2/6.0s, L0)...
[ INFO] [1774857369.261613982, 1215.752000000]: [Multi Floor Nav] Waiting for AMCL nomotion updates (4.2/6.0s, L0)...
[ INFO] [1774857370.481057486, 1216.951000000]: [Multi Floor Nav] Waiting for AMCL nomotion updates (5.4/6.0s, L0)...
[ INFO] [1774857371.092975491, 1217.552000000]: [Multi Floor Nav] Current Robot Pose, x: 5.40, y: -0.10, yaw: 0.16
[ INFO] [1774857371.093041072, 1217.552000000]: [Multi Floor Nav] Linear Error: 0.57, Angular Error: 0.16
[ INFO] [1774857371.093072570, 1217.552000000]: [Multi Floor Nav] Setting initial pose failed. Will Retry (retry #21)
[ INFO] [1774857371.296359494, 1217.751000000]: [Multi Floor Nav] Initializing Robot at x: 5.4, y: -0.1, yaw: 0.2 (level=0, sigma: x=0.000, y=0.000, yaw=0.000, retry=21)
[ INFO] [1774857371.296390014, 1217.751000000]: [Multi Floor Nav] Initializing Pose to x: 5.00, y: -0.50 at level: 0
[ INFO] [1774857372.315007789, 1218.754000000]: [Multi Floor Nav] Waiting for AMCL nomotion updates (1.0/6.0s, L0)...
[ INFO] [1774857373.321527158, 1219.754000000]: [Multi Floor Nav] Waiting for AMCL nomotion updates (2.0/6.0s, L0)...
[ INFO] [1774857374.333356744, 1220.755000000]: [Multi Floor Nav] Waiting for AMCL nomotion updates (3.0/6.0s, L0)...
[ INFO] [1774857375.547005545, 1221.955000000]: [Multi Floor Nav] Waiting for AMCL nomotion updates (4.2/6.0s, L0)...
[ INFO] [1774857376.555844052, 1222.955000000]: [Multi Floor Nav] Waiting for AMCL nomotion updates (5.2/6.0s, L0)...
[ INFO] [1774857377.364330772, 1223.755000000]: [Multi Floor Nav] Current Robot Pose, x: 5.40, y: -0.10, yaw: 0.16
[ INFO] [1774857377.364377146, 1223.755000000]: [Multi Floor Nav] Linear Error: 0.57, Angular Error: 0.16
[ INFO] [1774857377.364399076, 1223.755000000]: [Multi Floor Nav] Setting initial pose failed. Will Retry (retry #22)
[ INFO] [1774857377.566540608, 1223.956000000]: [Multi Floor Nav] Initializing Robot at x: 5.4, y: -0.1, yaw: 0.2 (level=0, sigma: x=0.000, y=0.000, yaw=0.000, retry=22)
[ INFO] [1774857377.566556881, 1223.956000000]: [Multi Floor Nav] Initializing Pose to x: 5.00, y: -0.50 at level: 0
[ INFO] [1774857378.577248897, 1224.959000000]: [Multi Floor Nav] Waiting for AMCL nomotion updates (1.0/6.0s, L0)...
[ INFO] [1774857379.587137463, 1225.959000000]: [Multi Floor Nav] Waiting for AMCL nomotion updates (2.0/6.0s, L0)...
[ INFO] [1774857380.597786876, 1226.960000000]: [Multi Floor Nav] Waiting for AMCL nomotion updates (3.0/6.0s, L0)...
[ INFO] [1774857381.605257200, 1227.960000000]: [Multi Floor Nav] Waiting for AMCL nomotion updates (4.0/6.0s, L0)...
[ INFO] [1774857382.616257773, 1228.961000000]: [Multi Floor Nav] Waiting for AMCL nomotion updates (5.0/6.0s, L0)...
[ INFO] [1774857383.625895540, 1229.960000000]: [Multi Floor Nav] Current Robot Pose, x: 5.40, y: -0.10, yaw: 0.16
[ INFO] [1774857383.625948549, 1229.960000000]: [Multi Floor Nav] Linear Error: 0.57, Angular Error: 0.16
[ INFO] [1774857383.625963286, 1229.960000000]: [Multi Floor Nav] Setting initial pose failed. Will Retry (retry #23)
[ INFO] [1774857383.826983312, 1230.160000000]: [Multi Floor Nav] Initializing Robot at x: 5.4, y: -0.1, yaw: 0.2 (level=0, sigma: x=0.000, y=0.000, yaw=0.000, retry=23)
[ INFO] [1774857383.827000074, 1230.160000000]: [Multi Floor Nav] Initializing Pose to x: 5.00, y: -0.50 at level: 0
[ INFO] [1774857384.838705761, 1231.162000000]: [Multi Floor Nav] Waiting for AMCL nomotion updates (1.0/6.[ WARN] [1774857390.084637267, 1236.364000000]: [Multi Floor Nav] Initial pose perturbation applied: offset_x=0.40, offset_y=0.40, offset_theta=0.20
[ WARN] [1774857396.349016066, 1242.567000000]: [Multi Floor Nav] Initial pose perturbation applied: offset_x=0.40, offset_y=0.40, offset_theta=0.20
[ WARN] [1774857402.637780876, 1248.772000000]: [Multi Floor Nav] Initial pose perturbation applied: offset_x=0.40, offset_y=0.40, offset_theta=0.20
0s, L0)...
[ INFO] [1774857385.846661619, 1232.162000000]: [Multi Floor Nav] Waiting for AMCL nomotion updates (2.0/6.0s, L0)...
[ INFO] [1774857386.856516521, 1233.162000000]: [Multi Floor Nav] Waiting for AMCL nomotion updates (3.0/6.0s, L0)...
[ INFO] [1774857387.866248504, 1234.163000000]: [Multi Floor Nav] Waiting for AMCL nomotion updates (4.0/6.0s, L0)...
[ INFO] [1774857388.872514630, 1235.163000000]: [Multi Floor Nav] Waiting for AMCL nomotion updates (5.0/6.0s, L0)...
[ INFO] [1774857389.881508743, 1236.164000000]: [Multi Floor Nav] Current Robot Pose, x: 5.40, y: -0.10, yaw: 0.16
[ INFO] [1774857389.881527740, 1236.164000000]: [Multi Floor Nav] Linear Error: 0.57, Angular Error: 0.16
[ INFO] [1774857389.881538286, 1236.164000000]: [Multi Floor Nav] Setting initial pose failed. Will Retry (retry #24)
[ INFO] [1774857390.084666461, 1236.364000000]: [Multi Floor Nav] Initializing Robot at x: 5.4, y: -0.1, yaw: 0.2 (level=0, sigma: x=0.000, y=0.000, yaw=0.000, retry=24)
[ INFO] [1774857390.084694606, 1236.364000000]: [Multi Floor Nav] Initializing Pose to x: 5.00, y: -0.50 at level: 0
[ INFO] [1774857391.098962129, 1237.367000000]: [Multi Floor Nav] Waiting for AMCL nomotion updates (1.0/6.0s, L0)...
[ INFO] [1774857392.105182649, 1238.367000000]: [Multi Floor Nav] Waiting for AMCL nomotion updates (2.0/6.0s, L0)...
[ INFO] [1774857393.320053318, 1239.568000000]: [Multi Floor Nav] Waiting for AMCL nomotion updates (3.2/6.0s, L0)...
[ INFO] [1774857394.330467995, 1240.568000000]: [Multi Floor Nav] Waiting for AMCL nomotion updates (4.2/6.0s, L0)...
[ INFO] [1774857395.539148941, 1241.767000000]: [Multi Floor Nav] Waiting for AMCL nomotion updates (5.4/6.0s, L0)...
[ INFO] [1774857396.147088597, 1242.367000000]: [Multi Floor Nav] Current Robot Pose, x: 5.40, y: -0.10, yaw: 0.16
[ INFO] [1774857396.147109689, 1242.367000000]: [Multi Floor Nav] Linear Error: 0.57, Angular Error: 0.16
[ INFO] [1774857396.147118628, 1242.367000000]: [Multi Floor Nav] Setting initial pose failed. Will Retry (retry #25)
[ INFO] [1774857396.349117196, 1242.568000000]: [Multi Floor Nav] Initializing Robot at x: 5.4, y: -0.1, yaw: 0.2 (level=0, sigma: x=0.000, y=0.000, yaw=0.000, retry=25)
[ INFO] [1774857396.349182078, 1242.568000000]: [Multi Floor Nav] Initializing Pose to x: 5.00, y: -0.50 at level: 0
[ INFO] [1774857397.367427741, 1243.571000000]: [Multi Floor Nav] Waiting for AMCL nomotion updates (1.0/6.0s, L0)...
[ INFO] [1774857398.378937455, 1244.571000000]: [Multi Floor Nav] Waiting for AMCL nomotion updates (2.0/6.0s, L0)...
[ INFO] [1774857399.391594725, 1245.571000000]: [Multi Floor Nav] Waiting for AMCL nomotion updates (3.0/6.0s, L0)...
[ INFO] [1774857400.407054362, 1246.572000000]: [Multi Floor Nav] Waiting for AMCL nomotion updates (4.0/6.0s, L0)...
[ INFO] [1774857401.419949231, 1247.572000000]: [Multi Floor Nav] Waiting for AMCL nomotion updates (5.0/6.0s, L0)...
[ INFO] [1774857402.434936884, 1248.572000000]: [Multi Floor Nav] Current Robot Pose, x: 5.40, y: -0.10, yaw: 0.16
[ INFO] [1774857402.434958325, 1248.572000000]: [Multi Floor Nav] Linear Error: 0.57, Angular Error: 0.16
[ INFO] [1774857402.434966916, 1248.572000000]: [Multi Floor Nav] Setting initial pose failed. Will Retry (retry #26)
[ INFO] [1774857402.637863778, 1248.772000000]: [Multi Floor Nav] Initializing Robot at x: 5.4, y: -0.1, yaw: 0.2 (level=0, sigma: x=0.000, y=0.000, yaw=0.000, retry=26)
[ INFO] [1774857402.637922374, 1248.772000000]: [Multi Floor Nav] Initializing Pose to x: 5.00, y: -0.50 at level: 0
[ INFO] [1774857403.654315506, 1249.774000000]: [Multi Floor Nav] Waiting for AMCL nomotion updates (1.0/6.0s, L0)...
[ INFO] [1774857404.668483994, 1250.775000000]: [Multi Floor Nav] Waiting for AMCL nomotion updates (2.0/6.0s, L0)...
[ INFO] [1774857405.678366274, 1251.775000000]: [Multi Floor Nav] Waiting for AMCL nomotion updates (3.0/6.0s, L0)...
[ INFO] [1774857406.691853395, 1252.775000000]: [Multi Floor Nav] Waiting for AMCL nomotion updates (4.0/6.0s, L0)...
[ INFO] [1774857407.706840558, 1253.775000000]: [Multi Floor Nav] Waiting for AMCL [ WARN] [1774857408.922319402, 1254.974000000]: [Multi Floor Nav] Initial pose perturbation applied: offset_x=0.40, offset_y=0.40, offset_theta=0.20
[ WARN] [1774857415.211752520, 1261.176000000]: [Multi Floor Nav] Initial pose perturbation applied: offset_x=0.40, offset_y=0.40, offset_theta=0.20
[ WARN] [1774857421.480202976, 1267.380000000]: [Multi Floor Nav] Initial pose perturbation applied: offset_x=0.40, offset_y=0.40, offset_theta=0.20
[ WARN] [1774857427.738647042, 1273.581000000]: [Multi Floor Nav] Initial pose perturbation applied: offset_x=0.40, offset_y=0.40, offset_theta=0.20
nomotion updates (5.0/6.0s, L0)...
[ INFO] [1774857408.722488837, 1254.777000000]: [Multi Floor Nav] Current Robot Pose, x: 5.40, y: -0.10, yaw: 0.16
[ INFO] [1774857408.722533605, 1254.777000000]: [Multi Floor Nav] Linear Error: 0.57, Angular Error: 0.16
[ INFO] [1774857408.722555884, 1254.777000000]: [Multi Floor Nav] Setting initial pose failed. Will Retry (retry #27)
[ INFO] [1774857408.922352786, 1254.974000000]: [Multi Floor Nav] Initializing Robot at x: 5.4, y: -0.1, yaw: 0.2 (level=0, sigma: x=0.000, y=0.000, yaw=0.000, retry=27)
[ INFO] [1774857408.922372830, 1254.974000000]: [Multi Floor Nav] Initializing Pose to x: 5.00, y: -0.50 at level: 0
[ INFO] [1774857409.941254883, 1255.977000000]: [Multi Floor Nav] Waiting for AMCL nomotion updates (1.0/6.0s, L0)...
[ INFO] [1774857410.956928374, 1256.977000000]: [Multi Floor Nav] Waiting for AMCL nomotion updates (2.0/6.0s, L0)...
[ INFO] [1774857412.174287894, 1258.177000000]: [Multi Floor Nav] Waiting for AMCL nomotion updates (3.2/6.0s, L0)...
[ INFO] [1774857413.390393700, 1259.377000000]: [Multi Floor Nav] Waiting for AMCL nomotion updates (4.4/6.0s, L0)...
[ INFO] [1774857414.404102705, 1260.377000000]: [Multi Floor Nav] Waiting for AMCL nomotion updates (5.4/6.0s, L0)...
[ INFO] [1774857415.011850856, 1260.977000000]: [Multi Floor Nav] Current Robot Pose, x: 5.40, y: -0.10, yaw: 0.16
[ INFO] [1774857415.011914202, 1260.977000000]: [Multi Floor Nav] Linear Error: 0.57, Angular Error: 0.16
[ INFO] [1774857415.011956596, 1260.977000000]: [Multi Floor Nav] Setting initial pose failed. Will Retry (retry #28)
[ INFO] [1774857415.211780666, 1261.176000000]: [Multi Floor Nav] Initializing Robot at x: 5.4, y: -0.1, yaw: 0.2 (level=0, sigma: x=0.000, y=0.000, yaw=0.000, retry=28)
[ INFO] [1774857415.211799662, 1261.176000000]: [Multi Floor Nav] Initializing Pose to x: 5.00, y: -0.50 at level: 0
[ INFO] [1774857416.230149667, 1262.179000000]: [Multi Floor Nav] Waiting for AMCL nomotion updates (1.0/6.0s, L0)...
[ INFO] [1774857417.240543812, 1263.179000000]: [Multi Floor Nav] Waiting for AMCL nomotion updates (2.0/6.0s, L0)...
[ INFO] [1774857418.250527082, 1264.180000000]: [Multi Floor Nav] Waiting for AMCL nomotion updates (3.0/6.0s, L0)...
[ INFO] [1774857419.463299869, 1265.381000000]: [Multi Floor Nav] Waiting for AMCL nomotion updates (4.2/6.0s, L0)...
[ INFO] [1774857420.672328343, 1266.580000000]: [Multi Floor Nav] Waiting for AMCL nomotion updates (5.4/6.0s, L0)...
[ INFO] [1774857421.279031046, 1267.181000000]: [Multi Floor Nav] Current Robot Pose, x: 5.40, y: -0.10, yaw: 0.16
[ INFO] [1774857421.279051579, 1267.181000000]: [Multi Floor Nav] Linear Error: 0.57, Angular Error: 0.16
[ INFO] [1774857421.279060169, 1267.181000000]: [Multi Floor Nav] Setting initial pose failed. Will Retry (retry #29)
[ INFO] [1774857421.480233496, 1267.380000000]: [Multi Floor Nav] Initializing Robot at x: 5.4, y: -0.1, yaw: 0.2 (level=0, sigma: x=0.000, y=0.000, yaw=0.000, retry=29)
[ INFO] [1774857421.480252703, 1267.380000000]: [Multi Floor Nav] Initializing Pose to x: 5.00, y: -0.50 at level: 0
[ INFO] [1774857422.495274927, 1268.383000000]: [Multi Floor Nav] Waiting for AMCL nomotion updates (1.0/6.0s, L0)...
[ INFO] [1774857423.703476833, 1269.582000000]: [Multi Floor Nav] Waiting for AMCL nomotion updates (2.2/6.0s, L0)...
[ INFO] [1774857424.714255801, 1270.583000000]: [Multi Floor Nav] Waiting for AMCL nomotion updates (3.2/6.0s, L0)...
[ INFO] [1774857425.923243139, 1271.782000000]: [Multi Floor Nav] Waiting for AMCL nomotion updates (4.4/6.0s, L0)...
[ INFO] [1774857426.934073510, 1272.783000000]: [Multi Floor Nav] Waiting for AMCL nomotion updates (5.4/6.0s, L0)...
[ INFO] [1774857427.538240568, 1273.383000000]: [Multi Floor Nav] Current Robot Pose, x: 5.40, y: -0.10, yaw: 0.16
[ INFO] [1774857427.538260403, 1273.383000000]: [Multi Floor Nav] Linear Error: 0.57, Angular Error: 0.16
[ INFO] [1774857427.538271368, 1273.384000000]: [Multi Floor Nav] Setting initial pose failed. Will Retry (retry #30)
[ INFO] [1774857427.738674000, 1273.581000000]: [Multi Floor Nav] Initiali[ WARN] [1774857433.989258935, 1279.783000000]: [Multi Floor Nav] Initial pose perturbation applied: offset_x=0.40, offset_y=0.40, offset_theta=0.20
[ WARN] [1774857440.248124351, 1285.987000000]: [Multi Floor Nav] Initial pose perturbation applied: offset_x=0.40, offset_y=0.40, offset_theta=0.20
zing Robot at x: 5.4, y: -0.1, yaw: 0.2 (level=0, sigma: x=0.000, y=0.000, yaw=0.000, retry=30)
[ INFO] [1774857427.738694045, 1273.581000000]: [Multi Floor Nav] Initializing Pose to x: 5.00, y: -0.50 at level: 0
[ INFO] [1774857428.749480974, 1274.583000000]: [Multi Floor Nav] Waiting for AMCL nomotion updates (1.0/6.0s, L0)...
[ INFO] [1774857429.757417556, 1275.583000000]: [Multi Floor Nav] Waiting for AMCL nomotion updates (2.0/6.0s, L0)...
[ INFO] [1774857430.770729375, 1276.584000000]: [Multi Floor Nav] Waiting for AMCL nomotion updates (3.0/6.0s, L0)...
[ INFO] [1774857431.773458617, 1277.584000000]: [Multi Floor Nav] Waiting for AMCL nomotion updates (4.0/6.0s, L0)...
[ INFO] [1774857432.781288272, 1278.584000000]: [Multi Floor Nav] Waiting for AMCL nomotion updates (5.0/6.0s, L0)...
[ INFO] [1774857433.789357691, 1279.585000000]: [Multi Floor Nav] Current Robot Pose, x: 5.40, y: -0.10, yaw: 0.16
[ INFO] [1774857433.789404414, 1279.585000000]: [Multi Floor Nav] Linear Error: 0.57, Angular Error: 0.16
[ INFO] [1774857433.789426763, 1279.585000000]: [Multi Floor Nav] Setting initial pose failed. Will Retry (retry #31)
[ INFO] [1774857433.989289036, 1279.783000000]: [Multi Floor Nav] Initializing Robot at x: 5.4, y: -0.1, yaw: 0.2 (level=0, sigma: x=0.000, y=0.000, yaw=0.000, retry=31)
[ INFO] [1774857433.989317182, 1279.783000000]: [Multi Floor Nav] Initializing Pose to x: 5.00, y: -0.50 at level: 0
[ INFO] [1774857435.003288859, 1280.786000000]: [Multi Floor Nav] Waiting for AMCL nomotion updates (1.0/6.0s, L0)...
[ INFO] [1774857436.213099901, 1281.987000000]: [Multi Floor Nav] Waiting for AMCL nomotion updates (2.2/6.0s, L0)...
[ INFO] [1774857437.421207383, 1283.185000000]: [Multi Floor Nav] Waiting for AMCL nomotion updates (3.4/6.0s, L0)...
[ INFO] [1774857438.431765374, 1284.188000000]: [Multi Floor Nav] Waiting for AMCL nomotion updates (4.4/6.0s, L0)...
[ INFO] [1774857439.641172526, 1285.387000000]: [Multi Floor Nav] Waiting for AMCL nomotion updates (5.6/6.0s, L0)...
[ INFO] [1774857440.043917413, 1285.786000000]: [Multi Floor Nav] Current Robot Pose, x: 5.40, y: -0.10, yaw: 0.16
[ INFO] [1774857440.043970562, 1285.786000000]: [Multi Floor Nav] Linear Error: 0.57, Angular Error: 0.16
[ INFO] [1774857440.043991584, 1285.786000000]: [Multi Floor Nav] Setting initial pose failed. Will Retry (retry #32)
[ INFO] [1774857440.248188744, 1285.987000000]: [Multi Floor Nav] Initializing Robot at x: 5.4, y: -0.1, yaw: 0.2 (level=0, sigma: x=0.000, y=0.000, yaw=0.000, retry=32)
[ INFO] [1774857440.248278071, 1285.987000000]: [Multi Floor Nav] Initializing Pose to x: 5.00, y: -0.50 at level: 0
[ INFO] [1774857441.263734845, 1286.991000000]: [Multi Floor Nav] Waiting for AMCL nomotion updates (1.0/6.0s, L0)...
[ INFO] [1774857442.276373468, 1287.991000000]: [Multi Floor Nav] Waiting for AMCL nomotion updates (2.0/6.0s, L0)...
[ INFO] [1774857208.031131041, 1056.435000000]: global_costmap: Using plugin "static_layer"
[ INFO] [1774857208.035277148, 1056.439000000]: Requesting the map...
[ INFO] [1774857239.388709077, 1087.443000000]: Resizing costmap to 992 X 992 at 0.020000 m/pix
[ INFO] [1774857239.488901279, 1087.541000000]: Received a 992 X 992 map at 0.020000 m/pix
[ INFO] [1774857239.490874285, 1087.543000000]: global_costmap: Using plugin "obstacles_layer"
[ INFO] [1774857239.493488850, 1087.546000000]:     Subscribed to Topics: scan
[ INFO] [1774857239.503669843, 1087.556000000]: global_costmap: Using plugin "inflater_layer"
[ INFO] [1774857239.527692960, 1087.580000000]: local_costmap: Using plugin "obstacles_layer"
[ INFO] [1774857239.530419620, 1087.583000000]:     Subscribed to Topics: scan
[ INFO] [1774857239.537554221, 1087.590000000]: local_costmap: Using plugin "inflater_layer"
[ INFO] [1774857239.561183296, 1087.613000000]: Created local_planner base_local_planner/TrajectoryPlannerROS
[ INFO] [1774857239.570423881, 1087.623000000]: Sim period is set to 0.05
[ INFO] [1774857239.662704222, 1087.714000000]: Recovery behavior will clear layer 'obstacles'
[ INFO] [1774857239.666654495, 1087.718000000]: Recovery behavior will clear layer 'obstacles'
[ INFO] [1774857239.781235257, 1087.831000000]: odom received!
[WARN] [1774857458.426734, 1289.080000]: Controller Spawner error while taking down controllers: transport error completing service call: unable to receive data from sender, check sender's logs for details
[31m[controller_spawner-4] escalating to SIGTERM[0m
[31m[gazebo-2] escalating to SIGTERM[0m

auto-starting new master
[1mprocess[master]: started with pid [423111][0m
[1mROS_MASTER_URI=http://localhost:11311[0m
]2;/home/eethanhe/catkin_ws/src/robot-multi-floor-navigation/multi_floor_nav/launch/nav.launch http://localhost:11311
[1msetting /run_id to 86e65318-2c0d-11f1-8d1e-01badb8e21cf[0m
[1mprocess[rosout-1]: started with pid [423136][0m
started core service [/rosout]
[1mprocess[gazebo-2]: started with pid [423145][0m
[1mprocess[robot_state_publisher-3]: started with pid [423149][0m
[1mprocess[controller_spawner-4]: started with pid [423151][0m
[1mprocess[ekf_localization-5]: started with pid [423152][0m
[1mprocess[twist_mux-6]: started with pid [423153][0m
[1mprocess[twist_marker_server-7]: started with pid [423158][0m
[1mprocess[urdf_spawner-8]: started with pid [423162][0m
[1mprocess[map_server0-9]: started with pid [423170][0m
[1mprocess[map_server1-10]: started with pid [423174][0m
[1mprocess[amcl-11]: started with pid [423179][0m
[1mprocess[move_base-12]: started with pid [423182][0m
[1mprocess[rviz-13]: started with pid [423188][0m
[1mprocess[change_map_node-14]: started with pid [423197][0m
[1mprocess[multi_floor_navigation_node-15]: started with pid [423203][0m
[1m[urdf_spawner-8] process has finished cleanly
log file: /home/eethanhe/.ros/log/86e65318-2c0d-11f1-8d1e-01badb8e21cf/urdf_spawner-8*.log[0m
[multi_floor_navigation_node-15] killing on exit
[change_map_node-14] killing on exit
[rviz-13] killing on exit
[move_base-12] killing on exit
[amcl-11] killing on exit
[map_server1-10] killing on exit
[map_server0-9] killing on exit
[twist_marker_server-7] killing on exit
[twist_mux-6] killing on exit
[ekf_localization-5] killing on exit
[controller_spawner-4] killing on exit
[robot_state_publisher-3] killing on exit
[gazebo-2] killing on exit
[rosout-1] killing on exit
[master] killing on exit
shutting down processing monitor...
... shutting down processing monitor complete
[1mdone[0m
