xacro: in-order processing became default in ROS Melodic. You can drop the option.
... logging to /home/eethanhe/.ros/log/92fd7010-2c16-11f1-8d1e-01badb8e21cf/roslaunch-eethanhe-Lenovo-Legion-R9000P2021H-498270.log
Checking log directory for disk usage. This may take a while.
Press Ctrl-C to interrupt
Done checking log file disk usage. Usage is <1GB.
]2;/home/eethanhe/catkin_ws/src/robot-multi-floor-navigation/multi_floor_nav/launch/nav.launch
[1mstarted roslaunch server http://eethanhe-Lenovo-Legion-R9000P2021H:39127/[0m

SUMMARY
========

PARAMETERS
 * /amcl/auto_update_noise: 0.0
 * /amcl/base_frame_id: base_link
 * /amcl/expected_laser_freq: 5.0
 * /amcl/first_map_only: False
 * /amcl/global_frame_id: map
 * /amcl/gui_publish_rate: 10.0
 * /amcl/initial_pose_a: 0.0
 * /amcl/initial_pose_x: 0.0
 * /amcl/initial_pose_y: 0.0
 * /amcl/kld_err: 0.05
 * /amcl/kld_z: 0.99
 * /amcl/laser_lambda_short: 0.1
 * /amcl/laser_likelihood_max_dist: 2.0
 * /amcl/laser_max_beams: 720
 * /amcl/laser_max_range: 30.0
 * /amcl/laser_min_range: 0.1
 * /amcl/laser_model_type: likelihood_field
 * /amcl/laser_sigma_hit: 0.2
 * /amcl/laser_z_hit: 0.5
 * /amcl/laser_z_max: 0.05
 * /amcl/laser_z_rand: 0.5
 * /amcl/laser_z_short: 0.05
 * /amcl/max_particles: 2000
 * /amcl/min_particles: 500
 * /amcl/odom_alpha1: 0.2
 * /amcl/odom_alpha2: 0.2
 * /amcl/odom_alpha3: 0.2
 * /amcl/odom_alpha4: 0.2
 * /amcl/odom_alpha5: 0.1
 * /amcl/odom_frame_id: odom
 * /amcl/odom_model_type: diff
 * /amcl/odom_update_interval: 0.1
 * /amcl/recovery_alpha_fast: 0.1
 * /amcl/recovery_alpha_slow: 0.001
 * /amcl/resample_interval: 1
 * /amcl/transform_tolerance: 1.0
 * /amcl/update_min_a: 0.3927
 * /amcl/update_min_d: 0.1
 * /amcl/use_map_topic: False
 * /ekf_localization/base_link_frame: base_link
 * /ekf_localization/frequency: 50
 * /ekf_localization/imu0: /imu/data
 * /ekf_localization/imu0_config: [False, False, Fa...
 * /ekf_localization/imu0_differential: False
 * /ekf_localization/odom0: /jackal_velocity_...
 * /ekf_localization/odom0_config: [False, False, Fa...
 * /ekf_localization/odom0_differential: False
 * /ekf_localization/odom_frame: odom
 * /ekf_localization/predict_to_current_time: True
 * /ekf_localization/world_frame: odom
 * /gazebo/enable_ros_network: True
 * /jackal_joint_publisher/publish_rate: 50
 * /jackal_joint_publisher/type: joint_state_contr...
 * /jackal_velocity_controller/angular/z/has_acceleration_limits: True
 * /jackal_velocity_controller/angular/z/has_velocity_limits: True
 * /jackal_velocity_controller/angular/z/max_acceleration: 25.0
 * /jackal_velocity_controller/angular/z/max_velocity: 4.0
 * /jackal_velocity_controller/cmd_vel_timeout: 0.25
 * /jackal_velocity_controller/enable_odom_tf: False
 * /jackal_velocity_controller/k_l: 0.1
 * /jackal_velocity_controller/k_r: 0.1
 * /jackal_velocity_controller/left_wheel: ['front_left_whee...
 * /jackal_velocity_controller/linear/x/has_acceleration_limits: True
 * /jackal_velocity_controller/linear/x/has_velocity_limits: True
 * /jackal_velocity_controller/linear/x/max_acceleration: 20.0
 * /jackal_velocity_controller/linear/x/max_velocity: 2.0
 * /jackal_velocity_controller/pose_covariance_diagonal: [0.001, 0.001, 10...
 * /jackal_velocity_controller/publish_cmd: True
 * /jackal_velocity_controller/publish_rate: 50
 * /jackal_velocity_controller/right_wheel: ['front_right_whe...
 * /jackal_velocity_controller/twist_covariance_diagonal: [0.001, 0.001, 0....
 * /jackal_velocity_controller/type: diff_drive_contro...
 * /jackal_velocity_controller/wheel_radius_multiplier: 1.0
 * /jackal_velocity_controller/wheel_separation_multiplier: 1.5
 * /move_base/NavfnROS/allow_unknown: True
 * /move_base/TrajectoryPlannerROS/acc_lim_theta: 20.0
 * /move_base/TrajectoryPlannerROS/acc_lim_x: 10.0
 * /move_base/TrajectoryPlannerROS/angular_sim_granularity: 0.02
 * /move_base/TrajectoryPlannerROS/controller_frequency: 20.0
 * /move_base/TrajectoryPlannerROS/dwa: True
 * /move_base/TrajectoryPlannerROS/escape_reset_dist: 0.1
 * /move_base/TrajectoryPlannerROS/escape_reset_theta: 0.1
 * /move_base/TrajectoryPlannerROS/escape_vel: -0.5
 * /move_base/TrajectoryPlannerROS/gdist_scale: 1.0
 * /move_base/TrajectoryPlannerROS/heading_lookahead: 0.325
 * /move_base/TrajectoryPlannerROS/heading_scoring: False
 * /move_base/TrajectoryPlannerROS/heading_scoring_timestep: 0.8
 * /move_base/TrajectoryPlannerROS/holonomic_robot: False
 * /move_base/TrajectoryPlannerROS/latch_xy_goal_tolerance: False
 * /move_base/TrajectoryPlannerROS/max_vel_theta: 1.57
 * /move_base/TrajectoryPlannerROS/max_vel_x: 0.5
 * /move_base/TrajectoryPlannerROS/meter_scoring: True
 * /move_base/TrajectoryPlannerROS/min_in_place_vel_theta: 0.314
 * /move_base/TrajectoryPlannerROS/min_vel_theta: -1.57
 * /move_base/TrajectoryPlannerROS/min_vel_x: 0.1
 * /move_base/TrajectoryPlannerROS/occdist_scale: 0.1
 * /move_base/TrajectoryPlannerROS/oscillation_reset_dist: 0.05
 * /move_base/TrajectoryPlannerROS/pdist_scale: 0.75
 * /move_base/TrajectoryPlannerROS/publish_cost_grid_pc: True
 * /move_base/TrajectoryPlannerROS/sim_granularity: 0.02
 * /move_base/TrajectoryPlannerROS/sim_time: 2.0
 * /move_base/TrajectoryPlannerROS/simple_attractor: False
 * /move_base/TrajectoryPlannerROS/vtheta_samples: 20
 * /move_base/TrajectoryPlannerROS/vx_samples: 6
 * /move_base/TrajectoryPlannerROS/xy_goal_tolerance: 0.25
 * /move_base/TrajectoryPlannerROS/yaw_goal_tolerance: 0.157
 * /move_base/base_global_planner: navfn/NavfnROS
 * /move_base/base_local_planner: base_local_planne...
 * /move_base/clearing_rotation_allowed: True
 * /move_base/controller_frequency: 20.0
 * /move_base/controller_patience: 15.0
 * /move_base/global_costmap/footprint: [[-0.21, -0.165],...
 * /move_base/global_costmap/footprint_padding: 0.1
 * /move_base/global_costmap/global_frame: map
 * /move_base/global_costmap/height: 40.0
 * /move_base/global_costmap/inflater_layer/inflation_radius: 0.3
 * /move_base/global_costmap/map_type: costmap
 * /move_base/global_costmap/meter_scoring: True
 * /move_base/global_costmap/obstacle_range: 2.5
 * /move_base/global_costmap/obstacles_layer/observation_sources: scan
 * /move_base/global_costmap/obstacles_layer/scan/clearing: True
 * /move_base/global_costmap/obstacles_layer/scan/data_type: LaserScan
 * /move_base/global_costmap/obstacles_layer/scan/marking: True
 * /move_base/global_costmap/obstacles_layer/scan/max_obstacle_height: 2.0
 * /move_base/global_costmap/obstacles_layer/scan/min_obstacle_height: -2.0
 * /move_base/global_costmap/obstacles_layer/scan/obstacle_range: 2.5
 * /move_base/global_costmap/obstacles_layer/scan/raytrace_range: 3.0
 * /move_base/global_costmap/obstacles_layer/scan/sensor_frame: front_laser
 * /move_base/global_costmap/obstacles_layer/scan/topic: front/scan
 * /move_base/global_costmap/origin_x: -20.0
 * /move_base/global_costmap/origin_y: -20.0
 * /move_base/global_costmap/origin_z: 0.0
 * /move_base/global_costmap/plugins: [{'name': 'static...
 * /move_base/global_costmap/publish_frequency: 5.0
 * /move_base/global_costmap/publish_voxel_map: False
 * /move_base/global_costmap/raytrace_range: 3.0
 * /move_base/global_costmap/resolution: 0.05
 * /move_base/global_costmap/robot_base_frame: base_link
 * /move_base/global_costmap/rolling_window: False
 * /move_base/global_costmap/static_map: True
 * /move_base/global_costmap/transform_tolerance: 0.5
 * /move_base/global_costmap/update_frequency: 20.0
 * /move_base/global_costmap/width: 40.0
 * /move_base/global_costmap/z_resolution: 1
 * /move_base/global_costmap/z_voxels: 2
 * /move_base/local_costmap/footprint: [[-0.21, -0.165],...
 * /move_base/local_costmap/footprint_padding: 0.1
 * /move_base/local_costmap/global_frame: map
 * /move_base/local_costmap/height: 10.0
 * /move_base/local_costmap/inflater_layer/inflation_radius: 0.3
 * /move_base/local_costmap/map_type: costmap
 * /move_base/local_costmap/meter_scoring: True
 * /move_base/local_costmap/obstacle_range: 2.5
 * /move_base/local_costmap/obstacles_layer/observation_sources: scan
 * /move_base/local_costmap/obstacles_layer/scan/clearing: True
 * /move_base/local_costmap/obstacles_layer/scan/data_type: LaserScan
 * /move_base/local_costmap/obstacles_layer/scan/marking: True
 * /move_base/local_costmap/obstacles_layer/scan/max_obstacle_height: 2.0
 * /move_base/local_costmap/obstacles_layer/scan/min_obstacle_height: -2.0
 * /move_base/local_costmap/obstacles_layer/scan/obstacle_range: 2.5
 * /move_base/local_costmap/obstacles_layer/scan/raytrace_range: 3.0
 * /move_base/local_costmap/obstacles_layer/scan/sensor_frame: front_laser
 * /move_base/local_costmap/obstacles_layer/scan/topic: front/scan
 * /move_base/local_costmap/origin_z: 0.0
 * /move_base/local_costmap/plugins: [{'name': 'obstac...
 * /move_base/local_costmap/publish_frequency: 5.0
 * /move_base/local_costmap/publish_voxel_map: False
 * /move_base/local_costmap/raytrace_range: 3.0
 * /move_base/local_costmap/resolution: 0.05
 * /move_base/local_costmap/robot_base_frame: base_link
 * /move_base/local_costmap/rolling_window: True
 * /move_base/local_costmap/static_map: False
 * /move_base/local_costmap/transform_tolerance: 0.5
 * /move_base/local_costmap/update_frequency: 20.0
 * /move_base/local_costmap/width: 10.0
 * /move_base/local_costmap/z_resolution: 1
 * /move_base/local_costmap/z_voxels: 2
 * /move_base/oscillation_distance: 0.5
 * /move_base/oscillation_timeout: 0.0
 * /move_base/planner_frequency: 20.0
 * /move_base/planner_patience: 5.0
 * /move_base/recovery_behavior_enabled: True
 * /move_base/shutdown_costmaps: False
 * /multi_floor_navigation_node/init_pose_offset_theta: 0.15
 * /multi_floor_navigation_node/init_pose_offset_x: 0.25
 * /multi_floor_navigation_node/init_pose_offset_y: 0.25
 * /multi_floor_navigation_node/region_init_sigma_x: 0
 * /multi_floor_navigation_node/region_init_sigma_y: 0
 * /multi_floor_navigation_node/region_init_sigma_yaw: 0
 * /robot_description: <?xml version="1....
 * /rosdistro: noetic
 * /rosversion: 1.17.0
 * /twist_marker_server/link_name: base_link
 * /twist_mux/locks: [{'name': 'e_stop...
 * /twist_mux/topics: [{'name': 'joy', ...
 * /use_gui: True
 * /use_sim_time: True

NODES
  /
    amcl (amcl/amcl)
    change_map_node (multi_floor_nav/change_map_node)
    controller_spawner (controller_manager/spawner)
    ekf_localization (robot_localization/ekf_localization_node)
    gazebo (gazebo_ros/gzserver)
    map_server0 (map_server/map_server)
    map_server1 (map_server/map_server)
    move_base (move_base/move_base)
    multi_floor_navigation_node (multi_floor_nav/multi_floor_navigation_node)
    robot_state_publisher (robot_state_publisher/robot_state_publisher)
    rviz (rviz/rviz)
    twist_marker_server (interactive_marker_twist_server/marker_server)
    twist_mux (twist_mux/twist_mux)
    urdf_spawner (gazebo_ros/spawn_model)
[ INFO] [1774861090.695440019]: Finished loading Gazebo ROS API Plugin.
[ INFO] [1774861090.696279789]: waitForService: Service [/gazebo/set_physics_properties] has not been advertised, waiting...
[1;33mWarning [Model.cc:216][0m Non-unique name[door] detected 2 times in XML children of model with name[elevator].
[1;33mWarning [Model.cc:309][0m Joint with name [door] in model with name [elevator] has a name collision, changing joint name to [door_joint].
[ INFO] [1774861091.454640830]: waitForService: Service [/gazebo/set_physics_properties] is now available.
[ INFO] [1774861091.467592594]: Physics dynamic reconfigure ready.
[1;33mWarning [parser_urdf.cc:1161][0m multiple inconsistent <gravity> exists due to fixed joint reduction overwriting previous value [true] with [false].
[1;33mWarning [parser_urdf.cc:1161][0m multiple inconsistent <gravity> exists due to fixed joint reduction overwriting previous value [false] with [true].
[ERROR] [1774861092.243665283, 1055.100000000]: No p gain specified for pid.  Namespace: /gazebo_ros_control/pid_gains/front_left_wheel
[ERROR] [1774861092.244089149, 1055.100000000]: No p gain specified for pid.  Namespace: /gazebo_ros_control/pid_gains/front_right_wheel
[ERROR] [1774861092.244522863, 1055.100000000]: No p gain specified for pid.  Namespace: /gazebo_ros_control/pid_gains/rear_left_wheel
[ERROR] [1774861092.244909084, 1055.100000000]: No p gain specified for pid.  Namespace: /gazebo_ros_control/pid_gains/rear_right_wheel
[ WARN] [1774861092.284076427, 1055.101000000]: Failed to meet update rate! Took 1055.1010000000001128
[ WARN] [1774861092.284773302, 1055.102000000]: Timed out waiting for transform from base_link to map to become available before running costmap, tf error: canTransform: target_frame map does not exist. canTransform: source_frame base_link does not exist.. canTransform returned after 1055.1 timeout was 0.1.
[ WARN] [1774861092.284840629, 1055.102000000]: Failed to meet update rate! Took 1055.0820000000001073
[ WARN] [1774861093.603065535, 1056.405000000]: global_costmap: Pre-Hydro parameter "static_map" unused since "plugins" is provided
[ WARN] [1774861093.603368995, 1056.405000000]: global_costmap: Pre-Hydro parameter "map_type" unused since "plugins" is provided
[ WARN] [1774861094.051229079, 1056.847000000]: Interactive marker 'robot_twist_marker' contains unnormalized quaternions. This warning will only be output once but may be true for others; enable DEBUG messages for ros.rviz.quaternions to see more details.
[ WARN] [1774861125.274709092, 1087.650000000]: local_costmap: Pre-Hydro parameter "static_map" unused since "plugins" is provided
[ WARN] [1774861125.275009479, 1087.651000000]: local_costmap: Pre-Hydro parameter "map_type" unused since "plugins" is provided
[ WARN] [1774861125.285616536, 1087.661000000]: [Multi Floor Nav] Initial pose perturbation applied: offset_x=0.25, offset_y=0.25, offset_theta=0.15
[ WARN] [1774861125.316378214, 1087.692000000]: Parameter pdist_scale is deprecated. Please use the name path_distance_bias instead.
[ WARN] [1774861125.316973261, 1087.693000000]: Parameter gdist_scale is deprecated. Please use the name goal_distance_bias instead.
[ WARN] [1774861126.317903737, 1088.680000000]: The origin for the sensor at (0.21, 0.20) is out of map bounds. So, the costmap cannot raytrace for it.
[ WARN] [1774861190.285253467, 1151.872000000]: [Multi Floor Nav] Initial pose perturbation applied: offset_x=0.25, offset_y=0.25, offset_theta=0.15
[ INFO] [1774861090.361270241]: [Multi Floor Nav] Module A sigma: L0=(0.000,0.000,0.000) L1=(0.000,0.000,0.000)
[ INFO] [1774861090.362464665]: [Multi Floor Nav] Module A delay: L0=6.0s  L1=6.0s  backoff: factor=1.30 max=2.00
[ INFO] [1774861125.126787750, 1087.504000000]: [Multi Floor Nav] Successfully loaded map for level: 0
[ INFO] [1774861125.285673596, 1087.661000000]: [Multi Floor Nav] Initializing Robot at x: 5.2, y: -0.2, yaw: 0.1 (level=0, sigma: x=0.000, y=0.000, yaw=0.000, retry=0)
[ INFO] [1774861125.285710751, 1087.661000000]: [Multi Floor Nav] Initializing Pose to x: 5.00, y: -0.50 at level: 0
[ INFO] [1774861126.302592460, 1088.665000000]: [Multi Floor Nav] Waiting for AMCL nomotion updates (1.0/6.0s, L0)...
[ INFO] [1774861127.513482714, 1089.865000000]: [Multi Floor Nav] Waiting for AMCL nomotion updates (2.2/6.0s, L0)...
[ INFO] [1774861128.721383556, 1091.065000000]: [Multi Floor Nav] Waiting for AMCL nomotion updates (3.4/6.0s, L0)...
[ INFO] [1774861129.933815692, 1092.265000000]: [Multi Floor Nav] Waiting for AMCL nomotion updates (4.6/6.0s, L0)...
[ INFO] [1774861131.148702324, 1093.465000000]: [Multi Floor Nav] Waiting for AMCL nomotion updates (5.8/6.0s, L0)...
[ INFO] [1774861131.350792261, 1093.663000000]: [Multi Floor Nav] Current Robot Pose, x: 5.25, y: -0.25, yaw: 0.16
[ INFO] [1774861131.350837239, 1093.663000000]: [Multi Floor Nav] Linear Error: 0.35, Angular Error: 0.16
[ INFO] [1774861131.350858610, 1093.663000000]: [Multi Floor Nav] Robot at correct pose
[ INFO] [1774861131.355486076, 1093.667000000]: [Multi Floor Nav] RELOC_PASS: linear_error=0.3541, angular_error=0.1554, linear_error_init=0.0007, angular_error_init=0.0054, tr_sigma=0.1549, C_t=0.8565
[ INFO] [1774861132.366286151, 1094.667000000]: [Multi Floor Nav] POST_PASS: dt=1.000s, linear_error=0.3541, angular_error=0.1554
[ INFO] [1774861132.366343281, 1094.667000000]: [Multi Floor Nav] Will send goal to x: 3, y: -0, at level: 0
[ INFO] [1774861132.366370729, 1094.667000000]: [Multi Floor Nav] Sending Robot to x: 3.0, y: -0.5, yaw: 3.1
[ INFO] [1774861132.569530283, 1094.867000000]: [Multi Floor Nav] POST_PASS: dt=1.200s, linear_error=0.3541, angular_error=0.1554
[ INFO] [1774861132.772622230, 1095.067000000]: [Multi Floor Nav] POST_PASS: dt=1.400s, linear_error=0.3541, angular_error=0.1554
[ INFO] [1774861132.974568853, 1095.267000000]: [Multi Floor Nav] POST_PASS: dt=1.600s, linear_error=0.3904, angular_error=0.2522
[ INFO] [1774861133.176466027, 1095.467000000]: [Multi Floor Nav] POST_PASS: dt=1.800s, linear_error=0.4128, angular_error=0.6675
[ INFO] [1774861133.378218561, 1095.667000000]: [Multi Floor Nav] POST_PASS: dt=2.000s, linear_error=0.4204, angular_error=1.0868
[ INFO] [1774861152.793306780, 1114.867000000]: [Multi Floor Nav] Requesting Lift to Level 0
[ INFO] [1774861152.995318841, 1115.067000000]: [Multi Floor Nav] Entering Lift at Level 0
[ INFO] [1774861170.358294222, 1132.268000000]: [Multi Floor Nav] Requesting Lift to Level 1
[ INFO] [1774861177.448070211, 1139.268000000]: [Multi Floor Nav] Exiting Lift at Level 1
[ INFO] [1774861190.112783313, 1151.704000000]: [Multi Floor Nav] Successfully loaded map for level: 1
[ INFO] [1774861190.285327009, 1151.872000000]: [Multi Floor Nav] Initializing Robot at x: 3.2, y: -0.2, yaw: 3.3 (level=1, sigma: x=0.000, y=0.000, yaw=0.000, retry=0)
[ INFO] [1774861190.285390006, 1151.872000000]: [Multi Floor Nav] Initializing Pose to x: 3.00, y: -0.50 at level: 1
[ INFO] [1774861191.309085234, 1152.875000000]: [Multi Floor Nav] Waiting for AMCL nomotion updates (1.0/6.0s, L1)...
[ INFO] [1774861192.329778340, 1153.875000000]: [Multi Floor Nav] Waiting for AMCL nomotion updates (2.0/6.0s, L1)...
[ INFO] [1774861193.353966226, 1154.876000000]: [Multi Floor Nav] Waiting for AMCL nomotion updates (3.0/6.0s, L1)...
[ INFO] [1774861194.584099970, 1156.076000000]: [Multi Floor Nav] Waiting for AMCL nomotion updates (4.2/6.0s, L1)...
[ INFO] [1774861195.810537719, 1157.275000000]: [Multi Floor Nav] Waiting for AMCL nomotion updates (5.4/6.0s, L1)...
[ INFO] [1774861196.426055450, 1157.[ WARN] [1774861203.030759764, 1164.333000000]: The origin for the sensor at (2.94, 1.77) is out of map bounds. So, the costmap cannot raytrace for it.
[ WARN] [1774861288.026894125, 1247.780000000]: Clearing both costmaps outside a square (3.00m) large centered on the robot.
[ WARN] [1774861293.098678790, 1252.830000000]: Rotate recovery behavior started.
[ERROR] [1774861293.098757501, 1252.830000000]: Rotate recovery can't rotate in place because there is a potential collision. Cost: -1.00
[ WARN] [1774861298.172098423, 1257.880000000]: Clearing both costmaps outside a square (1.84m) large centered on the robot.
[ WARN] [1774861303.245052622, 1262.931000000]: Rotate recovery behavior started.
[ERROR] [1774861303.245104304, 1262.931000000]: Rotate recovery can't rotate in place because there is a potential collision. Cost: -1.00
[ERROR] [1774861308.318684476, 1267.981000000]: Aborting because a valid plan could not be found. Even after executing all recovery behaviors
875000000]: [Multi Floor Nav] Current Robot Pose, x: 3.25, y: -0.25, yaw: -2.98
[ INFO] [1774861196.426153227, 1157.876000000]: [Multi Floor Nav] Linear Error: 0.35, Angular Error: 0.16
[ INFO] [1774861196.426182840, 1157.876000000]: [Multi Floor Nav] Robot at correct pose
[ INFO] [1774861196.430027456, 1157.879000000]: [Multi Floor Nav] RELOC_PASS: linear_error=0.3532, angular_error=0.1567, linear_error_init=0.0005, angular_error_init=0.0067, tr_sigma=1.1205, C_t=0.3261
[ INFO] [1774861197.454018108, 1158.879000000]: [Multi Floor Nav] POST_PASS: dt=1.000s, linear_error=0.3531, angular_error=0.1572
[ INFO] [1774861197.454066159, 1158.879000000]: [Multi Floor Nav] Will send goal to x: 4, y: 5, at level: 1
[ INFO] [1774861197.454091511, 1158.879000000]: [Multi Floor Nav] Sending Robot to x: 4.0, y: 5.0, yaw: 0.0
[ INFO] [1774861197.659302082, 1159.079000000]: [Multi Floor Nav] POST_PASS: dt=1.200s, linear_error=0.3531, angular_error=0.1572
[ INFO] [1774861197.864708417, 1159.279000000]: [Multi Floor Nav] POST_PASS: dt=1.400s, linear_error=0.3531, angular_error=0.1572
[ INFO] [1774861198.069794670, 1159.480000000]: [Multi Floor Nav] POST_PASS: dt=1.600s, linear_error=0.2855, angular_error=0.0317
[ INFO] [1774861198.272963085, 1159.679000000]: [Multi Floor Nav] POST_PASS: dt=1.800s, linear_error=0.2596, angular_error=0.2103
[ INFO] [1774861198.478306912, 1159.879000000]: [Multi Floor Nav] POST_PASS: dt=2.000s, linear_error=0.3088, angular_error=0.5129
[ INFO] [1774861093.603871502, 1056.406000000]: global_costmap: Using plugin "static_layer"
[ INFO] [1774861093.608020766, 1056.410000000]: Requesting the map...
[ INFO] [1774861125.134957000, 1087.513000000]: Resizing costmap to 992 X 992 at 0.020000 m/pix
[ INFO] [1774861125.236128975, 1087.612000000]: Received a 992 X 992 map at 0.020000 m/pix
[ INFO] [1774861125.239289427, 1087.615000000]: global_costmap: Using plugin "obstacles_layer"
[ INFO] [1774861125.241959734, 1087.618000000]:     Subscribed to Topics: scan
[ INFO] [1774861125.251915452, 1087.628000000]: global_costmap: Using plugin "inflater_layer"
[ INFO] [1774861125.276131966, 1087.651000000]: local_costmap: Using plugin "obstacles_layer"
[ INFO] [1774861125.279857783, 1087.656000000]:     Subscribed to Topics: scan
[ INFO] [1774861125.288562995, 1087.664000000]: local_costmap: Using plugin "inflater_layer"
[ INFO] [1774861125.309040004, 1087.685000000]: Created local_planner base_local_planner/TrajectoryPlannerROS
[ INFO] [1774861125.313912682, 1087.690000000]: Sim period is set to 0.05
[ INFO] [1774861125.360399936, 1087.736000000]: Recovery behavior will clear layer 'obstacles'
[ INFO] [1774861125.364439409, 1087.740000000]: Recovery behavior will clear layer 'obstacles'
[ INFO] [1774861125.508434631, 1087.882000000]: odom received!
[ INFO] [1774861092.030235720, 1055.100000000]: Laser Plugin: Using the 'robotNamespace' param: '/'
[ INFO] [1774861092.030276717, 1055.100000000]: Starting Laser Plugin (ns = /)
[ INFO] [1774861092.031155249, 1055.100000000]: Laser Plugin (ns = /)  <tf_prefix_>, set to ""
[ INFO] [1774861092.133497904, 1055.100000000]: Loading gazebo_ros_control plugin
[ INFO] [1774861092.133565580, 1055.100000000]: Starting gazebo_ros_control plugin in namespace: /
[ INFO] [1774861092.134094557, 1055.100000000]: gazebo_ros_control plugin is waiting for model URDF in parameter [robot_description] on the ROS param server.
[ INFO] [1774861092.246943627, 1055.100000000]: Loaded gazebo_ros_control.
[ INFO] [1774861092.344329375, 1055.162000000]: Controller state will be published at 50Hz.
[ INFO] [1774861092.345032536, 1055.162000000]: Wheel separation will be multiplied by 1.5.
[ INFO] [1774861092.345457869, 1055.163000000]: Left wheel radius will be multiplied by 1.
[ INFO] [1774861092.345472535, 1055.163000000]: Right wheel radius will be multiplied by 1.
[ INFO] [1774861092.345692954, 1055.163000000]: Velocity rolling window size of 10.
[ INFO] [1774861092.346134211, 1055.163000000]: Velocity commands will be considered old if they are older than 0.25s.
[ INFO] [1774861092.346357702, 1055.164000000]: Allow mutiple cmd_vel publishers is enabled
[ INFO] [1774861092.346581054, 1055.164000000]: Base frame_id set to base_link
[ INFO] [1774861092.346791975, 1055.164000000]: Odometry frame_id set to odom
[ INFO] [1774861092.347200615, 1055.164000000]: Publishing to tf is disabled
[ INFO] [1774861092.353584377, 1055.171000000]: left wheel to origin: 0.131,0.187795, 0.0345
[ INFO] [1774861092.353605259, 1055.171000000]: right wheel to origin: 0.131,-0.187795, 0.0345
[ INFO] [1774861092.353654428, 1055.171000000]: Odometry params : wheel separation 0.563385, left wheel radius 0.098, right wheel radius 0.098
[ INFO] [1774861092.355384603, 1055.173000000]: Adding left wheel with joint name: front_left_wheel and right wheel with joint name: front_right_wheel
[ INFO] [1774861092.355425949, 1055.173000000]: Adding left wheel with joint name: rear_left_wheel and right wheel with joint name: rear_right_wheel
[ INFO] [1774861092.361309717, 1055.179000000]: Dynamic Reconfigure:
DynamicParams:
	Odometry parameters:
		left wheel radius multiplier: 1
		right wheel radius multiplier: 1
		wheel separation multiplier: 1.5
	Publication parameters:
		Publish executed velocity command: disabled
		Publication rate: 50
		Publish frame odom on tf: disabled

auto-starting new master
[1mprocess[master]: started with pid [498347][0m
[1mROS_MASTER_URI=http://localhost:11311[0m
]2;/home/eethanhe/catkin_ws/src/robot-multi-floor-navigation/multi_floor_nav/launch/nav.launch http://localhost:11311
[1msetting /run_id to 92fd7010-2c16-11f1-8d1e-01badb8e21cf[0m
[1mprocess[rosout-1]: started with pid [498372][0m
started core service [/rosout]
[1mprocess[gazebo-2]: started with pid [498412][0m
[1mprocess[robot_state_publisher-3]: started with pid [498416][0m
[1mprocess[controller_spawner-4]: started with pid [498418][0m
[1mprocess[ekf_localization-5]: started with pid [498419][0m
[1mprocess[twist_mux-6]: started with pid [498420][0m
[1mprocess[twist_marker_server-7]: started with pid [498425][0m
[1mprocess[urdf_spawner-8]: started with pid [498428][0m
[1mprocess[map_server0-9]: started with pid [498438][0m
[1mprocess[map_server1-10]: started with pid [498444][0m
[1mprocess[amcl-11]: started with pid [498446][0m
[1mprocess[move_base-12]: started with pid [498449][0m
[1mprocess[rviz-13]: started with pid [498455][0m
[1mprocess[change_map_node-14]: started with pid [498463][0m
[1mprocess[multi_floor_navigation_node-15]: started with pid [498474][0m
[1m[urdf_spawner-8] process has finished cleanly
log file: /home/eethanhe/.ros/log/92fd7010-2c16-11f1-8d1e-01badb8e21cf/urdf_spawner-8*.log[0m
[multi_floor_navigation_node-15] killing on exit
[change_map_node-14] killing on exit
[rviz-13] killing on exit
[move_base-12] killing on exit
[amcl-11] killing on exit
[map_server1-10] killing on exit
[map_server0-9] killing on exit
[twist_marker_server-7] killing on exit
[twist_mux-6] killing on exit
[ekf_localization-5] killing on exit
[controller_spawner-4] killing on exit
[robot_state_publisher-3] killing on exit
[gazebo-2] killing on exit
[rosout-1] killing on exit
[master] killing on exit
shutting down processing monitor...
... shutting down processing monitor complete
[1mdone[0m
