xacro: in-order processing became default in ROS Melodic. You can drop the option.
... logging to /home/eethanhe/.ros/log/2e3c1342-2c17-11f1-8d1e-01badb8e21cf/roslaunch-eethanhe-Lenovo-Legion-R9000P2021H-503331.log
Checking log directory for disk usage. This may take a while.
Press Ctrl-C to interrupt
Done checking log file disk usage. Usage is <1GB.
]2;/home/eethanhe/catkin_ws/src/robot-multi-floor-navigation/multi_floor_nav/launch/nav.launch
[1mstarted roslaunch server http://eethanhe-Lenovo-Legion-R9000P2021H:42127/[0m

SUMMARY
========

PARAMETERS
 * /amcl/auto_update_noise: 0.0
 * /amcl/base_frame_id: base_link
 * /amcl/expected_laser_freq: 5.0
 * /amcl/first_map_only: False
 * /amcl/global_frame_id: map
 * /amcl/gui_publish_rate: 10.0
 * /amcl/initial_pose_a: 0.0
 * /amcl/initial_pose_x: 0.0
 * /amcl/initial_pose_y: 0.0
 * /amcl/kld_err: 0.05
 * /amcl/kld_z: 0.99
 * /amcl/laser_lambda_short: 0.1
 * /amcl/laser_likelihood_max_dist: 2.0
 * /amcl/laser_max_beams: 720
 * /amcl/laser_max_range: 30.0
 * /amcl/laser_min_range: 0.1
 * /amcl/laser_model_type: likelihood_field
 * /amcl/laser_sigma_hit: 0.2
 * /amcl/laser_z_hit: 0.5
 * /amcl/laser_z_max: 0.05
 * /amcl/laser_z_rand: 0.5
 * /amcl/laser_z_short: 0.05
 * /amcl/max_particles: 2000
 * /amcl/min_particles: 500
 * /amcl/odom_alpha1: 0.2
 * /amcl/odom_alpha2: 0.2
 * /amcl/odom_alpha3: 0.2
 * /amcl/odom_alpha4: 0.2
 * /amcl/odom_alpha5: 0.1
 * /amcl/odom_frame_id: odom
 * /amcl/odom_model_type: diff
 * /amcl/odom_update_interval: 0.1
 * /amcl/recovery_alpha_fast: 0.1
 * /amcl/recovery_alpha_slow: 0.001
 * /amcl/resample_interval: 1
 * /amcl/transform_tolerance: 1.0
 * /amcl/update_min_a: 0.3927
 * /amcl/update_min_d: 0.1
 * /amcl/use_map_topic: False
 * /ekf_localization/base_link_frame: base_link
 * /ekf_localization/frequency: 50
 * /ekf_localization/imu0: /imu/data
 * /ekf_localization/imu0_config: [False, False, Fa...
 * /ekf_localization/imu0_differential: False
 * /ekf_localization/odom0: /jackal_velocity_...
 * /ekf_localization/odom0_config: [False, False, Fa...
 * /ekf_localization/odom0_differential: False
 * /ekf_localization/odom_frame: odom
 * /ekf_localization/predict_to_current_time: True
 * /ekf_localization/world_frame: odom
 * /gazebo/enable_ros_network: True
 * /jackal_joint_publisher/publish_rate: 50
 * /jackal_joint_publisher/type: joint_state_contr...
 * /jackal_velocity_controller/angular/z/has_acceleration_limits: True
 * /jackal_velocity_controller/angular/z/has_velocity_limits: True
 * /jackal_velocity_controller/angular/z/max_acceleration: 25.0
 * /jackal_velocity_controller/angular/z/max_velocity: 4.0
 * /jackal_velocity_controller/cmd_vel_timeout: 0.25
 * /jackal_velocity_controller/enable_odom_tf: False
 * /jackal_velocity_controller/k_l: 0.1
 * /jackal_velocity_controller/k_r: 0.1
 * /jackal_velocity_controller/left_wheel: ['front_left_whee...
 * /jackal_velocity_controller/linear/x/has_acceleration_limits: True
 * /jackal_velocity_controller/linear/x/has_velocity_limits: True
 * /jackal_velocity_controller/linear/x/max_acceleration: 20.0
 * /jackal_velocity_controller/linear/x/max_velocity: 2.0
 * /jackal_velocity_controller/pose_covariance_diagonal: [0.001, 0.001, 10...
 * /jackal_velocity_controller/publish_cmd: True
 * /jackal_velocity_controller/publish_rate: 50
 * /jackal_velocity_controller/right_wheel: ['front_right_whe...
 * /jackal_velocity_controller/twist_covariance_diagonal: [0.001, 0.001, 0....
 * /jackal_velocity_controller/type: diff_drive_contro...
 * /jackal_velocity_controller/wheel_radius_multiplier: 1.0
 * /jackal_velocity_controller/wheel_separation_multiplier: 1.5
 * /move_base/NavfnROS/allow_unknown: True
 * /move_base/TrajectoryPlannerROS/acc_lim_theta: 20.0
 * /move_base/TrajectoryPlannerROS/acc_lim_x: 10.0
 * /move_base/TrajectoryPlannerROS/angular_sim_granularity: 0.02
 * /move_base/TrajectoryPlannerROS/controller_frequency: 20.0
 * /move_base/TrajectoryPlannerROS/dwa: True
 * /move_base/TrajectoryPlannerROS/escape_reset_dist: 0.1
 * /move_base/TrajectoryPlannerROS/escape_reset_theta: 0.1
 * /move_base/TrajectoryPlannerROS/escape_vel: -0.5
 * /move_base/TrajectoryPlannerROS/gdist_scale: 1.0
 * /move_base/TrajectoryPlannerROS/heading_lookahead: 0.325
 * /move_base/TrajectoryPlannerROS/heading_scoring: False
 * /move_base/TrajectoryPlannerROS/heading_scoring_timestep: 0.8
 * /move_base/TrajectoryPlannerROS/holonomic_robot: False
 * /move_base/TrajectoryPlannerROS/latch_xy_goal_tolerance: False
 * /move_base/TrajectoryPlannerROS/max_vel_theta: 1.57
 * /move_base/TrajectoryPlannerROS/max_vel_x: 0.5
 * /move_base/TrajectoryPlannerROS/meter_scoring: True
 * /move_base/TrajectoryPlannerROS/min_in_place_vel_theta: 0.314
 * /move_base/TrajectoryPlannerROS/min_vel_theta: -1.57
 * /move_base/TrajectoryPlannerROS/min_vel_x: 0.1
 * /move_base/TrajectoryPlannerROS/occdist_scale: 0.1
 * /move_base/TrajectoryPlannerROS/oscillation_reset_dist: 0.05
 * /move_base/TrajectoryPlannerROS/pdist_scale: 0.75
 * /move_base/TrajectoryPlannerROS/publish_cost_grid_pc: True
 * /move_base/TrajectoryPlannerROS/sim_granularity: 0.02
 * /move_base/TrajectoryPlannerROS/sim_time: 2.0
 * /move_base/TrajectoryPlannerROS/simple_attractor: False
 * /move_base/TrajectoryPlannerROS/vtheta_samples: 20
 * /move_base/TrajectoryPlannerROS/vx_samples: 6
 * /move_base/TrajectoryPlannerROS/xy_goal_tolerance: 0.25
 * /move_base/TrajectoryPlannerROS/yaw_goal_tolerance: 0.157
 * /move_base/base_global_planner: navfn/NavfnROS
 * /move_base/base_local_planner: base_local_planne...
 * /move_base/clearing_rotation_allowed: True
 * /move_base/controller_frequency: 20.0
 * /move_base/controller_patience: 15.0
 * /move_base/global_costmap/footprint: [[-0.21, -0.165],...
 * /move_base/global_costmap/footprint_padding: 0.1
 * /move_base/global_costmap/global_frame: map
 * /move_base/global_costmap/height: 40.0
 * /move_base/global_costmap/inflater_layer/inflation_radius: 0.3
 * /move_base/global_costmap/map_type: costmap
 * /move_base/global_costmap/meter_scoring: True
 * /move_base/global_costmap/obstacle_range: 2.5
 * /move_base/global_costmap/obstacles_layer/observation_sources: scan
 * /move_base/global_costmap/obstacles_layer/scan/clearing: True
 * /move_base/global_costmap/obstacles_layer/scan/data_type: LaserScan
 * /move_base/global_costmap/obstacles_layer/scan/marking: True
 * /move_base/global_costmap/obstacles_layer/scan/max_obstacle_height: 2.0
 * /move_base/global_costmap/obstacles_layer/scan/min_obstacle_height: -2.0
 * /move_base/global_costmap/obstacles_layer/scan/obstacle_range: 2.5
 * /move_base/global_costmap/obstacles_layer/scan/raytrace_range: 3.0
 * /move_base/global_costmap/obstacles_layer/scan/sensor_frame: front_laser
 * /move_base/global_costmap/obstacles_layer/scan/topic: front/scan
 * /move_base/global_costmap/origin_x: -20.0
 * /move_base/global_costmap/origin_y: -20.0
 * /move_base/global_costmap/origin_z: 0.0
 * /move_base/global_costmap/plugins: [{'name': 'static...
 * /move_base/global_costmap/publish_frequency: 5.0
 * /move_base/global_costmap/publish_voxel_map: False
 * /move_base/global_costmap/raytrace_range: 3.0
 * /move_base/global_costmap/resolution: 0.05
 * /move_base/global_costmap/robot_base_frame: base_link
 * /move_base/global_costmap/rolling_window: False
 * /move_base/global_costmap/static_map: True
 * /move_base/global_costmap/transform_tolerance: 0.5
 * /move_base/global_costmap/update_frequency: 20.0
 * /move_base/global_costmap/width: 40.0
 * /move_base/global_costmap/z_resolution: 1
 * /move_base/global_costmap/z_voxels: 2
 * /move_base/local_costmap/footprint: [[-0.21, -0.165],...
 * /move_base/local_costmap/footprint_padding: 0.1
 * /move_base/local_costmap/global_frame: map
 * /move_base/local_costmap/height: 10.0
 * /move_base/local_costmap/inflater_layer/inflation_radius: 0.3
 * /move_base/local_costmap/map_type: costmap
 * /move_base/local_costmap/meter_scoring: True
 * /move_base/local_costmap/obstacle_range: 2.5
 * /move_base/local_costmap/obstacles_layer/observation_sources: scan
 * /move_base/local_costmap/obstacles_layer/scan/clearing: True
 * /move_base/local_costmap/obstacles_layer/scan/data_type: LaserScan
 * /move_base/local_costmap/obstacles_layer/scan/marking: True
 * /move_base/local_costmap/obstacles_layer/scan/max_obstacle_height: 2.0
 * /move_base/local_costmap/obstacles_layer/scan/min_obstacle_height: -2.0
 * /move_base/local_costmap/obstacles_layer/scan/obstacle_range: 2.5
 * /move_base/local_costmap/obstacles_layer/scan/raytrace_range: 3.0
 * /move_base/local_costmap/obstacles_layer/scan/sensor_frame: front_laser
 * /move_base/local_costmap/obstacles_layer/scan/topic: front/scan
 * /move_base/local_costmap/origin_z: 0.0
 * /move_base/local_costmap/plugins: [{'name': 'obstac...
 * /move_base/local_costmap/publish_frequency: 5.0
 * /move_base/local_costmap/publish_voxel_map: False
 * /move_base/local_costmap/raytrace_range: 3.0
 * /move_base/local_costmap/resolution: 0.05
 * /move_base/local_costmap/robot_base_frame: base_link
 * /move_base/local_costmap/rolling_window: True
 * /move_base/local_costmap/static_map: False
 * /move_base/local_costmap/transform_tolerance: 0.5
 * /move_base/local_costmap/update_frequency: 20.0
 * /move_base/local_costmap/width: 10.0
 * /move_base/local_costmap/z_resolution: 1
 * /move_base/local_costmap/z_voxels: 2
 * /move_base/oscillation_distance: 0.5
 * /move_base/oscillation_timeout: 0.0
 * /move_base/planner_frequency: 20.0
 * /move_base/planner_patience: 5.0
 * /move_base/recovery_behavior_enabled: True
 * /move_base/shutdown_costmaps: False
 * /multi_floor_navigation_node/init_pose_offset_theta: 0.15
 * /multi_floor_navigation_node/init_pose_offset_x: 0.25
 * /multi_floor_navigation_node/init_pose_offset_y: 0.25
 * /multi_floor_navigation_node/region_init_sigma_x: 0
 * /multi_floor_navigation_node/region_init_sigma_y: 0
 * /multi_floor_navigation_node/region_init_sigma_yaw: 0
 * /multi_floor_navigation_node/reloc_confidence_K: 3
 * /multi_floor_navigation_node/reloc_confidence_lambda: 20.0
 * /multi_floor_navigation_node/reloc_confidence_tau: 0.85
 * /multi_floor_navigation_node/reloc_min_check_delay_sec: 6.0
 * /multi_floor_navigation_node/use_covariance_reloc: True
 * /robot_description: <?xml version="1....
 * /rosdistro: noetic
 * /rosversion: 1.17.0
 * /twist_marker_server/link_name: base_link
 * /twist_mux/locks: [{'name': 'e_stop...
 * /twist_mux/topics: [{'name': 'joy', ...
 * /use_gui: True
 * /use_sim_time: True

NODES
  /
    amcl (amcl/amcl)
    change_map_node (multi_floor_nav/change_map_node)
    controller_spawner (controller_manager/spawner)
    ekf_localization (robot_localization/ekf_localization_node)
    gazebo (gazebo_ros/gzserver)
    map_server0 (map_server/map_server)
    map_server1 (map_server/map_server)
    move_base (move_base/move_base)
    multi_floor_navigation_node (multi_floor_nav/multi_floor_navigation_node)
    robot_state_publisher (robot_state_publisher/robot_state_publisher)
    rviz (rviz/rviz)
    twist_marker_server (interactive_marker_twist_server/marker_server)
    twist_mux (twist_mux/twist_mux)
    urdf_spawner (gazebo_ros/spawn_model)
[ INFO] [1774861350.935062732]: Finished loading Gazebo ROS API Plugin.
[ INFO] [1774861350.935886438]: waitForService: Service [/gazebo/set_physics_properties] has not been advertised, waiting...
[1;33mWarning [Model.cc:216][0m Non-unique name[door] detected 2 times in XML children of model with name[elevator].
[1;33mWarning [Model.cc:309][0m Joint with name [door] in model with name [elevator] has a name collision, changing joint name to [door_joint].
[ INFO] [1774861351.755898590]: waitForService: Service [/gazebo/set_physics_properties] is now available.
[ INFO] [1774861351.772085395, 1054.804000000]: Physics dynamic reconfigure ready.
[1;33mWarning [parser_urdf.cc:1161][0m multiple inconsistent <gravity> exists due to fixed joint reduction overwriting previous value [true] with [false].
[1;33mWarning [parser_urdf.cc:1161][0m multiple inconsistent <gravity> exists due to fixed joint reduction overwriting previous value [false] with [true].
[ERROR] [1774861352.385768138, 1054.903000000]: No p gain specified for pid.  Namespace: /gazebo_ros_control/pid_gains/front_left_wheel
[ERROR] [1774861352.386207927, 1054.903000000]: No p gain specified for pid.  Namespace: /gazebo_ros_control/pid_gains/front_right_wheel
[ERROR] [1774861352.386577247, 1054.903000000]: No p gain specified for pid.  Namespace: /gazebo_ros_control/pid_gains/rear_left_wheel
[ERROR] [1774861352.386931831, 1054.903000000]: No p gain specified for pid.  Namespace: /gazebo_ros_control/pid_gains/rear_right_wheel
[ WARN] [1774861352.445732703, 1054.905000000]: Failed to meet update rate! Took 1054.9039999999999964
[ WARN] [1774861352.445967159, 1054.905000000]: Timed out waiting for transform from base_link to map to become available before running costmap, tf error: canTransform: target_frame map does not exist.. canTransform returned after 1054.9 timeout was 0.1.
[ WARN] [1774861352.446536295, 1054.905000000]: Failed to meet update rate! Took 1054.8849999999999909
[ WARN] [1774861353.692601679, 1056.130000000]: global_costmap: Pre-Hydro parameter "static_map" unused since "plugins" is provided
[ WARN] [1774861353.693694483, 1056.131000000]: global_costmap: Pre-Hydro parameter "map_type" unused since "plugins" is provided
[ WARN] [1774861354.372408836, 1056.793000000]: Interactive marker 'robot_twist_marker' contains unnormalized quaternions. This warning will only be output once but may be true for others; enable DEBUG messages for ros.rviz.quaternions to see more details.
[ WARN] [1774861385.562370210, 1087.543000000]: [Multi Floor Nav] Initial pose perturbation applied: offset_x=0.25, offset_y=0.25, offset_theta=0.15
[ WARN] [1774861385.601215089, 1087.582000000]: local_costmap: Pre-Hydro parameter "static_map" unused since "plugins" is provided
[ WARN] [1774861385.601507025, 1087.582000000]: local_costmap: Pre-Hydro parameter "map_type" unused since "plugins" is provided
[ WARN] [1774861385.640423283, 1087.621000000]: Parameter pdist_scale is deprecated. Please use the name path_distance_bias instead.
[ WARN] [1774861385.640949396, 1087.621000000]: Parameter gdist_scale is deprecated. Please use the name goal_distance_bias instead.
[ WARN] [1774861386.592643532, 1088.554000000]: The origin for the sensor at (0.20, 0.18) is out of map bounds. So, the costmap cannot raytrace for it.
[ INFO] [1774861350.645259598]: [Multi Floor Nav] Module C: covariance reloc criterion enabled (lambda=20.00, tau=0.85, K=3, post_monitor=2.0s, min_delay=6.0s)
[ INFO] [1774861350.651527771]: [Multi Floor Nav] Module A sigma: L0=(0.000,0.000,0.000) L1=(0.000,0.000,0.000)
[ INFO] [1774861350.651556406]: [Multi Floor Nav] Module A delay: L0=6.0s  L1=6.0s  backoff: factor=1.30 max=2.00
[ INFO] [1774861385.439161481, 1087.422000000]: [Multi Floor Nav] Successfully loaded map for level: 0
[ INFO] [1774861385.562420356, 1087.543000000]: [Multi Floor Nav] Initializing Robot at x: 5.2, y: -0.2, yaw: 0.1 (level=0, sigma: x=0.000, y=0.000, yaw=0.000, retry=0)
[ INFO] [1774861385.562450457, 1087.543000000]: [Multi Floor Nav] Initializing Pose to x: 5.00, y: -0.50 at level: 0
[ INFO] [1774861386.584490486, 1088.546000000]: [Multi Floor Nav] Waiting for AMCL nomotion updates (1.0/6.0s, L0)...
[ INFO] [1774861387.602235772, 1089.546000000]: [Multi Floor Nav] Waiting for AMCL nomotion updates (2.0/6.0s, L0)...
[ INFO] [1774861388.612449947, 1090.546000000]: [Multi Floor Nav] Waiting for AMCL nomotion updates (3.0/6.0s, L0)...
[ INFO] [1774861389.628945425, 1091.547000000]: [Multi Floor Nav] Waiting for AMCL nomotion updates (4.0/6.0s, L0)...
[ INFO] [1774861390.844850447, 1092.746000000]: [Multi Floor Nav] Waiting for AMCL nomotion updates (5.2/6.0s, L0)...
[ INFO] [1774861391.656408872, 1093.547000000]: [Multi Floor Nav] Current Robot Pose, x: 5.25, y: -0.25, yaw: 0.12
[ INFO] [1774861391.656455456, 1093.547000000]: [Multi Floor Nav] Linear Error: 0.35, Angular Error: 0.12
[ INFO] [1774861391.656528231, 1093.547000000]: [Multi Floor Nav] Module C: tr(??)=0.0000, C_t=1.0000 (tau=0.85), frame_ok=1
[ INFO] [1774861391.857336484, 1093.746000000]: [Multi Floor Nav] Current Robot Pose, x: 5.25, y: -0.25, yaw: 0.12
[ INFO] [1774861391.857382160, 1093.746000000]: [Multi Floor Nav] Linear Error: 0.35, Angular Error: 0.12
[ INFO] [1774861391.857411283, 1093.746000000]: [Multi Floor Nav] Module C: tr(??)=0.0000, C_t=1.0000 (tau=0.85), frame_ok=1
[ INFO] [1774861392.059556715, 1093.946000000]: [Multi Floor Nav] Current Robot Pose, x: 5.25, y: -0.25, yaw: 0.12
[ INFO] [1774861392.059629978, 1093.946000000]: [Multi Floor Nav] Linear Error: 0.35, Angular Error: 0.12
[ INFO] [1774861392.059676213, 1093.946000000]: [Multi Floor Nav] Module C: tr(??)=0.0000, C_t=1.0000 (tau=0.85), frame_ok=1
[ INFO] [1774861392.059707223, 1093.946000000]: [Multi Floor Nav] Module C: reloc passed (consecutive 3 >= K=3)
[ INFO] [1774861392.059725800, 1093.946000000]: [Multi Floor Nav] Robot at correct pose
[ INFO] [1774861392.061060465, 1093.948000000]: [Multi Floor Nav] RELOC_PASS: linear_error=0.3541, angular_error=0.1204, linear_error_init=0.0007, angular_error_init=0.0296, tr_sigma=0.0000, C_t=1.0000
[ INFO] [1774861393.074233598, 1094.948000000]: [Multi Floor Nav] POST_PASS: dt=1.000s, linear_error=0.3541, angular_error=0.1191
[ INFO] [1774861393.074284582, 1094.948000000]: [Multi Floor Nav] Will send goal to x: 3, y: -0, at level: 0
[ INFO] [1774861393.074311331, 1094.948000000]: [Multi Floor Nav] Sending Robot to x: 3.0, y: -0.5, yaw: 3.1
[ INFO] [1774861393.276244236, 1095.148000000]: [Multi Floor Nav] POST_PASS: dt=1.200s, linear_error=0.3541, angular_error=0.1191
[ INFO] [1774861393.479310732, 1095.349000000]: [Multi Floor Nav] POST_PASS: dt=1.401s, linear_error=0.3541, angular_error=0.1191
[ INFO] [1774861393.680886748, 1095.548000000]: [Multi Floor Nav] POST_PASS: dt=1.600s, linear_error=0.3872, angular_error=0.2838
[ INFO] [1774861393.884527408, 1095.748000000]: [Multi Floor Nav] POST_PASS: dt=1.800s, linear_error=0.4087, angular_error=0.6897
[ INFO] [1774861394.085085141, 1095.948000000]: [Multi Floor Nav] POST_PASS: dt=2.000s, linear_error=0.4143, angular_error=1.0973
[ INFO] [1774861410.695480117, 1112.348000000]: [Multi Floor Nav] Requesting Lift to Level 0
[ INFO] [1774861410.895552173, 1112.548000000]: [Multi Floor Nav] Entering Lift at Level 0
[ INFO] [1774861428.248176026, 1129.749000000]: [Multi Floor Nav] Requesting Lift to Level 1
[ INFO] [1774861[ WARN] [1774861448.137078279, 1149.353000000]: [Multi Floor Nav] Initial pose perturbation applied: offset_x=0.25, offset_y=0.25, offset_theta=0.15
435.329590054, 1136.749000000]: [Multi Floor Nav] Exiting Lift at Level 1
[ INFO] [1774861448.002924189, 1149.221000000]: [Multi Floor Nav] Successfully loaded map for level: 1
[ INFO] [1774861448.137107403, 1149.353000000]: [Multi Floor Nav] Initializing Robot at x: 3.2, y: -0.2, yaw: 3.3 (level=1, sigma: x=0.000, y=0.000, yaw=0.000, retry=0)
[ INFO] [1774861448.137139809, 1149.353000000]: [Multi Floor Nav] Initializing Pose to x: 3.00, y: -0.50 at level: 1
[ INFO] [1774861449.160261791, 1150.355000000]: [Multi Floor Nav] Waiting for AMCL nomotion updates (1.0/6.0s, L1)...
[ INFO] [1774861450.179915252, 1151.356000000]: [Multi Floor Nav] Waiting for AMCL nomotion updates (2.0/6.0s, L1)...
[ INFO] [1774861451.197234063, 1152.357000000]: [Multi Floor Nav] Waiting for AMCL nomotion updates (3.0/6.0s, L1)...
[ INFO] [1774861452.214670066, 1153.357000000]: [Multi Floor Nav] Waiting for AMCL nomotion updates (4.0/6.0s, L1)...
[ INFO] [1774861453.227513664, 1154.357000000]: [Multi Floor Nav] Waiting for AMCL nomotion updates (5.0/6.0s, L1)...
[ INFO] [1774861454.242486230, 1155.355000000]: [Multi Floor Nav] Current Robot Pose, x: 3.25, y: -0.25, yaw: -3.02
[ INFO] [1774861454.242506135, 1155.355000000]: [Multi Floor Nav] Linear Error: 0.35, Angular Error: 0.12
[ INFO] [1774861454.242518217, 1155.355000000]: [Multi Floor Nav] Module C: tr(??)=0.0000, C_t=1.0000 (tau=0.85), frame_ok=1
[ INFO] [1774861454.447501499, 1155.557000000]: [Multi Floor Nav] Current Robot Pose, x: 3.25, y: -0.25, yaw: -3.02
[ INFO] [1774861454.447522102, 1155.557000000]: [Multi Floor Nav] Linear Error: 0.35, Angular Error: 0.12
[ INFO] [1774861454.447534883, 1155.557000000]: [Multi Floor Nav] Module C: tr(??)=0.0000, C_t=1.0000 (tau=0.85), frame_ok=1
[ INFO] [1774861454.650875990, 1155.756000000]: [Multi Floor Nav] Current Robot Pose, x: 3.25, y: -0.25, yaw: -3.02
[ INFO] [1774861454.650932841, 1155.756000000]: [Multi Floor Nav] Linear Error: 0.35, Angular Error: 0.12
[ INFO] [1774861454.650976771, 1155.756000000]: [Multi Floor Nav] Module C: tr(??)=0.0000, C_t=1.0000 (tau=0.85), frame_ok=1
[ INFO] [1774861454.651007780, 1155.756000000]: [Multi Floor Nav] Module C: reloc passed (consecutive 3 >= K=3)
[ INFO] [1774861454.651037253, 1155.756000000]: [Multi Floor Nav] Robot at correct pose
[ INFO] [1774861454.654775431, 1155.760000000]: [Multi Floor Nav] RELOC_PASS: linear_error=0.3533, angular_error=0.1200, linear_error_init=0.0004, angular_error_init=0.0300, tr_sigma=0.0000, C_t=1.0000
[ INFO] [1774861455.674030934, 1156.760000000]: [Multi Floor Nav] POST_PASS: dt=1.000s, linear_error=0.3533, angular_error=0.1191
[ INFO] [1774861455.674080033, 1156.760000000]: [Multi Floor Nav] Will send goal to x: 4, y: 5, at level: 1
[ INFO] [1774861455.674124382, 1156.760000000]: [Multi Floor Nav] Sending Robot to x: 4.0, y: 5.0, yaw: 0.0
[ INFO] [1774861455.877926231, 1156.960000000]: [Multi Floor Nav] POST_PASS: dt=1.200s, linear_error=0.3533, angular_error=0.1191
[ INFO] [1774861456.083069937, 1157.160000000]: [Multi Floor Nav] POST_PASS: dt=1.400s, linear_error=0.3533, angular_error=0.1191
[ INFO] [1774861456.287254585, 1157.360000000]: [Multi Floor Nav] POST_PASS: dt=1.600s, linear_error=0.2776, angular_error=0.1449
[ INFO] [1774861456.490194175, 1157.560000000]: [Multi Floor Nav] POST_PASS: dt=1.800s, linear_error=0.2865, angular_error=0.4264
[ INFO] [1774861501.794390168, 1201.760000000]: [Multi Floor Nav] Robot arrived at Goal
[ INFO] [1774861353.695136005, 1056.133000000]: global_costmap: Using plugin "static_layer"
[ INFO] [1774861353.699534251, 1056.137000000]: Requesting the map...
[ INFO] [1774861385.457909430, 1087.440000000]: Resizing costmap to 992 X 992 at 0.020000 m/pix
[ INFO] [1774861385.558660038, 1087.539000000]: Received a 992 X 992 map at 0.020000 m/pix
[ INFO] [1774861385.562193791, 1087.542000000]: global_costmap: Using plugin "obstacles_layer"
[ INFO] [1774861385.565225875, 1087.546000000]:     Subscribed to Topics: scan
[ INFO] [1774861385.579655056, 1087.560000000]: global_costmap: Using plugin "inflater_layer"
[ INFO] [1774861385.602017494, 1087.582000000]: local_costmap: Using plugin "obstacles_layer"
[ INFO] [1774861385.604403617, 1087.585000000]:     Subscribed to Topics: scan
[ INFO] [1774861385.611463370, 1087.592000000]: local_costmap: Using plugin "inflater_layer"
[ INFO] [1774861385.628140459, 1087.609000000]: Created local_planner base_local_planner/TrajectoryPlannerROS
[ INFO] [1774861385.637933027, 1087.618000000]: Sim period is set to 0.05
[ INFO] [1774861385.735332098, 1087.715000000]: Recovery behavior will clear layer 'obstacles'
[ INFO] [1774861385.738173096, 1087.718000000]: Recovery behavior will clear layer 'obstacles'
[ INFO] [1774861385.766199931, 1087.746000000]: odom received!

auto-starting new master
[1mprocess[master]: started with pid [503408][0m
[1mROS_MASTER_URI=http://localhost:11311[0m
]2;/home/eethanhe/catkin_ws/src/robot-multi-floor-navigation/multi_floor_nav/launch/nav.launch http://localhost:11311
[1msetting /run_id to 2e3c1342-2c17-11f1-8d1e-01badb8e21cf[0m
[1mprocess[rosout-1]: started with pid [503433][0m
started core service [/rosout]
[1mprocess[gazebo-2]: started with pid [503440][0m
[1mprocess[robot_state_publisher-3]: started with pid [503443][0m
[1mprocess[controller_spawner-4]: started with pid [503446][0m
[1mprocess[ekf_localization-5]: started with pid [503447][0m
[1mprocess[twist_mux-6]: started with pid [503448][0m
[1mprocess[twist_marker_server-7]: started with pid [503453][0m
[1mprocess[urdf_spawner-8]: started with pid [503456][0m
[1mprocess[map_server0-9]: started with pid [503466][0m
[1mprocess[map_server1-10]: started with pid [503473][0m
[1mprocess[amcl-11]: started with pid [503474][0m
[1mprocess[move_base-12]: started with pid [503477][0m
[1mprocess[rviz-13]: started with pid [503482][0m
[1mprocess[change_map_node-14]: started with pid [503490][0m
[1mprocess[multi_floor_navigation_node-15]: started with pid [503498][0m
[1m[urdf_spawner-8] process has finished cleanly
log file: /home/eethanhe/.ros/log/2e3c1342-2c17-11f1-8d1e-01badb8e21cf/urdf_spawner-8*.log[0m
[multi_floor_navigation_node-15] killing on exit
[change_map_node-14] killing on exit
[rviz-13] killing on exit
[move_base-12] killing on exit
[amcl-11] killing on exit
[map_server1-10] killing on exit
[map_server0-9] killing on exit
[twist_marker_server-7] killing on exit
[twist_mux-6] killing on exit
[ekf_localization-5] killing on exit
[controller_spawner-4] killing on exit
[robot_state_publisher-3] killing on exit
[gazebo-2] killing on exit
[rosout-1] killing on exit
[master] killing on exit
shutting down processing monitor...
... shutting down processing monitor complete
[1mdone[0m
