xacro: in-order processing became default in ROS Melodic. You can drop the option.
... logging to /home/eethanhe/.ros/log/08212fee-2c1c-11f1-8d1e-01badb8e21cf/roslaunch-eethanhe-Lenovo-Legion-R9000P2021H-544043.log
Checking log directory for disk usage. This may take a while.
Press Ctrl-C to interrupt
Done checking log file disk usage. Usage is <1GB.
]2;/home/eethanhe/catkin_ws/src/robot-multi-floor-navigation/multi_floor_nav/launch/nav.launch
[1mstarted roslaunch server http://eethanhe-Lenovo-Legion-R9000P2021H:46471/[0m

SUMMARY
========

PARAMETERS
 * /amcl/auto_update_noise: 0.0
 * /amcl/base_frame_id: base_link
 * /amcl/expected_laser_freq: 5.0
 * /amcl/first_map_only: False
 * /amcl/global_frame_id: map
 * /amcl/gui_publish_rate: 10.0
 * /amcl/initial_pose_a: 0.0
 * /amcl/initial_pose_x: 0.0
 * /amcl/initial_pose_y: 0.0
 * /amcl/kld_err: 0.05
 * /amcl/kld_z: 0.99
 * /amcl/laser_lambda_short: 0.1
 * /amcl/laser_likelihood_max_dist: 2.0
 * /amcl/laser_max_beams: 720
 * /amcl/laser_max_range: 30.0
 * /amcl/laser_min_range: 0.1
 * /amcl/laser_model_type: likelihood_field
 * /amcl/laser_sigma_hit: 0.2
 * /amcl/laser_z_hit: 0.5
 * /amcl/laser_z_max: 0.05
 * /amcl/laser_z_rand: 0.5
 * /amcl/laser_z_short: 0.05
 * /amcl/max_particles: 2000
 * /amcl/min_particles: 500
 * /amcl/odom_alpha1: 0.2
 * /amcl/odom_alpha2: 0.2
 * /amcl/odom_alpha3: 0.2
 * /amcl/odom_alpha4: 0.2
 * /amcl/odom_alpha5: 0.1
 * /amcl/odom_frame_id: odom
 * /amcl/odom_model_type: diff
 * /amcl/odom_update_interval: 0.1
 * /amcl/recovery_alpha_fast: 0.1
 * /amcl/recovery_alpha_slow: 0.001
 * /amcl/resample_interval: 1
 * /amcl/transform_tolerance: 1.0
 * /amcl/update_min_a: 0.3927
 * /amcl/update_min_d: 0.1
 * /amcl/use_map_topic: False
 * /ekf_localization/base_link_frame: base_link
 * /ekf_localization/frequency: 50
 * /ekf_localization/imu0: /imu/data
 * /ekf_localization/imu0_config: [False, False, Fa...
 * /ekf_localization/imu0_differential: False
 * /ekf_localization/odom0: /jackal_velocity_...
 * /ekf_localization/odom0_config: [False, False, Fa...
 * /ekf_localization/odom0_differential: False
 * /ekf_localization/odom_frame: odom
 * /ekf_localization/predict_to_current_time: True
 * /ekf_localization/world_frame: odom
 * /gazebo/enable_ros_network: True
 * /jackal_joint_publisher/publish_rate: 50
 * /jackal_joint_publisher/type: joint_state_contr...
 * /jackal_velocity_controller/angular/z/has_acceleration_limits: True
 * /jackal_velocity_controller/angular/z/has_velocity_limits: True
 * /jackal_velocity_controller/angular/z/max_acceleration: 25.0
 * /jackal_velocity_controller/angular/z/max_velocity: 4.0
 * /jackal_velocity_controller/cmd_vel_timeout: 0.25
 * /jackal_velocity_controller/enable_odom_tf: False
 * /jackal_velocity_controller/k_l: 0.1
 * /jackal_velocity_controller/k_r: 0.1
 * /jackal_velocity_controller/left_wheel: ['front_left_whee...
 * /jackal_velocity_controller/linear/x/has_acceleration_limits: True
 * /jackal_velocity_controller/linear/x/has_velocity_limits: True
 * /jackal_velocity_controller/linear/x/max_acceleration: 20.0
 * /jackal_velocity_controller/linear/x/max_velocity: 2.0
 * /jackal_velocity_controller/pose_covariance_diagonal: [0.001, 0.001, 10...
 * /jackal_velocity_controller/publish_cmd: True
 * /jackal_velocity_controller/publish_rate: 50
 * /jackal_velocity_controller/right_wheel: ['front_right_whe...
 * /jackal_velocity_controller/twist_covariance_diagonal: [0.001, 0.001, 0....
 * /jackal_velocity_controller/type: diff_drive_contro...
 * /jackal_velocity_controller/wheel_radius_multiplier: 1.0
 * /jackal_velocity_controller/wheel_separation_multiplier: 1.5
 * /move_base/NavfnROS/allow_unknown: True
 * /move_base/TrajectoryPlannerROS/acc_lim_theta: 20.0
 * /move_base/TrajectoryPlannerROS/acc_lim_x: 10.0
 * /move_base/TrajectoryPlannerROS/angular_sim_granularity: 0.02
 * /move_base/TrajectoryPlannerROS/controller_frequency: 20.0
 * /move_base/TrajectoryPlannerROS/dwa: True
 * /move_base/TrajectoryPlannerROS/escape_reset_dist: 0.1
 * /move_base/TrajectoryPlannerROS/escape_reset_theta: 0.1
 * /move_base/TrajectoryPlannerROS/escape_vel: -0.5
 * /move_base/TrajectoryPlannerROS/gdist_scale: 1.0
 * /move_base/TrajectoryPlannerROS/heading_lookahead: 0.325
 * /move_base/TrajectoryPlannerROS/heading_scoring: False
 * /move_base/TrajectoryPlannerROS/heading_scoring_timestep: 0.8
 * /move_base/TrajectoryPlannerROS/holonomic_robot: False
 * /move_base/TrajectoryPlannerROS/latch_xy_goal_tolerance: False
 * /move_base/TrajectoryPlannerROS/max_vel_theta: 1.57
 * /move_base/TrajectoryPlannerROS/max_vel_x: 0.5
 * /move_base/TrajectoryPlannerROS/meter_scoring: True
 * /move_base/TrajectoryPlannerROS/min_in_place_vel_theta: 0.314
 * /move_base/TrajectoryPlannerROS/min_vel_theta: -1.57
 * /move_base/TrajectoryPlannerROS/min_vel_x: 0.1
 * /move_base/TrajectoryPlannerROS/occdist_scale: 0.1
 * /move_base/TrajectoryPlannerROS/oscillation_reset_dist: 0.05
 * /move_base/TrajectoryPlannerROS/pdist_scale: 0.75
 * /move_base/TrajectoryPlannerROS/publish_cost_grid_pc: True
 * /move_base/TrajectoryPlannerROS/sim_granularity: 0.02
 * /move_base/TrajectoryPlannerROS/sim_time: 2.0
 * /move_base/TrajectoryPlannerROS/simple_attractor: False
 * /move_base/TrajectoryPlannerROS/vtheta_samples: 20
 * /move_base/TrajectoryPlannerROS/vx_samples: 6
 * /move_base/TrajectoryPlannerROS/xy_goal_tolerance: 0.25
 * /move_base/TrajectoryPlannerROS/yaw_goal_tolerance: 0.157
 * /move_base/base_global_planner: navfn/NavfnROS
 * /move_base/base_local_planner: base_local_planne...
 * /move_base/clearing_rotation_allowed: True
 * /move_base/controller_frequency: 20.0
 * /move_base/controller_patience: 15.0
 * /move_base/global_costmap/footprint: [[-0.21, -0.165],...
 * /move_base/global_costmap/footprint_padding: 0.1
 * /move_base/global_costmap/global_frame: map
 * /move_base/global_costmap/height: 40.0
 * /move_base/global_costmap/inflater_layer/inflation_radius: 0.3
 * /move_base/global_costmap/map_type: costmap
 * /move_base/global_costmap/meter_scoring: True
 * /move_base/global_costmap/obstacle_range: 2.5
 * /move_base/global_costmap/obstacles_layer/observation_sources: scan
 * /move_base/global_costmap/obstacles_layer/scan/clearing: True
 * /move_base/global_costmap/obstacles_layer/scan/data_type: LaserScan
 * /move_base/global_costmap/obstacles_layer/scan/marking: True
 * /move_base/global_costmap/obstacles_layer/scan/max_obstacle_height: 2.0
 * /move_base/global_costmap/obstacles_layer/scan/min_obstacle_height: -2.0
 * /move_base/global_costmap/obstacles_layer/scan/obstacle_range: 2.5
 * /move_base/global_costmap/obstacles_layer/scan/raytrace_range: 3.0
 * /move_base/global_costmap/obstacles_layer/scan/sensor_frame: front_laser
 * /move_base/global_costmap/obstacles_layer/scan/topic: front/scan
 * /move_base/global_costmap/origin_x: -20.0
 * /move_base/global_costmap/origin_y: -20.0
 * /move_base/global_costmap/origin_z: 0.0
 * /move_base/global_costmap/plugins: [{'name': 'static...
 * /move_base/global_costmap/publish_frequency: 5.0
 * /move_base/global_costmap/publish_voxel_map: False
 * /move_base/global_costmap/raytrace_range: 3.0
 * /move_base/global_costmap/resolution: 0.05
 * /move_base/global_costmap/robot_base_frame: base_link
 * /move_base/global_costmap/rolling_window: False
 * /move_base/global_costmap/static_map: True
 * /move_base/global_costmap/transform_tolerance: 0.5
 * /move_base/global_costmap/update_frequency: 20.0
 * /move_base/global_costmap/width: 40.0
 * /move_base/global_costmap/z_resolution: 1
 * /move_base/global_costmap/z_voxels: 2
 * /move_base/local_costmap/footprint: [[-0.21, -0.165],...
 * /move_base/local_costmap/footprint_padding: 0.1
 * /move_base/local_costmap/global_frame: map
 * /move_base/local_costmap/height: 10.0
 * /move_base/local_costmap/inflater_layer/inflation_radius: 0.3
 * /move_base/local_costmap/map_type: costmap
 * /move_base/local_costmap/meter_scoring: True
 * /move_base/local_costmap/obstacle_range: 2.5
 * /move_base/local_costmap/obstacles_layer/observation_sources: scan
 * /move_base/local_costmap/obstacles_layer/scan/clearing: True
 * /move_base/local_costmap/obstacles_layer/scan/data_type: LaserScan
 * /move_base/local_costmap/obstacles_layer/scan/marking: True
 * /move_base/local_costmap/obstacles_layer/scan/max_obstacle_height: 2.0
 * /move_base/local_costmap/obstacles_layer/scan/min_obstacle_height: -2.0
 * /move_base/local_costmap/obstacles_layer/scan/obstacle_range: 2.5
 * /move_base/local_costmap/obstacles_layer/scan/raytrace_range: 3.0
 * /move_base/local_costmap/obstacles_layer/scan/sensor_frame: front_laser
 * /move_base/local_costmap/obstacles_layer/scan/topic: front/scan
 * /move_base/local_costmap/origin_z: 0.0
 * /move_base/local_costmap/plugins: [{'name': 'obstac...
 * /move_base/local_costmap/publish_frequency: 5.0
 * /move_base/local_costmap/publish_voxel_map: False
 * /move_base/local_costmap/raytrace_range: 3.0
 * /move_base/local_costmap/resolution: 0.05
 * /move_base/local_costmap/robot_base_frame: base_link
 * /move_base/local_costmap/rolling_window: True
 * /move_base/local_costmap/static_map: False
 * /move_base/local_costmap/transform_tolerance: 0.5
 * /move_base/local_costmap/update_frequency: 20.0
 * /move_base/local_costmap/width: 10.0
 * /move_base/local_costmap/z_resolution: 1
 * /move_base/local_costmap/z_voxels: 2
 * /move_base/oscillation_distance: 0.5
 * /move_base/oscillation_timeout: 0.0
 * /move_base/planner_frequency: 20.0
 * /move_base/planner_patience: 5.0
 * /move_base/recovery_behavior_enabled: True
 * /move_base/shutdown_costmaps: False
 * /multi_floor_navigation_node/init_pose_offset_theta: 0.05
 * /multi_floor_navigation_node/init_pose_offset_x: 0.1
 * /multi_floor_navigation_node/init_pose_offset_y: 0.1
 * /multi_floor_navigation_node/region_init_sigma_x: 0
 * /multi_floor_navigation_node/region_init_sigma_y: 0
 * /multi_floor_navigation_node/region_init_sigma_yaw: 0
 * /multi_floor_navigation_node/reloc_confidence_K: 3
 * /multi_floor_navigation_node/reloc_confidence_lambda: 20.0
 * /multi_floor_navigation_node/reloc_confidence_tau: 0.85
 * /multi_floor_navigation_node/reloc_min_check_delay_sec: 6.0
 * /multi_floor_navigation_node/use_covariance_reloc: True
 * /robot_description: <?xml version="1....
 * /rosdistro: noetic
 * /rosversion: 1.17.0
 * /twist_marker_server/link_name: base_link
 * /twist_mux/locks: [{'name': 'e_stop...
 * /twist_mux/topics: [{'name': 'joy', ...
 * /use_gui: True
 * /use_sim_time: True

NODES
  /
    amcl (amcl/amcl)
    change_map_node (multi_floor_nav/change_map_node)
    controller_spawner (controller_manager/spawner)
    ekf_localization (robot_localization/ekf_localization_node)
    gazebo (gazebo_ros/gzserver)
    map_server0 (map_server/map_server)
    map_server1 (map_server/map_server)
    move_base (move_base/move_base)
    multi_floor_navigation_node (multi_floor_nav/multi_floor_navigation_node)
    robot_state_publisher (robot_state_publisher/robot_state_publisher)
    rviz (rviz/rviz)
    twist_marker_server (interactive_marker_twist_server/marker_server)
    twist_mux (twist_mux/twist_mux)
    urdf_spawner (gazebo_ros/spawn_model)
[ INFO] [1774863434.559565693]: Finished loading Gazebo ROS API Plugin.
[ INFO] [1774863434.571629251]: waitForService: Service [/gazebo/set_physics_properties] has not been advertised, waiting...
[1;33mWarning [Model.cc:216][0m Non-unique name[door] detected 2 times in XML children of model with name[elevator].
[1;33mWarning [Model.cc:309][0m Joint with name [door] in model with name [elevator] has a name collision, changing joint name to [door_joint].
[ INFO] [1774863435.616833456]: waitForService: Service [/gazebo/set_physics_properties] is now available.
[ INFO] [1774863435.632120067]: Physics dynamic reconfigure ready.
[1;33mWarning [parser_urdf.cc:1161][0m multiple inconsistent <gravity> exists due to fixed joint reduction overwriting previous value [true] with [false].
[1;33mWarning [parser_urdf.cc:1161][0m multiple inconsistent <gravity> exists due to fixed joint reduction overwriting previous value [false] with [true].
[ERROR] [1774863436.220331163, 1054.900000000]: No p gain specified for pid.  Namespace: /gazebo_ros_control/pid_gains/front_left_wheel
[ERROR] [1774863436.220808520, 1054.900000000]: No p gain specified for pid.  Namespace: /gazebo_ros_control/pid_gains/front_right_wheel
[ERROR] [1774863436.221198368, 1054.900000000]: No p gain specified for pid.  Namespace: /gazebo_ros_control/pid_gains/rear_left_wheel
[ERROR] [1774863436.221569568, 1054.900000000]: No p gain specified for pid.  Namespace: /gazebo_ros_control/pid_gains/rear_right_wheel
[ WARN] [1774863436.261850711, 1054.901000000]: Failed to meet update rate! Took 1054.9010000000000673
[ WARN] [1774863436.262710304, 1054.902000000]: Timed out waiting for transform from base_link to map to become available before running costmap, tf error: canTransform: target_frame map does not exist.. canTransform returned after 1054.9 timeout was 0.1.
[ WARN] [1774863436.262804239, 1054.902000000]: Failed to meet update rate! Took 1054.8820000000000618
[ WARN] [1774863436.521681618]: Interactive marker 'robot_twist_marker' contains unnormalized quaternions. This warning will only be output once but may be true for others; enable DEBUG messages for ros.rviz.quaternions to see more details.
[ WARN] [1774863437.543956648, 1056.166000000]: global_costmap: Pre-Hydro parameter "static_map" unused since "plugins" is provided
[ WARN] [1774863437.544205838, 1056.166000000]: global_costmap: Pre-Hydro parameter "map_type" unused since "plugins" is provided
[ WARN] [1774863469.152698263, 1087.363000000]: [Multi Floor Nav] Initial pose perturbation applied: offset_x=0.10, offset_y=0.10, offset_theta=0.05
[ WARN] [1774863469.200363428, 1087.411000000]: local_costmap: Pre-Hydro parameter "static_map" unused since "plugins" is provided
[ WARN] [1774863469.200625259, 1087.411000000]: local_costmap: Pre-Hydro parameter "map_type" unused since "plugins" is provided
[ WARN] [1774863469.246550006, 1087.457000000]: Parameter pdist_scale is deprecated. Please use the name path_distance_bias instead.
[ WARN] [1774863469.247201685, 1087.458000000]: Parameter gdist_scale is deprecated. Please use the name goal_distance_bias instead.
[ INFO] [1774863434.260730684]: [Multi Floor Nav] Module C: covariance reloc criterion enabled (lambda=20.00, tau=0.85, K=3, post_monitor=2.0s, min_delay=6.0s)
[ INFO] [1774863434.266028198]: [Multi Floor Nav] Module A sigma: L0=(0.000,0.000,0.000) L1=(0.000,0.000,0.000)
[ INFO] [1774863434.266057252]: [Multi Floor Nav] Module A delay: L0=6.0s  L1=6.0s  backoff: factor=1.30 max=2.00
[ INFO] [1774863468.988495165, 1087.203000000]: [Multi Floor Nav] Successfully loaded map for level: 0
[ INFO] [1774863469.152746243, 1087.363000000]: [Multi Floor Nav] Initializing Robot at x: 5.1, y: -0.4, yaw: 0.1 (level=0, sigma: x=0.000, y=0.000, yaw=0.000, retry=0)
[ INFO] [1774863469.152769221, 1087.364000000]: [Multi Floor Nav] Initializing Pose to x: 5.00, y: -0.50 at level: 0
[ INFO] [1774863470.166859544, 1088.367000000]: [Multi Floor Nav] Waiting for AMCL nomotion updates (1.0/6.0s, L0)...
[ INFO] [1774863471.179876653, 1089.368000000]: [Multi Floor Nav] Waiting for AMCL nomotion updates (2.0/6.0s, L0)...
[ INFO] [1774863472.386384799, 1090.568000000]: [Multi Floor Nav] Waiting for AMCL nomotion updates (3.2/6.0s, L0)...
[ INFO] [1774863473.396731404, 1091.568000000]: [Multi Floor Nav] Waiting for AMCL nomotion updates (4.2/6.0s, L0)...
[ INFO] [1774863474.404922273, 1092.569000000]: [Multi Floor Nav] Waiting for AMCL nomotion updates (5.2/6.0s, L0)...
[ INFO] [1774863475.209125013, 1093.368000000]: [Multi Floor Nav] Current Robot Pose, x: 5.10, y: -0.40, yaw: 0.05
[ INFO] [1774863475.209145267, 1093.368000000]: [Multi Floor Nav] Linear Error: 0.14, Angular Error: 0.05
[ INFO] [1774863475.209175088, 1093.368000000]: [Multi Floor Nav] Module C: tr(??)=-0.0000, C_t=1.0000 (tau=0.85), frame_ok=1
[ INFO] [1774863475.409879351, 1093.567000000]: [Multi Floor Nav] Current Robot Pose, x: 5.10, y: -0.40, yaw: 0.05
[ INFO] [1774863475.409900234, 1093.567000000]: [Multi Floor Nav] Linear Error: 0.14, Angular Error: 0.05
[ INFO] [1774863475.409911757, 1093.567000000]: [Multi Floor Nav] Module C: tr(??)=-0.0000, C_t=1.0000 (tau=0.85), frame_ok=1
[ INFO] [1774863475.611671026, 1093.767000000]: [Multi Floor Nav] Current Robot Pose, x: 5.10, y: -0.40, yaw: 0.05
[ INFO] [1774863475.611702524, 1093.767000000]: [Multi Floor Nav] Linear Error: 0.14, Angular Error: 0.05
[ INFO] [1774863475.611722289, 1093.767000000]: [Multi Floor Nav] Module C: tr(??)=-0.0000, C_t=1.0000 (tau=0.85), frame_ok=1
[ INFO] [1774863475.611739470, 1093.767000000]: [Multi Floor Nav] Module C: reloc passed (consecutive 3 >= K=3)
[ INFO] [1774863475.611756371, 1093.767000000]: [Multi Floor Nav] Robot at correct pose
[ INFO] [1774863475.614041124, 1093.770000000]: [Multi Floor Nav] RELOC_PASS: linear_error=0.1419, angular_error=0.0468, linear_error_init=0.0007, angular_error_init=0.0032, tr_sigma=-0.0000, C_t=1.0000
[ INFO] [1774863476.625059588, 1094.770000000]: [Multi Floor Nav] POST_PASS: dt=1.000s, linear_error=0.1420, angular_error=0.0471
[ INFO] [1774863476.625097372, 1094.770000000]: [Multi Floor Nav] Will send goal to x: 3, y: -0, at level: 0
[ INFO] [1774863476.625116787, 1094.770000000]: [Multi Floor Nav] Sending Robot to x: 3.0, y: -0.5, yaw: 3.1
[ INFO] [1774863476.826942897, 1094.970000000]: [Multi Floor Nav] POST_PASS: dt=1.200s, linear_error=0.1420, angular_error=0.0471
[ INFO] [1774863477.028838639, 1095.170000000]: [Multi Floor Nav] POST_PASS: dt=1.400s, linear_error=0.1420, angular_error=0.0471
[ INFO] [1774863477.230662239, 1095.370000000]: [Multi Floor Nav] POST_PASS: dt=1.600s, linear_error=0.1586, angular_error=0.3780
[ INFO] [1774863477.433347737, 1095.570000000]: [Multi Floor Nav] POST_PASS: dt=1.800s, linear_error=0.1681, angular_error=0.8097
[ INFO] [1774863477.635888108, 1095.770000000]: [Multi Floor Nav] POST_PASS: dt=2.000s, linear_error=0.1729, angular_error=1.2229
[ INFO] [1774863492.025433632, 1109.971000000]: [Multi Floor Nav] Requesting Lift to Level 0
[ INFO] [1774863492.226547436, 1110.170000000]: [Multi Floor Nav] Entering Lift at Level 0
[ INFO] [1774863509.566797335, 1127.370000000]: [Multi Floor Nav] Requesting Lift to Level 1
[ INFO] [177[ WARN] [1774863529.404466247, 1146.974000000]: [Multi Floor Nav] Initial pose perturbation applied: offset_x=0.10, offset_y=0.10, offset_theta=0.05
4863516.634253491, 1134.370000000]: [Multi Floor Nav] Exiting Lift at Level 1
[ INFO] [1774863529.231860754, 1146.803000000]: [Multi Floor Nav] Successfully loaded map for level: 1
[ INFO] [1774863529.404543141, 1146.974000000]: [Multi Floor Nav] Initializing Robot at x: 3.1, y: -0.4, yaw: 3.2 (level=1, sigma: x=0.000, y=0.000, yaw=0.000, retry=0)
[ INFO] [1774863529.404592588, 1146.974000000]: [Multi Floor Nav] Initializing Pose to x: 3.00, y: -0.50 at level: 1
[ INFO] [1774863530.427924235, 1147.977000000]: [Multi Floor Nav] Waiting for AMCL nomotion updates (1.0/6.0s, L1)...
[ INFO] [1774863531.646910508, 1149.176000000]: [Multi Floor Nav] Waiting for AMCL nomotion updates (2.2/6.0s, L1)...
[ INFO] [1774863532.662457171, 1150.176000000]: [Multi Floor Nav] Waiting for AMCL nomotion updates (3.2/6.0s, L1)...
[ INFO] [1774863533.682277868, 1151.178000000]: [Multi Floor Nav] Waiting for AMCL nomotion updates (4.2/6.0s, L1)...
[ INFO] [1774863534.695623132, 1152.178000000]: [Multi Floor Nav] Waiting for AMCL nomotion updates (5.2/6.0s, L1)...
[ INFO] [1774863535.508408911, 1152.977000000]: [Multi Floor Nav] Current Robot Pose, x: 3.10, y: -0.40, yaw: -3.10
[ INFO] [1774863535.508439850, 1152.977000000]: [Multi Floor Nav] Linear Error: 0.14, Angular Error: 0.05
[ INFO] [1774863535.508465691, 1152.977000000]: [Multi Floor Nav] Module C: tr(??)=-0.0000, C_t=1.0000 (tau=0.85), frame_ok=1
[ INFO] [1774863535.709146088, 1153.176000000]: [Multi Floor Nav] Current Robot Pose, x: 3.10, y: -0.40, yaw: -3.10
[ INFO] [1774863535.709165714, 1153.176000000]: [Multi Floor Nav] Linear Error: 0.14, Angular Error: 0.05
[ INFO] [1774863535.709178005, 1153.176000000]: [Multi Floor Nav] Module C: tr(??)=-0.0000, C_t=1.0000 (tau=0.85), frame_ok=1
[ INFO] [1774863535.914242906, 1153.378000000]: [Multi Floor Nav] Current Robot Pose, x: 3.10, y: -0.40, yaw: -3.10
[ INFO] [1774863535.914292493, 1153.378000000]: [Multi Floor Nav] Linear Error: 0.14, Angular Error: 0.05
[ INFO] [1774863535.914320638, 1153.378000000]: [Multi Floor Nav] Module C: tr(??)=-0.0000, C_t=1.0000 (tau=0.85), frame_ok=1
[ INFO] [1774863535.914341171, 1153.378000000]: [Multi Floor Nav] Module C: reloc passed (consecutive 3 >= K=3)
[ INFO] [1774863535.914367850, 1153.378000000]: [Multi Floor Nav] Robot at correct pose
[ INFO] [1774863535.918225409, 1153.381000000]: [Multi Floor Nav] RELOC_PASS: linear_error=0.1405, angular_error=0.0456, linear_error_init=0.0012, angular_error_init=0.0044, tr_sigma=-0.0000, C_t=1.0000
[ INFO] [1774863536.936962034, 1154.381000000]: [Multi Floor Nav] POST_PASS: dt=1.000s, linear_error=0.1405, angular_error=0.0454
[ INFO] [1774863536.937027056, 1154.381000000]: [Multi Floor Nav] Will send goal to x: 4, y: 5, at level: 1
[ INFO] [1774863536.937059461, 1154.381000000]: [Multi Floor Nav] Sending Robot to x: 4.0, y: 5.0, yaw: 0.0
[ INFO] [1774863537.140918087, 1154.581000000]: [Multi Floor Nav] POST_PASS: dt=1.200s, linear_error=0.1405, angular_error=0.0454
[ INFO] [1774863537.343734417, 1154.781000000]: [Multi Floor Nav] POST_PASS: dt=1.400s, linear_error=0.1405, angular_error=0.0454
[ INFO] [1774863537.547636764, 1154.981000000]: [Multi Floor Nav] POST_PASS: dt=1.600s, linear_error=0.1087, angular_error=0.1589
[ INFO] [1774863537.750573359, 1155.181000000]: [Multi Floor Nav] POST_PASS: dt=1.800s, linear_error=0.1862, angular_error=0.4172
[ INFO] [1774863537.953237018, 1155.381000000]: [Multi Floor Nav] POST_PASS: dt=2.000s, linear_error=0.3204, angular_error=0.8175
[ INFO] [1774863557.138238189, 1174.181000000]: [Multi Floor Nav] Robot arrived at Goal
[ INFO] [1774863437.544703239, 1056.167000000]: global_costmap: Using plugin "static_layer"
[ INFO] [1774863437.549455163, 1056.171000000]: Requesting the map...
[ INFO] [1774863469.062868896, 1087.276000000]: Resizing costmap to 992 X 992 at 0.020000 m/pix
[ INFO] [1774863469.163904192, 1087.374000000]: Received a 992 X 992 map at 0.020000 m/pix
[ INFO] [1774863469.167150574, 1087.378000000]: global_costmap: Using plugin "obstacles_layer"
[ INFO] [1774863469.169699252, 1087.380000000]:     Subscribed to Topics: scan
[ INFO] [1774863469.178560856, 1087.389000000]: global_costmap: Using plugin "inflater_layer"
[ INFO] [1774863469.201088090, 1087.412000000]: local_costmap: Using plugin "obstacles_layer"
[ INFO] [1774863469.203643054, 1087.414000000]:     Subscribed to Topics: scan
[ INFO] [1774863469.212685194, 1087.424000000]: local_costmap: Using plugin "inflater_layer"
[ INFO] [1774863469.233285328, 1087.444000000]: Created local_planner base_local_planner/TrajectoryPlannerROS
[ INFO] [1774863469.237753215, 1087.448000000]: Sim period is set to 0.05
[ INFO] [1774863469.338218964, 1087.548000000]: Recovery behavior will clear layer 'obstacles'
[ INFO] [1774863469.341992569, 1087.551000000]: Recovery behavior will clear layer 'obstacles'
[ INFO] [1774863469.433172925, 1087.642000000]: odom received!

auto-starting new master
[1mprocess[master]: started with pid [544153][0m
[1mROS_MASTER_URI=http://localhost:11311[0m
]2;/home/eethanhe/catkin_ws/src/robot-multi-floor-navigation/multi_floor_nav/launch/nav.launch http://localhost:11311
[1msetting /run_id to 08212fee-2c1c-11f1-8d1e-01badb8e21cf[0m
[1mprocess[rosout-1]: started with pid [544178][0m
started core service [/rosout]
[1mprocess[gazebo-2]: started with pid [544185][0m
[1mprocess[robot_state_publisher-3]: started with pid [544188][0m
[1mprocess[controller_spawner-4]: started with pid [544191][0m
[1mprocess[ekf_localization-5]: started with pid [544192][0m
[1mprocess[twist_mux-6]: started with pid [544193][0m
[1mprocess[twist_marker_server-7]: started with pid [544195][0m
[1mprocess[urdf_spawner-8]: started with pid [544201][0m
[1mprocess[map_server0-9]: started with pid [544211][0m
[1mprocess[map_server1-10]: started with pid [544218][0m
[1mprocess[amcl-11]: started with pid [544219][0m
[1mprocess[move_base-12]: started with pid [544221][0m
[1mprocess[rviz-13]: started with pid [544227][0m
[1mprocess[change_map_node-14]: started with pid [544235][0m
[1mprocess[multi_floor_navigation_node-15]: started with pid [544243][0m
[1m[urdf_spawner-8] process has finished cleanly
log file: /home/eethanhe/.ros/log/08212fee-2c1c-11f1-8d1e-01badb8e21cf/urdf_spawner-8*.log[0m
[multi_floor_navigation_node-15] killing on exit
[change_map_node-14] killing on exit
[rviz-13] killing on exit
[move_base-12] killing on exit
[amcl-11] killing on exit
[map_server1-10] killing on exit
[map_server0-9] killing on exit
[twist_marker_server-7] killing on exit
[twist_mux-6] killing on exit
[ekf_localization-5] killing on exit
[controller_spawner-4] killing on exit
[robot_state_publisher-3] killing on exit
[gazebo-2] killing on exit
[rosout-1] killing on exit
[master] killing on exit
shutting down processing monitor...
... shutting down processing monitor complete
[1mdone[0m
