xacro: in-order processing became default in ROS Melodic. You can drop the option.
... logging to /home/eethanhe/.ros/log/6311df78-2782-11f1-8845-1536d44dd856/roslaunch-eethanhe-Lenovo-Legion-R9000P2021H-41123.log
Checking log directory for disk usage. This may take a while.
Press Ctrl-C to interrupt
Done checking log file disk usage. Usage is <1GB.
]2;/home/eethanhe/catkin_ws/src/robot-multi-floor-navigation/multi_floor_nav/launch/nav.launch
[1mstarted roslaunch server http://eethanhe-Lenovo-Legion-R9000P2021H:44399/[0m

SUMMARY
========

PARAMETERS
 * /amcl/auto_update_noise: 0.0
 * /amcl/base_frame_id: base_link
 * /amcl/expected_laser_freq: 5.0
 * /amcl/first_map_only: False
 * /amcl/global_frame_id: map
 * /amcl/gui_publish_rate: 10.0
 * /amcl/initial_pose_a: 0.0
 * /amcl/initial_pose_x: 0.0
 * /amcl/initial_pose_y: 0.0
 * /amcl/kld_err: 0.05
 * /amcl/kld_z: 0.99
 * /amcl/laser_lambda_short: 0.1
 * /amcl/laser_likelihood_max_dist: 2.0
 * /amcl/laser_max_beams: 720
 * /amcl/laser_max_range: 30.0
 * /amcl/laser_min_range: 0.1
 * /amcl/laser_model_type: likelihood_field
 * /amcl/laser_sigma_hit: 0.2
 * /amcl/laser_z_hit: 0.5
 * /amcl/laser_z_max: 0.05
 * /amcl/laser_z_rand: 0.5
 * /amcl/laser_z_short: 0.05
 * /amcl/max_particles: 2000
 * /amcl/min_particles: 500
 * /amcl/odom_alpha1: 0.2
 * /amcl/odom_alpha2: 0.2
 * /amcl/odom_alpha3: 0.2
 * /amcl/odom_alpha4: 0.2
 * /amcl/odom_alpha5: 0.1
 * /amcl/odom_frame_id: odom
 * /amcl/odom_model_type: diff
 * /amcl/odom_update_interval: 0.1
 * /amcl/recovery_alpha_fast: 0.1
 * /amcl/recovery_alpha_slow: 0.001
 * /amcl/resample_interval: 1
 * /amcl/transform_tolerance: 1.0
 * /amcl/update_min_a: 0.3927
 * /amcl/update_min_d: 0.1
 * /amcl/use_map_topic: False
 * /ekf_localization/base_link_frame: base_link
 * /ekf_localization/frequency: 50
 * /ekf_localization/imu0: /imu/data
 * /ekf_localization/imu0_config: [False, False, Fa...
 * /ekf_localization/imu0_differential: False
 * /ekf_localization/odom0: /jackal_velocity_...
 * /ekf_localization/odom0_config: [False, False, Fa...
 * /ekf_localization/odom0_differential: False
 * /ekf_localization/odom_frame: odom
 * /ekf_localization/predict_to_current_time: True
 * /ekf_localization/world_frame: odom
 * /gazebo/enable_ros_network: True
 * /jackal_joint_publisher/publish_rate: 50
 * /jackal_joint_publisher/type: joint_state_contr...
 * /jackal_velocity_controller/angular/z/has_acceleration_limits: True
 * /jackal_velocity_controller/angular/z/has_velocity_limits: True
 * /jackal_velocity_controller/angular/z/max_acceleration: 25.0
 * /jackal_velocity_controller/angular/z/max_velocity: 4.0
 * /jackal_velocity_controller/cmd_vel_timeout: 0.25
 * /jackal_velocity_controller/enable_odom_tf: False
 * /jackal_velocity_controller/k_l: 0.1
 * /jackal_velocity_controller/k_r: 0.1
 * /jackal_velocity_controller/left_wheel: ['front_left_whee...
 * /jackal_velocity_controller/linear/x/has_acceleration_limits: True
 * /jackal_velocity_controller/linear/x/has_velocity_limits: True
 * /jackal_velocity_controller/linear/x/max_acceleration: 20.0
 * /jackal_velocity_controller/linear/x/max_velocity: 2.0
 * /jackal_velocity_controller/pose_covariance_diagonal: [0.001, 0.001, 10...
 * /jackal_velocity_controller/publish_cmd: True
 * /jackal_velocity_controller/publish_rate: 50
 * /jackal_velocity_controller/right_wheel: ['front_right_whe...
 * /jackal_velocity_controller/twist_covariance_diagonal: [0.001, 0.001, 0....
 * /jackal_velocity_controller/type: diff_drive_contro...
 * /jackal_velocity_controller/wheel_radius_multiplier: 1.0
 * /jackal_velocity_controller/wheel_separation_multiplier: 1.5
 * /move_base/NavfnROS/allow_unknown: True
 * /move_base/TrajectoryPlannerROS/acc_lim_theta: 20.0
 * /move_base/TrajectoryPlannerROS/acc_lim_x: 10.0
 * /move_base/TrajectoryPlannerROS/angular_sim_granularity: 0.02
 * /move_base/TrajectoryPlannerROS/controller_frequency: 20.0
 * /move_base/TrajectoryPlannerROS/dwa: True
 * /move_base/TrajectoryPlannerROS/escape_reset_dist: 0.1
 * /move_base/TrajectoryPlannerROS/escape_reset_theta: 0.1
 * /move_base/TrajectoryPlannerROS/escape_vel: -0.5
 * /move_base/TrajectoryPlannerROS/gdist_scale: 1.0
 * /move_base/TrajectoryPlannerROS/heading_lookahead: 0.325
 * /move_base/TrajectoryPlannerROS/heading_scoring: False
 * /move_base/TrajectoryPlannerROS/heading_scoring_timestep: 0.8
 * /move_base/TrajectoryPlannerROS/holonomic_robot: False
 * /move_base/TrajectoryPlannerROS/latch_xy_goal_tolerance: False
 * /move_base/TrajectoryPlannerROS/max_vel_theta: 1.57
 * /move_base/TrajectoryPlannerROS/max_vel_x: 0.5
 * /move_base/TrajectoryPlannerROS/meter_scoring: True
 * /move_base/TrajectoryPlannerROS/min_in_place_vel_theta: 0.314
 * /move_base/TrajectoryPlannerROS/min_vel_theta: -1.57
 * /move_base/TrajectoryPlannerROS/min_vel_x: 0.1
 * /move_base/TrajectoryPlannerROS/occdist_scale: 0.1
 * /move_base/TrajectoryPlannerROS/oscillation_reset_dist: 0.05
 * /move_base/TrajectoryPlannerROS/pdist_scale: 0.75
 * /move_base/TrajectoryPlannerROS/publish_cost_grid_pc: True
 * /move_base/TrajectoryPlannerROS/sim_granularity: 0.02
 * /move_base/TrajectoryPlannerROS/sim_time: 2.0
 * /move_base/TrajectoryPlannerROS/simple_attractor: False
 * /move_base/TrajectoryPlannerROS/vtheta_samples: 20
 * /move_base/TrajectoryPlannerROS/vx_samples: 6
 * /move_base/TrajectoryPlannerROS/xy_goal_tolerance: 0.25
 * /move_base/TrajectoryPlannerROS/yaw_goal_tolerance: 0.157
 * /move_base/base_global_planner: navfn/NavfnROS
 * /move_base/base_local_planner: base_local_planne...
 * /move_base/clearing_rotation_allowed: True
 * /move_base/controller_frequency: 20.0
 * /move_base/controller_patience: 15.0
 * /move_base/global_costmap/footprint: [[-0.21, -0.165],...
 * /move_base/global_costmap/footprint_padding: 0.1
 * /move_base/global_costmap/global_frame: map
 * /move_base/global_costmap/height: 40.0
 * /move_base/global_costmap/inflater_layer/inflation_radius: 0.3
 * /move_base/global_costmap/map_type: costmap
 * /move_base/global_costmap/meter_scoring: True
 * /move_base/global_costmap/obstacle_range: 2.5
 * /move_base/global_costmap/obstacles_layer/observation_sources: scan
 * /move_base/global_costmap/obstacles_layer/scan/clearing: True
 * /move_base/global_costmap/obstacles_layer/scan/data_type: LaserScan
 * /move_base/global_costmap/obstacles_layer/scan/marking: True
 * /move_base/global_costmap/obstacles_layer/scan/max_obstacle_height: 2.0
 * /move_base/global_costmap/obstacles_layer/scan/min_obstacle_height: -2.0
 * /move_base/global_costmap/obstacles_layer/scan/obstacle_range: 2.5
 * /move_base/global_costmap/obstacles_layer/scan/raytrace_range: 3.0
 * /move_base/global_costmap/obstacles_layer/scan/sensor_frame: front_laser
 * /move_base/global_costmap/obstacles_layer/scan/topic: front/scan
 * /move_base/global_costmap/origin_x: -20.0
 * /move_base/global_costmap/origin_y: -20.0
 * /move_base/global_costmap/origin_z: 0.0
 * /move_base/global_costmap/plugins: [{'name': 'static...
 * /move_base/global_costmap/publish_frequency: 5.0
 * /move_base/global_costmap/publish_voxel_map: False
 * /move_base/global_costmap/raytrace_range: 3.0
 * /move_base/global_costmap/resolution: 0.05
 * /move_base/global_costmap/robot_base_frame: base_link
 * /move_base/global_costmap/rolling_window: False
 * /move_base/global_costmap/static_map: True
 * /move_base/global_costmap/transform_tolerance: 0.5
 * /move_base/global_costmap/update_frequency: 20.0
 * /move_base/global_costmap/width: 40.0
 * /move_base/global_costmap/z_resolution: 1
 * /move_base/global_costmap/z_voxels: 2
 * /move_base/local_costmap/footprint: [[-0.21, -0.165],...
 * /move_base/local_costmap/footprint_padding: 0.1
 * /move_base/local_costmap/global_frame: map
 * /move_base/local_costmap/height: 10.0
 * /move_base/local_costmap/inflater_layer/inflation_radius: 0.3
 * /move_base/local_costmap/map_type: costmap
 * /move_base/local_costmap/meter_scoring: True
 * /move_base/local_costmap/obstacle_range: 2.5
 * /move_base/local_costmap/obstacles_layer/observation_sources: scan
 * /move_base/local_costmap/obstacles_layer/scan/clearing: True
 * /move_base/local_costmap/obstacles_layer/scan/data_type: LaserScan
 * /move_base/local_costmap/obstacles_layer/scan/marking: True
 * /move_base/local_costmap/obstacles_layer/scan/max_obstacle_height: 2.0
 * /move_base/local_costmap/obstacles_layer/scan/min_obstacle_height: -2.0
 * /move_base/local_costmap/obstacles_layer/scan/obstacle_range: 2.5
 * /move_base/local_costmap/obstacles_layer/scan/raytrace_range: 3.0
 * /move_base/local_costmap/obstacles_layer/scan/sensor_frame: front_laser
 * /move_base/local_costmap/obstacles_layer/scan/topic: front/scan
 * /move_base/local_costmap/origin_z: 0.0
 * /move_base/local_costmap/plugins: [{'name': 'obstac...
 * /move_base/local_costmap/publish_frequency: 5.0
 * /move_base/local_costmap/publish_voxel_map: False
 * /move_base/local_costmap/raytrace_range: 3.0
 * /move_base/local_costmap/resolution: 0.05
 * /move_base/local_costmap/robot_base_frame: base_link
 * /move_base/local_costmap/rolling_window: True
 * /move_base/local_costmap/static_map: False
 * /move_base/local_costmap/transform_tolerance: 0.5
 * /move_base/local_costmap/update_frequency: 20.0
 * /move_base/local_costmap/width: 10.0
 * /move_base/local_costmap/z_resolution: 1
 * /move_base/local_costmap/z_voxels: 2
 * /move_base/oscillation_distance: 0.5
 * /move_base/oscillation_timeout: 0.0
 * /move_base/planner_frequency: 20.0
 * /move_base/planner_patience: 5.0
 * /move_base/recovery_behavior_enabled: True
 * /move_base/shutdown_costmaps: False
 * /multi_floor_navigation_node/init_pose_offset_theta: 0
 * /multi_floor_navigation_node/init_pose_offset_x: 0
 * /multi_floor_navigation_node/init_pose_offset_y: 0
 * /multi_floor_navigation_node/region_init_sigma_x: 0.15
 * /multi_floor_navigation_node/region_init_sigma_y: 0.15
 * /multi_floor_navigation_node/region_init_sigma_yaw: 0.05
 * /multi_floor_navigation_node/reloc_confidence_K: 3
 * /multi_floor_navigation_node/reloc_confidence_lambda: 1.0
 * /multi_floor_navigation_node/reloc_confidence_tau: 0.5
 * /multi_floor_navigation_node/reloc_min_check_delay_sec: 3.0
 * /multi_floor_navigation_node/use_covariance_reloc: True
 * /robot_description: <?xml version="1....
 * /rosdistro: noetic
 * /rosversion: 1.17.0
 * /twist_marker_server/link_name: base_link
 * /twist_mux/locks: [{'name': 'e_stop...
 * /twist_mux/topics: [{'name': 'joy', ...
 * /use_gui: True
 * /use_sim_time: True

NODES
  /
    amcl (amcl/amcl)
    change_map_node (multi_floor_nav/change_map_node)
    controller_spawner (controller_manager/spawner)
    ekf_localization (robot_localization/ekf_localization_node)
    gazebo (gazebo_ros/gzserver)
    map_server0 (map_server/map_server)
    map_server1 (map_server/map_server)
    move_base (move_base/move_base)
    multi_floor_navigation_node (multi_floor_nav/multi_floor_navigation_node)
    robot_state_publisher (robot_state_publisher/robot_state_publisher)
    rviz (rviz/rviz)
    twist_marker_server (interactive_marker_twist_server/marker_server)
    twist_mux (twist_mux/twist_mux)
    urdf_spawner (gazebo_ros/spawn_model)
[ INFO] [1774357639.913142578]: Finished loading Gazebo ROS API Plugin.
[ INFO] [1774357639.913905040]: waitForService: Service [/gazebo/set_physics_properties] has not been advertised, waiting...
[1;33mWarning [Model.cc:216][0m Non-unique name[door] detected 2 times in XML children of model with name[elevator].
[1;33mWarning [Model.cc:309][0m Joint with name [door] in model with name [elevator] has a name collision, changing joint name to [door_joint].
[ WARN] [1774357642.074356542, 1055.080000000]: Failed to meet update rate! Took 1055.0799999999999272
[ WARN] [1774357642.076403741, 1055.084000000]: Failed to meet update rate! Took 1055.0640000000000782
[ INFO] [1774357641.757139395]: waitForService: Service [/gazebo/set_physics_properties] is now available.
[ INFO] [1774357641.772647391]: Physics dynamic reconfigure ready.
[1;33mWarning [parser_urdf.cc:1161][0m multiple inconsistent <gravity> exists due to fixed joint reduction overwriting previous value [true] with [false].
[1;33mWarning [parser_urdf.cc:1161][0m multiple inconsistent <gravity> exists due to fixed joint reduction overwriting previous value [false] with [true].
[ERROR] [1774357642.530677227, 1055.098000000]: No p gain specified for pid.  Namespace: /gazebo_ros_control/pid_gains/front_left_wheel
[ERROR] [1774357642.531169820, 1055.098000000]: No p gain specified for pid.  Namespace: /gazebo_ros_control/pid_gains/front_right_wheel
[ERROR] [1774357642.531561352, 1055.098000000]: No p gain specified for pid.  Namespace: /gazebo_ros_control/pid_gains/rear_left_wheel
[ERROR] [1774357642.531963082, 1055.098000000]: No p gain specified for pid.  Namespace: /gazebo_ros_control/pid_gains/rear_right_wheel
[ WARN] [1774357642.577332378, 1055.100000000]: Timed out waiting for transform from base_link to map to become available before running costmap, tf error: canTransform: target_frame map does not exist.. canTransform returned after 1055.1 timeout was 0.1.
[ WARN] [1774357642.779277505, 1055.301000000]: Interactive marker 'robot_twist_marker' contains unnormalized quaternions. This warning will only be output once but may be true for others; enable DEBUG messages for ros.rviz.quaternions to see more details.
[ WARN] [1774357643.315050576, 1055.831000000]: No laser scan received (and thus no pose updates have been published) for 1055.831000 seconds.  Verify that data is being published on the /front/scan topic.
[ WARN] [1774357643.315268692, 1055.831000000]: No laser scan received (and thus no pose updates have been published) for 1055.831000 seconds.  Verify that data is being published on the /front/scan topic.
[ WARN] [1774357643.795826046, 1056.307000000]: global_costmap: Pre-Hydro parameter "static_map" unused since "plugins" is provided
[ WARN] [1774357643.796069444, 1056.307000000]: global_costmap: Pre-Hydro parameter "map_type" unused since "plugins" is provided
[ WARN] [1774357674.618619793, 1086.759000000]: local_costmap: Pre-Hydro parameter "static_map" unused since "plugins" is provided
[ WARN] [1774357674.618876531, 1086.760000000]: local_costmap: Pre-Hydro parameter "map_type" unused since "plugins" is provided
[ WARN] [1774357674.660711140, 1086.801000000]: Parameter pdist_scale is deprecated. Please use the name path_distance_bias instead.
[ WARN] [1774357674.661508592, 1086.802000000]: Parameter gdist_scale is deprecated. Please use the name goal_distance_bias instead.
[ INFO] [1774357639.617847408]: [Multi Floor Nav] Module C: covariance reloc criterion enabled (lambda=1.00, tau=0.50, K=3, post_monitor=2.0s, min_delay=3.0s)
[ INFO] [1774357674.458542239, 1086.601000000]: [Multi Floor Nav] Successfully loaded map for level: 0
[ INFO] [1774357674.560526669, 1086.702000000]: [Multi Floor Nav] Initializing Robot at x: 4.0, y: -5.0, yaw: 0.0 (region sigma: x=0.15, y=0.15, yaw=0.05)
[ INFO] [1774357674.560563895, 1086.702000000]: [Multi Floor Nav] Initializing Pose to x: 4.00, y: -5.00 at level: 0
[ INFO] [1774357675.574407469, 1087.705000000]: [Multi Floor Nav] Waiting for AMCL nomotion updates (1.0/3.0s)...
[ INFO] [1774357676.788330351, 1088.906000000]: [Multi Floor Nav] Waiting for AMCL nomotion updates (2.2/3.0s)...
[ INFO] [1774357677.592579597, 1089.705000000]: [Multi Floor Nav] Current Robot Pose, x: 4.05, y: -4.84, yaw: 0.05
[ INFO] [1774357677.592628626, 1089.705000000]: [Multi Floor Nav] Linear Error: 0.17, Angular Error: 0.05
[ INFO] [1774357677.592711249, 1089.705000000]: [Multi Floor Nav] Module C: tr(??)=0.0140, C_t=0.9861 (tau=0.50), frame_ok=1
[ INFO] [1774357677.793532484, 1089.905000000]: [Multi Floor Nav] Current Robot Pose, x: 4.06, y: -4.84, yaw: 0.05
[ INFO] [1774357677.793552948, 1089.905000000]: [Multi Floor Nav] Linear Error: 0.17, Angular Error: 0.05
[ INFO] [1774357677.793563913, 1089.905000000]: [Multi Floor Nav] Module C: tr(??)=0.0137, C_t=0.9863 (tau=0.50), frame_ok=1
[ INFO] [1774357677.994291351, 1090.104000000]: [Multi Floor Nav] Current Robot Pose, x: 4.06, y: -4.84, yaw: 0.05
[ INFO] [1774357677.994309929, 1090.104000000]: [Multi Floor Nav] Linear Error: 0.17, Angular Error: 0.05
[ INFO] [1774357677.994320195, 1090.104000000]: [Multi Floor Nav] Module C: tr(??)=0.0142, C_t=0.9859 (tau=0.50), frame_ok=1
[ INFO] [1774357677.994330113, 1090.104000000]: [Multi Floor Nav] Module C: reloc passed (consecutive 3 >= K=3)
[ INFO] [1774357677.994337376, 1090.104000000]: [Multi Floor Nav] Robot at correct pose
[ INFO] [1774357677.994345478, 1090.104000000]: [Multi Floor Nav] RELOC_PASS: linear_error=0.1709, angular_error=0.0497, tr_sigma=0.0142, C_t=0.9859
[ INFO] [1774357679.006445944, 1091.104000000]: [Multi Floor Nav] POST_PASS: dt=1.000s, linear_error=0.1689, angular_error=0.0549
[ INFO] [1774357679.006529824, 1091.104000000]: [Multi Floor Nav] Will send goal to x: 3, y: -0, at level: 0
[ INFO] [1774357679.006568586, 1091.104000000]: [Multi Floor Nav] Sending Robot to x: 3.0, y: -0.5, yaw: 3.1
[ INFO] [1774357679.208113102, 1091.304000000]: [Multi Floor Nav] POST_PASS: dt=1.200s, linear_error=0.1689, angular_error=0.0549
[ INFO] [1774357679.410771802, 1091.505000000]: [Multi Floor Nav] POST_PASS: dt=1.400s, linear_error=0.2317, angular_error=0.1798
[ INFO] [1774357679.613300318, 1091.704000000]: [Multi Floor Nav] POST_PASS: dt=1.600s, linear_error=0.3288, angular_error=0.3145
[ INFO] [1774357679.815734826, 1091.904000000]: [Multi Floor Nav] POST_PASS: dt=1.800s, linear_error=0.3288, angular_error=0.3145
[ INFO] [1774357700.006458637, 1111.904000000]: [Multi Floor Nav] Requesting Lift to Level 0
[ INFO] [1774357700.209220074, 1112.104000000]: [Multi Floor Nav] Entering Lift at Level 0
[ INFO] [1774357717.557872776, 1129.304000000]: [Multi Floor Nav] Requesting Lift to Level 1
[ INFO] [1774357724.653397318, 1136.304000000]: [Multi Floor Nav] Exiting Lift at Level 1
[ INFO] [1774357737.281930978, 1148.800000000]: [Multi Floor Nav] Successfully loaded map for level: 1
[ INFO] [1774357737.390558261, 1148.908000000]: [Multi Floor Nav] Initializing Robot at x: 3.0, y: -0.5, yaw: 3.1 (region sigma: x=0.15, y=0.15, yaw=0.05)
[ INFO] [1774357737.390591645, 1148.908000000]: [Multi Floor Nav] Initializing Pose to x: 3.00, y: -0.50 at level: 1
[ INFO] [1774357738.405161296, 1149.910000000]: [Multi Floor Nav] Waiting for AMCL nomotion updates (1.0/3.0s)...
[ INFO] [1774357739.418144004, 1150.912000000]: [Multi Floor Nav] Waiting for AMCL nomotion updates (2.0/3.0s)...
[ INFO] [1774357740.428577072, 1151.911000000]: [Multi Floor Nav] Current Robot Pose, x: 3.01, y: -0.60, yaw:[ WARN] [1774357774.179394756, 1185.440000000]: The origin for the sensor at (-1.66, -6.20) is out of map bounds. So, the costmap cannot raytrace for it.
[ WARN] [1774357781.701635784, 1192.812000000]: Clearing both costmaps outside a square (3.00m) large centered on the robot.
[ WARN] [1774357786.869308655, 1197.862000000]: Rotate recovery behavior started.
[ERROR] [1774357786.869445475, 1197.862000000]: Rotate recovery can't rotate in place because there is a potential collision. Cost: -1.00
[ WARN] [1774357792.035630788, 1202.912000000]: Clearing both costmaps outside a square (1.84m) large centered on the robot.
[ WARN] [1774357797.195776682, 1207.962000000]: Rotate recovery behavior started.
[ERROR] [1774357797.195831438, 1207.962000000]: Rotate recovery can't rotate in place because there is a potential collision. Cost: -1.00
[ERROR] [1774357802.363292480, 1213.012000000]: Aborting because a valid plan could not be found. Even after executing all recovery behaviors
 3.13
[ INFO] [1774357740.428659625, 1151.911000000]: [Multi Floor Nav] Linear Error: 0.10, Angular Error: 0.01
[ INFO] [1774357740.428716266, 1151.912000000]: [Multi Floor Nav] Module C: tr(??)=0.0358, C_t=0.9648 (tau=0.50), frame_ok=1
[ INFO] [1774357740.629119360, 1152.111000000]: [Multi Floor Nav] Current Robot Pose, x: 3.01, y: -0.61, yaw: 3.14
[ INFO] [1774357740.629139544, 1152.111000000]: [Multi Floor Nav] Linear Error: 0.11, Angular Error: 0.01
[ INFO] [1774357740.629150859, 1152.111000000]: [Multi Floor Nav] Module C: tr(??)=0.0337, C_t=0.9668 (tau=0.50), frame_ok=1
[ INFO] [1774357740.832641095, 1152.310000000]: [Multi Floor Nav] Current Robot Pose, x: 3.00, y: -0.62, yaw: 3.14
[ INFO] [1774357740.832665120, 1152.310000000]: [Multi Floor Nav] Linear Error: 0.12, Angular Error: 0.00
[ INFO] [1774357740.832679228, 1152.311000000]: [Multi Floor Nav] Module C: tr(??)=0.0330, C_t=0.9675 (tau=0.50), frame_ok=1
[ INFO] [1774357740.832687400, 1152.311000000]: [Multi Floor Nav] Module C: reloc passed (consecutive 3 >= K=3)
[ INFO] [1774357740.832694663, 1152.311000000]: [Multi Floor Nav] Robot at correct pose
[ INFO] [1774357740.832705489, 1152.311000000]: [Multi Floor Nav] RELOC_PASS: linear_error=0.1159, angular_error=0.0034, tr_sigma=0.0330, C_t=0.9675
[ INFO] [1774357741.844450044, 1153.312000000]: [Multi Floor Nav] POST_PASS: dt=1.001s, linear_error=0.1215, angular_error=0.0050
[ INFO] [1774357741.844500469, 1153.312000000]: [Multi Floor Nav] Will send goal to x: 4, y: 5, at level: 1
[ INFO] [1774357741.844524844, 1153.312000000]: [Multi Floor Nav] Sending Robot to x: 4.0, y: 5.0, yaw: 0.0
[ INFO] [1774357742.044690127, 1153.511000000]: [Multi Floor Nav] POST_PASS: dt=1.200s, linear_error=0.1215, angular_error=0.0050
[ INFO] [1774357742.245665364, 1153.711000000]: [Multi Floor Nav] POST_PASS: dt=1.400s, linear_error=0.1608, angular_error=0.0157
[ INFO] [1774357742.446705553, 1153.911000000]: [Multi Floor Nav] POST_PASS: dt=1.600s, linear_error=0.2541, angular_error=0.1431
[ INFO] [1774357742.649193980, 1154.112000000]: [Multi Floor Nav] POST_PASS: dt=1.801s, linear_error=0.2541, angular_error=0.1431
[ INFO] [1774357643.796580476, 1056.308000000]: global_costmap: Using plugin "static_layer"
[ INFO] [1774357643.805666949, 1056.316000000]: Requesting the map...
[ INFO] [1774357674.476667413, 1086.619000000]: Resizing costmap to 992 X 992 at 0.020000 m/pix
[ INFO] [1774357674.578034582, 1086.719000000]: Received a 992 X 992 map at 0.020000 m/pix
[ INFO] [1774357674.580139890, 1086.721000000]: global_costmap: Using plugin "obstacles_layer"
[ INFO] [1774357674.583225845, 1086.724000000]:     Subscribed to Topics: scan
[ INFO] [1774357674.593374749, 1086.734000000]: global_costmap: Using plugin "inflater_layer"
[ INFO] [1774357674.619343353, 1086.760000000]: local_costmap: Using plugin "obstacles_layer"
[ INFO] [1774357674.622638274, 1086.763000000]:     Subscribed to Topics: scan
[ INFO] [1774357674.630915770, 1086.772000000]: local_costmap: Using plugin "inflater_layer"
[ INFO] [1774357674.654652234, 1086.795000000]: Created local_planner base_local_planner/TrajectoryPlannerROS
[ INFO] [1774357674.658789516, 1086.799000000]: Sim period is set to 0.05
[ INFO] [1774357674.764056295, 1086.904000000]: Recovery behavior will clear layer 'obstacles'
[ INFO] [1774357674.771097385, 1086.911000000]: Recovery behavior will clear layer 'obstacles'
[ INFO] [1774357674.906388126, 1087.045000000]: odom received!
[WARN] [1774357893.621219, 1287.336000]: Controller Spawner error while taking down controllers: transport error completing service call: unable to receive data from sender, check sender's logs for details
[31m[controller_spawner-4] escalating to SIGTERM[0m
[31m[gazebo-2] escalating to SIGTERM[0m

auto-starting new master
[1mprocess[master]: started with pid [41199][0m
[1mROS_MASTER_URI=http://localhost:11311[0m
]2;/home/eethanhe/catkin_ws/src/robot-multi-floor-navigation/multi_floor_nav/launch/nav.launch http://localhost:11311
[1msetting /run_id to 6311df78-2782-11f1-8845-1536d44dd856[0m
[1mprocess[rosout-1]: started with pid [41224][0m
started core service [/rosout]
[1mprocess[gazebo-2]: started with pid [41231][0m
[1mprocess[robot_state_publisher-3]: started with pid [41235][0m
[1mprocess[controller_spawner-4]: started with pid [41237][0m
[1mprocess[ekf_localization-5]: started with pid [41238][0m
[1mprocess[twist_mux-6]: started with pid [41239][0m
[1mprocess[twist_marker_server-7]: started with pid [41241][0m
[1mprocess[urdf_spawner-8]: started with pid [41247][0m
[1mprocess[map_server0-9]: started with pid [41253][0m
[1mprocess[map_server1-10]: started with pid [41262][0m
[1mprocess[amcl-11]: started with pid [41265][0m
[1mprocess[move_base-12]: started with pid [41267][0m
[1mprocess[rviz-13]: started with pid [41274][0m
[1mprocess[change_map_node-14]: started with pid [41280][0m
[1mprocess[multi_floor_navigation_node-15]: started with pid [41288][0m
[1m[urdf_spawner-8] process has finished cleanly
log file: /home/eethanhe/.ros/log/6311df78-2782-11f1-8845-1536d44dd856/urdf_spawner-8*.log[0m
[multi_floor_navigation_node-15] killing on exit
[change_map_node-14] killing on exit
[rviz-13] killing on exit
[move_base-12] killing on exit
[amcl-11] killing on exit
[map_server1-10] killing on exit
[map_server0-9] killing on exit
[twist_marker_server-7] killing on exit
[twist_mux-6] killing on exit
[ekf_localization-5] killing on exit
[controller_spawner-4] killing on exit
[robot_state_publisher-3] killing on exit
[gazebo-2] killing on exit
[rosout-1] killing on exit
[master] killing on exit
shutting down processing monitor...
... shutting down processing monitor complete
[1mdone[0m
