xacro: in-order processing became default in ROS Melodic. You can drop the option.
... logging to /home/eethanhe/.ros/log/4514eb6a-3410-11f1-b60d-53eac4b72e0e/roslaunch-eethanhe-Lenovo-Legion-R9000P2021H-2146955.log
Checking log directory for disk usage. This may take a while.
Press Ctrl-C to interrupt
]2;/home/eethanhe/catkin_ws/src/robot-multi-floor-navigation/multi_floor_nav/launch/nav.launch
[1mstarted roslaunch server http://eethanhe-Lenovo-Legion-R9000P2021H:37181/[0m

SUMMARY
========

PARAMETERS
 * /amcl/auto_update_noise: 0.0
 * /amcl/base_frame_id: base_link
 * /amcl/expected_laser_freq: 5.0
 * /amcl/first_map_only: False
 * /amcl/global_frame_id: map
 * /amcl/gui_publish_rate: 10.0
 * /amcl/initial_pose_a: 0.0
 * /amcl/initial_pose_x: 4.0
 * /amcl/initial_pose_y: -5.0
 * /amcl/kld_err: 0.05
 * /amcl/kld_z: 0.99
 * /amcl/laser_lambda_short: 0.1
 * /amcl/laser_likelihood_max_dist: 2.0
 * /amcl/laser_max_beams: 720
 * /amcl/laser_max_range: 30.0
 * /amcl/laser_min_range: 0.1
 * /amcl/laser_model_type: likelihood_field
 * /amcl/laser_sigma_hit: 0.2
 * /amcl/laser_z_hit: 0.5
 * /amcl/laser_z_max: 0.05
 * /amcl/laser_z_rand: 0.5
 * /amcl/laser_z_short: 0.05
 * /amcl/max_particles: 2000
 * /amcl/min_particles: 500
 * /amcl/odom_alpha1: 0.2
 * /amcl/odom_alpha2: 0.2
 * /amcl/odom_alpha3: 0.2
 * /amcl/odom_alpha4: 0.2
 * /amcl/odom_alpha5: 0.1
 * /amcl/odom_frame_id: odom
 * /amcl/odom_model_type: diff
 * /amcl/odom_update_interval: 0.1
 * /amcl/recovery_alpha_fast: 0.1
 * /amcl/recovery_alpha_slow: 0.001
 * /amcl/resample_interval: 1
 * /amcl/transform_tolerance: 1.0
 * /amcl/update_min_a: 0.3927
 * /amcl/update_min_d: 0.1
 * /amcl/use_map_topic: False
 * /ekf_localization/base_link_frame: base_link
 * /ekf_localization/frequency: 50
 * /ekf_localization/imu0: /imu/data
 * /ekf_localization/imu0_config: [False, False, Fa...
 * /ekf_localization/imu0_differential: False
 * /ekf_localization/odom0: /jackal_velocity_...
 * /ekf_localization/odom0_config: [False, False, Fa...
 * /ekf_localization/odom0_differential: False
 * /ekf_localization/odom_frame: odom
 * /ekf_localization/predict_to_current_time: True
 * /ekf_localization/world_frame: odom
 * /gazebo/enable_ros_network: True
 * /jackal_joint_publisher/publish_rate: 50
 * /jackal_joint_publisher/type: joint_state_contr...
 * /jackal_velocity_controller/angular/z/has_acceleration_limits: True
 * /jackal_velocity_controller/angular/z/has_velocity_limits: True
 * /jackal_velocity_controller/angular/z/max_acceleration: 25.0
 * /jackal_velocity_controller/angular/z/max_velocity: 4.0
 * /jackal_velocity_controller/cmd_vel_timeout: 0.25
 * /jackal_velocity_controller/enable_odom_tf: False
 * /jackal_velocity_controller/k_l: 0.1
 * /jackal_velocity_controller/k_r: 0.1
 * /jackal_velocity_controller/left_wheel: ['front_left_whee...
 * /jackal_velocity_controller/linear/x/has_acceleration_limits: True
 * /jackal_velocity_controller/linear/x/has_velocity_limits: True
 * /jackal_velocity_controller/linear/x/max_acceleration: 20.0
 * /jackal_velocity_controller/linear/x/max_velocity: 2.0
 * /jackal_velocity_controller/pose_covariance_diagonal: [0.001, 0.001, 10...
 * /jackal_velocity_controller/publish_cmd: True
 * /jackal_velocity_controller/publish_rate: 50
 * /jackal_velocity_controller/right_wheel: ['front_right_whe...
 * /jackal_velocity_controller/twist_covariance_diagonal: [0.001, 0.001, 0....
 * /jackal_velocity_controller/type: diff_drive_contro...
 * /jackal_velocity_controller/wheel_radius_multiplier: 1.0
 * /jackal_velocity_controller/wheel_separation_multiplier: 1.5
 * /move_base/ImprovedAStarPlanner/alpha_narrow: 1.0
 * /move_base/ImprovedAStarPlanner/alpha_normal: 1.15
 * /move_base/ImprovedAStarPlanner/alpha_open: 1.35
 * /move_base/ImprovedAStarPlanner/density_radius: 2
 * /move_base/ImprovedAStarPlanner/inflation_lambda: 0.5
 * /move_base/ImprovedAStarPlanner/lethal_cost_threshold: 253
 * /move_base/ImprovedAStarPlanner/neutral_cost: 50.0
 * /move_base/ImprovedAStarPlanner/smoothing_enabled: False
 * /move_base/ImprovedAStarPlanner/threshold_narrow: 0.45
 * /move_base/ImprovedAStarPlanner/threshold_open: 0.2
 * /move_base/ImprovedAStarPlanner/w_dir_narrow: 0.15
 * /move_base/ImprovedAStarPlanner/w_dir_normal: 0.25
 * /move_base/ImprovedAStarPlanner/w_dir_open: 0.35
 * /move_base/ImprovedAStarPlanner/w_obs_narrow: 0.9
 * /move_base/ImprovedAStarPlanner/w_obs_normal: 0.45
 * /move_base/ImprovedAStarPlanner/w_obs_open: 0.15
 * /move_base/TrajectoryPlannerROS/acc_lim_theta: 20.0
 * /move_base/TrajectoryPlannerROS/acc_lim_x: 10.0
 * /move_base/TrajectoryPlannerROS/angular_sim_granularity: 0.02
 * /move_base/TrajectoryPlannerROS/controller_frequency: 20.0
 * /move_base/TrajectoryPlannerROS/dwa: True
 * /move_base/TrajectoryPlannerROS/escape_reset_dist: 0.1
 * /move_base/TrajectoryPlannerROS/escape_reset_theta: 0.1
 * /move_base/TrajectoryPlannerROS/escape_vel: -0.5
 * /move_base/TrajectoryPlannerROS/gdist_scale: 1.0
 * /move_base/TrajectoryPlannerROS/heading_lookahead: 0.325
 * /move_base/TrajectoryPlannerROS/heading_scoring: False
 * /move_base/TrajectoryPlannerROS/heading_scoring_timestep: 0.8
 * /move_base/TrajectoryPlannerROS/holonomic_robot: False
 * /move_base/TrajectoryPlannerROS/latch_xy_goal_tolerance: False
 * /move_base/TrajectoryPlannerROS/max_vel_theta: 1.57
 * /move_base/TrajectoryPlannerROS/max_vel_x: 0.5
 * /move_base/TrajectoryPlannerROS/meter_scoring: True
 * /move_base/TrajectoryPlannerROS/min_in_place_vel_theta: 0.314
 * /move_base/TrajectoryPlannerROS/min_vel_theta: -1.57
 * /move_base/TrajectoryPlannerROS/min_vel_x: 0.1
 * /move_base/TrajectoryPlannerROS/occdist_scale: 0.1
 * /move_base/TrajectoryPlannerROS/oscillation_reset_dist: 0.05
 * /move_base/TrajectoryPlannerROS/pdist_scale: 0.75
 * /move_base/TrajectoryPlannerROS/publish_cost_grid_pc: True
 * /move_base/TrajectoryPlannerROS/sim_granularity: 0.02
 * /move_base/TrajectoryPlannerROS/sim_time: 2.0
 * /move_base/TrajectoryPlannerROS/simple_attractor: False
 * /move_base/TrajectoryPlannerROS/vtheta_samples: 20
 * /move_base/TrajectoryPlannerROS/vx_samples: 6
 * /move_base/TrajectoryPlannerROS/xy_goal_tolerance: 0.25
 * /move_base/TrajectoryPlannerROS/yaw_goal_tolerance: 0.157
 * /move_base/base_global_planner: improved_astar/Im...
 * /move_base/base_local_planner: base_local_planne...
 * /move_base/clearing_rotation_allowed: True
 * /move_base/controller_frequency: 20.0
 * /move_base/controller_patience: 15.0
 * /move_base/global_costmap/footprint: [[-0.21, -0.165],...
 * /move_base/global_costmap/footprint_padding: 0.1
 * /move_base/global_costmap/global_frame: map
 * /move_base/global_costmap/height: 40.0
 * /move_base/global_costmap/inflater_layer/inflation_radius: 0.3
 * /move_base/global_costmap/map_type: costmap
 * /move_base/global_costmap/meter_scoring: True
 * /move_base/global_costmap/obstacle_range: 2.5
 * /move_base/global_costmap/obstacles_layer/observation_sources: scan
 * /move_base/global_costmap/obstacles_layer/scan/clearing: True
 * /move_base/global_costmap/obstacles_layer/scan/data_type: LaserScan
 * /move_base/global_costmap/obstacles_layer/scan/marking: True
 * /move_base/global_costmap/obstacles_layer/scan/max_obstacle_height: 2.0
 * /move_base/global_costmap/obstacles_layer/scan/min_obstacle_height: -2.0
 * /move_base/global_costmap/obstacles_layer/scan/obstacle_range: 2.5
 * /move_base/global_costmap/obstacles_layer/scan/raytrace_range: 3.0
 * /move_base/global_costmap/obstacles_layer/scan/sensor_frame: front_laser
 * /move_base/global_costmap/obstacles_layer/scan/topic: front/scan
 * /move_base/global_costmap/origin_x: -20.0
 * /move_base/global_costmap/origin_y: -20.0
 * /move_base/global_costmap/origin_z: 0.0
 * /move_base/global_costmap/plugins: [{'name': 'static...
 * /move_base/global_costmap/publish_frequency: 5.0
 * /move_base/global_costmap/publish_voxel_map: False
 * /move_base/global_costmap/raytrace_range: 3.0
 * /move_base/global_costmap/resolution: 0.05
 * /move_base/global_costmap/robot_base_frame: base_link
 * /move_base/global_costmap/rolling_window: False
 * /move_base/global_costmap/static_map: True
 * /move_base/global_costmap/transform_tolerance: 0.5
 * /move_base/global_costmap/update_frequency: 20.0
 * /move_base/global_costmap/width: 40.0
 * /move_base/global_costmap/z_resolution: 1
 * /move_base/global_costmap/z_voxels: 2
 * /move_base/local_costmap/footprint: [[-0.21, -0.165],...
 * /move_base/local_costmap/footprint_padding: 0.1
 * /move_base/local_costmap/global_frame: map
 * /move_base/local_costmap/height: 10.0
 * /move_base/local_costmap/inflater_layer/inflation_radius: 0.3
 * /move_base/local_costmap/map_type: costmap
 * /move_base/local_costmap/meter_scoring: True
 * /move_base/local_costmap/obstacle_range: 2.5
 * /move_base/local_costmap/obstacles_layer/observation_sources: scan
 * /move_base/local_costmap/obstacles_layer/scan/clearing: True
 * /move_base/local_costmap/obstacles_layer/scan/data_type: LaserScan
 * /move_base/local_costmap/obstacles_layer/scan/marking: True
 * /move_base/local_costmap/obstacles_layer/scan/max_obstacle_height: 2.0
 * /move_base/local_costmap/obstacles_layer/scan/min_obstacle_height: -2.0
 * /move_base/local_costmap/obstacles_layer/scan/obstacle_range: 2.5
 * /move_base/local_costmap/obstacles_layer/scan/raytrace_range: 3.0
 * /move_base/local_costmap/obstacles_layer/scan/sensor_frame: front_laser
 * /move_base/local_costmap/obstacles_layer/scan/topic: front/scan
 * /move_base/local_costmap/origin_z: 0.0
 * /move_base/local_costmap/plugins: [{'name': 'obstac...
 * /move_base/local_costmap/publish_frequency: 5.0
 * /move_base/local_costmap/publish_voxel_map: False
 * /move_base/local_costmap/raytrace_range: 3.0
 * /move_base/local_costmap/resolution: 0.05
 * /move_base/local_costmap/robot_base_frame: base_link
 * /move_base/local_costmap/rolling_window: True
 * /move_base/local_costmap/static_map: False
 * /move_base/local_costmap/transform_tolerance: 0.5
 * /move_base/local_costmap/update_frequency: 20.0
 * /move_base/local_costmap/width: 10.0
 * /move_base/local_costmap/z_resolution: 1
 * /move_base/local_costmap/z_voxels: 2
 * /move_base/oscillation_distance: 0.5
 * /move_base/oscillation_timeout: 0.0
 * /move_base/planner_frequency: 20.0
 * /move_base/planner_patience: 5.0
 * /move_base/recovery_behavior_enabled: True
 * /move_base/shutdown_costmaps: False
 * /multi_floor_navigation_node/init_pose_offset_theta: 0
 * /multi_floor_navigation_node/init_pose_offset_x: 0
 * /multi_floor_navigation_node/init_pose_offset_y: 0
 * /multi_floor_navigation_node/lift_enter_linear_speed: 0.25
 * /multi_floor_navigation_node/lift_enter_target_distance: 3.0
 * /multi_floor_navigation_node/lift_front_safety_stop_distance: 0.2
 * /multi_floor_navigation_node/lift_front_scan_half_angle_rad: 0.25
 * /multi_floor_navigation_node/manual_lift_control: False
 * /multi_floor_navigation_node/max_angular_error: 0.08
 * /multi_floor_navigation_node/use_reference_lift_behavior: True
 * /robot_description: <?xml version="1....
 * /rosdistro: noetic
 * /rosversion: 1.17.0
 * /twist_marker_server/link_name: base_link
 * /twist_mux/locks: [{'name': 'e_stop...
 * /twist_mux/topics: [{'name': 'joy', ...
 * /use_gui: True
 * /use_sim_time: True

NODES
  /
    amcl (amcl/amcl)
    change_map_node (multi_floor_nav/change_map_node)
    controller_spawner (controller_manager/spawner)
    ekf_localization (robot_localization/ekf_localization_node)
    gazebo (gazebo_ros/gzserver)
    gazebo_gui (gazebo_ros/gzclient)
    map_server0 (map_server/map_server)
    map_server1 (map_server/map_server)
    move_base (move_base/move_base)
    multi_floor_navigation_node (multi_floor_nav/multi_floor_navigation_node)
    robot_state_publisher (robot_state_publisher/robot_state_publisher)
    rviz (rviz/rviz)
    trajectory_recorder (multi_floor_nav/trajectory_recorder.py)
    twist_marker_server (interactive_marker_twist_server/marker_server)
    twist_mux (twist_mux/twist_mux)
    urdf_spawner (gazebo_ros/spawn_model)
[ INFO] [1775737992.293479403]: Finished loading Gazebo ROS API Plugin.
[ INFO] [1775737992.294644137]: waitForService: Service [/gazebo/set_physics_properties] has not been advertised, waiting...
[1;33mWarning [Model.cc:216][0m Non-unique name[door] detected 2 times in XML children of model with name[elevator].
[1;33mWarning [Model.cc:309][0m Joint with name [door] in model with name [elevator] has a name collision, changing joint name to [door_joint].
[ INFO] [1775737994.020729272]: waitForService: Service [/gazebo/set_physics_properties] is now available.
[ INFO] [1775737994.038364906]: Physics dynamic reconfigure ready.
[1;33mWarning [parser_urdf.cc:1161][0m multiple inconsistent <gravity> exists due to fixed joint reduction overwriting previous value [true] with [false].
[1;33mWarning [parser_urdf.cc:1161][0m multiple inconsistent <gravity> exists due to fixed joint reduction overwriting previous value [false] with [true].
[ERROR] [1775737994.784910785, 1055.006000000]: No p gain specified for pid.  Namespace: /gazebo_ros_control/pid_gains/front_left_wheel
[ERROR] [1775737994.785279754, 1055.006000000]: No p gain specified for pid.  Namespace: /gazebo_ros_control/pid_gains/front_right_wheel
[ERROR] [1775737994.785633218, 1055.006000000]: No p gain specified for pid.  Namespace: /gazebo_ros_control/pid_gains/rear_left_wheel
[ERROR] [1775737994.785980396, 1055.006000000]: No p gain specified for pid.  Namespace: /gazebo_ros_control/pid_gains/rear_right_wheel
[ WARN] [1775737994.838498985, 1055.007000000]: Failed to meet update rate! Took 1055.0070000000000618
[ WARN] [1775737994.839291259, 1055.008000000]: Failed to meet update rate! Took 1054.9880000000000564
[ WARN] [1775737995.215414085]: Interactive marker 'robot_twist_marker' contains unnormalized quaternions. This warning will only be output once but may be true for others; enable DEBUG messages for ros.rviz.quaternions to see more details.
[ WARN] [1775737995.313679640, 1055.481000000]: Timed out waiting for transform from base_link to map to become available before running costmap, tf error: canTransform: target_frame map does not exist.. canTransform returned after 1055.48 timeout was 0.1.
[ WARN] [1775737996.213343250, 1056.371000000]: global_costmap: Pre-Hydro parameter "static_map" unused since "plugins" is provided
[ WARN] [1775737996.213636721, 1056.372000000]: global_costmap: Pre-Hydro parameter "map_type" unused since "plugins" is provided
[ INFO] [1775737996.214102070, 1056.372000000]: global_costmap: Using plugin "static_layer"
[ INFO] [1775737996.218184612, 1056.376000000]: Requesting the map...
[ INFO] [1775737991.942453159]: [Multi Floor Nav] Module A sigma: L0=(0.000,0.000,0.000) L1=(0.000,0.000,0.000)
[ INFO] [1775737991.943222246]: [Multi Floor Nav] Module A delay: L0=6.0s  L1=6.0s  backoff: factor=1.30 max=2.00
[ INFO] [1775737991.943243827]: [Multi Floor Nav] Reference lift behavior enabled for planning comparison: fixed entry speed/distance, no front safety stop branch.
[ INFO] [1775737994.572213142, 1055.006000000]: Laser Plugin: Using the 'robotNamespace' param: '/'
[ INFO] [1775737994.572252602, 1055.006000000]: Starting Laser Plugin (ns = /)
[ INFO] [1775737994.573266690, 1055.006000000]: Laser Plugin (ns = /)  <tf_prefix_>, set to ""
[ INFO] [1775737994.674951998, 1055.006000000]: Loading gazebo_ros_control plugin
[ INFO] [1775737994.675017300, 1055.006000000]: Starting gazebo_ros_control plugin in namespace: /
[ INFO] [1775737994.675620444, 1055.006000000]: gazebo_ros_control plugin is waiting for model URDF in parameter [robot_description] on the ROS param server.
[ INFO] [1775737994.788787437, 1055.006000000]: Loaded gazebo_ros_control.
[ INFO] [1775737994.831263690, 1055.006000000]: Controller state will be published at 50Hz.
[ INFO] [1775737994.834098317, 1055.006000000]: Wheel separation will be multiplied by 1.5.
[ INFO] [1775737994.834953797, 1055.006000000]: Left wheel radius will be multiplied by 1.
[ INFO] [1775737994.835807950, 1055.006000000]: Right wheel radius will be multiplied by 1.
[ INFO] [1775737994.836003574, 1055.006000000]: Velocity rolling window size of 10.
[ INFO] [1775737994.837982861, 1055.007000000]: Velocity commands will be considered old if they are older than 0.25s.
[ INFO] [1775737994.838195806, 1055.007000000]: Allow mutiple cmd_vel publishers is enabled
[ INFO] [1775737994.838531670, 1055.007000000]: Base frame_id set to base_link
[ INFO] [1775737994.839029495, 1055.008000000]: Odometry frame_id set to odom
[ INFO] [1775737994.839546038, 1055.008000000]: Publishing to tf is disabled
[ INFO] [1775737994.846265419, 1055.015000000]: left wheel to origin: 0.131,0.187795, 0.0345
[ INFO] [1775737994.846290771, 1055.015000000]: right wheel to origin: 0.131,-0.187795, 0.0345
[ INFO] [1775737994.846341685, 1055.015000000]: Odometry params : wheel separation 0.563385, left wheel radius 0.098, right wheel radius 0.098
[ INFO] [1775737994.847841865, 1055.017000000]: Adding left wheel with joint name: front_left_wheel and right wheel with joint name: front_right_wheel
[ INFO] [1775737994.847892988, 1055.017000000]: Adding left wheel with joint name: rear_left_wheel and right wheel with joint name: rear_right_wheel
[ INFO] [1775737994.853406638, 1055.022000000]: Dynamic Reconfigure:
DynamicParams:
	Odometry parameters:
		left wheel radius multiplier: 1
		right wheel radius multiplier: 1
		wheel separation multiplier: 1.5
	Publication parameters:
		Publish executed velocity command: disabled
		Publication rate: 50
		Publish frame odom on tf: disabled
[ERROR] [1775738024.923308336, 1084.461000000]: [setParam] Failed to contact master at [localhost:11311].  Retrying...
[WARN] [1775738024.669152, 1084.461000]: Controller Spawner error while taking down controllers: unable to contact master
[INFO] [1775737992.133415, 0.000000]: [trajectory_recorder] Started. Recording floor 0 trajectory.
[31mWARNING: disk usage in log directory [/home/eethanhe/.ros/log] is over 1GB.
It's recommended that you use the 'rosclean' command.[0m
[31m================================================================================REQUIRED process [master] has died!
process has finished cleanly
log file: /home/eethanhe/.ros/log/4514eb6a-3410-11f1-b60d-53eac4b72e0e/master*.log
Initiating shutdown!
================================================================================[0m

auto-starting new master
[1mprocess[master]: started with pid [2147032][0m
[1mROS_MASTER_URI=http://localhost:11311[0m
]2;/home/eethanhe/catkin_ws/src/robot-multi-floor-navigation/multi_floor_nav/launch/nav.launch http://localhost:11311
[1msetting /run_id to 4514eb6a-3410-11f1-b60d-53eac4b72e0e[0m
[1mprocess[rosout-1]: started with pid [2147069][0m
started core service [/rosout]
[1mprocess[gazebo-2]: started with pid [2147087][0m
[1mprocess[gazebo_gui-3]: started with pid [2147090][0m
[1mprocess[robot_state_publisher-4]: started with pid [2147099][0m
[1mprocess[controller_spawner-5]: started with pid [2147110][0m
[1mprocess[ekf_localization-6]: started with pid [2147123][0m
[1mprocess[twist_mux-7]: started with pid [2147125][0m
[1mprocess[twist_marker_server-8]: started with pid [2147130][0m
[1mprocess[urdf_spawner-9]: started with pid [2147136][0m
[1mprocess[map_server0-10]: started with pid [2147142][0m
[1mprocess[map_server1-11]: started with pid [2147149][0m
[1mprocess[amcl-12]: started with pid [2147151][0m
[1mprocess[move_base-13]: started with pid [2147154][0m
[1mprocess[rviz-14]: started with pid [2147164][0m
[1mprocess[change_map_node-15]: started with pid [2147170][0m
[1mprocess[multi_floor_navigation_node-16]: started with pid [2147185][0m
[1mprocess[trajectory_recorder-17]: started with pid [2147198][0m
[1m[urdf_spawner-9] process has finished cleanly
log file: /home/eethanhe/.ros/log/4514eb6a-3410-11f1-b60d-53eac4b72e0e/urdf_spawner-9*.log[0m
[1m[robot_state_publisher-4] process has finished cleanly
log file: /home/eethanhe/.ros/log/4514eb6a-3410-11f1-b60d-53eac4b72e0e/robot_state_publisher-4*.log[0m
[trajectory_recorder-17] killing on exit
[multi_floor_navigation_node-16] killing on exit
[change_map_node-15] killing on exit
[rviz-14] killing on exit
[move_base-13] killing on exit
[amcl-12] killing on exit
[map_server1-11] killing on exit
[map_server0-10] killing on exit
[twist_marker_server-8] killing on exit
[twist_mux-7] killing on exit
[ekf_localization-6] killing on exit
[controller_spawner-5] killing on exit
[gazebo_gui-3] killing on exit
[gazebo-2] killing on exit
[rosout-1] killing on exit
[master] killing on exit
shutting down processing monitor...
... shutting down processing monitor complete
[1mdone[0m
