xacro: in-order processing became default in ROS Melodic. You can drop the option.
... logging to /home/eethanhe/.ros/log/44c4ac5c-274c-11f1-af8b-b9b8cdd47afb/roslaunch-eethanhe-Lenovo-Legion-R9000P2021H-93243.log
Checking log directory for disk usage. This may take a while.
Press Ctrl-C to interrupt
Done checking log file disk usage. Usage is <1GB.
]2;/home/eethanhe/catkin_ws/src/robot-multi-floor-navigation/multi_floor_nav/launch/nav.launch
[1mstarted roslaunch server http://eethanhe-Lenovo-Legion-R9000P2021H:45445/[0m

SUMMARY
========

PARAMETERS
 * /amcl/auto_update_noise: 0.0
 * /amcl/base_frame_id: base_link
 * /amcl/expected_laser_freq: 5.0
 * /amcl/first_map_only: False
 * /amcl/global_frame_id: map
 * /amcl/gui_publish_rate: 10.0
 * /amcl/initial_pose_a: 0.0
 * /amcl/initial_pose_x: 0.0
 * /amcl/initial_pose_y: 0.0
 * /amcl/kld_err: 0.05
 * /amcl/kld_z: 0.99
 * /amcl/laser_lambda_short: 0.1
 * /amcl/laser_likelihood_max_dist: 2.0
 * /amcl/laser_max_beams: 720
 * /amcl/laser_max_range: 30.0
 * /amcl/laser_min_range: 0.1
 * /amcl/laser_model_type: likelihood_field
 * /amcl/laser_sigma_hit: 0.2
 * /amcl/laser_z_hit: 0.5
 * /amcl/laser_z_max: 0.05
 * /amcl/laser_z_rand: 0.5
 * /amcl/laser_z_short: 0.05
 * /amcl/max_particles: 2000
 * /amcl/min_particles: 500
 * /amcl/odom_alpha1: 0.2
 * /amcl/odom_alpha2: 0.2
 * /amcl/odom_alpha3: 0.2
 * /amcl/odom_alpha4: 0.2
 * /amcl/odom_alpha5: 0.1
 * /amcl/odom_frame_id: odom
 * /amcl/odom_model_type: diff
 * /amcl/odom_update_interval: 0.1
 * /amcl/recovery_alpha_fast: 0.1
 * /amcl/recovery_alpha_slow: 0.001
 * /amcl/resample_interval: 1
 * /amcl/transform_tolerance: 1.0
 * /amcl/update_min_a: 0.3927
 * /amcl/update_min_d: 0.1
 * /amcl/use_map_topic: False
 * /ekf_localization/base_link_frame: base_link
 * /ekf_localization/frequency: 50
 * /ekf_localization/imu0: /imu/data
 * /ekf_localization/imu0_config: [False, False, Fa...
 * /ekf_localization/imu0_differential: False
 * /ekf_localization/odom0: /jackal_velocity_...
 * /ekf_localization/odom0_config: [False, False, Fa...
 * /ekf_localization/odom0_differential: False
 * /ekf_localization/odom_frame: odom
 * /ekf_localization/predict_to_current_time: True
 * /ekf_localization/world_frame: odom
 * /gazebo/enable_ros_network: True
 * /jackal_joint_publisher/publish_rate: 50
 * /jackal_joint_publisher/type: joint_state_contr...
 * /jackal_velocity_controller/angular/z/has_acceleration_limits: True
 * /jackal_velocity_controller/angular/z/has_velocity_limits: True
 * /jackal_velocity_controller/angular/z/max_acceleration: 25.0
 * /jackal_velocity_controller/angular/z/max_velocity: 4.0
 * /jackal_velocity_controller/cmd_vel_timeout: 0.25
 * /jackal_velocity_controller/enable_odom_tf: False
 * /jackal_velocity_controller/k_l: 0.1
 * /jackal_velocity_controller/k_r: 0.1
 * /jackal_velocity_controller/left_wheel: ['front_left_whee...
 * /jackal_velocity_controller/linear/x/has_acceleration_limits: True
 * /jackal_velocity_controller/linear/x/has_velocity_limits: True
 * /jackal_velocity_controller/linear/x/max_acceleration: 20.0
 * /jackal_velocity_controller/linear/x/max_velocity: 2.0
 * /jackal_velocity_controller/pose_covariance_diagonal: [0.001, 0.001, 10...
 * /jackal_velocity_controller/publish_cmd: True
 * /jackal_velocity_controller/publish_rate: 50
 * /jackal_velocity_controller/right_wheel: ['front_right_whe...
 * /jackal_velocity_controller/twist_covariance_diagonal: [0.001, 0.001, 0....
 * /jackal_velocity_controller/type: diff_drive_contro...
 * /jackal_velocity_controller/wheel_radius_multiplier: 1.0
 * /jackal_velocity_controller/wheel_separation_multiplier: 1.5
 * /move_base/NavfnROS/allow_unknown: True
 * /move_base/TrajectoryPlannerROS/acc_lim_theta: 20.0
 * /move_base/TrajectoryPlannerROS/acc_lim_x: 10.0
 * /move_base/TrajectoryPlannerROS/angular_sim_granularity: 0.02
 * /move_base/TrajectoryPlannerROS/controller_frequency: 20.0
 * /move_base/TrajectoryPlannerROS/dwa: True
 * /move_base/TrajectoryPlannerROS/escape_reset_dist: 0.1
 * /move_base/TrajectoryPlannerROS/escape_reset_theta: 0.1
 * /move_base/TrajectoryPlannerROS/escape_vel: -0.5
 * /move_base/TrajectoryPlannerROS/gdist_scale: 1.0
 * /move_base/TrajectoryPlannerROS/heading_lookahead: 0.325
 * /move_base/TrajectoryPlannerROS/heading_scoring: False
 * /move_base/TrajectoryPlannerROS/heading_scoring_timestep: 0.8
 * /move_base/TrajectoryPlannerROS/holonomic_robot: False
 * /move_base/TrajectoryPlannerROS/latch_xy_goal_tolerance: False
 * /move_base/TrajectoryPlannerROS/max_vel_theta: 1.57
 * /move_base/TrajectoryPlannerROS/max_vel_x: 0.5
 * /move_base/TrajectoryPlannerROS/meter_scoring: True
 * /move_base/TrajectoryPlannerROS/min_in_place_vel_theta: 0.314
 * /move_base/TrajectoryPlannerROS/min_vel_theta: -1.57
 * /move_base/TrajectoryPlannerROS/min_vel_x: 0.1
 * /move_base/TrajectoryPlannerROS/occdist_scale: 0.1
 * /move_base/TrajectoryPlannerROS/oscillation_reset_dist: 0.05
 * /move_base/TrajectoryPlannerROS/pdist_scale: 0.75
 * /move_base/TrajectoryPlannerROS/publish_cost_grid_pc: True
 * /move_base/TrajectoryPlannerROS/sim_granularity: 0.02
 * /move_base/TrajectoryPlannerROS/sim_time: 2.0
 * /move_base/TrajectoryPlannerROS/simple_attractor: False
 * /move_base/TrajectoryPlannerROS/vtheta_samples: 20
 * /move_base/TrajectoryPlannerROS/vx_samples: 6
 * /move_base/TrajectoryPlannerROS/xy_goal_tolerance: 0.25
 * /move_base/TrajectoryPlannerROS/yaw_goal_tolerance: 0.157
 * /move_base/base_global_planner: navfn/NavfnROS
 * /move_base/base_local_planner: base_local_planne...
 * /move_base/clearing_rotation_allowed: True
 * /move_base/controller_frequency: 20.0
 * /move_base/controller_patience: 15.0
 * /move_base/global_costmap/footprint: [[-0.21, -0.165],...
 * /move_base/global_costmap/footprint_padding: 0.1
 * /move_base/global_costmap/global_frame: map
 * /move_base/global_costmap/height: 40.0
 * /move_base/global_costmap/inflater_layer/inflation_radius: 0.3
 * /move_base/global_costmap/map_type: costmap
 * /move_base/global_costmap/meter_scoring: True
 * /move_base/global_costmap/obstacle_range: 2.5
 * /move_base/global_costmap/obstacles_layer/observation_sources: scan
 * /move_base/global_costmap/obstacles_layer/scan/clearing: True
 * /move_base/global_costmap/obstacles_layer/scan/data_type: LaserScan
 * /move_base/global_costmap/obstacles_layer/scan/marking: True
 * /move_base/global_costmap/obstacles_layer/scan/max_obstacle_height: 2.0
 * /move_base/global_costmap/obstacles_layer/scan/min_obstacle_height: -2.0
 * /move_base/global_costmap/obstacles_layer/scan/obstacle_range: 2.5
 * /move_base/global_costmap/obstacles_layer/scan/raytrace_range: 3.0
 * /move_base/global_costmap/obstacles_layer/scan/sensor_frame: front_laser
 * /move_base/global_costmap/obstacles_layer/scan/topic: front/scan
 * /move_base/global_costmap/origin_x: -20.0
 * /move_base/global_costmap/origin_y: -20.0
 * /move_base/global_costmap/origin_z: 0.0
 * /move_base/global_costmap/plugins: [{'name': 'static...
 * /move_base/global_costmap/publish_frequency: 5.0
 * /move_base/global_costmap/publish_voxel_map: False
 * /move_base/global_costmap/raytrace_range: 3.0
 * /move_base/global_costmap/resolution: 0.05
 * /move_base/global_costmap/robot_base_frame: base_link
 * /move_base/global_costmap/rolling_window: False
 * /move_base/global_costmap/static_map: True
 * /move_base/global_costmap/transform_tolerance: 0.5
 * /move_base/global_costmap/update_frequency: 20.0
 * /move_base/global_costmap/width: 40.0
 * /move_base/global_costmap/z_resolution: 1
 * /move_base/global_costmap/z_voxels: 2
 * /move_base/local_costmap/footprint: [[-0.21, -0.165],...
 * /move_base/local_costmap/footprint_padding: 0.1
 * /move_base/local_costmap/global_frame: map
 * /move_base/local_costmap/height: 10.0
 * /move_base/local_costmap/inflater_layer/inflation_radius: 0.3
 * /move_base/local_costmap/map_type: costmap
 * /move_base/local_costmap/meter_scoring: True
 * /move_base/local_costmap/obstacle_range: 2.5
 * /move_base/local_costmap/obstacles_layer/observation_sources: scan
 * /move_base/local_costmap/obstacles_layer/scan/clearing: True
 * /move_base/local_costmap/obstacles_layer/scan/data_type: LaserScan
 * /move_base/local_costmap/obstacles_layer/scan/marking: True
 * /move_base/local_costmap/obstacles_layer/scan/max_obstacle_height: 2.0
 * /move_base/local_costmap/obstacles_layer/scan/min_obstacle_height: -2.0
 * /move_base/local_costmap/obstacles_layer/scan/obstacle_range: 2.5
 * /move_base/local_costmap/obstacles_layer/scan/raytrace_range: 3.0
 * /move_base/local_costmap/obstacles_layer/scan/sensor_frame: front_laser
 * /move_base/local_costmap/obstacles_layer/scan/topic: front/scan
 * /move_base/local_costmap/origin_z: 0.0
 * /move_base/local_costmap/plugins: [{'name': 'obstac...
 * /move_base/local_costmap/publish_frequency: 5.0
 * /move_base/local_costmap/publish_voxel_map: False
 * /move_base/local_costmap/raytrace_range: 3.0
 * /move_base/local_costmap/resolution: 0.05
 * /move_base/local_costmap/robot_base_frame: base_link
 * /move_base/local_costmap/rolling_window: True
 * /move_base/local_costmap/static_map: False
 * /move_base/local_costmap/transform_tolerance: 0.5
 * /move_base/local_costmap/update_frequency: 20.0
 * /move_base/local_costmap/width: 10.0
 * /move_base/local_costmap/z_resolution: 1
 * /move_base/local_costmap/z_voxels: 2
 * /move_base/oscillation_distance: 0.5
 * /move_base/oscillation_timeout: 0.0
 * /move_base/planner_frequency: 20.0
 * /move_base/planner_patience: 5.0
 * /move_base/recovery_behavior_enabled: True
 * /move_base/shutdown_costmaps: False
 * /multi_floor_navigation_node/init_pose_offset_theta: 0
 * /multi_floor_navigation_node/init_pose_offset_x: 0
 * /multi_floor_navigation_node/init_pose_offset_y: 0
 * /robot_description: <?xml version="1....
 * /rosdistro: noetic
 * /rosversion: 1.17.0
 * /twist_marker_server/link_name: base_link
 * /twist_mux/locks: [{'name': 'e_stop...
 * /twist_mux/topics: [{'name': 'joy', ...
 * /use_gui: True
 * /use_sim_time: True

NODES
  /
    amcl (amcl/amcl)
    change_map_node (multi_floor_nav/change_map_node)
    controller_spawner (controller_manager/spawner)
    ekf_localization (robot_localization/ekf_localization_node)
    gazebo (gazebo_ros/gzserver)
    map_server0 (map_server/map_server)
    map_server1 (map_server/map_server)
    move_base (move_base/move_base)
    multi_floor_navigation_node (multi_floor_nav/multi_floor_navigation_node)
    robot_state_publisher (robot_state_publisher/robot_state_publisher)
    rviz (rviz/rviz)
    twist_marker_server (interactive_marker_twist_server/marker_server)
    twist_mux (twist_mux/twist_mux)
    urdf_spawner (gazebo_ros/spawn_model)
[ INFO] [1774334396.331701899]: Finished loading Gazebo ROS API Plugin.
[ INFO] [1774334396.340388720]: waitForService: Service [/gazebo/set_physics_properties] has not been advertised, waiting...
[1;33mWarning [Model.cc:216][0m Non-unique name[door] detected 2 times in XML children of model with name[elevator].
[1;33mWarning [Model.cc:309][0m Joint with name [door] in model with name [elevator] has a name collision, changing joint name to [door_joint].
[ WARN] [1774334398.211376152, 1055.078000000]: Failed to meet update rate! Took 1055.0779999999999745
[ WARN] [1774334398.212171692, 1055.079000000]: Failed to meet update rate! Took 1055.0589999999999691
[ INFO] [1774334397.899526395]: waitForService: Service [/gazebo/set_physics_properties] is now available.
[ INFO] [1774334397.913787997]: Physics dynamic reconfigure ready.
[1;33mWarning [parser_urdf.cc:1161][0m multiple inconsistent <gravity> exists due to fixed joint reduction overwriting previous value [true] with [false].
[1;33mWarning [parser_urdf.cc:1161][0m multiple inconsistent <gravity> exists due to fixed joint reduction overwriting previous value [false] with [true].
[ERROR] [1774334398.691548800, 1055.092000000]: No p gain specified for pid.  Namespace: /gazebo_ros_control/pid_gains/front_left_wheel
[ERROR] [1774334398.692078810, 1055.092000000]: No p gain specified for pid.  Namespace: /gazebo_ros_control/pid_gains/front_right_wheel
[ERROR] [1774334398.692528436, 1055.092000000]: No p gain specified for pid.  Namespace: /gazebo_ros_control/pid_gains/rear_left_wheel
[ERROR] [1774334398.692923796, 1055.092000000]: No p gain specified for pid.  Namespace: /gazebo_ros_control/pid_gains/rear_right_wheel
[ WARN] [1774334398.743860315, 1055.094000000]: Timed out waiting for transform from base_link to map to become available before running costmap, tf error: canTransform: target_frame map does not exist.. canTransform returned after 1055.09 timeout was 0.1.
[ WARN] [1774334399.000941891]: Interactive marker 'robot_twist_marker' contains unnormalized quaternions. This warning will only be output once but may be true for others; enable DEBUG messages for ros.rviz.quaternions to see more details.
[ WARN] [1774334399.997238148, 1056.340000000]: global_costmap: Pre-Hydro parameter "static_map" unused since "plugins" is provided
[ WARN] [1774334399.997462333, 1056.340000000]: global_costmap: Pre-Hydro parameter "map_type" unused since "plugins" is provided
[ WARN] [1774334431.002328441, 1087.091000000]: local_costmap: Pre-Hydro parameter "static_map" unused since "plugins" is provided
[ WARN] [1774334431.002570784, 1087.091000000]: local_costmap: Pre-Hydro parameter "map_type" unused since "plugins" is provided
[ WARN] [1774334431.044109658, 1087.132000000]: Parameter pdist_scale is deprecated. Please use the name path_distance_bias instead.
[ WARN] [1774334431.044705736, 1087.133000000]: Parameter gdist_scale is deprecated. Please use the name goal_distance_bias instead.
[ WARN] [1774334573.735155282, 1228.819000000]: The origin for the sensor at (0.87, -1.81) is out of map bounds. So, the costmap cannot raytrace for it.
[ WARN] [1774334576.607558607, 1231.669000000]: The origin for the sensor at (0.76, 5.10) is out of map bounds. So, the costmap cannot raytrace for it.
[ WARN] [1774334596.496426443, 1251.451000000]: Clearing both costmaps outside a square (3.00m) large centered on the robot.
[ WARN] [1774334601.571863221, 1256.501000000]: Rotate recovery behavior started.
[ERROR] [1774334603.282057135, 1258.201000000]: Rotate recovery can't rotate in place because there is a potential collision. Cost: -3.00
[ WARN] [1774334608.563045823, 1263.451000000]: Clearing both costmaps outside a square (3.00m) large centered on the robot.
[ WARN] [1774334613.647637205, 1268.501000000]: Rotate recovery behavior started.
[ WARN] [1774334621.901781335, 1276.701000000]: Clearing both costmaps outside a square (1.84m) large centered on the robot.
[ WARN] [1774334626.985088162, 1281.751000000]: Rotate recovery behavior started.
[ INFO] [1774334430.808902307, 1086.899000000]: [Multi Floor Nav] Successfully loaded map for level: 0
[ INFO] [1774334431.007773392, 1087.096000000]: [Multi Floor Nav] Initializing Robot at x: 4.0, y: -5.0, yaw: 0.0 (region sigma: x=0.00, y=0.00, yaw=0.00)
[ INFO] [1774334431.007812572, 1087.096000000]: [Multi Floor Nav] Initializing Pose to x: 4.00, y: -5.00 at level: 0
[ INFO] [1774334432.015399887, 1088.096000000]: [Multi Floor Nav] Current Robot Pose, x: 4.00, y: -5.00, yaw: 0.00
[ INFO] [1774334432.015446051, 1088.096000000]: [Multi Floor Nav] Linear Error: 0.00, Angular Error: 0.00
[ INFO] [1774334432.015468469, 1088.096000000]: [Multi Floor Nav] Robot at correct pose
[ INFO] [1774334432.015495218, 1088.096000000]: [Multi Floor Nav] RELOC_PASS: linear_error=0.0000, angular_error=0.0000, tr_sigma=-0.0000, C_t=1.0000
[ INFO] [1774334433.024606636, 1089.096000000]: [Multi Floor Nav] POST_PASS: dt=1.000s, linear_error=0.0000, angular_error=0.0000
[ INFO] [1774334433.024638064, 1089.096000000]: [Multi Floor Nav] Will send goal to x: 3, y: -0, at level: 0
[ INFO] [1774334433.024650635, 1089.096000000]: [Multi Floor Nav] Sending Robot to x: 3.0, y: -0.5, yaw: 3.1
[ INFO] [1774334433.226878894, 1089.296000000]: [Multi Floor Nav] POST_PASS: dt=1.200s, linear_error=0.0000, angular_error=0.0000
[ INFO] [1774334433.426779061, 1089.496000000]: [Multi Floor Nav] POST_PASS: dt=1.400s, linear_error=0.0000, angular_error=0.0000
[ INFO] [1774334433.627108809, 1089.696000000]: [Multi Floor Nav] POST_PASS: dt=1.600s, linear_error=0.1056, angular_error=0.1303
[ INFO] [1774334433.828572398, 1089.897000000]: [Multi Floor Nav] POST_PASS: dt=1.801s, linear_error=0.2154, angular_error=0.2925
[ INFO] [1774334434.028166459, 1090.096000000]: [Multi Floor Nav] POST_PASS: dt=2.000s, linear_error=0.3223, angular_error=0.5774
[ INFO] [1774334478.989207203, 1134.696000000]: [Multi Floor Nav] Requesting Lift to Level 0
[ INFO] [1774334479.190993379, 1134.896000000]: [Multi Floor Nav] Entering Lift at Level 0
[ INFO] [1774334496.516181023, 1152.096000000]: [Multi Floor Nav] Requesting Lift to Level 1
[ INFO] [1774334503.577999021, 1159.096000000]: [Multi Floor Nav] Exiting Lift at Level 1
[ INFO] [1774334516.289429503, 1171.697000000]: [Multi Floor Nav] Successfully loaded map for level: 1
[ INFO] [1774334516.292060349, 1171.700000000]: [Multi Floor Nav] Initializing Robot at x: 3.0, y: -0.5, yaw: 3.1 (region sigma: x=0.00, y=0.00, yaw=0.00)
[ INFO] [1774334516.292097922, 1171.700000000]: [Multi Floor Nav] Initializing Pose to x: 3.00, y: -0.50 at level: 1
[ INFO] [1774334517.299166750, 1172.700000000]: [Multi Floor Nav] Current Robot Pose, x: 3.00, y: -0.50, yaw: 3.14
[ INFO] [1774334517.299201530, 1172.700000000]: [Multi Floor Nav] Linear Error: 0.00, Angular Error: 0.00
[ INFO] [1774334517.299214730, 1172.700000000]: [Multi Floor Nav] Robot at correct pose
[ INFO] [1774334517.299249091, 1172.700000000]: [Multi Floor Nav] RELOC_PASS: linear_error=0.0000, angular_error=0.0000, tr_sigma=0.0000, C_t=1.0000
[ INFO] [1774334518.305381792, 1173.701000000]: [Multi Floor Nav] POST_PASS: dt=1.001s, linear_error=0.0000, angular_error=0.0000
[ INFO] [1774334518.305405747, 1173.701000000]: [Multi Floor Nav] Will send goal to x: 4, y: 5, at level: 1
[ INFO] [1774334518.305415664, 1173.701000000]: [Multi Floor Nav] Sending Robot to x: 4.0, y: 5.0, yaw: 0.0
[ INFO] [1774334518.506199647, 1173.900000000]: [Multi Floor Nav] POST_PASS: dt=1.200s, linear_error=0.0000, angular_error=0.0000
[ INFO] [1774334518.707155923, 1174.100000000]: [Multi Floor Nav] POST_PASS: dt=1.400s, linear_error=0.1303, angular_error=0.1354
[ INFO] [1774334518.910453562, 1174.301000000]: [Multi Floor Nav] POST_PASS: dt=1.601s, linear_error=0.1303, angular_error=0.1354
[ INFO] [1774334519.111518019, 1174.500000000]: [Multi Floor Nav] POST_PASS: dt=1.800s, linear_error=0.2683, angular_error=0.4134
[ INFO] [1774334519.312556776, 1174.700000000]: [Multi Floor Nav] POST_PASS: dt=2.000s, linear_error=0.3816, angular_error=0.6779
[ INFO] [1774334399.997984311, 1056.341000000]: global_costmap: Using plugin "static_layer"
[ INFO] [1774334400.001971995, 1056.345000000]: Requesting the map...
[ INFO] [1774334430.857114535, 1086.947000000]: Resizing costmap to 992 X 992 at 0.020000 m/pix
[ INFO] [1774334430.957639326, 1087.046000000]: Received a 992 X 992 map at 0.020000 m/pix
[ INFO] [1774334430.959773126, 1087.048000000]: global_costmap: Using plugin "obstacles_layer"
[ INFO] [1774334430.962979308, 1087.052000000]:     Subscribed to Topics: scan
[ INFO] [1774334430.980893017, 1087.069000000]: global_costmap: Using plugin "inflater_layer"
[ INFO] [1774334431.003010282, 1087.091000000]: local_costmap: Using plugin "obstacles_layer"
[ INFO] [1774334431.006908712, 1087.095000000]:     Subscribed to Topics: scan
[ INFO] [1774334431.016129105, 1087.104000000]: local_costmap: Using plugin "inflater_layer"
[ INFO] [1774334431.036145604, 1087.124000000]: Created local_planner base_local_planner/TrajectoryPlannerROS
[ INFO] [1774334431.041894565, 1087.130000000]: Sim period is set to 0.05
[ INFO] [1774334431.087130243, 1087.175000000]: Recovery behavior will clear layer 'obstacles'
[ INFO] [1774334431.091115063, 1087.179000000]: Recovery behavior will clear layer 'obstacles'
[ INFO] [1774334431.190329599, 1087.278000000]: odom received!
[ERROR] [1774334638.450065230, 1289.685000000]: SpawnModel: Failure - model name jackal already exist.
[WARN] [1774334650.040754, 1289.685000]: Controller Spawner error while taking down controllers: transport error completing service call: unable to receive data from sender, check sender's logs for details
[31m[controller_spawner-4] escalating to SIGTERM[0m
[31m[gazebo-2] escalating to SIGTERM[0m

auto-starting new master
[1mprocess[master]: started with pid [93320][0m
[1mROS_MASTER_URI=http://localhost:11311[0m
]2;/home/eethanhe/catkin_ws/src/robot-multi-floor-navigation/multi_floor_nav/launch/nav.launch http://localhost:11311
[1msetting /run_id to 44c4ac5c-274c-11f1-af8b-b9b8cdd47afb[0m
[1mprocess[rosout-1]: started with pid [93345][0m
started core service [/rosout]
[1mprocess[gazebo-2]: started with pid [93352][0m
[1mprocess[robot_state_publisher-3]: started with pid [93356][0m
[1mprocess[controller_spawner-4]: started with pid [93358][0m
[1mprocess[ekf_localization-5]: started with pid [93359][0m
[1mprocess[twist_mux-6]: started with pid [93364][0m
[1mprocess[twist_marker_server-7]: started with pid [93366][0m
[1mprocess[urdf_spawner-8]: started with pid [93369][0m
[1mprocess[map_server0-9]: started with pid [93378][0m
[1mprocess[map_server1-10]: started with pid [93384][0m
[1mprocess[amcl-11]: started with pid [93386][0m
[1mprocess[move_base-12]: started with pid [93388][0m
[1mprocess[rviz-13]: started with pid [93397][0m
[1mprocess[change_map_node-14]: started with pid [93407][0m
[1mprocess[multi_floor_navigation_node-15]: started with pid [93410][0m
[1m[urdf_spawner-8] process has finished cleanly
log file: /home/eethanhe/.ros/log/44c4ac5c-274c-11f1-af8b-b9b8cdd47afb/urdf_spawner-8*.log[0m
[multi_floor_navigation_node-15] killing on exit
[change_map_node-14] killing on exit
[rviz-13] killing on exit
[move_base-12] killing on exit
[amcl-11] killing on exit
[map_server1-10] killing on exit
[map_server0-9] killing on exit
[twist_marker_server-7] killing on exit
[twist_mux-6] killing on exit
[ekf_localization-5] killing on exit
[controller_spawner-4] killing on exit
[robot_state_publisher-3] killing on exit
[gazebo-2] killing on exit
[rosout-1] killing on exit
[master] killing on exit
shutting down processing monitor...
... shutting down processing monitor complete
[1mdone[0m
