xacro: in-order processing became default in ROS Melodic. You can drop the option.
... logging to /home/eethanhe/.ros/log/e66e86b0-274f-11f1-af8b-b9b8cdd47afb/roslaunch-eethanhe-Lenovo-Legion-R9000P2021H-133707.log
Checking log directory for disk usage. This may take a while.
Press Ctrl-C to interrupt
Done checking log file disk usage. Usage is <1GB.
]2;/home/eethanhe/catkin_ws/src/robot-multi-floor-navigation/multi_floor_nav/launch/nav.launch
[1mstarted roslaunch server http://eethanhe-Lenovo-Legion-R9000P2021H:44863/[0m

SUMMARY
========

PARAMETERS
 * /amcl/auto_update_noise: 0.0
 * /amcl/base_frame_id: base_link
 * /amcl/expected_laser_freq: 5.0
 * /amcl/first_map_only: False
 * /amcl/global_frame_id: map
 * /amcl/gui_publish_rate: 10.0
 * /amcl/initial_pose_a: 0.0
 * /amcl/initial_pose_x: 0.0
 * /amcl/initial_pose_y: 0.0
 * /amcl/kld_err: 0.05
 * /amcl/kld_z: 0.99
 * /amcl/laser_lambda_short: 0.1
 * /amcl/laser_likelihood_max_dist: 2.0
 * /amcl/laser_max_beams: 720
 * /amcl/laser_max_range: 30.0
 * /amcl/laser_min_range: 0.1
 * /amcl/laser_model_type: likelihood_field
 * /amcl/laser_sigma_hit: 0.2
 * /amcl/laser_z_hit: 0.5
 * /amcl/laser_z_max: 0.05
 * /amcl/laser_z_rand: 0.5
 * /amcl/laser_z_short: 0.05
 * /amcl/max_particles: 2000
 * /amcl/min_particles: 500
 * /amcl/odom_alpha1: 0.2
 * /amcl/odom_alpha2: 0.2
 * /amcl/odom_alpha3: 0.2
 * /amcl/odom_alpha4: 0.2
 * /amcl/odom_alpha5: 0.1
 * /amcl/odom_frame_id: odom
 * /amcl/odom_model_type: diff
 * /amcl/odom_update_interval: 0.1
 * /amcl/recovery_alpha_fast: 0.1
 * /amcl/recovery_alpha_slow: 0.001
 * /amcl/resample_interval: 1
 * /amcl/transform_tolerance: 1.0
 * /amcl/update_min_a: 0.3927
 * /amcl/update_min_d: 0.1
 * /amcl/use_map_topic: False
 * /ekf_localization/base_link_frame: base_link
 * /ekf_localization/frequency: 50
 * /ekf_localization/imu0: /imu/data
 * /ekf_localization/imu0_config: [False, False, Fa...
 * /ekf_localization/imu0_differential: False
 * /ekf_localization/odom0: /jackal_velocity_...
 * /ekf_localization/odom0_config: [False, False, Fa...
 * /ekf_localization/odom0_differential: False
 * /ekf_localization/odom_frame: odom
 * /ekf_localization/predict_to_current_time: True
 * /ekf_localization/world_frame: odom
 * /gazebo/enable_ros_network: True
 * /jackal_joint_publisher/publish_rate: 50
 * /jackal_joint_publisher/type: joint_state_contr...
 * /jackal_velocity_controller/angular/z/has_acceleration_limits: True
 * /jackal_velocity_controller/angular/z/has_velocity_limits: True
 * /jackal_velocity_controller/angular/z/max_acceleration: 25.0
 * /jackal_velocity_controller/angular/z/max_velocity: 4.0
 * /jackal_velocity_controller/cmd_vel_timeout: 0.25
 * /jackal_velocity_controller/enable_odom_tf: False
 * /jackal_velocity_controller/k_l: 0.1
 * /jackal_velocity_controller/k_r: 0.1
 * /jackal_velocity_controller/left_wheel: ['front_left_whee...
 * /jackal_velocity_controller/linear/x/has_acceleration_limits: True
 * /jackal_velocity_controller/linear/x/has_velocity_limits: True
 * /jackal_velocity_controller/linear/x/max_acceleration: 20.0
 * /jackal_velocity_controller/linear/x/max_velocity: 2.0
 * /jackal_velocity_controller/pose_covariance_diagonal: [0.001, 0.001, 10...
 * /jackal_velocity_controller/publish_cmd: True
 * /jackal_velocity_controller/publish_rate: 50
 * /jackal_velocity_controller/right_wheel: ['front_right_whe...
 * /jackal_velocity_controller/twist_covariance_diagonal: [0.001, 0.001, 0....
 * /jackal_velocity_controller/type: diff_drive_contro...
 * /jackal_velocity_controller/wheel_radius_multiplier: 1.0
 * /jackal_velocity_controller/wheel_separation_multiplier: 1.5
 * /move_base/NavfnROS/allow_unknown: True
 * /move_base/TrajectoryPlannerROS/acc_lim_theta: 20.0
 * /move_base/TrajectoryPlannerROS/acc_lim_x: 10.0
 * /move_base/TrajectoryPlannerROS/angular_sim_granularity: 0.02
 * /move_base/TrajectoryPlannerROS/controller_frequency: 20.0
 * /move_base/TrajectoryPlannerROS/dwa: True
 * /move_base/TrajectoryPlannerROS/escape_reset_dist: 0.1
 * /move_base/TrajectoryPlannerROS/escape_reset_theta: 0.1
 * /move_base/TrajectoryPlannerROS/escape_vel: -0.5
 * /move_base/TrajectoryPlannerROS/gdist_scale: 1.0
 * /move_base/TrajectoryPlannerROS/heading_lookahead: 0.325
 * /move_base/TrajectoryPlannerROS/heading_scoring: False
 * /move_base/TrajectoryPlannerROS/heading_scoring_timestep: 0.8
 * /move_base/TrajectoryPlannerROS/holonomic_robot: False
 * /move_base/TrajectoryPlannerROS/latch_xy_goal_tolerance: False
 * /move_base/TrajectoryPlannerROS/max_vel_theta: 1.57
 * /move_base/TrajectoryPlannerROS/max_vel_x: 0.5
 * /move_base/TrajectoryPlannerROS/meter_scoring: True
 * /move_base/TrajectoryPlannerROS/min_in_place_vel_theta: 0.314
 * /move_base/TrajectoryPlannerROS/min_vel_theta: -1.57
 * /move_base/TrajectoryPlannerROS/min_vel_x: 0.1
 * /move_base/TrajectoryPlannerROS/occdist_scale: 0.1
 * /move_base/TrajectoryPlannerROS/oscillation_reset_dist: 0.05
 * /move_base/TrajectoryPlannerROS/pdist_scale: 0.75
 * /move_base/TrajectoryPlannerROS/publish_cost_grid_pc: True
 * /move_base/TrajectoryPlannerROS/sim_granularity: 0.02
 * /move_base/TrajectoryPlannerROS/sim_time: 2.0
 * /move_base/TrajectoryPlannerROS/simple_attractor: False
 * /move_base/TrajectoryPlannerROS/vtheta_samples: 20
 * /move_base/TrajectoryPlannerROS/vx_samples: 6
 * /move_base/TrajectoryPlannerROS/xy_goal_tolerance: 0.25
 * /move_base/TrajectoryPlannerROS/yaw_goal_tolerance: 0.157
 * /move_base/base_global_planner: navfn/NavfnROS
 * /move_base/base_local_planner: base_local_planne...
 * /move_base/clearing_rotation_allowed: True
 * /move_base/controller_frequency: 20.0
 * /move_base/controller_patience: 15.0
 * /move_base/global_costmap/footprint: [[-0.21, -0.165],...
 * /move_base/global_costmap/footprint_padding: 0.1
 * /move_base/global_costmap/global_frame: map
 * /move_base/global_costmap/height: 40.0
 * /move_base/global_costmap/inflater_layer/inflation_radius: 0.3
 * /move_base/global_costmap/map_type: costmap
 * /move_base/global_costmap/meter_scoring: True
 * /move_base/global_costmap/obstacle_range: 2.5
 * /move_base/global_costmap/obstacles_layer/observation_sources: scan
 * /move_base/global_costmap/obstacles_layer/scan/clearing: True
 * /move_base/global_costmap/obstacles_layer/scan/data_type: LaserScan
 * /move_base/global_costmap/obstacles_layer/scan/marking: True
 * /move_base/global_costmap/obstacles_layer/scan/max_obstacle_height: 2.0
 * /move_base/global_costmap/obstacles_layer/scan/min_obstacle_height: -2.0
 * /move_base/global_costmap/obstacles_layer/scan/obstacle_range: 2.5
 * /move_base/global_costmap/obstacles_layer/scan/raytrace_range: 3.0
 * /move_base/global_costmap/obstacles_layer/scan/sensor_frame: front_laser
 * /move_base/global_costmap/obstacles_layer/scan/topic: front/scan
 * /move_base/global_costmap/origin_x: -20.0
 * /move_base/global_costmap/origin_y: -20.0
 * /move_base/global_costmap/origin_z: 0.0
 * /move_base/global_costmap/plugins: [{'name': 'static...
 * /move_base/global_costmap/publish_frequency: 5.0
 * /move_base/global_costmap/publish_voxel_map: False
 * /move_base/global_costmap/raytrace_range: 3.0
 * /move_base/global_costmap/resolution: 0.05
 * /move_base/global_costmap/robot_base_frame: base_link
 * /move_base/global_costmap/rolling_window: False
 * /move_base/global_costmap/static_map: True
 * /move_base/global_costmap/transform_tolerance: 0.5
 * /move_base/global_costmap/update_frequency: 20.0
 * /move_base/global_costmap/width: 40.0
 * /move_base/global_costmap/z_resolution: 1
 * /move_base/global_costmap/z_voxels: 2
 * /move_base/local_costmap/footprint: [[-0.21, -0.165],...
 * /move_base/local_costmap/footprint_padding: 0.1
 * /move_base/local_costmap/global_frame: map
 * /move_base/local_costmap/height: 10.0
 * /move_base/local_costmap/inflater_layer/inflation_radius: 0.3
 * /move_base/local_costmap/map_type: costmap
 * /move_base/local_costmap/meter_scoring: True
 * /move_base/local_costmap/obstacle_range: 2.5
 * /move_base/local_costmap/obstacles_layer/observation_sources: scan
 * /move_base/local_costmap/obstacles_layer/scan/clearing: True
 * /move_base/local_costmap/obstacles_layer/scan/data_type: LaserScan
 * /move_base/local_costmap/obstacles_layer/scan/marking: True
 * /move_base/local_costmap/obstacles_layer/scan/max_obstacle_height: 2.0
 * /move_base/local_costmap/obstacles_layer/scan/min_obstacle_height: -2.0
 * /move_base/local_costmap/obstacles_layer/scan/obstacle_range: 2.5
 * /move_base/local_costmap/obstacles_layer/scan/raytrace_range: 3.0
 * /move_base/local_costmap/obstacles_layer/scan/sensor_frame: front_laser
 * /move_base/local_costmap/obstacles_layer/scan/topic: front/scan
 * /move_base/local_costmap/origin_z: 0.0
 * /move_base/local_costmap/plugins: [{'name': 'obstac...
 * /move_base/local_costmap/publish_frequency: 5.0
 * /move_base/local_costmap/publish_voxel_map: False
 * /move_base/local_costmap/raytrace_range: 3.0
 * /move_base/local_costmap/resolution: 0.05
 * /move_base/local_costmap/robot_base_frame: base_link
 * /move_base/local_costmap/rolling_window: True
 * /move_base/local_costmap/static_map: False
 * /move_base/local_costmap/transform_tolerance: 0.5
 * /move_base/local_costmap/update_frequency: 20.0
 * /move_base/local_costmap/width: 10.0
 * /move_base/local_costmap/z_resolution: 1
 * /move_base/local_costmap/z_voxels: 2
 * /move_base/oscillation_distance: 0.5
 * /move_base/oscillation_timeout: 0.0
 * /move_base/planner_frequency: 20.0
 * /move_base/planner_patience: 5.0
 * /move_base/recovery_behavior_enabled: True
 * /move_base/shutdown_costmaps: False
 * /multi_floor_navigation_node/init_pose_offset_theta: 0.1
 * /multi_floor_navigation_node/init_pose_offset_x: 0.2
 * /multi_floor_navigation_node/init_pose_offset_y: 0.2
 * /robot_description: <?xml version="1....
 * /rosdistro: noetic
 * /rosversion: 1.17.0
 * /twist_marker_server/link_name: base_link
 * /twist_mux/locks: [{'name': 'e_stop...
 * /twist_mux/topics: [{'name': 'joy', ...
 * /use_gui: True
 * /use_sim_time: True

NODES
  /
    amcl (amcl/amcl)
    change_map_node (multi_floor_nav/change_map_node)
    controller_spawner (controller_manager/spawner)
    ekf_localization (robot_localization/ekf_localization_node)
    gazebo (gazebo_ros/gzserver)
    map_server0 (map_server/map_server)
    map_server1 (map_server/map_server)
    move_base (move_base/move_base)
    multi_floor_navigation_node (multi_floor_nav/multi_floor_navigation_node)
    robot_state_publisher (robot_state_publisher/robot_state_publisher)
    rviz (rviz/rviz)
    twist_marker_server (interactive_marker_twist_server/marker_server)
    twist_mux (twist_mux/twist_mux)
    urdf_spawner (gazebo_ros/spawn_model)
[ INFO] [1774335955.997909414]: Finished loading Gazebo ROS API Plugin.
[ INFO] [1774335955.998851964]: waitForService: Service [/gazebo/set_physics_properties] has not been advertised, waiting...
[1;33mWarning [Model.cc:216][0m Non-unique name[door] detected 2 times in XML children of model with name[elevator].
[1;33mWarning [Model.cc:309][0m Joint with name [door] in model with name [elevator] has a name collision, changing joint name to [door_joint].
[ INFO] [1774335957.372872528]: waitForService: Service [/gazebo/set_physics_properties] is now available.
[ INFO] [1774335957.387011748]: Physics dynamic reconfigure ready.
[1;33mWarning [parser_urdf.cc:1161][0m multiple inconsistent <gravity> exists due to fixed joint reduction overwriting previous value [true] with [false].
[1;33mWarning [parser_urdf.cc:1161][0m multiple inconsistent <gravity> exists due to fixed joint reduction overwriting previous value [false] with [true].
[ERROR] [1774335957.977207014, 1054.898000000]: No p gain specified for pid.  Namespace: /gazebo_ros_control/pid_gains/front_left_wheel
[ERROR] [1774335957.977717960, 1054.898000000]: No p gain specified for pid.  Namespace: /gazebo_ros_control/pid_gains/front_right_wheel
[ERROR] [1774335957.978143981, 1054.898000000]: No p gain specified for pid.  Namespace: /gazebo_ros_control/pid_gains/rear_left_wheel
[ERROR] [1774335957.978551564, 1054.898000000]: No p gain specified for pid.  Namespace: /gazebo_ros_control/pid_gains/rear_right_wheel
[ WARN] [1774335958.021669966, 1054.899000000]: Failed to meet update rate! Took 1054.8989999999998872
[ WARN] [1774335958.022219185, 1054.900000000]: Timed out waiting for transform from base_link to map to become available before running costmap, tf error: canTransform: target_frame map does not exist. canTransform: source_frame base_link does not exist.. canTransform returned after 1054.9 timeout was 0.1.
[ WARN] [1774335958.022571456, 1054.900000000]: Failed to meet update rate! Took 1054.8800000000001091
[ WARN] [1774335958.229448275]: Interactive marker 'robot_twist_marker' contains unnormalized quaternions. This warning will only be output once but may be true for others; enable DEBUG messages for ros.rviz.quaternions to see more details.
[ WARN] [1774335959.235208851, 1056.102000000]: global_costmap: Pre-Hydro parameter "static_map" unused since "plugins" is provided
[ WARN] [1774335959.235493657, 1056.102000000]: global_costmap: Pre-Hydro parameter "map_type" unused since "plugins" is provided
[ WARN] [1774335990.861984377, 1087.578000000]: [Multi Floor Nav] Initial pose perturbation applied: offset_x=0.20, offset_y=0.20, offset_theta=0.10
[ WARN] [1774335990.941401928, 1087.657000000]: local_costmap: Pre-Hydro parameter "static_map" unused since "plugins" is provided
[ WARN] [1774335990.941673269, 1087.657000000]: local_costmap: Pre-Hydro parameter "map_type" unused since "plugins" is provided
[ WARN] [1774335990.982992002, 1087.698000000]: Parameter pdist_scale is deprecated. Please use the name path_distance_bias instead.
[ WARN] [1774335990.983573936, 1087.699000000]: Parameter gdist_scale is deprecated. Please use the name goal_distance_bias instead.
[ WARN] [1774335994.995451942, 1091.669000000]: Shutdown request received.
[ WARN] [1774335995.004789760, 1091.685000000]: Reason given for shutdown: [[/robot_state_publisher] Reason: new node registered with same name]
[ WARN] [1774335995.021028074, 1091.705000000]: Failed to meet update rate! Took 0.045000000000000005274
[ WARN] [1774335995.136539446, 1091.788000000]: Shutdown request received.
[ WARN] [1774335995.136614248, 1091.788000000]: Reason given for shutdown: [[/ekf_localization] Reason: new node registered with same name]
[ WARN] [1774335995.137202193, 1091.792000000]: Shutdown request received.
[ WARN] [1774335995.137261211, 1091.792000000]: Reason given for shutdown: [[/twist_marker_server] Reason: new node registered with same name]
[ WARN] [1774335995.156538494, 1091.800000000]: Shutdown request received.
[ WARN] [1774335995.156581797, 1091.800000000]: Reason given for shutdown: [[/twist_mux] Reason: new node registered with same name]
[ WARN] [1774335995.192969533, 1091.816000000]: Shutdown request received.
[ WARN] [1774335995.193064451, 1091.816000000]: Reason given for shutdown: [[/map_server0] Reason: new node registered with same name]
[ WARN] [1774335995.366586962, 1091.960000000]: Shutdown request received.
[ WARN] [1774335995.366660018, 1091.960000000]: Reason given for shutdown: [[/move_base] Reason: new node registered with same name]
[ WARN] [1774335995.377055766, 1091.960000000]: Shutdown request received.
[ WARN] [1774335995.377107241, 1091.960000000]: Reason given for shutdown: [[/map_server1] Reason: new node registered with same name]
[ WARN] [1774335995.400046710, 1091.960000000]: Shutdown request received.
[ WARN] [1774335995.401407614, 1091.960000000]: Reason given for shutdown: [[/change_map_node] Reason: new node registered with same name]
[ WARN] [1774335995.402031738, 1091.960000000]: Shutdown request received.
[ WARN] [1774335995.402075739, 1091.960000000]: Reason given for shutdown: [[/amcl] Reason: new node registered with same name]
[ WARN] [1774335995.403521155, 1091.960000000]: Shutdown request received.
[ WARN] [1774335995.403614117, 1091.960000000]: Reason given for shutdown: [[/multi_floor_navigation_node] Reason: new node registered with same name]
[ WARN] [1774335995.460656733, 1092.049000000]: Shutdown request received.
[ WARN] [1774335995.460710304, 1092.049000000]: Reason given for shutdown: [[/rviz] Reason: new node registered with same name]
[ERROR] [1774335995.494642684, 1092.088000000]: A controller named 'jackal_joint_publisher' was already loaded inside the controller manager
[ERROR] [1774335995.551974802, 1092.150000000]: SpawnModel: Failure - model name jackal already exist.
[ INFO] [1774335990.787482886, 1087.503000000]: [Multi Floor Nav] Successfully loaded map for level: 0
[ INFO] [1774335990.862742037, 1087.578000000]: [Multi Floor Nav] Initializing Robot at x: 4.2, y: -4.8, yaw: 0.1 (region sigma: x=0.00, y=0.00, yaw=0.00)
[ INFO] [1774335990.862784432, 1087.578000000]: [Multi Floor Nav] Initializing Pose to x: 4.00, y: -5.00 at level: 0
[ INFO] [1774335991.865621478, 1088.578000000]: [Multi Floor Nav] Current Robot Pose, x: 4.20, y: -4.80, yaw: 0.10
[ INFO] [1774335991.865657587, 1088.578000000]: [Multi Floor Nav] Linear Error: 0.28, Angular Error: 0.10
[ INFO] [1774335991.865681333, 1088.578000000]: [Multi Floor Nav] Robot at correct pose
[ INFO] [1774335991.865700610, 1088.578000000]: [Multi Floor Nav] RELOC_PASS: linear_error=0.2828, angular_error=0.1000, tr_sigma=-0.0000, C_t=1.0000
[ INFO] [1774335992.873854671, 1089.579000000]: [Multi Floor Nav] POST_PASS: dt=1.001s, linear_error=0.2828, angular_error=0.1000
[ INFO] [1774335992.873897485, 1089.579000000]: [Multi Floor Nav] Will send goal to x: 3, y: -0, at level: 0
[ INFO] [1774335992.873915505, 1089.579000000]: [Multi Floor Nav] Sending Robot to x: 3.0, y: -0.5, yaw: 3.1
[ INFO] [1774335993.071421940, 1089.779000000]: [Multi Floor Nav] POST_PASS: dt=1.201s, linear_error=0.2828, angular_error=0.1000
[ INFO] [1774335993.277639206, 1089.979000000]: [Multi Floor Nav] POST_PASS: dt=1.401s, linear_error=0.2828, angular_error=0.1000
[ INFO] [1774335993.477870531, 1090.179000000]: [Multi Floor Nav] POST_PASS: dt=1.601s, linear_error=0.3777, angular_error=0.2254
[ INFO] [1774335993.678212488, 1090.379000000]: [Multi Floor Nav] POST_PASS: dt=1.801s, linear_error=0.4826, angular_error=0.3479
[ INFO] [1774335959.236012008, 1056.103000000]: global_costmap: Using plugin "static_layer"
[ INFO] [1774335959.240732551, 1056.108000000]: Requesting the map...
[ INFO] [1774335990.797604576, 1087.514000000]: Resizing costmap to 992 X 992 at 0.020000 m/pix
[ INFO] [1774335990.894960818, 1087.611000000]: Received a 992 X 992 map at 0.020000 m/pix
[ INFO] [1774335990.897562550, 1087.613000000]: global_costmap: Using plugin "obstacles_layer"
[ INFO] [1774335990.901507649, 1087.617000000]:     Subscribed to Topics: scan
[ INFO] [1774335990.912818421, 1087.628000000]: global_costmap: Using plugin "inflater_layer"
[ INFO] [1774335990.942212669, 1087.658000000]: local_costmap: Using plugin "obstacles_layer"
[ INFO] [1774335990.945092797, 1087.661000000]:     Subscribed to Topics: scan
[ INFO] [1774335990.953570655, 1087.669000000]: local_costmap: Using plugin "inflater_layer"
[ INFO] [1774335990.974899749, 1087.690000000]: Created local_planner base_local_planner/TrajectoryPlannerROS
[ INFO] [1774335990.980763163, 1087.696000000]: Sim period is set to 0.05
[ INFO] [1774335991.075798325, 1087.791000000]: Recovery behavior will clear layer 'obstacles'
[ INFO] [1774335991.079844561, 1087.795000000]: Recovery behavior will clear layer 'obstacles'
[ INFO] [1774335991.145012624, 1087.860000000]: odom received!
[ INFO] [1774335957.752757886, 1054.898000000]: Laser Plugin: Using the 'robotNamespace' param: '/'
[ INFO] [1774335957.752798463, 1054.898000000]: Starting Laser Plugin (ns = /)
[ INFO] [1774335957.753776914, 1054.898000000]: Laser Plugin (ns = /)  <tf_prefix_>, set to ""
[ INFO] [1774335957.860423047, 1054.898000000]: Loading gazebo_ros_control plugin
[ INFO] [1774335957.860503502, 1054.898000000]: Starting gazebo_ros_control plugin in namespace: /
[ INFO] [1774335957.861070948, 1054.898000000]: gazebo_ros_control plugin is waiting for model URDF in parameter [robot_description] on the ROS param server.
[ INFO] [1774335957.980861506, 1054.898000000]: Loaded gazebo_ros_control.
[ INFO] [1774335958.297513523, 1055.173000000]: Controller state will be published at 50Hz.
[ INFO] [1774335958.298139147, 1055.173000000]: Wheel separation will be multiplied by 1.5.
[ INFO] [1774335958.298518865, 1055.174000000]: Left wheel radius will be multiplied by 1.
[ INFO] [1774335958.298538001, 1055.174000000]: Right wheel radius will be multiplied by 1.
[ INFO] [1774335958.298745425, 1055.174000000]: Velocity rolling window size of 10.
[ INFO] [1774335958.299135898, 1055.174000000]: Velocity commands will be considered old if they are older than 0.25s.
[ INFO] [1774335958.299319577, 1055.174000000]: Allow mutiple cmd_vel publishers is enabled
[ INFO] [1774335958.299508563, 1055.175000000]: Base frame_id set to base_link
[ INFO] [1774335958.299758100, 1055.175000000]: Odometry frame_id set to odom
[ INFO] [1774335958.300149411, 1055.175000000]: Publishing to tf is disabled
[ INFO] [1774335958.306781945, 1055.182000000]: left wheel to origin: 0.131,0.187795, 0.0345
[ INFO] [1774335958.306801011, 1055.182000000]: right wheel to origin: 0.131,-0.187795, 0.0345
[ INFO] [1774335958.306837258, 1055.182000000]: Odometry params : wheel separation 0.563385, left wheel radius 0.098, right wheel radius 0.098
[ INFO] [1774335958.308198712, 1055.183000000]: Adding left wheel with joint name: front_left_wheel and right wheel with joint name: front_right_wheel
[ INFO] [1774335958.308243130, 1055.183000000]: Adding left wheel with joint name: rear_left_wheel and right wheel with joint name: rear_right_wheel
[ INFO] [1774335958.314035562, 1055.189000000]: Dynamic Reconfigure:
DynamicParams:
	Odometry parameters:
		left wheel radius multiplier: 1
		right wheel radius multiplier: 1
		wheel separation multiplier: 1.5
	Publication parameters:
		Publish executed velocity command: disabled
		Publication rate: 50
		Publish frame odom on tf: disabled
[ INFO] [1774335996.503299044, 1093.100000000]: Controller state will be published at 50Hz.
[ INFO] [1774335996.504107835, 1093.101000000]: Wheel separation will be multiplied by 1.5.
[ INFO] [1774335996.504597161, 1093.102000000]: Left wheel radius will be multiplied by 1.
[ INFO] [1774335996.504620419, 1093.102000000]: Right wheel radius will be multiplied by 1.
[ INFO] [1774335996.504904753, 1093.102000000]: Velocity rolling window size of 10.
[ INFO] [1774335996.505470767, 1093.103000000]: Velocity commands will be considered old if they are older than 0.25s.
[ INFO] [1774335996.505750422, 1093.103000000]: Allow mutiple cmd_vel publishers is enabled
[ INFO] [1774335996.505988868, 1093.103000000]: Base frame_id set to base_link
[ INFO] [1774335996.506236464, 1093.103000000]: Odometry frame_id set to odom
[ INFO] [1774335996.506667890, 1093.104000000]: Publishing to tf is disabled
[ INFO] [1774335996.519010545, 1093.117000000]: left wheel to origin: 0.131,0.187795, 0.0345
[ INFO] [1774335996.519054057, 1093.117000000]: right wheel to origin: 0.131,-0.187795, 0.0345
[ INFO] [1774335996.519085557, 1093.117000000]: Odometry params : wheel separation 0.563385, left wheel radius 0.098, right wheel radius 0.098
[ INFO] [1774335996.521241286, 1093.119000000]: Adding left wheel with joint name: front_left_wheel and right wheel with joint name: front_right_wheel
[ INFO] [1774335996.521273274, 1093.119000000]: Adding left wheel with joint name: rear_left_wheel and right wheel with joint name: rear_right_wheel
[ INFO] [1774335996.535082858, 1093.133000000]: Dynamic Reconfigure:
DynamicParams:
	Odometry parameters:
		left wheel radius multiplier: 1
		right wheel radius multiplier: 1
		wheel separation multiplier: 1.5
	Publication parameters:
		Publish executed velocity command: disabled
		Publication rate: 50
		Publish frame odom on tf: disabled

auto-starting new master
[1mprocess[master]: started with pid [133807][0m
[1mROS_MASTER_URI=http://localhost:11311[0m
]2;/home/eethanhe/catkin_ws/src/robot-multi-floor-navigation/multi_floor_nav/launch/nav.launch http://localhost:11311
[1msetting /run_id to e66e86b0-274f-11f1-af8b-b9b8cdd47afb[0m
[1mprocess[rosout-1]: started with pid [133832][0m
started core service [/rosout]
[1mprocess[gazebo-2]: started with pid [133839][0m
[1mprocess[robot_state_publisher-3]: started with pid [133842][0m
[1mprocess[controller_spawner-4]: started with pid [133845][0m
[1mprocess[ekf_localization-5]: started with pid [133846][0m
[1mprocess[twist_mux-6]: started with pid [133847][0m
[1mprocess[twist_marker_server-7]: started with pid [133852][0m
[1mprocess[urdf_spawner-8]: started with pid [133858][0m
[1mprocess[map_server0-9]: started with pid [133862][0m
[1mprocess[map_server1-10]: started with pid [133872][0m
[1mprocess[amcl-11]: started with pid [133873][0m
[1mprocess[move_base-12]: started with pid [133875][0m
[1mprocess[rviz-13]: started with pid [133881][0m
[1mprocess[change_map_node-14]: started with pid [133888][0m
[1mprocess[multi_floor_navigation_node-15]: started with pid [133897][0m
[1m[urdf_spawner-8] process has finished cleanly
log file: /home/eethanhe/.ros/log/e66e86b0-274f-11f1-af8b-b9b8cdd47afb/urdf_spawner-8*.log[0m
[1m[robot_state_publisher-3] process has finished cleanly
log file: /home/eethanhe/.ros/log/e66e86b0-274f-11f1-af8b-b9b8cdd47afb/robot_state_publisher-3*.log[0m
[1m[twist_marker_server-7] process has finished cleanly
log file: /home/eethanhe/.ros/log/e66e86b0-274f-11f1-af8b-b9b8cdd47afb/twist_marker_server-7*.log[0m
[1m[ekf_localization-5] process has finished cleanly
log file: /home/eethanhe/.ros/log/e66e86b0-274f-11f1-af8b-b9b8cdd47afb/ekf_localization-5*.log[0m
[1m[map_server0-9] process has finished cleanly
log file: /home/eethanhe/.ros/log/e66e86b0-274f-11f1-af8b-b9b8cdd47afb/map_server0-9*.log[0m
[1m[twist_mux-6] process has finished cleanly
log file: /home/eethanhe/.ros/log/e66e86b0-274f-11f1-af8b-b9b8cdd47afb/twist_mux-6*.log[0m
[1m[map_server1-10] process has finished cleanly
log file: /home/eethanhe/.ros/log/e66e86b0-274f-11f1-af8b-b9b8cdd47afb/map_server1-10*.log[0m
[1m[amcl-11] process has finished cleanly
log file: /home/eethanhe/.ros/log/e66e86b0-274f-11f1-af8b-b9b8cdd47afb/amcl-11*.log[0m
[1m[move_base-12] process has finished cleanly
log file: /home/eethanhe/.ros/log/e66e86b0-274f-11f1-af8b-b9b8cdd47afb/move_base-12*.log[0m
[1m[change_map_node-14] process has finished cleanly
log file: /home/eethanhe/.ros/log/e66e86b0-274f-11f1-af8b-b9b8cdd47afb/change_map_node-14*.log[0m
[1m[multi_floor_navigation_node-15] process has finished cleanly
log file: /home/eethanhe/.ros/log/e66e86b0-274f-11f1-af8b-b9b8cdd47afb/multi_floor_navigation_node-15*.log[0m
[1m[controller_spawner-4] process has finished cleanly
log file: /home/eethanhe/.ros/log/e66e86b0-274f-11f1-af8b-b9b8cdd47afb/controller_spawner-4*.log[0m
[1m[rviz-13] process has finished cleanly
log file: /home/eethanhe/.ros/log/e66e86b0-274f-11f1-af8b-b9b8cdd47afb/rviz-13*.log[0m
[gazebo-2] killing on exit
[rosout-1] killing on exit
[master] killing on exit
shutting down processing monitor...
... shutting down processing monitor complete
[1mdone[0m
