xacro: in-order processing became default in ROS Melodic. You can drop the option.
... logging to /home/eethanhe/.ros/log/286fd5a8-2752-11f1-af8b-b9b8cdd47afb/roslaunch-eethanhe-Lenovo-Legion-R9000P2021H-158570.log
Checking log directory for disk usage. This may take a while.
Press Ctrl-C to interrupt
Done checking log file disk usage. Usage is <1GB.
]2;/home/eethanhe/catkin_ws/src/robot-multi-floor-navigation/multi_floor_nav/launch/nav.launch
[1mstarted roslaunch server http://eethanhe-Lenovo-Legion-R9000P2021H:35829/[0m

SUMMARY
========

PARAMETERS
 * /amcl/auto_update_noise: 0.0
 * /amcl/base_frame_id: base_link
 * /amcl/expected_laser_freq: 5.0
 * /amcl/first_map_only: False
 * /amcl/global_frame_id: map
 * /amcl/gui_publish_rate: 10.0
 * /amcl/initial_pose_a: 0.0
 * /amcl/initial_pose_x: 0.0
 * /amcl/initial_pose_y: 0.0
 * /amcl/kld_err: 0.05
 * /amcl/kld_z: 0.99
 * /amcl/laser_lambda_short: 0.1
 * /amcl/laser_likelihood_max_dist: 2.0
 * /amcl/laser_max_beams: 720
 * /amcl/laser_max_range: 30.0
 * /amcl/laser_min_range: 0.1
 * /amcl/laser_model_type: likelihood_field
 * /amcl/laser_sigma_hit: 0.2
 * /amcl/laser_z_hit: 0.5
 * /amcl/laser_z_max: 0.05
 * /amcl/laser_z_rand: 0.5
 * /amcl/laser_z_short: 0.05
 * /amcl/max_particles: 2000
 * /amcl/min_particles: 500
 * /amcl/odom_alpha1: 0.2
 * /amcl/odom_alpha2: 0.2
 * /amcl/odom_alpha3: 0.2
 * /amcl/odom_alpha4: 0.2
 * /amcl/odom_alpha5: 0.1
 * /amcl/odom_frame_id: odom
 * /amcl/odom_model_type: diff
 * /amcl/odom_update_interval: 0.1
 * /amcl/recovery_alpha_fast: 0.1
 * /amcl/recovery_alpha_slow: 0.001
 * /amcl/resample_interval: 1
 * /amcl/transform_tolerance: 1.0
 * /amcl/update_min_a: 0.3927
 * /amcl/update_min_d: 0.1
 * /amcl/use_map_topic: False
 * /ekf_localization/base_link_frame: base_link
 * /ekf_localization/frequency: 50
 * /ekf_localization/imu0: /imu/data
 * /ekf_localization/imu0_config: [False, False, Fa...
 * /ekf_localization/imu0_differential: False
 * /ekf_localization/odom0: /jackal_velocity_...
 * /ekf_localization/odom0_config: [False, False, Fa...
 * /ekf_localization/odom0_differential: False
 * /ekf_localization/odom_frame: odom
 * /ekf_localization/predict_to_current_time: True
 * /ekf_localization/world_frame: odom
 * /gazebo/enable_ros_network: True
 * /jackal_joint_publisher/publish_rate: 50
 * /jackal_joint_publisher/type: joint_state_contr...
 * /jackal_velocity_controller/angular/z/has_acceleration_limits: True
 * /jackal_velocity_controller/angular/z/has_velocity_limits: True
 * /jackal_velocity_controller/angular/z/max_acceleration: 25.0
 * /jackal_velocity_controller/angular/z/max_velocity: 4.0
 * /jackal_velocity_controller/cmd_vel_timeout: 0.25
 * /jackal_velocity_controller/enable_odom_tf: False
 * /jackal_velocity_controller/k_l: 0.1
 * /jackal_velocity_controller/k_r: 0.1
 * /jackal_velocity_controller/left_wheel: ['front_left_whee...
 * /jackal_velocity_controller/linear/x/has_acceleration_limits: True
 * /jackal_velocity_controller/linear/x/has_velocity_limits: True
 * /jackal_velocity_controller/linear/x/max_acceleration: 20.0
 * /jackal_velocity_controller/linear/x/max_velocity: 2.0
 * /jackal_velocity_controller/pose_covariance_diagonal: [0.001, 0.001, 10...
 * /jackal_velocity_controller/publish_cmd: True
 * /jackal_velocity_controller/publish_rate: 50
 * /jackal_velocity_controller/right_wheel: ['front_right_whe...
 * /jackal_velocity_controller/twist_covariance_diagonal: [0.001, 0.001, 0....
 * /jackal_velocity_controller/type: diff_drive_contro...
 * /jackal_velocity_controller/wheel_radius_multiplier: 1.0
 * /jackal_velocity_controller/wheel_separation_multiplier: 1.5
 * /move_base/NavfnROS/allow_unknown: True
 * /move_base/TrajectoryPlannerROS/acc_lim_theta: 20.0
 * /move_base/TrajectoryPlannerROS/acc_lim_x: 10.0
 * /move_base/TrajectoryPlannerROS/angular_sim_granularity: 0.02
 * /move_base/TrajectoryPlannerROS/controller_frequency: 20.0
 * /move_base/TrajectoryPlannerROS/dwa: True
 * /move_base/TrajectoryPlannerROS/escape_reset_dist: 0.1
 * /move_base/TrajectoryPlannerROS/escape_reset_theta: 0.1
 * /move_base/TrajectoryPlannerROS/escape_vel: -0.5
 * /move_base/TrajectoryPlannerROS/gdist_scale: 1.0
 * /move_base/TrajectoryPlannerROS/heading_lookahead: 0.325
 * /move_base/TrajectoryPlannerROS/heading_scoring: False
 * /move_base/TrajectoryPlannerROS/heading_scoring_timestep: 0.8
 * /move_base/TrajectoryPlannerROS/holonomic_robot: False
 * /move_base/TrajectoryPlannerROS/latch_xy_goal_tolerance: False
 * /move_base/TrajectoryPlannerROS/max_vel_theta: 1.57
 * /move_base/TrajectoryPlannerROS/max_vel_x: 0.5
 * /move_base/TrajectoryPlannerROS/meter_scoring: True
 * /move_base/TrajectoryPlannerROS/min_in_place_vel_theta: 0.314
 * /move_base/TrajectoryPlannerROS/min_vel_theta: -1.57
 * /move_base/TrajectoryPlannerROS/min_vel_x: 0.1
 * /move_base/TrajectoryPlannerROS/occdist_scale: 0.1
 * /move_base/TrajectoryPlannerROS/oscillation_reset_dist: 0.05
 * /move_base/TrajectoryPlannerROS/pdist_scale: 0.75
 * /move_base/TrajectoryPlannerROS/publish_cost_grid_pc: True
 * /move_base/TrajectoryPlannerROS/sim_granularity: 0.02
 * /move_base/TrajectoryPlannerROS/sim_time: 2.0
 * /move_base/TrajectoryPlannerROS/simple_attractor: False
 * /move_base/TrajectoryPlannerROS/vtheta_samples: 20
 * /move_base/TrajectoryPlannerROS/vx_samples: 6
 * /move_base/TrajectoryPlannerROS/xy_goal_tolerance: 0.25
 * /move_base/TrajectoryPlannerROS/yaw_goal_tolerance: 0.157
 * /move_base/base_global_planner: navfn/NavfnROS
 * /move_base/base_local_planner: base_local_planne...
 * /move_base/clearing_rotation_allowed: True
 * /move_base/controller_frequency: 20.0
 * /move_base/controller_patience: 15.0
 * /move_base/global_costmap/footprint: [[-0.21, -0.165],...
 * /move_base/global_costmap/footprint_padding: 0.1
 * /move_base/global_costmap/global_frame: map
 * /move_base/global_costmap/height: 40.0
 * /move_base/global_costmap/inflater_layer/inflation_radius: 0.3
 * /move_base/global_costmap/map_type: costmap
 * /move_base/global_costmap/meter_scoring: True
 * /move_base/global_costmap/obstacle_range: 2.5
 * /move_base/global_costmap/obstacles_layer/observation_sources: scan
 * /move_base/global_costmap/obstacles_layer/scan/clearing: True
 * /move_base/global_costmap/obstacles_layer/scan/data_type: LaserScan
 * /move_base/global_costmap/obstacles_layer/scan/marking: True
 * /move_base/global_costmap/obstacles_layer/scan/max_obstacle_height: 2.0
 * /move_base/global_costmap/obstacles_layer/scan/min_obstacle_height: -2.0
 * /move_base/global_costmap/obstacles_layer/scan/obstacle_range: 2.5
 * /move_base/global_costmap/obstacles_layer/scan/raytrace_range: 3.0
 * /move_base/global_costmap/obstacles_layer/scan/sensor_frame: front_laser
 * /move_base/global_costmap/obstacles_layer/scan/topic: front/scan
 * /move_base/global_costmap/origin_x: -20.0
 * /move_base/global_costmap/origin_y: -20.0
 * /move_base/global_costmap/origin_z: 0.0
 * /move_base/global_costmap/plugins: [{'name': 'static...
 * /move_base/global_costmap/publish_frequency: 5.0
 * /move_base/global_costmap/publish_voxel_map: False
 * /move_base/global_costmap/raytrace_range: 3.0
 * /move_base/global_costmap/resolution: 0.05
 * /move_base/global_costmap/robot_base_frame: base_link
 * /move_base/global_costmap/rolling_window: False
 * /move_base/global_costmap/static_map: True
 * /move_base/global_costmap/transform_tolerance: 0.5
 * /move_base/global_costmap/update_frequency: 20.0
 * /move_base/global_costmap/width: 40.0
 * /move_base/global_costmap/z_resolution: 1
 * /move_base/global_costmap/z_voxels: 2
 * /move_base/local_costmap/footprint: [[-0.21, -0.165],...
 * /move_base/local_costmap/footprint_padding: 0.1
 * /move_base/local_costmap/global_frame: map
 * /move_base/local_costmap/height: 10.0
 * /move_base/local_costmap/inflater_layer/inflation_radius: 0.3
 * /move_base/local_costmap/map_type: costmap
 * /move_base/local_costmap/meter_scoring: True
 * /move_base/local_costmap/obstacle_range: 2.5
 * /move_base/local_costmap/obstacles_layer/observation_sources: scan
 * /move_base/local_costmap/obstacles_layer/scan/clearing: True
 * /move_base/local_costmap/obstacles_layer/scan/data_type: LaserScan
 * /move_base/local_costmap/obstacles_layer/scan/marking: True
 * /move_base/local_costmap/obstacles_layer/scan/max_obstacle_height: 2.0
 * /move_base/local_costmap/obstacles_layer/scan/min_obstacle_height: -2.0
 * /move_base/local_costmap/obstacles_layer/scan/obstacle_range: 2.5
 * /move_base/local_costmap/obstacles_layer/scan/raytrace_range: 3.0
 * /move_base/local_costmap/obstacles_layer/scan/sensor_frame: front_laser
 * /move_base/local_costmap/obstacles_layer/scan/topic: front/scan
 * /move_base/local_costmap/origin_z: 0.0
 * /move_base/local_costmap/plugins: [{'name': 'obstac...
 * /move_base/local_costmap/publish_frequency: 5.0
 * /move_base/local_costmap/publish_voxel_map: False
 * /move_base/local_costmap/raytrace_range: 3.0
 * /move_base/local_costmap/resolution: 0.05
 * /move_base/local_costmap/robot_base_frame: base_link
 * /move_base/local_costmap/rolling_window: True
 * /move_base/local_costmap/static_map: False
 * /move_base/local_costmap/transform_tolerance: 0.5
 * /move_base/local_costmap/update_frequency: 20.0
 * /move_base/local_costmap/width: 10.0
 * /move_base/local_costmap/z_resolution: 1
 * /move_base/local_costmap/z_voxels: 2
 * /move_base/oscillation_distance: 0.5
 * /move_base/oscillation_timeout: 0.0
 * /move_base/planner_frequency: 20.0
 * /move_base/planner_patience: 5.0
 * /move_base/recovery_behavior_enabled: True
 * /move_base/shutdown_costmaps: False
 * /multi_floor_navigation_node/init_pose_offset_theta: 0.1
 * /multi_floor_navigation_node/init_pose_offset_x: 0.2
 * /multi_floor_navigation_node/init_pose_offset_y: 0.2
 * /robot_description: <?xml version="1....
 * /rosdistro: noetic
 * /rosversion: 1.17.0
 * /twist_marker_server/link_name: base_link
 * /twist_mux/locks: [{'name': 'e_stop...
 * /twist_mux/topics: [{'name': 'joy', ...
 * /use_gui: True
 * /use_sim_time: True

NODES
  /
    amcl (amcl/amcl)
    change_map_node (multi_floor_nav/change_map_node)
    controller_spawner (controller_manager/spawner)
    ekf_localization (robot_localization/ekf_localization_node)
    gazebo (gazebo_ros/gzserver)
    map_server0 (map_server/map_server)
    map_server1 (map_server/map_server)
    move_base (move_base/move_base)
    multi_floor_navigation_node (multi_floor_nav/multi_floor_navigation_node)
    robot_state_publisher (robot_state_publisher/robot_state_publisher)
    rviz (rviz/rviz)
    twist_marker_server (interactive_marker_twist_server/marker_server)
    twist_mux (twist_mux/twist_mux)
    urdf_spawner (gazebo_ros/spawn_model)
[ INFO] [1774336925.755482395]: Finished loading Gazebo ROS API Plugin.
[ INFO] [1774336925.759626893]: waitForService: Service [/gazebo/set_physics_properties] has not been advertised, waiting...
[1;33mWarning [Model.cc:216][0m Non-unique name[door] detected 2 times in XML children of model with name[elevator].
[1;33mWarning [Model.cc:309][0m Joint with name [door] in model with name [elevator] has a name collision, changing joint name to [door_joint].
[ INFO] [1774336927.110349928]: waitForService: Service [/gazebo/set_physics_properties] is now available.
[ INFO] [1774336927.127902072]: Physics dynamic reconfigure ready.
[1;33mWarning [parser_urdf.cc:1161][0m multiple inconsistent <gravity> exists due to fixed joint reduction overwriting previous value [true] with [false].
[1;33mWarning [parser_urdf.cc:1161][0m multiple inconsistent <gravity> exists due to fixed joint reduction overwriting previous value [false] with [true].
[ERROR] [1774336927.708945310, 1054.893000000]: No p gain specified for pid.  Namespace: /gazebo_ros_control/pid_gains/front_left_wheel
[ERROR] [1774336927.709395226, 1054.893000000]: No p gain specified for pid.  Namespace: /gazebo_ros_control/pid_gains/front_right_wheel
[ERROR] [1774336927.709787662, 1054.893000000]: No p gain specified for pid.  Namespace: /gazebo_ros_control/pid_gains/rear_left_wheel
[ERROR] [1774336927.710157400, 1054.893000000]: No p gain specified for pid.  Namespace: /gazebo_ros_control/pid_gains/rear_right_wheel
[ WARN] [1774336927.753685690, 1054.894000000]: Failed to meet update rate! Took 1054.8940000000000055
[ WARN] [1774336927.754653267, 1054.895000000]: Failed to meet update rate! Took 1054.875
[ WARN] [1774336928.048794998, 1055.186000000]: Interactive marker 'robot_twist_marker' contains unnormalized quaternions. This warning will only be output once but may be true for others; enable DEBUG messages for ros.rviz.quaternions to see more details.
[ WARN] [1774336928.482561490, 1055.615000000]: Timed out waiting for transform from base_link to map to become available before running costmap, tf error: Lookup would require extrapolation 0.577000000s into the past.  Requested time 1055.596000000 but the earliest data is at time 1056.173000000, when looking up transform from frame [base_link] to frame [map]. canTransform returned after 1055.62 timeout was 0.1.
[ WARN] [1774336929.054493088, 1056.178000000]: global_costmap: Pre-Hydro parameter "static_map" unused since "plugins" is provided
[ WARN] [1774336929.054748357, 1056.178000000]: global_costmap: Pre-Hydro parameter "map_type" unused since "plugins" is provided
[ WARN] [1774336960.436148963, 1087.096000000]: [Multi Floor Nav] Initial pose perturbation applied: offset_x=0.20, offset_y=0.20, offset_theta=0.10
[ WARN] [1774336960.567400654, 1087.226000000]: local_costmap: Pre-Hydro parameter "static_map" unused since "plugins" is provided
[ WARN] [1774336960.567634344, 1087.226000000]: local_costmap: Pre-Hydro parameter "map_type" unused since "plugins" is provided
[ WARN] [1774336960.609123394, 1087.267000000]: Parameter pdist_scale is deprecated. Please use the name path_distance_bias instead.
[ WARN] [1774336960.609807771, 1087.268000000]: Parameter gdist_scale is deprecated. Please use the name goal_distance_bias instead.
[ WARN] [1774337022.723137102, 1148.701000000]: [Multi Floor Nav] Initial pose perturbation applied: offset_x=0.20, offset_y=0.20, offset_theta=0.10
[ WARN] [1774337097.346100174, 1222.504000000]: Clearing both costmaps outside a square (3.00m) large centered on the robot.
[ WARN] [1774337102.617414769, 1227.555000000]: Rotate recovery behavior started.
[ WARN] [1774337111.964072736, 1236.453000000]: The origin for the sensor at (7.47, 0.21) is out of map bounds. So, the costmap cannot raytrace for it.
[ WARN] [1774337116.431140468, 1240.847000000]: Shutdown request received.
[ WARN] [1774337116.432493611, 1240.848000000]: Reason given for shutdown: [[/robot_state_publisher] Reason: new node registered with same name]
[ WARN] [1774337116.544182383, 1240.941000000]: Shutdown request received.
[ WARN] [1774337116.544221077, 1240.941000000]: Reason given for shutdown: [[/ekf_localization] Reason: new node registered with same name]
[ WARN] [1774337116.545610958, 1240.943000000]: Shutdown request received.
[ WARN] [1774337116.545688344, 1240.943000000]: Reason given for shutdown: [[/twist_mux] Reason: new node registered with same name]
[ WARN] [1774337116.577027236, 1240.970000000]: Shutdown request received.
[ WARN] [1774337116.577325746, 1240.970000000]: Reason given for shutdown: [[/twist_marker_server] Reason: new node registered with same name]
[ WARN] [1774337116.656046881, 1241.021000000]: Shutdown request received.
[ WARN] [1774337116.656912729, 1241.021000000]: Reason given for shutdown: [[/map_server0] Reason: new node registered with same name]
[ WARN] [1774337116.709960240, 1241.084000000]: Shutdown request received.
[ WARN] [1774337116.710063608, 1241.084000000]: Reason given for shutdown: [[/map_server1] Reason: new node registered with same name]
[ WARN] [1774337116.745755622, 1241.085000000]: Shutdown request received.
[ WARN] [1774337116.745874775, 1241.085000000]: Reason given for shutdown: [[/amcl] Reason: new node registered with same name]
[ WARN] [1774337116.747269545, 1241.105000000]: Shutdown request received.
[ WARN] [1774337116.747316550, 1241.105000000]: Reason given for shutdown: [[/move_base] Reason: new node registered with same name]
[ WARN] [1774337116.765789680, 1241.145000000]: Shutdown request received.
[ WARN] [1774337116.795700486, 1241.177000000]: Reason given for shutdown: [[/change_map_node] Reason: new node registered with same name]
[ WARN] [1774337116.801115506, 1241.181000000]: Shutdown request received.
[ WARN] [1774337116.801173196, 1241.181000000]: Reason given for shutdown: [[/multi_floor_navigation_node] Reason: new node registered with same name]
[ INFO] [1774336960.336227600, 1086.996000000]: [Multi Floor Nav] Successfully loaded map for level: 0
[ INFO] [1774336960.436832222, 1087.096000000]: [Multi Floor Nav] Initializing Robot at x: 4.2, y: -4.8, yaw: 0.1 (region sigma: x=0.00, y=0.00, yaw=0.00)
[ INFO] [1774336960.436863022, 1087.096000000]: [Multi Floor Nav] Initializing Pose to x: 4.00, y: -5.00 at level: 0
[ INFO] [1774336961.445497462, 1088.096000000]: [Multi Floor Nav] Current Robot Pose, x: 4.20, y: -4.80, yaw: 0.10
[ INFO] [1774336961.445574358, 1088.097000000]: [Multi Floor Nav] Linear Error: 0.28, Angular Error: 0.10
[ INFO] [1774336961.445593285, 1088.097000000]: [Multi Floor Nav] Robot at correct pose
[ INFO] [1774336961.445628415, 1088.097000000]: [Multi Floor Nav] RELOC_PASS: linear_error=0.2828, angular_error=0.1000, tr_sigma=-0.0000, C_t=1.0000
[ INFO] [1774336962.456258591, 1089.097000000]: [Multi Floor Nav] POST_PASS: dt=1.000s, linear_error=0.2828, angular_error=0.1000
[ INFO] [1774336962.456330737, 1089.097000000]: [Multi Floor Nav] Will send goal to x: 3, y: -0, at level: 0
[ INFO] [1774336962.456382071, 1089.097000000]: [Multi Floor Nav] Sending Robot to x: 3.0, y: -0.5, yaw: 3.1
[ INFO] [1774336962.658100200, 1089.297000000]: [Multi Floor Nav] POST_PASS: dt=1.200s, linear_error=0.2828, angular_error=0.1000
[ INFO] [1774336962.859404239, 1089.497000000]: [Multi Floor Nav] POST_PASS: dt=1.400s, linear_error=0.2828, angular_error=0.1000
[ INFO] [1774336963.059726390, 1089.697000000]: [Multi Floor Nav] POST_PASS: dt=1.600s, linear_error=0.3767, angular_error=0.2597
[ INFO] [1774336963.259858951, 1089.897000000]: [Multi Floor Nav] POST_PASS: dt=1.800s, linear_error=0.4826, angular_error=0.4118
[ INFO] [1774336963.459840865, 1090.097000000]: [Multi Floor Nav] POST_PASS: dt=2.000s, linear_error=0.6098, angular_error=0.7495
[ INFO] [1774336985.278614895, 1111.698000000]: [Multi Floor Nav] Requesting Lift to Level 0
[ INFO] [1774336985.480264927, 1111.897000000]: [Multi Floor Nav] Entering Lift at Level 0
[ INFO] [1774337002.910237422, 1129.097000000]: [Multi Floor Nav] Requesting Lift to Level 1
[ INFO] [1774337009.995110924, 1136.097000000]: [Multi Floor Nav] Exiting Lift at Level 1
[ INFO] [1774337022.616478994, 1148.595000000]: [Multi Floor Nav] Successfully loaded map for level: 1
[ INFO] [1774337022.725101837, 1148.703000000]: [Multi Floor Nav] Initializing Robot at x: 3.2, y: -0.3, yaw: 3.2 (region sigma: x=0.00, y=0.00, yaw=0.00)
[ INFO] [1774337022.725175171, 1148.703000000]: [Multi Floor Nav] Initializing Pose to x: 3.00, y: -0.50 at level: 1
[ INFO] [1774337023.741431135, 1149.703000000]: [Multi Floor Nav] Current Robot Pose, x: 3.20, y: -0.30, yaw: -3.04
[ INFO] [1774337023.741465916, 1149.703000000]: [Multi Floor Nav] Linear Error: 0.28, Angular Error: 0.10
[ INFO] [1774337023.741479536, 1149.703000000]: [Multi Floor Nav] Robot at correct pose
[ INFO] [1774337023.741496717, 1149.703000000]: [Multi Floor Nav] RELOC_PASS: linear_error=0.2828, angular_error=0.1000, tr_sigma=-0.0000, C_t=1.0000
[ INFO] [1774337024.755049402, 1150.703000000]: [Multi Floor Nav] POST_PASS: dt=1.000s, linear_error=0.2828, angular_error=0.1000
[ INFO] [1774337024.755079923, 1150.703000000]: [Multi Floor Nav] Will send goal to x: 4, y: 5, at level: 1
[ INFO] [1774337024.755096475, 1150.703000000]: [Multi Floor Nav] Sending Robot to x: 4.0, y: 5.0, yaw: 0.0
[ INFO] [1774337024.956023080, 1150.903000000]: [Multi Floor Nav] POST_PASS: dt=1.200s, linear_error=0.2828, angular_error=0.1000
[ INFO] [1774337025.158886510, 1151.103000000]: [Multi Floor Nav] POST_PASS: dt=1.400s, linear_error=0.2044, angular_error=0.1102
[ INFO] [1774337025.359973996, 1151.303000000]: [Multi Floor Nav] POST_PASS: dt=1.600s, linear_error=0.2044, angular_error=0.1102
[ INFO] [1774337025.559981021, 1151.503000000]: [Multi Floor Nav] POST_PASS: dt=1.800s, linear_error=0.1841, angular_error=0.0489
[ INFO] [1774337025.762924568, 1151.703000000]: [Multi Floor Nav] POST_PASS: dt=2.000s, linear_error=0.2413, angular_error=0.1904
[ WARN] [1774337116.958835543, 1241.347000000]: Shutdown request received.
[ WARN] [1774337116.958886808, 1241.347000000]: Reason given for shutdown: [[/rviz] Reason: new node registered with same name]
[ERROR] [1774337116.989529920, 1241.379000000]: SpawnModel: Failure - model name jackal already exist.
[ERROR] [1774337116.995931826, 1241.385000000]: A controller named 'jackal_joint_publisher' was already loaded inside the controller manager
[ INFO] [1774336929.055260501, 1056.179000000]: global_costmap: Using plugin "static_layer"
[ INFO] [1774336929.059895636, 1056.184000000]: Requesting the map...
[ INFO] [1774336960.426744110, 1087.086000000]: Resizing costmap to 992 X 992 at 0.020000 m/pix
[ INFO] [1774336960.527196687, 1087.186000000]: Received a 992 X 992 map at 0.020000 m/pix
[ INFO] [1774336960.532887371, 1087.191000000]: global_costmap: Using plugin "obstacles_layer"
[ INFO] [1774336960.538462816, 1087.197000000]:     Subscribed to Topics: scan
[ INFO] [1774336960.546723806, 1087.205000000]: global_costmap: Using plugin "inflater_layer"
[ INFO] [1774336960.568072320, 1087.227000000]: local_costmap: Using plugin "obstacles_layer"
[ INFO] [1774336960.570398809, 1087.229000000]:     Subscribed to Topics: scan
[ INFO] [1774336960.579763993, 1087.238000000]: local_costmap: Using plugin "inflater_layer"
[ INFO] [1774336960.601863931, 1087.260000000]: Created local_planner base_local_planner/TrajectoryPlannerROS
[ INFO] [1774336960.606696543, 1087.265000000]: Sim period is set to 0.05
[ INFO] [1774336960.712768426, 1087.370000000]: Recovery behavior will clear layer 'obstacles'
[ INFO] [1774336960.715979388, 1087.373000000]: Recovery behavior will clear layer 'obstacles'
[ INFO] [1774336960.819500590, 1087.476000000]: odom received!
[ INFO] [1774336927.491597467, 1054.893000000]: Laser Plugin: Using the 'robotNamespace' param: '/'
[ INFO] [1774336927.491639372, 1054.893000000]: Starting Laser Plugin (ns = /)
[ INFO] [1774336927.492652973, 1054.893000000]: Laser Plugin (ns = /)  <tf_prefix_>, set to ""
[ INFO] [1774336927.592692844, 1054.893000000]: Loading gazebo_ros_control plugin
[ INFO] [1774336927.592768342, 1054.893000000]: Starting gazebo_ros_control plugin in namespace: /
[ INFO] [1774336927.593417444, 1054.893000000]: gazebo_ros_control plugin is waiting for model URDF in parameter [robot_description] on the ROS param server.
[ INFO] [1774336927.712327637, 1054.893000000]: Loaded gazebo_ros_control.
[ INFO] [1774336927.993743849, 1055.132000000]: Controller state will be published at 50Hz.
[ INFO] [1774336927.994374513, 1055.132000000]: Wheel separation will be multiplied by 1.5.
[ INFO] [1774336927.994767857, 1055.133000000]: Left wheel radius will be multiplied by 1.
[ INFO] [1774336927.994784688, 1055.133000000]: Right wheel radius will be multiplied by 1.
[ INFO] [1774336927.995029830, 1055.133000000]: Velocity rolling window size of 10.
[ INFO] [1774336927.995447269, 1055.133000000]: Velocity commands will be considered old if they are older than 0.25s.
[ INFO] [1774336927.995681935, 1055.134000000]: Allow mutiple cmd_vel publishers is enabled
[ INFO] [1774336927.995910664, 1055.134000000]: Base frame_id set to base_link
[ INFO] [1774336927.996112015, 1055.134000000]: Odometry frame_id set to odom
[ INFO] [1774336927.996514648, 1055.134000000]: Publishing to tf is disabled
[ INFO] [1774336928.003032484, 1055.141000000]: left wheel to origin: 0.131,0.187795, 0.0345
[ INFO] [1774336928.003050992, 1055.141000000]: right wheel to origin: 0.131,-0.187795, 0.0345
[ INFO] [1774336928.003106306, 1055.141000000]: Odometry params : wheel separation 0.563385, left wheel radius 0.098, right wheel radius 0.098
[ INFO] [1774336928.004719282, 1055.142000000]: Adding left wheel with joint name: front_left_wheel and right wheel with joint name: front_right_wheel
[ INFO] [1774336928.004778508, 1055.143000000]: Adding left wheel with joint name: rear_left_wheel and right wheel with joint name: rear_right_wheel
[ INFO] [1774336928.010205010, 1055.148000000]: Dynamic Reconfigure:
DynamicParams:
	Odometry parameters:
		left wheel radius multiplier: 1
		right wheel radius multiplier: 1
		wheel separation multiplier: 1.5
	Publication parameters:
		Publish executed velocity command: disabled
		Publication rate: 50
		Publish frame odom on tf: disabled
[ INFO] [1774337118.001719814, 1242.390000000]: Controller state will be published at 50Hz.
[ INFO] [1774337118.002427187, 1242.390000000]: Wheel separation will be multiplied by 1.5.
[ INFO] [1774337118.002824525, 1242.391000000]: Left wheel radius will be multiplied by 1.
[ INFO] [1774337118.002845408, 1242.391000000]: Right wheel radius will be multiplied by 1.
[ INFO] [1774337118.003062132, 1242.391000000]: Velocity rolling window size of 10.
[ INFO] [1774337118.003446480, 1242.391000000]: Velocity commands will be considered old if they are older than 0.25s.
[ INFO] [1774337118.003642879, 1242.391000000]: Allow mutiple cmd_vel publishers is enabled
[ INFO] [1774337118.003860511, 1242.392000000]: Base frame_id set to base_link
[ INFO] [1774337118.004099445, 1242.392000000]: Odometry frame_id set to odom
[ INFO] [1774337118.004546442, 1242.392000000]: Publishing to tf is disabled
[ INFO] [1774337118.011338633, 1242.399000000]: left wheel to origin: 0.131,0.187795, 0.0345
[ INFO] [1774337118.011367688, 1242.399000000]: right wheel to origin: 0.131,-0.187795, 0.0345
[ INFO] [1774337118.011391435, 1242.399000000]: Odometry params : wheel separation 0.563385, left wheel radius 0.098, right wheel radius 0.098
[ INFO] [1774337118.013093237, 1242.401000000]: Adding left wheel with joint name: front_left_wheel and right wheel with joint name: front_right_wheel
[ INFO] [1774337118.013120406, 1242.401000000]: Adding left wheel with joint name: rear_left_wheel and right wheel with joint name: rear_right_wheel
[ INFO] [1774337118.019266477, 1242.404000000]: Dynamic Reconfigure:
DynamicParams:
	Odometry parameters:
		left wheel radius multiplier: 1
		right wheel radius multiplier: 1
		wheel separation multiplier: 1.5
	Publication parameters:
		Publish executed velocity command: disabled
		Publication rate: 50
		Publish frame odom on tf: disabled

auto-starting new master
[1mprocess[master]: started with pid [158658][0m
[1mROS_MASTER_URI=http://localhost:11311[0m
]2;/home/eethanhe/catkin_ws/src/robot-multi-floor-navigation/multi_floor_nav/launch/nav.launch http://localhost:11311
[1msetting /run_id to 286fd5a8-2752-11f1-af8b-b9b8cdd47afb[0m
[1mprocess[rosout-1]: started with pid [158683][0m
started core service [/rosout]
[1mprocess[gazebo-2]: started with pid [158690][0m
[1mprocess[robot_state_publisher-3]: started with pid [158693][0m
[1mprocess[controller_spawner-4]: started with pid [158696][0m
[1mprocess[ekf_localization-5]: started with pid [158697][0m
[1mprocess[twist_mux-6]: started with pid [158698][0m
[1mprocess[twist_marker_server-7]: started with pid [158700][0m
[1mprocess[urdf_spawner-8]: started with pid [158706][0m
[1mprocess[map_server0-9]: started with pid [158715][0m
[1mprocess[map_server1-10]: started with pid [158722][0m
[1mprocess[amcl-11]: started with pid [158725][0m
[1mprocess[move_base-12]: started with pid [158727][0m
[1mprocess[rviz-13]: started with pid [158732][0m
[1mprocess[change_map_node-14]: started with pid [158743][0m
[1mprocess[multi_floor_navigation_node-15]: started with pid [158752][0m
[1m[urdf_spawner-8] process has finished cleanly
log file: /home/eethanhe/.ros/log/286fd5a8-2752-11f1-af8b-b9b8cdd47afb/urdf_spawner-8*.log[0m
[1m[robot_state_publisher-3] process has finished cleanly
log file: /home/eethanhe/.ros/log/286fd5a8-2752-11f1-af8b-b9b8cdd47afb/robot_state_publisher-3*.log[0m
[1m[twist_marker_server-7] process has finished cleanly
log file: /home/eethanhe/.ros/log/286fd5a8-2752-11f1-af8b-b9b8cdd47afb/twist_marker_server-7*.log[0m
[1m[ekf_localization-5] process has finished cleanly
log file: /home/eethanhe/.ros/log/286fd5a8-2752-11f1-af8b-b9b8cdd47afb/ekf_localization-5*.log[0m
[1m[twist_mux-6] process has finished cleanly
log file: /home/eethanhe/.ros/log/286fd5a8-2752-11f1-af8b-b9b8cdd47afb/twist_mux-6*.log[0m
[1m[map_server0-9] process has finished cleanly
log file: /home/eethanhe/.ros/log/286fd5a8-2752-11f1-af8b-b9b8cdd47afb/map_server0-9*.log[0m
[1m[map_server1-10] process has finished cleanly
log file: /home/eethanhe/.ros/log/286fd5a8-2752-11f1-af8b-b9b8cdd47afb/map_server1-10*.log[0m
[1m[amcl-11] process has finished cleanly
log file: /home/eethanhe/.ros/log/286fd5a8-2752-11f1-af8b-b9b8cdd47afb/amcl-11*.log[0m
[1m[change_map_node-14] process has finished cleanly
log file: /home/eethanhe/.ros/log/286fd5a8-2752-11f1-af8b-b9b8cdd47afb/change_map_node-14*.log[0m
[1m[multi_floor_navigation_node-15] process has finished cleanly
log file: /home/eethanhe/.ros/log/286fd5a8-2752-11f1-af8b-b9b8cdd47afb/multi_floor_navigation_node-15*.log[0m
[1m[move_base-12] process has finished cleanly
log file: /home/eethanhe/.ros/log/286fd5a8-2752-11f1-af8b-b9b8cdd47afb/move_base-12*.log[0m
[1m[controller_spawner-4] process has finished cleanly
log file: /home/eethanhe/.ros/log/286fd5a8-2752-11f1-af8b-b9b8cdd47afb/controller_spawner-4*.log[0m
[1m[rviz-13] process has finished cleanly
log file: /home/eethanhe/.ros/log/286fd5a8-2752-11f1-af8b-b9b8cdd47afb/rviz-13*.log[0m
[gazebo-2] killing on exit
[rosout-1] killing on exit
[master] killing on exit
shutting down processing monitor...
... shutting down processing monitor complete
[1mdone[0m
