xacro: in-order processing became default in ROS Melodic. You can drop the option.
... logging to /home/eethanhe/.ros/log/337a7d94-2758-11f1-af8b-b9b8cdd47afb/roslaunch-eethanhe-Lenovo-Legion-R9000P2021H-201535.log
Checking log directory for disk usage. This may take a while.
Press Ctrl-C to interrupt
Done checking log file disk usage. Usage is <1GB.
]2;/home/eethanhe/catkin_ws/src/robot-multi-floor-navigation/multi_floor_nav/launch/nav.launch
[1mstarted roslaunch server http://eethanhe-Lenovo-Legion-R9000P2021H:41511/[0m

SUMMARY
========

PARAMETERS
 * /amcl/auto_update_noise: 0.0
 * /amcl/base_frame_id: base_link
 * /amcl/expected_laser_freq: 5.0
 * /amcl/first_map_only: False
 * /amcl/global_frame_id: map
 * /amcl/gui_publish_rate: 10.0
 * /amcl/initial_pose_a: 0.0
 * /amcl/initial_pose_x: 0.0
 * /amcl/initial_pose_y: 0.0
 * /amcl/kld_err: 0.05
 * /amcl/kld_z: 0.99
 * /amcl/laser_lambda_short: 0.1
 * /amcl/laser_likelihood_max_dist: 2.0
 * /amcl/laser_max_beams: 720
 * /amcl/laser_max_range: 30.0
 * /amcl/laser_min_range: 0.1
 * /amcl/laser_model_type: likelihood_field
 * /amcl/laser_sigma_hit: 0.2
 * /amcl/laser_z_hit: 0.5
 * /amcl/laser_z_max: 0.05
 * /amcl/laser_z_rand: 0.5
 * /amcl/laser_z_short: 0.05
 * /amcl/max_particles: 2000
 * /amcl/min_particles: 500
 * /amcl/odom_alpha1: 0.2
 * /amcl/odom_alpha2: 0.2
 * /amcl/odom_alpha3: 0.2
 * /amcl/odom_alpha4: 0.2
 * /amcl/odom_alpha5: 0.1
 * /amcl/odom_frame_id: odom
 * /amcl/odom_model_type: diff
 * /amcl/odom_update_interval: 0.1
 * /amcl/recovery_alpha_fast: 0.1
 * /amcl/recovery_alpha_slow: 0.001
 * /amcl/resample_interval: 1
 * /amcl/transform_tolerance: 1.0
 * /amcl/update_min_a: 0.3927
 * /amcl/update_min_d: 0.1
 * /amcl/use_map_topic: False
 * /ekf_localization/base_link_frame: base_link
 * /ekf_localization/frequency: 50
 * /ekf_localization/imu0: /imu/data
 * /ekf_localization/imu0_config: [False, False, Fa...
 * /ekf_localization/imu0_differential: False
 * /ekf_localization/odom0: /jackal_velocity_...
 * /ekf_localization/odom0_config: [False, False, Fa...
 * /ekf_localization/odom0_differential: False
 * /ekf_localization/odom_frame: odom
 * /ekf_localization/predict_to_current_time: True
 * /ekf_localization/world_frame: odom
 * /gazebo/enable_ros_network: True
 * /jackal_joint_publisher/publish_rate: 50
 * /jackal_joint_publisher/type: joint_state_contr...
 * /jackal_velocity_controller/angular/z/has_acceleration_limits: True
 * /jackal_velocity_controller/angular/z/has_velocity_limits: True
 * /jackal_velocity_controller/angular/z/max_acceleration: 25.0
 * /jackal_velocity_controller/angular/z/max_velocity: 4.0
 * /jackal_velocity_controller/cmd_vel_timeout: 0.25
 * /jackal_velocity_controller/enable_odom_tf: False
 * /jackal_velocity_controller/k_l: 0.1
 * /jackal_velocity_controller/k_r: 0.1
 * /jackal_velocity_controller/left_wheel: ['front_left_whee...
 * /jackal_velocity_controller/linear/x/has_acceleration_limits: True
 * /jackal_velocity_controller/linear/x/has_velocity_limits: True
 * /jackal_velocity_controller/linear/x/max_acceleration: 20.0
 * /jackal_velocity_controller/linear/x/max_velocity: 2.0
 * /jackal_velocity_controller/pose_covariance_diagonal: [0.001, 0.001, 10...
 * /jackal_velocity_controller/publish_cmd: True
 * /jackal_velocity_controller/publish_rate: 50
 * /jackal_velocity_controller/right_wheel: ['front_right_whe...
 * /jackal_velocity_controller/twist_covariance_diagonal: [0.001, 0.001, 0....
 * /jackal_velocity_controller/type: diff_drive_contro...
 * /jackal_velocity_controller/wheel_radius_multiplier: 1.0
 * /jackal_velocity_controller/wheel_separation_multiplier: 1.5
 * /move_base/NavfnROS/allow_unknown: True
 * /move_base/TrajectoryPlannerROS/acc_lim_theta: 20.0
 * /move_base/TrajectoryPlannerROS/acc_lim_x: 10.0
 * /move_base/TrajectoryPlannerROS/angular_sim_granularity: 0.02
 * /move_base/TrajectoryPlannerROS/controller_frequency: 20.0
 * /move_base/TrajectoryPlannerROS/dwa: True
 * /move_base/TrajectoryPlannerROS/escape_reset_dist: 0.1
 * /move_base/TrajectoryPlannerROS/escape_reset_theta: 0.1
 * /move_base/TrajectoryPlannerROS/escape_vel: -0.5
 * /move_base/TrajectoryPlannerROS/gdist_scale: 1.0
 * /move_base/TrajectoryPlannerROS/heading_lookahead: 0.325
 * /move_base/TrajectoryPlannerROS/heading_scoring: False
 * /move_base/TrajectoryPlannerROS/heading_scoring_timestep: 0.8
 * /move_base/TrajectoryPlannerROS/holonomic_robot: False
 * /move_base/TrajectoryPlannerROS/latch_xy_goal_tolerance: False
 * /move_base/TrajectoryPlannerROS/max_vel_theta: 1.57
 * /move_base/TrajectoryPlannerROS/max_vel_x: 0.5
 * /move_base/TrajectoryPlannerROS/meter_scoring: True
 * /move_base/TrajectoryPlannerROS/min_in_place_vel_theta: 0.314
 * /move_base/TrajectoryPlannerROS/min_vel_theta: -1.57
 * /move_base/TrajectoryPlannerROS/min_vel_x: 0.1
 * /move_base/TrajectoryPlannerROS/occdist_scale: 0.1
 * /move_base/TrajectoryPlannerROS/oscillation_reset_dist: 0.05
 * /move_base/TrajectoryPlannerROS/pdist_scale: 0.75
 * /move_base/TrajectoryPlannerROS/publish_cost_grid_pc: True
 * /move_base/TrajectoryPlannerROS/sim_granularity: 0.02
 * /move_base/TrajectoryPlannerROS/sim_time: 2.0
 * /move_base/TrajectoryPlannerROS/simple_attractor: False
 * /move_base/TrajectoryPlannerROS/vtheta_samples: 20
 * /move_base/TrajectoryPlannerROS/vx_samples: 6
 * /move_base/TrajectoryPlannerROS/xy_goal_tolerance: 0.25
 * /move_base/TrajectoryPlannerROS/yaw_goal_tolerance: 0.157
 * /move_base/base_global_planner: navfn/NavfnROS
 * /move_base/base_local_planner: base_local_planne...
 * /move_base/clearing_rotation_allowed: True
 * /move_base/controller_frequency: 20.0
 * /move_base/controller_patience: 15.0
 * /move_base/global_costmap/footprint: [[-0.21, -0.165],...
 * /move_base/global_costmap/footprint_padding: 0.1
 * /move_base/global_costmap/global_frame: map
 * /move_base/global_costmap/height: 40.0
 * /move_base/global_costmap/inflater_layer/inflation_radius: 0.3
 * /move_base/global_costmap/map_type: costmap
 * /move_base/global_costmap/meter_scoring: True
 * /move_base/global_costmap/obstacle_range: 2.5
 * /move_base/global_costmap/obstacles_layer/observation_sources: scan
 * /move_base/global_costmap/obstacles_layer/scan/clearing: True
 * /move_base/global_costmap/obstacles_layer/scan/data_type: LaserScan
 * /move_base/global_costmap/obstacles_layer/scan/marking: True
 * /move_base/global_costmap/obstacles_layer/scan/max_obstacle_height: 2.0
 * /move_base/global_costmap/obstacles_layer/scan/min_obstacle_height: -2.0
 * /move_base/global_costmap/obstacles_layer/scan/obstacle_range: 2.5
 * /move_base/global_costmap/obstacles_layer/scan/raytrace_range: 3.0
 * /move_base/global_costmap/obstacles_layer/scan/sensor_frame: front_laser
 * /move_base/global_costmap/obstacles_layer/scan/topic: front/scan
 * /move_base/global_costmap/origin_x: -20.0
 * /move_base/global_costmap/origin_y: -20.0
 * /move_base/global_costmap/origin_z: 0.0
 * /move_base/global_costmap/plugins: [{'name': 'static...
 * /move_base/global_costmap/publish_frequency: 5.0
 * /move_base/global_costmap/publish_voxel_map: False
 * /move_base/global_costmap/raytrace_range: 3.0
 * /move_base/global_costmap/resolution: 0.05
 * /move_base/global_costmap/robot_base_frame: base_link
 * /move_base/global_costmap/rolling_window: False
 * /move_base/global_costmap/static_map: True
 * /move_base/global_costmap/transform_tolerance: 0.5
 * /move_base/global_costmap/update_frequency: 20.0
 * /move_base/global_costmap/width: 40.0
 * /move_base/global_costmap/z_resolution: 1
 * /move_base/global_costmap/z_voxels: 2
 * /move_base/local_costmap/footprint: [[-0.21, -0.165],...
 * /move_base/local_costmap/footprint_padding: 0.1
 * /move_base/local_costmap/global_frame: map
 * /move_base/local_costmap/height: 10.0
 * /move_base/local_costmap/inflater_layer/inflation_radius: 0.3
 * /move_base/local_costmap/map_type: costmap
 * /move_base/local_costmap/meter_scoring: True
 * /move_base/local_costmap/obstacle_range: 2.5
 * /move_base/local_costmap/obstacles_layer/observation_sources: scan
 * /move_base/local_costmap/obstacles_layer/scan/clearing: True
 * /move_base/local_costmap/obstacles_layer/scan/data_type: LaserScan
 * /move_base/local_costmap/obstacles_layer/scan/marking: True
 * /move_base/local_costmap/obstacles_layer/scan/max_obstacle_height: 2.0
 * /move_base/local_costmap/obstacles_layer/scan/min_obstacle_height: -2.0
 * /move_base/local_costmap/obstacles_layer/scan/obstacle_range: 2.5
 * /move_base/local_costmap/obstacles_layer/scan/raytrace_range: 3.0
 * /move_base/local_costmap/obstacles_layer/scan/sensor_frame: front_laser
 * /move_base/local_costmap/obstacles_layer/scan/topic: front/scan
 * /move_base/local_costmap/origin_z: 0.0
 * /move_base/local_costmap/plugins: [{'name': 'obstac...
 * /move_base/local_costmap/publish_frequency: 5.0
 * /move_base/local_costmap/publish_voxel_map: False
 * /move_base/local_costmap/raytrace_range: 3.0
 * /move_base/local_costmap/resolution: 0.05
 * /move_base/local_costmap/robot_base_frame: base_link
 * /move_base/local_costmap/rolling_window: True
 * /move_base/local_costmap/static_map: False
 * /move_base/local_costmap/transform_tolerance: 0.5
 * /move_base/local_costmap/update_frequency: 20.0
 * /move_base/local_costmap/width: 10.0
 * /move_base/local_costmap/z_resolution: 1
 * /move_base/local_costmap/z_voxels: 2
 * /move_base/oscillation_distance: 0.5
 * /move_base/oscillation_timeout: 0.0
 * /move_base/planner_frequency: 20.0
 * /move_base/planner_patience: 5.0
 * /move_base/recovery_behavior_enabled: True
 * /move_base/shutdown_costmaps: False
 * /multi_floor_navigation_node/init_pose_offset_theta: 0.1
 * /multi_floor_navigation_node/init_pose_offset_x: 0.2
 * /multi_floor_navigation_node/init_pose_offset_y: 0.2
 * /multi_floor_navigation_node/reloc_confidence_K: 2
 * /multi_floor_navigation_node/reloc_confidence_lambda: 1.0
 * /multi_floor_navigation_node/reloc_confidence_tau: 0.5
 * /multi_floor_navigation_node/use_covariance_reloc: True
 * /robot_description: <?xml version="1....
 * /rosdistro: noetic
 * /rosversion: 1.17.0
 * /twist_marker_server/link_name: base_link
 * /twist_mux/locks: [{'name': 'e_stop...
 * /twist_mux/topics: [{'name': 'joy', ...
 * /use_gui: True
 * /use_sim_time: True

NODES
  /
    amcl (amcl/amcl)
    change_map_node (multi_floor_nav/change_map_node)
    controller_spawner (controller_manager/spawner)
    ekf_localization (robot_localization/ekf_localization_node)
    gazebo (gazebo_ros/gzserver)
    map_server0 (map_server/map_server)
    map_server1 (map_server/map_server)
    move_base (move_base/move_base)
    multi_floor_navigation_node (multi_floor_nav/multi_floor_navigation_node)
    robot_state_publisher (robot_state_publisher/robot_state_publisher)
    rviz (rviz/rviz)
    twist_marker_server (interactive_marker_twist_server/marker_server)
    twist_mux (twist_mux/twist_mux)
    urdf_spawner (gazebo_ros/spawn_model)
[ INFO] [1774339521.189604786]: Finished loading Gazebo ROS API Plugin.
[ INFO] [1774339521.190435344]: waitForService: Service [/gazebo/set_physics_properties] has not been advertised, waiting...
[1;33mWarning [Model.cc:216][0m Non-unique name[door] detected 2 times in XML children of model with name[elevator].
[1;33mWarning [Model.cc:309][0m Joint with name [door] in model with name [elevator] has a name collision, changing joint name to [door_joint].
[ INFO] [1774339522.214789340]: waitForService: Service [/gazebo/set_physics_properties] is now available.
[ INFO] [1774339522.228061779]: Physics dynamic reconfigure ready.
[1;33mWarning [parser_urdf.cc:1161][0m multiple inconsistent <gravity> exists due to fixed joint reduction overwriting previous value [true] with [false].
[1;33mWarning [parser_urdf.cc:1161][0m multiple inconsistent <gravity> exists due to fixed joint reduction overwriting previous value [false] with [true].
[ERROR] [1774339522.995068099, 1055.099000000]: No p gain specified for pid.  Namespace: /gazebo_ros_control/pid_gains/front_left_wheel
[ERROR] [1774339522.995525562, 1055.099000000]: No p gain specified for pid.  Namespace: /gazebo_ros_control/pid_gains/front_right_wheel
[ERROR] [1774339522.995908853, 1055.099000000]: No p gain specified for pid.  Namespace: /gazebo_ros_control/pid_gains/rear_left_wheel
[ERROR] [1774339522.996288583, 1055.099000000]: No p gain specified for pid.  Namespace: /gazebo_ros_control/pid_gains/rear_right_wheel
[ WARN] [1774339523.038451674, 1055.101000000]: Failed to meet update rate! Took 1055.0999999999999091
[ WARN] [1774339523.039277203, 1055.101000000]: Failed to meet update rate! Took 1055.0809999999999036
[ WARN] [1774339523.332450632]: Interactive marker 'robot_twist_marker' contains unnormalized quaternions. This warning will only be output once but may be true for others; enable DEBUG messages for ros.rviz.quaternions to see more details.
[ WARN] [1774339523.629484212, 1055.690000000]: Timed out waiting for transform from base_link to map to become available before running costmap, tf error: Lookup would require extrapolation 0.718000000s into the past.  Requested time 1055.681000000 but the earliest data is at time 1056.399000000, when looking up transform from frame [base_link] to frame [map]. canTransform returned after 1055.69 timeout was 0.1.
[ WARN] [1774339524.354988941, 1056.406000000]: global_costmap: Pre-Hydro parameter "static_map" unused since "plugins" is provided
[ WARN] [1774339524.355552633, 1056.406000000]: global_costmap: Pre-Hydro parameter "map_type" unused since "plugins" is provided
[ WARN] [1774339555.916433268, 1087.503000000]: [Multi Floor Nav] Initial pose perturbation applied: offset_x=0.20, offset_y=0.20, offset_theta=0.10
[ WARN] [1774339555.969748377, 1087.556000000]: local_costmap: Pre-Hydro parameter "static_map" unused since "plugins" is provided
[ WARN] [1774339555.970036055, 1087.557000000]: local_costmap: Pre-Hydro parameter "map_type" unused since "plugins" is provided
[ WARN] [1774339556.012531348, 1087.599000000]: Parameter pdist_scale is deprecated. Please use the name path_distance_bias instead.
[ WARN] [1774339556.013090432, 1087.600000000]: Parameter gdist_scale is deprecated. Please use the name goal_distance_bias instead.
[ WARN] [1774339616.232173450, 1147.108000000]: [Multi Floor Nav] Initial pose perturbation applied: offset_x=0.20, offset_y=0.20, offset_theta=0.10
[ INFO] [1774339520.913574581]: [Multi Floor Nav] Module C: covariance reloc criterion enabled (lambda=1.00, tau=0.50, K=2, post_monitor=2.0s)
[ INFO] [1774339555.730818226, 1087.319000000]: [Multi Floor Nav] Successfully loaded map for level: 0
[ INFO] [1774339555.917133641, 1087.504000000]: [Multi Floor Nav] Initializing Robot at x: 4.2, y: -4.8, yaw: 0.1 (region sigma: x=0.00, y=0.00, yaw=0.00)
[ INFO] [1774339555.917168981, 1087.504000000]: [Multi Floor Nav] Initializing Pose to x: 4.00, y: -5.00 at level: 0
[ INFO] [1774339556.930930909, 1088.505000000]: [Multi Floor Nav] Current Robot Pose, x: 4.20, y: -4.80, yaw: 0.10
[ INFO] [1774339556.930979519, 1088.505000000]: [Multi Floor Nav] Linear Error: 0.28, Angular Error: 0.10
[ INFO] [1774339556.931047196, 1088.505000000]: [Multi Floor Nav] Module C: tr(??)=-0.0000, C_t=1.0000 (tau=0.50), frame_ok=1
[ INFO] [1774339557.135203838, 1088.706000000]: [Multi Floor Nav] Current Robot Pose, x: 4.20, y: -4.80, yaw: 0.10
[ INFO] [1774339557.135272003, 1088.706000000]: [Multi Floor Nav] Linear Error: 0.28, Angular Error: 0.10
[ INFO] [1774339557.135313070, 1088.706000000]: [Multi Floor Nav] Module C: tr(??)=-0.0000, C_t=1.0000 (tau=0.50), frame_ok=1
[ INFO] [1774339557.135343102, 1088.706000000]: [Multi Floor Nav] Module C: reloc passed (consecutive 2 >= K=2)
[ INFO] [1774339557.135363636, 1088.706000000]: [Multi Floor Nav] Robot at correct pose
[ INFO] [1774339557.135393109, 1088.706000000]: [Multi Floor Nav] RELOC_PASS: linear_error=0.2828, angular_error=0.1000, tr_sigma=-0.0000, C_t=1.0000
[ INFO] [1774339558.149805295, 1089.706000000]: [Multi Floor Nav] POST_PASS: dt=1.000s, linear_error=0.2828, angular_error=0.1000
[ INFO] [1774339558.149870527, 1089.706000000]: [Multi Floor Nav] Will send goal to x: 3, y: -0, at level: 0
[ INFO] [1774339558.149897765, 1089.706000000]: [Multi Floor Nav] Sending Robot to x: 3.0, y: -0.5, yaw: 3.1
[ INFO] [1774339558.351575171, 1089.906000000]: [Multi Floor Nav] POST_PASS: dt=1.200s, linear_error=0.2828, angular_error=0.1000
[ INFO] [1774339558.552352875, 1090.106000000]: [Multi Floor Nav] POST_PASS: dt=1.400s, linear_error=0.3766, angular_error=0.1922
[ INFO] [1774339558.752873351, 1090.307000000]: [Multi Floor Nav] POST_PASS: dt=1.600s, linear_error=0.4806, angular_error=0.3163
[ INFO] [1774339558.952434481, 1090.506000000]: [Multi Floor Nav] POST_PASS: dt=1.800s, linear_error=0.4806, angular_error=0.3163
[ INFO] [1774339559.156287322, 1090.706000000]: [Multi Floor Nav] POST_PASS: dt=2.000s, linear_error=0.5895, angular_error=0.6018
[ INFO] [1774339578.764159242, 1110.106000000]: [Multi Floor Nav] Requesting Lift to Level 0
[ INFO] [1774339578.966791761, 1110.306000000]: [Multi Floor Nav] Entering Lift at Level 0
[ INFO] [1774339596.346604327, 1127.506000000]: [Multi Floor Nav] Requesting Lift to Level 1
[ INFO] [1774339603.427222149, 1134.506000000]: [Multi Floor Nav] Exiting Lift at Level 1
[ INFO] [1774339616.040594419, 1146.919000000]: [Multi Floor Nav] Successfully loaded map for level: 1
[ INFO] [1774339616.232906091, 1147.109000000]: [Multi Floor Nav] Initializing Robot at x: 3.2, y: -0.3, yaw: 3.2 (region sigma: x=0.00, y=0.00, yaw=0.00)
[ INFO] [1774339616.232931304, 1147.109000000]: [Multi Floor Nav] Initializing Pose to x: 3.00, y: -0.50 at level: 1
[ INFO] [1774339617.249955705, 1148.109000000]: [Multi Floor Nav] Current Robot Pose, x: 3.20, y: -0.30, yaw: -3.04
[ INFO] [1774339617.249990486, 1148.109000000]: [Multi Floor Nav] Linear Error: 0.28, Angular Error: 0.10
[ INFO] [1774339617.250011927, 1148.109000000]: [Multi Floor Nav] Module C: tr(??)=-0.0000, C_t=1.0000 (tau=0.50), frame_ok=1
[ INFO] [1774339617.452922247, 1148.309000000]: [Multi Floor Nav] Current Robot Pose, x: 3.20, y: -0.30, yaw: -3.04
[ INFO] [1774339617.452976234, 1148.309000000]: [Multi Floor Nav] Linear Error: 0.28, Angular Error: 0.10
[ INFO] [1774339617.453015695, 1148.309000000]: [Multi Floor Nav] Module C: tr(??)=-0.0000, C_t=1.0000 (tau=0.50), frame_ok=1
[ INFO] [1774339617.453038254, 1148.309000000]: [Multi Floor Nav] Module C: reloc passed (consecut[ WARN] [1774339647.612472100, 1177.960000000]: Clearing both costmaps outside a square (3.00m) large centered on the robot.
[ WARN] [1774339652.727465657, 1183.009000000]: Rotate recovery behavior started.
[ WARN] [1774339661.822719705, 1191.909000000]: Clearing both costmaps outside a square (1.84m) large centered on the robot.
[ WARN] [1774339666.939281910, 1196.959000000]: Rotate recovery behavior started.
[ERROR] [1774339675.597344678, 1205.460000000]: Aborting because a valid plan could not be found. Even after executing all recovery behaviors
ive 2 >= K=2)
[ INFO] [1774339617.453069683, 1148.309000000]: [Multi Floor Nav] Robot at correct pose
[ INFO] [1774339617.453106210, 1148.309000000]: [Multi Floor Nav] RELOC_PASS: linear_error=0.2828, angular_error=0.1000, tr_sigma=-0.0000, C_t=1.0000
[ INFO] [1774339618.472237348, 1149.309000000]: [Multi Floor Nav] POST_PASS: dt=1.000s, linear_error=0.2828, angular_error=0.1000
[ INFO] [1774339618.472259837, 1149.309000000]: [Multi Floor Nav] Will send goal to x: 4, y: 5, at level: 1
[ INFO] [1774339618.472270732, 1149.309000000]: [Multi Floor Nav] Sending Robot to x: 4.0, y: 5.0, yaw: 0.0
[ INFO] [1774339618.676127832, 1149.509000000]: [Multi Floor Nav] POST_PASS: dt=1.200s, linear_error=0.2828, angular_error=0.1000
[ INFO] [1774339618.879382407, 1149.709000000]: [Multi Floor Nav] POST_PASS: dt=1.400s, linear_error=0.2828, angular_error=0.1000
[ INFO] [1774339619.082491642, 1149.909000000]: [Multi Floor Nav] POST_PASS: dt=1.600s, linear_error=0.2188, angular_error=0.0179
[ INFO] [1774339619.286463427, 1150.109000000]: [Multi Floor Nav] POST_PASS: dt=1.800s, linear_error=0.2101, angular_error=0.2312
[ INFO] [1774339619.489139296, 1150.309000000]: [Multi Floor Nav] POST_PASS: dt=2.000s, linear_error=0.3013, angular_error=0.5837
[ INFO] [1774339524.356880045, 1056.407000000]: global_costmap: Using plugin "static_layer"
[ INFO] [1774339524.363642189, 1056.414000000]: Requesting the map...
[ INFO] [1774339555.830327309, 1087.417000000]: Resizing costmap to 992 X 992 at 0.020000 m/pix
[ INFO] [1774339555.930298325, 1087.516000000]: Received a 992 X 992 map at 0.020000 m/pix
[ INFO] [1774339555.935769519, 1087.522000000]: global_costmap: Using plugin "obstacles_layer"
[ INFO] [1774339555.940280739, 1087.527000000]:     Subscribed to Topics: scan
[ INFO] [1774339555.949558659, 1087.536000000]: global_costmap: Using plugin "inflater_layer"
[ INFO] [1774339555.970493798, 1087.557000000]: local_costmap: Using plugin "obstacles_layer"
[ INFO] [1774339555.973187316, 1087.560000000]:     Subscribed to Topics: scan
[ INFO] [1774339555.982096611, 1087.569000000]: local_costmap: Using plugin "inflater_layer"
[ INFO] [1774339556.005146908, 1087.592000000]: Created local_planner base_local_planner/TrajectoryPlannerROS
[ INFO] [1774339556.009458730, 1087.596000000]: Sim period is set to 0.05
[ INFO] [1774339556.055299235, 1087.642000000]: Recovery behavior will clear layer 'obstacles'
[ INFO] [1774339556.058460622, 1087.645000000]: Recovery behavior will clear layer 'obstacles'
[ INFO] [1774339556.217361611, 1087.801000000]: odom received!
[ERROR] [1774339763.403809085, 1287.913000000]: SpawnModel: Failure - model name jackal already exist.
[WARN] [1774339775.021604, 1287.913000]: Controller Spawner error while taking down controllers: transport error completing service call: unable to receive data from sender, check sender's logs for details
[31m[controller_spawner-4] escalating to SIGTERM[0m
[31m[gazebo-2] escalating to SIGTERM[0m

auto-starting new master
[1mprocess[master]: started with pid [201631][0m
[1mROS_MASTER_URI=http://localhost:11311[0m
]2;/home/eethanhe/catkin_ws/src/robot-multi-floor-navigation/multi_floor_nav/launch/nav.launch http://localhost:11311
[1msetting /run_id to 337a7d94-2758-11f1-af8b-b9b8cdd47afb[0m
[1mprocess[rosout-1]: started with pid [201656][0m
started core service [/rosout]
[1mprocess[gazebo-2]: started with pid [201663][0m
[1mprocess[robot_state_publisher-3]: started with pid [201667][0m
[1mprocess[controller_spawner-4]: started with pid [201669][0m
[1mprocess[ekf_localization-5]: started with pid [201670][0m
[1mprocess[twist_mux-6]: started with pid [201671][0m
[1mprocess[twist_marker_server-7]: started with pid [201676][0m
[1mprocess[urdf_spawner-8]: started with pid [201679][0m
[1mprocess[map_server0-9]: started with pid [201688][0m
[1mprocess[map_server1-10]: started with pid [201692][0m
[1mprocess[amcl-11]: started with pid [201697][0m
[1mprocess[move_base-12]: started with pid [201699][0m
[1mprocess[rviz-13]: started with pid [201705][0m
[1mprocess[change_map_node-14]: started with pid [201710][0m
[1mprocess[multi_floor_navigation_node-15]: started with pid [201720][0m
[1m[urdf_spawner-8] process has finished cleanly
log file: /home/eethanhe/.ros/log/337a7d94-2758-11f1-af8b-b9b8cdd47afb/urdf_spawner-8*.log[0m
[multi_floor_navigation_node-15] killing on exit
[change_map_node-14] killing on exit
[rviz-13] killing on exit
[move_base-12] killing on exit
[amcl-11] killing on exit
[map_server1-10] killing on exit
[map_server0-9] killing on exit
[twist_marker_server-7] killing on exit
[twist_mux-6] killing on exit
[ekf_localization-5] killing on exit
[controller_spawner-4] killing on exit
[robot_state_publisher-3] killing on exit
[gazebo-2] killing on exit
[rosout-1] killing on exit
[master] killing on exit
shutting down processing monitor...
... shutting down processing monitor complete
[1mdone[0m
